[0.015s] Invoking command in '/home/fourdds/ros2_ws/build/drone': CMAKE_PREFIX_PATH=/opt/ros/humble /usr/bin/cmake --build /home/fourdds/ros2_ws/build/drone -- -j16 -l16
[0.070s] [ 33%] [32mBuilding CXX object CMakeFiles/Drone.dir/src/Drone.cpp.o[0m
[4.616s] In file included from [01m[K/opt/ros/humble/include/rclcpp/rclcpp/logging.hpp:24[m[K,
[4.616s]                  from [01m[K/opt/ros/humble/include/rclcpp/rclcpp/client.hpp:40[m[K,
[4.617s]                  from [01m[K/opt/ros/humble/include/rclcpp/rclcpp/callback_group.hpp:24[m[K,
[4.617s]                  from [01m[K/opt/ros/humble/include/rclcpp/rclcpp/any_executable.hpp:20[m[K,
[4.617s]                  from [01m[K/opt/ros/humble/include/rclcpp/rclcpp/memory_strategy.hpp:25[m[K,
[4.617s]                  from [01m[K/opt/ros/humble/include/rclcpp/rclcpp/memory_strategies.hpp:18[m[K,
[4.617s]                  from [01m[K/opt/ros/humble/include/rclcpp/rclcpp/executor_options.hpp:20[m[K,
[4.617s]                  from [01m[K/opt/ros/humble/include/rclcpp/rclcpp/executor.hpp:37[m[K,
[4.617s]                  from [01m[K/opt/ros/humble/include/rclcpp/rclcpp/executors/multi_threaded_executor.hpp:25[m[K,
[4.617s]                  from [01m[K/opt/ros/humble/include/rclcpp/rclcpp/executors.hpp:21[m[K,
[4.617s]                  from [01m[K/opt/ros/humble/include/rclcpp/rclcpp/rclcpp.hpp:155[m[K,
[4.617s]                  from [01m[K/home/fourdds/ros2_ws/src/drone/include/drone/Drone.hpp:4[m[K,
[4.617s]                  from [01m[K/home/fourdds/ros2_ws/src/drone/src/Drone.cpp:1[m[K:
[4.617s] [01m[K/home/fourdds/ros2_ws/src/drone/src/Drone.cpp:[m[K In member function ‘[01m[Kvoid fdds::Drone::flockingLogic()[m[K’:
[4.617s] [01m[K/home/fourdds/ros2_ws/src/drone/src/Drone.cpp:178:64:[m[K [01;31m[Kerror: [m[K‘[01m[Kconst struct fdds::Parameters[m[K’ has no member named ‘[01m[KvehicleName[m[K’
[4.617s]   178 |     RCLCPP_DEBUG(get_logger(), "Nome del veicolo: %s", options.[01;31m[KvehicleName[m[K.c_str());
[4.617s]       |                                                                [01;31m[K^~~~~~~~~~~[m[K
[4.617s] [01m[K/home/fourdds/ros2_ws/src/drone/src/Drone.cpp:192:40:[m[K [01;35m[Kwarning: [m[Knarrowing conversion of ‘[01m[K((fdds::Drone*)this)->fdds::Drone::yawRadians[m[K’ from ‘[01m[Kdouble[m[K’ to ‘[01m[KEigen::Rotation2D<float>::Scalar[m[K’ {aka ‘[01m[Kfloat[m[K’} [[01;35m[K]8;;https://gcc.gnu.org/onlinedocs/gcc/Warning-Options.html#index-Wnarrowing-Wnarrowing]8;;[m[K]
[4.617s]   192 |     Eigen::Rotation2Df rotation_matrix{[01;35m[KyawRadians[m[K};
[4.617s]       |                                        [01;35m[K^~~~~~~~~~[m[K
[13.703s] gmake[2]: *** [CMakeFiles/Drone.dir/build.make:76: CMakeFiles/Drone.dir/src/Drone.cpp.o] Error 1
[13.703s] gmake[1]: *** [CMakeFiles/Makefile2:137: CMakeFiles/Drone.dir/all] Error 2
[13.703s] gmake: *** [Makefile:146: all] Error 2
[13.710s] Invoked command in '/home/fourdds/ros2_ws/build/drone' returned '2': CMAKE_PREFIX_PATH=/opt/ros/humble /usr/bin/cmake --build /home/fourdds/ros2_ws/build/drone -- -j16 -l16
