[35m[1mConsolidate compiler generated dependencies of target swarm_spawner[0m
[ 11%] Built target boids__cpp
[ 11%] Built target boids__rosidl_generator_c
[ 14%] Built target frame_transforms
[ 14%] Built target ament_cmake_python_copy_boids
[ 16%] [32mBuilding CXX object CMakeFiles/swarm_spawner.dir/src/main.cpp.o[0m
[ 20%] [32mBuilding CXX object CMakeFiles/swarm_spawner.dir/src/uav_node.cpp.o[0m
[ 20%] [32mBuilding CXX object CMakeFiles/swarm_spawner.dir/src/base_station.cpp.o[0m
[ 33%] Built target boids__rosidl_typesupport_cpp
[ 38%] Built target boids__rosidl_typesupport_c
[ 48%] Built target boids__rosidl_typesupport_fastrtps_c
[ 57%] Built target boids__rosidl_typesupport_introspection_c
[ 66%] Built target boids__rosidl_typesupport_fastrtps_cpp
[ 75%] Built target boids__rosidl_typesupport_introspection_cpp
[ 75%] Built target boids
[ 77%] Built target boids__py
[ 85%] Built target boids__rosidl_generator_py
[ 96%] Built target boids__rosidl_typesupport_c__pyext
[ 96%] Built target boids__rosidl_typesupport_introspection_c__pyext
[ 96%] Built target boids__rosidl_typesupport_fastrtps_c__pyext
running egg_info
writing boids.egg-info/PKG-INFO
writing dependency_links to boids.egg-info/dependency_links.txt
writing top-level names to boids.egg-info/top_level.txt
reading manifest file 'boids.egg-info/SOURCES.txt'
writing manifest file 'boids.egg-info/SOURCES.txt'
[ 96%] Built target ament_cmake_python_build_boids_egg
In file included from [01m[K/home/fourdds/ros2_ws/src/boids/src/base_station.hpp:6[m[K,
                 from [01m[K/home/fourdds/ros2_ws/src/boids/src/base_station.cpp:1[m[K:
[01m[K/home/fourdds/ros2_ws/src/boids/src/vector2d.hpp:[m[K In function ‘[01m[Kstd::ostream& operator<<(std::ostream&, const vector2d&)[m[K’:
[01m[K/home/fourdds/ros2_ws/src/boids/src/vector2d.hpp:82:23:[m[K [01;31m[Kerror: [m[K‘[01m[Kdouble vector2d::x() const[m[K’ is private within this context
   82 |     return os << [01;31m[Kvec.x()[m[K << ' ' << vec.y();
      |                  [01;31m[K~~~~~^~[m[K
[01m[K/home/fourdds/ros2_ws/src/boids/src/vector2d.hpp:13:12:[m[K [01;36m[Knote: [m[Kdeclared private here
   13 |     double [01;36m[Kx[m[K() const { return x_; }
      |            [01;36m[K^[m[K
[01m[K/home/fourdds/ros2_ws/src/boids/src/vector2d.hpp:82:41:[m[K [01;31m[Kerror: [m[K‘[01m[Kdouble vector2d::y() const[m[K’ is private within this context
   82 |     return os << vec.x() << ' ' << [01;31m[Kvec.y()[m[K;
      |                                    [01;31m[K~~~~~^~[m[K
[01m[K/home/fourdds/ros2_ws/src/boids/src/vector2d.hpp:14:12:[m[K [01;36m[Knote: [m[Kdeclared private here
   14 |     double [01;36m[Ky[m[K() const { return y_; }
      |            [01;36m[K^[m[K
[01m[K/home/fourdds/ros2_ws/src/boids/src/vector2d.hpp:[m[K In function ‘[01m[Kvector2d operator+(const vector2d&, const vector2d&)[m[K’:
[01m[K/home/fourdds/ros2_ws/src/boids/src/vector2d.hpp:87:24:[m[K [01;31m[Kerror: [m[K‘[01m[Kdouble vector2d::x() const[m[K’ is private within this context
   87 |     return vector2d{[01;31m[Ka.x()[m[K + b.x(), a.y() + b.y()};
      |                     [01;31m[K~~~^~[m[K
[01m[K/home/fourdds/ros2_ws/src/boids/src/vector2d.hpp:13:12:[m[K [01;36m[Knote: [m[Kdeclared private here
   13 |     double [01;36m[Kx[m[K() const { return x_; }
      |            [01;36m[K^[m[K
[01m[K/home/fourdds/ros2_ws/src/boids/src/vector2d.hpp:87:39:[m[K [01;31m[Kerror: [m[K‘[01m[Kdouble vector2d::y() const[m[K’ is private within this context
   87 |     return vector2d{a.x() + b.x(), [01;31m[Ka.y()[m[K + b.y()};
      |                                    [01;31m[K~~~^~[m[K
[01m[K/home/fourdds/ros2_ws/src/boids/src/vector2d.hpp:14:12:[m[K [01;36m[Knote: [m[Kdeclared private here
   14 |     double [01;36m[Ky[m[K() const { return y_; }
      |            [01;36m[K^[m[K
[01m[K/home/fourdds/ros2_ws/src/boids/src/vector2d.hpp:87:49:[m[K [01;31m[Kerror: [m[K‘[01m[Kvector2d::vector2d(double, double)[m[K’ is private within this context
   87 |     return vector2d{a.x() + b.x(), a.y() + b.y()[01;31m[K}[m[K;
      |                                                 [01;31m[K^[m[K
[01m[K/home/fourdds/ros2_ws/src/boids/src/vector2d.hpp:11:5:[m[K [01;36m[Knote: [m[Kdeclared private here
   11 |     [01;36m[Kvector2d[m[K(const double x, const double y) : x_(x), y_(y) {}
      |     [01;36m[K^~~~~~~~[m[K
[01m[K/home/fourdds/ros2_ws/src/boids/src/vector2d.hpp:[m[K In function ‘[01m[Kvector2d operator-(const vector2d&, const vector2d&)[m[K’:
[01m[K/home/fourdds/ros2_ws/src/boids/src/vector2d.hpp:92:18:[m[K [01;31m[Kerror: [m[K‘[01m[Kvector2d vector2d::operator-() const[m[K’ is private within this context
   92 |     return a + (-[01;31m[Kb[m[K);
      |                  [01;31m[K^[m[K
[01m[K/home/fourdds/ros2_ws/src/boids/src/vector2d.hpp:16:21:[m[K [01;36m[Knote: [m[Kdeclared private here
   16 |     inline vector2d [01;36m[Koperator[m[K-() const
      |                     [01;36m[K^~~~~~~~[m[K
[01m[K/home/fourdds/ros2_ws/src/boids/src/vector2d.hpp:[m[K In function ‘[01m[Kdouble operator*(const vector2d&, const vector2d&)[m[K’:
[01m[K/home/fourdds/ros2_ws/src/boids/src/vector2d.hpp:97:15:[m[K [01;31m[Kerror: [m[K‘[01m[Kdouble vector2d::x() const[m[K’ is private within this context
   97 |     return [01;31m[Ka.x()[m[K*b.x() + a.y()*b.y();
      |            [01;31m[K~~~^~[m[K
[01m[K/home/fourdds/ros2_ws/src/boids/src/vector2d.hpp:13:12:[m[K [01;36m[Knote: [m[Kdeclared private here
   13 |     double [01;36m[Kx[m[K() const { return x_; }
      |            [01;36m[K^[m[K
[01m[K/home/fourdds/ros2_ws/src/boids/src/vector2d.hpp:97:21:[m[K [01;31m[Kerror: [m[K‘[01m[Kdouble vector2d::x() const[m[K’ is private within this context
   97 |     return a.x()*[01;31m[Kb.x()[m[K + a.y()*b.y();
      |                  [01;31m[K~~~^~[m[K
[01m[K/home/fourdds/ros2_ws/src/boids/src/vector2d.hpp:13:12:[m[K [01;36m[Knote: [m[Kdeclared private here
   13 |     double [01;36m[Kx[m[K() const { return x_; }
      |            [01;36m[K^[m[K
[01m[K/home/fourdds/ros2_ws/src/boids/src/vector2d.hpp:97:29:[m[K [01;31m[Kerror: [m[K‘[01m[Kdouble vector2d::y() const[m[K’ is private within this context
   97 |     return a.x()*b.x() + [01;31m[Ka.y()[m[K*b.y();
      |                          [01;31m[K~~~^~[m[K
[01m[K/home/fourdds/ros2_ws/src/boids/src/vector2d.hpp:14:12:[m[K [01;36m[Knote: [m[Kdeclared private here
   14 |     double [01;36m[Ky[m[K() const { return y_; }
      |            [01;36m[K^[m[K
[01m[K/home/fourdds/ros2_ws/src/boids/src/vector2d.hpp:97:35:[m[K [01;31m[Kerror: [m[K‘[01m[Kdouble vector2d::y() const[m[K’ is private within this context
   97 |     return a.x()*b.x() + a.y()*[01;31m[Kb.y()[m[K;
      |                                [01;31m[K~~~^~[m[K
[01m[K/home/fourdds/ros2_ws/src/boids/src/vector2d.hpp:14:12:[m[K [01;36m[Knote: [m[Kdeclared private here
   14 |     double [01;36m[Ky[m[K() const { return y_; }
      |            [01;36m[K^[m[K
[01m[K/home/fourdds/ros2_ws/src/boids/src/vector2d.hpp:[m[K In function ‘[01m[Kvector2d operator*(double, const vector2d&)[m[K’:
[01m[K/home/fourdds/ros2_ws/src/boids/src/vector2d.hpp:102:26:[m[K [01;31m[Kerror: [m[K‘[01m[Kdouble vector2d::x() const[m[K’ is private within this context
  102 |     return vector2d{[01;31m[Kvec.x()[m[K*factor, vec.y()*factor};
      |                     [01;31m[K~~~~~^~[m[K
[01m[K/home/fourdds/ros2_ws/src/boids/src/vector2d.hpp:13:12:[m[K [01;36m[Knote: [m[Kdeclared private here
   13 |     double [01;36m[Kx[m[K() const { return x_; }
      |            [01;36m[K^[m[K
[01m[K/home/fourdds/ros2_ws/src/boids/src/vector2d.hpp:102:42:[m[K [01;31m[Kerror: [m[K‘[01m[Kdouble vector2d::y() const[m[K’ is private within this context
  102 |     return vector2d{vec.x()*factor, [01;31m[Kvec.y()[m[K*factor};
      |                                     [01;31m[K~~~~~^~[m[K
[01m[K/home/fourdds/ros2_ws/src/boids/src/vector2d.hpp:14:12:[m[K [01;36m[Knote: [m[Kdeclared private here
   14 |     double [01;36m[Ky[m[K() const { return y_; }
      |            [01;36m[K^[m[K
[01m[K/home/fourdds/ros2_ws/src/boids/src/vector2d.hpp:102:51:[m[K [01;31m[Kerror: [m[K‘[01m[Kvector2d::vector2d(double, double)[m[K’ is private within this context
  102 |     return vector2d{vec.x()*factor, vec.y()*factor[01;31m[K}[m[K;
      |                                                   [01;31m[K^[m[K
[01m[K/home/fourdds/ros2_ws/src/boids/src/vector2d.hpp:11:5:[m[K [01;36m[Knote: [m[Kdeclared private here
   11 |     [01;36m[Kvector2d[m[K(const double x, const double y) : x_(x), y_(y) {}
      |     [01;36m[K^~~~~~~~[m[K
[01m[K/home/fourdds/ros2_ws/src/boids/src/vector2d.hpp:[m[K In function ‘[01m[Kvector2d unit(const vector2d&)[m[K’:
[01m[K/home/fourdds/ros2_ws/src/boids/src/vector2d.hpp:117:32:[m[K [01;31m[Kerror: [m[K‘[01m[Kdouble vector2d::length() const[m[K’ is private within this context
  117 |     const auto len = [01;31m[Kvec.length()[m[K;
      |                      [01;31m[K~~~~~~~~~~^~[m[K
[01m[K/home/fourdds/ros2_ws/src/boids/src/vector2d.hpp:50:19:[m[K [01;36m[Knote: [m[Kdeclared private here
   50 |     inline double [01;36m[Klength[m[K() const
      |                   [01;36m[K^~~~~~[m[K
[01m[K/home/fourdds/ros2_ws/src/boids/src/base_station.cpp:[m[K In member function ‘[01m[Kvoid Swarm::BaseStation::initialize()[m[K’:
[01m[K/home/fourdds/ros2_ws/src/boids/src/base_station.cpp:17:50:[m[K [01;31m[Kerror: [m[K‘[01m[Kvector2d::vector2d(double, double)[m[K’ is private within this context
   17 |         swarmPositions.push_back(Point2D{0.0, 0.0[01;31m[K}[m[K);
      |                                                  [01;31m[K^[m[K
In file included from [01m[K/home/fourdds/ros2_ws/src/boids/src/base_station.hpp:6[m[K,
                 from [01m[K/home/fourdds/ros2_ws/src/boids/src/base_station.cpp:1[m[K:
[01m[K/home/fourdds/ros2_ws/src/boids/src/vector2d.hpp:11:5:[m[K [01;36m[Knote: [m[Kdeclared private here
   11 |     [01;36m[Kvector2d[m[K(const double x, const double y) : x_(x), y_(y) {}
      |     [01;36m[K^~~~~~~~[m[K
[01m[K/home/fourdds/ros2_ws/src/boids/src/base_station.cpp:18:48:[m[K [01;31m[Kerror: [m[K‘[01m[Kvector2d::vector2d(double, double)[m[K’ is private within this context
   18 |         swarmSpeeds.push_back(Vector2D{0.0, 0.0[01;31m[K}[m[K);
      |                                                [01;31m[K^[m[K
In file included from [01m[K/home/fourdds/ros2_ws/src/boids/src/base_station.hpp:6[m[K,
                 from [01m[K/home/fourdds/ros2_ws/src/boids/src/base_station.cpp:1[m[K:
[01m[K/home/fourdds/ros2_ws/src/boids/src/vector2d.hpp:11:5:[m[K [01;36m[Knote: [m[Kdeclared private here
   11 |     [01;36m[Kvector2d[m[K(const double x, const double y) : x_(x), y_(y) {}
      |     [01;36m[K^~~~~~~~[m[K
[01m[K/home/fourdds/ros2_ws/src/boids/src/base_station.cpp:[m[K In member function ‘[01m[Kvoid Swarm::BaseStation::geoPingCallback(boids::msg::GeoPing_<std::allocator<void> >::ConstSharedPtr)[m[K’:
[01m[K/home/fourdds/ros2_ws/src/boids/src/base_station.cpp:74:61:[m[K [01;31m[Kerror: [m[K‘[01m[Kvector2d::vector2d(double, double)[m[K’ is private within this context
   74 |     Point2D drone_position{msg->latitude_m, msg->longitude_m[01;31m[K}[m[K;
      |                                                             [01;31m[K^[m[K
In file included from [01m[K/home/fourdds/ros2_ws/src/boids/src/base_station.hpp:6[m[K,
                 from [01m[K/home/fourdds/ros2_ws/src/boids/src/base_station.cpp:1[m[K:
[01m[K/home/fourdds/ros2_ws/src/boids/src/vector2d.hpp:11:5:[m[K [01;36m[Knote: [m[Kdeclared private here
   11 |     [01;36m[Kvector2d[m[K(const double x, const double y) : x_(x), y_(y) {}
      |     [01;36m[K^~~~~~~~[m[K
[01m[K/home/fourdds/ros2_ws/src/boids/src/base_station.cpp:75:67:[m[K [01;31m[Kerror: [m[K‘[01m[Kvector2d::vector2d(double, double)[m[K’ is private within this context
   75 |     Vector2D drone_speed{msg->speed_north_m_s, msg->speed_east_m_s[01;31m[K}[m[K;
      |                                                                   [01;31m[K^[m[K
In file included from [01m[K/home/fourdds/ros2_ws/src/boids/src/base_station.hpp:6[m[K,
                 from [01m[K/home/fourdds/ros2_ws/src/boids/src/base_station.cpp:1[m[K:
[01m[K/home/fourdds/ros2_ws/src/boids/src/vector2d.hpp:11:5:[m[K [01;36m[Knote: [m[Kdeclared private here
   11 |     [01;36m[Kvector2d[m[K(const double x, const double y) : x_(x), y_(y) {}
      |     [01;36m[K^~~~~~~~[m[K
[01m[K/home/fourdds/ros2_ws/src/boids/src/base_station.cpp:80:14:[m[K [01;31m[Kerror: [m[Kno matching function for call to ‘[01m[Kvector2d::vector2d()[m[K’
   80 |     Vector2D [01;31m[Kcohesion[m[K;
      |              [01;31m[K^~~~~~~~[m[K
In file included from [01m[K/home/fourdds/ros2_ws/src/boids/src/base_station.hpp:6[m[K,
                 from [01m[K/home/fourdds/ros2_ws/src/boids/src/base_station.cpp:1[m[K:
[01m[K/home/fourdds/ros2_ws/src/boids/src/vector2d.hpp:11:5:[m[K [01;36m[Knote: [m[Kcandidate: ‘[01m[Kvector2d::vector2d(double, double)[m[K’
   11 |     [01;36m[Kvector2d[m[K(const double x, const double y) : x_(x), y_(y) {}
      |     [01;36m[K^~~~~~~~[m[K
[01m[K/home/fourdds/ros2_ws/src/boids/src/vector2d.hpp:11:5:[m[K [01;36m[Knote: [m[K  candidate expects 2 arguments, 0 provided
[01m[K/home/fourdds/ros2_ws/src/boids/src/vector2d.hpp:6:7:[m[K [01;36m[Knote: [m[Kcandidate: ‘[01m[Kconstexpr vector2d::vector2d(const vector2d&)[m[K’
    6 | class [01;36m[Kvector2d[m[K
      |       [01;36m[K^~~~~~~~[m[K
[01m[K/home/fourdds/ros2_ws/src/boids/src/vector2d.hpp:6:7:[m[K [01;36m[Knote: [m[K  candidate expects 1 argument, 0 provided
[01m[K/home/fourdds/ros2_ws/src/boids/src/vector2d.hpp:6:7:[m[K [01;36m[Knote: [m[Kcandidate: ‘[01m[Kconstexpr vector2d::vector2d(vector2d&&)[m[K’
[01m[K/home/fourdds/ros2_ws/src/boids/src/vector2d.hpp:6:7:[m[K [01;36m[Knote: [m[K  candidate expects 1 argument, 0 provided
[01m[K/home/fourdds/ros2_ws/src/boids/src/base_station.cpp:83:14:[m[K [01;31m[Kerror: [m[Kno matching function for call to ‘[01m[Kvector2d::vector2d()[m[K’
   83 |     Vector2D [01;31m[Kalignment[m[K;
      |              [01;31m[K^~~~~~~~~[m[K
In file included from [01m[K/home/fourdds/ros2_ws/src/boids/src/base_station.hpp:6[m[K,
                 from [01m[K/home/fourdds/ros2_ws/src/boids/src/base_station.cpp:1[m[K:
[01m[K/home/fourdds/ros2_ws/src/boids/src/vector2d.hpp:11:5:[m[K [01;36m[Knote: [m[Kcandidate: ‘[01m[Kvector2d::vector2d(double, double)[m[K’
   11 |     [01;36m[Kvector2d[m[K(const double x, const double y) : x_(x), y_(y) {}
      |     [01;36m[K^~~~~~~~[m[K
[01m[K/home/fourdds/ros2_ws/src/boids/src/vector2d.hpp:11:5:[m[K [01;36m[Knote: [m[K  candidate expects 2 arguments, 0 provided
[01m[K/home/fourdds/ros2_ws/src/boids/src/vector2d.hpp:6:7:[m[K [01;36m[Knote: [m[Kcandidate: ‘[01m[Kconstexpr vector2d::vector2d(const vector2d&)[m[K’
    6 | class [01;36m[Kvector2d[m[K
      |       [01;36m[K^~~~~~~~[m[K
[01m[K/home/fourdds/ros2_ws/src/boids/src/vector2d.hpp:6:7:[m[K [01;36m[Knote: [m[K  candidate expects 1 argument, 0 provided
[01m[K/home/fourdds/ros2_ws/src/boids/src/vector2d.hpp:6:7:[m[K [01;36m[Knote: [m[Kcandidate: ‘[01m[Kconstexpr vector2d::vector2d(vector2d&&)[m[K’
[01m[K/home/fourdds/ros2_ws/src/boids/src/vector2d.hpp:6:7:[m[K [01;36m[Knote: [m[K  candidate expects 1 argument, 0 provided
[01m[K/home/fourdds/ros2_ws/src/boids/src/base_station.cpp:85:14:[m[K [01;31m[Kerror: [m[Kno matching function for call to ‘[01m[Kvector2d::vector2d()[m[K’
   85 |     Vector2D [01;31m[Kseparation[m[K;
      |              [01;31m[K^~~~~~~~~~[m[K
In file included from [01m[K/home/fourdds/ros2_ws/src/boids/src/base_station.hpp:6[m[K,
                 from [01m[K/home/fourdds/ros2_ws/src/boids/src/base_station.cpp:1[m[K:
[01m[K/home/fourdds/ros2_ws/src/boids/src/vector2d.hpp:11:5:[m[K [01;36m[Knote: [m[Kcandidate: ‘[01m[Kvector2d::vector2d(double, double)[m[K’
   11 |     [01;36m[Kvector2d[m[K(const double x, const double y) : x_(x), y_(y) {}
      |     [01;36m[K^~~~~~~~[m[K
[01m[K/home/fourdds/ros2_ws/src/boids/src/vector2d.hpp:11:5:[m[K [01;36m[Knote: [m[K  candidate expects 2 arguments, 0 provided
[01m[K/home/fourdds/ros2_ws/src/boids/src/vector2d.hpp:6:7:[m[K [01;36m[Knote: [m[Kcandidate: ‘[01m[Kconstexpr vector2d::vector2d(const vector2d&)[m[K’
    6 | class [01;36m[Kvector2d[m[K
      |       [01;36m[K^~~~~~~~[m[K
[01m[K/home/fourdds/ros2_ws/src/boids/src/vector2d.hpp:6:7:[m[K [01;36m[Knote: [m[K  candidate expects 1 argument, 0 provided
[01m[K/home/fourdds/ros2_ws/src/boids/src/vector2d.hpp:6:7:[m[K [01;36m[Knote: [m[Kcandidate: ‘[01m[Kconstexpr vector2d::vector2d(vector2d&&)[m[K’
[01m[K/home/fourdds/ros2_ws/src/boids/src/vector2d.hpp:6:7:[m[K [01;36m[Knote: [m[K  candidate expects 1 argument, 0 provided
[01m[K/home/fourdds/ros2_ws/src/boids/src/base_station.cpp:95:73:[m[K [01;31m[Kerror: [m[K‘[01m[Kdouble vector2d::length() const[m[K’ is private within this context
   95 |         const auto distance = [01;31m[K(drone_i_position - drone_position).length()[m[K;
      |                               [01;31m[K~~~~~~~~~~~~~~~~~~~~~~~~~~~~~~~~~~~~~~~~~~^~[m[K
In file included from [01m[K/home/fourdds/ros2_ws/src/boids/src/base_station.hpp:6[m[K,
                 from [01m[K/home/fourdds/ros2_ws/src/boids/src/base_station.cpp:1[m[K:
[01m[K/home/fourdds/ros2_ws/src/boids/src/vector2d.hpp:50:19:[m[K [01;36m[Knote: [m[Kdeclared private here
   50 |     inline double [01;36m[Klength[m[K() const
      |                   [01;36m[K^~~~~~[m[K
[01m[K/home/fourdds/ros2_ws/src/boids/src/base_station.cpp:98:44:[m[K [01;31m[Kerror: [m[K‘[01m[Kvector2d& vector2d::operator+=(const vector2d&)[m[K’ is private within this context
   98 |             separation += drone_position - [01;31m[Kdrone_i_position[m[K;
      |                                            [01;31m[K^~~~~~~~~~~~~~~~[m[K
In file included from [01m[K/home/fourdds/ros2_ws/src/boids/src/base_station.hpp:6[m[K,
                 from [01m[K/home/fourdds/ros2_ws/src/boids/src/base_station.cpp:1[m[K:
[01m[K/home/fourdds/ros2_ws/src/boids/src/vector2d.hpp:28:22:[m[K [01;36m[Knote: [m[Kdeclared private here
   28 |     inline vector2d& [01;36m[Koperator[m[K+=(const vector2d& other)
      |                      [01;36m[K^~~~~~~~[m[K
[01m[K/home/fourdds/ros2_ws/src/boids/src/base_station.cpp:102:26:[m[K [01;31m[Kerror: [m[K‘[01m[Kvector2d& vector2d::operator+=(const vector2d&)[m[K’ is private within this context
  102 |             alignment += [01;31m[Kdrone_i_speed[m[K;
      |                          [01;31m[K^~~~~~~~~~~~~[m[K
In file included from [01m[K/home/fourdds/ros2_ws/src/boids/src/base_station.hpp:6[m[K,
                 from [01m[K/home/fourdds/ros2_ws/src/boids/src/base_station.cpp:1[m[K:
[01m[K/home/fourdds/ros2_ws/src/boids/src/vector2d.hpp:28:22:[m[K [01;36m[Knote: [m[Kdeclared private here
   28 |     inline vector2d& [01;36m[Koperator[m[K+=(const vector2d& other)
      |                      [01;36m[K^~~~~~~~[m[K
[01m[K/home/fourdds/ros2_ws/src/boids/src/base_station.cpp:108:25:[m[K [01;31m[Kerror: [m[K‘[01m[Kvector2d& vector2d::operator+=(const vector2d&)[m[K’ is private within this context
  108 |             cohesion += [01;31m[Kdrone_i_position[m[K;
      |                         [01;31m[K^~~~~~~~~~~~~~~~[m[K
In file included from [01m[K/home/fourdds/ros2_ws/src/boids/src/base_station.hpp:6[m[K,
                 from [01m[K/home/fourdds/ros2_ws/src/boids/src/base_station.cpp:1[m[K:
[01m[K/home/fourdds/ros2_ws/src/boids/src/vector2d.hpp:28:22:[m[K [01;36m[Knote: [m[Kdeclared private here
   28 |     inline vector2d& [01;36m[Koperator[m[K+=(const vector2d& other)
      |                      [01;36m[K^~~~~~~~[m[K
[01m[K/home/fourdds/ros2_ws/src/boids/src/base_station.cpp:115:21:[m[K [01;31m[Kerror: [m[K‘[01m[Kvector2d& vector2d::operator/=(double)[m[K’ is private within this context
  115 |         cohesion /= [01;31m[Knum_cohesion[m[K;
      |                     [01;31m[K^~~~~~~~~~~~[m[K
In file included from [01m[K/home/fourdds/ros2_ws/src/boids/src/base_station.hpp:6[m[K,
                 from [01m[K/home/fourdds/ros2_ws/src/boids/src/base_station.cpp:1[m[K:
[01m[K/home/fourdds/ros2_ws/src/boids/src/vector2d.hpp:40:22:[m[K [01;36m[Knote: [m[Kdeclared private here
   40 |     inline vector2d& [01;36m[Koperator[m[K/=(const double factor)
      |                      [01;36m[K^~~~~~~~[m[K
[01m[K/home/fourdds/ros2_ws/src/boids/src/base_station.cpp:116:21:[m[K [01;31m[Kerror: [m[K‘[01m[Kvector2d& vector2d::operator-=(const vector2d&)[m[K’ is private within this context
  116 |         cohesion -= [01;31m[Kdrone_position[m[K;
      |                     [01;31m[K^~~~~~~~~~~~~~[m[K
In file included from [01m[K/home/fourdds/ros2_ws/src/boids/src/base_station.hpp:6[m[K,
                 from [01m[K/home/fourdds/ros2_ws/src/boids/src/base_station.cpp:1[m[K:
[01m[K/home/fourdds/ros2_ws/src/boids/src/vector2d.hpp:35:22:[m[K [01;36m[Knote: [m[Kdeclared private here
   35 |     inline vector2d& [01;36m[Koperator[m[K-=(const vector2d& other)
      |                      [01;36m[K^~~~~~~~[m[K
[01m[K/home/fourdds/ros2_ws/src/boids/src/base_station.cpp:120:22:[m[K [01;31m[Kerror: [m[K‘[01m[Kvector2d& vector2d::operator/=(double)[m[K’ is private within this context
  120 |         alignment /= [01;31m[Knum_alignment[m[K;
      |                      [01;31m[K^~~~~~~~~~~~~[m[K
In file included from [01m[K/home/fourdds/ros2_ws/src/boids/src/base_station.hpp:6[m[K,
                 from [01m[K/home/fourdds/ros2_ws/src/boids/src/base_station.cpp:1[m[K:
[01m[K/home/fourdds/ros2_ws/src/boids/src/vector2d.hpp:40:22:[m[K [01;36m[Knote: [m[Kdeclared private here
   40 |     inline vector2d& [01;36m[Koperator[m[K/=(const double factor)
      |                      [01;36m[K^~~~~~~~[m[K
[01m[K/home/fourdds/ros2_ws/src/boids/src/base_station.cpp:121:22:[m[K [01;31m[Kerror: [m[K‘[01m[Kvector2d& vector2d::operator-=(const vector2d&)[m[K’ is private within this context
  121 |         alignment -= [01;31m[Kdrone_speed[m[K;
      |                      [01;31m[K^~~~~~~~~~~[m[K
In file included from [01m[K/home/fourdds/ros2_ws/src/boids/src/base_station.hpp:6[m[K,
                 from [01m[K/home/fourdds/ros2_ws/src/boids/src/base_station.cpp:1[m[K:
[01m[K/home/fourdds/ros2_ws/src/boids/src/vector2d.hpp:35:22:[m[K [01;36m[Knote: [m[Kdeclared private here
   35 |     inline vector2d& [01;36m[Koperator[m[K-=(const vector2d& other)
      |                      [01;36m[K^~~~~~~~[m[K
[01m[K/home/fourdds/ros2_ws/src/boids/src/base_station.cpp:[m[K In member function ‘[01m[Kvoid Swarm::BaseStation::advertiseFlocking(int, const Vector2D&, const Vector2D&, const Vector2D&)[m[K’:
[01m[K/home/fourdds/ros2_ws/src/boids/src/base_station.cpp:154:31:[m[K [01;31m[Kerror: [m[K‘[01m[Kdouble vector2d::x_[m[K’ is private within this context
  154 |     msg.cohesion_x = cohesion.[01;31m[Kx_[m[K;
      |                               [01;31m[K^~[m[K
In file included from [01m[K/home/fourdds/ros2_ws/src/boids/src/base_station.hpp:6[m[K,
                 from [01m[K/home/fourdds/ros2_ws/src/boids/src/base_station.cpp:1[m[K:
[01m[K/home/fourdds/ros2_ws/src/boids/src/vector2d.hpp:8:12:[m[K [01;36m[Knote: [m[Kdeclared private here
    8 |     double [01;36m[Kx_[m[K = 0.0;
      |            [01;36m[K^~[m[K
[01m[K/home/fourdds/ros2_ws/src/boids/src/base_station.cpp:155:31:[m[K [01;31m[Kerror: [m[K‘[01m[Kdouble vector2d::y_[m[K’ is private within this context
  155 |     msg.cohesion_y = cohesion.[01;31m[Ky_[m[K;
      |                               [01;31m[K^~[m[K
In file included from [01m[K/home/fourdds/ros2_ws/src/boids/src/base_station.hpp:6[m[K,
                 from [01m[K/home/fourdds/ros2_ws/src/boids/src/base_station.cpp:1[m[K:
[01m[K/home/fourdds/ros2_ws/src/boids/src/vector2d.hpp:9:12:[m[K [01;36m[Knote: [m[Kdeclared private here
    9 |     double [01;36m[Ky_[m[K = 0.0;
      |            [01;36m[K^~[m[K
[01m[K/home/fourdds/ros2_ws/src/boids/src/base_station.cpp:156:33:[m[K [01;31m[Kerror: [m[K‘[01m[Kdouble vector2d::x_[m[K’ is private within this context
  156 |     msg.alignment_x = alignment.[01;31m[Kx_[m[K;
      |                                 [01;31m[K^~[m[K
In file included from [01m[K/home/fourdds/ros2_ws/src/boids/src/base_station.hpp:6[m[K,
                 from [01m[K/home/fourdds/ros2_ws/src/boids/src/base_station.cpp:1[m[K:
[01m[K/home/fourdds/ros2_ws/src/boids/src/vector2d.hpp:8:12:[m[K [01;36m[Knote: [m[Kdeclared private here
    8 |     double [01;36m[Kx_[m[K = 0.0;
      |            [01;36m[K^~[m[K
[01m[K/home/fourdds/ros2_ws/src/boids/src/base_station.cpp:157:33:[m[K [01;31m[Kerror: [m[K‘[01m[Kdouble vector2d::y_[m[K’ is private within this context
  157 |     msg.alignment_y = alignment.[01;31m[Ky_[m[K;
      |                                 [01;31m[K^~[m[K
In file included from [01m[K/home/fourdds/ros2_ws/src/boids/src/base_station.hpp:6[m[K,
                 from [01m[K/home/fourdds/ros2_ws/src/boids/src/base_station.cpp:1[m[K:
[01m[K/home/fourdds/ros2_ws/src/boids/src/vector2d.hpp:9:12:[m[K [01;36m[Knote: [m[Kdeclared private here
    9 |     double [01;36m[Ky_[m[K = 0.0;
      |            [01;36m[K^~[m[K
[01m[K/home/fourdds/ros2_ws/src/boids/src/base_station.cpp:158:35:[m[K [01;31m[Kerror: [m[K‘[01m[Kdouble vector2d::x_[m[K’ is private within this context
  158 |     msg.separation_x = separation.[01;31m[Kx_[m[K;
      |                                   [01;31m[K^~[m[K
In file included from [01m[K/home/fourdds/ros2_ws/src/boids/src/base_station.hpp:6[m[K,
                 from [01m[K/home/fourdds/ros2_ws/src/boids/src/base_station.cpp:1[m[K:
[01m[K/home/fourdds/ros2_ws/src/boids/src/vector2d.hpp:8:12:[m[K [01;36m[Knote: [m[Kdeclared private here
    8 |     double [01;36m[Kx_[m[K = 0.0;
      |            [01;36m[K^~[m[K
[01m[K/home/fourdds/ros2_ws/src/boids/src/base_station.cpp:159:35:[m[K [01;31m[Kerror: [m[K‘[01m[Kdouble vector2d::y_[m[K’ is private within this context
  159 |     msg.separation_y = separation.[01;31m[Ky_[m[K;
      |                                   [01;31m[K^~[m[K
In file included from [01m[K/home/fourdds/ros2_ws/src/boids/src/base_station.hpp:6[m[K,
                 from [01m[K/home/fourdds/ros2_ws/src/boids/src/base_station.cpp:1[m[K:
[01m[K/home/fourdds/ros2_ws/src/boids/src/vector2d.hpp:9:12:[m[K [01;36m[Knote: [m[Kdeclared private here
    9 |     double [01;36m[Ky_[m[K = 0.0;
      |            [01;36m[K^~[m[K
In file included from [01m[K/home/fourdds/ros2_ws/src/boids/src/uav_node.hpp:17[m[K,
                 from [01m[K/home/fourdds/ros2_ws/src/boids/src/main.cpp:1[m[K:
[01m[K/home/fourdds/ros2_ws/src/boids/src/vector2d.hpp:[m[K In function ‘[01m[Kstd::ostream& operator<<(std::ostream&, const vector2d&)[m[K’:
[01m[K/home/fourdds/ros2_ws/src/boids/src/vector2d.hpp:82:23:[m[K [01;31m[Kerror: [m[K‘[01m[Kdouble vector2d::x() const[m[K’ is private within this context
   82 |     return os << [01;31m[Kvec.x()[m[K << ' ' << vec.y();
      |                  [01;31m[K~~~~~^~[m[K
[01m[K/home/fourdds/ros2_ws/src/boids/src/vector2d.hpp:13:12:[m[K [01;36m[Knote: [m[Kdeclared private here
   13 |     double [01;36m[Kx[m[K() const { return x_; }
      |            [01;36m[K^[m[K
[01m[K/home/fourdds/ros2_ws/src/boids/src/vector2d.hpp:82:41:[m[K [01;31m[Kerror: [m[K‘[01m[Kdouble vector2d::y() const[m[K’ is private within this context
   82 |     return os << vec.x() << ' ' << [01;31m[Kvec.y()[m[K;
      |                                    [01;31m[K~~~~~^~[m[K
[01m[K/home/fourdds/ros2_ws/src/boids/src/vector2d.hpp:14:12:[m[K [01;36m[Knote: [m[Kdeclared private here
   14 |     double [01;36m[Ky[m[K() const { return y_; }
      |            [01;36m[K^[m[K
[01m[K/home/fourdds/ros2_ws/src/boids/src/vector2d.hpp:[m[K In function ‘[01m[Kvector2d operator+(const vector2d&, const vector2d&)[m[K’:
[01m[K/home/fourdds/ros2_ws/src/boids/src/vector2d.hpp:87:24:[m[K [01;31m[Kerror: [m[K‘[01m[Kdouble vector2d::x() const[m[K’ is private within this context
   87 |     return vector2d{[01;31m[Ka.x()[m[K + b.x(), a.y() + b.y()};
      |                     [01;31m[K~~~^~[m[K
[01m[K/home/fourdds/ros2_ws/src/boids/src/vector2d.hpp:13:12:[m[K [01;36m[Knote: [m[Kdeclared private here
   13 |     double [01;36m[Kx[m[K() const { return x_; }
      |            [01;36m[K^[m[K
[01m[K/home/fourdds/ros2_ws/src/boids/src/vector2d.hpp:87:39:[m[K [01;31m[Kerror: [m[K‘[01m[Kdouble vector2d::y() const[m[K’ is private within this context
   87 |     return vector2d{a.x() + b.x(), [01;31m[Ka.y()[m[K + b.y()};
      |                                    [01;31m[K~~~^~[m[K
[01m[K/home/fourdds/ros2_ws/src/boids/src/vector2d.hpp:14:12:[m[K [01;36m[Knote: [m[Kdeclared private here
   14 |     double [01;36m[Ky[m[K() const { return y_; }
      |            [01;36m[K^[m[K
[01m[K/home/fourdds/ros2_ws/src/boids/src/vector2d.hpp:87:49:[m[K [01;31m[Kerror: [m[K‘[01m[Kvector2d::vector2d(double, double)[m[K’ is private within this context
   87 |     return vector2d{a.x() + b.x(), a.y() + b.y()[01;31m[K}[m[K;
      |                                                 [01;31m[K^[m[K
[01m[K/home/fourdds/ros2_ws/src/boids/src/vector2d.hpp:11:5:[m[K [01;36m[Knote: [m[Kdeclared private here
   11 |     [01;36m[Kvector2d[m[K(const double x, const double y) : x_(x), y_(y) {}
      |     [01;36m[K^~~~~~~~[m[K
[01m[K/home/fourdds/ros2_ws/src/boids/src/vector2d.hpp:[m[K In function ‘[01m[Kvector2d operator-(const vector2d&, const vector2d&)[m[K’:
[01m[K/home/fourdds/ros2_ws/src/boids/src/vector2d.hpp:92:18:[m[K [01;31m[Kerror: [m[K‘[01m[Kvector2d vector2d::operator-() const[m[K’ is private within this context
   92 |     return a + (-[01;31m[Kb[m[K);
      |                  [01;31m[K^[m[K
[01m[K/home/fourdds/ros2_ws/src/boids/src/vector2d.hpp:16:21:[m[K [01;36m[Knote: [m[Kdeclared private here
   16 |     inline vector2d [01;36m[Koperator[m[K-() const
      |                     [01;36m[K^~~~~~~~[m[K
[01m[K/home/fourdds/ros2_ws/src/boids/src/vector2d.hpp:[m[K In function ‘[01m[Kdouble operator*(const vector2d&, const vector2d&)[m[K’:
[01m[K/home/fourdds/ros2_ws/src/boids/src/vector2d.hpp:97:15:[m[K [01;31m[Kerror: [m[K‘[01m[Kdouble vector2d::x() const[m[K’ is private within this context
   97 |     return [01;31m[Ka.x()[m[K*b.x() + a.y()*b.y();
      |            [01;31m[K~~~^~[m[K
[01m[K/home/fourdds/ros2_ws/src/boids/src/vector2d.hpp:13:12:[m[K [01;36m[Knote: [m[Kdeclared private here
   13 |     double [01;36m[Kx[m[K() const { return x_; }
      |            [01;36m[K^[m[K
[01m[K/home/fourdds/ros2_ws/src/boids/src/vector2d.hpp:97:21:[m[K [01;31m[Kerror: [m[K‘[01m[Kdouble vector2d::x() const[m[K’ is private within this context
   97 |     return a.x()*[01;31m[Kb.x()[m[K + a.y()*b.y();
      |                  [01;31m[K~~~^~[m[K
[01m[K/home/fourdds/ros2_ws/src/boids/src/vector2d.hpp:13:12:[m[K [01;36m[Knote: [m[Kdeclared private here
   13 |     double [01;36m[Kx[m[K() const { return x_; }
      |            [01;36m[K^[m[K
[01m[K/home/fourdds/ros2_ws/src/boids/src/vector2d.hpp:97:29:[m[K [01;31m[Kerror: [m[K‘[01m[Kdouble vector2d::y() const[m[K’ is private within this context
   97 |     return a.x()*b.x() + [01;31m[Ka.y()[m[K*b.y();
      |                          [01;31m[K~~~^~[m[K
[01m[K/home/fourdds/ros2_ws/src/boids/src/vector2d.hpp:14:12:[m[K [01;36m[Knote: [m[Kdeclared private here
   14 |     double [01;36m[Ky[m[K() const { return y_; }
      |            [01;36m[K^[m[K
[01m[K/home/fourdds/ros2_ws/src/boids/src/vector2d.hpp:97:35:[m[K [01;31m[Kerror: [m[K‘[01m[Kdouble vector2d::y() const[m[K’ is private within this context
   97 |     return a.x()*b.x() + a.y()*[01;31m[Kb.y()[m[K;
      |                                [01;31m[K~~~^~[m[K
[01m[K/home/fourdds/ros2_ws/src/boids/src/vector2d.hpp:14:12:[m[K [01;36m[Knote: [m[Kdeclared private here
   14 |     double [01;36m[Ky[m[K() const { return y_; }
      |            [01;36m[K^[m[K
[01m[K/home/fourdds/ros2_ws/src/boids/src/vector2d.hpp:[m[K In function ‘[01m[Kvector2d operator*(double, const vector2d&)[m[K’:
[01m[K/home/fourdds/ros2_ws/src/boids/src/vector2d.hpp:102:26:[m[K [01;31m[Kerror: [m[K‘[01m[Kdouble vector2d::x() const[m[K’ is private within this context
  102 |     return vector2d{[01;31m[Kvec.x()[m[K*factor, vec.y()*factor};
      |                     [01;31m[K~~~~~^~[m[K
[01m[K/home/fourdds/ros2_ws/src/boids/src/vector2d.hpp:13:12:[m[K [01;36m[Knote: [m[Kdeclared private here
   13 |     double [01;36m[Kx[m[K() const { return x_; }
      |            [01;36m[K^[m[K
[01m[K/home/fourdds/ros2_ws/src/boids/src/vector2d.hpp:102:42:[m[K [01;31m[Kerror: [m[K‘[01m[Kdouble vector2d::y() const[m[K’ is private within this context
  102 |     return vector2d{vec.x()*factor, [01;31m[Kvec.y()[m[K*factor};
      |                                     [01;31m[K~~~~~^~[m[K
[01m[K/home/fourdds/ros2_ws/src/boids/src/vector2d.hpp:14:12:[m[K [01;36m[Knote: [m[Kdeclared private here
   14 |     double [01;36m[Ky[m[K() const { return y_; }
      |            [01;36m[K^[m[K
[01m[K/home/fourdds/ros2_ws/src/boids/src/vector2d.hpp:102:51:[m[K [01;31m[Kerror: [m[K‘[01m[Kvector2d::vector2d(double, double)[m[K’ is private within this context
  102 |     return vector2d{vec.x()*factor, vec.y()*factor[01;31m[K}[m[K;
      |                                                   [01;31m[K^[m[K
[01m[K/home/fourdds/ros2_ws/src/boids/src/vector2d.hpp:11:5:[m[K [01;36m[Knote: [m[Kdeclared private here
   11 |     [01;36m[Kvector2d[m[K(const double x, const double y) : x_(x), y_(y) {}
      |     [01;36m[K^~~~~~~~[m[K
[01m[K/home/fourdds/ros2_ws/src/boids/src/vector2d.hpp:[m[K In function ‘[01m[Kvector2d unit(const vector2d&)[m[K’:
[01m[K/home/fourdds/ros2_ws/src/boids/src/vector2d.hpp:117:32:[m[K [01;31m[Kerror: [m[K‘[01m[Kdouble vector2d::length() const[m[K’ is private within this context
  117 |     const auto len = [01;31m[Kvec.length()[m[K;
      |                      [01;31m[K~~~~~~~~~~^~[m[K
[01m[K/home/fourdds/ros2_ws/src/boids/src/vector2d.hpp:50:19:[m[K [01;36m[Knote: [m[Kdeclared private here
   50 |     inline double [01;36m[Klength[m[K() const
      |                   [01;36m[K^~~~~~[m[K
In file included from [01m[K/home/fourdds/ros2_ws/src/boids/src/uav_node.hpp:17[m[K,
                 from [01m[K/home/fourdds/ros2_ws/src/boids/src/uav_node.cpp:1[m[K:
[01m[K/home/fourdds/ros2_ws/src/boids/src/vector2d.hpp:[m[K In function ‘[01m[Kstd::ostream& operator<<(std::ostream&, const vector2d&)[m[K’:
[01m[K/home/fourdds/ros2_ws/src/boids/src/vector2d.hpp:82:23:[m[K [01;31m[Kerror: [m[K‘[01m[Kdouble vector2d::x() const[m[K’ is private within this context
   82 |     return os << [01;31m[Kvec.x()[m[K << ' ' << vec.y();
      |                  [01;31m[K~~~~~^~[m[K
[01m[K/home/fourdds/ros2_ws/src/boids/src/vector2d.hpp:13:12:[m[K [01;36m[Knote: [m[Kdeclared private here
   13 |     double [01;36m[Kx[m[K() const { return x_; }
      |            [01;36m[K^[m[K
[01m[K/home/fourdds/ros2_ws/src/boids/src/vector2d.hpp:82:41:[m[K [01;31m[Kerror: [m[K‘[01m[Kdouble vector2d::y() const[m[K’ is private within this context
   82 |     return os << vec.x() << ' ' << [01;31m[Kvec.y()[m[K;
      |                                    [01;31m[K~~~~~^~[m[K
[01m[K/home/fourdds/ros2_ws/src/boids/src/vector2d.hpp:14:12:[m[K [01;36m[Knote: [m[Kdeclared private here
   14 |     double [01;36m[Ky[m[K() const { return y_; }
      |            [01;36m[K^[m[K
[01m[K/home/fourdds/ros2_ws/src/boids/src/vector2d.hpp:[m[K In function ‘[01m[Kvector2d operator+(const vector2d&, const vector2d&)[m[K’:
[01m[K/home/fourdds/ros2_ws/src/boids/src/vector2d.hpp:87:24:[m[K [01;31m[Kerror: [m[K‘[01m[Kdouble vector2d::x() const[m[K’ is private within this context
   87 |     return vector2d{[01;31m[Ka.x()[m[K + b.x(), a.y() + b.y()};
      |                     [01;31m[K~~~^~[m[K
[01m[K/home/fourdds/ros2_ws/src/boids/src/vector2d.hpp:13:12:[m[K [01;36m[Knote: [m[Kdeclared private here
   13 |     double [01;36m[Kx[m[K() const { return x_; }
      |            [01;36m[K^[m[K
[01m[K/home/fourdds/ros2_ws/src/boids/src/vector2d.hpp:87:39:[m[K [01;31m[Kerror: [m[K‘[01m[Kdouble vector2d::y() const[m[K’ is private within this context
   87 |     return vector2d{a.x() + b.x(), [01;31m[Ka.y()[m[K + b.y()};
      |                                    [01;31m[K~~~^~[m[K
[01m[K/home/fourdds/ros2_ws/src/boids/src/vector2d.hpp:14:12:[m[K [01;36m[Knote: [m[Kdeclared private here
   14 |     double [01;36m[Ky[m[K() const { return y_; }
      |            [01;36m[K^[m[K
[01m[K/home/fourdds/ros2_ws/src/boids/src/vector2d.hpp:87:49:[m[K [01;31m[Kerror: [m[K‘[01m[Kvector2d::vector2d(double, double)[m[K’ is private within this context
   87 |     return vector2d{a.x() + b.x(), a.y() + b.y()[01;31m[K}[m[K;
      |                                                 [01;31m[K^[m[K
[01m[K/home/fourdds/ros2_ws/src/boids/src/vector2d.hpp:11:5:[m[K [01;36m[Knote: [m[Kdeclared private here
   11 |     [01;36m[Kvector2d[m[K(const double x, const double y) : x_(x), y_(y) {}
      |     [01;36m[K^~~~~~~~[m[K
[01m[K/home/fourdds/ros2_ws/src/boids/src/vector2d.hpp:[m[K In function ‘[01m[Kvector2d operator-(const vector2d&, const vector2d&)[m[K’:
[01m[K/home/fourdds/ros2_ws/src/boids/src/vector2d.hpp:92:18:[m[K [01;31m[Kerror: [m[K‘[01m[Kvector2d vector2d::operator-() const[m[K’ is private within this context
   92 |     return a + (-[01;31m[Kb[m[K);
      |                  [01;31m[K^[m[K
[01m[K/home/fourdds/ros2_ws/src/boids/src/vector2d.hpp:16:21:[m[K [01;36m[Knote: [m[Kdeclared private here
   16 |     inline vector2d [01;36m[Koperator[m[K-() const
      |                     [01;36m[K^~~~~~~~[m[K
[01m[K/home/fourdds/ros2_ws/src/boids/src/vector2d.hpp:[m[K In function ‘[01m[Kdouble operator*(const vector2d&, const vector2d&)[m[K’:
[01m[K/home/fourdds/ros2_ws/src/boids/src/vector2d.hpp:97:15:[m[K [01;31m[Kerror: [m[K‘[01m[Kdouble vector2d::x() const[m[K’ is private within this context
   97 |     return [01;31m[Ka.x()[m[K*b.x() + a.y()*b.y();
      |            [01;31m[K~~~^~[m[K
[01m[K/home/fourdds/ros2_ws/src/boids/src/vector2d.hpp:13:12:[m[K [01;36m[Knote: [m[Kdeclared private here
   13 |     double [01;36m[Kx[m[K() const { return x_; }
      |            [01;36m[K^[m[K
[01m[K/home/fourdds/ros2_ws/src/boids/src/vector2d.hpp:97:21:[m[K [01;31m[Kerror: [m[K‘[01m[Kdouble vector2d::x() const[m[K’ is private within this context
   97 |     return a.x()*[01;31m[Kb.x()[m[K + a.y()*b.y();
      |                  [01;31m[K~~~^~[m[K
[01m[K/home/fourdds/ros2_ws/src/boids/src/vector2d.hpp:13:12:[m[K [01;36m[Knote: [m[Kdeclared private here
   13 |     double [01;36m[Kx[m[K() const { return x_; }
      |            [01;36m[K^[m[K
[01m[K/home/fourdds/ros2_ws/src/boids/src/vector2d.hpp:97:29:[m[K [01;31m[Kerror: [m[K‘[01m[Kdouble vector2d::y() const[m[K’ is private within this context
   97 |     return a.x()*b.x() + [01;31m[Ka.y()[m[K*b.y();
      |                          [01;31m[K~~~^~[m[K
[01m[K/home/fourdds/ros2_ws/src/boids/src/vector2d.hpp:14:12:[m[K [01;36m[Knote: [m[Kdeclared private here
   14 |     double [01;36m[Ky[m[K() const { return y_; }
      |            [01;36m[K^[m[K
[01m[K/home/fourdds/ros2_ws/src/boids/src/vector2d.hpp:97:35:[m[K [01;31m[Kerror: [m[K‘[01m[Kdouble vector2d::y() const[m[K’ is private within this context
   97 |     return a.x()*b.x() + a.y()*[01;31m[Kb.y()[m[K;
      |                                [01;31m[K~~~^~[m[K
[01m[K/home/fourdds/ros2_ws/src/boids/src/vector2d.hpp:14:12:[m[K [01;36m[Knote: [m[Kdeclared private here
   14 |     double [01;36m[Ky[m[K() const { return y_; }
      |            [01;36m[K^[m[K
[01m[K/home/fourdds/ros2_ws/src/boids/src/vector2d.hpp:[m[K In function ‘[01m[Kvector2d operator*(double, const vector2d&)[m[K’:
[01m[K/home/fourdds/ros2_ws/src/boids/src/vector2d.hpp:102:26:[m[K [01;31m[Kerror: [m[K‘[01m[Kdouble vector2d::x() const[m[K’ is private within this context
  102 |     return vector2d{[01;31m[Kvec.x()[m[K*factor, vec.y()*factor};
      |                     [01;31m[K~~~~~^~[m[K
[01m[K/home/fourdds/ros2_ws/src/boids/src/vector2d.hpp:13:12:[m[K [01;36m[Knote: [m[Kdeclared private here
   13 |     double [01;36m[Kx[m[K() const { return x_; }
      |            [01;36m[K^[m[K
[01m[K/home/fourdds/ros2_ws/src/boids/src/vector2d.hpp:102:42:[m[K [01;31m[Kerror: [m[K‘[01m[Kdouble vector2d::y() const[m[K’ is private within this context
  102 |     return vector2d{vec.x()*factor, [01;31m[Kvec.y()[m[K*factor};
      |                                     [01;31m[K~~~~~^~[m[K
[01m[K/home/fourdds/ros2_ws/src/boids/src/vector2d.hpp:14:12:[m[K [01;36m[Knote: [m[Kdeclared private here
   14 |     double [01;36m[Ky[m[K() const { return y_; }
      |            [01;36m[K^[m[K
[01m[K/home/fourdds/ros2_ws/src/boids/src/vector2d.hpp:102:51:[m[K [01;31m[Kerror: [m[K‘[01m[Kvector2d::vector2d(double, double)[m[K’ is private within this context
  102 |     return vector2d{vec.x()*factor, vec.y()*factor[01;31m[K}[m[K;
      |                                                   [01;31m[K^[m[K
[01m[K/home/fourdds/ros2_ws/src/boids/src/vector2d.hpp:11:5:[m[K [01;36m[Knote: [m[Kdeclared private here
   11 |     [01;36m[Kvector2d[m[K(const double x, const double y) : x_(x), y_(y) {}
      |     [01;36m[K^~~~~~~~[m[K
[01m[K/home/fourdds/ros2_ws/src/boids/src/vector2d.hpp:[m[K In function ‘[01m[Kvector2d unit(const vector2d&)[m[K’:
[01m[K/home/fourdds/ros2_ws/src/boids/src/vector2d.hpp:117:32:[m[K [01;31m[Kerror: [m[K‘[01m[Kdouble vector2d::length() const[m[K’ is private within this context
  117 |     const auto len = [01;31m[Kvec.length()[m[K;
      |                      [01;31m[K~~~~~~~~~~^~[m[K
[01m[K/home/fourdds/ros2_ws/src/boids/src/vector2d.hpp:50:19:[m[K [01;36m[Knote: [m[Kdeclared private here
   50 |     inline double [01;36m[Klength[m[K() const
      |                   [01;36m[K^~~~~~[m[K
In file included from [01m[K/home/fourdds/ros2_ws/src/boids/src/main.cpp:1[m[K:
[01m[K/home/fourdds/ros2_ws/src/boids/src/uav_node.hpp:[m[K In constructor ‘[01m[KSwarm::UavNode::UavNode(int, const Swarm::Options&)[m[K’:
[01m[K/home/fourdds/ros2_ws/src/boids/src/uav_node.hpp:46:56:[m[K [01;31m[Kerror: [m[Kno matching function for call to ‘[01m[Kvector2d::vector2d()[m[K’
   46 |                                        options(options_[01;31m[K)[m[K                               // set swarm options
      |                                                        [01;31m[K^[m[K
In file included from [01m[K/home/fourdds/ros2_ws/src/boids/src/uav_node.hpp:17[m[K,
                 from [01m[K/home/fourdds/ros2_ws/src/boids/src/main.cpp:1[m[K:
[01m[K/home/fourdds/ros2_ws/src/boids/src/vector2d.hpp:11:5:[m[K [01;36m[Knote: [m[Kcandidate: ‘[01m[Kvector2d::vector2d(double, double)[m[K’
   11 |     [01;36m[Kvector2d[m[K(const double x, const double y) : x_(x), y_(y) {}
      |     [01;36m[K^~~~~~~~[m[K
[01m[K/home/fourdds/ros2_ws/src/boids/src/vector2d.hpp:11:5:[m[K [01;36m[Knote: [m[K  candidate expects 2 arguments, 0 provided
[01m[K/home/fourdds/ros2_ws/src/boids/src/vector2d.hpp:6:7:[m[K [01;36m[Knote: [m[Kcandidate: ‘[01m[Kconstexpr vector2d::vector2d(const vector2d&)[m[K’
    6 | class [01;36m[Kvector2d[m[K
      |       [01;36m[K^~~~~~~~[m[K
[01m[K/home/fourdds/ros2_ws/src/boids/src/vector2d.hpp:6:7:[m[K [01;36m[Knote: [m[K  candidate expects 1 argument, 0 provided
[01m[K/home/fourdds/ros2_ws/src/boids/src/vector2d.hpp:6:7:[m[K [01;36m[Knote: [m[Kcandidate: ‘[01m[Kconstexpr vector2d::vector2d(vector2d&&)[m[K’
[01m[K/home/fourdds/ros2_ws/src/boids/src/vector2d.hpp:6:7:[m[K [01;36m[Knote: [m[K  candidate expects 1 argument, 0 provided
In file included from [01m[K/home/fourdds/ros2_ws/src/boids/src/main.cpp:1[m[K:
[01m[K/home/fourdds/ros2_ws/src/boids/src/uav_node.hpp:46:56:[m[K [01;31m[Kerror: [m[Kno matching function for call to ‘[01m[Kvector2d::vector2d()[m[K’
   46 |                                        options(options_[01;31m[K)[m[K                               // set swarm options
      |                                                        [01;31m[K^[m[K
In file included from [01m[K/home/fourdds/ros2_ws/src/boids/src/uav_node.hpp:17[m[K,
                 from [01m[K/home/fourdds/ros2_ws/src/boids/src/main.cpp:1[m[K:
[01m[K/home/fourdds/ros2_ws/src/boids/src/vector2d.hpp:11:5:[m[K [01;36m[Knote: [m[Kcandidate: ‘[01m[Kvector2d::vector2d(double, double)[m[K’
   11 |     [01;36m[Kvector2d[m[K(const double x, const double y) : x_(x), y_(y) {}
      |     [01;36m[K^~~~~~~~[m[K
[01m[K/home/fourdds/ros2_ws/src/boids/src/vector2d.hpp:11:5:[m[K [01;36m[Knote: [m[K  candidate expects 2 arguments, 0 provided
[01m[K/home/fourdds/ros2_ws/src/boids/src/vector2d.hpp:6:7:[m[K [01;36m[Knote: [m[Kcandidate: ‘[01m[Kconstexpr vector2d::vector2d(const vector2d&)[m[K’
    6 | class [01;36m[Kvector2d[m[K
      |       [01;36m[K^~~~~~~~[m[K
[01m[K/home/fourdds/ros2_ws/src/boids/src/vector2d.hpp:6:7:[m[K [01;36m[Knote: [m[K  candidate expects 1 argument, 0 provided
[01m[K/home/fourdds/ros2_ws/src/boids/src/vector2d.hpp:6:7:[m[K [01;36m[Knote: [m[Kcandidate: ‘[01m[Kconstexpr vector2d::vector2d(vector2d&&)[m[K’
[01m[K/home/fourdds/ros2_ws/src/boids/src/vector2d.hpp:6:7:[m[K [01;36m[Knote: [m[K  candidate expects 1 argument, 0 provided
In file included from [01m[K/home/fourdds/ros2_ws/src/boids/src/main.cpp:1[m[K:
[01m[K/home/fourdds/ros2_ws/src/boids/src/uav_node.hpp:46:56:[m[K [01;31m[Kerror: [m[Kno matching function for call to ‘[01m[Kvector2d::vector2d()[m[K’
   46 |                                        options(options_[01;31m[K)[m[K                               // set swarm options
      |                                                        [01;31m[K^[m[K
In file included from [01m[K/home/fourdds/ros2_ws/src/boids/src/uav_node.hpp:17[m[K,
                 from [01m[K/home/fourdds/ros2_ws/src/boids/src/main.cpp:1[m[K:
[01m[K/home/fourdds/ros2_ws/src/boids/src/vector2d.hpp:11:5:[m[K [01;36m[Knote: [m[Kcandidate: ‘[01m[Kvector2d::vector2d(double, double)[m[K’
   11 |     [01;36m[Kvector2d[m[K(const double x, const double y) : x_(x), y_(y) {}
      |     [01;36m[K^~~~~~~~[m[K
[01m[K/home/fourdds/ros2_ws/src/boids/src/vector2d.hpp:11:5:[m[K [01;36m[Knote: [m[K  candidate expects 2 arguments, 0 provided
[01m[K/home/fourdds/ros2_ws/src/boids/src/vector2d.hpp:6:7:[m[K [01;36m[Knote: [m[Kcandidate: ‘[01m[Kconstexpr vector2d::vector2d(const vector2d&)[m[K’
    6 | class [01;36m[Kvector2d[m[K
      |       [01;36m[K^~~~~~~~[m[K
[01m[K/home/fourdds/ros2_ws/src/boids/src/vector2d.hpp:6:7:[m[K [01;36m[Knote: [m[K  candidate expects 1 argument, 0 provided
[01m[K/home/fourdds/ros2_ws/src/boids/src/vector2d.hpp:6:7:[m[K [01;36m[Knote: [m[Kcandidate: ‘[01m[Kconstexpr vector2d::vector2d(vector2d&&)[m[K’
[01m[K/home/fourdds/ros2_ws/src/boids/src/vector2d.hpp:6:7:[m[K [01;36m[Knote: [m[K  candidate expects 1 argument, 0 provided
In file included from [01m[K/home/fourdds/ros2_ws/src/boids/src/main.cpp:1[m[K:
[01m[K/home/fourdds/ros2_ws/src/boids/src/uav_node.hpp:46:56:[m[K [01;31m[Kerror: [m[Kno matching function for call to ‘[01m[Kvector2d::vector2d()[m[K’
   46 |                                        options(options_[01;31m[K)[m[K                               // set swarm options
      |                                                        [01;31m[K^[m[K
In file included from [01m[K/home/fourdds/ros2_ws/src/boids/src/uav_node.hpp:17[m[K,
                 from [01m[K/home/fourdds/ros2_ws/src/boids/src/main.cpp:1[m[K:
[01m[K/home/fourdds/ros2_ws/src/boids/src/vector2d.hpp:11:5:[m[K [01;36m[Knote: [m[Kcandidate: ‘[01m[Kvector2d::vector2d(double, double)[m[K’
   11 |     [01;36m[Kvector2d[m[K(const double x, const double y) : x_(x), y_(y) {}
      |     [01;36m[K^~~~~~~~[m[K
[01m[K/home/fourdds/ros2_ws/src/boids/src/vector2d.hpp:11:5:[m[K [01;36m[Knote: [m[K  candidate expects 2 arguments, 0 provided
[01m[K/home/fourdds/ros2_ws/src/boids/src/vector2d.hpp:6:7:[m[K [01;36m[Knote: [m[Kcandidate: ‘[01m[Kconstexpr vector2d::vector2d(const vector2d&)[m[K’
    6 | class [01;36m[Kvector2d[m[K
      |       [01;36m[K^~~~~~~~[m[K
[01m[K/home/fourdds/ros2_ws/src/boids/src/vector2d.hpp:6:7:[m[K [01;36m[Knote: [m[K  candidate expects 1 argument, 0 provided
[01m[K/home/fourdds/ros2_ws/src/boids/src/vector2d.hpp:6:7:[m[K [01;36m[Knote: [m[Kcandidate: ‘[01m[Kconstexpr vector2d::vector2d(vector2d&&)[m[K’
[01m[K/home/fourdds/ros2_ws/src/boids/src/vector2d.hpp:6:7:[m[K [01;36m[Knote: [m[K  candidate expects 1 argument, 0 provided
In file included from [01m[K/home/fourdds/ros2_ws/src/boids/src/uav_node.cpp:1[m[K:
[01m[K/home/fourdds/ros2_ws/src/boids/src/uav_node.hpp:[m[K In constructor ‘[01m[KSwarm::UavNode::UavNode(int, const Swarm::Options&)[m[K’:
[01m[K/home/fourdds/ros2_ws/src/boids/src/uav_node.hpp:46:56:[m[K [01;31m[Kerror: [m[Kno matching function for call to ‘[01m[Kvector2d::vector2d()[m[K’
   46 |                                        options(options_[01;31m[K)[m[K                               // set swarm options
      |                                                        [01;31m[K^[m[K
In file included from [01m[K/home/fourdds/ros2_ws/src/boids/src/uav_node.hpp:17[m[K,
                 from [01m[K/home/fourdds/ros2_ws/src/boids/src/uav_node.cpp:1[m[K:
[01m[K/home/fourdds/ros2_ws/src/boids/src/vector2d.hpp:11:5:[m[K [01;36m[Knote: [m[Kcandidate: ‘[01m[Kvector2d::vector2d(double, double)[m[K’
   11 |     [01;36m[Kvector2d[m[K(const double x, const double y) : x_(x), y_(y) {}
      |     [01;36m[K^~~~~~~~[m[K
[01m[K/home/fourdds/ros2_ws/src/boids/src/vector2d.hpp:11:5:[m[K [01;36m[Knote: [m[K  candidate expects 2 arguments, 0 provided
[01m[K/home/fourdds/ros2_ws/src/boids/src/vector2d.hpp:6:7:[m[K [01;36m[Knote: [m[Kcandidate: ‘[01m[Kconstexpr vector2d::vector2d(const vector2d&)[m[K’
    6 | class [01;36m[Kvector2d[m[K
      |       [01;36m[K^~~~~~~~[m[K
[01m[K/home/fourdds/ros2_ws/src/boids/src/vector2d.hpp:6:7:[m[K [01;36m[Knote: [m[K  candidate expects 1 argument, 0 provided
[01m[K/home/fourdds/ros2_ws/src/boids/src/vector2d.hpp:6:7:[m[K [01;36m[Knote: [m[Kcandidate: ‘[01m[Kconstexpr vector2d::vector2d(vector2d&&)[m[K’
[01m[K/home/fourdds/ros2_ws/src/boids/src/vector2d.hpp:6:7:[m[K [01;36m[Knote: [m[K  candidate expects 1 argument, 0 provided
In file included from [01m[K/home/fourdds/ros2_ws/src/boids/src/uav_node.cpp:1[m[K:
[01m[K/home/fourdds/ros2_ws/src/boids/src/uav_node.hpp:46:56:[m[K [01;31m[Kerror: [m[Kno matching function for call to ‘[01m[Kvector2d::vector2d()[m[K’
   46 |                                        options(options_[01;31m[K)[m[K                               // set swarm options
      |                                                        [01;31m[K^[m[K
In file included from [01m[K/home/fourdds/ros2_ws/src/boids/src/uav_node.hpp:17[m[K,
                 from [01m[K/home/fourdds/ros2_ws/src/boids/src/uav_node.cpp:1[m[K:
[01m[K/home/fourdds/ros2_ws/src/boids/src/vector2d.hpp:11:5:[m[K [01;36m[Knote: [m[Kcandidate: ‘[01m[Kvector2d::vector2d(double, double)[m[K’
   11 |     [01;36m[Kvector2d[m[K(const double x, const double y) : x_(x), y_(y) {}
      |     [01;36m[K^~~~~~~~[m[K
[01m[K/home/fourdds/ros2_ws/src/boids/src/vector2d.hpp:11:5:[m[K [01;36m[Knote: [m[K  candidate expects 2 arguments, 0 provided
[01m[K/home/fourdds/ros2_ws/src/boids/src/vector2d.hpp:6:7:[m[K [01;36m[Knote: [m[Kcandidate: ‘[01m[Kconstexpr vector2d::vector2d(const vector2d&)[m[K’
    6 | class [01;36m[Kvector2d[m[K
      |       [01;36m[K^~~~~~~~[m[K
[01m[K/home/fourdds/ros2_ws/src/boids/src/vector2d.hpp:6:7:[m[K [01;36m[Knote: [m[K  candidate expects 1 argument, 0 provided
[01m[K/home/fourdds/ros2_ws/src/boids/src/vector2d.hpp:6:7:[m[K [01;36m[Knote: [m[Kcandidate: ‘[01m[Kconstexpr vector2d::vector2d(vector2d&&)[m[K’
[01m[K/home/fourdds/ros2_ws/src/boids/src/vector2d.hpp:6:7:[m[K [01;36m[Knote: [m[K  candidate expects 1 argument, 0 provided
In file included from [01m[K/home/fourdds/ros2_ws/src/boids/src/uav_node.cpp:1[m[K:
[01m[K/home/fourdds/ros2_ws/src/boids/src/uav_node.hpp:46:56:[m[K [01;31m[Kerror: [m[Kno matching function for call to ‘[01m[Kvector2d::vector2d()[m[K’
   46 |                                        options(options_[01;31m[K)[m[K                               // set swarm options
      |                                                        [01;31m[K^[m[K
In file included from [01m[K/home/fourdds/ros2_ws/src/boids/src/uav_node.hpp:17[m[K,
                 from [01m[K/home/fourdds/ros2_ws/src/boids/src/uav_node.cpp:1[m[K:
[01m[K/home/fourdds/ros2_ws/src/boids/src/vector2d.hpp:11:5:[m[K [01;36m[Knote: [m[Kcandidate: ‘[01m[Kvector2d::vector2d(double, double)[m[K’
   11 |     [01;36m[Kvector2d[m[K(const double x, const double y) : x_(x), y_(y) {}
      |     [01;36m[K^~~~~~~~[m[K
[01m[K/home/fourdds/ros2_ws/src/boids/src/vector2d.hpp:11:5:[m[K [01;36m[Knote: [m[K  candidate expects 2 arguments, 0 provided
[01m[K/home/fourdds/ros2_ws/src/boids/src/vector2d.hpp:6:7:[m[K [01;36m[Knote: [m[Kcandidate: ‘[01m[Kconstexpr vector2d::vector2d(const vector2d&)[m[K’
    6 | class [01;36m[Kvector2d[m[K
      |       [01;36m[K^~~~~~~~[m[K
[01m[K/home/fourdds/ros2_ws/src/boids/src/vector2d.hpp:6:7:[m[K [01;36m[Knote: [m[K  candidate expects 1 argument, 0 provided
[01m[K/home/fourdds/ros2_ws/src/boids/src/vector2d.hpp:6:7:[m[K [01;36m[Knote: [m[Kcandidate: ‘[01m[Kconstexpr vector2d::vector2d(vector2d&&)[m[K’
[01m[K/home/fourdds/ros2_ws/src/boids/src/vector2d.hpp:6:7:[m[K [01;36m[Knote: [m[K  candidate expects 1 argument, 0 provided
In file included from [01m[K/home/fourdds/ros2_ws/src/boids/src/uav_node.cpp:1[m[K:
[01m[K/home/fourdds/ros2_ws/src/boids/src/uav_node.hpp:46:56:[m[K [01;31m[Kerror: [m[Kno matching function for call to ‘[01m[Kvector2d::vector2d()[m[K’
   46 |                                        options(options_[01;31m[K)[m[K                               // set swarm options
      |                                                        [01;31m[K^[m[K
In file included from [01m[K/home/fourdds/ros2_ws/src/boids/src/uav_node.hpp:17[m[K,
                 from [01m[K/home/fourdds/ros2_ws/src/boids/src/uav_node.cpp:1[m[K:
[01m[K/home/fourdds/ros2_ws/src/boids/src/vector2d.hpp:11:5:[m[K [01;36m[Knote: [m[Kcandidate: ‘[01m[Kvector2d::vector2d(double, double)[m[K’
   11 |     [01;36m[Kvector2d[m[K(const double x, const double y) : x_(x), y_(y) {}
      |     [01;36m[K^~~~~~~~[m[K
[01m[K/home/fourdds/ros2_ws/src/boids/src/vector2d.hpp:11:5:[m[K [01;36m[Knote: [m[K  candidate expects 2 arguments, 0 provided
[01m[K/home/fourdds/ros2_ws/src/boids/src/vector2d.hpp:6:7:[m[K [01;36m[Knote: [m[Kcandidate: ‘[01m[Kconstexpr vector2d::vector2d(const vector2d&)[m[K’
    6 | class [01;36m[Kvector2d[m[K
      |       [01;36m[K^~~~~~~~[m[K
[01m[K/home/fourdds/ros2_ws/src/boids/src/vector2d.hpp:6:7:[m[K [01;36m[Knote: [m[K  candidate expects 1 argument, 0 provided
[01m[K/home/fourdds/ros2_ws/src/boids/src/vector2d.hpp:6:7:[m[K [01;36m[Knote: [m[Kcandidate: ‘[01m[Kconstexpr vector2d::vector2d(vector2d&&)[m[K’
[01m[K/home/fourdds/ros2_ws/src/boids/src/vector2d.hpp:6:7:[m[K [01;36m[Knote: [m[K  candidate expects 1 argument, 0 provided
[01m[K/home/fourdds/ros2_ws/src/boids/src/uav_node.cpp:[m[K In member function ‘[01m[Kvoid Swarm::UavNode::bootstrap()[m[K’:
[01m[K/home/fourdds/ros2_ws/src/boids/src/uav_node.cpp:110:30:[m[K [01;31m[Kerror: [m[K‘[01m[Kvector2d::vector2d(double, double)[m[K’ is private within this context
  110 |         sendGoto(Point2D{0, 0[01;31m[K}[m[K);
      |                              [01;31m[K^[m[K
In file included from [01m[K/home/fourdds/ros2_ws/src/boids/src/uav_node.hpp:17[m[K,
                 from [01m[K/home/fourdds/ros2_ws/src/boids/src/uav_node.cpp:1[m[K:
[01m[K/home/fourdds/ros2_ws/src/boids/src/vector2d.hpp:11:5:[m[K [01;36m[Knote: [m[Kdeclared private here
   11 |     [01;36m[Kvector2d[m[K(const double x, const double y) : x_(x), y_(y) {}
      |     [01;36m[K^~~~~~~~[m[K
[01m[K/home/fourdds/ros2_ws/src/boids/src/uav_node.cpp:[m[K In member function ‘[01m[Kvoid Swarm::UavNode::flockingLogic()[m[K’:
[01m[K/home/fourdds/ros2_ws/src/boids/src/uav_node.cpp:234:26:[m[K [01;31m[Kerror: [m[K‘[01m[Kvector2d::vector2d(double, double)[m[K’ is private within this context
  234 |     Point2D velocity{0, 0[01;31m[K}[m[K;
      |                          [01;31m[K^[m[K
In file included from [01m[K/home/fourdds/ros2_ws/src/boids/src/uav_node.hpp:17[m[K,
                 from [01m[K/home/fourdds/ros2_ws/src/boids/src/uav_node.cpp:1[m[K:
[01m[K/home/fourdds/ros2_ws/src/boids/src/vector2d.hpp:11:5:[m[K [01;36m[Knote: [m[Kdeclared private here
   11 |     [01;36m[Kvector2d[m[K(const double x, const double y) : x_(x), y_(y) {}
      |     [01;36m[K^~~~~~~~[m[K
[01m[K/home/fourdds/ros2_ws/src/boids/src/uav_node.cpp:238:167:[m[K [01;31m[Kerror: [m[K‘[01m[Kvector2d::vector2d(double, double)[m[K’ is private within this context
  238 |         auto obstacle_avoidance_correction = (options.avoidanceRadius - obstacleRange) * Vector2D{cos(yawRadians + obstacleBearing), sin(yawRadians + obstacleBearing)[01;31m[K}[m[K;
      |                                                                                                                                                                       [01;31m[K^[m[K
In file included from [01m[K/home/fourdds/ros2_ws/src/boids/src/uav_node.hpp:17[m[K,
                 from [01m[K/home/fourdds/ros2_ws/src/boids/src/uav_node.cpp:1[m[K:
[01m[K/home/fourdds/ros2_ws/src/boids/src/vector2d.hpp:11:5:[m[K [01;36m[Knote: [m[Kdeclared private here
   11 |     [01;36m[Kvector2d[m[K(const double x, const double y) : x_(x), y_(y) {}
      |     [01;36m[K^~~~~~~~[m[K
[01m[K/home/fourdds/ros2_ws/src/boids/src/uav_node.cpp:239:21:[m[K [01;31m[Kerror: [m[K‘[01m[Kvector2d& vector2d::operator-=(const vector2d&)[m[K’ is private within this context
  239 |         velocity -= [01;31m[Kobstacle_avoidance_correction[m[K;
      |                     [01;31m[K^~~~~~~~~~~~~~~~~~~~~~~~~~~~~[m[K
In file included from [01m[K/home/fourdds/ros2_ws/src/boids/src/uav_node.hpp:17[m[K,
                 from [01m[K/home/fourdds/ros2_ws/src/boids/src/uav_node.cpp:1[m[K:
[01m[K/home/fourdds/ros2_ws/src/boids/src/vector2d.hpp:35:22:[m[K [01;36m[Knote: [m[Kdeclared private here
   35 |     inline vector2d& [01;36m[Koperator[m[K-=(const vector2d& other)
      |                      [01;36m[K^~~~~~~~[m[K
[01m[K/home/fourdds/ros2_ws/src/boids/src/uav_node.cpp:242:18:[m[K [01;31m[Kerror: [m[K‘[01m[Kdouble vector2d::x_[m[K’ is private within this context
  242 |     if (cohesion.[01;31m[Kx_[m[K != 0.0)
      |                  [01;31m[K^~[m[K
In file included from [01m[K/home/fourdds/ros2_ws/src/boids/src/uav_node.hpp:17[m[K,
                 from [01m[K/home/fourdds/ros2_ws/src/boids/src/uav_node.cpp:1[m[K:
[01m[K/home/fourdds/ros2_ws/src/boids/src/vector2d.hpp:8:12:[m[K [01;36m[Knote: [m[Kdeclared private here
    8 |     double [01;36m[Kx_[m[K = 0.0;
      |            [01;36m[K^~[m[K
[01m[K/home/fourdds/ros2_ws/src/boids/src/uav_node.cpp:244:44:[m[K [01;31m[Kerror: [m[K‘[01m[Kvector2d& vector2d::operator+=(const vector2d&)[m[K’ is private within this context
  244 |         velocity += options.cohesionFactor*[01;31m[Kcohesion[m[K;
      |                                            [01;31m[K^~~~~~~~[m[K
In file included from [01m[K/home/fourdds/ros2_ws/src/boids/src/uav_node.hpp:17[m[K,
                 from [01m[K/home/fourdds/ros2_ws/src/boids/src/uav_node.cpp:1[m[K:
[01m[K/home/fourdds/ros2_ws/src/boids/src/vector2d.hpp:28:22:[m[K [01;36m[Knote: [m[Kdeclared private here
   28 |     inline vector2d& [01;36m[Koperator[m[K+=(const vector2d& other)
      |                      [01;36m[K^~~~~~~~[m[K
[01m[K/home/fourdds/ros2_ws/src/boids/src/uav_node.cpp:246:45:[m[K [01;31m[Kerror: [m[K‘[01m[Kvector2d& vector2d::operator+=(const vector2d&)[m[K’ is private within this context
  246 |         velocity += options.alignmentFactor*[01;31m[Kalignment[m[K;
      |                                             [01;31m[K^~~~~~~~~[m[K
In file included from [01m[K/home/fourdds/ros2_ws/src/boids/src/uav_node.hpp:17[m[K,
                 from [01m[K/home/fourdds/ros2_ws/src/boids/src/uav_node.cpp:1[m[K:
[01m[K/home/fourdds/ros2_ws/src/boids/src/vector2d.hpp:28:22:[m[K [01;36m[Knote: [m[Kdeclared private here
   28 |     inline vector2d& [01;36m[Koperator[m[K+=(const vector2d& other)
      |                      [01;36m[K^~~~~~~~[m[K
[01m[K/home/fourdds/ros2_ws/src/boids/src/uav_node.cpp:248:45:[m[K [01;31m[Kerror: [m[K‘[01m[Kvector2d& vector2d::operator+=(const vector2d&)[m[K’ is private within this context
  248 |         velocity += options.avoidanceFactor*[01;31m[Kseparation[m[K;
      |                                             [01;31m[K^~~~~~~~~~[m[K
In file included from [01m[K/home/fourdds/ros2_ws/src/boids/src/uav_node.hpp:17[m[K,
                 from [01m[K/home/fourdds/ros2_ws/src/boids/src/uav_node.cpp:1[m[K:
[01m[K/home/fourdds/ros2_ws/src/boids/src/vector2d.hpp:28:22:[m[K [01;36m[Knote: [m[Kdeclared private here
   28 |     inline vector2d& [01;36m[Koperator[m[K+=(const vector2d& other)
      |                      [01;36m[K^~~~~~~~[m[K
[01m[K/home/fourdds/ros2_ws/src/boids/src/uav_node.cpp:252:28:[m[K [01;31m[Kerror: [m[K‘[01m[Kvoid vector2d::set_length(double)[m[K’ is private within this context
  252 |     [01;31m[KcurrentSpeed.set_length(options.maxSpeed)[m[K;
      |     [01;31m[K~~~~~~~~~~~~~~~~~~~~~~~^~~~~~~~~~~~~~~~~~[m[K
In file included from [01m[K/home/fourdds/ros2_ws/src/boids/src/uav_node.hpp:17[m[K,
                 from [01m[K/home/fourdds/ros2_ws/src/boids/src/uav_node.cpp:1[m[K:
[01m[K/home/fourdds/ros2_ws/src/boids/src/vector2d.hpp:72:17:[m[K [01;36m[Knote: [m[Kdeclared private here
   72 |     inline void [01;36m[Kset_length[m[K(const double len)
      |                 [01;36m[K^~~~~~~~~~[m[K
[01m[K/home/fourdds/ros2_ws/src/boids/src/uav_node.cpp:[m[K In member function ‘[01m[Kvoid Swarm::UavNode::sendGoto(const Point2D&)[m[K’:
[01m[K/home/fourdds/ros2_ws/src/boids/src/uav_node.cpp:287:57:[m[K [01;31m[Kerror: [m[K‘[01m[Kdouble vector2d::x() const[m[K’ is private within this context
  287 |     msg.position = std::array<float, 3>{float([01;31m[Klocation.x()[m[K), float(location.y()), -desiredRelAltitudeMetres};
      |                                               [01;31m[K~~~~~~~~~~^~[m[K
In file included from [01m[K/home/fourdds/ros2_ws/src/boids/src/uav_node.hpp:17[m[K,
                 from [01m[K/home/fourdds/ros2_ws/src/boids/src/uav_node.cpp:1[m[K:
[01m[K/home/fourdds/ros2_ws/src/boids/src/vector2d.hpp:13:12:[m[K [01;36m[Knote: [m[Kdeclared private here
   13 |     double [01;36m[Kx[m[K() const { return x_; }
      |            [01;36m[K^[m[K
[01m[K/home/fourdds/ros2_ws/src/boids/src/uav_node.cpp:287:78:[m[K [01;31m[Kerror: [m[K‘[01m[Kdouble vector2d::y() const[m[K’ is private within this context
  287 |     msg.position = std::array<float, 3>{float(location.x()), float([01;31m[Klocation.y()[m[K), -desiredRelAltitudeMetres};
      |                                                                    [01;31m[K~~~~~~~~~~^~[m[K
In file included from [01m[K/home/fourdds/ros2_ws/src/boids/src/uav_node.hpp:17[m[K,
                 from [01m[K/home/fourdds/ros2_ws/src/boids/src/uav_node.cpp:1[m[K:
[01m[K/home/fourdds/ros2_ws/src/boids/src/vector2d.hpp:14:12:[m[K [01;36m[Knote: [m[Kdeclared private here
   14 |     double [01;36m[Ky[m[K() const { return y_; }
      |            [01;36m[K^[m[K
[01m[K/home/fourdds/ros2_ws/src/boids/src/uav_node.cpp:[m[K In member function ‘[01m[Kvoid Swarm::UavNode::sendVelocity(const Vector2D&)[m[K’:
[01m[K/home/fourdds/ros2_ws/src/boids/src/uav_node.cpp:302:57:[m[K [01;31m[Kerror: [m[K‘[01m[Kdouble vector2d::x() const[m[K’ is private within this context
  302 |     msg.velocity = std::array<float, 3>{float([01;31m[Kvelocity.x()[m[K), float(velocity.y()), NAN};
      |                                               [01;31m[K~~~~~~~~~~^~[m[K
In file included from [01m[K/home/fourdds/ros2_ws/src/boids/src/uav_node.hpp:17[m[K,
                 from [01m[K/home/fourdds/ros2_ws/src/boids/src/uav_node.cpp:1[m[K:
[01m[K/home/fourdds/ros2_ws/src/boids/src/vector2d.hpp:13:12:[m[K [01;36m[Knote: [m[Kdeclared private here
   13 |     double [01;36m[Kx[m[K() const { return x_; }
      |            [01;36m[K^[m[K
[01m[K/home/fourdds/ros2_ws/src/boids/src/uav_node.cpp:302:78:[m[K [01;31m[Kerror: [m[K‘[01m[Kdouble vector2d::y() const[m[K’ is private within this context
  302 |     msg.velocity = std::array<float, 3>{float(velocity.x()), float([01;31m[Kvelocity.y()[m[K), NAN};
      |                                                                    [01;31m[K~~~~~~~~~~^~[m[K
In file included from [01m[K/home/fourdds/ros2_ws/src/boids/src/uav_node.hpp:17[m[K,
                 from [01m[K/home/fourdds/ros2_ws/src/boids/src/uav_node.cpp:1[m[K:
[01m[K/home/fourdds/ros2_ws/src/boids/src/vector2d.hpp:14:12:[m[K [01;36m[Knote: [m[Kdeclared private here
   14 |     double [01;36m[Ky[m[K() const { return y_; }
      |            [01;36m[K^[m[K
[01m[K/home/fourdds/ros2_ws/src/boids/src/uav_node.cpp:[m[K In member function ‘[01m[Kvoid Swarm::UavNode::sendGeoPing()[m[K’:
[01m[K/home/fourdds/ros2_ws/src/boids/src/uav_node.cpp:317:41:[m[K [01;31m[Kerror: [m[K‘[01m[Kdouble vector2d::x() const[m[K’ is private within this context
  317 |     msg.speed_north_m_s = [01;31m[KcurrentSpeed.x()[m[K;
      |                           [01;31m[K~~~~~~~~~~~~~~^~[m[K
In file included from [01m[K/home/fourdds/ros2_ws/src/boids/src/uav_node.hpp:17[m[K,
                 from [01m[K/home/fourdds/ros2_ws/src/boids/src/uav_node.cpp:1[m[K:
[01m[K/home/fourdds/ros2_ws/src/boids/src/vector2d.hpp:13:12:[m[K [01;36m[Knote: [m[Kdeclared private here
   13 |     double [01;36m[Kx[m[K() const { return x_; }
      |            [01;36m[K^[m[K
[01m[K/home/fourdds/ros2_ws/src/boids/src/uav_node.cpp:318:40:[m[K [01;31m[Kerror: [m[K‘[01m[Kdouble vector2d::y() const[m[K’ is private within this context
  318 |     msg.speed_east_m_s = [01;31m[KcurrentSpeed.y()[m[K;
      |                          [01;31m[K~~~~~~~~~~~~~~^~[m[K
In file included from [01m[K/home/fourdds/ros2_ws/src/boids/src/uav_node.hpp:17[m[K,
                 from [01m[K/home/fourdds/ros2_ws/src/boids/src/uav_node.cpp:1[m[K:
[01m[K/home/fourdds/ros2_ws/src/boids/src/vector2d.hpp:14:12:[m[K [01;36m[Knote: [m[Kdeclared private here
   14 |     double [01;36m[Ky[m[K() const { return y_; }
      |            [01;36m[K^[m[K
[01m[K/home/fourdds/ros2_ws/src/boids/src/uav_node.cpp:[m[K In member function ‘[01m[Kvoid Swarm::UavNode::flockingSubscriptionCallback(boids::msg::Flocking_<std::allocator<void> >::ConstSharedPtr)[m[K’:
[01m[K/home/fourdds/ros2_ws/src/boids/src/uav_node.cpp:347:57:[m[K [01;31m[Kerror: [m[K‘[01m[Kvector2d::vector2d(double, double)[m[K’ is private within this context
  347 |     cohesion = Vector2D{msg->cohesion_x, msg->cohesion_y[01;31m[K}[m[K;
      |                                                         [01;31m[K^[m[K
In file included from [01m[K/home/fourdds/ros2_ws/src/boids/src/uav_node.hpp:17[m[K,
                 from [01m[K/home/fourdds/ros2_ws/src/boids/src/uav_node.cpp:1[m[K:
[01m[K/home/fourdds/ros2_ws/src/boids/src/vector2d.hpp:11:5:[m[K [01;36m[Knote: [m[Kdeclared private here
   11 |     [01;36m[Kvector2d[m[K(const double x, const double y) : x_(x), y_(y) {}
      |     [01;36m[K^~~~~~~~[m[K
[01m[K/home/fourdds/ros2_ws/src/boids/src/uav_node.cpp:348:60:[m[K [01;31m[Kerror: [m[K‘[01m[Kvector2d::vector2d(double, double)[m[K’ is private within this context
  348 |     alignment = Vector2D{msg->alignment_x, msg->alignment_y[01;31m[K}[m[K;
      |                                                            [01;31m[K^[m[K
In file included from [01m[K/home/fourdds/ros2_ws/src/boids/src/uav_node.hpp:17[m[K,
                 from [01m[K/home/fourdds/ros2_ws/src/boids/src/uav_node.cpp:1[m[K:
[01m[K/home/fourdds/ros2_ws/src/boids/src/vector2d.hpp:11:5:[m[K [01;36m[Knote: [m[Kdeclared private here
   11 |     [01;36m[Kvector2d[m[K(const double x, const double y) : x_(x), y_(y) {}
      |     [01;36m[K^~~~~~~~[m[K
[01m[K/home/fourdds/ros2_ws/src/boids/src/uav_node.cpp:349:63:[m[K [01;31m[Kerror: [m[K‘[01m[Kvector2d::vector2d(double, double)[m[K’ is private within this context
  349 |     separation = Vector2D{msg->separation_x, msg->separation_y[01;31m[K}[m[K;
      |                                                               [01;31m[K^[m[K
In file included from [01m[K/home/fourdds/ros2_ws/src/boids/src/uav_node.hpp:17[m[K,
                 from [01m[K/home/fourdds/ros2_ws/src/boids/src/uav_node.cpp:1[m[K:
[01m[K/home/fourdds/ros2_ws/src/boids/src/vector2d.hpp:11:5:[m[K [01;36m[Knote: [m[Kdeclared private here
   11 |     [01;36m[Kvector2d[m[K(const double x, const double y) : x_(x), y_(y) {}
      |     [01;36m[K^~~~~~~~[m[K
[01m[K/home/fourdds/ros2_ws/src/boids/src/uav_node.cpp:[m[K In member function ‘[01m[Kvoid Swarm::UavNode::rpLidarSubscriptionCallback(sensor_msgs::msg::LaserScan_<std::allocator<void> >::ConstSharedPtr)[m[K’:
[01m[K/home/fourdds/ros2_ws/src/boids/src/uav_node.cpp:363:14:[m[K [01;31m[Kerror: [m[Kno matching function for call to ‘[01m[Kvector2d::vector2d()[m[K’
  363 |     Vector2D [01;31m[Kdirection_obs_escape[m[K;
      |              [01;31m[K^~~~~~~~~~~~~~~~~~~~[m[K
In file included from [01m[K/home/fourdds/ros2_ws/src/boids/src/uav_node.hpp:17[m[K,
                 from [01m[K/home/fourdds/ros2_ws/src/boids/src/uav_node.cpp:1[m[K:
[01m[K/home/fourdds/ros2_ws/src/boids/src/vector2d.hpp:11:5:[m[K [01;36m[Knote: [m[Kcandidate: ‘[01m[Kvector2d::vector2d(double, double)[m[K’
   11 |     [01;36m[Kvector2d[m[K(const double x, const double y) : x_(x), y_(y) {}
      |     [01;36m[K^~~~~~~~[m[K
[01m[K/home/fourdds/ros2_ws/src/boids/src/vector2d.hpp:11:5:[m[K [01;36m[Knote: [m[K  candidate expects 2 arguments, 0 provided
[01m[K/home/fourdds/ros2_ws/src/boids/src/vector2d.hpp:6:7:[m[K [01;36m[Knote: [m[Kcandidate: ‘[01m[Kconstexpr vector2d::vector2d(const vector2d&)[m[K’
    6 | class [01;36m[Kvector2d[m[K
      |       [01;36m[K^~~~~~~~[m[K
[01m[K/home/fourdds/ros2_ws/src/boids/src/vector2d.hpp:6:7:[m[K [01;36m[Knote: [m[K  candidate expects 1 argument, 0 provided
[01m[K/home/fourdds/ros2_ws/src/boids/src/vector2d.hpp:6:7:[m[K [01;36m[Knote: [m[Kcandidate: ‘[01m[Kconstexpr vector2d::vector2d(vector2d&&)[m[K’
[01m[K/home/fourdds/ros2_ws/src/boids/src/vector2d.hpp:6:7:[m[K [01;36m[Knote: [m[K  candidate expects 1 argument, 0 provided
[01m[K/home/fourdds/ros2_ws/src/boids/src/uav_node.cpp:371:86:[m[K [01;31m[Kerror: [m[K‘[01m[Kvector2d::vector2d(double, double)[m[K’ is private within this context
  371 |             direction_obs_escape += obs_range*Vector2D{cos(angle_rad), sin(angle_rad)[01;31m[K}[m[K;
      |                                                                                      [01;31m[K^[m[K
In file included from [01m[K/home/fourdds/ros2_ws/src/boids/src/uav_node.hpp:17[m[K,
                 from [01m[K/home/fourdds/ros2_ws/src/boids/src/uav_node.cpp:1[m[K:
[01m[K/home/fourdds/ros2_ws/src/boids/src/vector2d.hpp:11:5:[m[K [01;36m[Knote: [m[Kdeclared private here
   11 |     [01;36m[Kvector2d[m[K(const double x, const double y) : x_(x), y_(y) {}
      |     [01;36m[K^~~~~~~~[m[K
[01m[K/home/fourdds/ros2_ws/src/boids/src/uav_node.cpp:371:86:[m[K [01;31m[Kerror: [m[K‘[01m[Kvector2d& vector2d::operator+=(const vector2d&)[m[K’ is private within this context
  371 |             direction_obs_escape += obs_range*Vector2D{cos(angle_rad), sin(angle_rad)[01;31m[K}[m[K;
      |                                                                                      [01;31m[K^[m[K
In file included from [01m[K/home/fourdds/ros2_ws/src/boids/src/uav_node.hpp:17[m[K,
                 from [01m[K/home/fourdds/ros2_ws/src/boids/src/uav_node.cpp:1[m[K:
[01m[K/home/fourdds/ros2_ws/src/boids/src/vector2d.hpp:28:22:[m[K [01;36m[Knote: [m[Kdeclared private here
   28 |     inline vector2d& [01;36m[Koperator[m[K+=(const vector2d& other)
      |                      [01;36m[K^~~~~~~~[m[K
[01m[K/home/fourdds/ros2_ws/src/boids/src/uav_node.cpp:381:33:[m[K [01;31m[Kerror: [m[K‘[01m[Kvector2d& vector2d::operator/=(double)[m[K’ is private within this context
  381 |         direction_obs_escape /= [01;31m[Knum_obs[m[K;
      |                                 [01;31m[K^~~~~~~[m[K
In file included from [01m[K/home/fourdds/ros2_ws/src/boids/src/uav_node.hpp:17[m[K,
                 from [01m[K/home/fourdds/ros2_ws/src/boids/src/uav_node.cpp:1[m[K:
[01m[K/home/fourdds/ros2_ws/src/boids/src/vector2d.hpp:40:22:[m[K [01;36m[Knote: [m[Kdeclared private here
   40 |     inline vector2d& [01;36m[Koperator[m[K/=(const double factor)
      |                      [01;36m[K^~~~~~~~[m[K
[01m[K/home/fourdds/ros2_ws/src/boids/src/uav_node.cpp:382:52:[m[K [01;31m[Kerror: [m[K‘[01m[Kdouble vector2d::length() const[m[K’ is private within this context
  382 |         obstacleRange = [01;31m[Kdirection_obs_escape.length()[m[K;
      |                         [01;31m[K~~~~~~~~~~~~~~~~~~~~~~~~~~~^~[m[K
In file included from [01m[K/home/fourdds/ros2_ws/src/boids/src/uav_node.hpp:17[m[K,
                 from [01m[K/home/fourdds/ros2_ws/src/boids/src/uav_node.cpp:1[m[K:
[01m[K/home/fourdds/ros2_ws/src/boids/src/vector2d.hpp:50:19:[m[K [01;36m[Knote: [m[Kdeclared private here
   50 |     inline double [01;36m[Klength[m[K() const
      |                   [01;36m[K^~~~~~[m[K
[01m[K/home/fourdds/ros2_ws/src/boids/src/uav_node.cpp:383:78:[m[K [01;31m[Kerror: [m[K‘[01m[Kdouble vector2d::y() const[m[K’ is private within this context
  383 |         obstacleBearing = geo::lidarBearingToYaw(atan2([01;31m[Kdirection_obs_escape.y()[m[K, direction_obs_escape.x()));
      |                                                        [01;31m[K~~~~~~~~~~~~~~~~~~~~~~^~[m[K
In file included from [01m[K/home/fourdds/ros2_ws/src/boids/src/uav_node.hpp:17[m[K,
                 from [01m[K/home/fourdds/ros2_ws/src/boids/src/uav_node.cpp:1[m[K:
[01m[K/home/fourdds/ros2_ws/src/boids/src/vector2d.hpp:14:12:[m[K [01;36m[Knote: [m[Kdeclared private here
   14 |     double [01;36m[Ky[m[K() const { return y_; }
      |            [01;36m[K^[m[K
[01m[K/home/fourdds/ros2_ws/src/boids/src/uav_node.cpp:383:104:[m[K [01;31m[Kerror: [m[K‘[01m[Kdouble vector2d::x() const[m[K’ is private within this context
  383 |         obstacleBearing = geo::lidarBearingToYaw(atan2(direction_obs_escape.y(), [01;31m[Kdirection_obs_escape.x()[m[K));
      |                                                                                  [01;31m[K~~~~~~~~~~~~~~~~~~~~~~^~[m[K
In file included from [01m[K/home/fourdds/ros2_ws/src/boids/src/uav_node.hpp:17[m[K,
                 from [01m[K/home/fourdds/ros2_ws/src/boids/src/uav_node.cpp:1[m[K:
[01m[K/home/fourdds/ros2_ws/src/boids/src/vector2d.hpp:13:12:[m[K [01;36m[Knote: [m[Kdeclared private here
   13 |     double [01;36m[Kx[m[K() const { return x_; }
      |            [01;36m[K^[m[K
[01m[K/home/fourdds/ros2_ws/src/boids/src/uav_node.cpp:[m[K In member function ‘[01m[Kvoid Swarm::UavNode::requestTakeoff()[m[K’:
[01m[K/home/fourdds/ros2_ws/src/boids/src/uav_node.cpp:433:47:[m[K [01;31m[Kerror: [m[K‘[01m[Kvector2d::vector2d(double, double)[m[K’ is private within this context
  433 |     sendGoto(Point2D{xNorthMetres, yEastMetres[01;31m[K}[m[K);
      |                                               [01;31m[K^[m[K
In file included from [01m[K/home/fourdds/ros2_ws/src/boids/src/uav_node.hpp:17[m[K,
                 from [01m[K/home/fourdds/ros2_ws/src/boids/src/uav_node.cpp:1[m[K:
[01m[K/home/fourdds/ros2_ws/src/boids/src/vector2d.hpp:11:5:[m[K [01;36m[Knote: [m[Kdeclared private here
   11 |     [01;36m[Kvector2d[m[K(const double x, const double y) : x_(x), y_(y) {}
      |     [01;36m[K^~~~~~~~[m[K
gmake[2]: *** [CMakeFiles/swarm_spawner.dir/build.make:104: CMakeFiles/swarm_spawner.dir/src/main.cpp.o] Error 1
gmake[2]: *** Waiting for unfinished jobs....
gmake[2]: *** [CMakeFiles/swarm_spawner.dir/build.make:90: CMakeFiles/swarm_spawner.dir/src/base_station.cpp.o] Error 1
gmake[2]: *** [CMakeFiles/swarm_spawner.dir/build.make:76: CMakeFiles/swarm_spawner.dir/src/uav_node.cpp.o] Error 1
gmake[1]: *** [CMakeFiles/Makefile2:620: CMakeFiles/swarm_spawner.dir/all] Error 2
gmake: *** [Makefile:146: all] Error 2
