[0.009s] Invoking command in '/home/fourdds/ros2_ws/build/drone': CMAKE_PREFIX_PATH=${CMAKE_PREFIX_PATH}:/home/fourdds/ros2_ws/install/analysis:/opt/ros/humble /usr/bin/cmake --build /home/fourdds/ros2_ws/build/drone -- -j24 -l24
[0.081s] [35m[1mConsolidate compiler generated dependencies of target Drone[0m
[0.113s] [ 33%] [32mBuilding CXX object CMakeFiles/Drone.dir/src/main.cpp.o[0m
[8.387s] [ 66%] [32m[1mLinking CXX executable Drone[0m
[8.893s] [100%] Built target Drone
[8.899s] Invoked command in '/home/fourdds/ros2_ws/build/drone' returned '0': CMAKE_PREFIX_PATH=${CMAKE_PREFIX_PATH}:/home/fourdds/ros2_ws/install/analysis:/opt/ros/humble /usr/bin/cmake --build /home/fourdds/ros2_ws/build/drone -- -j24 -l24
[8.917s] Invoking command in '/home/fourdds/ros2_ws/build/drone': CMAKE_PREFIX_PATH=${CMAKE_PREFIX_PATH}:/home/fourdds/ros2_ws/install/analysis:/opt/ros/humble /usr/bin/cmake --install /home/fourdds/ros2_ws/build/drone
[8.920s] -- Install configuration: ""
[8.922s] -- Installing: /home/fourdds/ros2_ws/install/drone/lib/drone/Drone
[8.923s] -- Set runtime path of "/home/fourdds/ros2_ws/install/drone/lib/drone/Drone" to ""
[8.923s] -- Up-to-date: /home/fourdds/ros2_ws/install/drone/share/ament_index/resource_index/package_run_dependencies/drone
[8.923s] -- Up-to-date: /home/fourdds/ros2_ws/install/drone/share/ament_index/resource_index/parent_prefix_path/drone
[8.923s] -- Up-to-date: /home/fourdds/ros2_ws/install/drone/share/drone/environment/ament_prefix_path.sh
[8.923s] -- Up-to-date: /home/fourdds/ros2_ws/install/drone/share/drone/environment/ament_prefix_path.dsv
[8.923s] -- Up-to-date: /home/fourdds/ros2_ws/install/drone/share/drone/environment/path.sh
[8.923s] -- Up-to-date: /home/fourdds/ros2_ws/install/drone/share/drone/environment/path.dsv
[8.923s] -- Up-to-date: /home/fourdds/ros2_ws/install/drone/share/drone/local_setup.bash
[8.923s] -- Up-to-date: /home/fourdds/ros2_ws/install/drone/share/drone/local_setup.sh
[8.923s] -- Up-to-date: /home/fourdds/ros2_ws/install/drone/share/drone/local_setup.zsh
[8.923s] -- Up-to-date: /home/fourdds/ros2_ws/install/drone/share/drone/local_setup.dsv
[8.924s] -- Installing: /home/fourdds/ros2_ws/install/drone/share/drone/package.dsv
[8.924s] -- Up-to-date: /home/fourdds/ros2_ws/install/drone/share/ament_index/resource_index/packages/drone
[8.924s] -- Up-to-date: /home/fourdds/ros2_ws/install/drone/share/drone/cmake/droneConfig.cmake
[8.924s] -- Up-to-date: /home/fourdds/ros2_ws/install/drone/share/drone/cmake/droneConfig-version.cmake
[8.924s] -- Up-to-date: /home/fourdds/ros2_ws/install/drone/share/drone/package.xml
[8.925s] Invoked command in '/home/fourdds/ros2_ws/build/drone' returned '0': CMAKE_PREFIX_PATH=${CMAKE_PREFIX_PATH}:/home/fourdds/ros2_ws/install/analysis:/opt/ros/humble /usr/bin/cmake --install /home/fourdds/ros2_ws/build/drone
