[0.459s] Invoking command in '/home/fourdds/ros2_ws/src/analysis': PYTHONPATH=/home/fourdds/ros2_ws/build/analysis/prefix_override:/home/fourdds/ros2_ws/install/analysis/lib/python3.10/site-packages:${PYTHONPATH} /usr/bin/python3 -W ignore:setup.py install is deprecated setup.py egg_info --egg-base ../../build/analysis build --build-base /home/fourdds/ros2_ws/build/analysis/build install --record /home/fourdds/ros2_ws/build/analysis/install.log --single-version-externally-managed install_data
[0.576s] running egg_info
[0.582s] writing ../../build/analysis/analysis.egg-info/PKG-INFO
[0.583s] writing dependency_links to ../../build/analysis/analysis.egg-info/dependency_links.txt
[0.583s] writing entry points to ../../build/analysis/analysis.egg-info/entry_points.txt
[0.583s] writing requirements to ../../build/analysis/analysis.egg-info/requires.txt
[0.584s] writing top-level names to ../../build/analysis/analysis.egg-info/top_level.txt
[0.597s] reading manifest file '../../build/analysis/analysis.egg-info/SOURCES.txt'
[0.597s] adding license file 'LICENSE'
[0.598s] writing manifest file '../../build/analysis/analysis.egg-info/SOURCES.txt'
[0.598s] running build
[0.598s] running build_py
[0.598s] copying analysis/PathView.py -> /home/fourdds/ros2_ws/build/analysis/build/lib/analysis
[0.598s] copying analysis/__init__.py -> /home/fourdds/ros2_ws/build/analysis/build/lib/analysis
[0.599s] running install
[0.601s] running install_lib
[0.609s] running install_data
[0.609s] copying resource/analysis -> /home/fourdds/ros2_ws/install/analysis/share/ament_index/resource_index/packages
[0.609s] copying package.xml -> /home/fourdds/ros2_ws/install/analysis/share/analysis
[0.609s] running install_egg_info
[0.616s] removing '/home/fourdds/ros2_ws/install/analysis/lib/python3.10/site-packages/analysis-0.0.0-py3.10.egg-info' (and everything under it)
[0.616s] Copying ../../build/analysis/analysis.egg-info to /home/fourdds/ros2_ws/install/analysis/lib/python3.10/site-packages/analysis-0.0.0-py3.10.egg-info
[0.617s] running install_scripts
[0.682s] Installing PathView script to /home/fourdds/ros2_ws/install/analysis/lib/analysis
[0.682s] writing list of installed files to '/home/fourdds/ros2_ws/build/analysis/install.log'
[0.697s] Invoked command in '/home/fourdds/ros2_ws/src/analysis' returned '0': PYTHONPATH=/home/fourdds/ros2_ws/build/analysis/prefix_override:/home/fourdds/ros2_ws/install/analysis/lib/python3.10/site-packages:${PYTHONPATH} /usr/bin/python3 -W ignore:setup.py install is deprecated setup.py egg_info --egg-base ../../build/analysis build --build-base /home/fourdds/ros2_ws/build/analysis/build install --record /home/fourdds/ros2_ws/build/analysis/install.log --single-version-externally-managed install_data
