[35m[1mConsolidate compiler generated dependencies of target Drone[0m
[ 33%] [32mBuilding CXX object CMakeFiles/Drone.dir/src/Drone.cpp.o[0m
[01m[K/home/fourdds/ros2_ws/src/drone/src/Drone.cpp:[m[K In member function ‘[01m[Kvoid fdds::Drone::publishTargetPosition()[m[K’:
[01m[K/home/fourdds/ros2_ws/src/drone/src/Drone.cpp:295:47:[m[K [01;31m[Kerror: [m[Kno match for ‘[01m[Koperator[][m[K’ (operand types are ‘[01m[Kfdds_messages::msg::GeoPing[m[K’ {aka ‘[01m[Kfdds_messages::msg::GeoPing_<std::allocator<void> >[m[K’} and ‘[01m[Kint[m[K’)
  295 |     for (int i = 0; i < sizeof(msg)/sizeof(msg[01;31m[K[[m[K0]); ++i) {
      |                                               [01;31m[K^[m[K
[01m[K/home/fourdds/ros2_ws/src/drone/src/Drone.cpp:296:39:[m[K [01;31m[Kerror: [m[Kno match for ‘[01m[Koperator[][m[K’ (operand types are ‘[01m[Kfdds_messages::msg::GeoPing[m[K’ {aka ‘[01m[Kfdds_messages::msg::GeoPing_<std::allocator<void> >[m[K’} and ‘[01m[Kint[m[K’)
  296 |         std::cout << "TARGET: " << msg[01;31m[K[[m[Ki] << " ";
      |                                       [01;31m[K^[m[K
[01m[K/home/fourdds/ros2_ws/src/drone/src/Drone.cpp:[m[K In member function ‘[01m[Kvoid fdds::Drone::heartbeat()[m[K’:
[01m[K/home/fourdds/ros2_ws/src/drone/src/Drone.cpp:320:47:[m[K [01;31m[Kerror: [m[Kno match for ‘[01m[Koperator[][m[K’ (operand types are ‘[01m[Kpx4_msgs::msg::OffboardControlMode[m[K’ {aka ‘[01m[Kpx4_msgs::msg::OffboardControlMode_<std::allocator<void> >[m[K’} and ‘[01m[Kint[m[K’)
  320 |     for (int i = 0; i < sizeof(msg)/sizeof(msg[01;31m[K[[m[K0]); ++i) {
      |                                               [01;31m[K^[m[K
[01m[K/home/fourdds/ros2_ws/src/drone/src/Drone.cpp:321:43:[m[K [01;31m[Kerror: [m[Kno match for ‘[01m[Koperator[][m[K’ (operand types are ‘[01m[Kpx4_msgs::msg::OffboardControlMode[m[K’ {aka ‘[01m[Kpx4_msgs::msg::OffboardControlMode_<std::allocator<void> >[m[K’} and ‘[01m[Kint[m[K’)
  321 |         std::cout << "HEARTHBEAT: " << msg[01;31m[K[[m[Ki] << " ";
      |                                           [01;31m[K^[m[K
[01m[K/home/fourdds/ros2_ws/src/drone/src/Drone.cpp:[m[K In member function ‘[01m[Kvoid fdds::Drone::sendGoto(const Vector2d&, float)[m[K’:
[01m[K/home/fourdds/ros2_ws/src/drone/src/Drone.cpp:338:47:[m[K [01;31m[Kerror: [m[Kno match for ‘[01m[Koperator[][m[K’ (operand types are ‘[01m[Kpx4_msgs::msg::TrajectorySetpoint[m[K’ {aka ‘[01m[Kpx4_msgs::msg::TrajectorySetpoint_<std::allocator<void> >[m[K’} and ‘[01m[Kint[m[K’)
  338 |     for (int i = 0; i < sizeof(msg)/sizeof(msg[01;31m[K[[m[K0]); ++i) {
      |                                               [01;31m[K^[m[K
[01m[K/home/fourdds/ros2_ws/src/drone/src/Drone.cpp:339:37:[m[K [01;31m[Kerror: [m[Kno match for ‘[01m[Koperator[][m[K’ (operand types are ‘[01m[Kpx4_msgs::msg::TrajectorySetpoint[m[K’ {aka ‘[01m[Kpx4_msgs::msg::TrajectorySetpoint_<std::allocator<void> >[m[K’} and ‘[01m[Kint[m[K’)
  339 |         std::cout << "GOTO: " << msg[01;31m[K[[m[Ki] << " ";
      |                                     [01;31m[K^[m[K
[01m[K/home/fourdds/ros2_ws/src/drone/src/Drone.cpp:[m[K In member function ‘[01m[Kvoid fdds::Drone::sendVelocity(const Vector2d&, float)[m[K’:
[01m[K/home/fourdds/ros2_ws/src/drone/src/Drone.cpp:356:47:[m[K [01;31m[Kerror: [m[Kno match for ‘[01m[Koperator[][m[K’ (operand types are ‘[01m[Kpx4_msgs::msg::TrajectorySetpoint[m[K’ {aka ‘[01m[Kpx4_msgs::msg::TrajectorySetpoint_<std::allocator<void> >[m[K’} and ‘[01m[Kint[m[K’)
  356 |     for (int i = 0; i < sizeof(msg)/sizeof(msg[01;31m[K[[m[K0]); ++i) {
      |                                               [01;31m[K^[m[K
[01m[K/home/fourdds/ros2_ws/src/drone/src/Drone.cpp:357:41:[m[K [01;31m[Kerror: [m[Kno match for ‘[01m[Koperator[][m[K’ (operand types are ‘[01m[Kpx4_msgs::msg::TrajectorySetpoint[m[K’ {aka ‘[01m[Kpx4_msgs::msg::TrajectorySetpoint_<std::allocator<void> >[m[K’} and ‘[01m[Kint[m[K’)
  357 |         std::cout << "VELOCITY: " << msg[01;31m[K[[m[Ki] << " ";
      |                                         [01;31m[K^[m[K
[01m[K/home/fourdds/ros2_ws/src/drone/src/Drone.cpp:[m[K In member function ‘[01m[Kvoid fdds::Drone::sendGeoPing()[m[K’:
[01m[K/home/fourdds/ros2_ws/src/drone/src/Drone.cpp:374:47:[m[K [01;31m[Kerror: [m[Kno match for ‘[01m[Koperator[][m[K’ (operand types are ‘[01m[Kfdds_messages::msg::GeoPing[m[K’ {aka ‘[01m[Kfdds_messages::msg::GeoPing_<std::allocator<void> >[m[K’} and ‘[01m[Kint[m[K’)
  374 |     for (int i = 0; i < sizeof(msg)/sizeof(msg[01;31m[K[[m[K0]); ++i) {
      |                                               [01;31m[K^[m[K
[01m[K/home/fourdds/ros2_ws/src/drone/src/Drone.cpp:375:40:[m[K [01;31m[Kerror: [m[Kno match for ‘[01m[Koperator[][m[K’ (operand types are ‘[01m[Kfdds_messages::msg::GeoPing[m[K’ {aka ‘[01m[Kfdds_messages::msg::GeoPing_<std::allocator<void> >[m[K’} and ‘[01m[Kint[m[K’)
  375 |         std::cout << "GEOPING: " << msg[01;31m[K[[m[Ki] << " ";
      |                                        [01;31m[K^[m[K
gmake[2]: *** [CMakeFiles/Drone.dir/build.make:76: CMakeFiles/Drone.dir/src/Drone.cpp.o] Error 1
gmake[1]: *** [CMakeFiles/Makefile2:137: CMakeFiles/Drone.dir/all] Error 2
gmake: *** [Makefile:146: all] Error 2
