[0.006s] Invoking command in '/home/fourdds/ros2_ws/build/boids': CMAKE_PREFIX_PATH=/home/fourdds/ros2_ws/install/px4_msgs:/home/fourdds/ros2_ws/install/iris-logger:/home/fourdds/ros2_ws/install/px4_ros_com:/home/fourdds/ros2_ws/install/boids LD_LIBRARY_PATH=/home/fourdds/ros2_ws/install/px4_msgs/lib:/home/fourdds/ros2_ws/install/px4_ros_com/lib:/home/fourdds/ros2_ws/install/boids/lib:/usr/lib/x86_64-linux-gnu/gazebo-11/plugins:/opt/ros/humble/opt/rviz_ogre_vendor/lib:/opt/ros/humble/lib/x86_64-linux-gnu:/opt/ros/humble/lib /usr/bin/cmake --build /home/fourdds/ros2_ws/build/boids -- -j24 -l24
[0.018s] -- Found ament_cmake: 1.3.8 (/opt/ros/humble/share/ament_cmake/cmake)
[0.085s] -- Found builtin_interfaces: 1.2.1 (/opt/ros/humble/share/builtin_interfaces/cmake)
[0.097s] -- Found rosidl_generator_c: 3.1.5 (/opt/ros/humble/share/rosidl_generator_c/cmake)
[0.099s] -- Found rosidl_adapter: 3.1.5 (/opt/ros/humble/share/rosidl_adapter/cmake)
[0.102s] -- Found rosidl_generator_cpp: 3.1.5 (/opt/ros/humble/share/rosidl_generator_cpp/cmake)
[0.107s] -- Using all available rosidl_typesupport_c: rosidl_typesupport_fastrtps_c;rosidl_typesupport_introspection_c
[0.115s] -- Using all available rosidl_typesupport_cpp: rosidl_typesupport_fastrtps_cpp;rosidl_typesupport_introspection_cpp
[0.123s] -- Found eigen3_cmake_module: 0.1.1 (/opt/ros/humble/share/eigen3_cmake_module/cmake)
[0.124s] -- Found geometry_msgs: 4.2.3 (/opt/ros/humble/share/geometry_msgs/cmake)
[0.174s] -- Found px4_msgs: 2.0.1 (/home/fourdds/ros2_ws/install/px4_msgs/share/px4_msgs/cmake)
[0.192s] -- Found rclcpp: 16.0.8 (/opt/ros/humble/share/rclcpp/cmake)
[0.218s] -- Found rmw_implementation_cmake: 6.1.1 (/opt/ros/humble/share/rmw_implementation_cmake/cmake)
[0.219s] -- Found rmw_fastrtps_cpp: 6.2.6 (/opt/ros/humble/share/rmw_fastrtps_cpp/cmake)
[0.276s] -- Using RMW implementation 'rmw_fastrtps_cpp' as default
[0.344s] -- Found sensor_msgs: 4.2.3 (/opt/ros/humble/share/sensor_msgs/cmake)
[0.391s] -- Found rclpy: 3.3.12 (/opt/ros/humble/share/rclpy/cmake)
[0.391s] -- Found boids: 0.0.0 (/home/fourdds/ros2_ws/install/boids/share/boids/cmake)
[0.418s] [31mCMake Error at /home/fourdds/ros2_ws/install/boids/share/boids/cmake/ament_cmake_export_dependencies-extras.cmake:21 (find_package):
[0.418s]   Found package configuration file:
[0.418s] 
[0.418s]     /home/fourdds/ros2_ws/install/boids/share/boids/cmake/boidsConfig.cmake
[0.418s] 
[0.418s]   but it set boids_FOUND to FALSE so package "boids" is considered to be NOT
[0.419s]   FOUND.
[0.419s] Call Stack (most recent call first):
[0.419s]   /home/fourdds/ros2_ws/install/boids/share/boids/cmake/boidsConfig.cmake:41 (include)
[0.419s]   CMakeLists.txt:27 (find_package)
[0.419s] 
[0.419s] [0m
[0.419s] [31mCMake Error at CMakeLists.txt:27 (find_package):
[0.419s]   Found package configuration file:
[0.419s] 
[0.419s]     /home/fourdds/ros2_ws/install/boids/share/boids/cmake/boidsConfig.cmake
[0.419s] 
[0.419s]   but it set boids_FOUND to FALSE so package "boids" is considered to be NOT
[0.419s]   FOUND.
[0.419s] 
[0.419s] [0m
[0.419s] -- Configuring incomplete, errors occurred!
[0.419s] See also "/home/fourdds/ros2_ws/build/boids/CMakeFiles/CMakeOutput.log".
[0.422s] gmake: *** [Makefile:1004: cmake_check_build_system] Error 1
[0.423s] Invoked command in '/home/fourdds/ros2_ws/build/boids' returned '2': CMAKE_PREFIX_PATH=/home/fourdds/ros2_ws/install/px4_msgs:/home/fourdds/ros2_ws/install/iris-logger:/home/fourdds/ros2_ws/install/px4_ros_com:/home/fourdds/ros2_ws/install/boids LD_LIBRARY_PATH=/home/fourdds/ros2_ws/install/px4_msgs/lib:/home/fourdds/ros2_ws/install/px4_ros_com/lib:/home/fourdds/ros2_ws/install/boids/lib:/usr/lib/x86_64-linux-gnu/gazebo-11/plugins:/opt/ros/humble/opt/rviz_ogre_vendor/lib:/opt/ros/humble/lib/x86_64-linux-gnu:/opt/ros/humble/lib /usr/bin/cmake --build /home/fourdds/ros2_ws/build/boids -- -j24 -l24
