[0.008s] Invoking command in '/home/fourdds/ros2_ws/build/boids': CMAKE_PREFIX_PATH=/home/fourdds/ros2_ws/install/px4_msgs:/home/fourdds/ros2_ws/install/px4_ros_com:/home/fourdds/ros2_ws/install/boids:/opt/ros/humble LD_LIBRARY_PATH=/home/fourdds/ros2_ws/install/px4_msgs/lib:/home/fourdds/ros2_ws/install/px4_ros_com/lib:/home/fourdds/ros2_ws/install/boids/lib:/usr/lib/x86_64-linux-gnu/gazebo-11/plugins:/opt/ros/humble/opt/rviz_ogre_vendor/lib:/opt/ros/humble/lib/x86_64-linux-gnu:/opt/ros/humble/lib /usr/bin/cmake --build /home/fourdds/ros2_ws/build/boids -- -j24 -l24
[0.031s] [35m[1mConsolidate compiler generated dependencies of target swarm_spawner[0m
[0.032s] [  9%] Built target boids__rosidl_generator_c
[0.034s] [ 12%] Built target frame_transforms
[0.035s] [ 14%] Built target boids__cpp
[0.037s] [ 14%] Built target ament_cmake_python_copy_boids
[0.042s] [ 24%] Built target boids__rosidl_typesupport_c
[0.043s] [ 25%] [32mBuilding CXX object CMakeFiles/swarm_spawner.dir/src/uav_node.cpp.o[0m
[0.043s] [ 35%] Built target boids__rosidl_typesupport_fastrtps_c
[0.043s] [ 44%] Built target boids__rosidl_typesupport_introspection_c
[0.046s] [ 53%] Built target boids__rosidl_typesupport_cpp
[0.047s] [ 62%] Built target boids__rosidl_typesupport_fastrtps_cpp
[0.047s] [ 72%] Built target boids__rosidl_typesupport_introspection_cpp
[0.055s] [ 72%] Built target boids
[0.063s] [ 74%] Built target boids__py
[0.073s] [ 81%] Built target boids__rosidl_generator_py
[0.082s] [ 90%] Built target boids__rosidl_typesupport_fastrtps_c__pyext
[0.082s] [ 92%] Built target boids__rosidl_typesupport_introspection_c__pyext
[0.082s] [ 92%] Built target boids__rosidl_typesupport_c__pyext
[0.132s] running egg_info
[0.139s] writing boids.egg-info/PKG-INFO
[0.139s] writing dependency_links to boids.egg-info/dependency_links.txt
[0.139s] writing top-level names to boids.egg-info/top_level.txt
[0.157s] reading manifest file 'boids.egg-info/SOURCES.txt'
[0.158s] writing manifest file 'boids.egg-info/SOURCES.txt'
[0.171s] [ 92%] Built target ament_cmake_python_build_boids_egg
[20.187s] [ 94%] [32m[1mLinking CXX executable swarm_spawner[0m
[20.481s] [100%] Built target swarm_spawner
[20.489s] Invoked command in '/home/fourdds/ros2_ws/build/boids' returned '0': CMAKE_PREFIX_PATH=/home/fourdds/ros2_ws/install/px4_msgs:/home/fourdds/ros2_ws/install/px4_ros_com:/home/fourdds/ros2_ws/install/boids:/opt/ros/humble LD_LIBRARY_PATH=/home/fourdds/ros2_ws/install/px4_msgs/lib:/home/fourdds/ros2_ws/install/px4_ros_com/lib:/home/fourdds/ros2_ws/install/boids/lib:/usr/lib/x86_64-linux-gnu/gazebo-11/plugins:/opt/ros/humble/opt/rviz_ogre_vendor/lib:/opt/ros/humble/lib/x86_64-linux-gnu:/opt/ros/humble/lib /usr/bin/cmake --build /home/fourdds/ros2_ws/build/boids -- -j24 -l24
[20.558s] Invoking command in '/home/fourdds/ros2_ws/build/boids': CMAKE_PREFIX_PATH=/home/fourdds/ros2_ws/install/px4_msgs:/home/fourdds/ros2_ws/install/px4_ros_com:/home/fourdds/ros2_ws/install/boids:/opt/ros/humble LD_LIBRARY_PATH=/home/fourdds/ros2_ws/install/px4_msgs/lib:/home/fourdds/ros2_ws/install/px4_ros_com/lib:/home/fourdds/ros2_ws/install/boids/lib:/usr/lib/x86_64-linux-gnu/gazebo-11/plugins:/opt/ros/humble/opt/rviz_ogre_vendor/lib:/opt/ros/humble/lib/x86_64-linux-gnu:/opt/ros/humble/lib /usr/bin/cmake --install /home/fourdds/ros2_ws/build/boids
[20.563s] -- Install configuration: ""
[20.563s] -- Up-to-date: /home/fourdds/ros2_ws/install/boids/share/ament_index/resource_index/rosidl_interfaces/boids
[20.563s] -- Up-to-date: /home/fourdds/ros2_ws/install/boids/include/boids/boids
[20.563s] -- Up-to-date: /home/fourdds/ros2_ws/install/boids/include/boids/boids/msg
[20.564s] -- Up-to-date: /home/fourdds/ros2_ws/install/boids/include/boids/boids/msg/rosidl_generator_c__visibility_control.h
[20.564s] -- Up-to-date: /home/fourdds/ros2_ws/install/boids/include/boids/boids/msg/detail
[20.564s] -- Up-to-date: /home/fourdds/ros2_ws/install/boids/include/boids/boids/msg/detail/neighbors_com__type_support.h
[20.564s] -- Up-to-date: /home/fourdds/ros2_ws/install/boids/include/boids/boids/msg/detail/flocking__functions.c
[20.564s] -- Up-to-date: /home/fourdds/ros2_ws/install/boids/include/boids/boids/msg/detail/neighbors_com__functions.h
[20.564s] -- Up-to-date: /home/fourdds/ros2_ws/install/boids/include/boids/boids/msg/detail/neighbors_com__functions.c
[20.565s] -- Up-to-date: /home/fourdds/ros2_ws/install/boids/include/boids/boids/msg/detail/flock_center_of_mass__functions.h
[20.565s] -- Up-to-date: /home/fourdds/ros2_ws/install/boids/include/boids/boids/msg/detail/geo_ping__type_support.h
[20.565s] -- Up-to-date: /home/fourdds/ros2_ws/install/boids/include/boids/boids/msg/detail/geo_ping__functions.c
[20.565s] -- Up-to-date: /home/fourdds/ros2_ws/install/boids/include/boids/boids/msg/detail/flock_center_of_mass__functions.c
[20.565s] -- Up-to-date: /home/fourdds/ros2_ws/install/boids/include/boids/boids/msg/detail/flocking__functions.h
[20.565s] -- Up-to-date: /home/fourdds/ros2_ws/install/boids/include/boids/boids/msg/detail/flocking__struct.h
[20.565s] -- Up-to-date: /home/fourdds/ros2_ws/install/boids/include/boids/boids/msg/detail/flock_center_of_mass__struct.h
[20.565s] -- Up-to-date: /home/fourdds/ros2_ws/install/boids/include/boids/boids/msg/detail/neighbors_com__struct.h
[20.565s] -- Up-to-date: /home/fourdds/ros2_ws/install/boids/include/boids/boids/msg/detail/flock_center_of_mass__type_support.h
[20.565s] -- Up-to-date: /home/fourdds/ros2_ws/install/boids/include/boids/boids/msg/detail/flocking__type_support.h
[20.566s] -- Up-to-date: /home/fourdds/ros2_ws/install/boids/include/boids/boids/msg/detail/geo_ping__struct.h
[20.566s] -- Up-to-date: /home/fourdds/ros2_ws/install/boids/include/boids/boids/msg/detail/geo_ping__functions.h
[20.566s] -- Up-to-date: /home/fourdds/ros2_ws/install/boids/include/boids/boids/msg/neighbors_com.h
[20.566s] -- Up-to-date: /home/fourdds/ros2_ws/install/boids/include/boids/boids/msg/geo_ping.h
[20.566s] -- Up-to-date: /home/fourdds/ros2_ws/install/boids/include/boids/boids/msg/flocking.h
[20.566s] -- Up-to-date: /home/fourdds/ros2_ws/install/boids/include/boids/boids/msg/flock_center_of_mass.h
[20.566s] -- Up-to-date: /home/fourdds/ros2_ws/install/boids/include/boids/boids/srv
[20.566s] -- Up-to-date: /home/fourdds/ros2_ws/install/boids/include/boids/boids/srv/detail
[20.567s] -- Up-to-date: /home/fourdds/ros2_ws/install/boids/include/boids/boids/srv/detail/get_neighbors__struct.h
[20.567s] -- Up-to-date: /home/fourdds/ros2_ws/install/boids/include/boids/boids/srv/detail/get_neighbors__type_support.h
[20.567s] -- Up-to-date: /home/fourdds/ros2_ws/install/boids/include/boids/boids/srv/detail/get_neighbors__functions.h
[20.567s] -- Up-to-date: /home/fourdds/ros2_ws/install/boids/include/boids/boids/srv/detail/get_neighbors__functions.c
[20.567s] -- Up-to-date: /home/fourdds/ros2_ws/install/boids/include/boids/boids/srv/get_neighbors.h
[20.567s] -- Up-to-date: /home/fourdds/ros2_ws/install/boids/share/boids/environment/library_path.sh
[20.567s] -- Up-to-date: /home/fourdds/ros2_ws/install/boids/share/boids/environment/library_path.dsv
[20.567s] -- Up-to-date: /home/fourdds/ros2_ws/install/boids/lib/libboids__rosidl_generator_c.so
[20.567s] -- Up-to-date: /home/fourdds/ros2_ws/install/boids/include/boids/boids
[20.567s] -- Up-to-date: /home/fourdds/ros2_ws/install/boids/include/boids/boids/msg
[20.567s] -- Up-to-date: /home/fourdds/ros2_ws/install/boids/include/boids/boids/msg/detail
[20.568s] -- Up-to-date: /home/fourdds/ros2_ws/install/boids/include/boids/boids/msg/detail/neighbors_com__rosidl_typesupport_fastrtps_c.h
[20.568s] -- Up-to-date: /home/fourdds/ros2_ws/install/boids/include/boids/boids/msg/detail/geo_ping__rosidl_typesupport_fastrtps_c.h
[20.568s] -- Up-to-date: /home/fourdds/ros2_ws/install/boids/include/boids/boids/msg/detail/flocking__rosidl_typesupport_fastrtps_c.h
[20.568s] -- Up-to-date: /home/fourdds/ros2_ws/install/boids/include/boids/boids/msg/detail/flock_center_of_mass__rosidl_typesupport_fastrtps_c.h
[20.568s] -- Up-to-date: /home/fourdds/ros2_ws/install/boids/include/boids/boids/msg/rosidl_typesupport_fastrtps_c__visibility_control.h
[20.568s] -- Up-to-date: /home/fourdds/ros2_ws/install/boids/include/boids/boids/srv
[20.568s] -- Up-to-date: /home/fourdds/ros2_ws/install/boids/include/boids/boids/srv/detail
[20.568s] -- Up-to-date: /home/fourdds/ros2_ws/install/boids/include/boids/boids/srv/detail/get_neighbors__rosidl_typesupport_fastrtps_c.h
[20.568s] -- Up-to-date: /home/fourdds/ros2_ws/install/boids/lib/libboids__rosidl_typesupport_fastrtps_c.so
[20.568s] -- Up-to-date: /home/fourdds/ros2_ws/install/boids/include/boids/boids
[20.568s] -- Up-to-date: /home/fourdds/ros2_ws/install/boids/include/boids/boids/msg
[20.568s] -- Up-to-date: /home/fourdds/ros2_ws/install/boids/include/boids/boids/msg/neighbors_com.hpp
[20.568s] -- Up-to-date: /home/fourdds/ros2_ws/install/boids/include/boids/boids/msg/geo_ping.hpp
[20.568s] -- Up-to-date: /home/fourdds/ros2_ws/install/boids/include/boids/boids/msg/detail
[20.568s] -- Up-to-date: /home/fourdds/ros2_ws/install/boids/include/boids/boids/msg/detail/flocking__builder.hpp
[20.568s] -- Up-to-date: /home/fourdds/ros2_ws/install/boids/include/boids/boids/msg/detail/flock_center_of_mass__builder.hpp
[20.568s] -- Up-to-date: /home/fourdds/ros2_ws/install/boids/include/boids/boids/msg/detail/flock_center_of_mass__traits.hpp
[20.568s] -- Up-to-date: /home/fourdds/ros2_ws/install/boids/include/boids/boids/msg/detail/neighbors_com__builder.hpp
[20.568s] -- Up-to-date: /home/fourdds/ros2_ws/install/boids/include/boids/boids/msg/detail/neighbors_com__struct.hpp
[20.568s] -- Up-to-date: /home/fourdds/ros2_ws/install/boids/include/boids/boids/msg/detail/geo_ping__traits.hpp
[20.568s] -- Up-to-date: /home/fourdds/ros2_ws/install/boids/include/boids/boids/msg/detail/flock_center_of_mass__struct.hpp
[20.569s] -- Up-to-date: /home/fourdds/ros2_ws/install/boids/include/boids/boids/msg/detail/neighbors_com__traits.hpp
[20.569s] -- Up-to-date: /home/fourdds/ros2_ws/install/boids/include/boids/boids/msg/detail/flocking__traits.hpp
[20.569s] -- Up-to-date: /home/fourdds/ros2_ws/install/boids/include/boids/boids/msg/detail/geo_ping__builder.hpp
[20.569s] -- Up-to-date: /home/fourdds/ros2_ws/install/boids/include/boids/boids/msg/detail/flocking__struct.hpp
[20.569s] -- Up-to-date: /home/fourdds/ros2_ws/install/boids/include/boids/boids/msg/detail/geo_ping__struct.hpp
[20.569s] -- Up-to-date: /home/fourdds/ros2_ws/install/boids/include/boids/boids/msg/flock_center_of_mass.hpp
[20.569s] -- Up-to-date: /home/fourdds/ros2_ws/install/boids/include/boids/boids/msg/flocking.hpp
[20.569s] -- Up-to-date: /home/fourdds/ros2_ws/install/boids/include/boids/boids/srv
[20.569s] -- Up-to-date: /home/fourdds/ros2_ws/install/boids/include/boids/boids/srv/detail
[20.569s] -- Up-to-date: /home/fourdds/ros2_ws/install/boids/include/boids/boids/srv/detail/get_neighbors__traits.hpp
[20.569s] -- Up-to-date: /home/fourdds/ros2_ws/install/boids/include/boids/boids/srv/detail/get_neighbors__struct.hpp
[20.569s] -- Up-to-date: /home/fourdds/ros2_ws/install/boids/include/boids/boids/srv/detail/get_neighbors__builder.hpp
[20.569s] -- Up-to-date: /home/fourdds/ros2_ws/install/boids/include/boids/boids/srv/get_neighbors.hpp
[20.569s] -- Up-to-date: /home/fourdds/ros2_ws/install/boids/include/boids/boids
[20.569s] -- Up-to-date: /home/fourdds/ros2_ws/install/boids/include/boids/boids/msg
[20.569s] -- Up-to-date: /home/fourdds/ros2_ws/install/boids/include/boids/boids/msg/detail
[20.569s] -- Up-to-date: /home/fourdds/ros2_ws/install/boids/include/boids/boids/msg/detail/flocking__rosidl_typesupport_fastrtps_cpp.hpp
[20.569s] -- Up-to-date: /home/fourdds/ros2_ws/install/boids/include/boids/boids/msg/detail/flock_center_of_mass__rosidl_typesupport_fastrtps_cpp.hpp
[20.569s] -- Up-to-date: /home/fourdds/ros2_ws/install/boids/include/boids/boids/msg/detail/geo_ping__rosidl_typesupport_fastrtps_cpp.hpp
[20.569s] -- Up-to-date: /home/fourdds/ros2_ws/install/boids/include/boids/boids/msg/detail/dds_fastrtps
[20.569s] -- Up-to-date: /home/fourdds/ros2_ws/install/boids/include/boids/boids/msg/detail/neighbors_com__rosidl_typesupport_fastrtps_cpp.hpp
[20.569s] -- Up-to-date: /home/fourdds/ros2_ws/install/boids/include/boids/boids/msg/rosidl_typesupport_fastrtps_cpp__visibility_control.h
[20.569s] -- Up-to-date: /home/fourdds/ros2_ws/install/boids/include/boids/boids/srv
[20.569s] -- Up-to-date: /home/fourdds/ros2_ws/install/boids/include/boids/boids/srv/detail
[20.569s] -- Up-to-date: /home/fourdds/ros2_ws/install/boids/include/boids/boids/srv/detail/dds_fastrtps
[20.569s] -- Up-to-date: /home/fourdds/ros2_ws/install/boids/include/boids/boids/srv/detail/get_neighbors__rosidl_typesupport_fastrtps_cpp.hpp
[20.569s] -- Up-to-date: /home/fourdds/ros2_ws/install/boids/lib/libboids__rosidl_typesupport_fastrtps_cpp.so
[20.569s] -- Up-to-date: /home/fourdds/ros2_ws/install/boids/include/boids/boids
[20.569s] -- Up-to-date: /home/fourdds/ros2_ws/install/boids/include/boids/boids/msg
[20.569s] -- Up-to-date: /home/fourdds/ros2_ws/install/boids/include/boids/boids/msg/detail
[20.569s] -- Up-to-date: /home/fourdds/ros2_ws/install/boids/include/boids/boids/msg/detail/flock_center_of_mass__type_support.c
[20.569s] -- Up-to-date: /home/fourdds/ros2_ws/install/boids/include/boids/boids/msg/detail/flock_center_of_mass__rosidl_typesupport_introspection_c.h
[20.569s] -- Up-to-date: /home/fourdds/ros2_ws/install/boids/include/boids/boids/msg/detail/neighbors_com__rosidl_typesupport_introspection_c.h
[20.569s] -- Up-to-date: /home/fourdds/ros2_ws/install/boids/include/boids/boids/msg/detail/geo_ping__rosidl_typesupport_introspection_c.h
[20.569s] -- Up-to-date: /home/fourdds/ros2_ws/install/boids/include/boids/boids/msg/detail/geo_ping__type_support.c
[20.569s] -- Up-to-date: /home/fourdds/ros2_ws/install/boids/include/boids/boids/msg/detail/flocking__type_support.c
[20.569s] -- Up-to-date: /home/fourdds/ros2_ws/install/boids/include/boids/boids/msg/detail/neighbors_com__type_support.c
[20.569s] -- Up-to-date: /home/fourdds/ros2_ws/install/boids/include/boids/boids/msg/detail/flocking__rosidl_typesupport_introspection_c.h
[20.569s] -- Up-to-date: /home/fourdds/ros2_ws/install/boids/include/boids/boids/msg/rosidl_typesupport_introspection_c__visibility_control.h
[20.569s] -- Up-to-date: /home/fourdds/ros2_ws/install/boids/include/boids/boids/srv
[20.569s] -- Up-to-date: /home/fourdds/ros2_ws/install/boids/include/boids/boids/srv/detail
[20.570s] -- Up-to-date: /home/fourdds/ros2_ws/install/boids/include/boids/boids/srv/detail/get_neighbors__type_support.c
[20.570s] -- Up-to-date: /home/fourdds/ros2_ws/install/boids/include/boids/boids/srv/detail/get_neighbors__rosidl_typesupport_introspection_c.h
[20.570s] -- Up-to-date: /home/fourdds/ros2_ws/install/boids/lib/libboids__rosidl_typesupport_introspection_c.so
[20.570s] -- Up-to-date: /home/fourdds/ros2_ws/install/boids/lib/libboids__rosidl_typesupport_c.so
[20.570s] -- Up-to-date: /home/fourdds/ros2_ws/install/boids/include/boids/boids
[20.570s] -- Up-to-date: /home/fourdds/ros2_ws/install/boids/include/boids/boids/msg
[20.570s] -- Up-to-date: /home/fourdds/ros2_ws/install/boids/include/boids/boids/msg/detail
[20.570s] -- Up-to-date: /home/fourdds/ros2_ws/install/boids/include/boids/boids/msg/detail/geo_ping__type_support.cpp
[20.570s] -- Up-to-date: /home/fourdds/ros2_ws/install/boids/include/boids/boids/msg/detail/flocking__rosidl_typesupport_introspection_cpp.hpp
[20.570s] -- Up-to-date: /home/fourdds/ros2_ws/install/boids/include/boids/boids/msg/detail/neighbors_com__type_support.cpp
[20.570s] -- Up-to-date: /home/fourdds/ros2_ws/install/boids/include/boids/boids/msg/detail/flock_center_of_mass__type_support.cpp
[20.570s] -- Up-to-date: /home/fourdds/ros2_ws/install/boids/include/boids/boids/msg/detail/geo_ping__rosidl_typesupport_introspection_cpp.hpp
[20.570s] -- Up-to-date: /home/fourdds/ros2_ws/install/boids/include/boids/boids/msg/detail/neighbors_com__rosidl_typesupport_introspection_cpp.hpp
[20.570s] -- Up-to-date: /home/fourdds/ros2_ws/install/boids/include/boids/boids/msg/detail/flock_center_of_mass__rosidl_typesupport_introspection_cpp.hpp
[20.570s] -- Up-to-date: /home/fourdds/ros2_ws/install/boids/include/boids/boids/msg/detail/flocking__type_support.cpp
[20.570s] -- Up-to-date: /home/fourdds/ros2_ws/install/boids/include/boids/boids/srv
[20.570s] -- Up-to-date: /home/fourdds/ros2_ws/install/boids/include/boids/boids/srv/detail
[20.570s] -- Up-to-date: /home/fourdds/ros2_ws/install/boids/include/boids/boids/srv/detail/get_neighbors__rosidl_typesupport_introspection_cpp.hpp
[20.570s] -- Up-to-date: /home/fourdds/ros2_ws/install/boids/include/boids/boids/srv/detail/get_neighbors__type_support.cpp
[20.570s] -- Up-to-date: /home/fourdds/ros2_ws/install/boids/lib/libboids__rosidl_typesupport_introspection_cpp.so
[20.570s] -- Up-to-date: /home/fourdds/ros2_ws/install/boids/lib/libboids__rosidl_typesupport_cpp.so
[20.570s] -- Up-to-date: /home/fourdds/ros2_ws/install/boids/share/boids/environment/pythonpath.sh
[20.570s] -- Up-to-date: /home/fourdds/ros2_ws/install/boids/share/boids/environment/pythonpath.dsv
[20.570s] -- Up-to-date: /home/fourdds/ros2_ws/install/boids/local/lib/python3.10/dist-packages/boids-0.0.0-py3.10.egg-info
[20.570s] -- Installing: /home/fourdds/ros2_ws/install/boids/local/lib/python3.10/dist-packages/boids-0.0.0-py3.10.egg-info/dependency_links.txt
[20.570s] -- Installing: /home/fourdds/ros2_ws/install/boids/local/lib/python3.10/dist-packages/boids-0.0.0-py3.10.egg-info/SOURCES.txt
[20.570s] -- Installing: /home/fourdds/ros2_ws/install/boids/local/lib/python3.10/dist-packages/boids-0.0.0-py3.10.egg-info/PKG-INFO
[20.570s] -- Installing: /home/fourdds/ros2_ws/install/boids/local/lib/python3.10/dist-packages/boids-0.0.0-py3.10.egg-info/top_level.txt
[20.570s] -- Up-to-date: /home/fourdds/ros2_ws/install/boids/local/lib/python3.10/dist-packages/boids
[20.570s] -- Up-to-date: /home/fourdds/ros2_ws/install/boids/local/lib/python3.10/dist-packages/boids/_boids_s.ep.rosidl_typesupport_fastrtps_c.c
[20.570s] -- Up-to-date: /home/fourdds/ros2_ws/install/boids/local/lib/python3.10/dist-packages/boids/boids_s__rosidl_typesupport_c.cpython-310-x86_64-linux-gnu.so
[20.570s] -- Up-to-date: /home/fourdds/ros2_ws/install/boids/local/lib/python3.10/dist-packages/boids/libboids__rosidl_generator_py.so
[20.571s] -- Up-to-date: /home/fourdds/ros2_ws/install/boids/local/lib/python3.10/dist-packages/boids/msg
[20.571s] -- Up-to-date: /home/fourdds/ros2_ws/install/boids/local/lib/python3.10/dist-packages/boids/msg/_flock_center_of_mass_s.c
[20.571s] -- Up-to-date: /home/fourdds/ros2_ws/install/boids/local/lib/python3.10/dist-packages/boids/msg/_flocking.py
[20.571s] -- Up-to-date: /home/fourdds/ros2_ws/install/boids/local/lib/python3.10/dist-packages/boids/msg/_geo_ping_s.c
[20.571s] -- Up-to-date: /home/fourdds/ros2_ws/install/boids/local/lib/python3.10/dist-packages/boids/msg/_neighbors_com.py
[20.571s] -- Up-to-date: /home/fourdds/ros2_ws/install/boids/local/lib/python3.10/dist-packages/boids/msg/_flock_center_of_mass.py
[20.571s] -- Up-to-date: /home/fourdds/ros2_ws/install/boids/local/lib/python3.10/dist-packages/boids/msg/_neighbors_com_s.c
[20.571s] -- Up-to-date: /home/fourdds/ros2_ws/install/boids/local/lib/python3.10/dist-packages/boids/msg/_flocking_s.c
[20.571s] -- Up-to-date: /home/fourdds/ros2_ws/install/boids/local/lib/python3.10/dist-packages/boids/msg/_geo_ping.py
[20.572s] -- Up-to-date: /home/fourdds/ros2_ws/install/boids/local/lib/python3.10/dist-packages/boids/msg/__init__.py
[20.572s] -- Up-to-date: /home/fourdds/ros2_ws/install/boids/local/lib/python3.10/dist-packages/boids/boids_s__rosidl_typesupport_introspection_c.cpython-310-x86_64-linux-gnu.so
[20.572s] -- Up-to-date: /home/fourdds/ros2_ws/install/boids/local/lib/python3.10/dist-packages/boids/srv
[20.573s] -- Up-to-date: /home/fourdds/ros2_ws/install/boids/local/lib/python3.10/dist-packages/boids/srv/_get_neighbors_s.c
[20.573s] -- Up-to-date: /home/fourdds/ros2_ws/install/boids/local/lib/python3.10/dist-packages/boids/srv/_get_neighbors.py
[20.573s] -- Up-to-date: /home/fourdds/ros2_ws/install/boids/local/lib/python3.10/dist-packages/boids/srv/__init__.py
[20.573s] -- Up-to-date: /home/fourdds/ros2_ws/install/boids/local/lib/python3.10/dist-packages/boids/_boids_s.ep.rosidl_typesupport_introspection_c.c
[20.573s] -- Up-to-date: /home/fourdds/ros2_ws/install/boids/local/lib/python3.10/dist-packages/boids/_boids_s.ep.rosidl_typesupport_c.c
[20.573s] -- Up-to-date: /home/fourdds/ros2_ws/install/boids/local/lib/python3.10/dist-packages/boids/boids_s__rosidl_typesupport_fastrtps_c.cpython-310-x86_64-linux-gnu.so
[20.573s] -- Up-to-date: /home/fourdds/ros2_ws/install/boids/local/lib/python3.10/dist-packages/boids/__init__.py
[20.592s] Listing '/home/fourdds/ros2_ws/install/boids/local/lib/python3.10/dist-packages/boids'...
[20.592s] Listing '/home/fourdds/ros2_ws/install/boids/local/lib/python3.10/dist-packages/boids/msg'...
[20.592s] Listing '/home/fourdds/ros2_ws/install/boids/local/lib/python3.10/dist-packages/boids/srv'...
[20.596s] -- Up-to-date: /home/fourdds/ros2_ws/install/boids/local/lib/python3.10/dist-packages/boids/boids_s__rosidl_typesupport_fastrtps_c.cpython-310-x86_64-linux-gnu.so
[20.597s] -- Up-to-date: /home/fourdds/ros2_ws/install/boids/local/lib/python3.10/dist-packages/boids/boids_s__rosidl_typesupport_introspection_c.cpython-310-x86_64-linux-gnu.so
[20.597s] -- Up-to-date: /home/fourdds/ros2_ws/install/boids/local/lib/python3.10/dist-packages/boids/boids_s__rosidl_typesupport_c.cpython-310-x86_64-linux-gnu.so
[20.597s] -- Up-to-date: /home/fourdds/ros2_ws/install/boids/lib/libboids__rosidl_generator_py.so
[20.597s] -- Up-to-date: /home/fourdds/ros2_ws/install/boids/share/boids/msg/GeoPing.idl
[20.597s] -- Up-to-date: /home/fourdds/ros2_ws/install/boids/share/boids/msg/FlockCenterOfMass.idl
[20.597s] -- Up-to-date: /home/fourdds/ros2_ws/install/boids/share/boids/msg/Flocking.idl
[20.597s] -- Up-to-date: /home/fourdds/ros2_ws/install/boids/share/boids/msg/GeoPing.msg
[20.597s] -- Up-to-date: /home/fourdds/ros2_ws/install/boids/share/boids/msg/FlockCenterOfMass.msg
[20.597s] -- Up-to-date: /home/fourdds/ros2_ws/install/boids/share/boids/msg/Flocking.msg
[20.597s] -- Installing: /home/fourdds/ros2_ws/install/boids/lib/boids/swarm_spawner
[20.600s] -- Set runtime path of "/home/fourdds/ros2_ws/install/boids/lib/boids/swarm_spawner" to ""
[20.600s] -- Up-to-date: /home/fourdds/ros2_ws/install/boids/include/boids
[20.600s] -- Up-to-date: /home/fourdds/ros2_ws/install/boids/include/boids/placeholder.txt:Zone.Identifier
[20.600s] -- Up-to-date: /home/fourdds/ros2_ws/install/boids/include/boids/placeholder.txt
[20.600s] -- Up-to-date: /home/fourdds/ros2_ws/install/boids/include/boids/placeholder.txt:Zone.Identifier:Zone.Identifier
[20.600s] -- Up-to-date: /home/fourdds/ros2_ws/install/boids/lib/libframe_transforms.so
[20.600s] -- Up-to-date: /home/fourdds/ros2_ws/install/boids/share/boids//launch
[20.600s] -- Up-to-date: /home/fourdds/ros2_ws/install/boids/share/boids//launch/boids.launch.py
[20.600s] -- Up-to-date: /home/fourdds/ros2_ws/install/boids/share/boids//test
[20.600s] -- Up-to-date: /home/fourdds/ros2_ws/install/boids/share/boids//test/placeholder.txt:Zone.Identifier
[20.600s] -- Up-to-date: /home/fourdds/ros2_ws/install/boids/share/boids//test/placeholder.txt
[20.601s] -- Up-to-date: /home/fourdds/ros2_ws/install/boids/share/boids//test/placeholder.txt:Zone.Identifier:Zone.Identifier
[20.601s] -- Up-to-date: /home/fourdds/ros2_ws/install/boids/share/ament_index/resource_index/package_run_dependencies/boids
[20.601s] -- Up-to-date: /home/fourdds/ros2_ws/install/boids/share/ament_index/resource_index/parent_prefix_path/boids
[20.601s] -- Up-to-date: /home/fourdds/ros2_ws/install/boids/share/boids/environment/ament_prefix_path.sh
[20.601s] -- Up-to-date: /home/fourdds/ros2_ws/install/boids/share/boids/environment/ament_prefix_path.dsv
[20.601s] -- Up-to-date: /home/fourdds/ros2_ws/install/boids/share/boids/environment/path.sh
[20.601s] -- Up-to-date: /home/fourdds/ros2_ws/install/boids/share/boids/environment/path.dsv
[20.601s] -- Up-to-date: /home/fourdds/ros2_ws/install/boids/share/boids/local_setup.bash
[20.601s] -- Up-to-date: /home/fourdds/ros2_ws/install/boids/share/boids/local_setup.sh
[20.601s] -- Up-to-date: /home/fourdds/ros2_ws/install/boids/share/boids/local_setup.zsh
[20.601s] -- Up-to-date: /home/fourdds/ros2_ws/install/boids/share/boids/local_setup.dsv
[20.601s] -- Installing: /home/fourdds/ros2_ws/install/boids/share/boids/package.dsv
[20.601s] -- Up-to-date: /home/fourdds/ros2_ws/install/boids/share/ament_index/resource_index/packages/boids
[20.601s] -- Up-to-date: /home/fourdds/ros2_ws/install/boids/share/boids/cmake/export_boids__rosidl_generator_cExport.cmake
[20.601s] -- Up-to-date: /home/fourdds/ros2_ws/install/boids/share/boids/cmake/export_boids__rosidl_generator_cExport-noconfig.cmake
[20.601s] -- Up-to-date: /home/fourdds/ros2_ws/install/boids/share/boids/cmake/export_boids__rosidl_typesupport_fastrtps_cExport.cmake
[20.601s] -- Up-to-date: /home/fourdds/ros2_ws/install/boids/share/boids/cmake/export_boids__rosidl_typesupport_fastrtps_cExport-noconfig.cmake
[20.601s] -- Up-to-date: /home/fourdds/ros2_ws/install/boids/share/boids/cmake/export_boids__rosidl_generator_cppExport.cmake
[20.601s] -- Up-to-date: /home/fourdds/ros2_ws/install/boids/share/boids/cmake/export_boids__rosidl_typesupport_fastrtps_cppExport.cmake
[20.601s] -- Up-to-date: /home/fourdds/ros2_ws/install/boids/share/boids/cmake/export_boids__rosidl_typesupport_fastrtps_cppExport-noconfig.cmake
[20.601s] -- Up-to-date: /home/fourdds/ros2_ws/install/boids/share/boids/cmake/boids__rosidl_typesupport_introspection_cExport.cmake
[20.601s] -- Up-to-date: /home/fourdds/ros2_ws/install/boids/share/boids/cmake/boids__rosidl_typesupport_introspection_cExport-noconfig.cmake
[20.601s] -- Up-to-date: /home/fourdds/ros2_ws/install/boids/share/boids/cmake/boids__rosidl_typesupport_cExport.cmake
[20.601s] -- Up-to-date: /home/fourdds/ros2_ws/install/boids/share/boids/cmake/boids__rosidl_typesupport_cExport-noconfig.cmake
[20.601s] -- Up-to-date: /home/fourdds/ros2_ws/install/boids/share/boids/cmake/boids__rosidl_typesupport_introspection_cppExport.cmake
[20.601s] -- Up-to-date: /home/fourdds/ros2_ws/install/boids/share/boids/cmake/boids__rosidl_typesupport_introspection_cppExport-noconfig.cmake
[20.601s] -- Up-to-date: /home/fourdds/ros2_ws/install/boids/share/boids/cmake/boids__rosidl_typesupport_cppExport.cmake
[20.601s] -- Up-to-date: /home/fourdds/ros2_ws/install/boids/share/boids/cmake/boids__rosidl_typesupport_cppExport-noconfig.cmake
[20.601s] -- Up-to-date: /home/fourdds/ros2_ws/install/boids/share/boids/cmake/export_boids__rosidl_generator_pyExport.cmake
[20.602s] -- Up-to-date: /home/fourdds/ros2_ws/install/boids/share/boids/cmake/export_boids__rosidl_generator_pyExport-noconfig.cmake
[20.602s] -- Up-to-date: /home/fourdds/ros2_ws/install/boids/share/boids/cmake/export_frame_transformsExport.cmake
[20.602s] -- Up-to-date: /home/fourdds/ros2_ws/install/boids/share/boids/cmake/export_frame_transformsExport-noconfig.cmake
[20.602s] -- Up-to-date: /home/fourdds/ros2_ws/install/boids/share/boids/cmake/rosidl_cmake-extras.cmake
[20.602s] -- Up-to-date: /home/fourdds/ros2_ws/install/boids/share/boids/cmake/ament_cmake_export_include_directories-extras.cmake
[20.602s] -- Up-to-date: /home/fourdds/ros2_ws/install/boids/share/boids/cmake/ament_cmake_export_libraries-extras.cmake
[20.602s] -- Up-to-date: /home/fourdds/ros2_ws/install/boids/share/boids/cmake/ament_cmake_export_targets-extras.cmake
[20.602s] -- Up-to-date: /home/fourdds/ros2_ws/install/boids/share/boids/cmake/rosidl_cmake_export_typesupport_targets-extras.cmake
[20.602s] -- Up-to-date: /home/fourdds/ros2_ws/install/boids/share/boids/cmake/ament_cmake_export_dependencies-extras.cmake
[20.602s] -- Up-to-date: /home/fourdds/ros2_ws/install/boids/share/boids/cmake/rosidl_cmake_export_typesupport_libraries-extras.cmake
[20.602s] -- Up-to-date: /home/fourdds/ros2_ws/install/boids/share/boids/cmake/boidsConfig.cmake
[20.602s] -- Up-to-date: /home/fourdds/ros2_ws/install/boids/share/boids/cmake/boidsConfig-version.cmake
[20.603s] -- Up-to-date: /home/fourdds/ros2_ws/install/boids/share/boids/package.xml
[20.604s] Invoked command in '/home/fourdds/ros2_ws/build/boids' returned '0': CMAKE_PREFIX_PATH=/home/fourdds/ros2_ws/install/px4_msgs:/home/fourdds/ros2_ws/install/px4_ros_com:/home/fourdds/ros2_ws/install/boids:/opt/ros/humble LD_LIBRARY_PATH=/home/fourdds/ros2_ws/install/px4_msgs/lib:/home/fourdds/ros2_ws/install/px4_ros_com/lib:/home/fourdds/ros2_ws/install/boids/lib:/usr/lib/x86_64-linux-gnu/gazebo-11/plugins:/opt/ros/humble/opt/rviz_ogre_vendor/lib:/opt/ros/humble/lib/x86_64-linux-gnu:/opt/ros/humble/lib /usr/bin/cmake --install /home/fourdds/ros2_ws/build/boids
