[0.011s] Invoking command in '/home/fourdds/ros2_ws/build/obstacle_avoidance': CMAKE_PREFIX_PATH=/home/fourdds/ros2_ws/install/parameters:/home/fourdds/ros2_ws/install/base_station:/home/fourdds/ros2_ws/install/fdds_messages:/home/fourdds/ros2_ws/install/target_detection:/home/fourdds/ros2_ws/install/obstacle_avoidance:/home/fourdds/ros2_ws/install/uuv_boids:/home/fourdds/ros2_ws/install/stigmergy:/home/fourdds/ros2_ws/install/px4_ros_com:/home/fourdds/ros2_ws/install/iris-logger:/home/fourdds/ros2_ws/install/boids:/home/fourdds/ros2_ws/install/px4_msgs:/home/fourdds/ros2_ws/install/logging:/opt/ros/humble /usr/bin/cmake --build /home/fourdds/ros2_ws/build/obstacle_avoidance -- -j24 -l24
[0.044s] [35m[1mConsolidate compiler generated dependencies of target ObstacleAvoidance[0m
[0.054s] [ 50%] [32mBuilding CXX object CMakeFiles/ObstacleAvoidance.dir/src/ObstacleAvoidance.cpp.o[0m
[4.652s] [100%] [32m[1mLinking CXX static library libObstacleAvoidance.a[0m
[4.670s] [100%] Built target ObstacleAvoidance
[4.675s] Invoked command in '/home/fourdds/ros2_ws/build/obstacle_avoidance' returned '0': CMAKE_PREFIX_PATH=/home/fourdds/ros2_ws/install/parameters:/home/fourdds/ros2_ws/install/base_station:/home/fourdds/ros2_ws/install/fdds_messages:/home/fourdds/ros2_ws/install/target_detection:/home/fourdds/ros2_ws/install/obstacle_avoidance:/home/fourdds/ros2_ws/install/uuv_boids:/home/fourdds/ros2_ws/install/stigmergy:/home/fourdds/ros2_ws/install/px4_ros_com:/home/fourdds/ros2_ws/install/iris-logger:/home/fourdds/ros2_ws/install/boids:/home/fourdds/ros2_ws/install/px4_msgs:/home/fourdds/ros2_ws/install/logging:/opt/ros/humble /usr/bin/cmake --build /home/fourdds/ros2_ws/build/obstacle_avoidance -- -j24 -l24
[4.696s] Invoking command in '/home/fourdds/ros2_ws/build/obstacle_avoidance': CMAKE_PREFIX_PATH=/home/fourdds/ros2_ws/install/parameters:/home/fourdds/ros2_ws/install/base_station:/home/fourdds/ros2_ws/install/fdds_messages:/home/fourdds/ros2_ws/install/target_detection:/home/fourdds/ros2_ws/install/obstacle_avoidance:/home/fourdds/ros2_ws/install/uuv_boids:/home/fourdds/ros2_ws/install/stigmergy:/home/fourdds/ros2_ws/install/px4_ros_com:/home/fourdds/ros2_ws/install/iris-logger:/home/fourdds/ros2_ws/install/boids:/home/fourdds/ros2_ws/install/px4_msgs:/home/fourdds/ros2_ws/install/logging:/opt/ros/humble /usr/bin/cmake --install /home/fourdds/ros2_ws/build/obstacle_avoidance
[4.701s] -- Install configuration: ""
[4.701s] -- Up-to-date: /home/fourdds/ros2_ws/install/obstacle_avoidance/share/obstacle_avoidance/environment/library_path.sh
[4.701s] -- Up-to-date: /home/fourdds/ros2_ws/install/obstacle_avoidance/share/obstacle_avoidance/environment/library_path.dsv
[4.701s] -- Up-to-date: /home/fourdds/ros2_ws/install/obstacle_avoidance/include/obstacle_avoidance
[4.701s] -- Up-to-date: /home/fourdds/ros2_ws/install/obstacle_avoidance/include/obstacle_avoidance/ObstacleAvoidance.hpp
[4.701s] -- Installing: /home/fourdds/ros2_ws/install/obstacle_avoidance/lib/libObstacleAvoidance.a
[4.701s] -- Up-to-date: /home/fourdds/ros2_ws/install/obstacle_avoidance/share/ament_index/resource_index/package_run_dependencies/obstacle_avoidance
[4.701s] -- Up-to-date: /home/fourdds/ros2_ws/install/obstacle_avoidance/share/ament_index/resource_index/parent_prefix_path/obstacle_avoidance
[4.701s] -- Up-to-date: /home/fourdds/ros2_ws/install/obstacle_avoidance/share/obstacle_avoidance/environment/ament_prefix_path.sh
[4.701s] -- Up-to-date: /home/fourdds/ros2_ws/install/obstacle_avoidance/share/obstacle_avoidance/environment/ament_prefix_path.dsv
[4.702s] -- Up-to-date: /home/fourdds/ros2_ws/install/obstacle_avoidance/share/obstacle_avoidance/environment/path.sh
[4.702s] -- Up-to-date: /home/fourdds/ros2_ws/install/obstacle_avoidance/share/obstacle_avoidance/environment/path.dsv
[4.702s] -- Up-to-date: /home/fourdds/ros2_ws/install/obstacle_avoidance/share/obstacle_avoidance/local_setup.bash
[4.702s] -- Up-to-date: /home/fourdds/ros2_ws/install/obstacle_avoidance/share/obstacle_avoidance/local_setup.sh
[4.702s] -- Up-to-date: /home/fourdds/ros2_ws/install/obstacle_avoidance/share/obstacle_avoidance/local_setup.zsh
[4.702s] -- Up-to-date: /home/fourdds/ros2_ws/install/obstacle_avoidance/share/obstacle_avoidance/local_setup.dsv
[4.702s] -- Installing: /home/fourdds/ros2_ws/install/obstacle_avoidance/share/obstacle_avoidance/package.dsv
[4.702s] -- Up-to-date: /home/fourdds/ros2_ws/install/obstacle_avoidance/share/ament_index/resource_index/packages/obstacle_avoidance
[4.702s] -- Up-to-date: /home/fourdds/ros2_ws/install/obstacle_avoidance/share/obstacle_avoidance/cmake/ament_cmake_export_include_directories-extras.cmake
[4.702s] -- Up-to-date: /home/fourdds/ros2_ws/install/obstacle_avoidance/share/obstacle_avoidance/cmake/ament_cmake_export_libraries-extras.cmake
[4.702s] -- Up-to-date: /home/fourdds/ros2_ws/install/obstacle_avoidance/share/obstacle_avoidance/cmake/obstacle_avoidanceConfig.cmake
[4.702s] -- Up-to-date: /home/fourdds/ros2_ws/install/obstacle_avoidance/share/obstacle_avoidance/cmake/obstacle_avoidanceConfig-version.cmake
[4.703s] -- Up-to-date: /home/fourdds/ros2_ws/install/obstacle_avoidance/share/obstacle_avoidance/package.xml
[4.703s] Invoked command in '/home/fourdds/ros2_ws/build/obstacle_avoidance' returned '0': CMAKE_PREFIX_PATH=/home/fourdds/ros2_ws/install/parameters:/home/fourdds/ros2_ws/install/base_station:/home/fourdds/ros2_ws/install/fdds_messages:/home/fourdds/ros2_ws/install/target_detection:/home/fourdds/ros2_ws/install/obstacle_avoidance:/home/fourdds/ros2_ws/install/uuv_boids:/home/fourdds/ros2_ws/install/stigmergy:/home/fourdds/ros2_ws/install/px4_ros_com:/home/fourdds/ros2_ws/install/iris-logger:/home/fourdds/ros2_ws/install/boids:/home/fourdds/ros2_ws/install/px4_msgs:/home/fourdds/ros2_ws/install/logging:/opt/ros/humble /usr/bin/cmake --install /home/fourdds/ros2_ws/build/obstacle_avoidance
