[0.043s] Invoking command in '/home/fourdds/ws/build/image_geometry': CMAKE_PREFIX_PATH=/opt/ros/humble /usr/bin/cmake --build /home/fourdds/ws/build/image_geometry -- -j16 -l16
[0.136s] [ 66%] Built target gtest
[0.136s] [ 77%] Built target image_geometry
[0.137s] [ 66%] Built target gtest_main
[0.149s] [ 77%] Built target ament_cmake_python_symlink_image_geometry
[0.184s] [100%] Built target image_geometry-utest
[0.493s] running egg_info
[0.518s] writing image_geometry.egg-info/PKG-INFO
[0.520s] writing dependency_links to image_geometry.egg-info/dependency_links.txt
[0.520s] writing top-level names to image_geometry.egg-info/top_level.txt
[0.596s] reading manifest file 'image_geometry.egg-info/SOURCES.txt'
[0.598s] writing manifest file 'image_geometry.egg-info/SOURCES.txt'
[0.728s] [100%] Built target ament_cmake_python_build_image_geometry_egg
[0.753s] Invoked command in '/home/fourdds/ws/build/image_geometry' returned '0': CMAKE_PREFIX_PATH=/opt/ros/humble /usr/bin/cmake --build /home/fourdds/ws/build/image_geometry -- -j16 -l16
[0.821s] Invoking command in '/home/fourdds/ws/build/image_geometry': CMAKE_PREFIX_PATH=/opt/ros/humble /usr/bin/cmake --install /home/fourdds/ws/build/image_geometry
[0.833s] -- Install configuration: ""
[0.834s] -- Execute custom install script
[0.836s] -- Up-to-date symlink: /home/fourdds/ws/install/image_geometry/share/image_geometry/environment/pythonpath.sh
[0.837s] -- Up-to-date symlink: /home/fourdds/ws/install/image_geometry/share/image_geometry/environment/pythonpath.dsv
[0.838s] -- Up-to-date symlink: /home/fourdds/ws/install/image_geometry/local/lib/python3.10/dist-packages/image_geometry-3.2.1-py3.10.egg-info/PKG-INFO
[0.839s] -- Up-to-date symlink: /home/fourdds/ws/install/image_geometry/local/lib/python3.10/dist-packages/image_geometry-3.2.1-py3.10.egg-info/SOURCES.txt
[0.840s] -- Up-to-date symlink: /home/fourdds/ws/install/image_geometry/local/lib/python3.10/dist-packages/image_geometry-3.2.1-py3.10.egg-info/dependency_links.txt
[0.841s] -- Up-to-date symlink: /home/fourdds/ws/install/image_geometry/local/lib/python3.10/dist-packages/image_geometry-3.2.1-py3.10.egg-info/top_level.txt
[0.842s] -- Up-to-date symlink: /home/fourdds/ws/install/image_geometry/local/lib/python3.10/dist-packages/image_geometry/__init__.py
[0.843s] -- Up-to-date symlink: /home/fourdds/ws/install/image_geometry/local/lib/python3.10/dist-packages/image_geometry/cameramodels.py
[0.845s] -- Up-to-date symlink: /home/fourdds/ws/install/image_geometry/include/image_geometry/image_geometry/pinhole_camera_model.h
[0.845s] -- Up-to-date symlink: /home/fourdds/ws/install/image_geometry/include/image_geometry/image_geometry/stereo_camera_model.h
[0.847s] -- Up-to-date symlink: /home/fourdds/ws/install/image_geometry/include/image_geometry/image_geometry/visibility_control.hpp
[0.848s] -- Up-to-date symlink: /home/fourdds/ws/install/image_geometry/share/ament_index/resource_index/package_run_dependencies/image_geometry
[0.848s] -- Up-to-date symlink: /home/fourdds/ws/install/image_geometry/share/ament_index/resource_index/parent_prefix_path/image_geometry
[0.849s] -- Up-to-date symlink: /home/fourdds/ws/install/image_geometry/share/image_geometry/environment/ament_prefix_path.sh
[0.851s] -- Up-to-date symlink: /home/fourdds/ws/install/image_geometry/share/image_geometry/environment/ament_prefix_path.dsv
[0.852s] -- Up-to-date symlink: /home/fourdds/ws/install/image_geometry/share/image_geometry/environment/path.sh
[0.853s] -- Up-to-date symlink: /home/fourdds/ws/install/image_geometry/share/image_geometry/environment/path.dsv
[0.854s] -- Up-to-date symlink: /home/fourdds/ws/install/image_geometry/share/image_geometry/local_setup.bash
[0.855s] -- Up-to-date symlink: /home/fourdds/ws/install/image_geometry/share/image_geometry/local_setup.sh
[0.856s] -- Up-to-date symlink: /home/fourdds/ws/install/image_geometry/share/image_geometry/local_setup.zsh
[0.858s] -- Up-to-date symlink: /home/fourdds/ws/install/image_geometry/share/image_geometry/local_setup.dsv
[0.858s] -- Symlinking: /home/fourdds/ws/install/image_geometry/share/image_geometry/package.dsv
[0.876s] -- Up-to-date symlink: /home/fourdds/ws/install/image_geometry/share/ament_index/resource_index/packages/image_geometry
[0.876s] -- Up-to-date symlink: /home/fourdds/ws/install/image_geometry/share/image_geometry/cmake/ament_cmake_export_targets-extras.cmake
[0.877s] -- Up-to-date symlink: /home/fourdds/ws/install/image_geometry/share/image_geometry/cmake/ament_cmake_export_dependencies-extras.cmake
[0.879s] -- Up-to-date symlink: /home/fourdds/ws/install/image_geometry/share/image_geometry/cmake/image_geometryConfig.cmake
[0.879s] -- Up-to-date symlink: /home/fourdds/ws/install/image_geometry/share/image_geometry/cmake/image_geometryConfig-version.cmake
[0.880s] -- Up-to-date symlink: /home/fourdds/ws/install/image_geometry/share/image_geometry/package.xml
[0.938s] Listing '/home/fourdds/ws/install/image_geometry/local/lib/python3.10/dist-packages/image_geometry'...
[0.953s] -- Up-to-date: /home/fourdds/ws/install/image_geometry/lib/libimage_geometry.so
[0.956s] -- Up-to-date: /home/fourdds/ws/install/image_geometry/share/image_geometry/cmake/export_image_geometryExport.cmake
[0.956s] -- Up-to-date: /home/fourdds/ws/install/image_geometry/share/image_geometry/cmake/export_image_geometryExport-noconfig.cmake
[0.961s] Invoked command in '/home/fourdds/ws/build/image_geometry' returned '0': CMAKE_PREFIX_PATH=/opt/ros/humble /usr/bin/cmake --install /home/fourdds/ws/build/image_geometry
