[0.072s] DEBUG:colcon:Command line arguments: ['/usr/bin/colcon', 'build']
[0.072s] DEBUG:colcon:Parsed command line arguments: Namespace(log_base=None, log_level=None, verb_name='build', build_base='build', install_base='install', merge_install=False, symlink_install=False, test_result_base=None, continue_on_error=False, executor='parallel', parallel_workers=24, event_handlers=None, ignore_user_meta=False, metas=['./colcon.meta'], base_paths=['.'], packages_ignore=None, packages_ignore_regex=None, paths=None, packages_up_to=None, packages_up_to_regex=None, packages_above=None, packages_above_and_dependencies=None, packages_above_depth=None, packages_select_by_dep=None, packages_skip_by_dep=None, packages_skip_up_to=None, packages_select_build_failed=False, packages_skip_build_finished=False, packages_select_test_failures=False, packages_skip_test_passed=False, packages_select=None, packages_skip=None, packages_select_regex=None, packages_skip_regex=None, packages_start=None, packages_end=None, allow_overriding=[], cmake_args=None, cmake_target=None, cmake_target_skip_unavailable=False, cmake_clean_cache=False, cmake_clean_first=False, cmake_force_configure=False, ament_cmake_args=None, catkin_cmake_args=None, catkin_skip_building_tests=False, verb_parser=<colcon_defaults.argument_parser.defaults.DefaultArgumentsDecorator object at 0x7f25e0cdc520>, verb_extension=<colcon_core.verb.build.BuildVerb object at 0x7f25e0dd52d0>, main=<bound method BuildVerb.main of <colcon_core.verb.build.BuildVerb object at 0x7f25e0dd52d0>>)
[0.100s] Level 1:colcon.colcon_core.package_discovery:discover_packages(colcon_meta) check parameters
[0.100s] Level 1:colcon.colcon_core.package_discovery:discover_packages(recursive) check parameters
[0.100s] Level 1:colcon.colcon_core.package_discovery:discover_packages(ignore) check parameters
[0.100s] Level 1:colcon.colcon_core.package_discovery:discover_packages(path) check parameters
[0.100s] Level 1:colcon.colcon_core.package_discovery:discover_packages(colcon_meta) discover
[0.100s] Level 1:colcon.colcon_core.package_discovery:discover_packages(recursive) discover
[0.100s] INFO:colcon.colcon_core.package_discovery:Crawling recursively for packages in '/home/fourdds/ros2_ws'
[0.100s] Level 1:colcon.colcon_core.package_identification:_identify(.) by extensions ['ignore', 'ignore_ament_install']
[0.100s] Level 1:colcon.colcon_core.package_identification:_identify(.) by extension 'ignore'
[0.100s] Level 1:colcon.colcon_core.package_identification:_identify(.) by extension 'ignore_ament_install'
[0.101s] Level 1:colcon.colcon_core.package_identification:_identify(.) by extensions ['colcon_pkg']
[0.101s] Level 1:colcon.colcon_core.package_identification:_identify(.) by extension 'colcon_pkg'
[0.101s] Level 1:colcon.colcon_core.package_identification:_identify(.) by extensions ['colcon_meta']
[0.101s] Level 1:colcon.colcon_core.package_identification:_identify(.) by extension 'colcon_meta'
[0.101s] Level 1:colcon.colcon_core.package_identification:_identify(.) by extensions ['ros']
[0.101s] Level 1:colcon.colcon_core.package_identification:_identify(.) by extension 'ros'
[0.111s] Level 1:colcon.colcon_core.package_identification:_identify(.) by extensions ['cmake', 'python']
[0.111s] Level 1:colcon.colcon_core.package_identification:_identify(.) by extension 'cmake'
[0.111s] Level 1:colcon.colcon_core.package_identification:_identify(.) by extension 'python'
[0.112s] Level 1:colcon.colcon_core.package_identification:_identify(.) by extensions ['python_setup_py']
[0.112s] Level 1:colcon.colcon_core.package_identification:_identify(.) by extension 'python_setup_py'
[0.112s] Level 1:colcon.colcon_core.package_identification:_identify(build) by extensions ['ignore', 'ignore_ament_install']
[0.112s] Level 1:colcon.colcon_core.package_identification:_identify(build) by extension 'ignore'
[0.112s] Level 1:colcon.colcon_core.package_identification:_identify(build) ignored
[0.112s] Level 1:colcon.colcon_core.package_identification:_identify(install) by extensions ['ignore', 'ignore_ament_install']
[0.112s] Level 1:colcon.colcon_core.package_identification:_identify(install) by extension 'ignore'
[0.112s] Level 1:colcon.colcon_core.package_identification:_identify(install) ignored
[0.112s] Level 1:colcon.colcon_core.package_identification:_identify(log) by extensions ['ignore', 'ignore_ament_install']
[0.112s] Level 1:colcon.colcon_core.package_identification:_identify(log) by extension 'ignore'
[0.112s] Level 1:colcon.colcon_core.package_identification:_identify(log) ignored
[0.112s] Level 1:colcon.colcon_core.package_identification:_identify(src) by extensions ['ignore', 'ignore_ament_install']
[0.113s] Level 1:colcon.colcon_core.package_identification:_identify(src) by extension 'ignore'
[0.113s] Level 1:colcon.colcon_core.package_identification:_identify(src) by extension 'ignore_ament_install'
[0.113s] Level 1:colcon.colcon_core.package_identification:_identify(src) by extensions ['colcon_pkg']
[0.113s] Level 1:colcon.colcon_core.package_identification:_identify(src) by extension 'colcon_pkg'
[0.113s] Level 1:colcon.colcon_core.package_identification:_identify(src) by extensions ['colcon_meta']
[0.113s] Level 1:colcon.colcon_core.package_identification:_identify(src) by extension 'colcon_meta'
[0.113s] Level 1:colcon.colcon_core.package_identification:_identify(src) by extensions ['ros']
[0.113s] Level 1:colcon.colcon_core.package_identification:_identify(src) by extension 'ros'
[0.113s] Level 1:colcon.colcon_core.package_identification:_identify(src) by extensions ['cmake', 'python']
[0.113s] Level 1:colcon.colcon_core.package_identification:_identify(src) by extension 'cmake'
[0.113s] Level 1:colcon.colcon_core.package_identification:_identify(src) by extension 'python'
[0.113s] Level 1:colcon.colcon_core.package_identification:_identify(src) by extensions ['python_setup_py']
[0.113s] Level 1:colcon.colcon_core.package_identification:_identify(src) by extension 'python_setup_py'
[0.113s] Level 1:colcon.colcon_core.package_identification:_identify(src/boids) by extensions ['ignore', 'ignore_ament_install']
[0.113s] Level 1:colcon.colcon_core.package_identification:_identify(src/boids) by extension 'ignore'
[0.113s] Level 1:colcon.colcon_core.package_identification:_identify(src/boids) by extension 'ignore_ament_install'
[0.113s] Level 1:colcon.colcon_core.package_identification:_identify(src/boids) by extensions ['colcon_pkg']
[0.113s] Level 1:colcon.colcon_core.package_identification:_identify(src/boids) by extension 'colcon_pkg'
[0.113s] Level 1:colcon.colcon_core.package_identification:_identify(src/boids) by extensions ['colcon_meta']
[0.113s] Level 1:colcon.colcon_core.package_identification:_identify(src/boids) by extension 'colcon_meta'
[0.113s] Level 1:colcon.colcon_core.package_identification:_identify(src/boids) by extensions ['ros']
[0.113s] Level 1:colcon.colcon_core.package_identification:_identify(src/boids) by extension 'ros'
[0.115s] DEBUG:colcon.colcon_core.package_identification:Package 'src/boids' with type 'ros.ament_cmake' and name 'boids'
[0.115s] Level 1:colcon.colcon_core.package_identification:_identify(src/px4_msgs) by extensions ['ignore', 'ignore_ament_install']
[0.115s] Level 1:colcon.colcon_core.package_identification:_identify(src/px4_msgs) by extension 'ignore'
[0.115s] Level 1:colcon.colcon_core.package_identification:_identify(src/px4_msgs) by extension 'ignore_ament_install'
[0.115s] Level 1:colcon.colcon_core.package_identification:_identify(src/px4_msgs) by extensions ['colcon_pkg']
[0.115s] Level 1:colcon.colcon_core.package_identification:_identify(src/px4_msgs) by extension 'colcon_pkg'
[0.115s] Level 1:colcon.colcon_core.package_identification:_identify(src/px4_msgs) by extensions ['colcon_meta']
[0.115s] Level 1:colcon.colcon_core.package_identification:_identify(src/px4_msgs) by extension 'colcon_meta'
[0.115s] Level 1:colcon.colcon_core.package_identification:_identify(src/px4_msgs) by extensions ['ros']
[0.115s] Level 1:colcon.colcon_core.package_identification:_identify(src/px4_msgs) by extension 'ros'
[0.116s] DEBUG:colcon.colcon_core.package_identification:Package 'src/px4_msgs' with type 'ros.ament_cmake' and name 'px4_msgs'
[0.116s] Level 1:colcon.colcon_core.package_identification:_identify(src/px4_ros_com) by extensions ['ignore', 'ignore_ament_install']
[0.116s] Level 1:colcon.colcon_core.package_identification:_identify(src/px4_ros_com) by extension 'ignore'
[0.116s] Level 1:colcon.colcon_core.package_identification:_identify(src/px4_ros_com) by extension 'ignore_ament_install'
[0.116s] Level 1:colcon.colcon_core.package_identification:_identify(src/px4_ros_com) by extensions ['colcon_pkg']
[0.116s] Level 1:colcon.colcon_core.package_identification:_identify(src/px4_ros_com) by extension 'colcon_pkg'
[0.116s] Level 1:colcon.colcon_core.package_identification:_identify(src/px4_ros_com) by extensions ['colcon_meta']
[0.116s] Level 1:colcon.colcon_core.package_identification:_identify(src/px4_ros_com) by extension 'colcon_meta'
[0.116s] Level 1:colcon.colcon_core.package_identification:_identify(src/px4_ros_com) by extensions ['ros']
[0.116s] Level 1:colcon.colcon_core.package_identification:_identify(src/px4_ros_com) by extension 'ros'
[0.117s] DEBUG:colcon.colcon_core.package_identification:Package 'src/px4_ros_com' with type 'ros.ament_cmake' and name 'px4_ros_com'
[0.117s] Level 1:colcon.colcon_core.package_discovery:discover_packages(recursive) using defaults
[0.117s] Level 1:colcon.colcon_core.package_discovery:discover_packages(ignore) discover
[0.117s] Level 1:colcon.colcon_core.package_discovery:discover_packages(ignore) using defaults
[0.117s] Level 1:colcon.colcon_core.package_discovery:discover_packages(path) discover
[0.117s] Level 1:colcon.colcon_core.package_discovery:discover_packages(path) using defaults
[0.131s] Level 1:colcon.colcon_core.package_discovery:discover_packages(prefix_path) check parameters
[0.131s] Level 1:colcon.colcon_core.package_discovery:discover_packages(prefix_path) discover
[0.132s] DEBUG:colcon.colcon_installed_package_information.package_discovery:Found 3 installed packages in /home/fourdds/ros2_ws/install
[0.133s] DEBUG:colcon.colcon_installed_package_information.package_discovery:Found 290 installed packages in /opt/ros/humble
[0.134s] Level 1:colcon.colcon_core.package_discovery:discover_packages(prefix_path) using defaults
[0.158s] Level 5:colcon.colcon_core.verb:set package 'px4_msgs' build argument 'cmake_args' from command line to 'None'
[0.158s] Level 5:colcon.colcon_core.verb:set package 'px4_msgs' build argument 'cmake_target' from command line to 'None'
[0.158s] Level 5:colcon.colcon_core.verb:set package 'px4_msgs' build argument 'cmake_target_skip_unavailable' from command line to 'False'
[0.158s] Level 5:colcon.colcon_core.verb:set package 'px4_msgs' build argument 'cmake_clean_cache' from command line to 'False'
[0.158s] Level 5:colcon.colcon_core.verb:set package 'px4_msgs' build argument 'cmake_clean_first' from command line to 'False'
[0.158s] Level 5:colcon.colcon_core.verb:set package 'px4_msgs' build argument 'cmake_force_configure' from command line to 'False'
[0.158s] Level 5:colcon.colcon_core.verb:set package 'px4_msgs' build argument 'ament_cmake_args' from command line to 'None'
[0.158s] Level 5:colcon.colcon_core.verb:set package 'px4_msgs' build argument 'catkin_cmake_args' from command line to 'None'
[0.158s] Level 5:colcon.colcon_core.verb:set package 'px4_msgs' build argument 'catkin_skip_building_tests' from command line to 'False'
[0.158s] DEBUG:colcon.colcon_core.verb:Building package 'px4_msgs' with the following arguments: {'ament_cmake_args': None, 'build_base': '/home/fourdds/ros2_ws/build/px4_msgs', 'catkin_cmake_args': None, 'catkin_skip_building_tests': False, 'cmake_args': None, 'cmake_clean_cache': False, 'cmake_clean_first': False, 'cmake_force_configure': False, 'cmake_target': None, 'cmake_target_skip_unavailable': False, 'install_base': '/home/fourdds/ros2_ws/install/px4_msgs', 'merge_install': False, 'path': '/home/fourdds/ros2_ws/src/px4_msgs', 'symlink_install': False, 'test_result_base': None}
[0.158s] Level 5:colcon.colcon_core.verb:set package 'boids' build argument 'cmake_args' from command line to 'None'
[0.158s] Level 5:colcon.colcon_core.verb:set package 'boids' build argument 'cmake_target' from command line to 'None'
[0.158s] Level 5:colcon.colcon_core.verb:set package 'boids' build argument 'cmake_target_skip_unavailable' from command line to 'False'
[0.158s] Level 5:colcon.colcon_core.verb:set package 'boids' build argument 'cmake_clean_cache' from command line to 'False'
[0.158s] Level 5:colcon.colcon_core.verb:set package 'boids' build argument 'cmake_clean_first' from command line to 'False'
[0.158s] Level 5:colcon.colcon_core.verb:set package 'boids' build argument 'cmake_force_configure' from command line to 'False'
[0.158s] Level 5:colcon.colcon_core.verb:set package 'boids' build argument 'ament_cmake_args' from command line to 'None'
[0.158s] Level 5:colcon.colcon_core.verb:set package 'boids' build argument 'catkin_cmake_args' from command line to 'None'
[0.158s] Level 5:colcon.colcon_core.verb:set package 'boids' build argument 'catkin_skip_building_tests' from command line to 'False'
[0.158s] DEBUG:colcon.colcon_core.verb:Building package 'boids' with the following arguments: {'ament_cmake_args': None, 'build_base': '/home/fourdds/ros2_ws/build/boids', 'catkin_cmake_args': None, 'catkin_skip_building_tests': False, 'cmake_args': None, 'cmake_clean_cache': False, 'cmake_clean_first': False, 'cmake_force_configure': False, 'cmake_target': None, 'cmake_target_skip_unavailable': False, 'install_base': '/home/fourdds/ros2_ws/install/boids', 'merge_install': False, 'path': '/home/fourdds/ros2_ws/src/boids', 'symlink_install': False, 'test_result_base': None}
[0.159s] Level 5:colcon.colcon_core.verb:set package 'px4_ros_com' build argument 'cmake_args' from command line to 'None'
[0.159s] Level 5:colcon.colcon_core.verb:set package 'px4_ros_com' build argument 'cmake_target' from command line to 'None'
[0.159s] Level 5:colcon.colcon_core.verb:set package 'px4_ros_com' build argument 'cmake_target_skip_unavailable' from command line to 'False'
[0.159s] Level 5:colcon.colcon_core.verb:set package 'px4_ros_com' build argument 'cmake_clean_cache' from command line to 'False'
[0.159s] Level 5:colcon.colcon_core.verb:set package 'px4_ros_com' build argument 'cmake_clean_first' from command line to 'False'
[0.159s] Level 5:colcon.colcon_core.verb:set package 'px4_ros_com' build argument 'cmake_force_configure' from command line to 'False'
[0.159s] Level 5:colcon.colcon_core.verb:set package 'px4_ros_com' build argument 'ament_cmake_args' from command line to 'None'
[0.159s] Level 5:colcon.colcon_core.verb:set package 'px4_ros_com' build argument 'catkin_cmake_args' from command line to 'None'
[0.159s] Level 5:colcon.colcon_core.verb:set package 'px4_ros_com' build argument 'catkin_skip_building_tests' from command line to 'False'
[0.159s] DEBUG:colcon.colcon_core.verb:Building package 'px4_ros_com' with the following arguments: {'ament_cmake_args': None, 'build_base': '/home/fourdds/ros2_ws/build/px4_ros_com', 'catkin_cmake_args': None, 'catkin_skip_building_tests': False, 'cmake_args': None, 'cmake_clean_cache': False, 'cmake_clean_first': False, 'cmake_force_configure': False, 'cmake_target': None, 'cmake_target_skip_unavailable': False, 'install_base': '/home/fourdds/ros2_ws/install/px4_ros_com', 'merge_install': False, 'path': '/home/fourdds/ros2_ws/src/px4_ros_com', 'symlink_install': False, 'test_result_base': None}
[0.159s] INFO:colcon.colcon_core.executor:Executing jobs using 'parallel' executor
[0.159s] DEBUG:colcon.colcon_parallel_executor.executor.parallel:run_until_complete
[0.160s] INFO:colcon.colcon_ros.task.ament_cmake.build:Building ROS package in '/home/fourdds/ros2_ws/src/px4_msgs' with build type 'ament_cmake'
[0.160s] INFO:colcon.colcon_cmake.task.cmake.build:Building CMake package in '/home/fourdds/ros2_ws/src/px4_msgs'
[0.162s] INFO:colcon.colcon_core.plugin_system:Skipping extension 'colcon_core.shell.bat': Not used on non-Windows systems
[0.162s] INFO:colcon.colcon_core.shell:Skip shell extension 'powershell' for command environment: Not usable outside of PowerShell
[0.162s] DEBUG:colcon.colcon_core.shell:Skip shell extension 'dsv' for command environment
[0.168s] DEBUG:colcon.colcon_core.event_handler.log_command:Invoking command in '/home/fourdds/ros2_ws/build/px4_msgs': CMAKE_PREFIX_PATH=${CMAKE_PREFIX_PATH}:/opt/ros/humble /usr/bin/cmake --build /home/fourdds/ros2_ws/build/px4_msgs -- -j24 -l24
[0.779s] DEBUG:colcon.colcon_core.event_handler.log_command:Invoked command in '/home/fourdds/ros2_ws/build/px4_msgs' returned '0': CMAKE_PREFIX_PATH=${CMAKE_PREFIX_PATH}:/opt/ros/humble /usr/bin/cmake --build /home/fourdds/ros2_ws/build/px4_msgs -- -j24 -l24
[3.516s] DEBUG:colcon.colcon_core.event_handler.log_command:Invoking command in '/home/fourdds/ros2_ws/build/px4_msgs': CMAKE_PREFIX_PATH=${CMAKE_PREFIX_PATH}:/opt/ros/humble /usr/bin/cmake --install /home/fourdds/ros2_ws/build/px4_msgs
[3.725s] Level 1:colcon.colcon_core.environment:create_environment_scripts_only(px4_msgs)
[3.736s] Level 1:colcon.colcon_core.environment:checking '/home/fourdds/ros2_ws/install/px4_msgs' for CMake module files
[3.740s] Level 1:colcon.colcon_core.environment:checking '/home/fourdds/ros2_ws/install/px4_msgs' for CMake config files
[3.740s] Level 1:colcon.colcon_core.shell:create_environment_hook('px4_msgs', 'cmake_prefix_path')
[3.741s] INFO:colcon.colcon_core.shell:Creating environment hook '/home/fourdds/ros2_ws/install/px4_msgs/share/px4_msgs/hook/cmake_prefix_path.ps1'
[3.741s] INFO:colcon.colcon_core.shell:Creating environment descriptor '/home/fourdds/ros2_ws/install/px4_msgs/share/px4_msgs/hook/cmake_prefix_path.dsv'
[3.741s] INFO:colcon.colcon_core.shell:Creating environment hook '/home/fourdds/ros2_ws/install/px4_msgs/share/px4_msgs/hook/cmake_prefix_path.sh'
[3.742s] Level 1:colcon.colcon_core.environment:checking '/home/fourdds/ros2_ws/install/px4_msgs/lib'
[3.742s] Level 1:colcon.colcon_core.shell:create_environment_hook('px4_msgs', 'ld_library_path_lib')
[3.742s] INFO:colcon.colcon_core.shell:Creating environment hook '/home/fourdds/ros2_ws/install/px4_msgs/share/px4_msgs/hook/ld_library_path_lib.ps1'
[3.743s] INFO:colcon.colcon_core.shell:Creating environment descriptor '/home/fourdds/ros2_ws/install/px4_msgs/share/px4_msgs/hook/ld_library_path_lib.dsv'
[3.743s] INFO:colcon.colcon_core.shell:Creating environment hook '/home/fourdds/ros2_ws/install/px4_msgs/share/px4_msgs/hook/ld_library_path_lib.sh'
[3.743s] Level 1:colcon.colcon_core.environment:checking '/home/fourdds/ros2_ws/install/px4_msgs/bin'
[3.743s] Level 1:colcon.colcon_core.environment:checking '/home/fourdds/ros2_ws/install/px4_msgs/lib/pkgconfig/px4_msgs.pc'
[3.743s] Level 1:colcon.colcon_core.environment:checking '/home/fourdds/ros2_ws/install/px4_msgs/lib/python3.10/site-packages'
[3.743s] Level 1:colcon.colcon_core.environment:checking '/home/fourdds/ros2_ws/install/px4_msgs/bin'
[3.744s] INFO:colcon.colcon_core.shell:Creating package script '/home/fourdds/ros2_ws/install/px4_msgs/share/px4_msgs/package.ps1'
[3.744s] INFO:colcon.colcon_core.shell:Creating package descriptor '/home/fourdds/ros2_ws/install/px4_msgs/share/px4_msgs/package.dsv'
[3.745s] INFO:colcon.colcon_core.shell:Creating package script '/home/fourdds/ros2_ws/install/px4_msgs/share/px4_msgs/package.sh'
[3.745s] INFO:colcon.colcon_core.shell:Creating package script '/home/fourdds/ros2_ws/install/px4_msgs/share/px4_msgs/package.bash'
[3.745s] INFO:colcon.colcon_core.shell:Creating package script '/home/fourdds/ros2_ws/install/px4_msgs/share/px4_msgs/package.zsh'
[3.746s] Level 1:colcon.colcon_core.environment:create_file_with_runtime_dependencies(/home/fourdds/ros2_ws/install/px4_msgs/share/colcon-core/packages/px4_msgs)
[3.784s] DEBUG:colcon.colcon_core.event_handler.log_command:Invoked command in '/home/fourdds/ros2_ws/build/px4_msgs' returned '0': CMAKE_PREFIX_PATH=${CMAKE_PREFIX_PATH}:/opt/ros/humble /usr/bin/cmake --install /home/fourdds/ros2_ws/build/px4_msgs
[6.245s] Level 1:colcon.colcon_core.environment:create_environment_scripts_only(px4_msgs)
[6.246s] Level 1:colcon.colcon_core.environment:checking '/home/fourdds/ros2_ws/install/px4_msgs' for CMake module files
[6.246s] Level 1:colcon.colcon_core.environment:checking '/home/fourdds/ros2_ws/install/px4_msgs' for CMake config files
[6.246s] Level 1:colcon.colcon_core.shell:create_environment_hook('px4_msgs', 'cmake_prefix_path')
[6.246s] INFO:colcon.colcon_core.shell:Creating environment hook '/home/fourdds/ros2_ws/install/px4_msgs/share/px4_msgs/hook/cmake_prefix_path.ps1'
[6.247s] INFO:colcon.colcon_core.shell:Creating environment descriptor '/home/fourdds/ros2_ws/install/px4_msgs/share/px4_msgs/hook/cmake_prefix_path.dsv'
[6.247s] INFO:colcon.colcon_core.shell:Creating environment hook '/home/fourdds/ros2_ws/install/px4_msgs/share/px4_msgs/hook/cmake_prefix_path.sh'
[6.248s] Level 1:colcon.colcon_core.environment:checking '/home/fourdds/ros2_ws/install/px4_msgs/lib'
[6.248s] Level 1:colcon.colcon_core.shell:create_environment_hook('px4_msgs', 'ld_library_path_lib')
[6.248s] INFO:colcon.colcon_core.shell:Creating environment hook '/home/fourdds/ros2_ws/install/px4_msgs/share/px4_msgs/hook/ld_library_path_lib.ps1'
[6.249s] INFO:colcon.colcon_core.shell:Creating environment descriptor '/home/fourdds/ros2_ws/install/px4_msgs/share/px4_msgs/hook/ld_library_path_lib.dsv'
[6.249s] INFO:colcon.colcon_core.shell:Creating environment hook '/home/fourdds/ros2_ws/install/px4_msgs/share/px4_msgs/hook/ld_library_path_lib.sh'
[6.249s] Level 1:colcon.colcon_core.environment:checking '/home/fourdds/ros2_ws/install/px4_msgs/bin'
[6.249s] Level 1:colcon.colcon_core.environment:checking '/home/fourdds/ros2_ws/install/px4_msgs/lib/pkgconfig/px4_msgs.pc'
[6.249s] Level 1:colcon.colcon_core.environment:checking '/home/fourdds/ros2_ws/install/px4_msgs/lib/python3.10/site-packages'
[6.249s] Level 1:colcon.colcon_core.environment:checking '/home/fourdds/ros2_ws/install/px4_msgs/bin'
[6.250s] INFO:colcon.colcon_core.shell:Creating package script '/home/fourdds/ros2_ws/install/px4_msgs/share/px4_msgs/package.ps1'
[6.250s] INFO:colcon.colcon_core.shell:Creating package descriptor '/home/fourdds/ros2_ws/install/px4_msgs/share/px4_msgs/package.dsv'
[6.250s] INFO:colcon.colcon_core.shell:Creating package script '/home/fourdds/ros2_ws/install/px4_msgs/share/px4_msgs/package.sh'
[6.250s] INFO:colcon.colcon_core.shell:Creating package script '/home/fourdds/ros2_ws/install/px4_msgs/share/px4_msgs/package.bash'
[6.251s] INFO:colcon.colcon_core.shell:Creating package script '/home/fourdds/ros2_ws/install/px4_msgs/share/px4_msgs/package.zsh'
[6.251s] Level 1:colcon.colcon_core.environment:create_file_with_runtime_dependencies(/home/fourdds/ros2_ws/install/px4_msgs/share/colcon-core/packages/px4_msgs)
[6.251s] INFO:colcon.colcon_ros.task.ament_cmake.build:Building ROS package in '/home/fourdds/ros2_ws/src/boids' with build type 'ament_cmake'
[6.252s] INFO:colcon.colcon_cmake.task.cmake.build:Building CMake package in '/home/fourdds/ros2_ws/src/boids'
[6.252s] INFO:colcon.colcon_core.shell:Skip shell extension 'powershell' for command environment: Not usable outside of PowerShell
[6.252s] DEBUG:colcon.colcon_core.shell:Skip shell extension 'dsv' for command environment
[6.255s] INFO:colcon.colcon_ros.task.ament_cmake.build:Building ROS package in '/home/fourdds/ros2_ws/src/px4_ros_com' with build type 'ament_cmake'
[6.255s] INFO:colcon.colcon_cmake.task.cmake.build:Building CMake package in '/home/fourdds/ros2_ws/src/px4_ros_com'
[6.256s] INFO:colcon.colcon_core.shell:Skip shell extension 'powershell' for command environment: Not usable outside of PowerShell
[6.256s] DEBUG:colcon.colcon_core.shell:Skip shell extension 'dsv' for command environment
[6.264s] DEBUG:colcon.colcon_core.event_handler.log_command:Invoking command in '/home/fourdds/ros2_ws/build/boids': CMAKE_PREFIX_PATH=/home/fourdds/ros2_ws/install/px4_msgs:/home/fourdds/ros2_ws/install/px4_ros_com:/home/fourdds/ros2_ws/install/boids:/opt/ros/humble LD_LIBRARY_PATH=/home/fourdds/ros2_ws/install/px4_msgs/lib:/home/fourdds/ros2_ws/install/px4_ros_com/lib:/home/fourdds/ros2_ws/install/boids/lib:/usr/lib/x86_64-linux-gnu/gazebo-11/plugins:/opt/ros/humble/opt/rviz_ogre_vendor/lib:/opt/ros/humble/lib/x86_64-linux-gnu:/opt/ros/humble/lib /usr/bin/cmake --build /home/fourdds/ros2_ws/build/boids -- -j24 -l24
[6.267s] DEBUG:colcon.colcon_core.event_handler.log_command:Invoking command in '/home/fourdds/ros2_ws/build/px4_ros_com': CMAKE_PREFIX_PATH=/home/fourdds/ros2_ws/install/px4_msgs:/home/fourdds/ros2_ws/install/px4_ros_com:/home/fourdds/ros2_ws/install/boids:/opt/ros/humble LD_LIBRARY_PATH=/home/fourdds/ros2_ws/install/px4_msgs/lib:/home/fourdds/ros2_ws/install/px4_ros_com/lib:/home/fourdds/ros2_ws/install/boids/lib:/usr/lib/x86_64-linux-gnu/gazebo-11/plugins:/opt/ros/humble/opt/rviz_ogre_vendor/lib:/opt/ros/humble/lib/x86_64-linux-gnu:/opt/ros/humble/lib /usr/bin/cmake --build /home/fourdds/ros2_ws/build/px4_ros_com -- -j24 -l24
[6.317s] DEBUG:colcon.colcon_core.event_handler.log_command:Invoked command in '/home/fourdds/ros2_ws/build/boids' returned '0': CMAKE_PREFIX_PATH=/home/fourdds/ros2_ws/install/px4_msgs:/home/fourdds/ros2_ws/install/px4_ros_com:/home/fourdds/ros2_ws/install/boids:/opt/ros/humble LD_LIBRARY_PATH=/home/fourdds/ros2_ws/install/px4_msgs/lib:/home/fourdds/ros2_ws/install/px4_ros_com/lib:/home/fourdds/ros2_ws/install/boids/lib:/usr/lib/x86_64-linux-gnu/gazebo-11/plugins:/opt/ros/humble/opt/rviz_ogre_vendor/lib:/opt/ros/humble/lib/x86_64-linux-gnu:/opt/ros/humble/lib /usr/bin/cmake --build /home/fourdds/ros2_ws/build/boids -- -j24 -l24
[6.339s] DEBUG:colcon.colcon_core.event_handler.log_command:Invoking command in '/home/fourdds/ros2_ws/build/boids': CMAKE_PREFIX_PATH=/home/fourdds/ros2_ws/install/px4_msgs:/home/fourdds/ros2_ws/install/px4_ros_com:/home/fourdds/ros2_ws/install/boids:/opt/ros/humble LD_LIBRARY_PATH=/home/fourdds/ros2_ws/install/px4_msgs/lib:/home/fourdds/ros2_ws/install/px4_ros_com/lib:/home/fourdds/ros2_ws/install/boids/lib:/usr/lib/x86_64-linux-gnu/gazebo-11/plugins:/opt/ros/humble/opt/rviz_ogre_vendor/lib:/opt/ros/humble/lib/x86_64-linux-gnu:/opt/ros/humble/lib /usr/bin/cmake --install /home/fourdds/ros2_ws/build/boids
[6.348s] Level 1:colcon.colcon_core.environment:create_environment_scripts_only(boids)
[6.348s] Level 1:colcon.colcon_core.environment:checking '/home/fourdds/ros2_ws/install/boids' for CMake module files
[6.349s] DEBUG:colcon.colcon_core.event_handler.log_command:Invoked command in '/home/fourdds/ros2_ws/build/boids' returned '0': CMAKE_PREFIX_PATH=/home/fourdds/ros2_ws/install/px4_msgs:/home/fourdds/ros2_ws/install/px4_ros_com:/home/fourdds/ros2_ws/install/boids:/opt/ros/humble LD_LIBRARY_PATH=/home/fourdds/ros2_ws/install/px4_msgs/lib:/home/fourdds/ros2_ws/install/px4_ros_com/lib:/home/fourdds/ros2_ws/install/boids/lib:/usr/lib/x86_64-linux-gnu/gazebo-11/plugins:/opt/ros/humble/opt/rviz_ogre_vendor/lib:/opt/ros/humble/lib/x86_64-linux-gnu:/opt/ros/humble/lib /usr/bin/cmake --install /home/fourdds/ros2_ws/build/boids
[6.349s] Level 1:colcon.colcon_core.environment:checking '/home/fourdds/ros2_ws/install/boids' for CMake config files
[6.349s] Level 1:colcon.colcon_core.shell:create_environment_hook('boids', 'cmake_prefix_path')
[6.350s] INFO:colcon.colcon_core.shell:Creating environment hook '/home/fourdds/ros2_ws/install/boids/share/boids/hook/cmake_prefix_path.ps1'
[6.350s] INFO:colcon.colcon_core.shell:Creating environment descriptor '/home/fourdds/ros2_ws/install/boids/share/boids/hook/cmake_prefix_path.dsv'
[6.350s] INFO:colcon.colcon_core.shell:Creating environment hook '/home/fourdds/ros2_ws/install/boids/share/boids/hook/cmake_prefix_path.sh'
[6.351s] Level 1:colcon.colcon_core.environment:checking '/home/fourdds/ros2_ws/install/boids/lib'
[6.351s] Level 1:colcon.colcon_core.shell:create_environment_hook('boids', 'ld_library_path_lib')
[6.351s] INFO:colcon.colcon_core.shell:Creating environment hook '/home/fourdds/ros2_ws/install/boids/share/boids/hook/ld_library_path_lib.ps1'
[6.352s] INFO:colcon.colcon_core.shell:Creating environment descriptor '/home/fourdds/ros2_ws/install/boids/share/boids/hook/ld_library_path_lib.dsv'
[6.352s] INFO:colcon.colcon_core.shell:Creating environment hook '/home/fourdds/ros2_ws/install/boids/share/boids/hook/ld_library_path_lib.sh'
[6.352s] Level 1:colcon.colcon_core.environment:checking '/home/fourdds/ros2_ws/install/boids/bin'
[6.352s] Level 1:colcon.colcon_core.environment:checking '/home/fourdds/ros2_ws/install/boids/lib/pkgconfig/boids.pc'
[6.352s] Level 1:colcon.colcon_core.environment:checking '/home/fourdds/ros2_ws/install/boids/lib/python3.10/site-packages'
[6.352s] Level 1:colcon.colcon_core.environment:checking '/home/fourdds/ros2_ws/install/boids/bin'
[6.352s] INFO:colcon.colcon_core.shell:Creating package script '/home/fourdds/ros2_ws/install/boids/share/boids/package.ps1'
[6.353s] INFO:colcon.colcon_core.shell:Creating package descriptor '/home/fourdds/ros2_ws/install/boids/share/boids/package.dsv'
[6.353s] INFO:colcon.colcon_core.shell:Creating package script '/home/fourdds/ros2_ws/install/boids/share/boids/package.sh'
[6.354s] INFO:colcon.colcon_core.shell:Creating package script '/home/fourdds/ros2_ws/install/boids/share/boids/package.bash'
[6.354s] INFO:colcon.colcon_core.shell:Creating package script '/home/fourdds/ros2_ws/install/boids/share/boids/package.zsh'
[6.354s] Level 1:colcon.colcon_core.environment:create_file_with_runtime_dependencies(/home/fourdds/ros2_ws/install/boids/share/colcon-core/packages/boids)
[6.374s] Level 1:colcon.colcon_core.environment:create_environment_scripts_only(boids)
[6.374s] Level 1:colcon.colcon_core.environment:checking '/home/fourdds/ros2_ws/install/boids' for CMake module files
[6.375s] Level 1:colcon.colcon_core.environment:checking '/home/fourdds/ros2_ws/install/boids' for CMake config files
[6.375s] Level 1:colcon.colcon_core.shell:create_environment_hook('boids', 'cmake_prefix_path')
[6.375s] INFO:colcon.colcon_core.shell:Creating environment hook '/home/fourdds/ros2_ws/install/boids/share/boids/hook/cmake_prefix_path.ps1'
[6.376s] INFO:colcon.colcon_core.shell:Creating environment descriptor '/home/fourdds/ros2_ws/install/boids/share/boids/hook/cmake_prefix_path.dsv'
[6.376s] INFO:colcon.colcon_core.shell:Creating environment hook '/home/fourdds/ros2_ws/install/boids/share/boids/hook/cmake_prefix_path.sh'
[6.376s] Level 1:colcon.colcon_core.environment:checking '/home/fourdds/ros2_ws/install/boids/lib'
[6.376s] Level 1:colcon.colcon_core.shell:create_environment_hook('boids', 'ld_library_path_lib')
[6.376s] INFO:colcon.colcon_core.shell:Creating environment hook '/home/fourdds/ros2_ws/install/boids/share/boids/hook/ld_library_path_lib.ps1'
[6.377s] INFO:colcon.colcon_core.shell:Creating environment descriptor '/home/fourdds/ros2_ws/install/boids/share/boids/hook/ld_library_path_lib.dsv'
[6.377s] INFO:colcon.colcon_core.shell:Creating environment hook '/home/fourdds/ros2_ws/install/boids/share/boids/hook/ld_library_path_lib.sh'
[6.377s] Level 1:colcon.colcon_core.environment:checking '/home/fourdds/ros2_ws/install/boids/bin'
[6.377s] Level 1:colcon.colcon_core.environment:checking '/home/fourdds/ros2_ws/install/boids/lib/pkgconfig/boids.pc'
[6.377s] Level 1:colcon.colcon_core.environment:checking '/home/fourdds/ros2_ws/install/boids/lib/python3.10/site-packages'
[6.377s] Level 1:colcon.colcon_core.environment:checking '/home/fourdds/ros2_ws/install/boids/bin'
[6.378s] INFO:colcon.colcon_core.shell:Creating package script '/home/fourdds/ros2_ws/install/boids/share/boids/package.ps1'
[6.378s] INFO:colcon.colcon_core.shell:Creating package descriptor '/home/fourdds/ros2_ws/install/boids/share/boids/package.dsv'
[6.379s] INFO:colcon.colcon_core.shell:Creating package script '/home/fourdds/ros2_ws/install/boids/share/boids/package.sh'
[6.379s] INFO:colcon.colcon_core.shell:Creating package script '/home/fourdds/ros2_ws/install/boids/share/boids/package.bash'
[6.379s] INFO:colcon.colcon_core.shell:Creating package script '/home/fourdds/ros2_ws/install/boids/share/boids/package.zsh'
[6.380s] Level 1:colcon.colcon_core.environment:create_file_with_runtime_dependencies(/home/fourdds/ros2_ws/install/boids/share/colcon-core/packages/boids)
[6.517s] DEBUG:colcon.colcon_core.event_handler.log_command:Invoked command in '/home/fourdds/ros2_ws/build/px4_ros_com' returned '0': CMAKE_PREFIX_PATH=/home/fourdds/ros2_ws/install/px4_msgs:/home/fourdds/ros2_ws/install/px4_ros_com:/home/fourdds/ros2_ws/install/boids:/opt/ros/humble LD_LIBRARY_PATH=/home/fourdds/ros2_ws/install/px4_msgs/lib:/home/fourdds/ros2_ws/install/px4_ros_com/lib:/home/fourdds/ros2_ws/install/boids/lib:/usr/lib/x86_64-linux-gnu/gazebo-11/plugins:/opt/ros/humble/opt/rviz_ogre_vendor/lib:/opt/ros/humble/lib/x86_64-linux-gnu:/opt/ros/humble/lib /usr/bin/cmake --build /home/fourdds/ros2_ws/build/px4_ros_com -- -j24 -l24
[6.545s] DEBUG:colcon.colcon_core.event_handler.log_command:Invoking command in '/home/fourdds/ros2_ws/build/px4_ros_com': CMAKE_PREFIX_PATH=/home/fourdds/ros2_ws/install/px4_msgs:/home/fourdds/ros2_ws/install/px4_ros_com:/home/fourdds/ros2_ws/install/boids:/opt/ros/humble LD_LIBRARY_PATH=/home/fourdds/ros2_ws/install/px4_msgs/lib:/home/fourdds/ros2_ws/install/px4_ros_com/lib:/home/fourdds/ros2_ws/install/boids/lib:/usr/lib/x86_64-linux-gnu/gazebo-11/plugins:/opt/ros/humble/opt/rviz_ogre_vendor/lib:/opt/ros/humble/lib/x86_64-linux-gnu:/opt/ros/humble/lib /usr/bin/cmake --install /home/fourdds/ros2_ws/build/px4_ros_com
[6.582s] Level 1:colcon.colcon_core.environment:create_environment_scripts_only(px4_ros_com)
[6.583s] Level 1:colcon.colcon_core.environment:checking '/home/fourdds/ros2_ws/install/px4_ros_com' for CMake module files
[6.584s] DEBUG:colcon.colcon_core.event_handler.log_command:Invoked command in '/home/fourdds/ros2_ws/build/px4_ros_com' returned '0': CMAKE_PREFIX_PATH=/home/fourdds/ros2_ws/install/px4_msgs:/home/fourdds/ros2_ws/install/px4_ros_com:/home/fourdds/ros2_ws/install/boids:/opt/ros/humble LD_LIBRARY_PATH=/home/fourdds/ros2_ws/install/px4_msgs/lib:/home/fourdds/ros2_ws/install/px4_ros_com/lib:/home/fourdds/ros2_ws/install/boids/lib:/usr/lib/x86_64-linux-gnu/gazebo-11/plugins:/opt/ros/humble/opt/rviz_ogre_vendor/lib:/opt/ros/humble/lib/x86_64-linux-gnu:/opt/ros/humble/lib /usr/bin/cmake --install /home/fourdds/ros2_ws/build/px4_ros_com
[6.584s] Level 1:colcon.colcon_core.environment:checking '/home/fourdds/ros2_ws/install/px4_ros_com' for CMake config files
[6.584s] Level 1:colcon.colcon_core.shell:create_environment_hook('px4_ros_com', 'cmake_prefix_path')
[6.584s] INFO:colcon.colcon_core.shell:Creating environment hook '/home/fourdds/ros2_ws/install/px4_ros_com/share/px4_ros_com/hook/cmake_prefix_path.ps1'
[6.585s] INFO:colcon.colcon_core.shell:Creating environment descriptor '/home/fourdds/ros2_ws/install/px4_ros_com/share/px4_ros_com/hook/cmake_prefix_path.dsv'
[6.585s] INFO:colcon.colcon_core.shell:Creating environment hook '/home/fourdds/ros2_ws/install/px4_ros_com/share/px4_ros_com/hook/cmake_prefix_path.sh'
[6.585s] Level 1:colcon.colcon_core.environment:checking '/home/fourdds/ros2_ws/install/px4_ros_com/lib'
[6.585s] Level 1:colcon.colcon_core.shell:create_environment_hook('px4_ros_com', 'ld_library_path_lib')
[6.585s] INFO:colcon.colcon_core.shell:Creating environment hook '/home/fourdds/ros2_ws/install/px4_ros_com/share/px4_ros_com/hook/ld_library_path_lib.ps1'
[6.585s] INFO:colcon.colcon_core.shell:Creating environment descriptor '/home/fourdds/ros2_ws/install/px4_ros_com/share/px4_ros_com/hook/ld_library_path_lib.dsv'
[6.586s] INFO:colcon.colcon_core.shell:Creating environment hook '/home/fourdds/ros2_ws/install/px4_ros_com/share/px4_ros_com/hook/ld_library_path_lib.sh'
[6.586s] Level 1:colcon.colcon_core.environment:checking '/home/fourdds/ros2_ws/install/px4_ros_com/bin'
[6.586s] Level 1:colcon.colcon_core.environment:checking '/home/fourdds/ros2_ws/install/px4_ros_com/lib/pkgconfig/px4_ros_com.pc'
[6.586s] Level 1:colcon.colcon_core.environment:checking '/home/fourdds/ros2_ws/install/px4_ros_com/lib/python3.10/site-packages'
[6.586s] Level 1:colcon.colcon_core.environment:checking '/home/fourdds/ros2_ws/install/px4_ros_com/bin'
[6.587s] INFO:colcon.colcon_core.shell:Creating package script '/home/fourdds/ros2_ws/install/px4_ros_com/share/px4_ros_com/package.ps1'
[6.587s] INFO:colcon.colcon_core.shell:Creating package descriptor '/home/fourdds/ros2_ws/install/px4_ros_com/share/px4_ros_com/package.dsv'
[6.587s] INFO:colcon.colcon_core.shell:Creating package script '/home/fourdds/ros2_ws/install/px4_ros_com/share/px4_ros_com/package.sh'
[6.587s] INFO:colcon.colcon_core.shell:Creating package script '/home/fourdds/ros2_ws/install/px4_ros_com/share/px4_ros_com/package.bash'
[6.588s] INFO:colcon.colcon_core.shell:Creating package script '/home/fourdds/ros2_ws/install/px4_ros_com/share/px4_ros_com/package.zsh'
[6.588s] Level 1:colcon.colcon_core.environment:create_file_with_runtime_dependencies(/home/fourdds/ros2_ws/install/px4_ros_com/share/colcon-core/packages/px4_ros_com)
[6.613s] Level 1:colcon.colcon_core.environment:create_environment_scripts_only(px4_ros_com)
[6.614s] Level 1:colcon.colcon_core.environment:checking '/home/fourdds/ros2_ws/install/px4_ros_com' for CMake module files
[6.614s] Level 1:colcon.colcon_core.environment:checking '/home/fourdds/ros2_ws/install/px4_ros_com' for CMake config files
[6.614s] Level 1:colcon.colcon_core.shell:create_environment_hook('px4_ros_com', 'cmake_prefix_path')
[6.614s] INFO:colcon.colcon_core.shell:Creating environment hook '/home/fourdds/ros2_ws/install/px4_ros_com/share/px4_ros_com/hook/cmake_prefix_path.ps1'
[6.615s] INFO:colcon.colcon_core.shell:Creating environment descriptor '/home/fourdds/ros2_ws/install/px4_ros_com/share/px4_ros_com/hook/cmake_prefix_path.dsv'
[6.615s] INFO:colcon.colcon_core.shell:Creating environment hook '/home/fourdds/ros2_ws/install/px4_ros_com/share/px4_ros_com/hook/cmake_prefix_path.sh'
[6.615s] Level 1:colcon.colcon_core.environment:checking '/home/fourdds/ros2_ws/install/px4_ros_com/lib'
[6.615s] Level 1:colcon.colcon_core.shell:create_environment_hook('px4_ros_com', 'ld_library_path_lib')
[6.616s] INFO:colcon.colcon_core.shell:Creating environment hook '/home/fourdds/ros2_ws/install/px4_ros_com/share/px4_ros_com/hook/ld_library_path_lib.ps1'
[6.616s] INFO:colcon.colcon_core.shell:Creating environment descriptor '/home/fourdds/ros2_ws/install/px4_ros_com/share/px4_ros_com/hook/ld_library_path_lib.dsv'
[6.616s] INFO:colcon.colcon_core.shell:Creating environment hook '/home/fourdds/ros2_ws/install/px4_ros_com/share/px4_ros_com/hook/ld_library_path_lib.sh'
[6.616s] Level 1:colcon.colcon_core.environment:checking '/home/fourdds/ros2_ws/install/px4_ros_com/bin'
[6.616s] Level 1:colcon.colcon_core.environment:checking '/home/fourdds/ros2_ws/install/px4_ros_com/lib/pkgconfig/px4_ros_com.pc'
[6.616s] Level 1:colcon.colcon_core.environment:checking '/home/fourdds/ros2_ws/install/px4_ros_com/lib/python3.10/site-packages'
[6.617s] Level 1:colcon.colcon_core.environment:checking '/home/fourdds/ros2_ws/install/px4_ros_com/bin'
[6.617s] INFO:colcon.colcon_core.shell:Creating package script '/home/fourdds/ros2_ws/install/px4_ros_com/share/px4_ros_com/package.ps1'
[6.617s] INFO:colcon.colcon_core.shell:Creating package descriptor '/home/fourdds/ros2_ws/install/px4_ros_com/share/px4_ros_com/package.dsv'
[6.617s] INFO:colcon.colcon_core.shell:Creating package script '/home/fourdds/ros2_ws/install/px4_ros_com/share/px4_ros_com/package.sh'
[6.617s] INFO:colcon.colcon_core.shell:Creating package script '/home/fourdds/ros2_ws/install/px4_ros_com/share/px4_ros_com/package.bash'
[6.618s] INFO:colcon.colcon_core.shell:Creating package script '/home/fourdds/ros2_ws/install/px4_ros_com/share/px4_ros_com/package.zsh'
[6.618s] Level 1:colcon.colcon_core.environment:create_file_with_runtime_dependencies(/home/fourdds/ros2_ws/install/px4_ros_com/share/colcon-core/packages/px4_ros_com)
[6.618s] DEBUG:colcon.colcon_parallel_executor.executor.parallel:closing loop
[6.619s] DEBUG:colcon.colcon_parallel_executor.executor.parallel:loop closed
[6.619s] DEBUG:colcon.colcon_parallel_executor.executor.parallel:run_until_complete finished with '0'
[6.619s] DEBUG:colcon.colcon_core.event_reactor:joining thread
[6.625s] INFO:colcon.colcon_core.plugin_system:Skipping extension 'colcon_notification.desktop_notification.notify_send': Could not find 'notify-send'
[6.625s] INFO:colcon.colcon_core.plugin_system:Skipping extension 'colcon_notification.desktop_notification.terminal_notifier': Not used on non-Darwin systems
[6.625s] INFO:colcon.colcon_core.plugin_system:Skipping extension 'colcon_notification.desktop_notification.win32': Not used on non-Windows systems
[6.625s] INFO:colcon.colcon_notification.desktop_notification:Sending desktop notification using 'notify2'
[6.625s] DEBUG:colcon.colcon_notification.desktop_notification.notify2:Failed to initialize notify2: org.freedesktop.DBus.Error.FileNotFound: Failed to connect to socket /run/user/0/bus: No such file or directory
[6.625s] DEBUG:colcon.colcon_core.event_reactor:joined thread
[6.625s] INFO:colcon.colcon_core.shell:Creating prefix script '/home/fourdds/ros2_ws/install/local_setup.ps1'
[6.626s] INFO:colcon.colcon_core.shell:Creating prefix util module '/home/fourdds/ros2_ws/install/_local_setup_util_ps1.py'
[6.627s] INFO:colcon.colcon_core.shell:Creating prefix chain script '/home/fourdds/ros2_ws/install/setup.ps1'
[6.627s] INFO:colcon.colcon_core.shell:Creating prefix script '/home/fourdds/ros2_ws/install/local_setup.sh'
[6.628s] INFO:colcon.colcon_core.shell:Creating prefix util module '/home/fourdds/ros2_ws/install/_local_setup_util_sh.py'
[6.628s] INFO:colcon.colcon_core.shell:Creating prefix chain script '/home/fourdds/ros2_ws/install/setup.sh'
[6.629s] INFO:colcon.colcon_core.shell:Creating prefix script '/home/fourdds/ros2_ws/install/local_setup.bash'
[6.629s] INFO:colcon.colcon_core.shell:Creating prefix chain script '/home/fourdds/ros2_ws/install/setup.bash'
[6.629s] INFO:colcon.colcon_core.shell:Creating prefix script '/home/fourdds/ros2_ws/install/local_setup.zsh'
[6.630s] INFO:colcon.colcon_core.shell:Creating prefix chain script '/home/fourdds/ros2_ws/install/setup.zsh'
