[0.015s] Invoking command in '/home/fourdds/ws/build/cv_bridge': CMAKE_PREFIX_PATH=${CMAKE_PREFIX_PATH}:/home/fourdds/ros2_ws/install/analysis:/opt/ros/humble /usr/bin/cmake --build /home/fourdds/ws/build/cv_bridge -- -j24 -l24
[0.067s] [  0%] Built target ament_cmake_python_symlink_cv_bridge
[0.075s] [ 12%] Built target gtest_main
[0.077s] [ 25%] Built target gtest
[0.084s] [ 43%] Built target cv_bridge
[0.105s] [ 81%] Built target cv_bridge-utest
[0.128s] [100%] Built target cv_bridge_boost
[0.190s] running egg_info
[0.197s] writing cv_bridge.egg-info/PKG-INFO
[0.197s] writing dependency_links to cv_bridge.egg-info/dependency_links.txt
[0.198s] writing top-level names to cv_bridge.egg-info/top_level.txt
[0.216s] reading manifest file 'cv_bridge.egg-info/SOURCES.txt'
[0.217s] writing manifest file 'cv_bridge.egg-info/SOURCES.txt'
[0.235s] [100%] Built target ament_cmake_python_build_cv_bridge_egg
[0.240s] Invoked command in '/home/fourdds/ws/build/cv_bridge' returned '0': CMAKE_PREFIX_PATH=${CMAKE_PREFIX_PATH}:/home/fourdds/ros2_ws/install/analysis:/opt/ros/humble /usr/bin/cmake --build /home/fourdds/ws/build/cv_bridge -- -j24 -l24
[0.253s] Invoking command in '/home/fourdds/ws/build/cv_bridge': CMAKE_PREFIX_PATH=${CMAKE_PREFIX_PATH}:/home/fourdds/ros2_ws/install/analysis:/opt/ros/humble /usr/bin/cmake --install /home/fourdds/ws/build/cv_bridge
[0.257s] -- Install configuration: ""
[0.258s] -- Execute custom install script
[0.259s] -- Up-to-date symlink: /home/fourdds/ws/install/cv_bridge/share/cv_bridge/environment/pythonpath.sh
[0.259s] -- Up-to-date symlink: /home/fourdds/ws/install/cv_bridge/share/cv_bridge/environment/pythonpath.dsv
[0.260s] -- Up-to-date symlink: /home/fourdds/ws/install/cv_bridge/local/lib/python3.10/dist-packages/cv_bridge-3.2.1-py3.10.egg-info/PKG-INFO
[0.260s] -- Up-to-date symlink: /home/fourdds/ws/install/cv_bridge/local/lib/python3.10/dist-packages/cv_bridge-3.2.1-py3.10.egg-info/SOURCES.txt
[0.260s] -- Up-to-date symlink: /home/fourdds/ws/install/cv_bridge/local/lib/python3.10/dist-packages/cv_bridge-3.2.1-py3.10.egg-info/dependency_links.txt
[0.261s] -- Up-to-date symlink: /home/fourdds/ws/install/cv_bridge/local/lib/python3.10/dist-packages/cv_bridge-3.2.1-py3.10.egg-info/top_level.txt
[0.261s] -- Up-to-date symlink: /home/fourdds/ws/install/cv_bridge/local/lib/python3.10/dist-packages/cv_bridge/__init__.py
[0.261s] -- Up-to-date symlink: /home/fourdds/ws/install/cv_bridge/local/lib/python3.10/dist-packages/cv_bridge/core.py
[0.262s] -- Up-to-date symlink: /home/fourdds/ws/install/cv_bridge/include/cv_bridge/cv_bridge/cv_bridge_export.h
[0.262s] -- Up-to-date symlink: /home/fourdds/ws/install/cv_bridge/local/lib/python3.10/dist-packages/cv_bridge/boost//cv_bridge_boost.so
[0.263s] -- Up-to-date symlink: /home/fourdds/ws/install/cv_bridge/include/cv_bridge/cv_bridge/cv_bridge.h
[0.263s] -- Up-to-date symlink: /home/fourdds/ws/install/cv_bridge/include/cv_bridge/cv_bridge/rgb_colors.h
[0.263s] -- Up-to-date symlink: /home/fourdds/ws/install/cv_bridge/lib/libcv_bridge.so
[0.264s] -- Up-to-date symlink: /home/fourdds/ws/install/cv_bridge/share/ament_index/resource_index/package_run_dependencies/cv_bridge
[0.264s] -- Up-to-date symlink: /home/fourdds/ws/install/cv_bridge/share/ament_index/resource_index/parent_prefix_path/cv_bridge
[0.265s] -- Up-to-date symlink: /home/fourdds/ws/install/cv_bridge/share/cv_bridge/environment/ament_prefix_path.sh
[0.265s] -- Up-to-date symlink: /home/fourdds/ws/install/cv_bridge/share/cv_bridge/environment/ament_prefix_path.dsv
[0.265s] -- Up-to-date symlink: /home/fourdds/ws/install/cv_bridge/share/cv_bridge/environment/path.sh
[0.266s] -- Up-to-date symlink: /home/fourdds/ws/install/cv_bridge/share/cv_bridge/environment/path.dsv
[0.266s] -- Up-to-date symlink: /home/fourdds/ws/install/cv_bridge/share/cv_bridge/local_setup.bash
[0.266s] -- Up-to-date symlink: /home/fourdds/ws/install/cv_bridge/share/cv_bridge/local_setup.sh
[0.266s] -- Up-to-date symlink: /home/fourdds/ws/install/cv_bridge/share/cv_bridge/local_setup.zsh
[0.267s] -- Up-to-date symlink: /home/fourdds/ws/install/cv_bridge/share/cv_bridge/local_setup.dsv
[0.267s] -- Symlinking: /home/fourdds/ws/install/cv_bridge/share/cv_bridge/package.dsv
[0.271s] -- Up-to-date symlink: /home/fourdds/ws/install/cv_bridge/share/ament_index/resource_index/packages/cv_bridge
[0.271s] -- Up-to-date symlink: /home/fourdds/ws/install/cv_bridge/share/cv_bridge/cmake/cv_bridge-extras.cmake
[0.272s] -- Up-to-date symlink: /home/fourdds/ws/install/cv_bridge/share/cv_bridge/cmake/ament_cmake_export_dependencies-extras.cmake
[0.272s] -- Up-to-date symlink: /home/fourdds/ws/install/cv_bridge/share/cv_bridge/cmake/ament_cmake_export_targets-extras.cmake
[0.272s] -- Up-to-date symlink: /home/fourdds/ws/install/cv_bridge/share/cv_bridge/cmake/cv_bridgeConfig.cmake
[0.272s] -- Up-to-date symlink: /home/fourdds/ws/install/cv_bridge/share/cv_bridge/cmake/cv_bridgeConfig-version.cmake
[0.273s] -- Up-to-date symlink: /home/fourdds/ws/install/cv_bridge/share/cv_bridge/package.xml
[0.291s] Listing '/home/fourdds/ws/install/cv_bridge/local/lib/python3.10/dist-packages/cv_bridge'...
[0.291s] Listing '/home/fourdds/ws/install/cv_bridge/local/lib/python3.10/dist-packages/cv_bridge/boost'...
[0.295s] -- Up-to-date: /home/fourdds/ws/install/cv_bridge/share/cv_bridge/cmake/export_cv_bridgeExport.cmake
[0.295s] -- Up-to-date: /home/fourdds/ws/install/cv_bridge/share/cv_bridge/cmake/export_cv_bridgeExport-noconfig.cmake
[0.297s] Invoked command in '/home/fourdds/ws/build/cv_bridge' returned '0': CMAKE_PREFIX_PATH=${CMAKE_PREFIX_PATH}:/home/fourdds/ros2_ws/install/analysis:/opt/ros/humble /usr/bin/cmake --install /home/fourdds/ws/build/cv_bridge
