[0.009s] Invoking command in '/home/fourdds/ros2_ws/build/boids': CMAKE_PREFIX_PATH=/home/fourdds/ros2_ws/install/px4_msgs:/home/fourdds/ros2_ws/install/uuv_boids:/home/fourdds/ros2_ws/install/px4_ros_com:/home/fourdds/ros2_ws/install/iris-logger:/home/fourdds/ros2_ws/install/boids:/opt/ros/humble LD_LIBRARY_PATH=/home/fourdds/ros2_ws/install/px4_msgs/lib:/home/fourdds/ros2_ws/install/uuv_boids/lib:/home/fourdds/ros2_ws/install/px4_ros_com/lib:/home/fourdds/ros2_ws/install/boids/lib:/usr/lib/x86_64-linux-gnu/gazebo-11/plugins:/opt/ros/humble/opt/rviz_ogre_vendor/lib:/opt/ros/humble/lib/x86_64-linux-gnu:/opt/ros/humble/lib /usr/bin/cmake --build /home/fourdds/ros2_ws/build/boids -- -j24 -l24
[0.034s] [35m[1mConsolidate compiler generated dependencies of target swarm_spawner[0m
[0.034s] [  2%] Built target boids__cpp
[0.039s] [  6%] Built target frame_transforms
[0.039s] [ 15%] Built target boids__rosidl_generator_c
[0.042s] [ 15%] Built target ament_cmake_python_copy_boids
[0.048s] [ 28%] Built target boids__rosidl_typesupport_cpp
[0.048s] [ 32%] Built target boids__rosidl_typesupport_introspection_cpp
[0.048s] [ 41%] Built target boids__rosidl_typesupport_fastrtps_cpp
[0.049s] [ 43%] [32mBuilding CXX object CMakeFiles/swarm_spawner.dir/src/main.cpp.o[0m
[0.050s] [ 45%] [32mBuilding CXX object CMakeFiles/swarm_spawner.dir/src/uav_node.cpp.o[0m
[0.055s] [ 63%] Built target boids__rosidl_typesupport_c
[0.055s] [ 63%] Built target boids__rosidl_typesupport_introspection_c
[0.055s] [ 71%] Built target boids__rosidl_typesupport_fastrtps_c
[0.065s] [ 71%] Built target boids
[0.078s] [ 73%] Built target boids__py
[0.091s] [ 80%] Built target boids__rosidl_generator_py
[0.104s] [ 89%] Built target boids__rosidl_typesupport_c__pyext
[0.104s] [ 89%] Built target boids__rosidl_typesupport_fastrtps_c__pyext
[0.104s] [ 93%] Built target boids__rosidl_typesupport_introspection_c__pyext
[0.162s] running egg_info
[0.169s] writing boids.egg-info/PKG-INFO
[0.170s] writing dependency_links to boids.egg-info/dependency_links.txt
[0.170s] writing top-level names to boids.egg-info/top_level.txt
[0.192s] reading manifest file 'boids.egg-info/SOURCES.txt'
[0.193s] writing manifest file 'boids.egg-info/SOURCES.txt'
[0.218s] [ 93%] Built target ament_cmake_python_build_boids_egg
[3.149s] [01m[K/home/fourdds/ros2_ws/src/boids/src/uav_node.cpp:[m[K In member function ‘[01m[Kvoid Swarm::UavNode::cameraSubscriptionCallback(sensor_msgs::msg::CompressedImage_<std::allocator<void> >::ConstSharedPtr)[m[K’:
[3.150s] [01m[K/home/fourdds/ros2_ws/src/boids/src/uav_node.cpp:308:16:[m[K [01;35m[Kwarning: [m[Kunused variable ‘[01m[Kimg_id[m[K’ [[01;35m[K]8;;https://gcc.gnu.org/onlinedocs/gcc/Warning-Options.html#index-Wunused-variable-Wunused-variable]8;;[m[K]
[3.150s]   308 |     static int [01;35m[Kimg_id[m[K = 0;
[3.150s]       |                [01;35m[K^~~~~~[m[K
[9.101s] [01m[K/home/fourdds/ros2_ws/src/boids/src/uav_node.cpp:[m[K At global scope:
[9.101s] [01m[K/home/fourdds/ros2_ws/src/boids/src/uav_node.cpp:308:16:[m[K [01;35m[Kwarning: [m[K‘[01m[Kimg_id[m[K’ defined but not used [[01;35m[K]8;;https://gcc.gnu.org/onlinedocs/gcc/Warning-Options.html#index-Wunused-variable-Wunused-variable]8;;[m[K]
[22.090s] [ 95%] [32m[1mLinking CXX executable swarm_spawner[0m
[22.490s] [100%] Built target swarm_spawner
[22.498s] Invoked command in '/home/fourdds/ros2_ws/build/boids' returned '0': CMAKE_PREFIX_PATH=/home/fourdds/ros2_ws/install/px4_msgs:/home/fourdds/ros2_ws/install/uuv_boids:/home/fourdds/ros2_ws/install/px4_ros_com:/home/fourdds/ros2_ws/install/iris-logger:/home/fourdds/ros2_ws/install/boids:/opt/ros/humble LD_LIBRARY_PATH=/home/fourdds/ros2_ws/install/px4_msgs/lib:/home/fourdds/ros2_ws/install/uuv_boids/lib:/home/fourdds/ros2_ws/install/px4_ros_com/lib:/home/fourdds/ros2_ws/install/boids/lib:/usr/lib/x86_64-linux-gnu/gazebo-11/plugins:/opt/ros/humble/opt/rviz_ogre_vendor/lib:/opt/ros/humble/lib/x86_64-linux-gnu:/opt/ros/humble/lib /usr/bin/cmake --build /home/fourdds/ros2_ws/build/boids -- -j24 -l24
[22.542s] Invoking command in '/home/fourdds/ros2_ws/build/boids': CMAKE_PREFIX_PATH=/home/fourdds/ros2_ws/install/px4_msgs:/home/fourdds/ros2_ws/install/uuv_boids:/home/fourdds/ros2_ws/install/px4_ros_com:/home/fourdds/ros2_ws/install/iris-logger:/home/fourdds/ros2_ws/install/boids:/opt/ros/humble LD_LIBRARY_PATH=/home/fourdds/ros2_ws/install/px4_msgs/lib:/home/fourdds/ros2_ws/install/uuv_boids/lib:/home/fourdds/ros2_ws/install/px4_ros_com/lib:/home/fourdds/ros2_ws/install/boids/lib:/usr/lib/x86_64-linux-gnu/gazebo-11/plugins:/opt/ros/humble/opt/rviz_ogre_vendor/lib:/opt/ros/humble/lib/x86_64-linux-gnu:/opt/ros/humble/lib /usr/bin/cmake --install /home/fourdds/ros2_ws/build/boids
[22.547s] -- Install configuration: ""
[22.547s] -- Up-to-date: /home/fourdds/ros2_ws/install/boids/share/ament_index/resource_index/rosidl_interfaces/boids
[22.547s] -- Up-to-date: /home/fourdds/ros2_ws/install/boids/include/boids/boids
[22.547s] -- Up-to-date: /home/fourdds/ros2_ws/install/boids/include/boids/boids/msg
[22.547s] -- Up-to-date: /home/fourdds/ros2_ws/install/boids/include/boids/boids/msg/rosidl_generator_c__visibility_control.h
[22.547s] -- Up-to-date: /home/fourdds/ros2_ws/install/boids/include/boids/boids/msg/detail
[22.547s] -- Up-to-date: /home/fourdds/ros2_ws/install/boids/include/boids/boids/msg/detail/flocking__functions.c
[22.547s] -- Up-to-date: /home/fourdds/ros2_ws/install/boids/include/boids/boids/msg/detail/geo_ping__type_support.h
[22.547s] -- Up-to-date: /home/fourdds/ros2_ws/install/boids/include/boids/boids/msg/detail/geo_ping__functions.c
[22.547s] -- Up-to-date: /home/fourdds/ros2_ws/install/boids/include/boids/boids/msg/detail/flocking__functions.h
[22.548s] -- Up-to-date: /home/fourdds/ros2_ws/install/boids/include/boids/boids/msg/detail/flocking__struct.h
[22.548s] -- Up-to-date: /home/fourdds/ros2_ws/install/boids/include/boids/boids/msg/detail/flocking__type_support.h
[22.548s] -- Up-to-date: /home/fourdds/ros2_ws/install/boids/include/boids/boids/msg/detail/geo_ping__struct.h
[22.548s] -- Up-to-date: /home/fourdds/ros2_ws/install/boids/include/boids/boids/msg/detail/geo_ping__functions.h
[22.548s] -- Up-to-date: /home/fourdds/ros2_ws/install/boids/include/boids/boids/msg/geo_ping.h
[22.548s] -- Up-to-date: /home/fourdds/ros2_ws/install/boids/include/boids/boids/msg/flocking.h
[22.548s] -- Up-to-date: /home/fourdds/ros2_ws/install/boids/share/boids/environment/library_path.sh
[22.548s] -- Up-to-date: /home/fourdds/ros2_ws/install/boids/share/boids/environment/library_path.dsv
[22.548s] -- Up-to-date: /home/fourdds/ros2_ws/install/boids/lib/libboids__rosidl_generator_c.so
[22.548s] -- Up-to-date: /home/fourdds/ros2_ws/install/boids/include/boids/boids
[22.548s] -- Up-to-date: /home/fourdds/ros2_ws/install/boids/include/boids/boids/msg
[22.548s] -- Up-to-date: /home/fourdds/ros2_ws/install/boids/include/boids/boids/msg/detail
[22.549s] -- Up-to-date: /home/fourdds/ros2_ws/install/boids/include/boids/boids/msg/detail/geo_ping__rosidl_typesupport_fastrtps_c.h
[22.549s] -- Up-to-date: /home/fourdds/ros2_ws/install/boids/include/boids/boids/msg/detail/flocking__rosidl_typesupport_fastrtps_c.h
[22.549s] -- Up-to-date: /home/fourdds/ros2_ws/install/boids/include/boids/boids/msg/rosidl_typesupport_fastrtps_c__visibility_control.h
[22.549s] -- Up-to-date: /home/fourdds/ros2_ws/install/boids/lib/libboids__rosidl_typesupport_fastrtps_c.so
[22.549s] -- Up-to-date: /home/fourdds/ros2_ws/install/boids/include/boids/boids
[22.549s] -- Up-to-date: /home/fourdds/ros2_ws/install/boids/include/boids/boids/msg
[22.549s] -- Up-to-date: /home/fourdds/ros2_ws/install/boids/include/boids/boids/msg/geo_ping.hpp
[22.549s] -- Up-to-date: /home/fourdds/ros2_ws/install/boids/include/boids/boids/msg/detail
[22.549s] -- Up-to-date: /home/fourdds/ros2_ws/install/boids/include/boids/boids/msg/detail/flocking__builder.hpp
[22.549s] -- Up-to-date: /home/fourdds/ros2_ws/install/boids/include/boids/boids/msg/detail/geo_ping__traits.hpp
[22.549s] -- Up-to-date: /home/fourdds/ros2_ws/install/boids/include/boids/boids/msg/detail/flocking__traits.hpp
[22.549s] -- Up-to-date: /home/fourdds/ros2_ws/install/boids/include/boids/boids/msg/detail/geo_ping__builder.hpp
[22.549s] -- Up-to-date: /home/fourdds/ros2_ws/install/boids/include/boids/boids/msg/detail/flocking__struct.hpp
[22.549s] -- Up-to-date: /home/fourdds/ros2_ws/install/boids/include/boids/boids/msg/detail/geo_ping__struct.hpp
[22.549s] -- Up-to-date: /home/fourdds/ros2_ws/install/boids/include/boids/boids/msg/flocking.hpp
[22.549s] -- Up-to-date: /home/fourdds/ros2_ws/install/boids/include/boids/boids
[22.549s] -- Up-to-date: /home/fourdds/ros2_ws/install/boids/include/boids/boids/msg
[22.549s] -- Up-to-date: /home/fourdds/ros2_ws/install/boids/include/boids/boids/msg/detail
[22.550s] -- Up-to-date: /home/fourdds/ros2_ws/install/boids/include/boids/boids/msg/detail/flocking__rosidl_typesupport_fastrtps_cpp.hpp
[22.550s] -- Up-to-date: /home/fourdds/ros2_ws/install/boids/include/boids/boids/msg/detail/geo_ping__rosidl_typesupport_fastrtps_cpp.hpp
[22.550s] -- Up-to-date: /home/fourdds/ros2_ws/install/boids/include/boids/boids/msg/detail/dds_fastrtps
[22.550s] -- Up-to-date: /home/fourdds/ros2_ws/install/boids/include/boids/boids/msg/rosidl_typesupport_fastrtps_cpp__visibility_control.h
[22.550s] -- Up-to-date: /home/fourdds/ros2_ws/install/boids/lib/libboids__rosidl_typesupport_fastrtps_cpp.so
[22.550s] -- Up-to-date: /home/fourdds/ros2_ws/install/boids/include/boids/boids
[22.550s] -- Up-to-date: /home/fourdds/ros2_ws/install/boids/include/boids/boids/msg
[22.550s] -- Up-to-date: /home/fourdds/ros2_ws/install/boids/include/boids/boids/msg/detail
[22.550s] -- Up-to-date: /home/fourdds/ros2_ws/install/boids/include/boids/boids/msg/detail/geo_ping__rosidl_typesupport_introspection_c.h
[22.550s] -- Up-to-date: /home/fourdds/ros2_ws/install/boids/include/boids/boids/msg/detail/geo_ping__type_support.c
[22.550s] -- Up-to-date: /home/fourdds/ros2_ws/install/boids/include/boids/boids/msg/detail/flocking__type_support.c
[22.550s] -- Up-to-date: /home/fourdds/ros2_ws/install/boids/include/boids/boids/msg/detail/flocking__rosidl_typesupport_introspection_c.h
[22.550s] -- Up-to-date: /home/fourdds/ros2_ws/install/boids/include/boids/boids/msg/rosidl_typesupport_introspection_c__visibility_control.h
[22.550s] -- Up-to-date: /home/fourdds/ros2_ws/install/boids/lib/libboids__rosidl_typesupport_introspection_c.so
[22.550s] -- Up-to-date: /home/fourdds/ros2_ws/install/boids/lib/libboids__rosidl_typesupport_c.so
[22.550s] -- Up-to-date: /home/fourdds/ros2_ws/install/boids/include/boids/boids
[22.550s] -- Up-to-date: /home/fourdds/ros2_ws/install/boids/include/boids/boids/msg
[22.550s] -- Up-to-date: /home/fourdds/ros2_ws/install/boids/include/boids/boids/msg/detail
[22.550s] -- Up-to-date: /home/fourdds/ros2_ws/install/boids/include/boids/boids/msg/detail/geo_ping__type_support.cpp
[22.550s] -- Up-to-date: /home/fourdds/ros2_ws/install/boids/include/boids/boids/msg/detail/flocking__rosidl_typesupport_introspection_cpp.hpp
[22.550s] -- Up-to-date: /home/fourdds/ros2_ws/install/boids/include/boids/boids/msg/detail/geo_ping__rosidl_typesupport_introspection_cpp.hpp
[22.550s] -- Up-to-date: /home/fourdds/ros2_ws/install/boids/include/boids/boids/msg/detail/flocking__type_support.cpp
[22.550s] -- Up-to-date: /home/fourdds/ros2_ws/install/boids/lib/libboids__rosidl_typesupport_introspection_cpp.so
[22.550s] -- Up-to-date: /home/fourdds/ros2_ws/install/boids/lib/libboids__rosidl_typesupport_cpp.so
[22.550s] -- Up-to-date: /home/fourdds/ros2_ws/install/boids/share/boids/environment/pythonpath.sh
[22.550s] -- Up-to-date: /home/fourdds/ros2_ws/install/boids/share/boids/environment/pythonpath.dsv
[22.550s] -- Up-to-date: /home/fourdds/ros2_ws/install/boids/local/lib/python3.10/dist-packages/boids-0.0.0-py3.10.egg-info
[22.550s] -- Installing: /home/fourdds/ros2_ws/install/boids/local/lib/python3.10/dist-packages/boids-0.0.0-py3.10.egg-info/dependency_links.txt
[22.550s] -- Installing: /home/fourdds/ros2_ws/install/boids/local/lib/python3.10/dist-packages/boids-0.0.0-py3.10.egg-info/SOURCES.txt
[22.550s] -- Installing: /home/fourdds/ros2_ws/install/boids/local/lib/python3.10/dist-packages/boids-0.0.0-py3.10.egg-info/PKG-INFO
[22.550s] -- Installing: /home/fourdds/ros2_ws/install/boids/local/lib/python3.10/dist-packages/boids-0.0.0-py3.10.egg-info/top_level.txt
[22.550s] -- Up-to-date: /home/fourdds/ros2_ws/install/boids/local/lib/python3.10/dist-packages/boids
[22.550s] -- Up-to-date: /home/fourdds/ros2_ws/install/boids/local/lib/python3.10/dist-packages/boids/_boids_s.ep.rosidl_typesupport_fastrtps_c.c
[22.550s] -- Up-to-date: /home/fourdds/ros2_ws/install/boids/local/lib/python3.10/dist-packages/boids/boids_s__rosidl_typesupport_c.cpython-310-x86_64-linux-gnu.so
[22.550s] -- Up-to-date: /home/fourdds/ros2_ws/install/boids/local/lib/python3.10/dist-packages/boids/libboids__rosidl_generator_py.so
[22.550s] -- Up-to-date: /home/fourdds/ros2_ws/install/boids/local/lib/python3.10/dist-packages/boids/msg
[22.550s] -- Up-to-date: /home/fourdds/ros2_ws/install/boids/local/lib/python3.10/dist-packages/boids/msg/_flocking.py
[22.550s] -- Up-to-date: /home/fourdds/ros2_ws/install/boids/local/lib/python3.10/dist-packages/boids/msg/_geo_ping_s.c
[22.550s] -- Up-to-date: /home/fourdds/ros2_ws/install/boids/local/lib/python3.10/dist-packages/boids/msg/_flocking_s.c
[22.550s] -- Up-to-date: /home/fourdds/ros2_ws/install/boids/local/lib/python3.10/dist-packages/boids/msg/_geo_ping.py
[22.550s] -- Up-to-date: /home/fourdds/ros2_ws/install/boids/local/lib/python3.10/dist-packages/boids/msg/__init__.py
[22.550s] -- Up-to-date: /home/fourdds/ros2_ws/install/boids/local/lib/python3.10/dist-packages/boids/boids_s__rosidl_typesupport_introspection_c.cpython-310-x86_64-linux-gnu.so
[22.550s] -- Up-to-date: /home/fourdds/ros2_ws/install/boids/local/lib/python3.10/dist-packages/boids/_boids_s.ep.rosidl_typesupport_introspection_c.c
[22.550s] -- Up-to-date: /home/fourdds/ros2_ws/install/boids/local/lib/python3.10/dist-packages/boids/_boids_s.ep.rosidl_typesupport_c.c
[22.550s] -- Up-to-date: /home/fourdds/ros2_ws/install/boids/local/lib/python3.10/dist-packages/boids/boids_s__rosidl_typesupport_fastrtps_c.cpython-310-x86_64-linux-gnu.so
[22.550s] -- Up-to-date: /home/fourdds/ros2_ws/install/boids/local/lib/python3.10/dist-packages/boids/__init__.py
[22.568s] Listing '/home/fourdds/ros2_ws/install/boids/local/lib/python3.10/dist-packages/boids'...
[22.568s] Listing '/home/fourdds/ros2_ws/install/boids/local/lib/python3.10/dist-packages/boids/msg'...
[22.571s] -- Up-to-date: /home/fourdds/ros2_ws/install/boids/local/lib/python3.10/dist-packages/boids/boids_s__rosidl_typesupport_fastrtps_c.cpython-310-x86_64-linux-gnu.so
[22.571s] -- Up-to-date: /home/fourdds/ros2_ws/install/boids/local/lib/python3.10/dist-packages/boids/boids_s__rosidl_typesupport_introspection_c.cpython-310-x86_64-linux-gnu.so
[22.571s] -- Up-to-date: /home/fourdds/ros2_ws/install/boids/local/lib/python3.10/dist-packages/boids/boids_s__rosidl_typesupport_c.cpython-310-x86_64-linux-gnu.so
[22.571s] -- Up-to-date: /home/fourdds/ros2_ws/install/boids/lib/libboids__rosidl_generator_py.so
[22.571s] -- Up-to-date: /home/fourdds/ros2_ws/install/boids/share/boids/msg/GeoPing.idl
[22.571s] -- Up-to-date: /home/fourdds/ros2_ws/install/boids/share/boids/msg/Flocking.idl
[22.571s] -- Up-to-date: /home/fourdds/ros2_ws/install/boids/share/boids/msg/GeoPing.msg
[22.571s] -- Up-to-date: /home/fourdds/ros2_ws/install/boids/share/boids/msg/Flocking.msg
[22.572s] -- Installing: /home/fourdds/ros2_ws/install/boids/lib/boids/swarm_spawner
[22.573s] -- Set runtime path of "/home/fourdds/ros2_ws/install/boids/lib/boids/swarm_spawner" to ""
[22.573s] -- Up-to-date: /home/fourdds/ros2_ws/install/boids/include/boids
[22.573s] -- Up-to-date: /home/fourdds/ros2_ws/install/boids/include/boids/placeholder.txt:Zone.Identifier
[22.573s] -- Up-to-date: /home/fourdds/ros2_ws/install/boids/include/boids/placeholder.txt
[22.573s] -- Up-to-date: /home/fourdds/ros2_ws/install/boids/include/boids/placeholder.txt:Zone.Identifier:Zone.Identifier
[22.574s] -- Up-to-date: /home/fourdds/ros2_ws/install/boids/lib/libframe_transforms.so
[22.574s] -- Up-to-date: /home/fourdds/ros2_ws/install/boids/share/boids//launch
[22.574s] -- Up-to-date: /home/fourdds/ros2_ws/install/boids/share/boids//launch/boids.launch.py
[22.574s] -- Up-to-date: /home/fourdds/ros2_ws/install/boids/share/boids//test
[22.574s] -- Up-to-date: /home/fourdds/ros2_ws/install/boids/share/boids//test/placeholder.txt:Zone.Identifier
[22.574s] -- Up-to-date: /home/fourdds/ros2_ws/install/boids/share/boids//test/placeholder.txt
[22.574s] -- Up-to-date: /home/fourdds/ros2_ws/install/boids/share/boids//test/placeholder.txt:Zone.Identifier:Zone.Identifier
[22.574s] -- Up-to-date: /home/fourdds/ros2_ws/install/boids/share/ament_index/resource_index/package_run_dependencies/boids
[22.574s] -- Up-to-date: /home/fourdds/ros2_ws/install/boids/share/ament_index/resource_index/parent_prefix_path/boids
[22.574s] -- Up-to-date: /home/fourdds/ros2_ws/install/boids/share/boids/environment/ament_prefix_path.sh
[22.574s] -- Up-to-date: /home/fourdds/ros2_ws/install/boids/share/boids/environment/ament_prefix_path.dsv
[22.574s] -- Up-to-date: /home/fourdds/ros2_ws/install/boids/share/boids/environment/path.sh
[22.574s] -- Up-to-date: /home/fourdds/ros2_ws/install/boids/share/boids/environment/path.dsv
[22.574s] -- Up-to-date: /home/fourdds/ros2_ws/install/boids/share/boids/local_setup.bash
[22.574s] -- Up-to-date: /home/fourdds/ros2_ws/install/boids/share/boids/local_setup.sh
[22.574s] -- Up-to-date: /home/fourdds/ros2_ws/install/boids/share/boids/local_setup.zsh
[22.574s] -- Up-to-date: /home/fourdds/ros2_ws/install/boids/share/boids/local_setup.dsv
[22.574s] -- Installing: /home/fourdds/ros2_ws/install/boids/share/boids/package.dsv
[22.574s] -- Up-to-date: /home/fourdds/ros2_ws/install/boids/share/ament_index/resource_index/packages/boids
[22.575s] -- Up-to-date: /home/fourdds/ros2_ws/install/boids/share/boids/cmake/export_boids__rosidl_generator_cExport.cmake
[22.575s] -- Up-to-date: /home/fourdds/ros2_ws/install/boids/share/boids/cmake/export_boids__rosidl_generator_cExport-noconfig.cmake
[22.575s] -- Up-to-date: /home/fourdds/ros2_ws/install/boids/share/boids/cmake/export_boids__rosidl_typesupport_fastrtps_cExport.cmake
[22.575s] -- Up-to-date: /home/fourdds/ros2_ws/install/boids/share/boids/cmake/export_boids__rosidl_typesupport_fastrtps_cExport-noconfig.cmake
[22.575s] -- Up-to-date: /home/fourdds/ros2_ws/install/boids/share/boids/cmake/export_boids__rosidl_generator_cppExport.cmake
[22.575s] -- Up-to-date: /home/fourdds/ros2_ws/install/boids/share/boids/cmake/export_boids__rosidl_typesupport_fastrtps_cppExport.cmake
[22.575s] -- Up-to-date: /home/fourdds/ros2_ws/install/boids/share/boids/cmake/export_boids__rosidl_typesupport_fastrtps_cppExport-noconfig.cmake
[22.575s] -- Up-to-date: /home/fourdds/ros2_ws/install/boids/share/boids/cmake/boids__rosidl_typesupport_introspection_cExport.cmake
[22.575s] -- Up-to-date: /home/fourdds/ros2_ws/install/boids/share/boids/cmake/boids__rosidl_typesupport_introspection_cExport-noconfig.cmake
[22.575s] -- Up-to-date: /home/fourdds/ros2_ws/install/boids/share/boids/cmake/boids__rosidl_typesupport_cExport.cmake
[22.575s] -- Up-to-date: /home/fourdds/ros2_ws/install/boids/share/boids/cmake/boids__rosidl_typesupport_cExport-noconfig.cmake
[22.575s] -- Up-to-date: /home/fourdds/ros2_ws/install/boids/share/boids/cmake/boids__rosidl_typesupport_introspection_cppExport.cmake
[22.575s] -- Up-to-date: /home/fourdds/ros2_ws/install/boids/share/boids/cmake/boids__rosidl_typesupport_introspection_cppExport-noconfig.cmake
[22.575s] -- Up-to-date: /home/fourdds/ros2_ws/install/boids/share/boids/cmake/boids__rosidl_typesupport_cppExport.cmake
[22.575s] -- Up-to-date: /home/fourdds/ros2_ws/install/boids/share/boids/cmake/boids__rosidl_typesupport_cppExport-noconfig.cmake
[22.575s] -- Up-to-date: /home/fourdds/ros2_ws/install/boids/share/boids/cmake/export_boids__rosidl_generator_pyExport.cmake
[22.575s] -- Up-to-date: /home/fourdds/ros2_ws/install/boids/share/boids/cmake/export_boids__rosidl_generator_pyExport-noconfig.cmake
[22.575s] -- Up-to-date: /home/fourdds/ros2_ws/install/boids/share/boids/cmake/export_frame_transformsExport.cmake
[22.575s] -- Up-to-date: /home/fourdds/ros2_ws/install/boids/share/boids/cmake/export_frame_transformsExport-noconfig.cmake
[22.575s] -- Up-to-date: /home/fourdds/ros2_ws/install/boids/share/boids/cmake/rosidl_cmake-extras.cmake
[22.575s] -- Up-to-date: /home/fourdds/ros2_ws/install/boids/share/boids/cmake/ament_cmake_export_include_directories-extras.cmake
[22.575s] -- Up-to-date: /home/fourdds/ros2_ws/install/boids/share/boids/cmake/ament_cmake_export_libraries-extras.cmake
[22.575s] -- Up-to-date: /home/fourdds/ros2_ws/install/boids/share/boids/cmake/ament_cmake_export_targets-extras.cmake
[22.575s] -- Up-to-date: /home/fourdds/ros2_ws/install/boids/share/boids/cmake/rosidl_cmake_export_typesupport_targets-extras.cmake
[22.575s] -- Up-to-date: /home/fourdds/ros2_ws/install/boids/share/boids/cmake/ament_cmake_export_dependencies-extras.cmake
[22.576s] -- Up-to-date: /home/fourdds/ros2_ws/install/boids/share/boids/cmake/rosidl_cmake_export_typesupport_libraries-extras.cmake
[22.576s] -- Up-to-date: /home/fourdds/ros2_ws/install/boids/share/boids/cmake/boidsConfig.cmake
[22.576s] -- Up-to-date: /home/fourdds/ros2_ws/install/boids/share/boids/cmake/boidsConfig-version.cmake
[22.576s] -- Up-to-date: /home/fourdds/ros2_ws/install/boids/share/boids/package.xml
[22.577s] Invoked command in '/home/fourdds/ros2_ws/build/boids' returned '0': CMAKE_PREFIX_PATH=/home/fourdds/ros2_ws/install/px4_msgs:/home/fourdds/ros2_ws/install/uuv_boids:/home/fourdds/ros2_ws/install/px4_ros_com:/home/fourdds/ros2_ws/install/iris-logger:/home/fourdds/ros2_ws/install/boids:/opt/ros/humble LD_LIBRARY_PATH=/home/fourdds/ros2_ws/install/px4_msgs/lib:/home/fourdds/ros2_ws/install/uuv_boids/lib:/home/fourdds/ros2_ws/install/px4_ros_com/lib:/home/fourdds/ros2_ws/install/boids/lib:/usr/lib/x86_64-linux-gnu/gazebo-11/plugins:/opt/ros/humble/opt/rviz_ogre_vendor/lib:/opt/ros/humble/lib/x86_64-linux-gnu:/opt/ros/humble/lib /usr/bin/cmake --install /home/fourdds/ros2_ws/build/boids
