[35m[1mConsolidate compiler generated dependencies of target uavs_spawner[0m
[  2%] Built target boids__cpp
[ 10%] Built target boids__rosidl_generator_c
[ 10%] Built target ament_cmake_python_copy_boids
[ 16%] Built target frame_transforms
[ 24%] Built target boids__rosidl_typesupport_cpp
[ 29%] [32mBuilding CXX object CMakeFiles/uavs_spawner.dir/src/main.cpp.o[0m
[ 29%] [32mBuilding CXX object CMakeFiles/uavs_spawner.dir/src/swarm_master.cpp.o[0m
[ 37%] Built target boids__rosidl_typesupport_fastrtps_c
[ 45%] Built target boids__rosidl_typesupport_introspection_c
[ 54%] Built target boids__rosidl_typesupport_fastrtps_cpp
[ 62%] Built target boids__rosidl_typesupport_introspection_cpp
[ 70%] Built target boids__rosidl_typesupport_c
[ 70%] Built target boids
[ 72%] Built target boids__py
[ 78%] Built target boids__rosidl_generator_py
[ 94%] Built target boids__rosidl_typesupport_introspection_c__pyext
[ 94%] Built target boids__rosidl_typesupport_c__pyext
[ 91%] Built target boids__rosidl_typesupport_fastrtps_c__pyext
running egg_info
writing boids.egg-info/PKG-INFO
writing dependency_links to boids.egg-info/dependency_links.txt
writing top-level names to boids.egg-info/top_level.txt
reading manifest file 'boids.egg-info/SOURCES.txt'
writing manifest file 'boids.egg-info/SOURCES.txt'
[ 94%] Built target ament_cmake_python_build_boids_egg
