-- Found ament_cmake: 1.3.10 (/opt/ros/humble/share/ament_cmake/cmake)
-- Found rosidl_default_generators: 1.2.0 (/opt/ros/humble/share/rosidl_default_generators/cmake)
-- Using all available rosidl_typesupport_c: rosidl_typesupport_fastrtps_c;rosidl_typesupport_introspection_c
-- Found rosidl_adapter: 3.1.5 (/opt/ros/humble/share/rosidl_adapter/cmake)
-- Using all available rosidl_typesupport_cpp: rosidl_typesupport_fastrtps_cpp;rosidl_typesupport_introspection_cpp
-- Found ament_cmake_ros: 0.10.0 (/opt/ros/humble/share/ament_cmake_ros/cmake)
-- Using all available rosidl_typesupport_c: rosidl_typesupport_fastrtps_c;rosidl_typesupport_introspection_c
-- Using all available rosidl_typesupport_cpp: rosidl_typesupport_fastrtps_cpp;rosidl_typesupport_introspection_cpp
-- Found python_cmake_module: 0.10.0 (/opt/ros/humble/share/python_cmake_module/cmake)
-- Using PYTHON_EXECUTABLE: /usr/bin/python3
-- Using PYTHON_INCLUDE_DIRS: /usr/include/python3.10
-- Using PYTHON_LIBRARIES: /usr/lib/x86_64-linux-gnu/libpython3.10.so
-- Found ament_lint_auto: 0.12.11 (/opt/ros/humble/share/ament_lint_auto/cmake)
-- Added test 'cppcheck' to perform static code analysis on C / C++ code
-- Configured cppcheck include dirs: 
-- Configured cppcheck exclude dirs and/or files: 
-- Added test 'lint_cmake' to check CMake code style
-- Added test 'uncrustify' to check C / C++ code style
-- Configured uncrustify additional arguments: 
-- Added test 'xmllint' to check XML markup files
-- Configuring done
-- Generating done
-- Build files have been written to: /home/fourdds/ros2_ws/build/fdds_messages
[35m[1mConsolidate compiler generated dependencies of target fdds_messages__rosidl_generator_c[0m
[  2%] [32m[1mLinking C shared library libfdds_messages__rosidl_generator_c.so[0m
[  5%] Built target fdds_messages__cpp
[35m[1mConsolidate compiler generated dependencies of target fdds_messages__rosidl_typesupport_fastrtps_cpp[0m
[35m[1mConsolidate compiler generated dependencies of target fdds_messages__rosidl_typesupport_cpp[0m
[35m[1mConsolidate compiler generated dependencies of target fdds_messages__rosidl_typesupport_introspection_cpp[0m
[  5%] Built target ament_cmake_python_copy_fdds_messages
[ 10%] [32mBuilding CXX object CMakeFiles/fdds_messages__rosidl_typesupport_cpp.dir/rosidl_typesupport_cpp/fdds_messages/msg/flocking__type_support.cpp.o[0m
[ 10%] [32mBuilding CXX object CMakeFiles/fdds_messages__rosidl_typesupport_introspection_cpp.dir/rosidl_typesupport_introspection_cpp/fdds_messages/msg/detail/geo_ping__type_support.cpp.o[0m
[ 12%] [32mBuilding CXX object CMakeFiles/fdds_messages__rosidl_typesupport_fastrtps_cpp.dir/rosidl_typesupport_fastrtps_cpp/fdds_messages/msg/detail/dds_fastrtps/geo_ping__type_support.cpp.o[0m
[ 15%] [32mBuilding CXX object CMakeFiles/fdds_messages__rosidl_typesupport_introspection_cpp.dir/rosidl_typesupport_introspection_cpp/fdds_messages/msg/detail/flocking__type_support.cpp.o[0m
[ 17%] [32mBuilding CXX object CMakeFiles/fdds_messages__rosidl_typesupport_cpp.dir/rosidl_typesupport_cpp/fdds_messages/msg/geo_ping__type_support.cpp.o[0m
[ 20%] [32mBuilding CXX object CMakeFiles/fdds_messages__rosidl_typesupport_fastrtps_cpp.dir/rosidl_typesupport_fastrtps_cpp/fdds_messages/msg/detail/dds_fastrtps/flocking__type_support.cpp.o[0m
[ 28%] Built target fdds_messages__rosidl_generator_c
[35m[1mConsolidate compiler generated dependencies of target fdds_messages__rosidl_typesupport_c[0m
[35m[1mConsolidate compiler generated dependencies of target fdds_messages__rosidl_typesupport_introspection_c[0m
[35m[1mConsolidate compiler generated dependencies of target fdds_messages__rosidl_typesupport_fastrtps_c[0m
[ 30%] [32m[1mLinking C shared library libfdds_messages__rosidl_typesupport_introspection_c.so[0m
[ 35%] [32mBuilding CXX object CMakeFiles/fdds_messages__rosidl_typesupport_fastrtps_c.dir/rosidl_typesupport_fastrtps_c/fdds_messages/msg/detail/geo_ping__type_support_c.cpp.o[0m
[ 35%] [32m[1mLinking CXX shared library libfdds_messages__rosidl_typesupport_c.so[0m
[ 38%] [32mBuilding CXX object CMakeFiles/fdds_messages__rosidl_typesupport_fastrtps_c.dir/rosidl_typesupport_fastrtps_c/fdds_messages/msg/detail/flocking__type_support_c.cpp.o[0m
[ 46%] Built target fdds_messages__rosidl_typesupport_introspection_c
[ 53%] Built target fdds_messages__rosidl_typesupport_c
running egg_info
writing fdds_messages.egg-info/PKG-INFO
writing dependency_links to fdds_messages.egg-info/dependency_links.txt
writing top-level names to fdds_messages.egg-info/top_level.txt
[ 56%] [32m[1mLinking CXX shared library libfdds_messages__rosidl_typesupport_cpp.so[0m
reading manifest file 'fdds_messages.egg-info/SOURCES.txt'
writing manifest file 'fdds_messages.egg-info/SOURCES.txt'
[ 58%] Built target fdds_messages__rosidl_typesupport_cpp
[ 58%] Built target ament_cmake_python_build_fdds_messages_egg
[ 61%] [32m[1mLinking CXX shared library libfdds_messages__rosidl_typesupport_fastrtps_cpp.so[0m
[ 64%] [32m[1mLinking CXX shared library libfdds_messages__rosidl_typesupport_fastrtps_c.so[0m
[ 66%] [32m[1mLinking CXX shared library libfdds_messages__rosidl_typesupport_introspection_cpp.so[0m
[ 69%] Built target fdds_messages__rosidl_typesupport_introspection_cpp
[ 71%] Built target fdds_messages__rosidl_typesupport_fastrtps_cpp
[ 74%] Built target fdds_messages__rosidl_typesupport_fastrtps_c
[ 74%] Built target fdds_messages
[ 76%] Built target fdds_messages__py
[35m[1mConsolidate compiler generated dependencies of target fdds_messages__rosidl_generator_py[0m
[ 79%] [32mBuilding C object CMakeFiles/fdds_messages__rosidl_generator_py.dir/rosidl_generator_py/fdds_messages/msg/_geo_ping_s.c.o[0m
[ 82%] [32mBuilding C object CMakeFiles/fdds_messages__rosidl_generator_py.dir/rosidl_generator_py/fdds_messages/msg/_flocking_s.c.o[0m
[ 84%] [32m[1mLinking C shared library rosidl_generator_py/fdds_messages/libfdds_messages__rosidl_generator_py.so[0m
[ 84%] Built target fdds_messages__rosidl_generator_py
[35m[1mConsolidate compiler generated dependencies of target fdds_messages__rosidl_typesupport_introspection_c__pyext[0m
[35m[1mConsolidate compiler generated dependencies of target fdds_messages__rosidl_typesupport_fastrtps_c__pyext[0m
[35m[1mConsolidate compiler generated dependencies of target fdds_messages__rosidl_typesupport_c__pyext[0m
[ 87%] [32mBuilding C object CMakeFiles/fdds_messages__rosidl_typesupport_c__pyext.dir/rosidl_generator_py/fdds_messages/_fdds_messages_s.ep.rosidl_typesupport_c.c.o[0m
[ 89%] [32mBuilding C object CMakeFiles/fdds_messages__rosidl_typesupport_fastrtps_c__pyext.dir/rosidl_generator_py/fdds_messages/_fdds_messages_s.ep.rosidl_typesupport_fastrtps_c.c.o[0m
[ 92%] [32mBuilding C object CMakeFiles/fdds_messages__rosidl_typesupport_introspection_c__pyext.dir/rosidl_generator_py/fdds_messages/_fdds_messages_s.ep.rosidl_typesupport_introspection_c.c.o[0m
[ 94%] [32m[1mLinking C shared library rosidl_generator_py/fdds_messages/fdds_messages_s__rosidl_typesupport_fastrtps_c.cpython-310-x86_64-linux-gnu.so[0m
[ 97%] [32m[1mLinking C shared library rosidl_generator_py/fdds_messages/fdds_messages_s__rosidl_typesupport_c.cpython-310-x86_64-linux-gnu.so[0m
[100%] [32m[1mLinking C shared library rosidl_generator_py/fdds_messages/fdds_messages_s__rosidl_typesupport_introspection_c.cpython-310-x86_64-linux-gnu.so[0m
[100%] Built target fdds_messages__rosidl_typesupport_c__pyext
[100%] Built target fdds_messages__rosidl_typesupport_fastrtps_c__pyext
[100%] Built target fdds_messages__rosidl_typesupport_introspection_c__pyext
