[2.406s] Invoking command in '/home/fourdds/ros2_ws/build/analysis': PYTHONPATH=/home/fourdds/ros2_ws/build/analysis/prefix_override:/usr/lib/python3/dist-packages/colcon_core/task/python/colcon_distutils_commands:/home/fourdds/ros2_ws/install/analysis/lib/python3.10/site-packages:${PYTHONPATH} /usr/bin/python3 -W ignore:setup.py install is deprecated setup.py develop --editable --build-directory /home/fourdds/ros2_ws/build/analysis/build --no-deps symlink_data
[3.031s] running develop
[3.032s] /home/fourdds/.local/lib/python3.10/site-packages/setuptools/command/develop.py:42: EasyInstallDeprecationWarning: easy_install command is deprecated.
[3.033s] !!
[3.033s] 
[3.033s]         ********************************************************************************
[3.033s]         Please avoid running ``setup.py`` and ``easy_install``.
[3.034s]         Instead, use pypa/build, pypa/installer or other
[3.035s]         standards-based tools.
[3.035s] 
[3.036s]         See https://github.com/pypa/setuptools/issues/917 for details.
[3.036s]         ********************************************************************************
[3.036s] 
[3.036s] !!
[3.037s]   easy_install.initialize_options(self)
[3.706s] running egg_info
[3.745s] writing analysis.egg-info/PKG-INFO
[3.746s] writing dependency_links to analysis.egg-info/dependency_links.txt
[3.747s] writing entry points to analysis.egg-info/entry_points.txt
[3.748s] writing requirements to analysis.egg-info/requires.txt
[3.749s] writing top-level names to analysis.egg-info/top_level.txt
[3.857s] reading manifest file 'analysis.egg-info/SOURCES.txt'
[3.859s] writing manifest file 'analysis.egg-info/SOURCES.txt'
[3.930s] running build_ext
[3.930s] Creating /home/fourdds/ros2_ws/install/analysis/lib/python3.10/site-packages/analysis.egg-link (link to .)
[3.935s] Installing ConvertToCSV script to /home/fourdds/ros2_ws/install/analysis/lib/analysis
[3.936s] 
[3.937s] Installed /home/fourdds/ros2_ws/build/analysis
[3.937s] running symlink_data
[4.039s] Invoked command in '/home/fourdds/ros2_ws/build/analysis' returned '0': PYTHONPATH=/home/fourdds/ros2_ws/build/analysis/prefix_override:/usr/lib/python3/dist-packages/colcon_core/task/python/colcon_distutils_commands:/home/fourdds/ros2_ws/install/analysis/lib/python3.10/site-packages:${PYTHONPATH} /usr/bin/python3 -W ignore:setup.py install is deprecated setup.py develop --editable --build-directory /home/fourdds/ros2_ws/build/analysis/build --no-deps symlink_data
