[35m[1mConsolidate compiler generated dependencies of target TargetDetection[0m
[100%] Built target TargetDetection
-- Install configuration: ""
-- Up-to-date: /home/fourdds/ros2_ws/install/target_detection/share/target_detection/environment/library_path.sh
-- Up-to-date: /home/fourdds/ros2_ws/install/target_detection/share/target_detection/environment/library_path.dsv
-- Up-to-date: /home/fourdds/ros2_ws/install/target_detection/include/target_detection
-- Installing: /home/fourdds/ros2_ws/install/target_detection/include/target_detection/TargetDetection.hpp:Zone.Identifier
-- Installing: /home/fourdds/ros2_ws/install/target_detection/include/target_detection/TargetDetection.hpp
-- Up-to-date: /home/fourdds/ros2_ws/install/target_detection/lib/libTargetDetection.a
-- Up-to-date: /home/fourdds/ros2_ws/install/target_detection/share/ament_index/resource_index/package_run_dependencies/target_detection
-- Up-to-date: /home/fourdds/ros2_ws/install/target_detection/share/ament_index/resource_index/parent_prefix_path/target_detection
-- Up-to-date: /home/fourdds/ros2_ws/install/target_detection/share/target_detection/environment/ament_prefix_path.sh
-- Up-to-date: /home/fourdds/ros2_ws/install/target_detection/share/target_detection/environment/ament_prefix_path.dsv
-- Up-to-date: /home/fourdds/ros2_ws/install/target_detection/share/target_detection/environment/path.sh
-- Up-to-date: /home/fourdds/ros2_ws/install/target_detection/share/target_detection/environment/path.dsv
-- Up-to-date: /home/fourdds/ros2_ws/install/target_detection/share/target_detection/local_setup.bash
-- Up-to-date: /home/fourdds/ros2_ws/install/target_detection/share/target_detection/local_setup.sh
-- Up-to-date: /home/fourdds/ros2_ws/install/target_detection/share/target_detection/local_setup.zsh
-- Up-to-date: /home/fourdds/ros2_ws/install/target_detection/share/target_detection/local_setup.dsv
-- Installing: /home/fourdds/ros2_ws/install/target_detection/share/target_detection/package.dsv
-- Up-to-date: /home/fourdds/ros2_ws/install/target_detection/share/ament_index/resource_index/packages/target_detection
-- Up-to-date: /home/fourdds/ros2_ws/install/target_detection/share/target_detection/cmake/ament_cmake_export_include_directories-extras.cmake
-- Up-to-date: /home/fourdds/ros2_ws/install/target_detection/share/target_detection/cmake/ament_cmake_export_libraries-extras.cmake
-- Up-to-date: /home/fourdds/ros2_ws/install/target_detection/share/target_detection/cmake/target_detectionConfig.cmake
-- Up-to-date: /home/fourdds/ros2_ws/install/target_detection/share/target_detection/cmake/target_detectionConfig-version.cmake
-- Up-to-date: /home/fourdds/ros2_ws/install/target_detection/share/target_detection/package.xml
