running egg_info
writing ../build/analysis/analysis.egg-info/PKG-INFO
writing dependency_links to ../build/analysis/analysis.egg-info/dependency_links.txt
writing entry points to ../build/analysis/analysis.egg-info/entry_points.txt
writing requirements to ../build/analysis/analysis.egg-info/requires.txt
writing top-level names to ../build/analysis/analysis.egg-info/top_level.txt
reading manifest file '../build/analysis/analysis.egg-info/SOURCES.txt'
adding license file 'LICENSE'
writing manifest file '../build/analysis/analysis.egg-info/SOURCES.txt'
running build
running build_py
copying analysis/PathView.py -> /home/fourdds/ros2_ws/build/analysis/build/lib/analysis
copying analysis/__init__.py -> /home/fourdds/ros2_ws/build/analysis/build/lib/analysis
running install
running install_lib
running install_data
copying resource/analysis -> /home/fourdds/ros2_ws/install/analysis/share/ament_index/resource_index/packages
copying package.xml -> /home/fourdds/ros2_ws/install/analysis/share/analysis
running install_egg_info
removing '/home/fourdds/ros2_ws/install/analysis/lib/python3.10/site-packages/analysis-0.0.0-py3.10.egg-info' (and everything under it)
Copying ../build/analysis/analysis.egg-info to /home/fourdds/ros2_ws/install/analysis/lib/python3.10/site-packages/analysis-0.0.0-py3.10.egg-info
running install_scripts
Installing PathView script to /home/fourdds/ros2_ws/install/analysis/lib/analysis
writing list of installed files to '/home/fourdds/ros2_ws/build/analysis/install.log'
