[0.153s] DEBUG:colcon:Command line arguments: ['/usr/bin/colcon', 'build', '--packages-select', 'drone']
[0.154s] DEBUG:colcon:Parsed command line arguments: Namespace(log_base=None, log_level=None, verb_name='build', build_base='build', install_base='install', merge_install=False, symlink_install=False, test_result_base=None, continue_on_error=False, executor='parallel', parallel_workers=16, event_handlers=None, ignore_user_meta=False, metas=['./colcon.meta'], base_paths=['.'], packages_ignore=None, packages_ignore_regex=None, paths=None, packages_up_to=None, packages_up_to_regex=None, packages_above=None, packages_above_and_dependencies=None, packages_above_depth=None, packages_select_by_dep=None, packages_skip_by_dep=None, packages_skip_up_to=None, packages_select_build_failed=False, packages_skip_build_finished=False, packages_select_test_failures=False, packages_skip_test_passed=False, packages_select=['drone'], packages_skip=None, packages_select_regex=None, packages_skip_regex=None, packages_start=None, packages_end=None, allow_overriding=[], cmake_args=None, cmake_target=None, cmake_target_skip_unavailable=False, cmake_clean_cache=False, cmake_clean_first=False, cmake_force_configure=False, ament_cmake_args=None, catkin_cmake_args=None, catkin_skip_building_tests=False, mixin_files=None, mixin=None, verb_parser=<colcon_mixin.mixin.mixin_argument.MixinArgumentDecorator object at 0x7fa520fa2a10>, verb_extension=<colcon_core.verb.build.BuildVerb object at 0x7fa520fa23e0>, main=<bound method BuildVerb.main of <colcon_core.verb.build.BuildVerb object at 0x7fa520fa23e0>>, mixin_verb=('build',))
[0.205s] Level 1:colcon.colcon_core.package_discovery:discover_packages(colcon_meta) check parameters
[0.205s] Level 1:colcon.colcon_core.package_discovery:discover_packages(recursive) check parameters
[0.205s] Level 1:colcon.colcon_core.package_discovery:discover_packages(ignore) check parameters
[0.205s] Level 1:colcon.colcon_core.package_discovery:discover_packages(path) check parameters
[0.205s] Level 1:colcon.colcon_core.package_discovery:discover_packages(colcon_meta) discover
[0.205s] Level 1:colcon.colcon_core.package_discovery:discover_packages(recursive) discover
[0.205s] INFO:colcon.colcon_core.package_discovery:Crawling recursively for packages in '/home/fourdds/ros2_ws'
[0.205s] Level 1:colcon.colcon_core.package_identification:_identify(.) by extensions ['ignore', 'ignore_ament_install']
[0.205s] Level 1:colcon.colcon_core.package_identification:_identify(.) by extension 'ignore'
[0.205s] Level 1:colcon.colcon_core.package_identification:_identify(.) by extension 'ignore_ament_install'
[0.205s] Level 1:colcon.colcon_core.package_identification:_identify(.) by extensions ['colcon_pkg']
[0.205s] Level 1:colcon.colcon_core.package_identification:_identify(.) by extension 'colcon_pkg'
[0.206s] Level 1:colcon.colcon_core.package_identification:_identify(.) by extensions ['colcon_meta']
[0.206s] Level 1:colcon.colcon_core.package_identification:_identify(.) by extension 'colcon_meta'
[0.206s] Level 1:colcon.colcon_core.package_identification:_identify(.) by extensions ['ros']
[0.206s] Level 1:colcon.colcon_core.package_identification:_identify(.) by extension 'ros'
[0.225s] Level 1:colcon.colcon_core.package_identification:_identify(.) by extensions ['cmake', 'python']
[0.225s] Level 1:colcon.colcon_core.package_identification:_identify(.) by extension 'cmake'
[0.225s] Level 1:colcon.colcon_core.package_identification:_identify(.) by extension 'python'
[0.225s] Level 1:colcon.colcon_core.package_identification:_identify(.) by extensions ['python_setup_py']
[0.225s] Level 1:colcon.colcon_core.package_identification:_identify(.) by extension 'python_setup_py'
[0.226s] Level 1:colcon.colcon_core.package_identification:_identify(build) by extensions ['ignore', 'ignore_ament_install']
[0.226s] Level 1:colcon.colcon_core.package_identification:_identify(build) by extension 'ignore'
[0.226s] Level 1:colcon.colcon_core.package_identification:_identify(build) ignored
[0.226s] Level 1:colcon.colcon_core.package_identification:_identify(install) by extensions ['ignore', 'ignore_ament_install']
[0.227s] Level 1:colcon.colcon_core.package_identification:_identify(install) by extension 'ignore'
[0.227s] Level 1:colcon.colcon_core.package_identification:_identify(install) ignored
[0.229s] Level 1:colcon.colcon_core.package_identification:_identify(log) by extensions ['ignore', 'ignore_ament_install']
[0.229s] Level 1:colcon.colcon_core.package_identification:_identify(log) by extension 'ignore'
[0.229s] Level 1:colcon.colcon_core.package_identification:_identify(log) ignored
[0.229s] Level 1:colcon.colcon_core.package_identification:_identify(src) by extensions ['ignore', 'ignore_ament_install']
[0.230s] Level 1:colcon.colcon_core.package_identification:_identify(src) by extension 'ignore'
[0.230s] Level 1:colcon.colcon_core.package_identification:_identify(src) by extension 'ignore_ament_install'
[0.230s] Level 1:colcon.colcon_core.package_identification:_identify(src) by extensions ['colcon_pkg']
[0.230s] Level 1:colcon.colcon_core.package_identification:_identify(src) by extension 'colcon_pkg'
[0.230s] Level 1:colcon.colcon_core.package_identification:_identify(src) by extensions ['colcon_meta']
[0.230s] Level 1:colcon.colcon_core.package_identification:_identify(src) by extension 'colcon_meta'
[0.230s] Level 1:colcon.colcon_core.package_identification:_identify(src) by extensions ['ros']
[0.231s] Level 1:colcon.colcon_core.package_identification:_identify(src) by extension 'ros'
[0.231s] Level 1:colcon.colcon_core.package_identification:_identify(src) by extensions ['cmake', 'python']
[0.231s] Level 1:colcon.colcon_core.package_identification:_identify(src) by extension 'cmake'
[0.231s] Level 1:colcon.colcon_core.package_identification:_identify(src) by extension 'python'
[0.231s] Level 1:colcon.colcon_core.package_identification:_identify(src) by extensions ['python_setup_py']
[0.231s] Level 1:colcon.colcon_core.package_identification:_identify(src) by extension 'python_setup_py'
[0.231s] Level 1:colcon.colcon_core.package_identification:_identify(src/analysis) by extensions ['ignore', 'ignore_ament_install']
[0.231s] Level 1:colcon.colcon_core.package_identification:_identify(src/analysis) by extension 'ignore'
[0.231s] Level 1:colcon.colcon_core.package_identification:_identify(src/analysis) by extension 'ignore_ament_install'
[0.232s] Level 1:colcon.colcon_core.package_identification:_identify(src/analysis) by extensions ['colcon_pkg']
[0.232s] Level 1:colcon.colcon_core.package_identification:_identify(src/analysis) by extension 'colcon_pkg'
[0.232s] Level 1:colcon.colcon_core.package_identification:_identify(src/analysis) by extensions ['colcon_meta']
[0.232s] Level 1:colcon.colcon_core.package_identification:_identify(src/analysis) by extension 'colcon_meta'
[0.232s] Level 1:colcon.colcon_core.package_identification:_identify(src/analysis) by extensions ['ros']
[0.232s] Level 1:colcon.colcon_core.package_identification:_identify(src/analysis) by extension 'ros'
[0.236s] DEBUG:colcon.colcon_core.package_identification:Package 'src/analysis' with type 'ros.ament_python' and name 'analysis'
[0.236s] Level 1:colcon.colcon_core.package_identification:_identify(src/base_station) by extensions ['ignore', 'ignore_ament_install']
[0.237s] Level 1:colcon.colcon_core.package_identification:_identify(src/base_station) by extension 'ignore'
[0.237s] Level 1:colcon.colcon_core.package_identification:_identify(src/base_station) by extension 'ignore_ament_install'
[0.237s] Level 1:colcon.colcon_core.package_identification:_identify(src/base_station) by extensions ['colcon_pkg']
[0.237s] Level 1:colcon.colcon_core.package_identification:_identify(src/base_station) by extension 'colcon_pkg'
[0.237s] Level 1:colcon.colcon_core.package_identification:_identify(src/base_station) by extensions ['colcon_meta']
[0.238s] Level 1:colcon.colcon_core.package_identification:_identify(src/base_station) by extension 'colcon_meta'
[0.238s] Level 1:colcon.colcon_core.package_identification:_identify(src/base_station) by extensions ['ros']
[0.238s] Level 1:colcon.colcon_core.package_identification:_identify(src/base_station) by extension 'ros'
[0.238s] DEBUG:colcon.colcon_core.package_identification:Package 'src/base_station' with type 'ros.ament_cmake' and name 'base_station'
[0.239s] Level 1:colcon.colcon_core.package_identification:_identify(src/drone) by extensions ['ignore', 'ignore_ament_install']
[0.239s] Level 1:colcon.colcon_core.package_identification:_identify(src/drone) by extension 'ignore'
[0.239s] Level 1:colcon.colcon_core.package_identification:_identify(src/drone) by extension 'ignore_ament_install'
[0.239s] Level 1:colcon.colcon_core.package_identification:_identify(src/drone) by extensions ['colcon_pkg']
[0.239s] Level 1:colcon.colcon_core.package_identification:_identify(src/drone) by extension 'colcon_pkg'
[0.239s] Level 1:colcon.colcon_core.package_identification:_identify(src/drone) by extensions ['colcon_meta']
[0.239s] Level 1:colcon.colcon_core.package_identification:_identify(src/drone) by extension 'colcon_meta'
[0.239s] Level 1:colcon.colcon_core.package_identification:_identify(src/drone) by extensions ['ros']
[0.239s] Level 1:colcon.colcon_core.package_identification:_identify(src/drone) by extension 'ros'
[0.240s] DEBUG:colcon.colcon_core.package_identification:Package 'src/drone' with type 'ros.ament_cmake' and name 'drone'
[0.240s] Level 1:colcon.colcon_core.package_identification:_identify(src/fdds_messages) by extensions ['ignore', 'ignore_ament_install']
[0.241s] Level 1:colcon.colcon_core.package_identification:_identify(src/fdds_messages) by extension 'ignore'
[0.241s] Level 1:colcon.colcon_core.package_identification:_identify(src/fdds_messages) by extension 'ignore_ament_install'
[0.241s] Level 1:colcon.colcon_core.package_identification:_identify(src/fdds_messages) by extensions ['colcon_pkg']
[0.241s] Level 1:colcon.colcon_core.package_identification:_identify(src/fdds_messages) by extension 'colcon_pkg'
[0.241s] Level 1:colcon.colcon_core.package_identification:_identify(src/fdds_messages) by extensions ['colcon_meta']
[0.241s] Level 1:colcon.colcon_core.package_identification:_identify(src/fdds_messages) by extension 'colcon_meta'
[0.241s] Level 1:colcon.colcon_core.package_identification:_identify(src/fdds_messages) by extensions ['ros']
[0.241s] Level 1:colcon.colcon_core.package_identification:_identify(src/fdds_messages) by extension 'ros'
[0.242s] DEBUG:colcon.colcon_core.package_identification:Package 'src/fdds_messages' with type 'ros.ament_cmake' and name 'fdds_messages'
[0.242s] Level 1:colcon.colcon_core.package_identification:_identify(src/log) by extensions ['ignore', 'ignore_ament_install']
[0.242s] Level 1:colcon.colcon_core.package_identification:_identify(src/log) by extension 'ignore'
[0.243s] Level 1:colcon.colcon_core.package_identification:_identify(src/log) ignored
[0.243s] Level 1:colcon.colcon_core.package_identification:_identify(src/obstacle_avoidance) by extensions ['ignore', 'ignore_ament_install']
[0.243s] Level 1:colcon.colcon_core.package_identification:_identify(src/obstacle_avoidance) by extension 'ignore'
[0.243s] Level 1:colcon.colcon_core.package_identification:_identify(src/obstacle_avoidance) by extension 'ignore_ament_install'
[0.243s] Level 1:colcon.colcon_core.package_identification:_identify(src/obstacle_avoidance) by extensions ['colcon_pkg']
[0.243s] Level 1:colcon.colcon_core.package_identification:_identify(src/obstacle_avoidance) by extension 'colcon_pkg'
[0.243s] Level 1:colcon.colcon_core.package_identification:_identify(src/obstacle_avoidance) by extensions ['colcon_meta']
[0.244s] Level 1:colcon.colcon_core.package_identification:_identify(src/obstacle_avoidance) by extension 'colcon_meta'
[0.244s] Level 1:colcon.colcon_core.package_identification:_identify(src/obstacle_avoidance) by extensions ['ros']
[0.244s] Level 1:colcon.colcon_core.package_identification:_identify(src/obstacle_avoidance) by extension 'ros'
[0.245s] DEBUG:colcon.colcon_core.package_identification:Package 'src/obstacle_avoidance' with type 'ros.ament_cmake' and name 'obstacle_avoidance'
[0.245s] Level 1:colcon.colcon_core.package_identification:_identify(src/parameters) by extensions ['ignore', 'ignore_ament_install']
[0.245s] Level 1:colcon.colcon_core.package_identification:_identify(src/parameters) by extension 'ignore'
[0.245s] Level 1:colcon.colcon_core.package_identification:_identify(src/parameters) by extension 'ignore_ament_install'
[0.246s] Level 1:colcon.colcon_core.package_identification:_identify(src/parameters) by extensions ['colcon_pkg']
[0.246s] Level 1:colcon.colcon_core.package_identification:_identify(src/parameters) by extension 'colcon_pkg'
[0.246s] Level 1:colcon.colcon_core.package_identification:_identify(src/parameters) by extensions ['colcon_meta']
[0.246s] Level 1:colcon.colcon_core.package_identification:_identify(src/parameters) by extension 'colcon_meta'
[0.246s] Level 1:colcon.colcon_core.package_identification:_identify(src/parameters) by extensions ['ros']
[0.246s] Level 1:colcon.colcon_core.package_identification:_identify(src/parameters) by extension 'ros'
[0.247s] DEBUG:colcon.colcon_core.package_identification:Package 'src/parameters' with type 'ros.ament_cmake' and name 'parameters'
[0.247s] Level 1:colcon.colcon_core.package_identification:_identify(src/px4_msgs) by extensions ['ignore', 'ignore_ament_install']
[0.247s] Level 1:colcon.colcon_core.package_identification:_identify(src/px4_msgs) by extension 'ignore'
[0.247s] Level 1:colcon.colcon_core.package_identification:_identify(src/px4_msgs) by extension 'ignore_ament_install'
[0.247s] Level 1:colcon.colcon_core.package_identification:_identify(src/px4_msgs) by extensions ['colcon_pkg']
[0.247s] Level 1:colcon.colcon_core.package_identification:_identify(src/px4_msgs) by extension 'colcon_pkg'
[0.247s] Level 1:colcon.colcon_core.package_identification:_identify(src/px4_msgs) by extensions ['colcon_meta']
[0.248s] Level 1:colcon.colcon_core.package_identification:_identify(src/px4_msgs) by extension 'colcon_meta'
[0.248s] Level 1:colcon.colcon_core.package_identification:_identify(src/px4_msgs) by extensions ['ros']
[0.248s] Level 1:colcon.colcon_core.package_identification:_identify(src/px4_msgs) by extension 'ros'
[0.249s] DEBUG:colcon.colcon_core.package_identification:Package 'src/px4_msgs' with type 'ros.ament_cmake' and name 'px4_msgs'
[0.249s] Level 1:colcon.colcon_core.package_identification:_identify(src/px4_ros_com) by extensions ['ignore', 'ignore_ament_install']
[0.249s] Level 1:colcon.colcon_core.package_identification:_identify(src/px4_ros_com) by extension 'ignore'
[0.249s] Level 1:colcon.colcon_core.package_identification:_identify(src/px4_ros_com) by extension 'ignore_ament_install'
[0.249s] Level 1:colcon.colcon_core.package_identification:_identify(src/px4_ros_com) by extensions ['colcon_pkg']
[0.250s] Level 1:colcon.colcon_core.package_identification:_identify(src/px4_ros_com) by extension 'colcon_pkg'
[0.250s] Level 1:colcon.colcon_core.package_identification:_identify(src/px4_ros_com) by extensions ['colcon_meta']
[0.250s] Level 1:colcon.colcon_core.package_identification:_identify(src/px4_ros_com) by extension 'colcon_meta'
[0.250s] Level 1:colcon.colcon_core.package_identification:_identify(src/px4_ros_com) by extensions ['ros']
[0.250s] Level 1:colcon.colcon_core.package_identification:_identify(src/px4_ros_com) by extension 'ros'
[0.251s] DEBUG:colcon.colcon_core.package_identification:Package 'src/px4_ros_com' with type 'ros.ament_cmake' and name 'px4_ros_com'
[0.252s] Level 1:colcon.colcon_core.package_identification:_identify(src/stigmergy) by extensions ['ignore', 'ignore_ament_install']
[0.252s] Level 1:colcon.colcon_core.package_identification:_identify(src/stigmergy) by extension 'ignore'
[0.252s] Level 1:colcon.colcon_core.package_identification:_identify(src/stigmergy) by extension 'ignore_ament_install'
[0.252s] Level 1:colcon.colcon_core.package_identification:_identify(src/stigmergy) by extensions ['colcon_pkg']
[0.252s] Level 1:colcon.colcon_core.package_identification:_identify(src/stigmergy) by extension 'colcon_pkg'
[0.252s] Level 1:colcon.colcon_core.package_identification:_identify(src/stigmergy) by extensions ['colcon_meta']
[0.252s] Level 1:colcon.colcon_core.package_identification:_identify(src/stigmergy) by extension 'colcon_meta'
[0.252s] Level 1:colcon.colcon_core.package_identification:_identify(src/stigmergy) by extensions ['ros']
[0.252s] Level 1:colcon.colcon_core.package_identification:_identify(src/stigmergy) by extension 'ros'
[0.254s] DEBUG:colcon.colcon_core.package_identification:Package 'src/stigmergy' with type 'ros.ament_cmake' and name 'stigmergy'
[0.254s] Level 1:colcon.colcon_core.package_identification:_identify(src/stigmergy_map) by extensions ['ignore', 'ignore_ament_install']
[0.254s] Level 1:colcon.colcon_core.package_identification:_identify(src/stigmergy_map) by extension 'ignore'
[0.254s] Level 1:colcon.colcon_core.package_identification:_identify(src/stigmergy_map) by extension 'ignore_ament_install'
[0.254s] Level 1:colcon.colcon_core.package_identification:_identify(src/stigmergy_map) by extensions ['colcon_pkg']
[0.254s] Level 1:colcon.colcon_core.package_identification:_identify(src/stigmergy_map) by extension 'colcon_pkg'
[0.254s] Level 1:colcon.colcon_core.package_identification:_identify(src/stigmergy_map) by extensions ['colcon_meta']
[0.254s] Level 1:colcon.colcon_core.package_identification:_identify(src/stigmergy_map) by extension 'colcon_meta'
[0.254s] Level 1:colcon.colcon_core.package_identification:_identify(src/stigmergy_map) by extensions ['ros']
[0.254s] Level 1:colcon.colcon_core.package_identification:_identify(src/stigmergy_map) by extension 'ros'
[0.255s] DEBUG:colcon.colcon_core.package_identification:Package 'src/stigmergy_map' with type 'ros.ament_cmake' and name 'stigmergy_map'
[0.255s] Level 1:colcon.colcon_core.package_identification:_identify(src/target_detection) by extensions ['ignore', 'ignore_ament_install']
[0.256s] Level 1:colcon.colcon_core.package_identification:_identify(src/target_detection) by extension 'ignore'
[0.256s] Level 1:colcon.colcon_core.package_identification:_identify(src/target_detection) by extension 'ignore_ament_install'
[0.256s] Level 1:colcon.colcon_core.package_identification:_identify(src/target_detection) by extensions ['colcon_pkg']
[0.256s] Level 1:colcon.colcon_core.package_identification:_identify(src/target_detection) by extension 'colcon_pkg'
[0.256s] Level 1:colcon.colcon_core.package_identification:_identify(src/target_detection) by extensions ['colcon_meta']
[0.256s] Level 1:colcon.colcon_core.package_identification:_identify(src/target_detection) by extension 'colcon_meta'
[0.256s] Level 1:colcon.colcon_core.package_identification:_identify(src/target_detection) by extensions ['ros']
[0.256s] Level 1:colcon.colcon_core.package_identification:_identify(src/target_detection) by extension 'ros'
[0.257s] DEBUG:colcon.colcon_core.package_identification:Package 'src/target_detection' with type 'ros.ament_cmake' and name 'target_detection'
[0.257s] Level 1:colcon.colcon_core.package_discovery:discover_packages(recursive) using defaults
[0.257s] Level 1:colcon.colcon_core.package_discovery:discover_packages(ignore) discover
[0.257s] Level 1:colcon.colcon_core.package_discovery:discover_packages(ignore) using defaults
[0.257s] Level 1:colcon.colcon_core.package_discovery:discover_packages(path) discover
[0.257s] Level 1:colcon.colcon_core.package_discovery:discover_packages(path) using defaults
[0.284s] INFO:colcon.colcon_core.package_selection:Skipping not selected package 'analysis' in 'src/analysis'
[0.284s] INFO:colcon.colcon_core.package_selection:Skipping not selected package 'base_station' in 'src/base_station'
[0.285s] INFO:colcon.colcon_core.package_selection:Skipping not selected package 'fdds_messages' in 'src/fdds_messages'
[0.285s] INFO:colcon.colcon_core.package_selection:Skipping not selected package 'parameters' in 'src/parameters'
[0.285s] INFO:colcon.colcon_core.package_selection:Skipping not selected package 'px4_msgs' in 'src/px4_msgs'
[0.285s] INFO:colcon.colcon_core.package_selection:Skipping not selected package 'stigmergy' in 'src/stigmergy'
[0.285s] INFO:colcon.colcon_core.package_selection:Skipping not selected package 'stigmergy_map' in 'src/stigmergy_map'
[0.285s] INFO:colcon.colcon_core.package_selection:Skipping not selected package 'target_detection' in 'src/target_detection'
[0.285s] INFO:colcon.colcon_core.package_selection:Skipping not selected package 'obstacle_avoidance' in 'src/obstacle_avoidance'
[0.285s] INFO:colcon.colcon_core.package_selection:Skipping not selected package 'px4_ros_com' in 'src/px4_ros_com'
[0.285s] Level 1:colcon.colcon_core.package_discovery:discover_packages(prefix_path) check parameters
[0.285s] Level 1:colcon.colcon_core.package_discovery:discover_packages(prefix_path) discover
[0.289s] DEBUG:colcon.colcon_installed_package_information.package_discovery:Found 281 installed packages in /opt/ros/humble
[0.291s] Level 1:colcon.colcon_core.package_discovery:discover_packages(prefix_path) using defaults
[0.338s] Level 5:colcon.colcon_core.verb:set package 'drone' build argument 'cmake_args' from command line to 'None'
[0.339s] Level 5:colcon.colcon_core.verb:set package 'drone' build argument 'cmake_target' from command line to 'None'
[0.339s] Level 5:colcon.colcon_core.verb:set package 'drone' build argument 'cmake_target_skip_unavailable' from command line to 'False'
[0.339s] Level 5:colcon.colcon_core.verb:set package 'drone' build argument 'cmake_clean_cache' from command line to 'False'
[0.339s] Level 5:colcon.colcon_core.verb:set package 'drone' build argument 'cmake_clean_first' from command line to 'False'
[0.339s] Level 5:colcon.colcon_core.verb:set package 'drone' build argument 'cmake_force_configure' from command line to 'False'
[0.339s] Level 5:colcon.colcon_core.verb:set package 'drone' build argument 'ament_cmake_args' from command line to 'None'
[0.339s] Level 5:colcon.colcon_core.verb:set package 'drone' build argument 'catkin_cmake_args' from command line to 'None'
[0.339s] Level 5:colcon.colcon_core.verb:set package 'drone' build argument 'catkin_skip_building_tests' from command line to 'False'
[0.339s] DEBUG:colcon.colcon_core.verb:Building package 'drone' with the following arguments: {'ament_cmake_args': None, 'build_base': '/home/fourdds/ros2_ws/build/drone', 'catkin_cmake_args': None, 'catkin_skip_building_tests': False, 'cmake_args': None, 'cmake_clean_cache': False, 'cmake_clean_first': False, 'cmake_force_configure': False, 'cmake_target': None, 'cmake_target_skip_unavailable': False, 'install_base': '/home/fourdds/ros2_ws/install/drone', 'merge_install': False, 'path': '/home/fourdds/ros2_ws/src/drone', 'symlink_install': False, 'test_result_base': None}
[0.339s] INFO:colcon.colcon_core.executor:Executing jobs using 'parallel' executor
[0.341s] DEBUG:colcon.colcon_parallel_executor.executor.parallel:run_until_complete
[0.341s] INFO:colcon.colcon_ros.task.ament_cmake.build:Building ROS package in '/home/fourdds/ros2_ws/src/drone' with build type 'ament_cmake'
[0.342s] INFO:colcon.colcon_cmake.task.cmake.build:Building CMake package in '/home/fourdds/ros2_ws/src/drone'
[0.346s] INFO:colcon.colcon_core.plugin_system:Skipping extension 'colcon_core.shell.bat': Not used on non-Windows systems
[0.347s] INFO:colcon.colcon_core.shell:Skip shell extension 'powershell' for command environment: Not usable outside of PowerShell
[0.347s] DEBUG:colcon.colcon_core.shell:Skip shell extension 'dsv' for command environment
[0.364s] DEBUG:colcon.colcon_core.event_handler.log_command:Invoking command in '/home/fourdds/ros2_ws/build/drone': CMAKE_PREFIX_PATH=/opt/ros/humble /usr/bin/cmake --build /home/fourdds/ros2_ws/build/drone -- -j16 -l16
[0.483s] DEBUG:colcon.colcon_core.event_handler.log_command:Invoked command in '/home/fourdds/ros2_ws/build/drone' returned '0': CMAKE_PREFIX_PATH=/opt/ros/humble /usr/bin/cmake --build /home/fourdds/ros2_ws/build/drone -- -j16 -l16
[0.538s] DEBUG:colcon.colcon_core.event_handler.log_command:Invoking command in '/home/fourdds/ros2_ws/build/drone': CMAKE_PREFIX_PATH=/opt/ros/humble /usr/bin/cmake --install /home/fourdds/ros2_ws/build/drone
[0.570s] Level 1:colcon.colcon_core.environment:create_environment_scripts_only(drone)
[0.571s] DEBUG:colcon.colcon_core.event_handler.log_command:Invoked command in '/home/fourdds/ros2_ws/build/drone' returned '0': CMAKE_PREFIX_PATH=/opt/ros/humble /usr/bin/cmake --install /home/fourdds/ros2_ws/build/drone
[0.574s] Level 1:colcon.colcon_core.environment:checking '/home/fourdds/ros2_ws/install/drone' for CMake module files
[0.575s] Level 1:colcon.colcon_core.environment:checking '/home/fourdds/ros2_ws/install/drone' for CMake config files
[0.575s] Level 1:colcon.colcon_core.shell:create_environment_hook('drone', 'cmake_prefix_path')
[0.575s] INFO:colcon.colcon_core.shell:Creating environment hook '/home/fourdds/ros2_ws/install/drone/share/drone/hook/cmake_prefix_path.ps1'
[0.576s] INFO:colcon.colcon_core.shell:Creating environment descriptor '/home/fourdds/ros2_ws/install/drone/share/drone/hook/cmake_prefix_path.dsv'
[0.577s] INFO:colcon.colcon_core.shell:Creating environment hook '/home/fourdds/ros2_ws/install/drone/share/drone/hook/cmake_prefix_path.sh'
[0.579s] Level 1:colcon.colcon_core.environment:checking '/home/fourdds/ros2_ws/install/drone/lib'
[0.580s] Level 1:colcon.colcon_core.environment:checking '/home/fourdds/ros2_ws/install/drone/bin'
[0.580s] Level 1:colcon.colcon_core.environment:checking '/home/fourdds/ros2_ws/install/drone/lib/pkgconfig/drone.pc'
[0.580s] Level 1:colcon.colcon_core.environment:checking '/home/fourdds/ros2_ws/install/drone/lib/python3.10/site-packages'
[0.581s] Level 1:colcon.colcon_core.environment:checking '/home/fourdds/ros2_ws/install/drone/bin'
[0.581s] INFO:colcon.colcon_core.shell:Creating package script '/home/fourdds/ros2_ws/install/drone/share/drone/package.ps1'
[0.582s] INFO:colcon.colcon_core.shell:Creating package descriptor '/home/fourdds/ros2_ws/install/drone/share/drone/package.dsv'
[0.583s] INFO:colcon.colcon_core.shell:Creating package script '/home/fourdds/ros2_ws/install/drone/share/drone/package.sh'
[0.584s] INFO:colcon.colcon_core.shell:Creating package script '/home/fourdds/ros2_ws/install/drone/share/drone/package.bash'
[0.585s] INFO:colcon.colcon_core.shell:Creating package script '/home/fourdds/ros2_ws/install/drone/share/drone/package.zsh'
[0.586s] Level 1:colcon.colcon_core.environment:create_file_with_runtime_dependencies(/home/fourdds/ros2_ws/install/drone/share/colcon-core/packages/drone)
[0.630s] Level 1:colcon.colcon_core.environment:create_environment_scripts_only(drone)
[0.631s] Level 1:colcon.colcon_core.environment:checking '/home/fourdds/ros2_ws/install/drone' for CMake module files
[0.632s] Level 1:colcon.colcon_core.environment:checking '/home/fourdds/ros2_ws/install/drone' for CMake config files
[0.632s] Level 1:colcon.colcon_core.shell:create_environment_hook('drone', 'cmake_prefix_path')
[0.632s] INFO:colcon.colcon_core.shell:Creating environment hook '/home/fourdds/ros2_ws/install/drone/share/drone/hook/cmake_prefix_path.ps1'
[0.633s] INFO:colcon.colcon_core.shell:Creating environment descriptor '/home/fourdds/ros2_ws/install/drone/share/drone/hook/cmake_prefix_path.dsv'
[0.634s] INFO:colcon.colcon_core.shell:Creating environment hook '/home/fourdds/ros2_ws/install/drone/share/drone/hook/cmake_prefix_path.sh'
[0.635s] Level 1:colcon.colcon_core.environment:checking '/home/fourdds/ros2_ws/install/drone/lib'
[0.635s] Level 1:colcon.colcon_core.environment:checking '/home/fourdds/ros2_ws/install/drone/bin'
[0.635s] Level 1:colcon.colcon_core.environment:checking '/home/fourdds/ros2_ws/install/drone/lib/pkgconfig/drone.pc'
[0.635s] Level 1:colcon.colcon_core.environment:checking '/home/fourdds/ros2_ws/install/drone/lib/python3.10/site-packages'
[0.636s] Level 1:colcon.colcon_core.environment:checking '/home/fourdds/ros2_ws/install/drone/bin'
[0.636s] INFO:colcon.colcon_core.shell:Creating package script '/home/fourdds/ros2_ws/install/drone/share/drone/package.ps1'
[0.637s] INFO:colcon.colcon_core.shell:Creating package descriptor '/home/fourdds/ros2_ws/install/drone/share/drone/package.dsv'
[0.638s] INFO:colcon.colcon_core.shell:Creating package script '/home/fourdds/ros2_ws/install/drone/share/drone/package.sh'
[0.639s] INFO:colcon.colcon_core.shell:Creating package script '/home/fourdds/ros2_ws/install/drone/share/drone/package.bash'
[0.640s] INFO:colcon.colcon_core.shell:Creating package script '/home/fourdds/ros2_ws/install/drone/share/drone/package.zsh'
[0.641s] Level 1:colcon.colcon_core.environment:create_file_with_runtime_dependencies(/home/fourdds/ros2_ws/install/drone/share/colcon-core/packages/drone)
[0.642s] DEBUG:colcon.colcon_parallel_executor.executor.parallel:closing loop
[0.644s] DEBUG:colcon.colcon_parallel_executor.executor.parallel:loop closed
[0.644s] DEBUG:colcon.colcon_parallel_executor.executor.parallel:run_until_complete finished with '0'
[0.644s] DEBUG:colcon.colcon_core.event_reactor:joining thread
[0.653s] INFO:colcon.colcon_core.plugin_system:Skipping extension 'colcon_notification.desktop_notification.notify_send': Could not find 'notify-send'
[0.653s] INFO:colcon.colcon_core.plugin_system:Skipping extension 'colcon_notification.desktop_notification.terminal_notifier': Not used on non-Darwin systems
[0.654s] INFO:colcon.colcon_core.plugin_system:Skipping extension 'colcon_notification.desktop_notification.win32': Not used on non-Windows systems
[0.654s] INFO:colcon.colcon_notification.desktop_notification:Sending desktop notification using 'notify2'
[0.656s] DEBUG:colcon.colcon_notification.desktop_notification.notify2:Failed to initialize notify2: org.freedesktop.DBus.Error.ServiceUnknown: The name org.freedesktop.Notifications was not provided by any .service files
[0.656s] DEBUG:colcon.colcon_core.event_reactor:joined thread
[0.657s] INFO:colcon.colcon_core.shell:Creating prefix script '/home/fourdds/ros2_ws/install/local_setup.ps1'
[0.659s] INFO:colcon.colcon_core.shell:Creating prefix util module '/home/fourdds/ros2_ws/install/_local_setup_util_ps1.py'
[0.661s] INFO:colcon.colcon_core.shell:Creating prefix chain script '/home/fourdds/ros2_ws/install/setup.ps1'
[0.663s] INFO:colcon.colcon_core.shell:Creating prefix script '/home/fourdds/ros2_ws/install/local_setup.sh'
[0.664s] INFO:colcon.colcon_core.shell:Creating prefix util module '/home/fourdds/ros2_ws/install/_local_setup_util_sh.py'
[0.665s] INFO:colcon.colcon_core.shell:Creating prefix chain script '/home/fourdds/ros2_ws/install/setup.sh'
[0.666s] INFO:colcon.colcon_core.shell:Creating prefix script '/home/fourdds/ros2_ws/install/local_setup.bash'
[0.667s] INFO:colcon.colcon_core.shell:Creating prefix chain script '/home/fourdds/ros2_ws/install/setup.bash'
[0.669s] INFO:colcon.colcon_core.shell:Creating prefix script '/home/fourdds/ros2_ws/install/local_setup.zsh'
[0.671s] INFO:colcon.colcon_core.shell:Creating prefix chain script '/home/fourdds/ros2_ws/install/setup.zsh'
