[01m[Kc++:[m[K [01;31m[Kerror: [m[Kunrecognized command-line option ‘[01m[K-Wno-catch-value=[m[K’; did you mean ‘[01m[K-Wno-catch-value[m[K’?
gmake[2]: *** [CMakeFiles/frame_transforms.dir/build.make:76: CMakeFiles/frame_transforms.dir/src/lib/frame_transforms.cpp.o] Error 1
gmake[1]: *** [CMakeFiles/Makefile2:594: CMakeFiles/frame_transforms.dir/all] Error 2
gmake[1]: *** Waiting for unfinished jobs....
[01m[Kc++:[m[K [01;31m[Kerror: [m[Kunrecognized command-line option ‘[01m[K-Wno-catch-value=[m[K’; did you mean ‘[01m[K-Wno-catch-value[m[K’?
gmake[2]: *** [CMakeFiles/swarm_spawner.dir/build.make:76: CMakeFiles/swarm_spawner.dir/src/uav_node.cpp.o] Error 1
gmake[2]: *** Waiting for unfinished jobs....
[01m[Kc++:[m[K [01;31m[Kerror: [m[Kunrecognized command-line option ‘[01m[K-Wno-catch-value=[m[K’; did you mean ‘[01m[K-Wno-catch-value[m[K’?
gmake[2]: *** [CMakeFiles/swarm_spawner.dir/build.make:90: CMakeFiles/swarm_spawner.dir/src/base_station.cpp.o] Error 1
[01m[Kc++:[m[K [01;31m[Kerror: [m[Kunrecognized command-line option ‘[01m[K-Wno-catch-value=[m[K’; did you mean ‘[01m[K-Wno-catch-value[m[K’?
gmake[2]: *** [CMakeFiles/swarm_spawner.dir/build.make:104: CMakeFiles/swarm_spawner.dir/src/main.cpp.o] Error 1
[01m[Kc++:[m[K [01;31m[Kerror: [m[Kunrecognized command-line option ‘[01m[K-Wno-catch-value=[m[K’; did you mean ‘[01m[K-Wno-catch-value[m[K’?
[01m[Kc++:[m[K [01;31m[Kerror: [m[Kunrecognized command-line option ‘[01m[K-Wno-catch-value=[m[K’; did you mean ‘[01m[K-Wno-catch-value[m[K’?
gmake[2]: *** [CMakeFiles/boids__rosidl_typesupport_cpp.dir/build.make:90: CMakeFiles/boids__rosidl_typesupport_cpp.dir/rosidl_typesupport_cpp/boids/msg/geo_ping__type_support.cpp.o] Error 1
gmake[2]: *** [CMakeFiles/boids__rosidl_typesupport_fastrtps_cpp.dir/build.make:112: CMakeFiles/boids__rosidl_typesupport_fastrtps_cpp.dir/rosidl_typesupport_fastrtps_cpp/boids/msg/detail/dds_fastrtps/flock_center_of_mass__type_support.cpp.o] Error 1
gmake[2]: *** Waiting for unfinished jobs....
gmake[2]: *** Waiting for unfinished jobs....
[01m[Kc++:[m[K [01;31m[Kerror: [m[Kunrecognized command-line option ‘[01m[K-Wno-catch-value=[m[K’; did you mean ‘[01m[K-Wno-catch-value[m[K’?
gmake[2]: *** [CMakeFiles/boids__rosidl_typesupport_fastrtps_cpp.dir/build.make:98: CMakeFiles/boids__rosidl_typesupport_fastrtps_cpp.dir/rosidl_typesupport_fastrtps_cpp/boids/msg/detail/dds_fastrtps/geo_ping__type_support.cpp.o] Error 1
[01m[Kc++:[m[K [01;31m[Kerror: [m[Kunrecognized command-line option ‘[01m[K-Wno-catch-value=[m[K’; did you mean ‘[01m[K-Wno-catch-value[m[K’?
gmake[1]: *** [CMakeFiles/Makefile2:295: CMakeFiles/boids__rosidl_typesupport_fastrtps_cpp.dir/all] Error 2
gmake[2]: *** [CMakeFiles/boids__rosidl_typesupport_cpp.dir/build.make:104: CMakeFiles/boids__rosidl_typesupport_cpp.dir/rosidl_typesupport_cpp/boids/msg/flock_center_of_mass__type_support.cpp.o] Error 1
gmake[1]: *** [CMakeFiles/Makefile2:399: CMakeFiles/boids__rosidl_typesupport_cpp.dir/all] Error 2
[01m[Kc++:[m[K [01;31m[Kerror: [m[Kunrecognized command-line option ‘[01m[K-Wno-catch-value=[m[K’; did you mean ‘[01m[K-Wno-catch-value[m[K’?
gmake[2]: *** [CMakeFiles/swarm_spawner.dir/build.make:118: CMakeFiles/swarm_spawner.dir/src/yaml.cpp.o] Error 1
[01m[Kc++:[m[K [01;31m[Kerror: [m[Kunrecognized command-line option ‘[01m[K-Wno-catch-value=[m[K’; did you mean ‘[01m[K-Wno-catch-value[m[K’?
gmake[1]: *** [CMakeFiles/Makefile2:620: CMakeFiles/swarm_spawner.dir/all] Error 2
gmake[2]: *** [CMakeFiles/boids__rosidl_typesupport_introspection_cpp.dir/build.make:98: CMakeFiles/boids__rosidl_typesupport_introspection_cpp.dir/rosidl_typesupport_introspection_cpp/boids/msg/detail/geo_ping__type_support.cpp.o] Error 1
gmake[2]: *** Waiting for unfinished jobs....
[01m[Kc++:[m[K [01;31m[Kerror: [m[Kunrecognized command-line option ‘[01m[K-Wno-catch-value=[m[K’; did you mean ‘[01m[K-Wno-catch-value[m[K’?
gmake[2]: *** [CMakeFiles/boids__rosidl_typesupport_introspection_cpp.dir/build.make:112: CMakeFiles/boids__rosidl_typesupport_introspection_cpp.dir/rosidl_typesupport_introspection_cpp/boids/msg/detail/flock_center_of_mass__type_support.cpp.o] Error 1
gmake[1]: *** [CMakeFiles/Makefile2:373: CMakeFiles/boids__rosidl_typesupport_introspection_cpp.dir/all] Error 2
[01m[Kc++:[m[K [01;31m[Kerror: [m[Kunrecognized command-line option ‘[01m[K-Wno-catch-value=[m[K’; did you mean ‘[01m[K-Wno-catch-value[m[K’?
gmake[2]: *** [CMakeFiles/boids__rosidl_typesupport_fastrtps_c.dir/build.make:98: CMakeFiles/boids__rosidl_typesupport_fastrtps_c.dir/rosidl_typesupport_fastrtps_c/boids/msg/detail/geo_ping__type_support_c.cpp.o] Error 1
gmake[2]: *** Waiting for unfinished jobs....
[01m[Kc++:[m[K [01;31m[Kerror: [m[Kunrecognized command-line option ‘[01m[K-Wno-catch-value=[m[K’; did you mean ‘[01m[K-Wno-catch-value[m[K’?
gmake[2]: *** [CMakeFiles/boids__rosidl_typesupport_fastrtps_c.dir/build.make:112: CMakeFiles/boids__rosidl_typesupport_fastrtps_c.dir/rosidl_typesupport_fastrtps_c/boids/msg/detail/flock_center_of_mass__type_support_c.cpp.o] Error 1
gmake[1]: *** [CMakeFiles/Makefile2:243: CMakeFiles/boids__rosidl_typesupport_fastrtps_c.dir/all] Error 2
gmake: *** [Makefile:146: all] Error 2
