[0.063s] DEBUG:colcon:Command line arguments: ['/usr/bin/colcon', 'build']
[0.064s] DEBUG:colcon:Parsed command line arguments: Namespace(log_base=None, log_level=None, verb_name='build', build_base='build', install_base='install', merge_install=False, symlink_install=False, test_result_base=None, continue_on_error=False, executor='parallel', parallel_workers=24, event_handlers=None, ignore_user_meta=False, metas=['./colcon.meta'], base_paths=['.'], packages_ignore=None, packages_ignore_regex=None, paths=None, packages_up_to=None, packages_up_to_regex=None, packages_above=None, packages_above_and_dependencies=None, packages_above_depth=None, packages_select_by_dep=None, packages_skip_by_dep=None, packages_skip_up_to=None, packages_select_build_failed=False, packages_skip_build_finished=False, packages_select_test_failures=False, packages_skip_test_passed=False, packages_select=None, packages_skip=None, packages_select_regex=None, packages_skip_regex=None, packages_start=None, packages_end=None, allow_overriding=[], cmake_args=None, cmake_target=None, cmake_target_skip_unavailable=False, cmake_clean_cache=False, cmake_clean_first=False, cmake_force_configure=False, ament_cmake_args=None, catkin_cmake_args=None, catkin_skip_building_tests=False, verb_parser=<colcon_defaults.argument_parser.defaults.DefaultArgumentsDecorator object at 0x7fb7e18ac490>, verb_extension=<colcon_core.verb.build.BuildVerb object at 0x7fb7e19a5240>, main=<bound method BuildVerb.main of <colcon_core.verb.build.BuildVerb object at 0x7fb7e19a5240>>)
[0.089s] Level 1:colcon.colcon_core.package_discovery:discover_packages(colcon_meta) check parameters
[0.089s] Level 1:colcon.colcon_core.package_discovery:discover_packages(recursive) check parameters
[0.089s] Level 1:colcon.colcon_core.package_discovery:discover_packages(ignore) check parameters
[0.089s] Level 1:colcon.colcon_core.package_discovery:discover_packages(path) check parameters
[0.089s] Level 1:colcon.colcon_core.package_discovery:discover_packages(colcon_meta) discover
[0.089s] Level 1:colcon.colcon_core.package_discovery:discover_packages(recursive) discover
[0.089s] INFO:colcon.colcon_core.package_discovery:Crawling recursively for packages in '/home/fourdds/ros2_ws'
[0.089s] Level 1:colcon.colcon_core.package_identification:_identify(.) by extensions ['ignore', 'ignore_ament_install']
[0.089s] Level 1:colcon.colcon_core.package_identification:_identify(.) by extension 'ignore'
[0.089s] Level 1:colcon.colcon_core.package_identification:_identify(.) by extension 'ignore_ament_install'
[0.089s] Level 1:colcon.colcon_core.package_identification:_identify(.) by extensions ['colcon_pkg']
[0.089s] Level 1:colcon.colcon_core.package_identification:_identify(.) by extension 'colcon_pkg'
[0.089s] Level 1:colcon.colcon_core.package_identification:_identify(.) by extensions ['colcon_meta']
[0.089s] Level 1:colcon.colcon_core.package_identification:_identify(.) by extension 'colcon_meta'
[0.089s] Level 1:colcon.colcon_core.package_identification:_identify(.) by extensions ['ros']
[0.089s] Level 1:colcon.colcon_core.package_identification:_identify(.) by extension 'ros'
[0.100s] Level 1:colcon.colcon_core.package_identification:_identify(.) by extensions ['cmake', 'python']
[0.100s] Level 1:colcon.colcon_core.package_identification:_identify(.) by extension 'cmake'
[0.100s] Level 1:colcon.colcon_core.package_identification:_identify(.) by extension 'python'
[0.100s] Level 1:colcon.colcon_core.package_identification:_identify(.) by extensions ['python_setup_py']
[0.100s] Level 1:colcon.colcon_core.package_identification:_identify(.) by extension 'python_setup_py'
[0.100s] Level 1:colcon.colcon_core.package_identification:_identify(build) by extensions ['ignore', 'ignore_ament_install']
[0.100s] Level 1:colcon.colcon_core.package_identification:_identify(build) by extension 'ignore'
[0.100s] Level 1:colcon.colcon_core.package_identification:_identify(build) ignored
[0.100s] Level 1:colcon.colcon_core.package_identification:_identify(install) by extensions ['ignore', 'ignore_ament_install']
[0.101s] Level 1:colcon.colcon_core.package_identification:_identify(install) by extension 'ignore'
[0.101s] Level 1:colcon.colcon_core.package_identification:_identify(install) ignored
[0.101s] Level 1:colcon.colcon_core.package_identification:_identify(log) by extensions ['ignore', 'ignore_ament_install']
[0.101s] Level 1:colcon.colcon_core.package_identification:_identify(log) by extension 'ignore'
[0.101s] Level 1:colcon.colcon_core.package_identification:_identify(log) ignored
[0.101s] Level 1:colcon.colcon_core.package_identification:_identify(src) by extensions ['ignore', 'ignore_ament_install']
[0.101s] Level 1:colcon.colcon_core.package_identification:_identify(src) by extension 'ignore'
[0.101s] Level 1:colcon.colcon_core.package_identification:_identify(src) by extension 'ignore_ament_install'
[0.101s] Level 1:colcon.colcon_core.package_identification:_identify(src) by extensions ['colcon_pkg']
[0.101s] Level 1:colcon.colcon_core.package_identification:_identify(src) by extension 'colcon_pkg'
[0.101s] Level 1:colcon.colcon_core.package_identification:_identify(src) by extensions ['colcon_meta']
[0.101s] Level 1:colcon.colcon_core.package_identification:_identify(src) by extension 'colcon_meta'
[0.101s] Level 1:colcon.colcon_core.package_identification:_identify(src) by extensions ['ros']
[0.101s] Level 1:colcon.colcon_core.package_identification:_identify(src) by extension 'ros'
[0.101s] Level 1:colcon.colcon_core.package_identification:_identify(src) by extensions ['cmake', 'python']
[0.101s] Level 1:colcon.colcon_core.package_identification:_identify(src) by extension 'cmake'
[0.101s] Level 1:colcon.colcon_core.package_identification:_identify(src) by extension 'python'
[0.101s] Level 1:colcon.colcon_core.package_identification:_identify(src) by extensions ['python_setup_py']
[0.101s] Level 1:colcon.colcon_core.package_identification:_identify(src) by extension 'python_setup_py'
[0.101s] Level 1:colcon.colcon_core.package_identification:_identify(src/boids) by extensions ['ignore', 'ignore_ament_install']
[0.101s] Level 1:colcon.colcon_core.package_identification:_identify(src/boids) by extension 'ignore'
[0.101s] Level 1:colcon.colcon_core.package_identification:_identify(src/boids) by extension 'ignore_ament_install'
[0.101s] Level 1:colcon.colcon_core.package_identification:_identify(src/boids) by extensions ['colcon_pkg']
[0.101s] Level 1:colcon.colcon_core.package_identification:_identify(src/boids) by extension 'colcon_pkg'
[0.101s] Level 1:colcon.colcon_core.package_identification:_identify(src/boids) by extensions ['colcon_meta']
[0.101s] Level 1:colcon.colcon_core.package_identification:_identify(src/boids) by extension 'colcon_meta'
[0.101s] Level 1:colcon.colcon_core.package_identification:_identify(src/boids) by extensions ['ros']
[0.101s] Level 1:colcon.colcon_core.package_identification:_identify(src/boids) by extension 'ros'
[0.103s] DEBUG:colcon.colcon_core.package_identification:Package 'src/boids' with type 'ros.ament_cmake' and name 'boids'
[0.103s] Level 1:colcon.colcon_core.package_identification:_identify(src/px4_msgs) by extensions ['ignore', 'ignore_ament_install']
[0.103s] Level 1:colcon.colcon_core.package_identification:_identify(src/px4_msgs) by extension 'ignore'
[0.103s] Level 1:colcon.colcon_core.package_identification:_identify(src/px4_msgs) by extension 'ignore_ament_install'
[0.103s] Level 1:colcon.colcon_core.package_identification:_identify(src/px4_msgs) by extensions ['colcon_pkg']
[0.103s] Level 1:colcon.colcon_core.package_identification:_identify(src/px4_msgs) by extension 'colcon_pkg'
[0.103s] Level 1:colcon.colcon_core.package_identification:_identify(src/px4_msgs) by extensions ['colcon_meta']
[0.103s] Level 1:colcon.colcon_core.package_identification:_identify(src/px4_msgs) by extension 'colcon_meta'
[0.103s] Level 1:colcon.colcon_core.package_identification:_identify(src/px4_msgs) by extensions ['ros']
[0.103s] Level 1:colcon.colcon_core.package_identification:_identify(src/px4_msgs) by extension 'ros'
[0.104s] DEBUG:colcon.colcon_core.package_identification:Package 'src/px4_msgs' with type 'ros.ament_cmake' and name 'px4_msgs'
[0.104s] Level 1:colcon.colcon_core.package_identification:_identify(src/px4_ros_com) by extensions ['ignore', 'ignore_ament_install']
[0.104s] Level 1:colcon.colcon_core.package_identification:_identify(src/px4_ros_com) by extension 'ignore'
[0.104s] Level 1:colcon.colcon_core.package_identification:_identify(src/px4_ros_com) by extension 'ignore_ament_install'
[0.104s] Level 1:colcon.colcon_core.package_identification:_identify(src/px4_ros_com) by extensions ['colcon_pkg']
[0.104s] Level 1:colcon.colcon_core.package_identification:_identify(src/px4_ros_com) by extension 'colcon_pkg'
[0.104s] Level 1:colcon.colcon_core.package_identification:_identify(src/px4_ros_com) by extensions ['colcon_meta']
[0.104s] Level 1:colcon.colcon_core.package_identification:_identify(src/px4_ros_com) by extension 'colcon_meta'
[0.104s] Level 1:colcon.colcon_core.package_identification:_identify(src/px4_ros_com) by extensions ['ros']
[0.104s] Level 1:colcon.colcon_core.package_identification:_identify(src/px4_ros_com) by extension 'ros'
[0.105s] DEBUG:colcon.colcon_core.package_identification:Package 'src/px4_ros_com' with type 'ros.ament_cmake' and name 'px4_ros_com'
[0.105s] Level 1:colcon.colcon_core.package_discovery:discover_packages(recursive) using defaults
[0.105s] Level 1:colcon.colcon_core.package_discovery:discover_packages(ignore) discover
[0.105s] Level 1:colcon.colcon_core.package_discovery:discover_packages(ignore) using defaults
[0.105s] Level 1:colcon.colcon_core.package_discovery:discover_packages(path) discover
[0.105s] Level 1:colcon.colcon_core.package_discovery:discover_packages(path) using defaults
[0.117s] Level 1:colcon.colcon_core.package_discovery:discover_packages(prefix_path) check parameters
[0.118s] Level 1:colcon.colcon_core.package_discovery:discover_packages(prefix_path) discover
[0.118s] DEBUG:colcon.colcon_installed_package_information.package_discovery:Found 3 installed packages in /home/fourdds/ros2_ws/install
[0.119s] DEBUG:colcon.colcon_installed_package_information.package_discovery:Found 291 installed packages in /opt/ros/humble
[0.120s] Level 1:colcon.colcon_core.package_discovery:discover_packages(prefix_path) using defaults
[0.142s] Level 5:colcon.colcon_core.verb:set package 'px4_msgs' build argument 'cmake_args' from command line to 'None'
[0.142s] Level 5:colcon.colcon_core.verb:set package 'px4_msgs' build argument 'cmake_target' from command line to 'None'
[0.142s] Level 5:colcon.colcon_core.verb:set package 'px4_msgs' build argument 'cmake_target_skip_unavailable' from command line to 'False'
[0.142s] Level 5:colcon.colcon_core.verb:set package 'px4_msgs' build argument 'cmake_clean_cache' from command line to 'False'
[0.142s] Level 5:colcon.colcon_core.verb:set package 'px4_msgs' build argument 'cmake_clean_first' from command line to 'False'
[0.142s] Level 5:colcon.colcon_core.verb:set package 'px4_msgs' build argument 'cmake_force_configure' from command line to 'False'
[0.142s] Level 5:colcon.colcon_core.verb:set package 'px4_msgs' build argument 'ament_cmake_args' from command line to 'None'
[0.142s] Level 5:colcon.colcon_core.verb:set package 'px4_msgs' build argument 'catkin_cmake_args' from command line to 'None'
[0.142s] Level 5:colcon.colcon_core.verb:set package 'px4_msgs' build argument 'catkin_skip_building_tests' from command line to 'False'
[0.142s] DEBUG:colcon.colcon_core.verb:Building package 'px4_msgs' with the following arguments: {'ament_cmake_args': None, 'build_base': '/home/fourdds/ros2_ws/build/px4_msgs', 'catkin_cmake_args': None, 'catkin_skip_building_tests': False, 'cmake_args': None, 'cmake_clean_cache': False, 'cmake_clean_first': False, 'cmake_force_configure': False, 'cmake_target': None, 'cmake_target_skip_unavailable': False, 'install_base': '/home/fourdds/ros2_ws/install/px4_msgs', 'merge_install': False, 'path': '/home/fourdds/ros2_ws/src/px4_msgs', 'symlink_install': False, 'test_result_base': None}
[0.143s] Level 5:colcon.colcon_core.verb:set package 'boids' build argument 'cmake_args' from command line to 'None'
[0.143s] Level 5:colcon.colcon_core.verb:set package 'boids' build argument 'cmake_target' from command line to 'None'
[0.143s] Level 5:colcon.colcon_core.verb:set package 'boids' build argument 'cmake_target_skip_unavailable' from command line to 'False'
[0.143s] Level 5:colcon.colcon_core.verb:set package 'boids' build argument 'cmake_clean_cache' from command line to 'False'
[0.143s] Level 5:colcon.colcon_core.verb:set package 'boids' build argument 'cmake_clean_first' from command line to 'False'
[0.143s] Level 5:colcon.colcon_core.verb:set package 'boids' build argument 'cmake_force_configure' from command line to 'False'
[0.143s] Level 5:colcon.colcon_core.verb:set package 'boids' build argument 'ament_cmake_args' from command line to 'None'
[0.143s] Level 5:colcon.colcon_core.verb:set package 'boids' build argument 'catkin_cmake_args' from command line to 'None'
[0.143s] Level 5:colcon.colcon_core.verb:set package 'boids' build argument 'catkin_skip_building_tests' from command line to 'False'
[0.143s] DEBUG:colcon.colcon_core.verb:Building package 'boids' with the following arguments: {'ament_cmake_args': None, 'build_base': '/home/fourdds/ros2_ws/build/boids', 'catkin_cmake_args': None, 'catkin_skip_building_tests': False, 'cmake_args': None, 'cmake_clean_cache': False, 'cmake_clean_first': False, 'cmake_force_configure': False, 'cmake_target': None, 'cmake_target_skip_unavailable': False, 'install_base': '/home/fourdds/ros2_ws/install/boids', 'merge_install': False, 'path': '/home/fourdds/ros2_ws/src/boids', 'symlink_install': False, 'test_result_base': None}
[0.143s] Level 5:colcon.colcon_core.verb:set package 'px4_ros_com' build argument 'cmake_args' from command line to 'None'
[0.143s] Level 5:colcon.colcon_core.verb:set package 'px4_ros_com' build argument 'cmake_target' from command line to 'None'
[0.143s] Level 5:colcon.colcon_core.verb:set package 'px4_ros_com' build argument 'cmake_target_skip_unavailable' from command line to 'False'
[0.143s] Level 5:colcon.colcon_core.verb:set package 'px4_ros_com' build argument 'cmake_clean_cache' from command line to 'False'
[0.143s] Level 5:colcon.colcon_core.verb:set package 'px4_ros_com' build argument 'cmake_clean_first' from command line to 'False'
[0.143s] Level 5:colcon.colcon_core.verb:set package 'px4_ros_com' build argument 'cmake_force_configure' from command line to 'False'
[0.143s] Level 5:colcon.colcon_core.verb:set package 'px4_ros_com' build argument 'ament_cmake_args' from command line to 'None'
[0.143s] Level 5:colcon.colcon_core.verb:set package 'px4_ros_com' build argument 'catkin_cmake_args' from command line to 'None'
[0.143s] Level 5:colcon.colcon_core.verb:set package 'px4_ros_com' build argument 'catkin_skip_building_tests' from command line to 'False'
[0.143s] DEBUG:colcon.colcon_core.verb:Building package 'px4_ros_com' with the following arguments: {'ament_cmake_args': None, 'build_base': '/home/fourdds/ros2_ws/build/px4_ros_com', 'catkin_cmake_args': None, 'catkin_skip_building_tests': False, 'cmake_args': None, 'cmake_clean_cache': False, 'cmake_clean_first': False, 'cmake_force_configure': False, 'cmake_target': None, 'cmake_target_skip_unavailable': False, 'install_base': '/home/fourdds/ros2_ws/install/px4_ros_com', 'merge_install': False, 'path': '/home/fourdds/ros2_ws/src/px4_ros_com', 'symlink_install': False, 'test_result_base': None}
[0.143s] INFO:colcon.colcon_core.executor:Executing jobs using 'parallel' executor
[0.144s] DEBUG:colcon.colcon_parallel_executor.executor.parallel:run_until_complete
[0.144s] INFO:colcon.colcon_ros.task.ament_cmake.build:Building ROS package in '/home/fourdds/ros2_ws/src/px4_msgs' with build type 'ament_cmake'
[0.144s] INFO:colcon.colcon_cmake.task.cmake.build:Building CMake package in '/home/fourdds/ros2_ws/src/px4_msgs'
[0.146s] INFO:colcon.colcon_core.plugin_system:Skipping extension 'colcon_core.shell.bat': Not used on non-Windows systems
[0.146s] INFO:colcon.colcon_core.shell:Skip shell extension 'powershell' for command environment: Not usable outside of PowerShell
[0.146s] DEBUG:colcon.colcon_core.shell:Skip shell extension 'dsv' for command environment
[0.153s] DEBUG:colcon.colcon_core.event_handler.log_command:Invoking command in '/home/fourdds/ros2_ws/build/px4_msgs': CMAKE_PREFIX_PATH=${CMAKE_PREFIX_PATH}:/opt/ros/humble /usr/bin/cmake --build /home/fourdds/ros2_ws/build/px4_msgs -- -j24 -l24
[0.668s] DEBUG:colcon.colcon_core.event_handler.log_command:Invoked command in '/home/fourdds/ros2_ws/build/px4_msgs' returned '0': CMAKE_PREFIX_PATH=${CMAKE_PREFIX_PATH}:/opt/ros/humble /usr/bin/cmake --build /home/fourdds/ros2_ws/build/px4_msgs -- -j24 -l24
[2.828s] DEBUG:colcon.colcon_core.event_handler.log_command:Invoking command in '/home/fourdds/ros2_ws/build/px4_msgs': CMAKE_PREFIX_PATH=${CMAKE_PREFIX_PATH}:/opt/ros/humble /usr/bin/cmake --install /home/fourdds/ros2_ws/build/px4_msgs
[3.029s] Level 1:colcon.colcon_core.environment:create_environment_scripts_only(px4_msgs)
[3.086s] Level 1:colcon.colcon_core.environment:checking '/home/fourdds/ros2_ws/install/px4_msgs' for CMake module files
[3.098s] Level 1:colcon.colcon_core.environment:checking '/home/fourdds/ros2_ws/install/px4_msgs' for CMake config files
[3.113s] Level 1:colcon.colcon_core.shell:create_environment_hook('px4_msgs', 'cmake_prefix_path')
[3.114s] INFO:colcon.colcon_core.shell:Creating environment hook '/home/fourdds/ros2_ws/install/px4_msgs/share/px4_msgs/hook/cmake_prefix_path.ps1'
[3.116s] INFO:colcon.colcon_core.shell:Creating environment descriptor '/home/fourdds/ros2_ws/install/px4_msgs/share/px4_msgs/hook/cmake_prefix_path.dsv'
[3.123s] INFO:colcon.colcon_core.shell:Creating environment hook '/home/fourdds/ros2_ws/install/px4_msgs/share/px4_msgs/hook/cmake_prefix_path.sh'
[3.133s] DEBUG:colcon.colcon_core.event_handler.log_command:Invoked command in '/home/fourdds/ros2_ws/build/px4_msgs' returned '0': CMAKE_PREFIX_PATH=${CMAKE_PREFIX_PATH}:/opt/ros/humble /usr/bin/cmake --install /home/fourdds/ros2_ws/build/px4_msgs
[3.133s] Level 1:colcon.colcon_core.environment:checking '/home/fourdds/ros2_ws/install/px4_msgs/lib'
[3.133s] Level 1:colcon.colcon_core.shell:create_environment_hook('px4_msgs', 'ld_library_path_lib')
[3.133s] INFO:colcon.colcon_core.shell:Creating environment hook '/home/fourdds/ros2_ws/install/px4_msgs/share/px4_msgs/hook/ld_library_path_lib.ps1'
[3.134s] INFO:colcon.colcon_core.shell:Creating environment descriptor '/home/fourdds/ros2_ws/install/px4_msgs/share/px4_msgs/hook/ld_library_path_lib.dsv'
[3.134s] INFO:colcon.colcon_core.shell:Creating environment hook '/home/fourdds/ros2_ws/install/px4_msgs/share/px4_msgs/hook/ld_library_path_lib.sh'
[3.134s] Level 1:colcon.colcon_core.environment:checking '/home/fourdds/ros2_ws/install/px4_msgs/bin'
[3.134s] Level 1:colcon.colcon_core.environment:checking '/home/fourdds/ros2_ws/install/px4_msgs/lib/pkgconfig/px4_msgs.pc'
[3.134s] Level 1:colcon.colcon_core.environment:checking '/home/fourdds/ros2_ws/install/px4_msgs/lib/python3.10/site-packages'
[3.134s] Level 1:colcon.colcon_core.environment:checking '/home/fourdds/ros2_ws/install/px4_msgs/bin'
[3.134s] INFO:colcon.colcon_core.shell:Creating package script '/home/fourdds/ros2_ws/install/px4_msgs/share/px4_msgs/package.ps1'
[3.135s] INFO:colcon.colcon_core.shell:Creating package descriptor '/home/fourdds/ros2_ws/install/px4_msgs/share/px4_msgs/package.dsv'
[3.135s] INFO:colcon.colcon_core.shell:Creating package script '/home/fourdds/ros2_ws/install/px4_msgs/share/px4_msgs/package.sh'
[3.135s] INFO:colcon.colcon_core.shell:Creating package script '/home/fourdds/ros2_ws/install/px4_msgs/share/px4_msgs/package.bash'
[3.135s] INFO:colcon.colcon_core.shell:Creating package script '/home/fourdds/ros2_ws/install/px4_msgs/share/px4_msgs/package.zsh'
[3.136s] Level 1:colcon.colcon_core.environment:create_file_with_runtime_dependencies(/home/fourdds/ros2_ws/install/px4_msgs/share/colcon-core/packages/px4_msgs)
[5.224s] Level 1:colcon.colcon_core.environment:create_environment_scripts_only(px4_msgs)
[5.224s] Level 1:colcon.colcon_core.environment:checking '/home/fourdds/ros2_ws/install/px4_msgs' for CMake module files
[5.224s] Level 1:colcon.colcon_core.environment:checking '/home/fourdds/ros2_ws/install/px4_msgs' for CMake config files
[5.224s] Level 1:colcon.colcon_core.shell:create_environment_hook('px4_msgs', 'cmake_prefix_path')
[5.224s] INFO:colcon.colcon_core.shell:Creating environment hook '/home/fourdds/ros2_ws/install/px4_msgs/share/px4_msgs/hook/cmake_prefix_path.ps1'
[5.225s] INFO:colcon.colcon_core.shell:Creating environment descriptor '/home/fourdds/ros2_ws/install/px4_msgs/share/px4_msgs/hook/cmake_prefix_path.dsv'
[5.225s] INFO:colcon.colcon_core.shell:Creating environment hook '/home/fourdds/ros2_ws/install/px4_msgs/share/px4_msgs/hook/cmake_prefix_path.sh'
[5.225s] Level 1:colcon.colcon_core.environment:checking '/home/fourdds/ros2_ws/install/px4_msgs/lib'
[5.225s] Level 1:colcon.colcon_core.shell:create_environment_hook('px4_msgs', 'ld_library_path_lib')
[5.225s] INFO:colcon.colcon_core.shell:Creating environment hook '/home/fourdds/ros2_ws/install/px4_msgs/share/px4_msgs/hook/ld_library_path_lib.ps1'
[5.225s] INFO:colcon.colcon_core.shell:Creating environment descriptor '/home/fourdds/ros2_ws/install/px4_msgs/share/px4_msgs/hook/ld_library_path_lib.dsv'
[5.226s] INFO:colcon.colcon_core.shell:Creating environment hook '/home/fourdds/ros2_ws/install/px4_msgs/share/px4_msgs/hook/ld_library_path_lib.sh'
[5.226s] Level 1:colcon.colcon_core.environment:checking '/home/fourdds/ros2_ws/install/px4_msgs/bin'
[5.226s] Level 1:colcon.colcon_core.environment:checking '/home/fourdds/ros2_ws/install/px4_msgs/lib/pkgconfig/px4_msgs.pc'
[5.226s] Level 1:colcon.colcon_core.environment:checking '/home/fourdds/ros2_ws/install/px4_msgs/lib/python3.10/site-packages'
[5.226s] Level 1:colcon.colcon_core.environment:checking '/home/fourdds/ros2_ws/install/px4_msgs/bin'
[5.226s] INFO:colcon.colcon_core.shell:Creating package script '/home/fourdds/ros2_ws/install/px4_msgs/share/px4_msgs/package.ps1'
[5.226s] INFO:colcon.colcon_core.shell:Creating package descriptor '/home/fourdds/ros2_ws/install/px4_msgs/share/px4_msgs/package.dsv'
[5.227s] INFO:colcon.colcon_core.shell:Creating package script '/home/fourdds/ros2_ws/install/px4_msgs/share/px4_msgs/package.sh'
[5.227s] INFO:colcon.colcon_core.shell:Creating package script '/home/fourdds/ros2_ws/install/px4_msgs/share/px4_msgs/package.bash'
[5.227s] INFO:colcon.colcon_core.shell:Creating package script '/home/fourdds/ros2_ws/install/px4_msgs/share/px4_msgs/package.zsh'
[5.227s] Level 1:colcon.colcon_core.environment:create_file_with_runtime_dependencies(/home/fourdds/ros2_ws/install/px4_msgs/share/colcon-core/packages/px4_msgs)
[5.228s] INFO:colcon.colcon_ros.task.ament_cmake.build:Building ROS package in '/home/fourdds/ros2_ws/src/boids' with build type 'ament_cmake'
[5.228s] INFO:colcon.colcon_cmake.task.cmake.build:Building CMake package in '/home/fourdds/ros2_ws/src/boids'
[5.228s] INFO:colcon.colcon_core.shell:Skip shell extension 'powershell' for command environment: Not usable outside of PowerShell
[5.228s] DEBUG:colcon.colcon_core.shell:Skip shell extension 'dsv' for command environment
[5.231s] INFO:colcon.colcon_ros.task.ament_cmake.build:Building ROS package in '/home/fourdds/ros2_ws/src/px4_ros_com' with build type 'ament_cmake'
[5.231s] INFO:colcon.colcon_cmake.task.cmake.build:Building CMake package in '/home/fourdds/ros2_ws/src/px4_ros_com'
[5.231s] INFO:colcon.colcon_core.shell:Skip shell extension 'powershell' for command environment: Not usable outside of PowerShell
[5.231s] DEBUG:colcon.colcon_core.shell:Skip shell extension 'dsv' for command environment
[5.238s] DEBUG:colcon.colcon_core.event_handler.log_command:Invoking command in '/home/fourdds/ros2_ws/build/boids': CMAKE_PREFIX_PATH=/home/fourdds/ros2_ws/install/px4_msgs:/home/fourdds/ros2_ws/install/px4_ros_com:/home/fourdds/ros2_ws/install/boids:/opt/ros/humble LD_LIBRARY_PATH=/home/fourdds/ros2_ws/install/px4_msgs/lib:/home/fourdds/ros2_ws/install/px4_ros_com/lib:/home/fourdds/ros2_ws/install/boids/lib:/usr/lib/x86_64-linux-gnu/gazebo-11/plugins:/opt/ros/humble/opt/rviz_ogre_vendor/lib:/opt/ros/humble/lib/x86_64-linux-gnu:/opt/ros/humble/lib /usr/bin/cmake --build /home/fourdds/ros2_ws/build/boids -- -j24 -l24
[5.239s] DEBUG:colcon.colcon_core.event_handler.log_command:Invoking command in '/home/fourdds/ros2_ws/build/px4_ros_com': CMAKE_PREFIX_PATH=/home/fourdds/ros2_ws/install/px4_msgs:/home/fourdds/ros2_ws/install/px4_ros_com:/home/fourdds/ros2_ws/install/boids:/opt/ros/humble LD_LIBRARY_PATH=/home/fourdds/ros2_ws/install/px4_msgs/lib:/home/fourdds/ros2_ws/install/px4_ros_com/lib:/home/fourdds/ros2_ws/install/boids/lib:/usr/lib/x86_64-linux-gnu/gazebo-11/plugins:/opt/ros/humble/opt/rviz_ogre_vendor/lib:/opt/ros/humble/lib/x86_64-linux-gnu:/opt/ros/humble/lib /usr/bin/cmake --build /home/fourdds/ros2_ws/build/px4_ros_com -- -j24 -l24
[5.280s] DEBUG:colcon.colcon_core.event_handler.log_command:Invoked command in '/home/fourdds/ros2_ws/build/boids' returned '0': CMAKE_PREFIX_PATH=/home/fourdds/ros2_ws/install/px4_msgs:/home/fourdds/ros2_ws/install/px4_ros_com:/home/fourdds/ros2_ws/install/boids:/opt/ros/humble LD_LIBRARY_PATH=/home/fourdds/ros2_ws/install/px4_msgs/lib:/home/fourdds/ros2_ws/install/px4_ros_com/lib:/home/fourdds/ros2_ws/install/boids/lib:/usr/lib/x86_64-linux-gnu/gazebo-11/plugins:/opt/ros/humble/opt/rviz_ogre_vendor/lib:/opt/ros/humble/lib/x86_64-linux-gnu:/opt/ros/humble/lib /usr/bin/cmake --build /home/fourdds/ros2_ws/build/boids -- -j24 -l24
[5.296s] DEBUG:colcon.colcon_core.event_handler.log_command:Invoking command in '/home/fourdds/ros2_ws/build/boids': CMAKE_PREFIX_PATH=/home/fourdds/ros2_ws/install/px4_msgs:/home/fourdds/ros2_ws/install/px4_ros_com:/home/fourdds/ros2_ws/install/boids:/opt/ros/humble LD_LIBRARY_PATH=/home/fourdds/ros2_ws/install/px4_msgs/lib:/home/fourdds/ros2_ws/install/px4_ros_com/lib:/home/fourdds/ros2_ws/install/boids/lib:/usr/lib/x86_64-linux-gnu/gazebo-11/plugins:/opt/ros/humble/opt/rviz_ogre_vendor/lib:/opt/ros/humble/lib/x86_64-linux-gnu:/opt/ros/humble/lib /usr/bin/cmake --install /home/fourdds/ros2_ws/build/boids
[5.304s] Level 1:colcon.colcon_core.environment:create_environment_scripts_only(boids)
[5.304s] Level 1:colcon.colcon_core.environment:checking '/home/fourdds/ros2_ws/install/boids' for CMake module files
[5.305s] DEBUG:colcon.colcon_core.event_handler.log_command:Invoked command in '/home/fourdds/ros2_ws/build/boids' returned '0': CMAKE_PREFIX_PATH=/home/fourdds/ros2_ws/install/px4_msgs:/home/fourdds/ros2_ws/install/px4_ros_com:/home/fourdds/ros2_ws/install/boids:/opt/ros/humble LD_LIBRARY_PATH=/home/fourdds/ros2_ws/install/px4_msgs/lib:/home/fourdds/ros2_ws/install/px4_ros_com/lib:/home/fourdds/ros2_ws/install/boids/lib:/usr/lib/x86_64-linux-gnu/gazebo-11/plugins:/opt/ros/humble/opt/rviz_ogre_vendor/lib:/opt/ros/humble/lib/x86_64-linux-gnu:/opt/ros/humble/lib /usr/bin/cmake --install /home/fourdds/ros2_ws/build/boids
[5.305s] Level 1:colcon.colcon_core.environment:checking '/home/fourdds/ros2_ws/install/boids' for CMake config files
[5.305s] Level 1:colcon.colcon_core.shell:create_environment_hook('boids', 'cmake_prefix_path')
[5.305s] INFO:colcon.colcon_core.shell:Creating environment hook '/home/fourdds/ros2_ws/install/boids/share/boids/hook/cmake_prefix_path.ps1'
[5.305s] INFO:colcon.colcon_core.shell:Creating environment descriptor '/home/fourdds/ros2_ws/install/boids/share/boids/hook/cmake_prefix_path.dsv'
[5.305s] INFO:colcon.colcon_core.shell:Creating environment hook '/home/fourdds/ros2_ws/install/boids/share/boids/hook/cmake_prefix_path.sh'
[5.306s] Level 1:colcon.colcon_core.environment:checking '/home/fourdds/ros2_ws/install/boids/lib'
[5.306s] Level 1:colcon.colcon_core.shell:create_environment_hook('boids', 'ld_library_path_lib')
[5.306s] INFO:colcon.colcon_core.shell:Creating environment hook '/home/fourdds/ros2_ws/install/boids/share/boids/hook/ld_library_path_lib.ps1'
[5.306s] INFO:colcon.colcon_core.shell:Creating environment descriptor '/home/fourdds/ros2_ws/install/boids/share/boids/hook/ld_library_path_lib.dsv'
[5.306s] INFO:colcon.colcon_core.shell:Creating environment hook '/home/fourdds/ros2_ws/install/boids/share/boids/hook/ld_library_path_lib.sh'
[5.306s] Level 1:colcon.colcon_core.environment:checking '/home/fourdds/ros2_ws/install/boids/bin'
[5.306s] Level 1:colcon.colcon_core.environment:checking '/home/fourdds/ros2_ws/install/boids/lib/pkgconfig/boids.pc'
[5.306s] Level 1:colcon.colcon_core.environment:checking '/home/fourdds/ros2_ws/install/boids/lib/python3.10/site-packages'
[5.307s] Level 1:colcon.colcon_core.environment:checking '/home/fourdds/ros2_ws/install/boids/bin'
[5.307s] INFO:colcon.colcon_core.shell:Creating package script '/home/fourdds/ros2_ws/install/boids/share/boids/package.ps1'
[5.307s] INFO:colcon.colcon_core.shell:Creating package descriptor '/home/fourdds/ros2_ws/install/boids/share/boids/package.dsv'
[5.307s] INFO:colcon.colcon_core.shell:Creating package script '/home/fourdds/ros2_ws/install/boids/share/boids/package.sh'
[5.307s] INFO:colcon.colcon_core.shell:Creating package script '/home/fourdds/ros2_ws/install/boids/share/boids/package.bash'
[5.308s] INFO:colcon.colcon_core.shell:Creating package script '/home/fourdds/ros2_ws/install/boids/share/boids/package.zsh'
[5.308s] Level 1:colcon.colcon_core.environment:create_file_with_runtime_dependencies(/home/fourdds/ros2_ws/install/boids/share/colcon-core/packages/boids)
[5.323s] Level 1:colcon.colcon_core.environment:create_environment_scripts_only(boids)
[5.324s] Level 1:colcon.colcon_core.environment:checking '/home/fourdds/ros2_ws/install/boids' for CMake module files
[5.324s] Level 1:colcon.colcon_core.environment:checking '/home/fourdds/ros2_ws/install/boids' for CMake config files
[5.324s] Level 1:colcon.colcon_core.shell:create_environment_hook('boids', 'cmake_prefix_path')
[5.325s] INFO:colcon.colcon_core.shell:Creating environment hook '/home/fourdds/ros2_ws/install/boids/share/boids/hook/cmake_prefix_path.ps1'
[5.325s] INFO:colcon.colcon_core.shell:Creating environment descriptor '/home/fourdds/ros2_ws/install/boids/share/boids/hook/cmake_prefix_path.dsv'
[5.325s] INFO:colcon.colcon_core.shell:Creating environment hook '/home/fourdds/ros2_ws/install/boids/share/boids/hook/cmake_prefix_path.sh'
[5.326s] Level 1:colcon.colcon_core.environment:checking '/home/fourdds/ros2_ws/install/boids/lib'
[5.326s] Level 1:colcon.colcon_core.shell:create_environment_hook('boids', 'ld_library_path_lib')
[5.326s] INFO:colcon.colcon_core.shell:Creating environment hook '/home/fourdds/ros2_ws/install/boids/share/boids/hook/ld_library_path_lib.ps1'
[5.326s] INFO:colcon.colcon_core.shell:Creating environment descriptor '/home/fourdds/ros2_ws/install/boids/share/boids/hook/ld_library_path_lib.dsv'
[5.326s] INFO:colcon.colcon_core.shell:Creating environment hook '/home/fourdds/ros2_ws/install/boids/share/boids/hook/ld_library_path_lib.sh'
[5.327s] Level 1:colcon.colcon_core.environment:checking '/home/fourdds/ros2_ws/install/boids/bin'
[5.327s] Level 1:colcon.colcon_core.environment:checking '/home/fourdds/ros2_ws/install/boids/lib/pkgconfig/boids.pc'
[5.327s] Level 1:colcon.colcon_core.environment:checking '/home/fourdds/ros2_ws/install/boids/lib/python3.10/site-packages'
[5.327s] Level 1:colcon.colcon_core.environment:checking '/home/fourdds/ros2_ws/install/boids/bin'
[5.327s] INFO:colcon.colcon_core.shell:Creating package script '/home/fourdds/ros2_ws/install/boids/share/boids/package.ps1'
[5.328s] INFO:colcon.colcon_core.shell:Creating package descriptor '/home/fourdds/ros2_ws/install/boids/share/boids/package.dsv'
[5.328s] INFO:colcon.colcon_core.shell:Creating package script '/home/fourdds/ros2_ws/install/boids/share/boids/package.sh'
[5.329s] INFO:colcon.colcon_core.shell:Creating package script '/home/fourdds/ros2_ws/install/boids/share/boids/package.bash'
[5.329s] INFO:colcon.colcon_core.shell:Creating package script '/home/fourdds/ros2_ws/install/boids/share/boids/package.zsh'
[5.329s] Level 1:colcon.colcon_core.environment:create_file_with_runtime_dependencies(/home/fourdds/ros2_ws/install/boids/share/colcon-core/packages/boids)
[5.451s] DEBUG:colcon.colcon_core.event_handler.log_command:Invoked command in '/home/fourdds/ros2_ws/build/px4_ros_com' returned '0': CMAKE_PREFIX_PATH=/home/fourdds/ros2_ws/install/px4_msgs:/home/fourdds/ros2_ws/install/px4_ros_com:/home/fourdds/ros2_ws/install/boids:/opt/ros/humble LD_LIBRARY_PATH=/home/fourdds/ros2_ws/install/px4_msgs/lib:/home/fourdds/ros2_ws/install/px4_ros_com/lib:/home/fourdds/ros2_ws/install/boids/lib:/usr/lib/x86_64-linux-gnu/gazebo-11/plugins:/opt/ros/humble/opt/rviz_ogre_vendor/lib:/opt/ros/humble/lib/x86_64-linux-gnu:/opt/ros/humble/lib /usr/bin/cmake --build /home/fourdds/ros2_ws/build/px4_ros_com -- -j24 -l24
[5.474s] DEBUG:colcon.colcon_core.event_handler.log_command:Invoking command in '/home/fourdds/ros2_ws/build/px4_ros_com': CMAKE_PREFIX_PATH=/home/fourdds/ros2_ws/install/px4_msgs:/home/fourdds/ros2_ws/install/px4_ros_com:/home/fourdds/ros2_ws/install/boids:/opt/ros/humble LD_LIBRARY_PATH=/home/fourdds/ros2_ws/install/px4_msgs/lib:/home/fourdds/ros2_ws/install/px4_ros_com/lib:/home/fourdds/ros2_ws/install/boids/lib:/usr/lib/x86_64-linux-gnu/gazebo-11/plugins:/opt/ros/humble/opt/rviz_ogre_vendor/lib:/opt/ros/humble/lib/x86_64-linux-gnu:/opt/ros/humble/lib /usr/bin/cmake --install /home/fourdds/ros2_ws/build/px4_ros_com
[5.505s] Level 1:colcon.colcon_core.environment:create_environment_scripts_only(px4_ros_com)
[5.505s] DEBUG:colcon.colcon_core.event_handler.log_command:Invoked command in '/home/fourdds/ros2_ws/build/px4_ros_com' returned '0': CMAKE_PREFIX_PATH=/home/fourdds/ros2_ws/install/px4_msgs:/home/fourdds/ros2_ws/install/px4_ros_com:/home/fourdds/ros2_ws/install/boids:/opt/ros/humble LD_LIBRARY_PATH=/home/fourdds/ros2_ws/install/px4_msgs/lib:/home/fourdds/ros2_ws/install/px4_ros_com/lib:/home/fourdds/ros2_ws/install/boids/lib:/usr/lib/x86_64-linux-gnu/gazebo-11/plugins:/opt/ros/humble/opt/rviz_ogre_vendor/lib:/opt/ros/humble/lib/x86_64-linux-gnu:/opt/ros/humble/lib /usr/bin/cmake --install /home/fourdds/ros2_ws/build/px4_ros_com
[5.505s] Level 1:colcon.colcon_core.environment:checking '/home/fourdds/ros2_ws/install/px4_ros_com' for CMake module files
[5.506s] Level 1:colcon.colcon_core.environment:checking '/home/fourdds/ros2_ws/install/px4_ros_com' for CMake config files
[5.506s] Level 1:colcon.colcon_core.shell:create_environment_hook('px4_ros_com', 'cmake_prefix_path')
[5.506s] INFO:colcon.colcon_core.shell:Creating environment hook '/home/fourdds/ros2_ws/install/px4_ros_com/share/px4_ros_com/hook/cmake_prefix_path.ps1'
[5.507s] INFO:colcon.colcon_core.shell:Creating environment descriptor '/home/fourdds/ros2_ws/install/px4_ros_com/share/px4_ros_com/hook/cmake_prefix_path.dsv'
[5.507s] INFO:colcon.colcon_core.shell:Creating environment hook '/home/fourdds/ros2_ws/install/px4_ros_com/share/px4_ros_com/hook/cmake_prefix_path.sh'
[5.507s] Level 1:colcon.colcon_core.environment:checking '/home/fourdds/ros2_ws/install/px4_ros_com/lib'
[5.507s] Level 1:colcon.colcon_core.shell:create_environment_hook('px4_ros_com', 'ld_library_path_lib')
[5.508s] INFO:colcon.colcon_core.shell:Creating environment hook '/home/fourdds/ros2_ws/install/px4_ros_com/share/px4_ros_com/hook/ld_library_path_lib.ps1'
[5.508s] INFO:colcon.colcon_core.shell:Creating environment descriptor '/home/fourdds/ros2_ws/install/px4_ros_com/share/px4_ros_com/hook/ld_library_path_lib.dsv'
[5.508s] INFO:colcon.colcon_core.shell:Creating environment hook '/home/fourdds/ros2_ws/install/px4_ros_com/share/px4_ros_com/hook/ld_library_path_lib.sh'
[5.508s] Level 1:colcon.colcon_core.environment:checking '/home/fourdds/ros2_ws/install/px4_ros_com/bin'
[5.508s] Level 1:colcon.colcon_core.environment:checking '/home/fourdds/ros2_ws/install/px4_ros_com/lib/pkgconfig/px4_ros_com.pc'
[5.509s] Level 1:colcon.colcon_core.environment:checking '/home/fourdds/ros2_ws/install/px4_ros_com/lib/python3.10/site-packages'
[5.509s] Level 1:colcon.colcon_core.environment:checking '/home/fourdds/ros2_ws/install/px4_ros_com/bin'
[5.509s] INFO:colcon.colcon_core.shell:Creating package script '/home/fourdds/ros2_ws/install/px4_ros_com/share/px4_ros_com/package.ps1'
[5.509s] INFO:colcon.colcon_core.shell:Creating package descriptor '/home/fourdds/ros2_ws/install/px4_ros_com/share/px4_ros_com/package.dsv'
[5.509s] INFO:colcon.colcon_core.shell:Creating package script '/home/fourdds/ros2_ws/install/px4_ros_com/share/px4_ros_com/package.sh'
[5.510s] INFO:colcon.colcon_core.shell:Creating package script '/home/fourdds/ros2_ws/install/px4_ros_com/share/px4_ros_com/package.bash'
[5.510s] INFO:colcon.colcon_core.shell:Creating package script '/home/fourdds/ros2_ws/install/px4_ros_com/share/px4_ros_com/package.zsh'
[5.510s] Level 1:colcon.colcon_core.environment:create_file_with_runtime_dependencies(/home/fourdds/ros2_ws/install/px4_ros_com/share/colcon-core/packages/px4_ros_com)
[5.531s] Level 1:colcon.colcon_core.environment:create_environment_scripts_only(px4_ros_com)
[5.531s] Level 1:colcon.colcon_core.environment:checking '/home/fourdds/ros2_ws/install/px4_ros_com' for CMake module files
[5.531s] Level 1:colcon.colcon_core.environment:checking '/home/fourdds/ros2_ws/install/px4_ros_com' for CMake config files
[5.531s] Level 1:colcon.colcon_core.shell:create_environment_hook('px4_ros_com', 'cmake_prefix_path')
[5.531s] INFO:colcon.colcon_core.shell:Creating environment hook '/home/fourdds/ros2_ws/install/px4_ros_com/share/px4_ros_com/hook/cmake_prefix_path.ps1'
[5.532s] INFO:colcon.colcon_core.shell:Creating environment descriptor '/home/fourdds/ros2_ws/install/px4_ros_com/share/px4_ros_com/hook/cmake_prefix_path.dsv'
[5.532s] INFO:colcon.colcon_core.shell:Creating environment hook '/home/fourdds/ros2_ws/install/px4_ros_com/share/px4_ros_com/hook/cmake_prefix_path.sh'
[5.532s] Level 1:colcon.colcon_core.environment:checking '/home/fourdds/ros2_ws/install/px4_ros_com/lib'
[5.532s] Level 1:colcon.colcon_core.shell:create_environment_hook('px4_ros_com', 'ld_library_path_lib')
[5.532s] INFO:colcon.colcon_core.shell:Creating environment hook '/home/fourdds/ros2_ws/install/px4_ros_com/share/px4_ros_com/hook/ld_library_path_lib.ps1'
[5.533s] INFO:colcon.colcon_core.shell:Creating environment descriptor '/home/fourdds/ros2_ws/install/px4_ros_com/share/px4_ros_com/hook/ld_library_path_lib.dsv'
[5.533s] INFO:colcon.colcon_core.shell:Creating environment hook '/home/fourdds/ros2_ws/install/px4_ros_com/share/px4_ros_com/hook/ld_library_path_lib.sh'
[5.533s] Level 1:colcon.colcon_core.environment:checking '/home/fourdds/ros2_ws/install/px4_ros_com/bin'
[5.533s] Level 1:colcon.colcon_core.environment:checking '/home/fourdds/ros2_ws/install/px4_ros_com/lib/pkgconfig/px4_ros_com.pc'
[5.533s] Level 1:colcon.colcon_core.environment:checking '/home/fourdds/ros2_ws/install/px4_ros_com/lib/python3.10/site-packages'
[5.533s] Level 1:colcon.colcon_core.environment:checking '/home/fourdds/ros2_ws/install/px4_ros_com/bin'
[5.533s] INFO:colcon.colcon_core.shell:Creating package script '/home/fourdds/ros2_ws/install/px4_ros_com/share/px4_ros_com/package.ps1'
[5.534s] INFO:colcon.colcon_core.shell:Creating package descriptor '/home/fourdds/ros2_ws/install/px4_ros_com/share/px4_ros_com/package.dsv'
[5.534s] INFO:colcon.colcon_core.shell:Creating package script '/home/fourdds/ros2_ws/install/px4_ros_com/share/px4_ros_com/package.sh'
[5.534s] INFO:colcon.colcon_core.shell:Creating package script '/home/fourdds/ros2_ws/install/px4_ros_com/share/px4_ros_com/package.bash'
[5.534s] INFO:colcon.colcon_core.shell:Creating package script '/home/fourdds/ros2_ws/install/px4_ros_com/share/px4_ros_com/package.zsh'
[5.534s] Level 1:colcon.colcon_core.environment:create_file_with_runtime_dependencies(/home/fourdds/ros2_ws/install/px4_ros_com/share/colcon-core/packages/px4_ros_com)
[5.535s] DEBUG:colcon.colcon_parallel_executor.executor.parallel:closing loop
[5.535s] DEBUG:colcon.colcon_parallel_executor.executor.parallel:loop closed
[5.535s] DEBUG:colcon.colcon_parallel_executor.executor.parallel:run_until_complete finished with '0'
[5.535s] DEBUG:colcon.colcon_core.event_reactor:joining thread
[5.539s] INFO:colcon.colcon_core.plugin_system:Skipping extension 'colcon_notification.desktop_notification.notify_send': Could not find 'notify-send'
[5.539s] INFO:colcon.colcon_core.plugin_system:Skipping extension 'colcon_notification.desktop_notification.terminal_notifier': Not used on non-Darwin systems
[5.539s] INFO:colcon.colcon_core.plugin_system:Skipping extension 'colcon_notification.desktop_notification.win32': Not used on non-Windows systems
[5.539s] INFO:colcon.colcon_notification.desktop_notification:Sending desktop notification using 'notify2'
[5.539s] DEBUG:colcon.colcon_notification.desktop_notification.notify2:Failed to initialize notify2: org.freedesktop.DBus.Error.FileNotFound: Failed to connect to socket /run/user/0/bus: No such file or directory
[5.539s] DEBUG:colcon.colcon_core.event_reactor:joined thread
[5.539s] INFO:colcon.colcon_core.shell:Creating prefix script '/home/fourdds/ros2_ws/install/local_setup.ps1'
[5.540s] INFO:colcon.colcon_core.shell:Creating prefix util module '/home/fourdds/ros2_ws/install/_local_setup_util_ps1.py'
[5.541s] INFO:colcon.colcon_core.shell:Creating prefix chain script '/home/fourdds/ros2_ws/install/setup.ps1'
[5.541s] INFO:colcon.colcon_core.shell:Creating prefix script '/home/fourdds/ros2_ws/install/local_setup.sh'
[5.542s] INFO:colcon.colcon_core.shell:Creating prefix util module '/home/fourdds/ros2_ws/install/_local_setup_util_sh.py'
[5.542s] INFO:colcon.colcon_core.shell:Creating prefix chain script '/home/fourdds/ros2_ws/install/setup.sh'
[5.543s] INFO:colcon.colcon_core.shell:Creating prefix script '/home/fourdds/ros2_ws/install/local_setup.bash'
[5.543s] INFO:colcon.colcon_core.shell:Creating prefix chain script '/home/fourdds/ros2_ws/install/setup.bash'
[5.543s] INFO:colcon.colcon_core.shell:Creating prefix script '/home/fourdds/ros2_ws/install/local_setup.zsh'
[5.544s] INFO:colcon.colcon_core.shell:Creating prefix chain script '/home/fourdds/ros2_ws/install/setup.zsh'
