[0.006s] Invoking command in '/home/fourdds/ros2_ws/build/obstacle_avoidance': CMAKE_PREFIX_PATH=${CMAKE_PREFIX_PATH}:/opt/ros/humble /usr/bin/cmake --build /home/fourdds/ros2_ws/build/obstacle_avoidance -- -j24 -l24
[0.018s] -- Found ament_cmake: 1.3.8 (/opt/ros/humble/share/ament_cmake/cmake)
[0.083s] -- Found sensor_msgs: 4.2.3 (/opt/ros/humble/share/sensor_msgs/cmake)
[0.094s] -- Found rosidl_generator_c: 3.1.5 (/opt/ros/humble/share/rosidl_generator_c/cmake)
[0.096s] -- Found rosidl_adapter: 3.1.5 (/opt/ros/humble/share/rosidl_adapter/cmake)
[0.099s] -- Found rosidl_generator_cpp: 3.1.5 (/opt/ros/humble/share/rosidl_generator_cpp/cmake)
[0.105s] -- Using all available rosidl_typesupport_c: rosidl_typesupport_fastrtps_c;rosidl_typesupport_introspection_c
[0.113s] -- Using all available rosidl_typesupport_cpp: rosidl_typesupport_fastrtps_cpp;rosidl_typesupport_introspection_cpp
[0.221s] -- Found parameters: 0.0.0 (/home/fourdds/ros2_ws/install/parameters/share/parameters/cmake)
[0.222s] -- Found rclcpp: 16.0.8 (/opt/ros/humble/share/rclcpp/cmake)
[0.245s] -- Found rmw_implementation_cmake: 6.1.1 (/opt/ros/humble/share/rmw_implementation_cmake/cmake)
[0.246s] -- Found rmw_fastrtps_cpp: 6.2.6 (/opt/ros/humble/share/rmw_fastrtps_cpp/cmake)
[0.302s] -- Using RMW implementation 'rmw_fastrtps_cpp' as default
[0.367s] -- Found eigen3_cmake_module: 0.1.1 (/opt/ros/humble/share/eigen3_cmake_module/cmake)
[0.370s] -- Found ament_lint_auto: 0.12.10 (/opt/ros/humble/share/ament_lint_auto/cmake)
[0.406s] -- Added test 'cppcheck' to perform static code analysis on C / C++ code
[0.406s] -- Configured cppcheck include dirs: $<BUILD_INTERFACE:/home/fourdds/ros2_ws/src/obstacle_avoidance/include>
[0.406s] -- Configured cppcheck exclude dirs and/or files: 
[0.406s] -- Added test 'lint_cmake' to check CMake code style
[0.407s] -- Added test 'uncrustify' to check C / C++ code style
[0.407s] -- Configured uncrustify additional arguments: 
[0.407s] -- Added test 'xmllint' to check XML markup files
[0.408s] -- Configuring done
[0.411s] -- Generating done
[0.412s] -- Build files have been written to: /home/fourdds/ros2_ws/build/obstacle_avoidance
[0.424s] [35m[1mConsolidate compiler generated dependencies of target ObstacleAvoidance[0m
[0.432s] [100%] Built target ObstacleAvoidance
[0.437s] Invoked command in '/home/fourdds/ros2_ws/build/obstacle_avoidance' returned '0': CMAKE_PREFIX_PATH=${CMAKE_PREFIX_PATH}:/opt/ros/humble /usr/bin/cmake --build /home/fourdds/ros2_ws/build/obstacle_avoidance -- -j24 -l24
[0.452s] Invoking command in '/home/fourdds/ros2_ws/build/obstacle_avoidance': CMAKE_PREFIX_PATH=${CMAKE_PREFIX_PATH}:/opt/ros/humble /usr/bin/cmake --install /home/fourdds/ros2_ws/build/obstacle_avoidance
[0.454s] -- Install configuration: ""
[0.455s] -- Up-to-date: /home/fourdds/ros2_ws/install/obstacle_avoidance/share/obstacle_avoidance/environment/library_path.sh
[0.455s] -- Installing: /home/fourdds/ros2_ws/install/obstacle_avoidance/share/obstacle_avoidance/environment/library_path.dsv
[0.455s] -- Up-to-date: /home/fourdds/ros2_ws/install/obstacle_avoidance/include/obstacle_avoidance
[0.455s] -- Up-to-date: /home/fourdds/ros2_ws/install/obstacle_avoidance/include/obstacle_avoidance/ObstacleAvoidance.hpp
[0.455s] -- Up-to-date: /home/fourdds/ros2_ws/install/obstacle_avoidance/lib/libObstacleAvoidance.a
[0.455s] -- Up-to-date: /home/fourdds/ros2_ws/install/obstacle_avoidance/share/ament_index/resource_index/package_run_dependencies/obstacle_avoidance
[0.455s] -- Up-to-date: /home/fourdds/ros2_ws/install/obstacle_avoidance/share/ament_index/resource_index/parent_prefix_path/obstacle_avoidance
[0.455s] -- Up-to-date: /home/fourdds/ros2_ws/install/obstacle_avoidance/share/obstacle_avoidance/environment/ament_prefix_path.sh
[0.455s] -- Installing: /home/fourdds/ros2_ws/install/obstacle_avoidance/share/obstacle_avoidance/environment/ament_prefix_path.dsv
[0.455s] -- Up-to-date: /home/fourdds/ros2_ws/install/obstacle_avoidance/share/obstacle_avoidance/environment/path.sh
[0.455s] -- Installing: /home/fourdds/ros2_ws/install/obstacle_avoidance/share/obstacle_avoidance/environment/path.dsv
[0.455s] -- Up-to-date: /home/fourdds/ros2_ws/install/obstacle_avoidance/share/obstacle_avoidance/local_setup.bash
[0.455s] -- Up-to-date: /home/fourdds/ros2_ws/install/obstacle_avoidance/share/obstacle_avoidance/local_setup.sh
[0.455s] -- Up-to-date: /home/fourdds/ros2_ws/install/obstacle_avoidance/share/obstacle_avoidance/local_setup.zsh
[0.455s] -- Installing: /home/fourdds/ros2_ws/install/obstacle_avoidance/share/obstacle_avoidance/local_setup.dsv
[0.455s] -- Installing: /home/fourdds/ros2_ws/install/obstacle_avoidance/share/obstacle_avoidance/package.dsv
[0.455s] -- Up-to-date: /home/fourdds/ros2_ws/install/obstacle_avoidance/share/ament_index/resource_index/packages/obstacle_avoidance
[0.455s] -- Up-to-date: /home/fourdds/ros2_ws/install/obstacle_avoidance/share/obstacle_avoidance/cmake/ament_cmake_export_include_directories-extras.cmake
[0.455s] -- Up-to-date: /home/fourdds/ros2_ws/install/obstacle_avoidance/share/obstacle_avoidance/cmake/ament_cmake_export_libraries-extras.cmake
[0.456s] -- Up-to-date: /home/fourdds/ros2_ws/install/obstacle_avoidance/share/obstacle_avoidance/cmake/obstacle_avoidanceConfig.cmake
[0.456s] -- Up-to-date: /home/fourdds/ros2_ws/install/obstacle_avoidance/share/obstacle_avoidance/cmake/obstacle_avoidanceConfig-version.cmake
[0.456s] -- Up-to-date: /home/fourdds/ros2_ws/install/obstacle_avoidance/share/obstacle_avoidance/package.xml
[0.456s] Invoked command in '/home/fourdds/ros2_ws/build/obstacle_avoidance' returned '0': CMAKE_PREFIX_PATH=${CMAKE_PREFIX_PATH}:/opt/ros/humble /usr/bin/cmake --install /home/fourdds/ros2_ws/build/obstacle_avoidance
