[1.134s] Invoking command in '/home/fourdds/ros2_ws/build/analysis': PYTHONPATH=/home/fourdds/ros2_ws/build/analysis/prefix_override:/usr/lib/python3/dist-packages/colcon_core/task/python/colcon_distutils_commands:/home/fourdds/ros2_ws/install/analysis/lib/python3.10/site-packages:${PYTHONPATH} /usr/bin/python3 -W ignore:setup.py install is deprecated setup.py develop --uninstall --editable --build-directory /home/fourdds/ros2_ws/build/analysis/build
[1.436s] running develop
[1.436s] /home/fourdds/.local/lib/python3.10/site-packages/setuptools/command/develop.py:42: EasyInstallDeprecationWarning: easy_install command is deprecated.
[1.436s] !!
[1.437s] 
[1.437s]         ********************************************************************************
[1.437s]         Please avoid running ``setup.py`` and ``easy_install``.
[1.437s]         Instead, use pypa/build, pypa/installer or other
[1.437s]         standards-based tools.
[1.437s] 
[1.437s]         See https://github.com/pypa/setuptools/issues/917 for details.
[1.437s]         ********************************************************************************
[1.437s] 
[1.437s] !!
[1.437s]   easy_install.initialize_options(self)
[1.612s] Removing /home/fourdds/ros2_ws/install/analysis/lib/python3.10/site-packages/analysis.egg-link (link to .)
[1.679s] Invoked command in '/home/fourdds/ros2_ws/build/analysis' returned '0': PYTHONPATH=/home/fourdds/ros2_ws/build/analysis/prefix_override:/usr/lib/python3/dist-packages/colcon_core/task/python/colcon_distutils_commands:/home/fourdds/ros2_ws/install/analysis/lib/python3.10/site-packages:${PYTHONPATH} /usr/bin/python3 -W ignore:setup.py install is deprecated setup.py develop --uninstall --editable --build-directory /home/fourdds/ros2_ws/build/analysis/build
[1.684s] Invoking command in '/home/fourdds/ros2_ws/src/analysis': PYTHONPATH=/home/fourdds/ros2_ws/build/analysis/prefix_override:/usr/lib/python3/dist-packages/colcon_core/task/python/colcon_distutils_commands:/home/fourdds/ros2_ws/install/analysis/lib/python3.10/site-packages:${PYTHONPATH} /usr/bin/python3 -W ignore:setup.py install is deprecated setup.py egg_info --egg-base ../../build/analysis build --build-base /home/fourdds/ros2_ws/build/analysis/build install --record /home/fourdds/ros2_ws/build/analysis/install.log --single-version-externally-managed install_data --force
[1.901s] running egg_info
[1.913s] writing ../../build/analysis/analysis.egg-info/PKG-INFO
[1.915s] writing dependency_links to ../../build/analysis/analysis.egg-info/dependency_links.txt
[1.915s] writing entry points to ../../build/analysis/analysis.egg-info/entry_points.txt
[1.916s] writing requirements to ../../build/analysis/analysis.egg-info/requires.txt
[1.916s] writing top-level names to ../../build/analysis/analysis.egg-info/top_level.txt
[1.942s] reading manifest file '../../build/analysis/analysis.egg-info/SOURCES.txt'
[1.943s] adding license file 'LICENSE'
[1.944s] writing manifest file '../../build/analysis/analysis.egg-info/SOURCES.txt'
[1.944s] running build
[1.945s] running build_py
[1.945s] copying analysis/ConvertToCSV.py -> /home/fourdds/ros2_ws/build/analysis/build/lib/analysis
[1.946s] running install
[1.951s] running install_lib
[1.964s] creating /home/fourdds/ros2_ws/install/analysis/lib/python3.10/site-packages/analysis
[1.965s] copying /home/fourdds/ros2_ws/build/analysis/build/lib/analysis/ConvertToCSV.py -> /home/fourdds/ros2_ws/install/analysis/lib/python3.10/site-packages/analysis
[1.966s] copying /home/fourdds/ros2_ws/build/analysis/build/lib/analysis/__init__.py -> /home/fourdds/ros2_ws/install/analysis/lib/python3.10/site-packages/analysis
[1.966s] byte-compiling /home/fourdds/ros2_ws/install/analysis/lib/python3.10/site-packages/analysis/ConvertToCSV.py to ConvertToCSV.cpython-310.pyc
[1.967s] byte-compiling /home/fourdds/ros2_ws/install/analysis/lib/python3.10/site-packages/analysis/__init__.py to __init__.cpython-310.pyc
[1.968s] running install_data
[1.969s] copying resource/analysis -> /home/fourdds/ros2_ws/install/analysis/share/ament_index/resource_index/packages
[1.969s] copying package.xml -> /home/fourdds/ros2_ws/install/analysis/share/analysis
[1.969s] running install_egg_info
[1.983s] Copying ../../build/analysis/analysis.egg-info to /home/fourdds/ros2_ws/install/analysis/lib/python3.10/site-packages/analysis-0.0.0-py3.10.egg-info
[1.986s] running install_scripts
[2.101s] Installing ConvertToCSV script to /home/fourdds/ros2_ws/install/analysis/lib/analysis
[2.102s] writing list of installed files to '/home/fourdds/ros2_ws/build/analysis/install.log'
[2.157s] Invoked command in '/home/fourdds/ros2_ws/src/analysis' returned '0': PYTHONPATH=/home/fourdds/ros2_ws/build/analysis/prefix_override:/usr/lib/python3/dist-packages/colcon_core/task/python/colcon_distutils_commands:/home/fourdds/ros2_ws/install/analysis/lib/python3.10/site-packages:${PYTHONPATH} /usr/bin/python3 -W ignore:setup.py install is deprecated setup.py egg_info --egg-base ../../build/analysis build --build-base /home/fourdds/ros2_ws/build/analysis/build install --record /home/fourdds/ros2_ws/build/analysis/install.log --single-version-externally-managed install_data --force
