[0.009s] Invoking command in '/home/fourdds/ros2_ws/build/boids': CMAKE_PREFIX_PATH=/home/fourdds/ros2_ws/install/px4_msgs:/home/fourdds/ros2_ws/install/px4_ros_com:/home/fourdds/ros2_ws/install/boids:/opt/ros/humble LD_LIBRARY_PATH=/home/fourdds/ros2_ws/install/px4_msgs/lib:/home/fourdds/ros2_ws/install/px4_ros_com/lib:/home/fourdds/ros2_ws/install/boids/lib:/usr/lib/x86_64-linux-gnu/gazebo-11/plugins:/opt/ros/humble/opt/rviz_ogre_vendor/lib:/opt/ros/humble/lib/x86_64-linux-gnu:/opt/ros/humble/lib /usr/bin/cmake --build /home/fourdds/ros2_ws/build/boids -- -j24 -l24
[0.029s] [35m[1mConsolidate compiler generated dependencies of target uavs_spawner[0m
[0.040s] [ 40%] Built target frame_transforms
[0.043s] [ 60%] [32mBuilding CXX object CMakeFiles/uavs_spawner.dir/src/uav_node.cpp.o[0m
[2.646s] [01m[K/home/fourdds/ros2_ws/src/boids/src/uav_node.cpp:[m[K In member function ‘[01m[Kvoid uav_node::startup_logic()[m[K’:
[2.646s] [01m[K/home/fourdds/ros2_ws/src/boids/src/uav_node.cpp:86:12:[m[K [01;35m[Kwarning: [m[Kenumeration value ‘[01m[Ktakeoff_requested[m[K’ not handled in switch [[01;35m[K]8;;https://gcc.gnu.org/onlinedocs/gcc/Warning-Options.html#index-Wswitch-Wswitch]8;;[m[K]
[2.646s]    86 |     switch [01;35m[K([m[Kvehicle_state_)
[2.646s]       |            [01;35m[K^[m[K
[14.638s] [ 80%] [32m[1mLinking CXX executable uavs_spawner[0m
[15.369s] [100%] Built target uavs_spawner
[15.375s] Invoked command in '/home/fourdds/ros2_ws/build/boids' returned '0': CMAKE_PREFIX_PATH=/home/fourdds/ros2_ws/install/px4_msgs:/home/fourdds/ros2_ws/install/px4_ros_com:/home/fourdds/ros2_ws/install/boids:/opt/ros/humble LD_LIBRARY_PATH=/home/fourdds/ros2_ws/install/px4_msgs/lib:/home/fourdds/ros2_ws/install/px4_ros_com/lib:/home/fourdds/ros2_ws/install/boids/lib:/usr/lib/x86_64-linux-gnu/gazebo-11/plugins:/opt/ros/humble/opt/rviz_ogre_vendor/lib:/opt/ros/humble/lib/x86_64-linux-gnu:/opt/ros/humble/lib /usr/bin/cmake --build /home/fourdds/ros2_ws/build/boids -- -j24 -l24
[15.392s] Invoking command in '/home/fourdds/ros2_ws/build/boids': CMAKE_PREFIX_PATH=/home/fourdds/ros2_ws/install/px4_msgs:/home/fourdds/ros2_ws/install/px4_ros_com:/home/fourdds/ros2_ws/install/boids:/opt/ros/humble LD_LIBRARY_PATH=/home/fourdds/ros2_ws/install/px4_msgs/lib:/home/fourdds/ros2_ws/install/px4_ros_com/lib:/home/fourdds/ros2_ws/install/boids/lib:/usr/lib/x86_64-linux-gnu/gazebo-11/plugins:/opt/ros/humble/opt/rviz_ogre_vendor/lib:/opt/ros/humble/lib/x86_64-linux-gnu:/opt/ros/humble/lib /usr/bin/cmake --install /home/fourdds/ros2_ws/build/boids
[15.395s] -- Install configuration: ""
[15.396s] -- Installing: /home/fourdds/ros2_ws/install/boids/lib/boids/uavs_spawner
[15.403s] -- Set runtime path of "/home/fourdds/ros2_ws/install/boids/lib/boids/uavs_spawner" to ""
[15.403s] -- Up-to-date: /home/fourdds/ros2_ws/install/boids/share/boids/environment/library_path.sh
[15.403s] -- Up-to-date: /home/fourdds/ros2_ws/install/boids/share/boids/environment/library_path.dsv
[15.403s] -- Up-to-date: /home/fourdds/ros2_ws/install/boids/include/boids
[15.403s] -- Up-to-date: /home/fourdds/ros2_ws/install/boids/include/boids/placeholder.txt:Zone.Identifier
[15.404s] -- Up-to-date: /home/fourdds/ros2_ws/install/boids/include/boids/placeholder.txt
[15.404s] -- Up-to-date: /home/fourdds/ros2_ws/install/boids/include/boids/placeholder.txt:Zone.Identifier:Zone.Identifier
[15.404s] -- Up-to-date: /home/fourdds/ros2_ws/install/boids/lib/libframe_transforms.so
[15.404s] -- Up-to-date: /home/fourdds/ros2_ws/install/boids/share/boids//launch
[15.404s] -- Up-to-date: /home/fourdds/ros2_ws/install/boids/share/boids//launch/boids.launch.py:Zone.Identifier:Zone.Identifier:Zone.Identifier
[15.404s] -- Up-to-date: /home/fourdds/ros2_ws/install/boids/share/boids//launch/boids.launch.py:Zone.Identifier
[15.404s] -- Up-to-date: /home/fourdds/ros2_ws/install/boids/share/boids//launch/boids.launch.py:Zone.Identifier:Zone.Identifier
[15.404s] -- Up-to-date: /home/fourdds/ros2_ws/install/boids/share/boids//test
[15.404s] -- Up-to-date: /home/fourdds/ros2_ws/install/boids/share/boids//test/placeholder.txt:Zone.Identifier
[15.404s] -- Up-to-date: /home/fourdds/ros2_ws/install/boids/share/boids//test/placeholder.txt
[15.404s] -- Up-to-date: /home/fourdds/ros2_ws/install/boids/share/boids//test/placeholder.txt:Zone.Identifier:Zone.Identifier
[15.404s] -- Up-to-date: /home/fourdds/ros2_ws/install/boids/share/ament_index/resource_index/package_run_dependencies/boids
[15.405s] -- Up-to-date: /home/fourdds/ros2_ws/install/boids/share/ament_index/resource_index/parent_prefix_path/boids
[15.405s] -- Up-to-date: /home/fourdds/ros2_ws/install/boids/share/boids/environment/ament_prefix_path.sh
[15.405s] -- Up-to-date: /home/fourdds/ros2_ws/install/boids/share/boids/environment/ament_prefix_path.dsv
[15.405s] -- Up-to-date: /home/fourdds/ros2_ws/install/boids/share/boids/environment/path.sh
[15.405s] -- Up-to-date: /home/fourdds/ros2_ws/install/boids/share/boids/environment/path.dsv
[15.405s] -- Up-to-date: /home/fourdds/ros2_ws/install/boids/share/boids/local_setup.bash
[15.405s] -- Up-to-date: /home/fourdds/ros2_ws/install/boids/share/boids/local_setup.sh
[15.406s] -- Up-to-date: /home/fourdds/ros2_ws/install/boids/share/boids/local_setup.zsh
[15.406s] -- Up-to-date: /home/fourdds/ros2_ws/install/boids/share/boids/local_setup.dsv
[15.406s] -- Installing: /home/fourdds/ros2_ws/install/boids/share/boids/package.dsv
[15.406s] -- Up-to-date: /home/fourdds/ros2_ws/install/boids/share/ament_index/resource_index/packages/boids
[15.406s] -- Up-to-date: /home/fourdds/ros2_ws/install/boids/share/boids/cmake/export_frame_transformsExport.cmake
[15.406s] -- Up-to-date: /home/fourdds/ros2_ws/install/boids/share/boids/cmake/export_frame_transformsExport-noconfig.cmake
[15.406s] -- Up-to-date: /home/fourdds/ros2_ws/install/boids/share/boids/cmake/ament_cmake_export_dependencies-extras.cmake
[15.406s] -- Up-to-date: /home/fourdds/ros2_ws/install/boids/share/boids/cmake/ament_cmake_export_targets-extras.cmake
[15.406s] -- Up-to-date: /home/fourdds/ros2_ws/install/boids/share/boids/cmake/ament_cmake_export_include_directories-extras.cmake
[15.406s] -- Up-to-date: /home/fourdds/ros2_ws/install/boids/share/boids/cmake/ament_cmake_export_libraries-extras.cmake
[15.406s] -- Up-to-date: /home/fourdds/ros2_ws/install/boids/share/boids/cmake/boidsConfig.cmake
[15.406s] -- Up-to-date: /home/fourdds/ros2_ws/install/boids/share/boids/cmake/boidsConfig-version.cmake
[15.407s] -- Up-to-date: /home/fourdds/ros2_ws/install/boids/share/boids/package.xml
[15.408s] Invoked command in '/home/fourdds/ros2_ws/build/boids' returned '0': CMAKE_PREFIX_PATH=/home/fourdds/ros2_ws/install/px4_msgs:/home/fourdds/ros2_ws/install/px4_ros_com:/home/fourdds/ros2_ws/install/boids:/opt/ros/humble LD_LIBRARY_PATH=/home/fourdds/ros2_ws/install/px4_msgs/lib:/home/fourdds/ros2_ws/install/px4_ros_com/lib:/home/fourdds/ros2_ws/install/boids/lib:/usr/lib/x86_64-linux-gnu/gazebo-11/plugins:/opt/ros/humble/opt/rviz_ogre_vendor/lib:/opt/ros/humble/lib/x86_64-linux-gnu:/opt/ros/humble/lib /usr/bin/cmake --install /home/fourdds/ros2_ws/build/boids
