[0.019s] Invoking command in '/home/fourdds/ws/build/gazebo_ros': AMENT_PREFIX_PATH=/home/fourdds/ws/install/gazebo_msgs:/home/fourdds/ws/install/gazebo_dev:${AMENT_PREFIX_PATH} CMAKE_PREFIX_PATH=/home/fourdds/ws/install/gazebo_msgs:/home/fourdds/ws/install/gazebo_dev:/opt/ros/humble LD_LIBRARY_PATH=/home/fourdds/ws/install/gazebo_msgs/lib:${LD_LIBRARY_PATH} PYTHONPATH=/home/fourdds/ws/install/gazebo_msgs/local/lib/python3.10/dist-packages:${PYTHONPATH} /usr/bin/cmake --build /home/fourdds/ws/build/gazebo_ros -- -j16 -l16
[0.092s] [  3%] Built target gtest
[0.093s] [  6%] Built target gtest_main
[0.096s] [ 10%] Built target mock_robot_state_publisher
[0.099s] [ 13%] Built target mock_gazebo_ros_factory
[0.100s] [ 13%] Built target ament_cmake_python_symlink_scripts
[0.109s] [ 16%] Built target gazebo_ros_utils
[0.110s] [ 23%] Built target gazebo_ros_node
[0.180s] [ 28%] Built target test_conversions
[0.182s] [ 30%] Built target ros_world_plugin
[0.182s] [ 36%] Built target gazebo_ros_factory
[0.182s] [ 36%] Built target multiple_nodes
[0.184s] [ 40%] Built target create_node_without_init
[0.185s] [ 43%] Built target gazebo_ros_state
[0.200s] [ 46%] Built target gazebo_ros_force_system
[0.201s] [ 50%] Built target args_init
[0.202s] [ 53%] Built target sdf_node
[0.216s] [ 56%] Built target gazebo_ros_properties
[0.216s] [ 60%] Built target gazebo_ros_init
[0.220s] [ 63%] Built target test_gazebo_ros_factory
[0.225s] [ 66%] Built target test_gazebo_ros_init
[0.225s] [ 71%] Built target test_gazebo_ros_joint_effort
[0.225s] [ 73%] Built target test_gazebo_ros_link_wrench
[0.240s] [ 76%] Built target test_qos
[0.244s] [ 80%] Built target test_node
[0.246s] [ 83%] Built target test_reject_duplicate_nodes
[0.250s] [ 86%] Built target test_plugins
[0.250s] [ 90%] Built target test_sim_time
[0.258s] [ 93%] Built target test_utils
[0.262s] [ 96%] Built target test_gazebo_ros_properties
[0.263s] [100%] Built target test_gazebo_ros_state
[0.396s] running egg_info
[0.411s] writing scripts.egg-info/PKG-INFO
[0.412s] writing dependency_links to scripts.egg-info/dependency_links.txt
[0.413s] writing top-level names to scripts.egg-info/top_level.txt
[0.459s] reading manifest file 'scripts.egg-info/SOURCES.txt'
[0.460s] writing manifest file 'scripts.egg-info/SOURCES.txt'
[0.508s] [100%] Built target ament_cmake_python_build_scripts_egg
[0.524s] Invoked command in '/home/fourdds/ws/build/gazebo_ros' returned '0': AMENT_PREFIX_PATH=/home/fourdds/ws/install/gazebo_msgs:/home/fourdds/ws/install/gazebo_dev:${AMENT_PREFIX_PATH} CMAKE_PREFIX_PATH=/home/fourdds/ws/install/gazebo_msgs:/home/fourdds/ws/install/gazebo_dev:/opt/ros/humble LD_LIBRARY_PATH=/home/fourdds/ws/install/gazebo_msgs/lib:${LD_LIBRARY_PATH} PYTHONPATH=/home/fourdds/ws/install/gazebo_msgs/local/lib/python3.10/dist-packages:${PYTHONPATH} /usr/bin/cmake --build /home/fourdds/ws/build/gazebo_ros -- -j16 -l16
[0.622s] Invoking command in '/home/fourdds/ws/build/gazebo_ros': AMENT_PREFIX_PATH=/home/fourdds/ws/install/gazebo_msgs:/home/fourdds/ws/install/gazebo_dev:${AMENT_PREFIX_PATH} CMAKE_PREFIX_PATH=/home/fourdds/ws/install/gazebo_msgs:/home/fourdds/ws/install/gazebo_dev:/opt/ros/humble LD_LIBRARY_PATH=/home/fourdds/ws/install/gazebo_msgs/lib:${LD_LIBRARY_PATH} PYTHONPATH=/home/fourdds/ws/install/gazebo_msgs/local/lib/python3.10/dist-packages:${PYTHONPATH} /usr/bin/cmake --install /home/fourdds/ws/build/gazebo_ros
[0.630s] -- Install configuration: ""
[0.631s] -- Execute custom install script
[0.631s] -- Up-to-date symlink: /home/fourdds/ws/install/gazebo_ros/share/gazebo_ros/environment/pythonpath.sh
[0.632s] -- Up-to-date symlink: /home/fourdds/ws/install/gazebo_ros/share/gazebo_ros/environment/pythonpath.dsv
[0.632s] -- Up-to-date symlink: /home/fourdds/ws/install/gazebo_ros/local/lib/python3.10/dist-packages/scripts-3.7.0-py3.10.egg-info/PKG-INFO
[0.633s] -- Up-to-date symlink: /home/fourdds/ws/install/gazebo_ros/local/lib/python3.10/dist-packages/scripts-3.7.0-py3.10.egg-info/SOURCES.txt
[0.633s] -- Up-to-date symlink: /home/fourdds/ws/install/gazebo_ros/local/lib/python3.10/dist-packages/scripts-3.7.0-py3.10.egg-info/dependency_links.txt
[0.634s] -- Up-to-date symlink: /home/fourdds/ws/install/gazebo_ros/local/lib/python3.10/dist-packages/scripts-3.7.0-py3.10.egg-info/top_level.txt
[0.634s] -- Up-to-date symlink: /home/fourdds/ws/install/gazebo_ros/local/lib/python3.10/dist-packages/scripts/__init__.py
[0.635s] -- Up-to-date symlink: /home/fourdds/ws/install/gazebo_ros/local/lib/python3.10/dist-packages/scripts/gazebo_ros_paths.py
[0.635s] -- Up-to-date symlink: /home/fourdds/ws/install/gazebo_ros/local/lib/python3.10/dist-packages/scripts/spawn_entity.py
[0.636s] -- Up-to-date symlink: /home/fourdds/ws/install/gazebo_ros/share/gazebo_ros/environment/library_path.sh
[0.636s] -- Up-to-date symlink: /home/fourdds/ws/install/gazebo_ros/share/gazebo_ros/environment/library_path.dsv
[0.637s] -- Up-to-date symlink: /home/fourdds/ws/install/gazebo_ros/share/ament_index/resource_index/package_run_dependencies/gazebo_ros
[0.637s] -- Up-to-date symlink: /home/fourdds/ws/install/gazebo_ros/share/ament_index/resource_index/parent_prefix_path/gazebo_ros
[0.637s] -- Up-to-date symlink: /home/fourdds/ws/install/gazebo_ros/share/gazebo_ros/environment/ament_prefix_path.sh
[0.638s] -- Up-to-date symlink: /home/fourdds/ws/install/gazebo_ros/share/gazebo_ros/environment/ament_prefix_path.dsv
[0.638s] -- Up-to-date symlink: /home/fourdds/ws/install/gazebo_ros/share/gazebo_ros/environment/path.sh
[0.638s] -- Up-to-date symlink: /home/fourdds/ws/install/gazebo_ros/share/gazebo_ros/environment/path.dsv
[0.638s] -- Up-to-date symlink: /home/fourdds/ws/install/gazebo_ros/share/gazebo_ros/local_setup.bash
[0.638s] -- Up-to-date symlink: /home/fourdds/ws/install/gazebo_ros/share/gazebo_ros/local_setup.sh
[0.639s] -- Up-to-date symlink: /home/fourdds/ws/install/gazebo_ros/share/gazebo_ros/local_setup.zsh
[0.639s] -- Up-to-date symlink: /home/fourdds/ws/install/gazebo_ros/share/gazebo_ros/local_setup.dsv
[0.639s] -- Symlinking: /home/fourdds/ws/install/gazebo_ros/share/gazebo_ros/package.dsv
[0.650s] -- Up-to-date symlink: /home/fourdds/ws/install/gazebo_ros/share/ament_index/resource_index/packages/gazebo_ros
[0.650s] -- Up-to-date symlink: /home/fourdds/ws/install/gazebo_ros/share/gazebo_ros/cmake/ament_cmake_export_libraries-extras.cmake
[0.651s] -- Up-to-date symlink: /home/fourdds/ws/install/gazebo_ros/share/gazebo_ros/cmake/ament_cmake_export_include_directories-extras.cmake
[0.651s] -- Up-to-date symlink: /home/fourdds/ws/install/gazebo_ros/share/gazebo_ros/cmake/ament_cmake_export_dependencies-extras.cmake
[0.652s] -- Up-to-date symlink: /home/fourdds/ws/install/gazebo_ros/share/gazebo_ros/cmake/gazebo_rosConfig.cmake
[0.652s] -- Up-to-date symlink: /home/fourdds/ws/install/gazebo_ros/share/gazebo_ros/cmake/gazebo_rosConfig-version.cmake
[0.653s] -- Up-to-date symlink: /home/fourdds/ws/install/gazebo_ros/share/gazebo_ros/package.xml
[0.653s] -- Up-to-date symlink: /home/fourdds/ws/install/gazebo_ros/include/gazebo_ros/conversions/builtin_interfaces.hpp
[0.653s] -- Up-to-date symlink: /home/fourdds/ws/install/gazebo_ros/include/gazebo_ros/conversions/gazebo_msgs.hpp
[0.654s] -- Up-to-date symlink: /home/fourdds/ws/install/gazebo_ros/include/gazebo_ros/conversions/generic.hpp
[0.654s] -- Up-to-date symlink: /home/fourdds/ws/install/gazebo_ros/include/gazebo_ros/conversions/geometry_msgs.hpp
[0.655s] -- Up-to-date symlink: /home/fourdds/ws/install/gazebo_ros/include/gazebo_ros/conversions/sensor_msgs.hpp
[0.655s] -- Up-to-date symlink: /home/fourdds/ws/install/gazebo_ros/include/gazebo_ros/executor.hpp
[0.656s] -- Up-to-date symlink: /home/fourdds/ws/install/gazebo_ros/include/gazebo_ros/gazebo_ros_factory.hpp
[0.657s] -- Up-to-date symlink: /home/fourdds/ws/install/gazebo_ros/include/gazebo_ros/gazebo_ros_force_system.hpp
[0.657s] -- Up-to-date symlink: /home/fourdds/ws/install/gazebo_ros/include/gazebo_ros/gazebo_ros_init.hpp
[0.658s] -- Up-to-date symlink: /home/fourdds/ws/install/gazebo_ros/include/gazebo_ros/gazebo_ros_properties.hpp
[0.658s] -- Up-to-date symlink: /home/fourdds/ws/install/gazebo_ros/include/gazebo_ros/gazebo_ros_state.hpp
[0.659s] -- Up-to-date symlink: /home/fourdds/ws/install/gazebo_ros/include/gazebo_ros/node.hpp
[0.659s] -- Up-to-date symlink: /home/fourdds/ws/install/gazebo_ros/include/gazebo_ros/node_visibility_control.h
[0.660s] -- Up-to-date symlink: /home/fourdds/ws/install/gazebo_ros/include/gazebo_ros/qos.hpp
[0.661s] -- Up-to-date symlink: /home/fourdds/ws/install/gazebo_ros/include/gazebo_ros/testing_utils.hpp
[0.661s] -- Up-to-date symlink: /home/fourdds/ws/install/gazebo_ros/include/gazebo_ros/utils.hpp
[0.662s] -- Up-to-date symlink: /home/fourdds/ws/install/gazebo_ros/include/gazebo_ros/utils_visibility_control.h
[0.663s] -- Up-to-date symlink: /home/fourdds/ws/install/gazebo_ros/lib/gazebo_ros//gazebo_ros_paths.py
[0.664s] -- Up-to-date symlink: /home/fourdds/ws/install/gazebo_ros/lib/libgazebo_ros_factory.so
[0.664s] -- Up-to-date symlink: /home/fourdds/ws/install/gazebo_ros/lib/libgazebo_ros_force_system.so
[0.664s] -- Up-to-date symlink: /home/fourdds/ws/install/gazebo_ros/lib/libgazebo_ros_init.so
[0.664s] -- Up-to-date symlink: /home/fourdds/ws/install/gazebo_ros/lib/libgazebo_ros_node.so
[0.664s] -- Up-to-date symlink: /home/fourdds/ws/install/gazebo_ros/lib/libgazebo_ros_properties.so
[0.664s] -- Up-to-date symlink: /home/fourdds/ws/install/gazebo_ros/lib/libgazebo_ros_state.so
[0.664s] -- Up-to-date symlink: /home/fourdds/ws/install/gazebo_ros/lib/libgazebo_ros_utils.so
[0.664s] -- Up-to-date symlink: /home/fourdds/ws/install/gazebo_ros/lib/gazebo_ros//spawn_entity.py
[0.664s] -- Up-to-date symlink: /home/fourdds/ws/install/gazebo_ros/share/gazebo_ros//launch/gazebo.launch.py
[0.664s] -- Up-to-date symlink: /home/fourdds/ws/install/gazebo_ros/share/gazebo_ros//launch/gzclient.launch.py
[0.664s] -- Up-to-date symlink: /home/fourdds/ws/install/gazebo_ros/share/gazebo_ros//launch/gzserver.launch.py
[0.664s] -- Up-to-date symlink: /home/fourdds/ws/install/gazebo_ros/share/gazebo_ros//launch/spawn_entity_demo.launch.py
[0.664s] -- Up-to-date symlink: /home/fourdds/ws/install/gazebo_ros/share/gazebo_ros//worlds/empty.world
[0.665s] -- Up-to-date symlink: /home/fourdds/ws/install/gazebo_ros/share/gazebo_ros//worlds/gazebo_ros_force_system_demo.world
[0.665s] -- Up-to-date symlink: /home/fourdds/ws/install/gazebo_ros/share/gazebo_ros//worlds/gazebo_ros_properties_demo.world
[0.665s] -- Up-to-date symlink: /home/fourdds/ws/install/gazebo_ros/share/gazebo_ros//worlds/gazebo_ros_state_demo.world
[0.707s] Listing '/home/fourdds/ws/install/gazebo_ros/local/lib/python3.10/dist-packages/scripts'...
[0.720s] Invoked command in '/home/fourdds/ws/build/gazebo_ros' returned '0': AMENT_PREFIX_PATH=/home/fourdds/ws/install/gazebo_msgs:/home/fourdds/ws/install/gazebo_dev:${AMENT_PREFIX_PATH} CMAKE_PREFIX_PATH=/home/fourdds/ws/install/gazebo_msgs:/home/fourdds/ws/install/gazebo_dev:/opt/ros/humble LD_LIBRARY_PATH=/home/fourdds/ws/install/gazebo_msgs/lib:${LD_LIBRARY_PATH} PYTHONPATH=/home/fourdds/ws/install/gazebo_msgs/local/lib/python3.10/dist-packages:${PYTHONPATH} /usr/bin/cmake --install /home/fourdds/ws/build/gazebo_ros
