[0.215s] Invoking command in '/home/fourdds/ros2_ws/build/base_station': CMAKE_PREFIX_PATH=/opt/ros/humble /usr/bin/cmake --build /home/fourdds/ros2_ws/build/base_station -- -j16 -l16
[0.253s] [35m[1mConsolidate compiler generated dependencies of target BaseStation[0m
[0.279s] [100%] Built target BaseStation
[0.305s] Invoked command in '/home/fourdds/ros2_ws/build/base_station' returned '0': CMAKE_PREFIX_PATH=/opt/ros/humble /usr/bin/cmake --build /home/fourdds/ros2_ws/build/base_station -- -j16 -l16
[0.354s] Invoking command in '/home/fourdds/ros2_ws/build/base_station': CMAKE_PREFIX_PATH=/opt/ros/humble /usr/bin/cmake --install /home/fourdds/ros2_ws/build/base_station
[0.373s] -- Install configuration: ""
[0.373s] -- Execute custom install script
[0.373s] -- Up-to-date symlink: /home/fourdds/ros2_ws/install/base_station/lib/base_station/BaseStation
[0.374s] -- Up-to-date symlink: /home/fourdds/ros2_ws/install/base_station/share/ament_index/resource_index/package_run_dependencies/base_station
[0.375s] -- Up-to-date symlink: /home/fourdds/ros2_ws/install/base_station/share/ament_index/resource_index/parent_prefix_path/base_station
[0.376s] -- Up-to-date symlink: /home/fourdds/ros2_ws/install/base_station/share/base_station/environment/ament_prefix_path.sh
[0.377s] -- Up-to-date symlink: /home/fourdds/ros2_ws/install/base_station/share/base_station/environment/ament_prefix_path.dsv
[0.379s] -- Up-to-date symlink: /home/fourdds/ros2_ws/install/base_station/share/base_station/environment/path.sh
[0.385s] -- Up-to-date symlink: /home/fourdds/ros2_ws/install/base_station/share/base_station/environment/path.dsv
[0.386s] -- Up-to-date symlink: /home/fourdds/ros2_ws/install/base_station/share/base_station/local_setup.bash
[0.386s] -- Up-to-date symlink: /home/fourdds/ros2_ws/install/base_station/share/base_station/local_setup.sh
[0.386s] -- Up-to-date symlink: /home/fourdds/ros2_ws/install/base_station/share/base_station/local_setup.zsh
[0.386s] -- Up-to-date symlink: /home/fourdds/ros2_ws/install/base_station/share/base_station/local_setup.dsv
[0.387s] -- Symlinking: /home/fourdds/ros2_ws/install/base_station/share/base_station/package.dsv
[0.394s] -- Up-to-date symlink: /home/fourdds/ros2_ws/install/base_station/share/ament_index/resource_index/packages/base_station
[0.394s] -- Up-to-date symlink: /home/fourdds/ros2_ws/install/base_station/share/base_station/cmake/base_stationConfig.cmake
[0.394s] -- Up-to-date symlink: /home/fourdds/ros2_ws/install/base_station/share/base_station/cmake/base_stationConfig-version.cmake
[0.395s] -- Up-to-date symlink: /home/fourdds/ros2_ws/install/base_station/share/base_station/package.xml
[0.420s] Invoked command in '/home/fourdds/ros2_ws/build/base_station' returned '0': CMAKE_PREFIX_PATH=/opt/ros/humble /usr/bin/cmake --install /home/fourdds/ros2_ws/build/base_station
