[0.015s] Invoking command in '/home/fourdds/ros2_ws/build/drone': CMAKE_PREFIX_PATH=/opt/ros/humble /usr/bin/cmake /home/fourdds/ros2_ws/src/drone -DCMAKE_INSTALL_PREFIX=/home/fourdds/ros2_ws/install/drone
[0.024s] -- Found ament_cmake: 1.3.10 (/opt/ros/humble/share/ament_cmake/cmake)
[0.125s] -- Override CMake install command with custom implementation using symlinks instead of copying resources
[0.131s] -- Found builtin_interfaces: 1.2.1 (/opt/ros/humble/share/builtin_interfaces/cmake)
[0.156s] -- Found rosidl_generator_c: 3.1.5 (/opt/ros/humble/share/rosidl_generator_c/cmake)
[0.157s] -- Found rosidl_adapter: 3.1.5 (/opt/ros/humble/share/rosidl_adapter/cmake)
[0.163s] -- Found rosidl_generator_cpp: 3.1.5 (/opt/ros/humble/share/rosidl_generator_cpp/cmake)
[0.171s] -- Using all available rosidl_typesupport_c: rosidl_typesupport_fastrtps_c;rosidl_typesupport_introspection_c
[0.181s] -- Using all available rosidl_typesupport_cpp: rosidl_typesupport_fastrtps_cpp;rosidl_typesupport_introspection_cpp
[0.191s] -- Found eigen3_cmake_module: 0.1.1 (/opt/ros/humble/share/eigen3_cmake_module/cmake)
[0.192s] -- Found px4_msgs: 2.0.1 (/home/fourdds/ros2_ws/install/px4_msgs/share/px4_msgs/cmake)
[0.202s] -- Found rclcpp: 16.0.10 (/opt/ros/humble/share/rclcpp/cmake)
[0.223s] -- Found rmw_implementation_cmake: 6.1.2 (/opt/ros/humble/share/rmw_implementation_cmake/cmake)
[0.224s] -- Found rmw_fastrtps_cpp: 6.2.7 (/opt/ros/humble/share/rmw_fastrtps_cpp/cmake)
[0.387s] -- Using RMW implementation 'rmw_fastrtps_cpp' as default
[0.428s] -- Found sensor_msgs: 4.2.4 (/opt/ros/humble/share/sensor_msgs/cmake)
[0.457s] -- Found obstacle_avoidance: 0.0.0 (/home/fourdds/ros2_ws/install/obstacle_avoidance/share/obstacle_avoidance/cmake)
[0.458s] -- Found target_detection: 0.0.0 (/home/fourdds/ros2_ws/install/target_detection/share/target_detection/cmake)
[0.459s] -- Found parameters: 0.0.0 (/home/fourdds/ros2_ws/install/parameters/share/parameters/cmake)
[0.461s] -- Found fdds_messages: 0.0.0 (/home/fourdds/ros2_ws/install/fdds_messages/share/fdds_messages/cmake)
[0.471s] -- Found ament_lint_auto: 0.12.11 (/opt/ros/humble/share/ament_lint_auto/cmake)
[0.530s] -- Added test 'cppcheck' to perform static code analysis on C / C++ code
[0.530s] -- Configured cppcheck include dirs: $<BUILD_INTERFACE:/home/fourdds/ros2_ws/src/drone/include>
[0.531s] -- Configured cppcheck exclude dirs and/or files: 
[0.531s] -- Added test 'lint_cmake' to check CMake code style
[0.532s] -- Added test 'uncrustify' to check C / C++ code style
[0.532s] -- Configured uncrustify additional arguments: 
[0.532s] -- Added test 'xmllint' to check XML markup files
[0.533s] -- Configuring done
[0.550s] -- Generating done
[0.552s] -- Build files have been written to: /home/fourdds/ros2_ws/build/drone
[0.563s] Invoked command in '/home/fourdds/ros2_ws/build/drone' returned '0': CMAKE_PREFIX_PATH=/opt/ros/humble /usr/bin/cmake /home/fourdds/ros2_ws/src/drone -DCMAKE_INSTALL_PREFIX=/home/fourdds/ros2_ws/install/drone
[0.564s] Invoking command in '/home/fourdds/ros2_ws/build/drone': CMAKE_PREFIX_PATH=/opt/ros/humble /usr/bin/cmake --build /home/fourdds/ros2_ws/build/drone -- -j16 -l16
[0.602s] [35m[1mConsolidate compiler generated dependencies of target Drone[0m
[0.631s] [100%] Built target Drone
[0.643s] Invoked command in '/home/fourdds/ros2_ws/build/drone' returned '0': CMAKE_PREFIX_PATH=/opt/ros/humble /usr/bin/cmake --build /home/fourdds/ros2_ws/build/drone -- -j16 -l16
[0.688s] Invoking command in '/home/fourdds/ros2_ws/build/drone': CMAKE_PREFIX_PATH=/opt/ros/humble /usr/bin/cmake --install /home/fourdds/ros2_ws/build/drone
[0.693s] -- Install configuration: ""
[0.693s] -- Execute custom install script
[0.694s] -- Up-to-date symlink: /home/fourdds/ros2_ws/install/drone/lib/drone/Drone
[0.694s] -- Up-to-date symlink: /home/fourdds/ros2_ws/install/drone/share/ament_index/resource_index/package_run_dependencies/drone
[0.695s] -- Up-to-date symlink: /home/fourdds/ros2_ws/install/drone/share/ament_index/resource_index/parent_prefix_path/drone
[0.695s] -- Up-to-date symlink: /home/fourdds/ros2_ws/install/drone/share/drone/environment/ament_prefix_path.sh
[0.695s] -- Up-to-date symlink: /home/fourdds/ros2_ws/install/drone/share/drone/environment/ament_prefix_path.dsv
[0.695s] -- Up-to-date symlink: /home/fourdds/ros2_ws/install/drone/share/drone/environment/path.sh
[0.695s] -- Up-to-date symlink: /home/fourdds/ros2_ws/install/drone/share/drone/environment/path.dsv
[0.695s] -- Up-to-date symlink: /home/fourdds/ros2_ws/install/drone/share/drone/local_setup.bash
[0.695s] -- Up-to-date symlink: /home/fourdds/ros2_ws/install/drone/share/drone/local_setup.sh
[0.695s] -- Up-to-date symlink: /home/fourdds/ros2_ws/install/drone/share/drone/local_setup.zsh
[0.695s] -- Up-to-date symlink: /home/fourdds/ros2_ws/install/drone/share/drone/local_setup.dsv
[0.696s] -- Symlinking: /home/fourdds/ros2_ws/install/drone/share/drone/package.dsv
[0.704s] -- Up-to-date symlink: /home/fourdds/ros2_ws/install/drone/share/ament_index/resource_index/packages/drone
[0.705s] -- Up-to-date symlink: /home/fourdds/ros2_ws/install/drone/share/drone/cmake/droneConfig.cmake
[0.705s] -- Up-to-date symlink: /home/fourdds/ros2_ws/install/drone/share/drone/cmake/droneConfig-version.cmake
[0.705s] -- Up-to-date symlink: /home/fourdds/ros2_ws/install/drone/share/drone/package.xml
[0.707s] Invoked command in '/home/fourdds/ros2_ws/build/drone' returned '0': CMAKE_PREFIX_PATH=/opt/ros/humble /usr/bin/cmake --install /home/fourdds/ros2_ws/build/drone
