[0.007s] Invoking command in '/home/fourdds/ros2_ws/build/stigmergy': CMAKE_PREFIX_PATH=${CMAKE_PREFIX_PATH}:/opt/ros/humble /usr/bin/cmake --build /home/fourdds/ros2_ws/build/stigmergy -- -j24 -l24
[0.018s] -- Found ament_cmake: 1.3.8 (/opt/ros/humble/share/ament_cmake/cmake)
[0.084s] -- Found rclcpp: 16.0.8 (/opt/ros/humble/share/rclcpp/cmake)
[0.098s] -- Found rosidl_generator_c: 3.1.5 (/opt/ros/humble/share/rosidl_generator_c/cmake)
[0.099s] -- Found rosidl_adapter: 3.1.5 (/opt/ros/humble/share/rosidl_adapter/cmake)
[0.104s] -- Found rosidl_generator_cpp: 3.1.5 (/opt/ros/humble/share/rosidl_generator_cpp/cmake)
[0.110s] -- Using all available rosidl_typesupport_c: rosidl_typesupport_fastrtps_c;rosidl_typesupport_introspection_c
[0.117s] -- Using all available rosidl_typesupport_cpp: rosidl_typesupport_fastrtps_cpp;rosidl_typesupport_introspection_cpp
[0.146s] -- Found rmw_implementation_cmake: 6.1.1 (/opt/ros/humble/share/rmw_implementation_cmake/cmake)
[0.147s] -- Found rmw_fastrtps_cpp: 6.2.6 (/opt/ros/humble/share/rmw_fastrtps_cpp/cmake)
[0.202s] -- Using RMW implementation 'rmw_fastrtps_cpp' as default
[0.284s] -- Found eigen3_cmake_module: 0.1.1 (/opt/ros/humble/share/eigen3_cmake_module/cmake)
[0.284s] -- Found rosidl_default_generators: 1.2.0 (/opt/ros/humble/share/rosidl_default_generators/cmake)
[0.413s] -- Found ament_cmake_ros: 0.10.0 (/opt/ros/humble/share/ament_cmake_ros/cmake)
[0.572s] -- Using all available rosidl_typesupport_c: rosidl_typesupport_fastrtps_c;rosidl_typesupport_introspection_c
[0.634s] -- Using all available rosidl_typesupport_cpp: rosidl_typesupport_fastrtps_cpp;rosidl_typesupport_introspection_cpp
[0.645s] -- Found python_cmake_module: 0.10.0 (/opt/ros/humble/share/python_cmake_module/cmake)
[0.657s] -- Using PYTHON_EXECUTABLE: /usr/bin/python3
[0.657s] -- Using PYTHON_INCLUDE_DIRS: /usr/include/python3.10
[0.657s] -- Using PYTHON_LIBRARIES: /usr/lib/x86_64-linux-gnu/libpython3.10.so
[0.663s] [31mCMake Error at /opt/ros/humble/share/ament_cmake_target_dependencies/cmake/ament_target_dependencies.cmake:77 (message):
[0.663s]   ament_target_dependencies() the passed package name 'stigmergy' was not
[0.663s]   found before
[0.663s] Call Stack (most recent call first):
[0.663s]   CMakeLists.txt:24 (ament_target_dependencies)
[0.663s] 
[0.663s] [0m
[0.665s] -- Configuring incomplete, errors occurred!
[0.665s] See also "/home/fourdds/ros2_ws/build/stigmergy/CMakeFiles/CMakeOutput.log".
[0.667s] gmake: *** [Makefile:788: cmake_check_build_system] Error 1
[0.668s] Invoked command in '/home/fourdds/ros2_ws/build/stigmergy' returned '2': CMAKE_PREFIX_PATH=${CMAKE_PREFIX_PATH}:/opt/ros/humble /usr/bin/cmake --build /home/fourdds/ros2_ws/build/stigmergy -- -j24 -l24
