[0.023s] Invoking command in '/home/fourdds/ws/build/gazebo_ros': AMENT_PREFIX_PATH=/home/fourdds/ws/install/gazebo_msgs:/home/fourdds/ws/install/gazebo_dev:${AMENT_PREFIX_PATH} CMAKE_PREFIX_PATH=/home/fourdds/ws/install/gazebo_msgs:/home/fourdds/ws/install/gazebo_dev:/opt/ros/humble LD_LIBRARY_PATH=/home/fourdds/ws/install/gazebo_msgs/lib:${LD_LIBRARY_PATH} PYTHONPATH=/home/fourdds/ws/install/gazebo_msgs/local/lib/python3.10/dist-packages:${PYTHONPATH} /usr/bin/cmake --build /home/fourdds/ws/build/gazebo_ros -- -j16 -l16
[0.151s] [  3%] Built target gtest_main
[0.153s] [  6%] Built target gtest
[0.156s] [  6%] Built target ament_cmake_python_symlink_scripts
[0.188s] [ 13%] Built target mock_robot_state_publisher
[0.188s] [ 13%] Built target mock_gazebo_ros_factory
[0.214s] [ 20%] Built target gazebo_ros_utils
[0.214s] [ 23%] Built target gazebo_ros_node
[0.325s] [ 26%] Built target test_conversions
[0.329s] [ 30%] Built target ros_world_plugin
[0.341s] [ 33%] Built target create_node_without_init
[0.342s] [ 36%] Built target args_init
[0.346s] [ 40%] Built target gazebo_ros_state
[0.346s] [ 43%] Built target sdf_node
[0.350s] [ 46%] Built target gazebo_ros_force_system
[0.355s] [ 50%] Built target multiple_nodes
[0.396s] [ 53%] Built target gazebo_ros_properties
[0.397s] [ 56%] Built target gazebo_ros_factory
[0.408s] [ 60%] Built target gazebo_ros_init
[0.411s] [ 63%] Built target test_qos
[0.413s] [ 66%] Built target test_gazebo_ros_init
[0.416s] [ 73%] Built target test_sim_time
[0.417s] [ 73%] Built target test_reject_duplicate_nodes
[0.417s] [ 76%] Built target test_gazebo_ros_factory
[0.418s] [ 80%] Built target test_plugins
[0.418s] [ 83%] Built target test_gazebo_ros_link_wrench
[0.420s] [ 86%] Built target test_gazebo_ros_joint_effort
[0.424s] [ 90%] Built target test_node
[0.428s] [ 93%] Built target test_gazebo_ros_properties
[0.434s] [ 96%] Built target test_gazebo_ros_state
[0.441s] [100%] Built target test_utils
[0.547s] running egg_info
[0.563s] writing scripts.egg-info/PKG-INFO
[0.563s] writing dependency_links to scripts.egg-info/dependency_links.txt
[0.564s] writing top-level names to scripts.egg-info/top_level.txt
[0.618s] reading manifest file 'scripts.egg-info/SOURCES.txt'
[0.620s] writing manifest file 'scripts.egg-info/SOURCES.txt'
[0.665s] [100%] Built target ament_cmake_python_build_scripts_egg
[0.682s] Invoked command in '/home/fourdds/ws/build/gazebo_ros' returned '0': AMENT_PREFIX_PATH=/home/fourdds/ws/install/gazebo_msgs:/home/fourdds/ws/install/gazebo_dev:${AMENT_PREFIX_PATH} CMAKE_PREFIX_PATH=/home/fourdds/ws/install/gazebo_msgs:/home/fourdds/ws/install/gazebo_dev:/opt/ros/humble LD_LIBRARY_PATH=/home/fourdds/ws/install/gazebo_msgs/lib:${LD_LIBRARY_PATH} PYTHONPATH=/home/fourdds/ws/install/gazebo_msgs/local/lib/python3.10/dist-packages:${PYTHONPATH} /usr/bin/cmake --build /home/fourdds/ws/build/gazebo_ros -- -j16 -l16
[0.794s] Invoking command in '/home/fourdds/ws/build/gazebo_ros': AMENT_PREFIX_PATH=/home/fourdds/ws/install/gazebo_msgs:/home/fourdds/ws/install/gazebo_dev:${AMENT_PREFIX_PATH} CMAKE_PREFIX_PATH=/home/fourdds/ws/install/gazebo_msgs:/home/fourdds/ws/install/gazebo_dev:/opt/ros/humble LD_LIBRARY_PATH=/home/fourdds/ws/install/gazebo_msgs/lib:${LD_LIBRARY_PATH} PYTHONPATH=/home/fourdds/ws/install/gazebo_msgs/local/lib/python3.10/dist-packages:${PYTHONPATH} /usr/bin/cmake --install /home/fourdds/ws/build/gazebo_ros
[0.810s] -- Install configuration: ""
[0.812s] -- Execute custom install script
[0.814s] -- Up-to-date symlink: /home/fourdds/ws/install/gazebo_ros/share/gazebo_ros/environment/pythonpath.sh
[0.814s] -- Up-to-date symlink: /home/fourdds/ws/install/gazebo_ros/share/gazebo_ros/environment/pythonpath.dsv
[0.817s] -- Up-to-date symlink: /home/fourdds/ws/install/gazebo_ros/local/lib/python3.10/dist-packages/scripts-3.7.0-py3.10.egg-info/PKG-INFO
[0.818s] -- Up-to-date symlink: /home/fourdds/ws/install/gazebo_ros/local/lib/python3.10/dist-packages/scripts-3.7.0-py3.10.egg-info/SOURCES.txt
[0.819s] -- Up-to-date symlink: /home/fourdds/ws/install/gazebo_ros/local/lib/python3.10/dist-packages/scripts-3.7.0-py3.10.egg-info/dependency_links.txt
[0.819s] -- Up-to-date symlink: /home/fourdds/ws/install/gazebo_ros/local/lib/python3.10/dist-packages/scripts-3.7.0-py3.10.egg-info/top_level.txt
[0.821s] -- Up-to-date symlink: /home/fourdds/ws/install/gazebo_ros/local/lib/python3.10/dist-packages/scripts/__init__.py
[0.822s] -- Up-to-date symlink: /home/fourdds/ws/install/gazebo_ros/local/lib/python3.10/dist-packages/scripts/gazebo_ros_paths.py
[0.822s] -- Up-to-date symlink: /home/fourdds/ws/install/gazebo_ros/local/lib/python3.10/dist-packages/scripts/spawn_entity.py
[0.823s] -- Up-to-date symlink: /home/fourdds/ws/install/gazebo_ros/share/gazebo_ros/environment/library_path.sh
[0.824s] -- Up-to-date symlink: /home/fourdds/ws/install/gazebo_ros/share/gazebo_ros/environment/library_path.dsv
[0.826s] -- Up-to-date symlink: /home/fourdds/ws/install/gazebo_ros/share/ament_index/resource_index/package_run_dependencies/gazebo_ros
[0.827s] -- Up-to-date symlink: /home/fourdds/ws/install/gazebo_ros/share/ament_index/resource_index/parent_prefix_path/gazebo_ros
[0.828s] -- Up-to-date symlink: /home/fourdds/ws/install/gazebo_ros/share/gazebo_ros/environment/ament_prefix_path.sh
[0.829s] -- Up-to-date symlink: /home/fourdds/ws/install/gazebo_ros/share/gazebo_ros/environment/ament_prefix_path.dsv
[0.830s] -- Up-to-date symlink: /home/fourdds/ws/install/gazebo_ros/share/gazebo_ros/environment/path.sh
[0.830s] -- Up-to-date symlink: /home/fourdds/ws/install/gazebo_ros/share/gazebo_ros/environment/path.dsv
[0.831s] -- Up-to-date symlink: /home/fourdds/ws/install/gazebo_ros/share/gazebo_ros/local_setup.bash
[0.832s] -- Up-to-date symlink: /home/fourdds/ws/install/gazebo_ros/share/gazebo_ros/local_setup.sh
[0.833s] -- Up-to-date symlink: /home/fourdds/ws/install/gazebo_ros/share/gazebo_ros/local_setup.zsh
[0.834s] -- Up-to-date symlink: /home/fourdds/ws/install/gazebo_ros/share/gazebo_ros/local_setup.dsv
[0.835s] -- Symlinking: /home/fourdds/ws/install/gazebo_ros/share/gazebo_ros/package.dsv
[0.847s] -- Up-to-date symlink: /home/fourdds/ws/install/gazebo_ros/share/ament_index/resource_index/packages/gazebo_ros
[0.848s] -- Up-to-date symlink: /home/fourdds/ws/install/gazebo_ros/share/gazebo_ros/cmake/ament_cmake_export_libraries-extras.cmake
[0.849s] -- Up-to-date symlink: /home/fourdds/ws/install/gazebo_ros/share/gazebo_ros/cmake/ament_cmake_export_include_directories-extras.cmake
[0.850s] -- Up-to-date symlink: /home/fourdds/ws/install/gazebo_ros/share/gazebo_ros/cmake/ament_cmake_export_dependencies-extras.cmake
[0.851s] -- Up-to-date symlink: /home/fourdds/ws/install/gazebo_ros/share/gazebo_ros/cmake/gazebo_rosConfig.cmake
[0.852s] -- Up-to-date symlink: /home/fourdds/ws/install/gazebo_ros/share/gazebo_ros/cmake/gazebo_rosConfig-version.cmake
[0.852s] -- Up-to-date symlink: /home/fourdds/ws/install/gazebo_ros/share/gazebo_ros/package.xml
[0.855s] -- Up-to-date symlink: /home/fourdds/ws/install/gazebo_ros/include/gazebo_ros/conversions/builtin_interfaces.hpp
[0.855s] -- Up-to-date symlink: /home/fourdds/ws/install/gazebo_ros/include/gazebo_ros/conversions/gazebo_msgs.hpp
[0.856s] -- Up-to-date symlink: /home/fourdds/ws/install/gazebo_ros/include/gazebo_ros/conversions/generic.hpp
[0.857s] -- Up-to-date symlink: /home/fourdds/ws/install/gazebo_ros/include/gazebo_ros/conversions/geometry_msgs.hpp
[0.858s] -- Up-to-date symlink: /home/fourdds/ws/install/gazebo_ros/include/gazebo_ros/conversions/sensor_msgs.hpp
[0.859s] -- Up-to-date symlink: /home/fourdds/ws/install/gazebo_ros/include/gazebo_ros/executor.hpp
[0.859s] -- Up-to-date symlink: /home/fourdds/ws/install/gazebo_ros/include/gazebo_ros/gazebo_ros_factory.hpp
[0.860s] -- Up-to-date symlink: /home/fourdds/ws/install/gazebo_ros/include/gazebo_ros/gazebo_ros_force_system.hpp
[0.861s] -- Up-to-date symlink: /home/fourdds/ws/install/gazebo_ros/include/gazebo_ros/gazebo_ros_init.hpp
[0.862s] -- Up-to-date symlink: /home/fourdds/ws/install/gazebo_ros/include/gazebo_ros/gazebo_ros_properties.hpp
[0.862s] -- Up-to-date symlink: /home/fourdds/ws/install/gazebo_ros/include/gazebo_ros/gazebo_ros_state.hpp
[0.863s] -- Up-to-date symlink: /home/fourdds/ws/install/gazebo_ros/include/gazebo_ros/node.hpp
[0.864s] -- Up-to-date symlink: /home/fourdds/ws/install/gazebo_ros/include/gazebo_ros/node_visibility_control.h
[0.865s] -- Up-to-date symlink: /home/fourdds/ws/install/gazebo_ros/include/gazebo_ros/qos.hpp
[0.866s] -- Up-to-date symlink: /home/fourdds/ws/install/gazebo_ros/include/gazebo_ros/testing_utils.hpp
[0.866s] -- Up-to-date symlink: /home/fourdds/ws/install/gazebo_ros/include/gazebo_ros/utils.hpp
[0.867s] -- Up-to-date symlink: /home/fourdds/ws/install/gazebo_ros/include/gazebo_ros/utils_visibility_control.h
[0.868s] -- Up-to-date symlink: /home/fourdds/ws/install/gazebo_ros/lib/gazebo_ros//gazebo_ros_paths.py
[0.869s] -- Up-to-date symlink: /home/fourdds/ws/install/gazebo_ros/lib/libgazebo_ros_factory.so
[0.870s] -- Up-to-date symlink: /home/fourdds/ws/install/gazebo_ros/lib/libgazebo_ros_force_system.so
[0.870s] -- Up-to-date symlink: /home/fourdds/ws/install/gazebo_ros/lib/libgazebo_ros_init.so
[0.871s] -- Up-to-date symlink: /home/fourdds/ws/install/gazebo_ros/lib/libgazebo_ros_node.so
[0.871s] -- Up-to-date symlink: /home/fourdds/ws/install/gazebo_ros/lib/libgazebo_ros_properties.so
[0.871s] -- Up-to-date symlink: /home/fourdds/ws/install/gazebo_ros/lib/libgazebo_ros_state.so
[0.872s] -- Up-to-date symlink: /home/fourdds/ws/install/gazebo_ros/lib/libgazebo_ros_utils.so
[0.873s] -- Up-to-date symlink: /home/fourdds/ws/install/gazebo_ros/lib/gazebo_ros//spawn_entity.py
[0.875s] -- Up-to-date symlink: /home/fourdds/ws/install/gazebo_ros/share/gazebo_ros//launch/gazebo.launch.py
[0.875s] -- Up-to-date symlink: /home/fourdds/ws/install/gazebo_ros/share/gazebo_ros//launch/gzclient.launch.py
[0.876s] -- Up-to-date symlink: /home/fourdds/ws/install/gazebo_ros/share/gazebo_ros//launch/gzserver.launch.py
[0.877s] -- Up-to-date symlink: /home/fourdds/ws/install/gazebo_ros/share/gazebo_ros//launch/spawn_entity_demo.launch.py
[0.879s] -- Up-to-date symlink: /home/fourdds/ws/install/gazebo_ros/share/gazebo_ros//worlds/empty.world
[0.880s] -- Up-to-date symlink: /home/fourdds/ws/install/gazebo_ros/share/gazebo_ros//worlds/gazebo_ros_force_system_demo.world
[0.880s] -- Up-to-date symlink: /home/fourdds/ws/install/gazebo_ros/share/gazebo_ros//worlds/gazebo_ros_properties_demo.world
[0.881s] -- Up-to-date symlink: /home/fourdds/ws/install/gazebo_ros/share/gazebo_ros//worlds/gazebo_ros_state_demo.world
[0.920s] Listing '/home/fourdds/ws/install/gazebo_ros/local/lib/python3.10/dist-packages/scripts'...
[0.932s] Invoked command in '/home/fourdds/ws/build/gazebo_ros' returned '0': AMENT_PREFIX_PATH=/home/fourdds/ws/install/gazebo_msgs:/home/fourdds/ws/install/gazebo_dev:${AMENT_PREFIX_PATH} CMAKE_PREFIX_PATH=/home/fourdds/ws/install/gazebo_msgs:/home/fourdds/ws/install/gazebo_dev:/opt/ros/humble LD_LIBRARY_PATH=/home/fourdds/ws/install/gazebo_msgs/lib:${LD_LIBRARY_PATH} PYTHONPATH=/home/fourdds/ws/install/gazebo_msgs/local/lib/python3.10/dist-packages:${PYTHONPATH} /usr/bin/cmake --install /home/fourdds/ws/build/gazebo_ros
