-- Found ament_cmake: 1.3.10 (/opt/ros/humble/share/ament_cmake/cmake)
-- Override CMake install command with custom implementation using symlinks instead of copying resources
-- Found camera_info_manager: 3.1.9 (/opt/ros/humble/share/camera_info_manager/cmake)
-- Found rosidl_generator_c: 3.1.5 (/opt/ros/humble/share/rosidl_generator_c/cmake)
-- Found rosidl_adapter: 3.1.5 (/opt/ros/humble/share/rosidl_adapter/cmake)
-- Found rosidl_generator_cpp: 3.1.5 (/opt/ros/humble/share/rosidl_generator_cpp/cmake)
-- Using all available rosidl_typesupport_c: rosidl_typesupport_fastrtps_c;rosidl_typesupport_introspection_c
-- Using all available rosidl_typesupport_cpp: rosidl_typesupport_fastrtps_cpp;rosidl_typesupport_introspection_cpp
-- Found rmw_implementation_cmake: 6.1.2 (/opt/ros/humble/share/rmw_implementation_cmake/cmake)
-- Found rmw_fastrtps_cpp: 6.2.7 (/opt/ros/humble/share/rmw_fastrtps_cpp/cmake)
-- Using RMW implementation 'rmw_fastrtps_cpp' as default
-- Found gazebo_dev: 3.7.0 (/home/fourdds/ws/install/gazebo_dev/share/gazebo_dev/cmake)
-- Found DART: /usr/include (Required is at least version "6.6") found components: dart 
-- Found Protobuf: /usr/lib/x86_64-linux-gnu/libprotobuf.so (found version "3.12.4") 
-- Looking for ignition-math6 -- found version 6.15.1
-- Searching for dependencies of ignition-math6
-- Looking for OGRE...
-- Found Ogre Ghadamon (1.9.0)
-- Found OGRE: optimized;/usr/lib/x86_64-linux-gnu/libOgreMain.so;debug;/usr/lib/x86_64-linux-gnu/libOgreMain.so
-- Looking for OGRE_Paging...
-- Found OGRE_Paging: optimized;/usr/lib/x86_64-linux-gnu/libOgrePaging.so;debug;/usr/lib/x86_64-linux-gnu/libOgrePaging.so
-- Looking for OGRE_Terrain...
-- Found OGRE_Terrain: optimized;/usr/lib/x86_64-linux-gnu/libOgreTerrain.so;debug;/usr/lib/x86_64-linux-gnu/libOgreTerrain.so
-- Looking for OGRE_Property...
-- Found OGRE_Property: optimized;/usr/lib/x86_64-linux-gnu/libOgreProperty.so;debug;/usr/lib/x86_64-linux-gnu/libOgreProperty.so
-- Looking for OGRE_RTShaderSystem...
-- Found OGRE_RTShaderSystem: optimized;/usr/lib/x86_64-linux-gnu/libOgreRTShaderSystem.so;debug;/usr/lib/x86_64-linux-gnu/libOgreRTShaderSystem.so
-- Looking for OGRE_Volume...
-- Found OGRE_Volume: optimized;/usr/lib/x86_64-linux-gnu/libOgreVolume.so;debug;/usr/lib/x86_64-linux-gnu/libOgreVolume.so
-- Looking for OGRE_Overlay...
-- Found OGRE_Overlay: optimized;/usr/lib/x86_64-linux-gnu/libOgreOverlay.so;debug;/usr/lib/x86_64-linux-gnu/libOgreOverlay.so
-- Looking for ignition-math6 -- found version 6.15.1
-- Looking for ignition-transport8 -- found version 8.2.1
-- Searching for dependencies of ignition-transport8
-- Found Protobuf: /usr/lib/x86_64-linux-gnu/libprotobuf.so (found suitable version "3.12.4", minimum required is "3") 
-- Config-file not installed for ZeroMQ -- checking for pkg-config
-- Checking for module 'libzmq >= 4'
--   Found libzmq , version 4.3.4
-- Checking for module 'uuid'
--   Found uuid, version 2.37.2
-- Looking for ignition-msgs5 -- found version 5.8.1
-- Searching for dependencies of ignition-msgs5
-- Looking for ignition-math6 -- found version 6.15.1
-- Checking for module 'tinyxml2'
--   Found tinyxml2, version 9.0.0
-- Looking for ignition-msgs5 -- found version 5.8.1
-- Looking for ignition-common3 -- found version 3.14.0
-- Searching for dependencies of ignition-common3
-- Looking for dlfcn.h - found
-- Looking for libdl - found
-- Searching for <ignition-common3> component [graphics]
-- Looking for ignition-common3-graphics -- found version 3.14.0
-- Searching for dependencies of ignition-common3-graphics
-- Looking for ignition-math6 -- found version 6.15.1
-- Looking for ignition-fuel_tools4 -- found version 4.4.0
-- Searching for dependencies of ignition-fuel_tools4
-- Checking for module 'jsoncpp'
--   Found jsoncpp, version 1.9.5
-- Checking for module 'libzip'
--   Found libzip, version 1.7.3
-- Looking for ignition-common3 -- found version 3.14.0
-- Looking for ignition-math6 -- found version 6.15.1
-- Looking for ignition-msgs5 -- found version 5.8.1
-- Gazebo version: 11.10
-- Found gazebo_msgs: 3.7.0 (/home/fourdds/ws/install/gazebo_msgs/share/gazebo_msgs/cmake)
-- Found gazebo_ros: 3.7.0 (/home/fourdds/ws/install/gazebo_ros/share/gazebo_ros/cmake)
-- Found image_transport: 3.1.9 (/opt/ros/humble/share/image_transport/cmake)
-- Found cv_bridge: 3.2.1 (/home/fourdds/ws/install/cv_bridge/share/cv_bridge/cmake)
-- Found nav_msgs: 4.2.4 (/opt/ros/humble/share/nav_msgs/cmake)
-- Found std_srvs: 4.2.4 (/opt/ros/humble/share/std_srvs/cmake)
-- Found tf2: 0.25.8 (/opt/ros/humble/share/tf2/cmake)
-- Found tf2_geometry_msgs: 0.25.8 (/opt/ros/humble/share/tf2_geometry_msgs/cmake)
-- Found eigen3_cmake_module: 0.1.1 (/opt/ros/humble/share/eigen3_cmake_module/cmake)
-- Ensuring Eigen3 include directory is part of orocos-kdl CMake target
-- Found ament_cmake_gtest: 1.3.10 (/opt/ros/humble/share/ament_cmake_gtest/cmake)
-- Found gtest sources under '/opt/ros/humble/src/gtest_vendor': C++ tests using 'Google Test' will be built
-- Found ament_lint_auto: 0.12.11 (/opt/ros/humble/share/ament_lint_auto/cmake)
-- Added test 'copyright' to check source files copyright and LICENSE
-- Added test 'cppcheck' to perform static code analysis on C / C++ code
-- Configured cppcheck include dirs: /home/fourdds/ws/src/gazebo_ros_pkgs/gazebo_plugins/include
-- Configured cppcheck exclude dirs and/or files: 
-- Added test 'flake8' to check Python code syntax and style conventions
-- Added test 'lint_cmake' to check CMake code style
-- Added test 'pep257' to check Python code against some of the docstring style conventions in PEP 257
-- Added test 'uncrustify' to check C / C++ code style
-- Configured uncrustify additional arguments: 
-- Added test 'xmllint' to check XML markup files
-- Configuring done
-- Generating done
-- Build files have been written to: /home/fourdds/ws/build/gazebo_plugins
[35m[1mConsolidate compiler generated dependencies of target gazebo_ros_ray_sensor[0m
[35m[1mConsolidate compiler generated dependencies of target gazebo_ros_joint_state_publisher[0m
[35m[1mConsolidate compiler generated dependencies of target gazebo_ros_diff_drive[0m
[35m[1mConsolidate compiler generated dependencies of target gazebo_ros_force[0m
[35m[1mConsolidate compiler generated dependencies of target multi_camera_plugin[0m
[35m[1mConsolidate compiler generated dependencies of target gazebo_ros_imu_sensor[0m
[35m[1mConsolidate compiler generated dependencies of target gazebo_ros_gps_sensor[0m
[35m[1mConsolidate compiler generated dependencies of target gazebo_ros_p3d[0m
[35m[1mConsolidate compiler generated dependencies of target gazebo_ros_template[0m
[35m[1mConsolidate compiler generated dependencies of target gazebo_ros_ft_sensor[0m
[35m[1mConsolidate compiler generated dependencies of target gazebo_ros_bumper[0m
[35m[1mConsolidate compiler generated dependencies of target gazebo_ros_harness[0m
[35m[1mConsolidate compiler generated dependencies of target gazebo_ros_hand_of_god[0m
[35m[1mConsolidate compiler generated dependencies of target gazebo_ros_ackermann_drive[0m
[35m[1mConsolidate compiler generated dependencies of target gazebo_ros_tricycle_drive[0m
[35m[1mConsolidate compiler generated dependencies of target gazebo_ros_video[0m
[  2%] Built target gazebo_ros_ft_sensor
[  6%] Built target gazebo_ros_ackermann_drive
[  6%] Built target gazebo_ros_diff_drive
[  9%] Built target multi_camera_plugin
[ 13%] Built target gazebo_ros_template
[ 13%] Built target gazebo_ros_harness
[ 16%] Built target gazebo_ros_imu_sensor
[35m[1mConsolidate compiler generated dependencies of target gazebo_ros_elevator[0m
[ 20%] Built target gazebo_ros_gps_sensor
[ 20%] Built target gazebo_ros_force
[ 23%] Built target gazebo_ros_tricycle_drive
[ 25%] Built target gazebo_ros_joint_state_publisher
[ 31%] Built target gazebo_ros_bumper
[ 31%] Built target gazebo_ros_ray_sensor
[35m[1mConsolidate compiler generated dependencies of target gtest_main[0m
[35m[1mConsolidate compiler generated dependencies of target gazebo_ros_vacuum_gripper[0m
[35m[1mConsolidate compiler generated dependencies of target gazebo_ros_joint_pose_trajectory[0m
[ 32%] Built target gazebo_ros_hand_of_god
[35m[1mConsolidate compiler generated dependencies of target gazebo_ros_projector[0m
[35m[1mConsolidate compiler generated dependencies of target gazebo_ros_planar_move[0m
[35m[1mConsolidate compiler generated dependencies of target gazebo_ros_wheel_slip[0m
[35m[1mConsolidate compiler generated dependencies of target gazebo_ros_camera[0m
[35m[1mConsolidate compiler generated dependencies of target gtest[0m
[ 34%] Built target gazebo_ros_p3d
[ 37%] Built target gtest_main
[ 39%] Built target gazebo_ros_elevator
[ 41%] Built target gtest
[ 44%] Built target gazebo_ros_video
[35m[1mConsolidate compiler generated dependencies of target test_gazebo_ros_ackermann_drive[0m
[35m[1mConsolidate compiler generated dependencies of target test_gazebo_ros_elevator[0m
[35m[1mConsolidate compiler generated dependencies of target test_gazebo_ros_force[0m
[35m[1mConsolidate compiler generated dependencies of target test_gazebo_ros_bumper[0m
[35m[1mConsolidate compiler generated dependencies of target test_gazebo_ros_diff_drive[0m
[ 46%] Built target gazebo_ros_vacuum_gripper
[35m[1mConsolidate compiler generated dependencies of target test_gazebo_ros_gps_sensor[0m
[35m[1mConsolidate compiler generated dependencies of target test_gazebo_ros_ft_sensor[0m
[ 48%] Built target gazebo_ros_joint_pose_trajectory
[35m[1mConsolidate compiler generated dependencies of target test_gazebo_ros_harness[0m
[35m[1mConsolidate compiler generated dependencies of target test_gazebo_ros_hand_of_god[0m
[ 51%] Built target gazebo_ros_planar_move
[35m[1mConsolidate compiler generated dependencies of target test_gazebo_ros_imu_sensor[0m
[ 53%] Built target gazebo_ros_projector
[ 55%] Built target gazebo_ros_wheel_slip
[35m[1mConsolidate compiler generated dependencies of target test_gazebo_ros_joint_state_publisher[0m
[ 58%] Built target gazebo_ros_camera
[35m[1mConsolidate compiler generated dependencies of target test_gazebo_ros_planar_move[0m
[35m[1mConsolidate compiler generated dependencies of target test_gazebo_ros_joint_pose_trajectory[0m
[35m[1mConsolidate compiler generated dependencies of target test_gazebo_ros_ray_sensor[0m
[35m[1mConsolidate compiler generated dependencies of target test_gazebo_ros_tricycle_drive[0m
[35m[1mConsolidate compiler generated dependencies of target test_gazebo_ros_p3d[0m
[ 60%] Built target test_gazebo_ros_ft_sensor
[ 62%] Built target test_gazebo_ros_ackermann_drive
[ 65%] Built target test_gazebo_ros_harness
[ 67%] Built target test_gazebo_ros_force
[ 69%] Built target test_gazebo_ros_elevator
[ 72%] Built target test_gazebo_ros_bumper
[ 81%] Built target test_gazebo_ros_gps_sensor
[ 81%] Built target test_gazebo_ros_hand_of_god
[ 81%] Built target test_gazebo_ros_imu_sensor
[ 81%] Built target test_gazebo_ros_diff_drive
[ 83%] Built target test_gazebo_ros_joint_state_publisher
[ 86%] Built target test_gazebo_ros_joint_pose_trajectory
[35m[1mConsolidate compiler generated dependencies of target test_gazebo_ros_vacuum_gripper[0m
[35m[1mConsolidate compiler generated dependencies of target test_gazebo_ros_wheelslip[0m
[ 88%] Built target test_gazebo_ros_tricycle_drive
[ 90%] Built target test_gazebo_ros_planar_move
[ 93%] Built target test_gazebo_ros_ray_sensor
[ 95%] Built target test_gazebo_ros_p3d
[ 97%] Built target test_gazebo_ros_wheelslip
[100%] Built target test_gazebo_ros_vacuum_gripper
-- Install configuration: ""
-- Execute custom install script
-- Up-to-date symlink: /home/fourdds/ws/install/gazebo_plugins/share/gazebo_plugins/environment/library_path.sh
-- Up-to-date symlink: /home/fourdds/ws/install/gazebo_plugins/share/gazebo_plugins/environment/library_path.dsv
-- Up-to-date symlink: /home/fourdds/ws/install/gazebo_plugins/share/gazebo_plugins/environment/gazebo_plugins.sh
-- Up-to-date symlink: /home/fourdds/ws/install/gazebo_plugins/share/gazebo_plugins/environment/gazebo_plugins.dsv
-- Up-to-date symlink: /home/fourdds/ws/install/gazebo_plugins/share/ament_index/resource_index/package_run_dependencies/gazebo_plugins
-- Up-to-date symlink: /home/fourdds/ws/install/gazebo_plugins/share/ament_index/resource_index/parent_prefix_path/gazebo_plugins
-- Up-to-date symlink: /home/fourdds/ws/install/gazebo_plugins/share/gazebo_plugins/environment/ament_prefix_path.sh
-- Up-to-date symlink: /home/fourdds/ws/install/gazebo_plugins/share/gazebo_plugins/environment/ament_prefix_path.dsv
-- Up-to-date symlink: /home/fourdds/ws/install/gazebo_plugins/share/gazebo_plugins/environment/path.sh
-- Up-to-date symlink: /home/fourdds/ws/install/gazebo_plugins/share/gazebo_plugins/environment/path.dsv
-- Up-to-date symlink: /home/fourdds/ws/install/gazebo_plugins/share/gazebo_plugins/local_setup.bash
-- Up-to-date symlink: /home/fourdds/ws/install/gazebo_plugins/share/gazebo_plugins/local_setup.sh
-- Up-to-date symlink: /home/fourdds/ws/install/gazebo_plugins/share/gazebo_plugins/local_setup.zsh
-- Up-to-date symlink: /home/fourdds/ws/install/gazebo_plugins/share/gazebo_plugins/local_setup.dsv
-- Symlinking: /home/fourdds/ws/install/gazebo_plugins/share/gazebo_plugins/package.dsv
-- Up-to-date symlink: /home/fourdds/ws/install/gazebo_plugins/share/ament_index/resource_index/packages/gazebo_plugins
-- Up-to-date symlink: /home/fourdds/ws/install/gazebo_plugins/share/gazebo_plugins/cmake/ament_cmake_export_libraries-extras.cmake
-- Up-to-date symlink: /home/fourdds/ws/install/gazebo_plugins/share/gazebo_plugins/cmake/ament_cmake_export_include_directories-extras.cmake
-- Up-to-date symlink: /home/fourdds/ws/install/gazebo_plugins/share/gazebo_plugins/cmake/ament_cmake_export_dependencies-extras.cmake
-- Up-to-date symlink: /home/fourdds/ws/install/gazebo_plugins/share/gazebo_plugins/cmake/gazebo_pluginsConfig.cmake
-- Up-to-date symlink: /home/fourdds/ws/install/gazebo_plugins/share/gazebo_plugins/cmake/gazebo_pluginsConfig-version.cmake
-- Up-to-date symlink: /home/fourdds/ws/install/gazebo_plugins/share/gazebo_plugins/package.xml
-- Up-to-date symlink: /home/fourdds/ws/install/gazebo_plugins/include/gazebo_plugins/gazebo_ros_ackermann_drive.hpp
-- Up-to-date symlink: /home/fourdds/ws/install/gazebo_plugins/include/gazebo_plugins/gazebo_ros_bumper.hpp
-- Up-to-date symlink: /home/fourdds/ws/install/gazebo_plugins/include/gazebo_plugins/gazebo_ros_camera.hpp
-- Up-to-date symlink: /home/fourdds/ws/install/gazebo_plugins/include/gazebo_plugins/gazebo_ros_diff_drive.hpp
-- Up-to-date symlink: /home/fourdds/ws/install/gazebo_plugins/include/gazebo_plugins/gazebo_ros_elevator.hpp
-- Up-to-date symlink: /home/fourdds/ws/install/gazebo_plugins/include/gazebo_plugins/gazebo_ros_force.hpp
-- Up-to-date symlink: /home/fourdds/ws/install/gazebo_plugins/include/gazebo_plugins/gazebo_ros_ft_sensor.hpp
-- Up-to-date symlink: /home/fourdds/ws/install/gazebo_plugins/include/gazebo_plugins/gazebo_ros_gps_sensor.hpp
-- Up-to-date symlink: /home/fourdds/ws/install/gazebo_plugins/include/gazebo_plugins/gazebo_ros_hand_of_god.hpp
-- Up-to-date symlink: /home/fourdds/ws/install/gazebo_plugins/include/gazebo_plugins/gazebo_ros_harness.hpp
-- Up-to-date symlink: /home/fourdds/ws/install/gazebo_plugins/include/gazebo_plugins/gazebo_ros_imu_sensor.hpp
-- Up-to-date symlink: /home/fourdds/ws/install/gazebo_plugins/include/gazebo_plugins/gazebo_ros_joint_pose_trajectory.hpp
-- Up-to-date symlink: /home/fourdds/ws/install/gazebo_plugins/include/gazebo_plugins/gazebo_ros_joint_state_publisher.hpp
-- Up-to-date symlink: /home/fourdds/ws/install/gazebo_plugins/include/gazebo_plugins/gazebo_ros_p3d.hpp
-- Up-to-date symlink: /home/fourdds/ws/install/gazebo_plugins/include/gazebo_plugins/gazebo_ros_planar_move.hpp
-- Up-to-date symlink: /home/fourdds/ws/install/gazebo_plugins/include/gazebo_plugins/gazebo_ros_projector.hpp
-- Up-to-date symlink: /home/fourdds/ws/install/gazebo_plugins/include/gazebo_plugins/gazebo_ros_ray_sensor.hpp
-- Up-to-date symlink: /home/fourdds/ws/install/gazebo_plugins/include/gazebo_plugins/gazebo_ros_template.hpp
-- Up-to-date symlink: /home/fourdds/ws/install/gazebo_plugins/include/gazebo_plugins/gazebo_ros_tricycle_drive.hpp
-- Up-to-date symlink: /home/fourdds/ws/install/gazebo_plugins/include/gazebo_plugins/gazebo_ros_vacuum_gripper.hpp
-- Up-to-date symlink: /home/fourdds/ws/install/gazebo_plugins/include/gazebo_plugins/gazebo_ros_video.hpp
-- Up-to-date symlink: /home/fourdds/ws/install/gazebo_plugins/include/gazebo_plugins/gazebo_ros_wheel_slip.hpp
-- Up-to-date symlink: /home/fourdds/ws/install/gazebo_plugins/include/gazebo_plugins/multi_camera_plugin.hpp
-- Up-to-date symlink: /home/fourdds/ws/install/gazebo_plugins/lib/libgazebo_ros_ackermann_drive.so
-- Up-to-date symlink: /home/fourdds/ws/install/gazebo_plugins/lib/libgazebo_ros_bumper.so
-- Up-to-date symlink: /home/fourdds/ws/install/gazebo_plugins/lib/libgazebo_ros_camera.so
-- Up-to-date symlink: /home/fourdds/ws/install/gazebo_plugins/lib/libgazebo_ros_diff_drive.so
-- Up-to-date symlink: /home/fourdds/ws/install/gazebo_plugins/lib/libgazebo_ros_elevator.so
-- Up-to-date symlink: /home/fourdds/ws/install/gazebo_plugins/lib/libgazebo_ros_force.so
-- Up-to-date symlink: /home/fourdds/ws/install/gazebo_plugins/lib/libgazebo_ros_ft_sensor.so
-- Up-to-date symlink: /home/fourdds/ws/install/gazebo_plugins/lib/libgazebo_ros_hand_of_god.so
-- Up-to-date symlink: /home/fourdds/ws/install/gazebo_plugins/lib/libgazebo_ros_harness.so
-- Up-to-date symlink: /home/fourdds/ws/install/gazebo_plugins/lib/libgazebo_ros_imu_sensor.so
-- Up-to-date symlink: /home/fourdds/ws/install/gazebo_plugins/lib/libgazebo_ros_gps_sensor.so
-- Up-to-date symlink: /home/fourdds/ws/install/gazebo_plugins/lib/libgazebo_ros_joint_pose_trajectory.so
-- Up-to-date symlink: /home/fourdds/ws/install/gazebo_plugins/lib/libgazebo_ros_joint_state_publisher.so
-- Up-to-date symlink: /home/fourdds/ws/install/gazebo_plugins/lib/libgazebo_ros_planar_move.so
-- Up-to-date symlink: /home/fourdds/ws/install/gazebo_plugins/lib/libgazebo_ros_projector.so
-- Up-to-date symlink: /home/fourdds/ws/install/gazebo_plugins/lib/libgazebo_ros_ray_sensor.so
-- Up-to-date symlink: /home/fourdds/ws/install/gazebo_plugins/lib/libgazebo_ros_p3d.so
-- Up-to-date symlink: /home/fourdds/ws/install/gazebo_plugins/lib/libgazebo_ros_template.so
-- Up-to-date symlink: /home/fourdds/ws/install/gazebo_plugins/lib/libgazebo_ros_tricycle_drive.so
-- Up-to-date symlink: /home/fourdds/ws/install/gazebo_plugins/lib/libgazebo_ros_vacuum_gripper.so
-- Up-to-date symlink: /home/fourdds/ws/install/gazebo_plugins/lib/libgazebo_ros_video.so
-- Up-to-date symlink: /home/fourdds/ws/install/gazebo_plugins/lib/libmulti_camera_plugin.so
-- Up-to-date symlink: /home/fourdds/ws/install/gazebo_plugins/lib/libgazebo_ros_wheel_slip.so
-- Up-to-date symlink: /home/fourdds/ws/install/gazebo_plugins/lib/gazebo_plugins//wheel_slip_drawbar_pull_publisher.py
-- Up-to-date symlink: /home/fourdds/ws/install/gazebo_plugins/share/gazebo_plugins//worlds/gazebo_ros_ackermann_drive_demo.world
-- Up-to-date symlink: /home/fourdds/ws/install/gazebo_plugins/share/gazebo_plugins//worlds/gazebo_ros_bumper_demo.world
-- Up-to-date symlink: /home/fourdds/ws/install/gazebo_plugins/share/gazebo_plugins//worlds/gazebo_ros_camera_demo.world
-- Up-to-date symlink: /home/fourdds/ws/install/gazebo_plugins/share/gazebo_plugins//worlds/gazebo_ros_camera_distortion_barrel_demo.world
-- Up-to-date symlink: /home/fourdds/ws/install/gazebo_plugins/share/gazebo_plugins//worlds/gazebo_ros_camera_distortion_pincushion_demo.world
-- Up-to-date symlink: /home/fourdds/ws/install/gazebo_plugins/share/gazebo_plugins//worlds/gazebo_ros_camera_triggered_demo.world
-- Up-to-date symlink: /home/fourdds/ws/install/gazebo_plugins/share/gazebo_plugins//worlds/gazebo_ros_depth_camera_demo.world
-- Up-to-date symlink: /home/fourdds/ws/install/gazebo_plugins/share/gazebo_plugins//worlds/gazebo_ros_diff_drive_demo.world
-- Up-to-date symlink: /home/fourdds/ws/install/gazebo_plugins/share/gazebo_plugins//worlds/gazebo_ros_elevator_demo.world
-- Up-to-date symlink: /home/fourdds/ws/install/gazebo_plugins/share/gazebo_plugins//worlds/gazebo_ros_force_demo.world
-- Up-to-date symlink: /home/fourdds/ws/install/gazebo_plugins/share/gazebo_plugins//worlds/gazebo_ros_ft_sensor_demo.world
-- Up-to-date symlink: /home/fourdds/ws/install/gazebo_plugins/share/gazebo_plugins//worlds/gazebo_ros_gps_sensor_demo.world
-- Up-to-date symlink: /home/fourdds/ws/install/gazebo_plugins/share/gazebo_plugins//worlds/gazebo_ros_hand_of_god_demo.world
-- Up-to-date symlink: /home/fourdds/ws/install/gazebo_plugins/share/gazebo_plugins//worlds/gazebo_ros_harness_demo.world
-- Up-to-date symlink: /home/fourdds/ws/install/gazebo_plugins/share/gazebo_plugins//worlds/gazebo_ros_joint_pose_trajectory_demo.world
-- Up-to-date symlink: /home/fourdds/ws/install/gazebo_plugins/share/gazebo_plugins//worlds/gazebo_ros_joint_state_publisher_demo.world
-- Up-to-date symlink: /home/fourdds/ws/install/gazebo_plugins/share/gazebo_plugins//worlds/gazebo_ros_multi_camera_demo.world
-- Up-to-date symlink: /home/fourdds/ws/install/gazebo_plugins/share/gazebo_plugins//worlds/gazebo_ros_multicamera_demo.world
-- Up-to-date symlink: /home/fourdds/ws/install/gazebo_plugins/share/gazebo_plugins//worlds/gazebo_ros_p3d_demo.world
-- Up-to-date symlink: /home/fourdds/ws/install/gazebo_plugins/share/gazebo_plugins//worlds/gazebo_ros_planar_move_demo.world
-- Up-to-date symlink: /home/fourdds/ws/install/gazebo_plugins/share/gazebo_plugins//worlds/gazebo_ros_projector_demo.world
-- Up-to-date symlink: /home/fourdds/ws/install/gazebo_plugins/share/gazebo_plugins//worlds/gazebo_ros_ray_sensor_demo.world
-- Up-to-date symlink: /home/fourdds/ws/install/gazebo_plugins/share/gazebo_plugins//worlds/gazebo_ros_skid_steer_drive_demo.world
-- Up-to-date symlink: /home/fourdds/ws/install/gazebo_plugins/share/gazebo_plugins//worlds/gazebo_ros_template_demo.world
-- Up-to-date symlink: /home/fourdds/ws/install/gazebo_plugins/share/gazebo_plugins//worlds/gazebo_ros_tricycle_drive_demo.world
-- Up-to-date symlink: /home/fourdds/ws/install/gazebo_plugins/share/gazebo_plugins//worlds/gazebo_ros_vacuum_gripper_demo.world
-- Up-to-date symlink: /home/fourdds/ws/install/gazebo_plugins/share/gazebo_plugins//worlds/gazebo_ros_video_demo.world
-- Up-to-date symlink: /home/fourdds/ws/install/gazebo_plugins/share/gazebo_plugins//worlds/gazebo_ros_wheel_slip_demo.world
-- Up-to-date symlink: /home/fourdds/ws/install/gazebo_plugins/share/gazebo_plugins//worlds/gazebo_ros_wheel_slip_drawbar_pull_demo.world
