[0.009s] Invoking command in '/home/fourdds/ros2_ws/build/boids': CMAKE_PREFIX_PATH=/home/fourdds/ros2_ws/install/px4_msgs:/home/fourdds/ros2_ws/install/px4_ros_com:/home/fourdds/ros2_ws/install/boids:/opt/ros/humble LD_LIBRARY_PATH=/home/fourdds/ros2_ws/install/px4_msgs/lib:/home/fourdds/ros2_ws/install/px4_ros_com/lib:/home/fourdds/ros2_ws/install/boids/lib:/usr/lib/x86_64-linux-gnu/gazebo-11/plugins:/opt/ros/humble/opt/rviz_ogre_vendor/lib:/opt/ros/humble/lib/x86_64-linux-gnu:/opt/ros/humble/lib /usr/bin/cmake --build /home/fourdds/ros2_ws/build/boids -- -j24 -l24
[0.032s] [35m[1mConsolidate compiler generated dependencies of target uavs_spawner[0m
[0.035s] [  8%] Built target boids__cpp
[0.036s] [ 11%] Built target boids__rosidl_generator_c
[0.037s] [ 15%] Built target frame_transforms
[0.041s] [ 15%] Built target ament_cmake_python_copy_boids
[0.047s] [ 33%] Built target boids__rosidl_typesupport_c
[0.048s] [ 33%] Built target boids__rosidl_typesupport_fastrtps_c
[0.048s] [ 35%] [32mBuilding CXX object CMakeFiles/uavs_spawner.dir/src/uav_node.cpp.o[0m
[0.048s] [ 44%] Built target boids__rosidl_typesupport_cpp
[0.049s] [ 53%] Built target boids__rosidl_typesupport_introspection_cpp
[0.050s] [ 62%] Built target boids__rosidl_typesupport_fastrtps_cpp
[0.050s] [ 71%] Built target boids__rosidl_typesupport_introspection_c
[0.059s] [ 71%] Built target boids
[0.070s] [ 73%] Built target boids__py
[0.081s] [ 80%] Built target boids__rosidl_generator_py
[0.092s] [ 93%] Built target boids__rosidl_typesupport_introspection_c__pyext
[0.092s] [ 93%] Built target boids__rosidl_typesupport_fastrtps_c__pyext
[0.092s] [ 93%] Built target boids__rosidl_typesupport_c__pyext
[0.151s] running egg_info
[0.159s] writing boids.egg-info/PKG-INFO
[0.160s] writing dependency_links to boids.egg-info/dependency_links.txt
[0.160s] writing top-level names to boids.egg-info/top_level.txt
[0.181s] reading manifest file 'boids.egg-info/SOURCES.txt'
[0.181s] writing manifest file 'boids.egg-info/SOURCES.txt'
[0.199s] [ 93%] Built target ament_cmake_python_build_boids_egg
[16.888s] [ 95%] [32m[1mLinking CXX executable uavs_spawner[0m
[18.058s] [100%] Built target uavs_spawner
[18.065s] Invoked command in '/home/fourdds/ros2_ws/build/boids' returned '0': CMAKE_PREFIX_PATH=/home/fourdds/ros2_ws/install/px4_msgs:/home/fourdds/ros2_ws/install/px4_ros_com:/home/fourdds/ros2_ws/install/boids:/opt/ros/humble LD_LIBRARY_PATH=/home/fourdds/ros2_ws/install/px4_msgs/lib:/home/fourdds/ros2_ws/install/px4_ros_com/lib:/home/fourdds/ros2_ws/install/boids/lib:/usr/lib/x86_64-linux-gnu/gazebo-11/plugins:/opt/ros/humble/opt/rviz_ogre_vendor/lib:/opt/ros/humble/lib/x86_64-linux-gnu:/opt/ros/humble/lib /usr/bin/cmake --build /home/fourdds/ros2_ws/build/boids -- -j24 -l24
[18.110s] Invoking command in '/home/fourdds/ros2_ws/build/boids': CMAKE_PREFIX_PATH=/home/fourdds/ros2_ws/install/px4_msgs:/home/fourdds/ros2_ws/install/px4_ros_com:/home/fourdds/ros2_ws/install/boids:/opt/ros/humble LD_LIBRARY_PATH=/home/fourdds/ros2_ws/install/px4_msgs/lib:/home/fourdds/ros2_ws/install/px4_ros_com/lib:/home/fourdds/ros2_ws/install/boids/lib:/usr/lib/x86_64-linux-gnu/gazebo-11/plugins:/opt/ros/humble/opt/rviz_ogre_vendor/lib:/opt/ros/humble/lib/x86_64-linux-gnu:/opt/ros/humble/lib /usr/bin/cmake --install /home/fourdds/ros2_ws/build/boids
[18.113s] -- Install configuration: ""
[18.113s] -- Up-to-date: /home/fourdds/ros2_ws/install/boids/share/ament_index/resource_index/rosidl_interfaces/boids
[18.114s] -- Up-to-date: /home/fourdds/ros2_ws/install/boids/include/boids/boids
[18.114s] -- Up-to-date: /home/fourdds/ros2_ws/install/boids/include/boids/boids/msg
[18.114s] -- Up-to-date: /home/fourdds/ros2_ws/install/boids/include/boids/boids/msg/rosidl_generator_c__visibility_control.h
[18.114s] -- Up-to-date: /home/fourdds/ros2_ws/install/boids/include/boids/boids/msg/detail
[18.114s] -- Up-to-date: /home/fourdds/ros2_ws/install/boids/include/boids/boids/msg/detail/neighbors_com__type_support.h
[18.114s] -- Up-to-date: /home/fourdds/ros2_ws/install/boids/include/boids/boids/msg/detail/neighbors_com__functions.h
[18.114s] -- Up-to-date: /home/fourdds/ros2_ws/install/boids/include/boids/boids/msg/detail/neighbors_com__functions.c
[18.114s] -- Up-to-date: /home/fourdds/ros2_ws/install/boids/include/boids/boids/msg/detail/geo_ping__type_support.h
[18.114s] -- Up-to-date: /home/fourdds/ros2_ws/install/boids/include/boids/boids/msg/detail/geo_ping__functions.c
[18.114s] -- Up-to-date: /home/fourdds/ros2_ws/install/boids/include/boids/boids/msg/detail/neighbors_com__struct.h
[18.114s] -- Up-to-date: /home/fourdds/ros2_ws/install/boids/include/boids/boids/msg/detail/geo_ping__struct.h
[18.114s] -- Up-to-date: /home/fourdds/ros2_ws/install/boids/include/boids/boids/msg/detail/geo_ping__functions.h
[18.114s] -- Up-to-date: /home/fourdds/ros2_ws/install/boids/include/boids/boids/msg/neighbors_com.h
[18.114s] -- Up-to-date: /home/fourdds/ros2_ws/install/boids/include/boids/boids/msg/geo_ping.h
[18.115s] -- Up-to-date: /home/fourdds/ros2_ws/install/boids/include/boids/boids/srv
[18.115s] -- Up-to-date: /home/fourdds/ros2_ws/install/boids/include/boids/boids/srv/detail
[18.115s] -- Up-to-date: /home/fourdds/ros2_ws/install/boids/include/boids/boids/srv/detail/get_neighbors__struct.h
[18.115s] -- Up-to-date: /home/fourdds/ros2_ws/install/boids/include/boids/boids/srv/detail/get_neighbors__type_support.h
[18.115s] -- Up-to-date: /home/fourdds/ros2_ws/install/boids/include/boids/boids/srv/detail/get_neighbors__functions.h
[18.115s] -- Up-to-date: /home/fourdds/ros2_ws/install/boids/include/boids/boids/srv/detail/get_neighbors__functions.c
[18.115s] -- Up-to-date: /home/fourdds/ros2_ws/install/boids/include/boids/boids/srv/get_neighbors.h
[18.115s] -- Up-to-date: /home/fourdds/ros2_ws/install/boids/share/boids/environment/library_path.sh
[18.116s] -- Up-to-date: /home/fourdds/ros2_ws/install/boids/share/boids/environment/library_path.dsv
[18.116s] -- Up-to-date: /home/fourdds/ros2_ws/install/boids/lib/libboids__rosidl_generator_c.so
[18.116s] -- Up-to-date: /home/fourdds/ros2_ws/install/boids/include/boids/boids
[18.116s] -- Up-to-date: /home/fourdds/ros2_ws/install/boids/include/boids/boids/msg
[18.116s] -- Up-to-date: /home/fourdds/ros2_ws/install/boids/include/boids/boids/msg/detail
[18.116s] -- Up-to-date: /home/fourdds/ros2_ws/install/boids/include/boids/boids/msg/detail/neighbors_com__rosidl_typesupport_fastrtps_c.h
[18.116s] -- Up-to-date: /home/fourdds/ros2_ws/install/boids/include/boids/boids/msg/detail/geo_ping__rosidl_typesupport_fastrtps_c.h
[18.116s] -- Up-to-date: /home/fourdds/ros2_ws/install/boids/include/boids/boids/msg/rosidl_typesupport_fastrtps_c__visibility_control.h
[18.116s] -- Up-to-date: /home/fourdds/ros2_ws/install/boids/include/boids/boids/srv
[18.116s] -- Up-to-date: /home/fourdds/ros2_ws/install/boids/include/boids/boids/srv/detail
[18.116s] -- Up-to-date: /home/fourdds/ros2_ws/install/boids/include/boids/boids/srv/detail/get_neighbors__rosidl_typesupport_fastrtps_c.h
[18.117s] -- Up-to-date: /home/fourdds/ros2_ws/install/boids/lib/libboids__rosidl_typesupport_fastrtps_c.so
[18.117s] -- Up-to-date: /home/fourdds/ros2_ws/install/boids/include/boids/boids
[18.117s] -- Up-to-date: /home/fourdds/ros2_ws/install/boids/include/boids/boids/msg
[18.117s] -- Up-to-date: /home/fourdds/ros2_ws/install/boids/include/boids/boids/msg/neighbors_com.hpp
[18.117s] -- Up-to-date: /home/fourdds/ros2_ws/install/boids/include/boids/boids/msg/geo_ping.hpp
[18.117s] -- Up-to-date: /home/fourdds/ros2_ws/install/boids/include/boids/boids/msg/detail
[18.117s] -- Up-to-date: /home/fourdds/ros2_ws/install/boids/include/boids/boids/msg/detail/neighbors_com__builder.hpp
[18.117s] -- Up-to-date: /home/fourdds/ros2_ws/install/boids/include/boids/boids/msg/detail/neighbors_com__struct.hpp
[18.117s] -- Up-to-date: /home/fourdds/ros2_ws/install/boids/include/boids/boids/msg/detail/geo_ping__traits.hpp
[18.117s] -- Up-to-date: /home/fourdds/ros2_ws/install/boids/include/boids/boids/msg/detail/neighbors_com__traits.hpp
[18.118s] -- Up-to-date: /home/fourdds/ros2_ws/install/boids/include/boids/boids/msg/detail/geo_ping__builder.hpp
[18.118s] -- Up-to-date: /home/fourdds/ros2_ws/install/boids/include/boids/boids/msg/detail/geo_ping__struct.hpp
[18.118s] -- Up-to-date: /home/fourdds/ros2_ws/install/boids/include/boids/boids/srv
[18.118s] -- Up-to-date: /home/fourdds/ros2_ws/install/boids/include/boids/boids/srv/detail
[18.118s] -- Up-to-date: /home/fourdds/ros2_ws/install/boids/include/boids/boids/srv/detail/get_neighbors__traits.hpp
[18.118s] -- Up-to-date: /home/fourdds/ros2_ws/install/boids/include/boids/boids/srv/detail/get_neighbors__struct.hpp
[18.118s] -- Up-to-date: /home/fourdds/ros2_ws/install/boids/include/boids/boids/srv/detail/get_neighbors__builder.hpp
[18.118s] -- Up-to-date: /home/fourdds/ros2_ws/install/boids/include/boids/boids/srv/get_neighbors.hpp
[18.118s] -- Up-to-date: /home/fourdds/ros2_ws/install/boids/include/boids/boids
[18.118s] -- Up-to-date: /home/fourdds/ros2_ws/install/boids/include/boids/boids/msg
[18.118s] -- Up-to-date: /home/fourdds/ros2_ws/install/boids/include/boids/boids/msg/detail
[18.118s] -- Up-to-date: /home/fourdds/ros2_ws/install/boids/include/boids/boids/msg/detail/geo_ping__rosidl_typesupport_fastrtps_cpp.hpp
[18.118s] -- Up-to-date: /home/fourdds/ros2_ws/install/boids/include/boids/boids/msg/detail/dds_fastrtps
[18.118s] -- Up-to-date: /home/fourdds/ros2_ws/install/boids/include/boids/boids/msg/detail/neighbors_com__rosidl_typesupport_fastrtps_cpp.hpp
[18.118s] -- Up-to-date: /home/fourdds/ros2_ws/install/boids/include/boids/boids/msg/rosidl_typesupport_fastrtps_cpp__visibility_control.h
[18.118s] -- Up-to-date: /home/fourdds/ros2_ws/install/boids/include/boids/boids/srv
[18.118s] -- Up-to-date: /home/fourdds/ros2_ws/install/boids/include/boids/boids/srv/detail
[18.118s] -- Up-to-date: /home/fourdds/ros2_ws/install/boids/include/boids/boids/srv/detail/dds_fastrtps
[18.118s] -- Up-to-date: /home/fourdds/ros2_ws/install/boids/include/boids/boids/srv/detail/get_neighbors__rosidl_typesupport_fastrtps_cpp.hpp
[18.118s] -- Up-to-date: /home/fourdds/ros2_ws/install/boids/lib/libboids__rosidl_typesupport_fastrtps_cpp.so
[18.118s] -- Up-to-date: /home/fourdds/ros2_ws/install/boids/include/boids/boids
[18.118s] -- Up-to-date: /home/fourdds/ros2_ws/install/boids/include/boids/boids/msg
[18.118s] -- Up-to-date: /home/fourdds/ros2_ws/install/boids/include/boids/boids/msg/detail
[18.118s] -- Up-to-date: /home/fourdds/ros2_ws/install/boids/include/boids/boids/msg/detail/neighbors_com__rosidl_typesupport_introspection_c.h
[18.118s] -- Up-to-date: /home/fourdds/ros2_ws/install/boids/include/boids/boids/msg/detail/geo_ping__rosidl_typesupport_introspection_c.h
[18.118s] -- Up-to-date: /home/fourdds/ros2_ws/install/boids/include/boids/boids/msg/detail/geo_ping__type_support.c
[18.118s] -- Up-to-date: /home/fourdds/ros2_ws/install/boids/include/boids/boids/msg/detail/neighbors_com__type_support.c
[18.118s] -- Up-to-date: /home/fourdds/ros2_ws/install/boids/include/boids/boids/msg/rosidl_typesupport_introspection_c__visibility_control.h
[18.118s] -- Up-to-date: /home/fourdds/ros2_ws/install/boids/include/boids/boids/srv
[18.118s] -- Up-to-date: /home/fourdds/ros2_ws/install/boids/include/boids/boids/srv/detail
[18.119s] -- Up-to-date: /home/fourdds/ros2_ws/install/boids/include/boids/boids/srv/detail/get_neighbors__type_support.c
[18.119s] -- Up-to-date: /home/fourdds/ros2_ws/install/boids/include/boids/boids/srv/detail/get_neighbors__rosidl_typesupport_introspection_c.h
[18.119s] -- Up-to-date: /home/fourdds/ros2_ws/install/boids/lib/libboids__rosidl_typesupport_introspection_c.so
[18.119s] -- Up-to-date: /home/fourdds/ros2_ws/install/boids/lib/libboids__rosidl_typesupport_c.so
[18.119s] -- Up-to-date: /home/fourdds/ros2_ws/install/boids/include/boids/boids
[18.119s] -- Up-to-date: /home/fourdds/ros2_ws/install/boids/include/boids/boids/msg
[18.119s] -- Up-to-date: /home/fourdds/ros2_ws/install/boids/include/boids/boids/msg/detail
[18.119s] -- Up-to-date: /home/fourdds/ros2_ws/install/boids/include/boids/boids/msg/detail/geo_ping__type_support.cpp
[18.119s] -- Up-to-date: /home/fourdds/ros2_ws/install/boids/include/boids/boids/msg/detail/neighbors_com__type_support.cpp
[18.119s] -- Up-to-date: /home/fourdds/ros2_ws/install/boids/include/boids/boids/msg/detail/geo_ping__rosidl_typesupport_introspection_cpp.hpp
[18.119s] -- Up-to-date: /home/fourdds/ros2_ws/install/boids/include/boids/boids/msg/detail/neighbors_com__rosidl_typesupport_introspection_cpp.hpp
[18.119s] -- Up-to-date: /home/fourdds/ros2_ws/install/boids/include/boids/boids/srv
[18.119s] -- Up-to-date: /home/fourdds/ros2_ws/install/boids/include/boids/boids/srv/detail
[18.119s] -- Up-to-date: /home/fourdds/ros2_ws/install/boids/include/boids/boids/srv/detail/get_neighbors__rosidl_typesupport_introspection_cpp.hpp
[18.119s] -- Up-to-date: /home/fourdds/ros2_ws/install/boids/include/boids/boids/srv/detail/get_neighbors__type_support.cpp
[18.119s] -- Up-to-date: /home/fourdds/ros2_ws/install/boids/lib/libboids__rosidl_typesupport_introspection_cpp.so
[18.119s] -- Up-to-date: /home/fourdds/ros2_ws/install/boids/lib/libboids__rosidl_typesupport_cpp.so
[18.119s] -- Up-to-date: /home/fourdds/ros2_ws/install/boids/share/boids/environment/pythonpath.sh
[18.119s] -- Up-to-date: /home/fourdds/ros2_ws/install/boids/share/boids/environment/pythonpath.dsv
[18.119s] -- Up-to-date: /home/fourdds/ros2_ws/install/boids/local/lib/python3.10/dist-packages/boids-0.0.0-py3.10.egg-info
[18.119s] -- Installing: /home/fourdds/ros2_ws/install/boids/local/lib/python3.10/dist-packages/boids-0.0.0-py3.10.egg-info/dependency_links.txt
[18.119s] -- Installing: /home/fourdds/ros2_ws/install/boids/local/lib/python3.10/dist-packages/boids-0.0.0-py3.10.egg-info/SOURCES.txt
[18.119s] -- Installing: /home/fourdds/ros2_ws/install/boids/local/lib/python3.10/dist-packages/boids-0.0.0-py3.10.egg-info/PKG-INFO
[18.119s] -- Installing: /home/fourdds/ros2_ws/install/boids/local/lib/python3.10/dist-packages/boids-0.0.0-py3.10.egg-info/top_level.txt
[18.119s] -- Up-to-date: /home/fourdds/ros2_ws/install/boids/local/lib/python3.10/dist-packages/boids
[18.120s] -- Up-to-date: /home/fourdds/ros2_ws/install/boids/local/lib/python3.10/dist-packages/boids/_boids_s.ep.rosidl_typesupport_fastrtps_c.c
[18.120s] -- Up-to-date: /home/fourdds/ros2_ws/install/boids/local/lib/python3.10/dist-packages/boids/boids_s__rosidl_typesupport_c.cpython-310-x86_64-linux-gnu.so
[18.120s] -- Up-to-date: /home/fourdds/ros2_ws/install/boids/local/lib/python3.10/dist-packages/boids/libboids__rosidl_generator_py.so
[18.120s] -- Up-to-date: /home/fourdds/ros2_ws/install/boids/local/lib/python3.10/dist-packages/boids/msg
[18.120s] -- Up-to-date: /home/fourdds/ros2_ws/install/boids/local/lib/python3.10/dist-packages/boids/msg/_geo_ping_s.c
[18.120s] -- Up-to-date: /home/fourdds/ros2_ws/install/boids/local/lib/python3.10/dist-packages/boids/msg/_neighbors_com.py
[18.120s] -- Up-to-date: /home/fourdds/ros2_ws/install/boids/local/lib/python3.10/dist-packages/boids/msg/_neighbors_com_s.c
[18.120s] -- Up-to-date: /home/fourdds/ros2_ws/install/boids/local/lib/python3.10/dist-packages/boids/msg/_geo_ping.py
[18.120s] -- Up-to-date: /home/fourdds/ros2_ws/install/boids/local/lib/python3.10/dist-packages/boids/msg/__init__.py
[18.120s] -- Up-to-date: /home/fourdds/ros2_ws/install/boids/local/lib/python3.10/dist-packages/boids/boids_s__rosidl_typesupport_introspection_c.cpython-310-x86_64-linux-gnu.so
[18.120s] -- Up-to-date: /home/fourdds/ros2_ws/install/boids/local/lib/python3.10/dist-packages/boids/srv
[18.120s] -- Up-to-date: /home/fourdds/ros2_ws/install/boids/local/lib/python3.10/dist-packages/boids/srv/_get_neighbors_s.c
[18.120s] -- Up-to-date: /home/fourdds/ros2_ws/install/boids/local/lib/python3.10/dist-packages/boids/srv/_get_neighbors.py
[18.120s] -- Up-to-date: /home/fourdds/ros2_ws/install/boids/local/lib/python3.10/dist-packages/boids/srv/__init__.py
[18.120s] -- Up-to-date: /home/fourdds/ros2_ws/install/boids/local/lib/python3.10/dist-packages/boids/_boids_s.ep.rosidl_typesupport_introspection_c.c
[18.120s] -- Up-to-date: /home/fourdds/ros2_ws/install/boids/local/lib/python3.10/dist-packages/boids/_boids_s.ep.rosidl_typesupport_c.c
[18.120s] -- Up-to-date: /home/fourdds/ros2_ws/install/boids/local/lib/python3.10/dist-packages/boids/boids_s__rosidl_typesupport_fastrtps_c.cpython-310-x86_64-linux-gnu.so
[18.120s] -- Up-to-date: /home/fourdds/ros2_ws/install/boids/local/lib/python3.10/dist-packages/boids/__init__.py
[18.137s] Listing '/home/fourdds/ros2_ws/install/boids/local/lib/python3.10/dist-packages/boids'...
[18.137s] Listing '/home/fourdds/ros2_ws/install/boids/local/lib/python3.10/dist-packages/boids/msg'...
[18.137s] Listing '/home/fourdds/ros2_ws/install/boids/local/lib/python3.10/dist-packages/boids/srv'...
[18.140s] -- Up-to-date: /home/fourdds/ros2_ws/install/boids/local/lib/python3.10/dist-packages/boids/boids_s__rosidl_typesupport_fastrtps_c.cpython-310-x86_64-linux-gnu.so
[18.140s] -- Up-to-date: /home/fourdds/ros2_ws/install/boids/local/lib/python3.10/dist-packages/boids/boids_s__rosidl_typesupport_introspection_c.cpython-310-x86_64-linux-gnu.so
[18.140s] -- Up-to-date: /home/fourdds/ros2_ws/install/boids/local/lib/python3.10/dist-packages/boids/boids_s__rosidl_typesupport_c.cpython-310-x86_64-linux-gnu.so
[18.140s] -- Up-to-date: /home/fourdds/ros2_ws/install/boids/lib/libboids__rosidl_generator_py.so
[18.140s] -- Up-to-date: /home/fourdds/ros2_ws/install/boids/share/boids/msg/GeoPing.idl
[18.141s] -- Up-to-date: /home/fourdds/ros2_ws/install/boids/share/boids/msg/NeighborsCOM.idl
[18.141s] -- Up-to-date: /home/fourdds/ros2_ws/install/boids/share/boids/msg/GeoPing.msg
[18.141s] -- Up-to-date: /home/fourdds/ros2_ws/install/boids/share/boids/msg/NeighborsCOM.msg
[18.141s] -- Installing: /home/fourdds/ros2_ws/install/boids/lib/boids/uavs_spawner
[18.150s] -- Set runtime path of "/home/fourdds/ros2_ws/install/boids/lib/boids/uavs_spawner" to ""
[18.151s] -- Up-to-date: /home/fourdds/ros2_ws/install/boids/include/boids
[18.151s] -- Up-to-date: /home/fourdds/ros2_ws/install/boids/include/boids/placeholder.txt:Zone.Identifier
[18.151s] -- Up-to-date: /home/fourdds/ros2_ws/install/boids/include/boids/placeholder.txt
[18.151s] -- Up-to-date: /home/fourdds/ros2_ws/install/boids/include/boids/placeholder.txt:Zone.Identifier:Zone.Identifier
[18.151s] -- Up-to-date: /home/fourdds/ros2_ws/install/boids/lib/libframe_transforms.so
[18.151s] -- Up-to-date: /home/fourdds/ros2_ws/install/boids/share/boids//launch
[18.151s] -- Up-to-date: /home/fourdds/ros2_ws/install/boids/share/boids//launch/boids.launch.py
[18.151s] -- Up-to-date: /home/fourdds/ros2_ws/install/boids/share/boids//test
[18.151s] -- Up-to-date: /home/fourdds/ros2_ws/install/boids/share/boids//test/placeholder.txt:Zone.Identifier
[18.151s] -- Up-to-date: /home/fourdds/ros2_ws/install/boids/share/boids//test/placeholder.txt
[18.151s] -- Up-to-date: /home/fourdds/ros2_ws/install/boids/share/boids//test/placeholder.txt:Zone.Identifier:Zone.Identifier
[18.152s] -- Up-to-date: /home/fourdds/ros2_ws/install/boids/share/ament_index/resource_index/package_run_dependencies/boids
[18.152s] -- Up-to-date: /home/fourdds/ros2_ws/install/boids/share/ament_index/resource_index/parent_prefix_path/boids
[18.152s] -- Up-to-date: /home/fourdds/ros2_ws/install/boids/share/boids/environment/ament_prefix_path.sh
[18.152s] -- Up-to-date: /home/fourdds/ros2_ws/install/boids/share/boids/environment/ament_prefix_path.dsv
[18.152s] -- Up-to-date: /home/fourdds/ros2_ws/install/boids/share/boids/environment/path.sh
[18.152s] -- Up-to-date: /home/fourdds/ros2_ws/install/boids/share/boids/environment/path.dsv
[18.152s] -- Up-to-date: /home/fourdds/ros2_ws/install/boids/share/boids/local_setup.bash
[18.152s] -- Up-to-date: /home/fourdds/ros2_ws/install/boids/share/boids/local_setup.sh
[18.152s] -- Up-to-date: /home/fourdds/ros2_ws/install/boids/share/boids/local_setup.zsh
[18.152s] -- Up-to-date: /home/fourdds/ros2_ws/install/boids/share/boids/local_setup.dsv
[18.153s] -- Installing: /home/fourdds/ros2_ws/install/boids/share/boids/package.dsv
[18.153s] -- Up-to-date: /home/fourdds/ros2_ws/install/boids/share/ament_index/resource_index/packages/boids
[18.153s] -- Up-to-date: /home/fourdds/ros2_ws/install/boids/share/boids/cmake/export_boids__rosidl_generator_cExport.cmake
[18.153s] -- Up-to-date: /home/fourdds/ros2_ws/install/boids/share/boids/cmake/export_boids__rosidl_generator_cExport-noconfig.cmake
[18.153s] -- Up-to-date: /home/fourdds/ros2_ws/install/boids/share/boids/cmake/export_boids__rosidl_typesupport_fastrtps_cExport.cmake
[18.153s] -- Up-to-date: /home/fourdds/ros2_ws/install/boids/share/boids/cmake/export_boids__rosidl_typesupport_fastrtps_cExport-noconfig.cmake
[18.153s] -- Up-to-date: /home/fourdds/ros2_ws/install/boids/share/boids/cmake/export_boids__rosidl_generator_cppExport.cmake
[18.153s] -- Up-to-date: /home/fourdds/ros2_ws/install/boids/share/boids/cmake/export_boids__rosidl_typesupport_fastrtps_cppExport.cmake
[18.153s] -- Up-to-date: /home/fourdds/ros2_ws/install/boids/share/boids/cmake/export_boids__rosidl_typesupport_fastrtps_cppExport-noconfig.cmake
[18.153s] -- Up-to-date: /home/fourdds/ros2_ws/install/boids/share/boids/cmake/boids__rosidl_typesupport_introspection_cExport.cmake
[18.153s] -- Up-to-date: /home/fourdds/ros2_ws/install/boids/share/boids/cmake/boids__rosidl_typesupport_introspection_cExport-noconfig.cmake
[18.153s] -- Up-to-date: /home/fourdds/ros2_ws/install/boids/share/boids/cmake/boids__rosidl_typesupport_cExport.cmake
[18.153s] -- Up-to-date: /home/fourdds/ros2_ws/install/boids/share/boids/cmake/boids__rosidl_typesupport_cExport-noconfig.cmake
[18.153s] -- Up-to-date: /home/fourdds/ros2_ws/install/boids/share/boids/cmake/boids__rosidl_typesupport_introspection_cppExport.cmake
[18.153s] -- Up-to-date: /home/fourdds/ros2_ws/install/boids/share/boids/cmake/boids__rosidl_typesupport_introspection_cppExport-noconfig.cmake
[18.153s] -- Up-to-date: /home/fourdds/ros2_ws/install/boids/share/boids/cmake/boids__rosidl_typesupport_cppExport.cmake
[18.153s] -- Up-to-date: /home/fourdds/ros2_ws/install/boids/share/boids/cmake/boids__rosidl_typesupport_cppExport-noconfig.cmake
[18.153s] -- Up-to-date: /home/fourdds/ros2_ws/install/boids/share/boids/cmake/export_boids__rosidl_generator_pyExport.cmake
[18.153s] -- Up-to-date: /home/fourdds/ros2_ws/install/boids/share/boids/cmake/export_boids__rosidl_generator_pyExport-noconfig.cmake
[18.153s] -- Up-to-date: /home/fourdds/ros2_ws/install/boids/share/boids/cmake/export_frame_transformsExport.cmake
[18.153s] -- Up-to-date: /home/fourdds/ros2_ws/install/boids/share/boids/cmake/export_frame_transformsExport-noconfig.cmake
[18.153s] -- Up-to-date: /home/fourdds/ros2_ws/install/boids/share/boids/cmake/rosidl_cmake-extras.cmake
[18.153s] -- Up-to-date: /home/fourdds/ros2_ws/install/boids/share/boids/cmake/ament_cmake_export_include_directories-extras.cmake
[18.153s] -- Up-to-date: /home/fourdds/ros2_ws/install/boids/share/boids/cmake/ament_cmake_export_libraries-extras.cmake
[18.154s] -- Up-to-date: /home/fourdds/ros2_ws/install/boids/share/boids/cmake/ament_cmake_export_targets-extras.cmake
[18.154s] -- Up-to-date: /home/fourdds/ros2_ws/install/boids/share/boids/cmake/rosidl_cmake_export_typesupport_targets-extras.cmake
[18.154s] -- Up-to-date: /home/fourdds/ros2_ws/install/boids/share/boids/cmake/ament_cmake_export_dependencies-extras.cmake
[18.154s] -- Up-to-date: /home/fourdds/ros2_ws/install/boids/share/boids/cmake/rosidl_cmake_export_typesupport_libraries-extras.cmake
[18.154s] -- Up-to-date: /home/fourdds/ros2_ws/install/boids/share/boids/cmake/boidsConfig.cmake
[18.154s] -- Up-to-date: /home/fourdds/ros2_ws/install/boids/share/boids/cmake/boidsConfig-version.cmake
[18.154s] -- Up-to-date: /home/fourdds/ros2_ws/install/boids/share/boids/package.xml
[18.155s] Invoked command in '/home/fourdds/ros2_ws/build/boids' returned '0': CMAKE_PREFIX_PATH=/home/fourdds/ros2_ws/install/px4_msgs:/home/fourdds/ros2_ws/install/px4_ros_com:/home/fourdds/ros2_ws/install/boids:/opt/ros/humble LD_LIBRARY_PATH=/home/fourdds/ros2_ws/install/px4_msgs/lib:/home/fourdds/ros2_ws/install/px4_ros_com/lib:/home/fourdds/ros2_ws/install/boids/lib:/usr/lib/x86_64-linux-gnu/gazebo-11/plugins:/opt/ros/humble/opt/rviz_ogre_vendor/lib:/opt/ros/humble/lib/x86_64-linux-gnu:/opt/ros/humble/lib /usr/bin/cmake --install /home/fourdds/ros2_ws/build/boids
