[0.009s] Invoking command in '/home/fourdds/ros2_ws/build/boids': CMAKE_PREFIX_PATH=/home/fourdds/ros2_ws/install/px4_msgs:/home/fourdds/ros2_ws/install/obstacle_avoidance:/home/fourdds/ros2_ws/install/uuv_boids:/home/fourdds/ros2_ws/install/stigmergy:/home/fourdds/ros2_ws/install/px4_ros_com:/home/fourdds/ros2_ws/install/iris-logger:/home/fourdds/ros2_ws/install/boids:/home/fourdds/ros2_ws/install/logging:/home/fourdds/ros2_ws/install/parameters:/opt/ros/humble LD_LIBRARY_PATH=/home/fourdds/ros2_ws/install/px4_msgs/lib:/home/fourdds/ros2_ws/install/obstacle_avoidance/lib:/home/fourdds/ros2_ws/install/uuv_boids/lib:/home/fourdds/ros2_ws/install/stigmergy/lib:/home/fourdds/ros2_ws/install/px4_ros_com/lib:/home/fourdds/ros2_ws/install/boids/lib:/home/fourdds/ros2_ws/install/parameters/lib:/usr/lib/x86_64-linux-gnu/gazebo-11/plugins:/opt/ros/humble/opt/rviz_ogre_vendor/lib:/opt/ros/humble/lib/x86_64-linux-gnu:/opt/ros/humble/lib /usr/bin/cmake --build /home/fourdds/ros2_ws/build/boids -- -j24 -l24
[0.034s] [ 11%] Built target boids__cpp
[0.034s] [ 11%] Built target boids__rosidl_generator_c
[0.039s] [ 11%] Built target ament_cmake_python_copy_boids
[0.041s] [ 20%] Built target swarm_spawner
[0.041s] [ 24%] Built target frame_transforms
[0.046s] [ 42%] Built target boids__rosidl_typesupport_fastrtps_c
[0.046s] [ 42%] Built target boids__rosidl_typesupport_cpp
[0.047s] [ 51%] Built target boids__rosidl_typesupport_c
[0.048s] [ 60%] Built target boids__rosidl_typesupport_introspection_c
[0.050s] [ 68%] Built target boids__rosidl_typesupport_fastrtps_cpp
[0.051s] [ 77%] Built target boids__rosidl_typesupport_introspection_cpp
[0.061s] [ 77%] Built target boids
[0.071s] [ 80%] Built target boids__py
[0.082s] [ 86%] Built target boids__rosidl_generator_py
[0.093s] [100%] Built target boids__rosidl_typesupport_introspection_c__pyext
[0.093s] [100%] Built target boids__rosidl_typesupport_c__pyext
[0.094s] [100%] Built target boids__rosidl_typesupport_fastrtps_c__pyext
[0.143s] running egg_info
[0.150s] writing boids.egg-info/PKG-INFO
[0.151s] writing dependency_links to boids.egg-info/dependency_links.txt
[0.151s] writing top-level names to boids.egg-info/top_level.txt
[0.171s] reading manifest file 'boids.egg-info/SOURCES.txt'
[0.172s] writing manifest file 'boids.egg-info/SOURCES.txt'
[0.188s] [100%] Built target ament_cmake_python_build_boids_egg
[0.194s] Invoked command in '/home/fourdds/ros2_ws/build/boids' returned '0': CMAKE_PREFIX_PATH=/home/fourdds/ros2_ws/install/px4_msgs:/home/fourdds/ros2_ws/install/obstacle_avoidance:/home/fourdds/ros2_ws/install/uuv_boids:/home/fourdds/ros2_ws/install/stigmergy:/home/fourdds/ros2_ws/install/px4_ros_com:/home/fourdds/ros2_ws/install/iris-logger:/home/fourdds/ros2_ws/install/boids:/home/fourdds/ros2_ws/install/logging:/home/fourdds/ros2_ws/install/parameters:/opt/ros/humble LD_LIBRARY_PATH=/home/fourdds/ros2_ws/install/px4_msgs/lib:/home/fourdds/ros2_ws/install/obstacle_avoidance/lib:/home/fourdds/ros2_ws/install/uuv_boids/lib:/home/fourdds/ros2_ws/install/stigmergy/lib:/home/fourdds/ros2_ws/install/px4_ros_com/lib:/home/fourdds/ros2_ws/install/boids/lib:/home/fourdds/ros2_ws/install/parameters/lib:/usr/lib/x86_64-linux-gnu/gazebo-11/plugins:/opt/ros/humble/opt/rviz_ogre_vendor/lib:/opt/ros/humble/lib/x86_64-linux-gnu:/opt/ros/humble/lib /usr/bin/cmake --build /home/fourdds/ros2_ws/build/boids -- -j24 -l24
[0.243s] Invoking command in '/home/fourdds/ros2_ws/build/boids': CMAKE_PREFIX_PATH=/home/fourdds/ros2_ws/install/px4_msgs:/home/fourdds/ros2_ws/install/obstacle_avoidance:/home/fourdds/ros2_ws/install/uuv_boids:/home/fourdds/ros2_ws/install/stigmergy:/home/fourdds/ros2_ws/install/px4_ros_com:/home/fourdds/ros2_ws/install/iris-logger:/home/fourdds/ros2_ws/install/boids:/home/fourdds/ros2_ws/install/logging:/home/fourdds/ros2_ws/install/parameters:/opt/ros/humble LD_LIBRARY_PATH=/home/fourdds/ros2_ws/install/px4_msgs/lib:/home/fourdds/ros2_ws/install/obstacle_avoidance/lib:/home/fourdds/ros2_ws/install/uuv_boids/lib:/home/fourdds/ros2_ws/install/stigmergy/lib:/home/fourdds/ros2_ws/install/px4_ros_com/lib:/home/fourdds/ros2_ws/install/boids/lib:/home/fourdds/ros2_ws/install/parameters/lib:/usr/lib/x86_64-linux-gnu/gazebo-11/plugins:/opt/ros/humble/opt/rviz_ogre_vendor/lib:/opt/ros/humble/lib/x86_64-linux-gnu:/opt/ros/humble/lib /usr/bin/cmake --install /home/fourdds/ros2_ws/build/boids
[0.246s] -- Install configuration: ""
[0.246s] -- Up-to-date: /home/fourdds/ros2_ws/install/boids/share/ament_index/resource_index/rosidl_interfaces/boids
[0.246s] -- Up-to-date: /home/fourdds/ros2_ws/install/boids/include/boids/boids
[0.247s] -- Up-to-date: /home/fourdds/ros2_ws/install/boids/include/boids/boids/msg
[0.247s] -- Up-to-date: /home/fourdds/ros2_ws/install/boids/include/boids/boids/msg/rosidl_generator_c__visibility_control.h
[0.247s] -- Up-to-date: /home/fourdds/ros2_ws/install/boids/include/boids/boids/msg/detail
[0.247s] -- Up-to-date: /home/fourdds/ros2_ws/install/boids/include/boids/boids/msg/detail/flocking__functions.c
[0.247s] -- Up-to-date: /home/fourdds/ros2_ws/install/boids/include/boids/boids/msg/detail/geo_ping__type_support.h
[0.247s] -- Up-to-date: /home/fourdds/ros2_ws/install/boids/include/boids/boids/msg/detail/geo_ping__functions.c
[0.247s] -- Up-to-date: /home/fourdds/ros2_ws/install/boids/include/boids/boids/msg/detail/flocking__functions.h
[0.247s] -- Up-to-date: /home/fourdds/ros2_ws/install/boids/include/boids/boids/msg/detail/flocking__struct.h
[0.247s] -- Up-to-date: /home/fourdds/ros2_ws/install/boids/include/boids/boids/msg/detail/flocking__type_support.h
[0.247s] -- Up-to-date: /home/fourdds/ros2_ws/install/boids/include/boids/boids/msg/detail/geo_ping__struct.h
[0.247s] -- Up-to-date: /home/fourdds/ros2_ws/install/boids/include/boids/boids/msg/detail/geo_ping__functions.h
[0.247s] -- Up-to-date: /home/fourdds/ros2_ws/install/boids/include/boids/boids/msg/geo_ping.h
[0.247s] -- Up-to-date: /home/fourdds/ros2_ws/install/boids/include/boids/boids/msg/flocking.h
[0.248s] -- Up-to-date: /home/fourdds/ros2_ws/install/boids/share/boids/environment/library_path.sh
[0.248s] -- Up-to-date: /home/fourdds/ros2_ws/install/boids/share/boids/environment/library_path.dsv
[0.248s] -- Up-to-date: /home/fourdds/ros2_ws/install/boids/lib/libboids__rosidl_generator_c.so
[0.248s] -- Up-to-date: /home/fourdds/ros2_ws/install/boids/include/boids/boids
[0.248s] -- Up-to-date: /home/fourdds/ros2_ws/install/boids/include/boids/boids/msg
[0.248s] -- Up-to-date: /home/fourdds/ros2_ws/install/boids/include/boids/boids/msg/detail
[0.248s] -- Up-to-date: /home/fourdds/ros2_ws/install/boids/include/boids/boids/msg/detail/geo_ping__rosidl_typesupport_fastrtps_c.h
[0.248s] -- Up-to-date: /home/fourdds/ros2_ws/install/boids/include/boids/boids/msg/detail/flocking__rosidl_typesupport_fastrtps_c.h
[0.248s] -- Up-to-date: /home/fourdds/ros2_ws/install/boids/include/boids/boids/msg/rosidl_typesupport_fastrtps_c__visibility_control.h
[0.248s] -- Up-to-date: /home/fourdds/ros2_ws/install/boids/lib/libboids__rosidl_typesupport_fastrtps_c.so
[0.248s] -- Up-to-date: /home/fourdds/ros2_ws/install/boids/include/boids/boids
[0.248s] -- Up-to-date: /home/fourdds/ros2_ws/install/boids/include/boids/boids/msg
[0.248s] -- Up-to-date: /home/fourdds/ros2_ws/install/boids/include/boids/boids/msg/geo_ping.hpp
[0.249s] -- Up-to-date: /home/fourdds/ros2_ws/install/boids/include/boids/boids/msg/detail
[0.249s] -- Up-to-date: /home/fourdds/ros2_ws/install/boids/include/boids/boids/msg/detail/flocking__builder.hpp
[0.249s] -- Up-to-date: /home/fourdds/ros2_ws/install/boids/include/boids/boids/msg/detail/geo_ping__traits.hpp
[0.249s] -- Up-to-date: /home/fourdds/ros2_ws/install/boids/include/boids/boids/msg/detail/flocking__traits.hpp
[0.249s] -- Up-to-date: /home/fourdds/ros2_ws/install/boids/include/boids/boids/msg/detail/geo_ping__builder.hpp
[0.249s] -- Up-to-date: /home/fourdds/ros2_ws/install/boids/include/boids/boids/msg/detail/flocking__struct.hpp
[0.249s] -- Up-to-date: /home/fourdds/ros2_ws/install/boids/include/boids/boids/msg/detail/geo_ping__struct.hpp
[0.249s] -- Up-to-date: /home/fourdds/ros2_ws/install/boids/include/boids/boids/msg/flocking.hpp
[0.249s] -- Up-to-date: /home/fourdds/ros2_ws/install/boids/include/boids/boids
[0.249s] -- Up-to-date: /home/fourdds/ros2_ws/install/boids/include/boids/boids/msg
[0.249s] -- Up-to-date: /home/fourdds/ros2_ws/install/boids/include/boids/boids/msg/detail
[0.249s] -- Up-to-date: /home/fourdds/ros2_ws/install/boids/include/boids/boids/msg/detail/flocking__rosidl_typesupport_fastrtps_cpp.hpp
[0.249s] -- Up-to-date: /home/fourdds/ros2_ws/install/boids/include/boids/boids/msg/detail/geo_ping__rosidl_typesupport_fastrtps_cpp.hpp
[0.249s] -- Up-to-date: /home/fourdds/ros2_ws/install/boids/include/boids/boids/msg/detail/dds_fastrtps
[0.249s] -- Up-to-date: /home/fourdds/ros2_ws/install/boids/include/boids/boids/msg/rosidl_typesupport_fastrtps_cpp__visibility_control.h
[0.249s] -- Up-to-date: /home/fourdds/ros2_ws/install/boids/lib/libboids__rosidl_typesupport_fastrtps_cpp.so
[0.249s] -- Up-to-date: /home/fourdds/ros2_ws/install/boids/include/boids/boids
[0.249s] -- Up-to-date: /home/fourdds/ros2_ws/install/boids/include/boids/boids/msg
[0.249s] -- Up-to-date: /home/fourdds/ros2_ws/install/boids/include/boids/boids/msg/detail
[0.249s] -- Up-to-date: /home/fourdds/ros2_ws/install/boids/include/boids/boids/msg/detail/geo_ping__rosidl_typesupport_introspection_c.h
[0.249s] -- Up-to-date: /home/fourdds/ros2_ws/install/boids/include/boids/boids/msg/detail/geo_ping__type_support.c
[0.249s] -- Up-to-date: /home/fourdds/ros2_ws/install/boids/include/boids/boids/msg/detail/flocking__type_support.c
[0.249s] -- Up-to-date: /home/fourdds/ros2_ws/install/boids/include/boids/boids/msg/detail/flocking__rosidl_typesupport_introspection_c.h
[0.249s] -- Up-to-date: /home/fourdds/ros2_ws/install/boids/include/boids/boids/msg/rosidl_typesupport_introspection_c__visibility_control.h
[0.249s] -- Up-to-date: /home/fourdds/ros2_ws/install/boids/lib/libboids__rosidl_typesupport_introspection_c.so
[0.249s] -- Up-to-date: /home/fourdds/ros2_ws/install/boids/lib/libboids__rosidl_typesupport_c.so
[0.249s] -- Up-to-date: /home/fourdds/ros2_ws/install/boids/include/boids/boids
[0.249s] -- Up-to-date: /home/fourdds/ros2_ws/install/boids/include/boids/boids/msg
[0.249s] -- Up-to-date: /home/fourdds/ros2_ws/install/boids/include/boids/boids/msg/detail
[0.249s] -- Up-to-date: /home/fourdds/ros2_ws/install/boids/include/boids/boids/msg/detail/geo_ping__type_support.cpp
[0.249s] -- Up-to-date: /home/fourdds/ros2_ws/install/boids/include/boids/boids/msg/detail/flocking__rosidl_typesupport_introspection_cpp.hpp
[0.249s] -- Up-to-date: /home/fourdds/ros2_ws/install/boids/include/boids/boids/msg/detail/geo_ping__rosidl_typesupport_introspection_cpp.hpp
[0.249s] -- Up-to-date: /home/fourdds/ros2_ws/install/boids/include/boids/boids/msg/detail/flocking__type_support.cpp
[0.250s] -- Up-to-date: /home/fourdds/ros2_ws/install/boids/lib/libboids__rosidl_typesupport_introspection_cpp.so
[0.250s] -- Up-to-date: /home/fourdds/ros2_ws/install/boids/lib/libboids__rosidl_typesupport_cpp.so
[0.250s] -- Up-to-date: /home/fourdds/ros2_ws/install/boids/share/boids/environment/pythonpath.sh
[0.250s] -- Up-to-date: /home/fourdds/ros2_ws/install/boids/share/boids/environment/pythonpath.dsv
[0.250s] -- Up-to-date: /home/fourdds/ros2_ws/install/boids/local/lib/python3.10/dist-packages/boids-0.0.0-py3.10.egg-info
[0.250s] -- Installing: /home/fourdds/ros2_ws/install/boids/local/lib/python3.10/dist-packages/boids-0.0.0-py3.10.egg-info/dependency_links.txt
[0.250s] -- Installing: /home/fourdds/ros2_ws/install/boids/local/lib/python3.10/dist-packages/boids-0.0.0-py3.10.egg-info/SOURCES.txt
[0.250s] -- Installing: /home/fourdds/ros2_ws/install/boids/local/lib/python3.10/dist-packages/boids-0.0.0-py3.10.egg-info/PKG-INFO
[0.250s] -- Installing: /home/fourdds/ros2_ws/install/boids/local/lib/python3.10/dist-packages/boids-0.0.0-py3.10.egg-info/top_level.txt
[0.250s] -- Up-to-date: /home/fourdds/ros2_ws/install/boids/local/lib/python3.10/dist-packages/boids
[0.250s] -- Up-to-date: /home/fourdds/ros2_ws/install/boids/local/lib/python3.10/dist-packages/boids/_boids_s.ep.rosidl_typesupport_fastrtps_c.c
[0.250s] -- Up-to-date: /home/fourdds/ros2_ws/install/boids/local/lib/python3.10/dist-packages/boids/boids_s__rosidl_typesupport_c.cpython-310-x86_64-linux-gnu.so
[0.250s] -- Up-to-date: /home/fourdds/ros2_ws/install/boids/local/lib/python3.10/dist-packages/boids/libboids__rosidl_generator_py.so
[0.250s] -- Up-to-date: /home/fourdds/ros2_ws/install/boids/local/lib/python3.10/dist-packages/boids/msg
[0.250s] -- Up-to-date: /home/fourdds/ros2_ws/install/boids/local/lib/python3.10/dist-packages/boids/msg/_flocking.py
[0.250s] -- Up-to-date: /home/fourdds/ros2_ws/install/boids/local/lib/python3.10/dist-packages/boids/msg/_geo_ping_s.c
[0.250s] -- Up-to-date: /home/fourdds/ros2_ws/install/boids/local/lib/python3.10/dist-packages/boids/msg/_flocking_s.c
[0.250s] -- Up-to-date: /home/fourdds/ros2_ws/install/boids/local/lib/python3.10/dist-packages/boids/msg/_geo_ping.py
[0.250s] -- Up-to-date: /home/fourdds/ros2_ws/install/boids/local/lib/python3.10/dist-packages/boids/msg/__init__.py
[0.250s] -- Up-to-date: /home/fourdds/ros2_ws/install/boids/local/lib/python3.10/dist-packages/boids/boids_s__rosidl_typesupport_introspection_c.cpython-310-x86_64-linux-gnu.so
[0.250s] -- Up-to-date: /home/fourdds/ros2_ws/install/boids/local/lib/python3.10/dist-packages/boids/_boids_s.ep.rosidl_typesupport_introspection_c.c
[0.250s] -- Up-to-date: /home/fourdds/ros2_ws/install/boids/local/lib/python3.10/dist-packages/boids/_boids_s.ep.rosidl_typesupport_c.c
[0.250s] -- Up-to-date: /home/fourdds/ros2_ws/install/boids/local/lib/python3.10/dist-packages/boids/boids_s__rosidl_typesupport_fastrtps_c.cpython-310-x86_64-linux-gnu.so
[0.250s] -- Up-to-date: /home/fourdds/ros2_ws/install/boids/local/lib/python3.10/dist-packages/boids/__init__.py
[0.268s] Listing '/home/fourdds/ros2_ws/install/boids/local/lib/python3.10/dist-packages/boids'...
[0.268s] Listing '/home/fourdds/ros2_ws/install/boids/local/lib/python3.10/dist-packages/boids/msg'...
[0.271s] -- Up-to-date: /home/fourdds/ros2_ws/install/boids/local/lib/python3.10/dist-packages/boids/boids_s__rosidl_typesupport_fastrtps_c.cpython-310-x86_64-linux-gnu.so
[0.271s] -- Up-to-date: /home/fourdds/ros2_ws/install/boids/local/lib/python3.10/dist-packages/boids/boids_s__rosidl_typesupport_introspection_c.cpython-310-x86_64-linux-gnu.so
[0.271s] -- Up-to-date: /home/fourdds/ros2_ws/install/boids/local/lib/python3.10/dist-packages/boids/boids_s__rosidl_typesupport_c.cpython-310-x86_64-linux-gnu.so
[0.271s] -- Up-to-date: /home/fourdds/ros2_ws/install/boids/lib/libboids__rosidl_generator_py.so
[0.272s] -- Up-to-date: /home/fourdds/ros2_ws/install/boids/share/boids/msg/GeoPing.idl
[0.272s] -- Up-to-date: /home/fourdds/ros2_ws/install/boids/share/boids/msg/Flocking.idl
[0.272s] -- Up-to-date: /home/fourdds/ros2_ws/install/boids/share/boids/msg/GeoPing.msg
[0.272s] -- Up-to-date: /home/fourdds/ros2_ws/install/boids/share/boids/msg/Flocking.msg
[0.272s] -- Up-to-date: /home/fourdds/ros2_ws/install/boids/lib/boids/swarm_spawner
[0.272s] -- Up-to-date: /home/fourdds/ros2_ws/install/boids/include/boids
[0.272s] -- Up-to-date: /home/fourdds/ros2_ws/install/boids/include/boids/placeholder.txt:Zone.Identifier
[0.272s] -- Up-to-date: /home/fourdds/ros2_ws/install/boids/include/boids/placeholder.txt
[0.272s] -- Up-to-date: /home/fourdds/ros2_ws/install/boids/include/boids/placeholder.txt:Zone.Identifier:Zone.Identifier
[0.272s] -- Up-to-date: /home/fourdds/ros2_ws/install/boids/lib/libframe_transforms.so
[0.272s] -- Up-to-date: /home/fourdds/ros2_ws/install/boids/share/boids//launch
[0.272s] -- Up-to-date: /home/fourdds/ros2_ws/install/boids/share/boids//launch/boids.launch.py
[0.273s] -- Up-to-date: /home/fourdds/ros2_ws/install/boids/share/boids//test
[0.273s] -- Up-to-date: /home/fourdds/ros2_ws/install/boids/share/boids//test/placeholder.txt:Zone.Identifier
[0.273s] -- Up-to-date: /home/fourdds/ros2_ws/install/boids/share/boids//test/placeholder.txt
[0.273s] -- Up-to-date: /home/fourdds/ros2_ws/install/boids/share/boids//test/placeholder.txt:Zone.Identifier:Zone.Identifier
[0.273s] -- Up-to-date: /home/fourdds/ros2_ws/install/boids/share/ament_index/resource_index/package_run_dependencies/boids
[0.273s] -- Up-to-date: /home/fourdds/ros2_ws/install/boids/share/ament_index/resource_index/parent_prefix_path/boids
[0.273s] -- Up-to-date: /home/fourdds/ros2_ws/install/boids/share/boids/environment/ament_prefix_path.sh
[0.273s] -- Up-to-date: /home/fourdds/ros2_ws/install/boids/share/boids/environment/ament_prefix_path.dsv
[0.273s] -- Up-to-date: /home/fourdds/ros2_ws/install/boids/share/boids/environment/path.sh
[0.273s] -- Up-to-date: /home/fourdds/ros2_ws/install/boids/share/boids/environment/path.dsv
[0.273s] -- Up-to-date: /home/fourdds/ros2_ws/install/boids/share/boids/local_setup.bash
[0.273s] -- Up-to-date: /home/fourdds/ros2_ws/install/boids/share/boids/local_setup.sh
[0.273s] -- Up-to-date: /home/fourdds/ros2_ws/install/boids/share/boids/local_setup.zsh
[0.273s] -- Up-to-date: /home/fourdds/ros2_ws/install/boids/share/boids/local_setup.dsv
[0.274s] -- Installing: /home/fourdds/ros2_ws/install/boids/share/boids/package.dsv
[0.274s] -- Up-to-date: /home/fourdds/ros2_ws/install/boids/share/ament_index/resource_index/packages/boids
[0.274s] -- Up-to-date: /home/fourdds/ros2_ws/install/boids/share/boids/cmake/export_boids__rosidl_generator_cExport.cmake
[0.274s] -- Up-to-date: /home/fourdds/ros2_ws/install/boids/share/boids/cmake/export_boids__rosidl_generator_cExport-noconfig.cmake
[0.274s] -- Up-to-date: /home/fourdds/ros2_ws/install/boids/share/boids/cmake/export_boids__rosidl_typesupport_fastrtps_cExport.cmake
[0.274s] -- Up-to-date: /home/fourdds/ros2_ws/install/boids/share/boids/cmake/export_boids__rosidl_typesupport_fastrtps_cExport-noconfig.cmake
[0.274s] -- Up-to-date: /home/fourdds/ros2_ws/install/boids/share/boids/cmake/export_boids__rosidl_generator_cppExport.cmake
[0.274s] -- Up-to-date: /home/fourdds/ros2_ws/install/boids/share/boids/cmake/export_boids__rosidl_typesupport_fastrtps_cppExport.cmake
[0.274s] -- Up-to-date: /home/fourdds/ros2_ws/install/boids/share/boids/cmake/export_boids__rosidl_typesupport_fastrtps_cppExport-noconfig.cmake
[0.274s] -- Up-to-date: /home/fourdds/ros2_ws/install/boids/share/boids/cmake/boids__rosidl_typesupport_introspection_cExport.cmake
[0.274s] -- Up-to-date: /home/fourdds/ros2_ws/install/boids/share/boids/cmake/boids__rosidl_typesupport_introspection_cExport-noconfig.cmake
[0.274s] -- Up-to-date: /home/fourdds/ros2_ws/install/boids/share/boids/cmake/boids__rosidl_typesupport_cExport.cmake
[0.274s] -- Up-to-date: /home/fourdds/ros2_ws/install/boids/share/boids/cmake/boids__rosidl_typesupport_cExport-noconfig.cmake
[0.274s] -- Up-to-date: /home/fourdds/ros2_ws/install/boids/share/boids/cmake/boids__rosidl_typesupport_introspection_cppExport.cmake
[0.274s] -- Up-to-date: /home/fourdds/ros2_ws/install/boids/share/boids/cmake/boids__rosidl_typesupport_introspection_cppExport-noconfig.cmake
[0.274s] -- Up-to-date: /home/fourdds/ros2_ws/install/boids/share/boids/cmake/boids__rosidl_typesupport_cppExport.cmake
[0.275s] -- Up-to-date: /home/fourdds/ros2_ws/install/boids/share/boids/cmake/boids__rosidl_typesupport_cppExport-noconfig.cmake
[0.275s] -- Up-to-date: /home/fourdds/ros2_ws/install/boids/share/boids/cmake/export_boids__rosidl_generator_pyExport.cmake
[0.275s] -- Up-to-date: /home/fourdds/ros2_ws/install/boids/share/boids/cmake/export_boids__rosidl_generator_pyExport-noconfig.cmake
[0.275s] -- Up-to-date: /home/fourdds/ros2_ws/install/boids/share/boids/cmake/export_frame_transformsExport.cmake
[0.275s] -- Up-to-date: /home/fourdds/ros2_ws/install/boids/share/boids/cmake/export_frame_transformsExport-noconfig.cmake
[0.275s] -- Up-to-date: /home/fourdds/ros2_ws/install/boids/share/boids/cmake/rosidl_cmake-extras.cmake
[0.275s] -- Up-to-date: /home/fourdds/ros2_ws/install/boids/share/boids/cmake/ament_cmake_export_include_directories-extras.cmake
[0.275s] -- Up-to-date: /home/fourdds/ros2_ws/install/boids/share/boids/cmake/ament_cmake_export_libraries-extras.cmake
[0.275s] -- Up-to-date: /home/fourdds/ros2_ws/install/boids/share/boids/cmake/ament_cmake_export_targets-extras.cmake
[0.275s] -- Up-to-date: /home/fourdds/ros2_ws/install/boids/share/boids/cmake/rosidl_cmake_export_typesupport_targets-extras.cmake
[0.275s] -- Up-to-date: /home/fourdds/ros2_ws/install/boids/share/boids/cmake/ament_cmake_export_dependencies-extras.cmake
[0.275s] -- Up-to-date: /home/fourdds/ros2_ws/install/boids/share/boids/cmake/rosidl_cmake_export_typesupport_libraries-extras.cmake
[0.275s] -- Up-to-date: /home/fourdds/ros2_ws/install/boids/share/boids/cmake/boidsConfig.cmake
[0.276s] -- Up-to-date: /home/fourdds/ros2_ws/install/boids/share/boids/cmake/boidsConfig-version.cmake
[0.276s] -- Up-to-date: /home/fourdds/ros2_ws/install/boids/share/boids/package.xml
[0.276s] Invoked command in '/home/fourdds/ros2_ws/build/boids' returned '0': CMAKE_PREFIX_PATH=/home/fourdds/ros2_ws/install/px4_msgs:/home/fourdds/ros2_ws/install/obstacle_avoidance:/home/fourdds/ros2_ws/install/uuv_boids:/home/fourdds/ros2_ws/install/stigmergy:/home/fourdds/ros2_ws/install/px4_ros_com:/home/fourdds/ros2_ws/install/iris-logger:/home/fourdds/ros2_ws/install/boids:/home/fourdds/ros2_ws/install/logging:/home/fourdds/ros2_ws/install/parameters:/opt/ros/humble LD_LIBRARY_PATH=/home/fourdds/ros2_ws/install/px4_msgs/lib:/home/fourdds/ros2_ws/install/obstacle_avoidance/lib:/home/fourdds/ros2_ws/install/uuv_boids/lib:/home/fourdds/ros2_ws/install/stigmergy/lib:/home/fourdds/ros2_ws/install/px4_ros_com/lib:/home/fourdds/ros2_ws/install/boids/lib:/home/fourdds/ros2_ws/install/parameters/lib:/usr/lib/x86_64-linux-gnu/gazebo-11/plugins:/opt/ros/humble/opt/rviz_ogre_vendor/lib:/opt/ros/humble/lib/x86_64-linux-gnu:/opt/ros/humble/lib /usr/bin/cmake --install /home/fourdds/ros2_ws/build/boids
