[0.352s] Invoking command in '/home/fourdds/ros2_ws/src/analysis': PYTHONPATH=/home/fourdds/ros2_ws/build/analysis/prefix_override:/home/fourdds/ros2_ws/install/analysis/lib/python3.10/site-packages:${PYTHONPATH} /usr/bin/python3 -W ignore:setup.py install is deprecated setup.py egg_info --egg-base ../../build/analysis build --build-base /home/fourdds/ros2_ws/build/analysis/build install --record /home/fourdds/ros2_ws/build/analysis/install.log --single-version-externally-managed install_data
[0.464s] running egg_info
[0.470s] writing ../../build/analysis/analysis.egg-info/PKG-INFO
[0.470s] writing dependency_links to ../../build/analysis/analysis.egg-info/dependency_links.txt
[0.470s] writing entry points to ../../build/analysis/analysis.egg-info/entry_points.txt
[0.471s] writing requirements to ../../build/analysis/analysis.egg-info/requires.txt
[0.471s] writing top-level names to ../../build/analysis/analysis.egg-info/top_level.txt
[0.483s] reading manifest file '../../build/analysis/analysis.egg-info/SOURCES.txt'
[0.483s] adding license file 'LICENSE'
[0.483s] writing manifest file '../../build/analysis/analysis.egg-info/SOURCES.txt'
[0.483s] running build
[0.484s] running build_py
[0.484s] copying analysis/PathView.py -> /home/fourdds/ros2_ws/build/analysis/build/lib/analysis
[0.484s] copying analysis/__init__.py -> /home/fourdds/ros2_ws/build/analysis/build/lib/analysis
[0.484s] running install
[0.487s] running install_lib
[0.492s] copying /home/fourdds/ros2_ws/build/analysis/build/lib/analysis/PathView.py -> /home/fourdds/ros2_ws/install/analysis/lib/python3.10/site-packages/analysis
[0.493s] byte-compiling /home/fourdds/ros2_ws/install/analysis/lib/python3.10/site-packages/analysis/PathView.py to PathView.cpython-310.pyc
[0.494s] running install_data
[0.494s] copying resource/analysis -> /home/fourdds/ros2_ws/install/analysis/share/ament_index/resource_index/packages
[0.494s] copying package.xml -> /home/fourdds/ros2_ws/install/analysis/share/analysis
[0.494s] running install_egg_info
[0.500s] removing '/home/fourdds/ros2_ws/install/analysis/lib/python3.10/site-packages/analysis-0.0.0-py3.10.egg-info' (and everything under it)
[0.500s] Copying ../../build/analysis/analysis.egg-info to /home/fourdds/ros2_ws/install/analysis/lib/python3.10/site-packages/analysis-0.0.0-py3.10.egg-info
[0.500s] running install_scripts
[0.560s] Installing PathView script to /home/fourdds/ros2_ws/install/analysis/lib/analysis
[0.560s] writing list of installed files to '/home/fourdds/ros2_ws/build/analysis/install.log'
[0.576s] Invoked command in '/home/fourdds/ros2_ws/src/analysis' returned '0': PYTHONPATH=/home/fourdds/ros2_ws/build/analysis/prefix_override:/home/fourdds/ros2_ws/install/analysis/lib/python3.10/site-packages:${PYTHONPATH} /usr/bin/python3 -W ignore:setup.py install is deprecated setup.py egg_info --egg-base ../../build/analysis build --build-base /home/fourdds/ros2_ws/build/analysis/build install --record /home/fourdds/ros2_ws/build/analysis/install.log --single-version-externally-managed install_data
