-- Found ament_cmake: 1.3.8 (/opt/ros/humble/share/ament_cmake/cmake)
-- Found builtin_interfaces: 1.2.1 (/opt/ros/humble/share/builtin_interfaces/cmake)
-- Found rosidl_generator_c: 3.1.5 (/opt/ros/humble/share/rosidl_generator_c/cmake)
-- Found rosidl_adapter: 3.1.5 (/opt/ros/humble/share/rosidl_adapter/cmake)
-- Found rosidl_generator_cpp: 3.1.5 (/opt/ros/humble/share/rosidl_generator_cpp/cmake)
-- Using all available rosidl_typesupport_c: rosidl_typesupport_fastrtps_c;rosidl_typesupport_introspection_c
-- Using all available rosidl_typesupport_cpp: rosidl_typesupport_fastrtps_cpp;rosidl_typesupport_introspection_cpp
-- Found eigen3_cmake_module: 0.1.1 (/opt/ros/humble/share/eigen3_cmake_module/cmake)
-- Found geometry_msgs: 4.2.3 (/opt/ros/humble/share/geometry_msgs/cmake)
-- Found px4_msgs: 2.0.1 (/home/fourdds/ros2_ws/install/px4_msgs/share/px4_msgs/cmake)
-- Found rclcpp: 16.0.8 (/opt/ros/humble/share/rclcpp/cmake)
-- Found rmw_implementation_cmake: 6.1.1 (/opt/ros/humble/share/rmw_implementation_cmake/cmake)
-- Found rmw_fastrtps_cpp: 6.2.6 (/opt/ros/humble/share/rmw_fastrtps_cpp/cmake)
-- Using RMW implementation 'rmw_fastrtps_cpp' as default
-- Found sensor_msgs: 4.2.3 (/opt/ros/humble/share/sensor_msgs/cmake)
-- Found rclpy: 3.3.12 (/opt/ros/humble/share/rclpy/cmake)
-- Found boids: 0.0.0 (/home/fourdds/ros2_ws/install/boids/share/boids/cmake)
-- Found rosidl_default_generators: 1.2.0 (/opt/ros/humble/share/rosidl_default_generators/cmake)
-- Found ament_cmake_ros: 0.10.0 (/opt/ros/humble/share/ament_cmake_ros/cmake)
-- Using all available rosidl_typesupport_c: rosidl_typesupport_fastrtps_c;rosidl_typesupport_introspection_c
-- Using all available rosidl_typesupport_cpp: rosidl_typesupport_fastrtps_cpp;rosidl_typesupport_introspection_cpp
-- Found python_cmake_module: 0.10.0 (/opt/ros/humble/share/python_cmake_module/cmake)
-- Using PYTHON_EXECUTABLE: /usr/bin/python3
-- Using PYTHON_INCLUDE_DIRS: /usr/include/python3.10
-- Using PYTHON_LIBRARIES: /usr/lib/x86_64-linux-gnu/libpython3.10.so
-- Found ament_lint_auto: 0.12.10 (/opt/ros/humble/share/ament_lint_auto/cmake)
-- Added test 'copyright' to check source files copyright and LICENSE
-- Added test 'cppcheck' to perform static code analysis on C / C++ code
-- Configured cppcheck include dirs: /home/fourdds/ros2_ws/src/boids/include;$<BUILD_INTERFACE:/home/fourdds/ros2_ws/src/boids/include/boids>
-- Configured cppcheck exclude dirs and/or files: 
-- Added test 'cpplint' to check C / C++ code against the Google style
-- Configured cpplint exclude dirs and/or files: 
-- Added test 'flake8' to check Python code syntax and style conventions
-- Added test 'lint_cmake' to check CMake code style
-- Added test 'pep257' to check Python code against some of the docstring style conventions in PEP 257
-- Added test 'uncrustify' to check C / C++ code style
-- Configured uncrustify additional arguments: 
-- Added test 'xmllint' to check XML markup files
-- Configuring done
-- Generating done
-- Build files have been written to: /home/fourdds/ros2_ws/build/boids
[35m[1mConsolidate compiler generated dependencies of target boids__rosidl_generator_c[0m
[35m[1mConsolidate compiler generated dependencies of target frame_transforms[0m
[35m[1mConsolidate compiler generated dependencies of target uavs_spawner[0m
[  2%] Built target boids__cpp
[ 10%] Built target boids__rosidl_generator_c
[ 13%] Built target ament_cmake_python_copy_boids
[ 16%] Built target frame_transforms
[35m[1mConsolidate compiler generated dependencies of target boids__rosidl_typesupport_cpp[0m
[35m[1mConsolidate compiler generated dependencies of target boids__rosidl_typesupport_fastrtps_cpp[0m
[35m[1mConsolidate compiler generated dependencies of target boids__rosidl_typesupport_introspection_c[0m
[35m[1mConsolidate compiler generated dependencies of target boids__rosidl_typesupport_fastrtps_c[0m
[35m[1mConsolidate compiler generated dependencies of target boids__rosidl_typesupport_introspection_cpp[0m
[35m[1mConsolidate compiler generated dependencies of target boids__rosidl_typesupport_c[0m
[ 18%] [32mBuilding CXX object CMakeFiles/uavs_spawner.dir/src/swarm_master.cpp.o[0m
[ 27%] Built target boids__rosidl_typesupport_cpp
[ 35%] Built target boids__rosidl_typesupport_fastrtps_cpp
[ 43%] Built target boids__rosidl_typesupport_fastrtps_c
[ 51%] Built target boids__rosidl_typesupport_introspection_cpp
[ 59%] Built target boids__rosidl_typesupport_introspection_c
[ 67%] Built target boids__rosidl_typesupport_c
[ 67%] Built target boids
[ 70%] Built target boids__py
[35m[1mConsolidate compiler generated dependencies of target boids__rosidl_generator_py[0m
[ 75%] Built target boids__rosidl_generator_py
[35m[1mConsolidate compiler generated dependencies of target boids__rosidl_typesupport_fastrtps_c__pyext[0m
[35m[1mConsolidate compiler generated dependencies of target boids__rosidl_typesupport_introspection_c__pyext[0m
[35m[1mConsolidate compiler generated dependencies of target boids__rosidl_typesupport_c__pyext[0m
[ 91%] Built target boids__rosidl_typesupport_fastrtps_c__pyext
[ 91%] Built target boids__rosidl_typesupport_introspection_c__pyext
[ 91%] Built target boids__rosidl_typesupport_c__pyext
running egg_info
writing boids.egg-info/PKG-INFO
writing dependency_links to boids.egg-info/dependency_links.txt
writing top-level names to boids.egg-info/top_level.txt
reading manifest file 'boids.egg-info/SOURCES.txt'
writing manifest file 'boids.egg-info/SOURCES.txt'
[ 91%] Built target ament_cmake_python_build_boids_egg
