[0.028s] Invoking command in '/home/fourdds/ros2_ws/build/obstacle_avoidance': CMAKE_PREFIX_PATH=/home/fourdds/ros2_ws/install/parameters:/home/fourdds/ws/install/vision_opencv:/home/fourdds/ws/install/image_geometry:/home/fourdds/ws/install/gazebo_ros_pkgs:/home/fourdds/ws/install/gazebo_plugins:/home/fourdds/ws/install/gazebo_ros:/home/fourdds/ws/install/gazebo_msgs:/home/fourdds/ws/install/gazebo_dev:/home/fourdds/ws/install/cv_bridge:/home/fourdds/ros2_ws/install/target_detection:/home/fourdds/ros2_ws/install/stigmergy_map:/home/fourdds/ros2_ws/install/px4_ros_com:/home/fourdds/ros2_ws/install/px4_msgs:/home/fourdds/ros2_ws/install/obstacle_avoidance:/home/fourdds/ros2_ws/install/fdds_messages:/home/fourdds/ros2_ws/install/drone:/home/fourdds/ros2_ws/install/base_station:/home/fourdds/ws/install/opencv_tests:/home/fourdds/ros2_ws/install/analysis:/opt/ros/humble /usr/bin/cmake --build /home/fourdds/ros2_ws/build/obstacle_avoidance -- -j24 -l24
[0.057s] [35m[1mConsolidate compiler generated dependencies of target ObstacleAvoidance[0m
[0.068s] [100%] Built target ObstacleAvoidance
[0.075s] Invoked command in '/home/fourdds/ros2_ws/build/obstacle_avoidance' returned '0': CMAKE_PREFIX_PATH=/home/fourdds/ros2_ws/install/parameters:/home/fourdds/ws/install/vision_opencv:/home/fourdds/ws/install/image_geometry:/home/fourdds/ws/install/gazebo_ros_pkgs:/home/fourdds/ws/install/gazebo_plugins:/home/fourdds/ws/install/gazebo_ros:/home/fourdds/ws/install/gazebo_msgs:/home/fourdds/ws/install/gazebo_dev:/home/fourdds/ws/install/cv_bridge:/home/fourdds/ros2_ws/install/target_detection:/home/fourdds/ros2_ws/install/stigmergy_map:/home/fourdds/ros2_ws/install/px4_ros_com:/home/fourdds/ros2_ws/install/px4_msgs:/home/fourdds/ros2_ws/install/obstacle_avoidance:/home/fourdds/ros2_ws/install/fdds_messages:/home/fourdds/ros2_ws/install/drone:/home/fourdds/ros2_ws/install/base_station:/home/fourdds/ws/install/opencv_tests:/home/fourdds/ros2_ws/install/analysis:/opt/ros/humble /usr/bin/cmake --build /home/fourdds/ros2_ws/build/obstacle_avoidance -- -j24 -l24
[0.092s] Invoking command in '/home/fourdds/ros2_ws/build/obstacle_avoidance': CMAKE_PREFIX_PATH=/home/fourdds/ros2_ws/install/parameters:/home/fourdds/ws/install/vision_opencv:/home/fourdds/ws/install/image_geometry:/home/fourdds/ws/install/gazebo_ros_pkgs:/home/fourdds/ws/install/gazebo_plugins:/home/fourdds/ws/install/gazebo_ros:/home/fourdds/ws/install/gazebo_msgs:/home/fourdds/ws/install/gazebo_dev:/home/fourdds/ws/install/cv_bridge:/home/fourdds/ros2_ws/install/target_detection:/home/fourdds/ros2_ws/install/stigmergy_map:/home/fourdds/ros2_ws/install/px4_ros_com:/home/fourdds/ros2_ws/install/px4_msgs:/home/fourdds/ros2_ws/install/obstacle_avoidance:/home/fourdds/ros2_ws/install/fdds_messages:/home/fourdds/ros2_ws/install/drone:/home/fourdds/ros2_ws/install/base_station:/home/fourdds/ws/install/opencv_tests:/home/fourdds/ros2_ws/install/analysis:/opt/ros/humble /usr/bin/cmake --install /home/fourdds/ros2_ws/build/obstacle_avoidance
[0.097s] -- Install configuration: ""
[0.097s] -- Up-to-date: /home/fourdds/ros2_ws/install/obstacle_avoidance/share/obstacle_avoidance/environment/library_path.sh
[0.098s] -- Up-to-date: /home/fourdds/ros2_ws/install/obstacle_avoidance/share/obstacle_avoidance/environment/library_path.dsv
[0.098s] -- Up-to-date: /home/fourdds/ros2_ws/install/obstacle_avoidance/include/obstacle_avoidance
[0.098s] -- Up-to-date: /home/fourdds/ros2_ws/install/obstacle_avoidance/include/obstacle_avoidance/ObstacleAvoidance.hpp
[0.098s] -- Up-to-date: /home/fourdds/ros2_ws/install/obstacle_avoidance/lib/libObstacleAvoidance.a
[0.098s] -- Up-to-date: /home/fourdds/ros2_ws/install/obstacle_avoidance/share/ament_index/resource_index/package_run_dependencies/obstacle_avoidance
[0.098s] -- Up-to-date: /home/fourdds/ros2_ws/install/obstacle_avoidance/share/ament_index/resource_index/parent_prefix_path/obstacle_avoidance
[0.098s] -- Up-to-date: /home/fourdds/ros2_ws/install/obstacle_avoidance/share/obstacle_avoidance/environment/ament_prefix_path.sh
[0.098s] -- Up-to-date: /home/fourdds/ros2_ws/install/obstacle_avoidance/share/obstacle_avoidance/environment/ament_prefix_path.dsv
[0.098s] -- Up-to-date: /home/fourdds/ros2_ws/install/obstacle_avoidance/share/obstacle_avoidance/environment/path.sh
[0.098s] -- Up-to-date: /home/fourdds/ros2_ws/install/obstacle_avoidance/share/obstacle_avoidance/environment/path.dsv
[0.098s] -- Up-to-date: /home/fourdds/ros2_ws/install/obstacle_avoidance/share/obstacle_avoidance/local_setup.bash
[0.098s] -- Up-to-date: /home/fourdds/ros2_ws/install/obstacle_avoidance/share/obstacle_avoidance/local_setup.sh
[0.098s] -- Up-to-date: /home/fourdds/ros2_ws/install/obstacle_avoidance/share/obstacle_avoidance/local_setup.zsh
[0.098s] -- Up-to-date: /home/fourdds/ros2_ws/install/obstacle_avoidance/share/obstacle_avoidance/local_setup.dsv
[0.098s] -- Installing: /home/fourdds/ros2_ws/install/obstacle_avoidance/share/obstacle_avoidance/package.dsv
[0.099s] -- Up-to-date: /home/fourdds/ros2_ws/install/obstacle_avoidance/share/ament_index/resource_index/packages/obstacle_avoidance
[0.099s] -- Up-to-date: /home/fourdds/ros2_ws/install/obstacle_avoidance/share/obstacle_avoidance/cmake/ament_cmake_export_include_directories-extras.cmake
[0.099s] -- Up-to-date: /home/fourdds/ros2_ws/install/obstacle_avoidance/share/obstacle_avoidance/cmake/ament_cmake_export_libraries-extras.cmake
[0.099s] -- Up-to-date: /home/fourdds/ros2_ws/install/obstacle_avoidance/share/obstacle_avoidance/cmake/obstacle_avoidanceConfig.cmake
[0.099s] -- Up-to-date: /home/fourdds/ros2_ws/install/obstacle_avoidance/share/obstacle_avoidance/cmake/obstacle_avoidanceConfig-version.cmake
[0.100s] -- Up-to-date: /home/fourdds/ros2_ws/install/obstacle_avoidance/share/obstacle_avoidance/package.xml
[0.101s] Invoked command in '/home/fourdds/ros2_ws/build/obstacle_avoidance' returned '0': CMAKE_PREFIX_PATH=/home/fourdds/ros2_ws/install/parameters:/home/fourdds/ws/install/vision_opencv:/home/fourdds/ws/install/image_geometry:/home/fourdds/ws/install/gazebo_ros_pkgs:/home/fourdds/ws/install/gazebo_plugins:/home/fourdds/ws/install/gazebo_ros:/home/fourdds/ws/install/gazebo_msgs:/home/fourdds/ws/install/gazebo_dev:/home/fourdds/ws/install/cv_bridge:/home/fourdds/ros2_ws/install/target_detection:/home/fourdds/ros2_ws/install/stigmergy_map:/home/fourdds/ros2_ws/install/px4_ros_com:/home/fourdds/ros2_ws/install/px4_msgs:/home/fourdds/ros2_ws/install/obstacle_avoidance:/home/fourdds/ros2_ws/install/fdds_messages:/home/fourdds/ros2_ws/install/drone:/home/fourdds/ros2_ws/install/base_station:/home/fourdds/ws/install/opencv_tests:/home/fourdds/ros2_ws/install/analysis:/opt/ros/humble /usr/bin/cmake --install /home/fourdds/ros2_ws/build/obstacle_avoidance
