[0.511s] Invoking command in '/home/fourdds/ros2_ws/build/target_detection': CMAKE_PREFIX_PATH=/opt/ros/humble /usr/bin/cmake --build /home/fourdds/ros2_ws/build/target_detection -- -j16 -l16
[0.684s] [100%] Built target TargetDetection
[0.731s] Invoked command in '/home/fourdds/ros2_ws/build/target_detection' returned '0': CMAKE_PREFIX_PATH=/opt/ros/humble /usr/bin/cmake --build /home/fourdds/ros2_ws/build/target_detection -- -j16 -l16
[0.801s] Invoking command in '/home/fourdds/ros2_ws/build/target_detection': CMAKE_PREFIX_PATH=/opt/ros/humble /usr/bin/cmake --install /home/fourdds/ros2_ws/build/target_detection
[0.821s] -- Install configuration: ""
[0.824s] -- Execute custom install script
[0.825s] -- Up-to-date symlink: /home/fourdds/ros2_ws/install/target_detection/share/target_detection/environment/library_path.sh
[0.825s] -- Up-to-date symlink: /home/fourdds/ros2_ws/install/target_detection/share/target_detection/environment/library_path.dsv
[0.825s] -- Up-to-date symlink: /home/fourdds/ros2_ws/install/target_detection/include/target_detection/TargetDetection.hpp
[0.826s] -- Up-to-date symlink: /home/fourdds/ros2_ws/install/target_detection/share/ament_index/resource_index/package_run_dependencies/target_detection
[0.826s] -- Up-to-date symlink: /home/fourdds/ros2_ws/install/target_detection/share/ament_index/resource_index/parent_prefix_path/target_detection
[0.827s] -- Up-to-date symlink: /home/fourdds/ros2_ws/install/target_detection/share/target_detection/environment/ament_prefix_path.sh
[0.829s] -- Up-to-date symlink: /home/fourdds/ros2_ws/install/target_detection/share/target_detection/environment/ament_prefix_path.dsv
[0.830s] -- Up-to-date symlink: /home/fourdds/ros2_ws/install/target_detection/share/target_detection/environment/path.sh
[0.832s] -- Up-to-date symlink: /home/fourdds/ros2_ws/install/target_detection/share/target_detection/environment/path.dsv
[0.833s] -- Up-to-date symlink: /home/fourdds/ros2_ws/install/target_detection/share/target_detection/local_setup.bash
[0.836s] -- Up-to-date symlink: /home/fourdds/ros2_ws/install/target_detection/share/target_detection/local_setup.sh
[0.838s] -- Up-to-date symlink: /home/fourdds/ros2_ws/install/target_detection/share/target_detection/local_setup.zsh
[0.839s] -- Up-to-date symlink: /home/fourdds/ros2_ws/install/target_detection/share/target_detection/local_setup.dsv
[0.839s] -- Symlinking: /home/fourdds/ros2_ws/install/target_detection/share/target_detection/package.dsv
[0.848s] -- Up-to-date symlink: /home/fourdds/ros2_ws/install/target_detection/share/ament_index/resource_index/packages/target_detection
[0.849s] -- Up-to-date symlink: /home/fourdds/ros2_ws/install/target_detection/share/target_detection/cmake/ament_cmake_export_include_directories-extras.cmake
[0.851s] -- Up-to-date symlink: /home/fourdds/ros2_ws/install/target_detection/share/target_detection/cmake/ament_cmake_export_libraries-extras.cmake
[0.851s] -- Up-to-date symlink: /home/fourdds/ros2_ws/install/target_detection/share/target_detection/cmake/target_detectionConfig.cmake
[0.852s] -- Up-to-date symlink: /home/fourdds/ros2_ws/install/target_detection/share/target_detection/cmake/target_detectionConfig-version.cmake
[0.853s] -- Up-to-date symlink: /home/fourdds/ros2_ws/install/target_detection/share/target_detection/package.xml
[0.854s] -- Up-to-date: /home/fourdds/ros2_ws/install/target_detection/lib/libTargetDetection.a
[0.907s] Invoked command in '/home/fourdds/ros2_ws/build/target_detection' returned '0': CMAKE_PREFIX_PATH=/opt/ros/humble /usr/bin/cmake --install /home/fourdds/ros2_ws/build/target_detection
