[0.010s] Invoking command in '/home/fourdds/ros2_ws/build/target_detection': CMAKE_PREFIX_PATH=${CMAKE_PREFIX_PATH}:/home/fourdds/ros2_ws/install/analysis:/opt/ros/humble /usr/bin/cmake --build /home/fourdds/ros2_ws/build/target_detection -- -j24 -l24
[0.026s] -- Found ament_cmake: 1.3.9 (/opt/ros/humble/share/ament_cmake/cmake)
[0.121s] -- Found sensor_msgs: 4.2.4 (/opt/ros/humble/share/sensor_msgs/cmake)
[0.214s] -- Found rosidl_generator_c: 3.1.5 (/opt/ros/humble/share/rosidl_generator_c/cmake)
[0.216s] -- Found rosidl_adapter: 3.1.5 (/opt/ros/humble/share/rosidl_adapter/cmake)
[0.223s] -- Found rosidl_generator_cpp: 3.1.5 (/opt/ros/humble/share/rosidl_generator_cpp/cmake)
[0.230s] -- Using all available rosidl_typesupport_c: rosidl_typesupport_fastrtps_c;rosidl_typesupport_introspection_c
[0.239s] -- Using all available rosidl_typesupport_cpp: rosidl_typesupport_fastrtps_cpp;rosidl_typesupport_introspection_cpp
[0.364s] -- Found parameters: 0.0.0 (/home/fourdds/ros2_ws/install/parameters/share/parameters/cmake)
[0.364s] -- Found rclcpp: 16.0.9 (/opt/ros/humble/share/rclcpp/cmake)
[0.393s] -- Found rmw_implementation_cmake: 6.1.2 (/opt/ros/humble/share/rmw_implementation_cmake/cmake)
[0.394s] -- Found rmw_fastrtps_cpp: 6.2.6 (/opt/ros/humble/share/rmw_fastrtps_cpp/cmake)
[3.156s] -- Using RMW implementation 'rmw_fastrtps_cpp' as default
[3.244s] -- Found ament_lint_auto: 0.12.11 (/opt/ros/humble/share/ament_lint_auto/cmake)
[3.288s] -- Added test 'cppcheck' to perform static code analysis on C / C++ code
[3.288s] -- Configured cppcheck include dirs: $<BUILD_INTERFACE:/home/fourdds/ros2_ws/src/target_detection/include>
[3.288s] -- Configured cppcheck exclude dirs and/or files: 
[3.288s] -- Added test 'lint_cmake' to check CMake code style
[3.288s] -- Added test 'uncrustify' to check C / C++ code style
[3.288s] -- Configured uncrustify additional arguments: 
[3.288s] -- Added test 'xmllint' to check XML markup files
[3.289s] -- Configuring done
[3.299s] -- Generating done
[3.300s] -- Build files have been written to: /home/fourdds/ros2_ws/build/target_detection
[3.316s] [35m[1mConsolidate compiler generated dependencies of target TargetDetection[0m
[3.327s] [ 50%] [32mBuilding CXX object CMakeFiles/TargetDetection.dir/src/TargetDetection.cpp.o[0m
[8.577s] [100%] [32m[1mLinking CXX static library libTargetDetection.a[0m
[8.596s] [100%] Built target TargetDetection
[8.604s] Invoked command in '/home/fourdds/ros2_ws/build/target_detection' returned '0': CMAKE_PREFIX_PATH=${CMAKE_PREFIX_PATH}:/home/fourdds/ros2_ws/install/analysis:/opt/ros/humble /usr/bin/cmake --build /home/fourdds/ros2_ws/build/target_detection -- -j24 -l24
[8.625s] Invoking command in '/home/fourdds/ros2_ws/build/target_detection': CMAKE_PREFIX_PATH=${CMAKE_PREFIX_PATH}:/home/fourdds/ros2_ws/install/analysis:/opt/ros/humble /usr/bin/cmake --install /home/fourdds/ros2_ws/build/target_detection
[8.629s] -- Install configuration: ""
[8.629s] -- Up-to-date: /home/fourdds/ros2_ws/install/target_detection/share/target_detection/environment/library_path.sh
[8.629s] -- Installing: /home/fourdds/ros2_ws/install/target_detection/share/target_detection/environment/library_path.dsv
[8.629s] -- Up-to-date: /home/fourdds/ros2_ws/install/target_detection/include/target_detection
[8.629s] -- Installing: /home/fourdds/ros2_ws/install/target_detection/include/target_detection/TargetDetection.hpp
[8.629s] -- Installing: /home/fourdds/ros2_ws/install/target_detection/lib/libTargetDetection.a
[8.629s] -- Up-to-date: /home/fourdds/ros2_ws/install/target_detection/share/ament_index/resource_index/package_run_dependencies/target_detection
[8.629s] -- Installing: /home/fourdds/ros2_ws/install/target_detection/share/ament_index/resource_index/parent_prefix_path/target_detection
[8.630s] -- Up-to-date: /home/fourdds/ros2_ws/install/target_detection/share/target_detection/environment/ament_prefix_path.sh
[8.630s] -- Installing: /home/fourdds/ros2_ws/install/target_detection/share/target_detection/environment/ament_prefix_path.dsv
[8.630s] -- Up-to-date: /home/fourdds/ros2_ws/install/target_detection/share/target_detection/environment/path.sh
[8.630s] -- Installing: /home/fourdds/ros2_ws/install/target_detection/share/target_detection/environment/path.dsv
[8.630s] -- Up-to-date: /home/fourdds/ros2_ws/install/target_detection/share/target_detection/local_setup.bash
[8.630s] -- Up-to-date: /home/fourdds/ros2_ws/install/target_detection/share/target_detection/local_setup.sh
[8.630s] -- Up-to-date: /home/fourdds/ros2_ws/install/target_detection/share/target_detection/local_setup.zsh
[8.630s] -- Installing: /home/fourdds/ros2_ws/install/target_detection/share/target_detection/local_setup.dsv
[8.630s] -- Installing: /home/fourdds/ros2_ws/install/target_detection/share/target_detection/package.dsv
[8.630s] -- Up-to-date: /home/fourdds/ros2_ws/install/target_detection/share/ament_index/resource_index/packages/target_detection
[8.630s] -- Up-to-date: /home/fourdds/ros2_ws/install/target_detection/share/target_detection/cmake/ament_cmake_export_include_directories-extras.cmake
[8.630s] -- Up-to-date: /home/fourdds/ros2_ws/install/target_detection/share/target_detection/cmake/ament_cmake_export_libraries-extras.cmake
[8.630s] -- Up-to-date: /home/fourdds/ros2_ws/install/target_detection/share/target_detection/cmake/target_detectionConfig.cmake
[8.630s] -- Up-to-date: /home/fourdds/ros2_ws/install/target_detection/share/target_detection/cmake/target_detectionConfig-version.cmake
[8.630s] -- Up-to-date: /home/fourdds/ros2_ws/install/target_detection/share/target_detection/package.xml
[8.632s] Invoked command in '/home/fourdds/ros2_ws/build/target_detection' returned '0': CMAKE_PREFIX_PATH=${CMAKE_PREFIX_PATH}:/home/fourdds/ros2_ws/install/analysis:/opt/ros/humble /usr/bin/cmake --install /home/fourdds/ros2_ws/build/target_detection
