[0.068s] Invoking command in '/home/fourdds/ws/build/image_geometry': CMAKE_PREFIX_PATH=/opt/ros/humble /usr/bin/cmake --build /home/fourdds/ws/build/image_geometry -- -j16 -l16
[0.221s] [ 55%] Built target image_geometry
[0.221s] [ 44%] Built target gtest_main
[0.223s] [ 77%] Built target gtest
[0.227s] [ 77%] Built target ament_cmake_python_symlink_image_geometry
[0.291s] [100%] Built target image_geometry-utest
[0.750s] running egg_info
[0.790s] writing image_geometry.egg-info/PKG-INFO
[0.792s] writing dependency_links to image_geometry.egg-info/dependency_links.txt
[0.792s] writing top-level names to image_geometry.egg-info/top_level.txt
[0.904s] reading manifest file 'image_geometry.egg-info/SOURCES.txt'
[0.906s] writing manifest file 'image_geometry.egg-info/SOURCES.txt'
[1.071s] [100%] Built target ament_cmake_python_build_image_geometry_egg
[1.096s] Invoked command in '/home/fourdds/ws/build/image_geometry' returned '0': CMAKE_PREFIX_PATH=/opt/ros/humble /usr/bin/cmake --build /home/fourdds/ws/build/image_geometry -- -j16 -l16
[1.173s] Invoking command in '/home/fourdds/ws/build/image_geometry': CMAKE_PREFIX_PATH=/opt/ros/humble /usr/bin/cmake --install /home/fourdds/ws/build/image_geometry
[1.190s] -- Install configuration: ""
[1.191s] -- Execute custom install script
[1.192s] -- Up-to-date symlink: /home/fourdds/ws/install/image_geometry/share/image_geometry/environment/pythonpath.sh
[1.192s] -- Up-to-date symlink: /home/fourdds/ws/install/image_geometry/share/image_geometry/environment/pythonpath.dsv
[1.194s] -- Up-to-date symlink: /home/fourdds/ws/install/image_geometry/local/lib/python3.10/dist-packages/image_geometry-3.2.1-py3.10.egg-info/PKG-INFO
[1.194s] -- Up-to-date symlink: /home/fourdds/ws/install/image_geometry/local/lib/python3.10/dist-packages/image_geometry-3.2.1-py3.10.egg-info/SOURCES.txt
[1.194s] -- Up-to-date symlink: /home/fourdds/ws/install/image_geometry/local/lib/python3.10/dist-packages/image_geometry-3.2.1-py3.10.egg-info/dependency_links.txt
[1.196s] -- Up-to-date symlink: /home/fourdds/ws/install/image_geometry/local/lib/python3.10/dist-packages/image_geometry-3.2.1-py3.10.egg-info/top_level.txt
[1.197s] -- Up-to-date symlink: /home/fourdds/ws/install/image_geometry/local/lib/python3.10/dist-packages/image_geometry/__init__.py
[1.198s] -- Up-to-date symlink: /home/fourdds/ws/install/image_geometry/local/lib/python3.10/dist-packages/image_geometry/cameramodels.py
[1.199s] -- Up-to-date symlink: /home/fourdds/ws/install/image_geometry/include/image_geometry/image_geometry/pinhole_camera_model.h
[1.199s] -- Up-to-date symlink: /home/fourdds/ws/install/image_geometry/include/image_geometry/image_geometry/stereo_camera_model.h
[1.200s] -- Up-to-date symlink: /home/fourdds/ws/install/image_geometry/include/image_geometry/image_geometry/visibility_control.hpp
[1.200s] -- Up-to-date symlink: /home/fourdds/ws/install/image_geometry/share/ament_index/resource_index/package_run_dependencies/image_geometry
[1.200s] -- Up-to-date symlink: /home/fourdds/ws/install/image_geometry/share/ament_index/resource_index/parent_prefix_path/image_geometry
[1.200s] -- Up-to-date symlink: /home/fourdds/ws/install/image_geometry/share/image_geometry/environment/ament_prefix_path.sh
[1.201s] -- Up-to-date symlink: /home/fourdds/ws/install/image_geometry/share/image_geometry/environment/ament_prefix_path.dsv
[1.201s] -- Up-to-date symlink: /home/fourdds/ws/install/image_geometry/share/image_geometry/environment/path.sh
[1.201s] -- Up-to-date symlink: /home/fourdds/ws/install/image_geometry/share/image_geometry/environment/path.dsv
[1.201s] -- Up-to-date symlink: /home/fourdds/ws/install/image_geometry/share/image_geometry/local_setup.bash
[1.201s] -- Up-to-date symlink: /home/fourdds/ws/install/image_geometry/share/image_geometry/local_setup.sh
[1.201s] -- Up-to-date symlink: /home/fourdds/ws/install/image_geometry/share/image_geometry/local_setup.zsh
[1.201s] -- Up-to-date symlink: /home/fourdds/ws/install/image_geometry/share/image_geometry/local_setup.dsv
[1.202s] -- Symlinking: /home/fourdds/ws/install/image_geometry/share/image_geometry/package.dsv
[1.221s] -- Up-to-date symlink: /home/fourdds/ws/install/image_geometry/share/ament_index/resource_index/packages/image_geometry
[1.222s] -- Up-to-date symlink: /home/fourdds/ws/install/image_geometry/share/image_geometry/cmake/ament_cmake_export_targets-extras.cmake
[1.222s] -- Up-to-date symlink: /home/fourdds/ws/install/image_geometry/share/image_geometry/cmake/ament_cmake_export_dependencies-extras.cmake
[1.223s] -- Up-to-date symlink: /home/fourdds/ws/install/image_geometry/share/image_geometry/cmake/image_geometryConfig.cmake
[1.223s] -- Up-to-date symlink: /home/fourdds/ws/install/image_geometry/share/image_geometry/cmake/image_geometryConfig-version.cmake
[1.223s] -- Up-to-date symlink: /home/fourdds/ws/install/image_geometry/share/image_geometry/package.xml
[1.295s] Listing '/home/fourdds/ws/install/image_geometry/local/lib/python3.10/dist-packages/image_geometry'...
[1.318s] -- Up-to-date: /home/fourdds/ws/install/image_geometry/lib/libimage_geometry.so
[1.319s] -- Up-to-date: /home/fourdds/ws/install/image_geometry/share/image_geometry/cmake/export_image_geometryExport.cmake
[1.320s] -- Up-to-date: /home/fourdds/ws/install/image_geometry/share/image_geometry/cmake/export_image_geometryExport-noconfig.cmake
[1.328s] Invoked command in '/home/fourdds/ws/build/image_geometry' returned '0': CMAKE_PREFIX_PATH=/opt/ros/humble /usr/bin/cmake --install /home/fourdds/ws/build/image_geometry
