[0.082s] Invoking command in '/home/fourdds/ros2_ws/build/obstacle_avoidance': AMENT_PREFIX_PATH=/home/fourdds/ros2_ws/install/parameters:${AMENT_PREFIX_PATH} CMAKE_PREFIX_PATH=/home/fourdds/ros2_ws/install/parameters:/opt/ros/humble LD_LIBRARY_PATH=/home/fourdds/ros2_ws/install/parameters/lib:${LD_LIBRARY_PATH} /usr/bin/cmake --build /home/fourdds/ros2_ws/build/obstacle_avoidance -- -j16 -l16
[0.184s] [100%] Built target ObstacleAvoidance
[0.208s] Invoked command in '/home/fourdds/ros2_ws/build/obstacle_avoidance' returned '0': AMENT_PREFIX_PATH=/home/fourdds/ros2_ws/install/parameters:${AMENT_PREFIX_PATH} CMAKE_PREFIX_PATH=/home/fourdds/ros2_ws/install/parameters:/opt/ros/humble LD_LIBRARY_PATH=/home/fourdds/ros2_ws/install/parameters/lib:${LD_LIBRARY_PATH} /usr/bin/cmake --build /home/fourdds/ros2_ws/build/obstacle_avoidance -- -j16 -l16
[0.252s] Invoking command in '/home/fourdds/ros2_ws/build/obstacle_avoidance': AMENT_PREFIX_PATH=/home/fourdds/ros2_ws/install/parameters:${AMENT_PREFIX_PATH} CMAKE_PREFIX_PATH=/home/fourdds/ros2_ws/install/parameters:/opt/ros/humble LD_LIBRARY_PATH=/home/fourdds/ros2_ws/install/parameters/lib:${LD_LIBRARY_PATH} /usr/bin/cmake --install /home/fourdds/ros2_ws/build/obstacle_avoidance
[0.262s] -- Install configuration: ""
[0.263s] -- Execute custom install script
[0.264s] -- Up-to-date symlink: /home/fourdds/ros2_ws/install/obstacle_avoidance/share/obstacle_avoidance/environment/library_path.sh
[0.265s] -- Up-to-date symlink: /home/fourdds/ros2_ws/install/obstacle_avoidance/share/obstacle_avoidance/environment/library_path.dsv
[0.266s] -- Up-to-date symlink: /home/fourdds/ros2_ws/install/obstacle_avoidance/include/obstacle_avoidance/ObstacleAvoidance.hpp
[0.266s] -- Up-to-date symlink: /home/fourdds/ros2_ws/install/obstacle_avoidance/share/ament_index/resource_index/package_run_dependencies/obstacle_avoidance
[0.267s] -- Up-to-date symlink: /home/fourdds/ros2_ws/install/obstacle_avoidance/share/ament_index/resource_index/parent_prefix_path/obstacle_avoidance
[0.268s] -- Up-to-date symlink: /home/fourdds/ros2_ws/install/obstacle_avoidance/share/obstacle_avoidance/environment/ament_prefix_path.sh
[0.269s] -- Up-to-date symlink: /home/fourdds/ros2_ws/install/obstacle_avoidance/share/obstacle_avoidance/environment/ament_prefix_path.dsv
[0.270s] -- Up-to-date symlink: /home/fourdds/ros2_ws/install/obstacle_avoidance/share/obstacle_avoidance/environment/path.sh
[0.270s] -- Up-to-date symlink: /home/fourdds/ros2_ws/install/obstacle_avoidance/share/obstacle_avoidance/environment/path.dsv
[0.272s] -- Up-to-date symlink: /home/fourdds/ros2_ws/install/obstacle_avoidance/share/obstacle_avoidance/local_setup.bash
[0.273s] -- Up-to-date symlink: /home/fourdds/ros2_ws/install/obstacle_avoidance/share/obstacle_avoidance/local_setup.sh
[0.274s] -- Up-to-date symlink: /home/fourdds/ros2_ws/install/obstacle_avoidance/share/obstacle_avoidance/local_setup.zsh
[0.274s] -- Up-to-date symlink: /home/fourdds/ros2_ws/install/obstacle_avoidance/share/obstacle_avoidance/local_setup.dsv
[0.274s] -- Symlinking: /home/fourdds/ros2_ws/install/obstacle_avoidance/share/obstacle_avoidance/package.dsv
[0.292s] -- Up-to-date symlink: /home/fourdds/ros2_ws/install/obstacle_avoidance/share/ament_index/resource_index/packages/obstacle_avoidance
[0.292s] -- Up-to-date symlink: /home/fourdds/ros2_ws/install/obstacle_avoidance/share/obstacle_avoidance/cmake/ament_cmake_export_include_directories-extras.cmake
[0.293s] -- Up-to-date symlink: /home/fourdds/ros2_ws/install/obstacle_avoidance/share/obstacle_avoidance/cmake/ament_cmake_export_libraries-extras.cmake
[0.295s] -- Up-to-date symlink: /home/fourdds/ros2_ws/install/obstacle_avoidance/share/obstacle_avoidance/cmake/obstacle_avoidanceConfig.cmake
[0.295s] -- Up-to-date symlink: /home/fourdds/ros2_ws/install/obstacle_avoidance/share/obstacle_avoidance/cmake/obstacle_avoidanceConfig-version.cmake
[0.295s] -- Up-to-date symlink: /home/fourdds/ros2_ws/install/obstacle_avoidance/share/obstacle_avoidance/package.xml
[0.295s] -- Up-to-date: /home/fourdds/ros2_ws/install/obstacle_avoidance/lib/libObstacleAvoidance.a
[0.299s] Invoked command in '/home/fourdds/ros2_ws/build/obstacle_avoidance' returned '0': AMENT_PREFIX_PATH=/home/fourdds/ros2_ws/install/parameters:${AMENT_PREFIX_PATH} CMAKE_PREFIX_PATH=/home/fourdds/ros2_ws/install/parameters:/opt/ros/humble LD_LIBRARY_PATH=/home/fourdds/ros2_ws/install/parameters/lib:${LD_LIBRARY_PATH} /usr/bin/cmake --install /home/fourdds/ros2_ws/build/obstacle_avoidance
