[0.011s] Invoking command in '/home/fourdds/ros2_ws/build/drone': CMAKE_PREFIX_PATH=${CMAKE_PREFIX_PATH}:/home/fourdds/ros2_ws/install/analysis:/home/fourdds/ws/install/opencv_tests:/opt/ros/humble /usr/bin/cmake --build /home/fourdds/ros2_ws/build/drone -- -j24 -l24
[0.046s] [ 33%] [32m[1mLinking CXX executable Drone[0m
[0.463s] [100%] Built target Drone
[0.470s] Invoked command in '/home/fourdds/ros2_ws/build/drone' returned '0': CMAKE_PREFIX_PATH=${CMAKE_PREFIX_PATH}:/home/fourdds/ros2_ws/install/analysis:/home/fourdds/ws/install/opencv_tests:/opt/ros/humble /usr/bin/cmake --build /home/fourdds/ros2_ws/build/drone -- -j24 -l24
[0.493s] Invoking command in '/home/fourdds/ros2_ws/build/drone': CMAKE_PREFIX_PATH=${CMAKE_PREFIX_PATH}:/home/fourdds/ros2_ws/install/analysis:/home/fourdds/ws/install/opencv_tests:/opt/ros/humble /usr/bin/cmake --install /home/fourdds/ros2_ws/build/drone
[0.498s] -- Install configuration: ""
[0.498s] -- Installing: /home/fourdds/ros2_ws/install/drone/lib/drone/Drone
[0.500s] -- Set runtime path of "/home/fourdds/ros2_ws/install/drone/lib/drone/Drone" to ""
[0.500s] -- Up-to-date: /home/fourdds/ros2_ws/install/drone/share/ament_index/resource_index/package_run_dependencies/drone
[0.500s] -- Up-to-date: /home/fourdds/ros2_ws/install/drone/share/ament_index/resource_index/parent_prefix_path/drone
[0.500s] -- Up-to-date: /home/fourdds/ros2_ws/install/drone/share/drone/environment/ament_prefix_path.sh
[0.500s] -- Up-to-date: /home/fourdds/ros2_ws/install/drone/share/drone/environment/ament_prefix_path.dsv
[0.500s] -- Up-to-date: /home/fourdds/ros2_ws/install/drone/share/drone/environment/path.sh
[0.500s] -- Up-to-date: /home/fourdds/ros2_ws/install/drone/share/drone/environment/path.dsv
[0.500s] -- Up-to-date: /home/fourdds/ros2_ws/install/drone/share/drone/local_setup.bash
[0.500s] -- Up-to-date: /home/fourdds/ros2_ws/install/drone/share/drone/local_setup.sh
[0.501s] -- Up-to-date: /home/fourdds/ros2_ws/install/drone/share/drone/local_setup.zsh
[0.501s] -- Up-to-date: /home/fourdds/ros2_ws/install/drone/share/drone/local_setup.dsv
[0.501s] -- Installing: /home/fourdds/ros2_ws/install/drone/share/drone/package.dsv
[0.501s] -- Up-to-date: /home/fourdds/ros2_ws/install/drone/share/ament_index/resource_index/packages/drone
[0.501s] -- Up-to-date: /home/fourdds/ros2_ws/install/drone/share/drone/cmake/droneConfig.cmake
[0.501s] -- Up-to-date: /home/fourdds/ros2_ws/install/drone/share/drone/cmake/droneConfig-version.cmake
[0.501s] -- Up-to-date: /home/fourdds/ros2_ws/install/drone/share/drone/package.xml
[0.502s] Invoked command in '/home/fourdds/ros2_ws/build/drone' returned '0': CMAKE_PREFIX_PATH=${CMAKE_PREFIX_PATH}:/home/fourdds/ros2_ws/install/analysis:/home/fourdds/ws/install/opencv_tests:/opt/ros/humble /usr/bin/cmake --install /home/fourdds/ros2_ws/build/drone
