[0.060s] Invoking command in '/home/fourdds/ws/build/image_geometry': CMAKE_PREFIX_PATH=/opt/ros/humble /usr/bin/cmake /home/fourdds/ws/src/vision_opencv/image_geometry -DAMENT_CMAKE_SYMLINK_INSTALL=1 -DCMAKE_INSTALL_PREFIX=/home/fourdds/ws/install/image_geometry
[0.081s] -- Found ament_cmake_python: 1.3.10 (/opt/ros/humble/share/ament_cmake_python/cmake)
[0.082s] -- Found ament_cmake_ros: 0.10.0 (/opt/ros/humble/share/ament_cmake_ros/cmake)
[0.363s] -- Override CMake install command with custom implementation using symlinks instead of copying resources
[0.548s] -- Found sensor_msgs: 4.2.4 (/opt/ros/humble/share/sensor_msgs/cmake)
[0.693s] -- Found rosidl_generator_c: 3.1.5 (/opt/ros/humble/share/rosidl_generator_c/cmake)
[0.706s] -- Found rosidl_adapter: 3.1.5 (/opt/ros/humble/share/rosidl_adapter/cmake)
[0.715s] -- Found rosidl_generator_cpp: 3.1.5 (/opt/ros/humble/share/rosidl_generator_cpp/cmake)
[0.734s] -- Using all available rosidl_typesupport_c: rosidl_typesupport_fastrtps_c;rosidl_typesupport_introspection_c
[0.752s] -- Using all available rosidl_typesupport_cpp: rosidl_typesupport_fastrtps_cpp;rosidl_typesupport_introspection_cpp
[0.864s] -- Found gtest sources under '/opt/ros/humble/src/gtest_vendor': C++ tests using 'Google Test' will be built
[1.058s] -- Configuring done
[1.106s] -- Generating done
[1.110s] -- Build files have been written to: /home/fourdds/ws/build/image_geometry
[1.124s] Invoked command in '/home/fourdds/ws/build/image_geometry' returned '0': CMAKE_PREFIX_PATH=/opt/ros/humble /usr/bin/cmake /home/fourdds/ws/src/vision_opencv/image_geometry -DAMENT_CMAKE_SYMLINK_INSTALL=1 -DCMAKE_INSTALL_PREFIX=/home/fourdds/ws/install/image_geometry
[1.131s] Invoking command in '/home/fourdds/ws/build/image_geometry': CMAKE_PREFIX_PATH=/opt/ros/humble /usr/bin/cmake --build /home/fourdds/ws/build/image_geometry -- -j16 -l16
[1.201s] [35m[1mConsolidate compiler generated dependencies of target gtest[0m
[1.201s] [35m[1mConsolidate compiler generated dependencies of target image_geometry[0m
[1.203s] [35m[1mConsolidate compiler generated dependencies of target gtest_main[0m
[1.234s] [ 44%] Built target gtest
[1.234s] [ 44%] Built target gtest_main
[1.234s] [ 77%] Built target image_geometry
[1.243s] [ 77%] Built target ament_cmake_python_symlink_image_geometry
[1.254s] [35m[1mConsolidate compiler generated dependencies of target image_geometry-utest[0m
[1.285s] [100%] Built target image_geometry-utest
[1.646s] running egg_info
[1.670s] writing image_geometry.egg-info/PKG-INFO
[1.672s] writing dependency_links to image_geometry.egg-info/dependency_links.txt
[1.673s] writing top-level names to image_geometry.egg-info/top_level.txt
[1.752s] reading manifest file 'image_geometry.egg-info/SOURCES.txt'
[1.754s] writing manifest file 'image_geometry.egg-info/SOURCES.txt'
[1.844s] [100%] Built target ament_cmake_python_build_image_geometry_egg
[1.868s] Invoked command in '/home/fourdds/ws/build/image_geometry' returned '0': CMAKE_PREFIX_PATH=/opt/ros/humble /usr/bin/cmake --build /home/fourdds/ws/build/image_geometry -- -j16 -l16
[1.944s] Invoking command in '/home/fourdds/ws/build/image_geometry': CMAKE_PREFIX_PATH=/opt/ros/humble /usr/bin/cmake --install /home/fourdds/ws/build/image_geometry
[1.957s] -- Install configuration: ""
[1.958s] -- Execute custom install script
[1.959s] -- Up-to-date symlink: /home/fourdds/ws/install/image_geometry/share/image_geometry/environment/pythonpath.sh
[1.959s] -- Up-to-date symlink: /home/fourdds/ws/install/image_geometry/share/image_geometry/environment/pythonpath.dsv
[1.960s] -- Up-to-date symlink: /home/fourdds/ws/install/image_geometry/local/lib/python3.10/dist-packages/image_geometry-3.2.1-py3.10.egg-info/PKG-INFO
[1.961s] -- Up-to-date symlink: /home/fourdds/ws/install/image_geometry/local/lib/python3.10/dist-packages/image_geometry-3.2.1-py3.10.egg-info/SOURCES.txt
[1.961s] -- Up-to-date symlink: /home/fourdds/ws/install/image_geometry/local/lib/python3.10/dist-packages/image_geometry-3.2.1-py3.10.egg-info/dependency_links.txt
[1.961s] -- Up-to-date symlink: /home/fourdds/ws/install/image_geometry/local/lib/python3.10/dist-packages/image_geometry-3.2.1-py3.10.egg-info/top_level.txt
[1.962s] -- Up-to-date symlink: /home/fourdds/ws/install/image_geometry/local/lib/python3.10/dist-packages/image_geometry/__init__.py
[1.962s] -- Up-to-date symlink: /home/fourdds/ws/install/image_geometry/local/lib/python3.10/dist-packages/image_geometry/cameramodels.py
[1.963s] -- Up-to-date symlink: /home/fourdds/ws/install/image_geometry/include/image_geometry/image_geometry/pinhole_camera_model.h
[1.964s] -- Up-to-date symlink: /home/fourdds/ws/install/image_geometry/include/image_geometry/image_geometry/stereo_camera_model.h
[1.964s] -- Up-to-date symlink: /home/fourdds/ws/install/image_geometry/include/image_geometry/image_geometry/visibility_control.hpp
[1.964s] -- Up-to-date symlink: /home/fourdds/ws/install/image_geometry/share/ament_index/resource_index/package_run_dependencies/image_geometry
[1.965s] -- Up-to-date symlink: /home/fourdds/ws/install/image_geometry/share/ament_index/resource_index/parent_prefix_path/image_geometry
[1.965s] -- Up-to-date symlink: /home/fourdds/ws/install/image_geometry/share/image_geometry/environment/ament_prefix_path.sh
[1.966s] -- Up-to-date symlink: /home/fourdds/ws/install/image_geometry/share/image_geometry/environment/ament_prefix_path.dsv
[1.966s] -- Up-to-date symlink: /home/fourdds/ws/install/image_geometry/share/image_geometry/environment/path.sh
[1.966s] -- Up-to-date symlink: /home/fourdds/ws/install/image_geometry/share/image_geometry/environment/path.dsv
[1.967s] -- Up-to-date symlink: /home/fourdds/ws/install/image_geometry/share/image_geometry/local_setup.bash
[1.967s] -- Up-to-date symlink: /home/fourdds/ws/install/image_geometry/share/image_geometry/local_setup.sh
[1.967s] -- Up-to-date symlink: /home/fourdds/ws/install/image_geometry/share/image_geometry/local_setup.zsh
[1.968s] -- Up-to-date symlink: /home/fourdds/ws/install/image_geometry/share/image_geometry/local_setup.dsv
[1.968s] -- Symlinking: /home/fourdds/ws/install/image_geometry/share/image_geometry/package.dsv
[1.986s] -- Up-to-date symlink: /home/fourdds/ws/install/image_geometry/share/ament_index/resource_index/packages/image_geometry
[1.987s] -- Up-to-date symlink: /home/fourdds/ws/install/image_geometry/share/image_geometry/cmake/ament_cmake_export_targets-extras.cmake
[1.987s] -- Up-to-date symlink: /home/fourdds/ws/install/image_geometry/share/image_geometry/cmake/ament_cmake_export_dependencies-extras.cmake
[1.988s] -- Up-to-date symlink: /home/fourdds/ws/install/image_geometry/share/image_geometry/cmake/image_geometryConfig.cmake
[1.988s] -- Up-to-date symlink: /home/fourdds/ws/install/image_geometry/share/image_geometry/cmake/image_geometryConfig-version.cmake
[1.989s] -- Up-to-date symlink: /home/fourdds/ws/install/image_geometry/share/image_geometry/package.xml
[2.041s] Listing '/home/fourdds/ws/install/image_geometry/local/lib/python3.10/dist-packages/image_geometry'...
[2.050s] -- Up-to-date: /home/fourdds/ws/install/image_geometry/lib/libimage_geometry.so
[2.050s] -- Up-to-date: /home/fourdds/ws/install/image_geometry/share/image_geometry/cmake/export_image_geometryExport.cmake
[2.050s] -- Up-to-date: /home/fourdds/ws/install/image_geometry/share/image_geometry/cmake/export_image_geometryExport-noconfig.cmake
[2.055s] Invoked command in '/home/fourdds/ws/build/image_geometry' returned '0': CMAKE_PREFIX_PATH=/opt/ros/humble /usr/bin/cmake --install /home/fourdds/ws/build/image_geometry
