[0.218s] Invoking command in '/home/fourdds/ros2_ws/build/base_station': CMAKE_PREFIX_PATH=/opt/ros/humble /usr/bin/cmake --build /home/fourdds/ros2_ws/build/base_station -- -j16 -l16
[0.275s] [ 50%] [32m[1mLinking CXX executable BaseStation[0m
[0.690s] [100%] Built target BaseStation
[0.708s] Invoked command in '/home/fourdds/ros2_ws/build/base_station' returned '0': CMAKE_PREFIX_PATH=/opt/ros/humble /usr/bin/cmake --build /home/fourdds/ros2_ws/build/base_station -- -j16 -l16
[0.757s] Invoking command in '/home/fourdds/ros2_ws/build/base_station': CMAKE_PREFIX_PATH=/opt/ros/humble /usr/bin/cmake --install /home/fourdds/ros2_ws/build/base_station
[0.765s] -- Install configuration: ""
[0.766s] -- Execute custom install script
[0.767s] -- Up-to-date symlink: /home/fourdds/ros2_ws/install/base_station/lib/base_station/BaseStation
[0.767s] -- Up-to-date symlink: /home/fourdds/ros2_ws/install/base_station/share/ament_index/resource_index/package_run_dependencies/base_station
[0.768s] -- Up-to-date symlink: /home/fourdds/ros2_ws/install/base_station/share/ament_index/resource_index/parent_prefix_path/base_station
[0.769s] -- Up-to-date symlink: /home/fourdds/ros2_ws/install/base_station/share/base_station/environment/ament_prefix_path.sh
[0.769s] -- Up-to-date symlink: /home/fourdds/ros2_ws/install/base_station/share/base_station/environment/ament_prefix_path.dsv
[0.769s] -- Up-to-date symlink: /home/fourdds/ros2_ws/install/base_station/share/base_station/environment/path.sh
[0.770s] -- Up-to-date symlink: /home/fourdds/ros2_ws/install/base_station/share/base_station/environment/path.dsv
[0.770s] -- Up-to-date symlink: /home/fourdds/ros2_ws/install/base_station/share/base_station/local_setup.bash
[0.770s] -- Up-to-date symlink: /home/fourdds/ros2_ws/install/base_station/share/base_station/local_setup.sh
[0.770s] -- Up-to-date symlink: /home/fourdds/ros2_ws/install/base_station/share/base_station/local_setup.zsh
[0.771s] -- Up-to-date symlink: /home/fourdds/ros2_ws/install/base_station/share/base_station/local_setup.dsv
[0.771s] -- Symlinking: /home/fourdds/ros2_ws/install/base_station/share/base_station/package.dsv
[0.784s] -- Up-to-date symlink: /home/fourdds/ros2_ws/install/base_station/share/ament_index/resource_index/packages/base_station
[0.784s] -- Up-to-date symlink: /home/fourdds/ros2_ws/install/base_station/share/base_station/cmake/base_stationConfig.cmake
[0.785s] -- Up-to-date symlink: /home/fourdds/ros2_ws/install/base_station/share/base_station/cmake/base_stationConfig-version.cmake
[0.785s] -- Up-to-date symlink: /home/fourdds/ros2_ws/install/base_station/share/base_station/package.xml
[0.808s] Invoked command in '/home/fourdds/ros2_ws/build/base_station' returned '0': CMAKE_PREFIX_PATH=/opt/ros/humble /usr/bin/cmake --install /home/fourdds/ros2_ws/build/base_station
