[0.062s] Invoking command in '/home/fourdds/ws/build/cv_bridge': CMAKE_PREFIX_PATH=/opt/ros/humble /usr/bin/cmake --build /home/fourdds/ws/build/cv_bridge -- -j16 -l16
[0.215s] [ 12%] Built target gtest
[0.216s] [ 31%] Built target cv_bridge
[0.227s] [ 43%] Built target gtest_main
[0.257s] [ 43%] Built target ament_cmake_python_symlink_cv_bridge
[0.309s] [ 81%] Built target cv_bridge-utest
[0.326s] [100%] Built target cv_bridge_boost
[0.869s] running egg_info
[0.914s] writing cv_bridge.egg-info/PKG-INFO
[0.918s] writing dependency_links to cv_bridge.egg-info/dependency_links.txt
[0.920s] writing top-level names to cv_bridge.egg-info/top_level.txt
[1.046s] reading manifest file 'cv_bridge.egg-info/SOURCES.txt'
[1.052s] writing manifest file 'cv_bridge.egg-info/SOURCES.txt'
[1.175s] [100%] Built target ament_cmake_python_build_cv_bridge_egg
[1.204s] Invoked command in '/home/fourdds/ws/build/cv_bridge' returned '0': CMAKE_PREFIX_PATH=/opt/ros/humble /usr/bin/cmake --build /home/fourdds/ws/build/cv_bridge -- -j16 -l16
[1.270s] Invoking command in '/home/fourdds/ws/build/cv_bridge': CMAKE_PREFIX_PATH=/opt/ros/humble /usr/bin/cmake --install /home/fourdds/ws/build/cv_bridge
[1.283s] -- Install configuration: ""
[1.284s] -- Execute custom install script
[1.285s] -- Up-to-date symlink: /home/fourdds/ws/install/cv_bridge/share/cv_bridge/environment/pythonpath.sh
[1.286s] -- Up-to-date symlink: /home/fourdds/ws/install/cv_bridge/share/cv_bridge/environment/pythonpath.dsv
[1.287s] -- Up-to-date symlink: /home/fourdds/ws/install/cv_bridge/local/lib/python3.10/dist-packages/cv_bridge-3.2.1-py3.10.egg-info/PKG-INFO
[1.287s] -- Up-to-date symlink: /home/fourdds/ws/install/cv_bridge/local/lib/python3.10/dist-packages/cv_bridge-3.2.1-py3.10.egg-info/SOURCES.txt
[1.288s] -- Up-to-date symlink: /home/fourdds/ws/install/cv_bridge/local/lib/python3.10/dist-packages/cv_bridge-3.2.1-py3.10.egg-info/dependency_links.txt
[1.288s] -- Up-to-date symlink: /home/fourdds/ws/install/cv_bridge/local/lib/python3.10/dist-packages/cv_bridge-3.2.1-py3.10.egg-info/top_level.txt
[1.289s] -- Up-to-date symlink: /home/fourdds/ws/install/cv_bridge/local/lib/python3.10/dist-packages/cv_bridge/__init__.py
[1.291s] -- Up-to-date symlink: /home/fourdds/ws/install/cv_bridge/local/lib/python3.10/dist-packages/cv_bridge/core.py
[1.291s] -- Up-to-date symlink: /home/fourdds/ws/install/cv_bridge/include/cv_bridge/cv_bridge/cv_bridge_export.h
[1.292s] -- Up-to-date symlink: /home/fourdds/ws/install/cv_bridge/local/lib/python3.10/dist-packages/cv_bridge/boost//cv_bridge_boost.so
[1.292s] -- Up-to-date symlink: /home/fourdds/ws/install/cv_bridge/include/cv_bridge/cv_bridge/cv_bridge.h
[1.293s] -- Up-to-date symlink: /home/fourdds/ws/install/cv_bridge/include/cv_bridge/cv_bridge/rgb_colors.h
[1.293s] -- Up-to-date symlink: /home/fourdds/ws/install/cv_bridge/lib/libcv_bridge.so
[1.296s] -- Up-to-date symlink: /home/fourdds/ws/install/cv_bridge/share/ament_index/resource_index/package_run_dependencies/cv_bridge
[1.296s] -- Up-to-date symlink: /home/fourdds/ws/install/cv_bridge/share/ament_index/resource_index/parent_prefix_path/cv_bridge
[1.296s] -- Up-to-date symlink: /home/fourdds/ws/install/cv_bridge/share/cv_bridge/environment/ament_prefix_path.sh
[1.298s] -- Up-to-date symlink: /home/fourdds/ws/install/cv_bridge/share/cv_bridge/environment/ament_prefix_path.dsv
[1.299s] -- Up-to-date symlink: /home/fourdds/ws/install/cv_bridge/share/cv_bridge/environment/path.sh
[1.300s] -- Up-to-date symlink: /home/fourdds/ws/install/cv_bridge/share/cv_bridge/environment/path.dsv
[1.301s] -- Up-to-date symlink: /home/fourdds/ws/install/cv_bridge/share/cv_bridge/local_setup.bash
[1.301s] -- Up-to-date symlink: /home/fourdds/ws/install/cv_bridge/share/cv_bridge/local_setup.sh
[1.301s] -- Up-to-date symlink: /home/fourdds/ws/install/cv_bridge/share/cv_bridge/local_setup.zsh
[1.301s] -- Up-to-date symlink: /home/fourdds/ws/install/cv_bridge/share/cv_bridge/local_setup.dsv
[1.302s] -- Symlinking: /home/fourdds/ws/install/cv_bridge/share/cv_bridge/package.dsv
[1.313s] -- Up-to-date symlink: /home/fourdds/ws/install/cv_bridge/share/ament_index/resource_index/packages/cv_bridge
[1.315s] -- Up-to-date symlink: /home/fourdds/ws/install/cv_bridge/share/cv_bridge/cmake/cv_bridge-extras.cmake
[1.315s] -- Up-to-date symlink: /home/fourdds/ws/install/cv_bridge/share/cv_bridge/cmake/ament_cmake_export_dependencies-extras.cmake
[1.315s] -- Up-to-date symlink: /home/fourdds/ws/install/cv_bridge/share/cv_bridge/cmake/ament_cmake_export_targets-extras.cmake
[1.315s] -- Up-to-date symlink: /home/fourdds/ws/install/cv_bridge/share/cv_bridge/cmake/cv_bridgeConfig.cmake
[1.316s] -- Up-to-date symlink: /home/fourdds/ws/install/cv_bridge/share/cv_bridge/cmake/cv_bridgeConfig-version.cmake
[1.316s] -- Up-to-date symlink: /home/fourdds/ws/install/cv_bridge/share/cv_bridge/package.xml
[1.391s] Listing '/home/fourdds/ws/install/cv_bridge/local/lib/python3.10/dist-packages/cv_bridge'...
[1.392s] Listing '/home/fourdds/ws/install/cv_bridge/local/lib/python3.10/dist-packages/cv_bridge/boost'...
[1.412s] -- Up-to-date: /home/fourdds/ws/install/cv_bridge/share/cv_bridge/cmake/export_cv_bridgeExport.cmake
[1.414s] -- Up-to-date: /home/fourdds/ws/install/cv_bridge/share/cv_bridge/cmake/export_cv_bridgeExport-noconfig.cmake
[1.431s] Invoked command in '/home/fourdds/ws/build/cv_bridge' returned '0': CMAKE_PREFIX_PATH=/opt/ros/humble /usr/bin/cmake --install /home/fourdds/ws/build/cv_bridge
