[0.008s] Invoking command in '/home/fourdds/ros2_ws/build/stigmergy': CMAKE_PREFIX_PATH=${CMAKE_PREFIX_PATH}:/opt/ros/humble /usr/bin/cmake --build /home/fourdds/ros2_ws/build/stigmergy -- -j24 -l24
[0.035s] [35m[1mConsolidate compiler generated dependencies of target stigmergy_map[0m
[0.036s] [  2%] Built target stigmergy__cpp
[0.036s] [ 11%] Built target stigmergy__rosidl_generator_c
[0.040s] [ 11%] Built target ament_cmake_python_copy_stigmergy
[0.046s] [ 14%] [32mBuilding CXX object CMakeFiles/stigmergy_map.dir/src/StigmergyMap.cpp.o[0m
[0.047s] [ 31%] Built target stigmergy__rosidl_typesupport_introspection_c
[0.047s] [ 31%] Built target stigmergy__rosidl_typesupport_fastrtps_c
[0.048s] [ 40%] Built target stigmergy__rosidl_typesupport_cpp
[0.048s] [ 48%] Built target stigmergy__rosidl_typesupport_fastrtps_cpp
[0.050s] [ 57%] Built target stigmergy__rosidl_typesupport_introspection_cpp
[0.050s] [ 65%] Built target stigmergy__rosidl_typesupport_c
[0.060s] [ 65%] Built target stigmergy
[0.070s] [ 68%] Built target stigmergy__py
[0.080s] [ 74%] Built target stigmergy__rosidl_generator_py
[0.091s] [ 91%] Built target stigmergy__rosidl_typesupport_introspection_c__pyext
[0.091s] [ 91%] Built target stigmergy__rosidl_typesupport_fastrtps_c__pyext
[0.091s] [ 91%] Built target stigmergy__rosidl_typesupport_c__pyext
[0.141s] running egg_info
[0.147s] writing stigmergy.egg-info/PKG-INFO
[0.148s] writing dependency_links to stigmergy.egg-info/dependency_links.txt
[0.148s] writing top-level names to stigmergy.egg-info/top_level.txt
[0.166s] reading manifest file 'stigmergy.egg-info/SOURCES.txt'
[0.166s] writing manifest file 'stigmergy.egg-info/SOURCES.txt'
[0.180s] [ 91%] Built target ament_cmake_python_build_stigmergy_egg
[1.591s] [01m[K/home/fourdds/ros2_ws/src/stigmergy/src/StigmergyMap.cpp:[m[K In member function ‘[01m[Kvoid StigmergyMap::initialize()[m[K’:
[1.591s] [01m[K/home/fourdds/ros2_ws/src/stigmergy/src/StigmergyMap.cpp:8:23:[m[K [01;35m[Kwarning: [m[Kcomparison of integer expressions of different signedness: ‘[01m[Kint[m[K’ and ‘[01m[Kstd::array<std::shared_ptr<rclcpp::Publisher<stigmergy::msg::PheromoneGradient_<std::allocator<void> > > >, 5>::size_type[m[K’ {aka ‘[01m[Klong unsigned int[m[K’} [[01;35m[K]8;;https://gcc.gnu.org/onlinedocs/gcc/Warning-Options.html#index-Wsign-compare-Wsign-compare]8;;[m[K]
[1.591s]     8 |     for (int i = 1; [01;35m[Ki < gradientPublishers.size() + 1[m[K; i++)
[1.591s]       |                     [01;35m[K~~^~~~~~~~~~~~~~~~~~~~~~~~~~~~~~~[m[K
[5.687s] [ 94%] [32m[1mLinking CXX executable stigmergy_map[0m
[5.769s] [100%] Built target stigmergy_map
[5.774s] Invoked command in '/home/fourdds/ros2_ws/build/stigmergy' returned '0': CMAKE_PREFIX_PATH=${CMAKE_PREFIX_PATH}:/opt/ros/humble /usr/bin/cmake --build /home/fourdds/ros2_ws/build/stigmergy -- -j24 -l24
[5.807s] Invoking command in '/home/fourdds/ros2_ws/build/stigmergy': CMAKE_PREFIX_PATH=${CMAKE_PREFIX_PATH}:/opt/ros/humble /usr/bin/cmake --install /home/fourdds/ros2_ws/build/stigmergy
[5.811s] -- Install configuration: ""
[5.811s] -- Up-to-date: /home/fourdds/ros2_ws/install/stigmergy/share/ament_index/resource_index/rosidl_interfaces/stigmergy
[5.811s] -- Up-to-date: /home/fourdds/ros2_ws/install/stigmergy/include/stigmergy/stigmergy
[5.811s] -- Up-to-date: /home/fourdds/ros2_ws/install/stigmergy/include/stigmergy/stigmergy/msg
[5.811s] -- Up-to-date: /home/fourdds/ros2_ws/install/stigmergy/include/stigmergy/stigmergy/msg/rosidl_generator_c__visibility_control.h
[5.811s] -- Up-to-date: /home/fourdds/ros2_ws/install/stigmergy/include/stigmergy/stigmergy/msg/detail
[5.811s] -- Up-to-date: /home/fourdds/ros2_ws/install/stigmergy/include/stigmergy/stigmergy/msg/detail/pheromone_gradient__struct.h
[5.811s] -- Up-to-date: /home/fourdds/ros2_ws/install/stigmergy/include/stigmergy/stigmergy/msg/detail/pheromone_gradient__functions.h
[5.811s] -- Up-to-date: /home/fourdds/ros2_ws/install/stigmergy/include/stigmergy/stigmergy/msg/detail/pheromone_gradient__functions.c
[5.811s] -- Up-to-date: /home/fourdds/ros2_ws/install/stigmergy/include/stigmergy/stigmergy/msg/detail/pheromone_gradient__type_support.h
[5.811s] -- Up-to-date: /home/fourdds/ros2_ws/install/stigmergy/include/stigmergy/stigmergy/msg/pheromone_gradient.h
[5.811s] -- Up-to-date: /home/fourdds/ros2_ws/install/stigmergy/share/stigmergy/environment/library_path.sh
[5.811s] -- Up-to-date: /home/fourdds/ros2_ws/install/stigmergy/share/stigmergy/environment/library_path.dsv
[5.811s] -- Up-to-date: /home/fourdds/ros2_ws/install/stigmergy/lib/libstigmergy__rosidl_generator_c.so
[5.811s] -- Up-to-date: /home/fourdds/ros2_ws/install/stigmergy/include/stigmergy/stigmergy
[5.812s] -- Up-to-date: /home/fourdds/ros2_ws/install/stigmergy/include/stigmergy/stigmergy/msg
[5.812s] -- Up-to-date: /home/fourdds/ros2_ws/install/stigmergy/include/stigmergy/stigmergy/msg/detail
[5.812s] -- Up-to-date: /home/fourdds/ros2_ws/install/stigmergy/include/stigmergy/stigmergy/msg/detail/pheromone_gradient__rosidl_typesupport_fastrtps_c.h
[5.812s] -- Up-to-date: /home/fourdds/ros2_ws/install/stigmergy/include/stigmergy/stigmergy/msg/rosidl_typesupport_fastrtps_c__visibility_control.h
[5.812s] -- Up-to-date: /home/fourdds/ros2_ws/install/stigmergy/lib/libstigmergy__rosidl_typesupport_fastrtps_c.so
[5.812s] -- Up-to-date: /home/fourdds/ros2_ws/install/stigmergy/include/stigmergy/stigmergy
[5.812s] -- Up-to-date: /home/fourdds/ros2_ws/install/stigmergy/include/stigmergy/stigmergy/msg
[5.812s] -- Up-to-date: /home/fourdds/ros2_ws/install/stigmergy/include/stigmergy/stigmergy/msg/detail
[5.812s] -- Up-to-date: /home/fourdds/ros2_ws/install/stigmergy/include/stigmergy/stigmergy/msg/detail/pheromone_gradient__struct.hpp
[5.812s] -- Up-to-date: /home/fourdds/ros2_ws/install/stigmergy/include/stigmergy/stigmergy/msg/detail/pheromone_gradient__traits.hpp
[5.812s] -- Up-to-date: /home/fourdds/ros2_ws/install/stigmergy/include/stigmergy/stigmergy/msg/detail/pheromone_gradient__builder.hpp
[5.812s] -- Up-to-date: /home/fourdds/ros2_ws/install/stigmergy/include/stigmergy/stigmergy/msg/pheromone_gradient.hpp
[5.812s] -- Up-to-date: /home/fourdds/ros2_ws/install/stigmergy/include/stigmergy/stigmergy
[5.812s] -- Up-to-date: /home/fourdds/ros2_ws/install/stigmergy/include/stigmergy/stigmergy/msg
[5.812s] -- Up-to-date: /home/fourdds/ros2_ws/install/stigmergy/include/stigmergy/stigmergy/msg/detail
[5.812s] -- Up-to-date: /home/fourdds/ros2_ws/install/stigmergy/include/stigmergy/stigmergy/msg/detail/pheromone_gradient__rosidl_typesupport_fastrtps_cpp.hpp
[5.812s] -- Up-to-date: /home/fourdds/ros2_ws/install/stigmergy/include/stigmergy/stigmergy/msg/detail/dds_fastrtps
[5.812s] -- Up-to-date: /home/fourdds/ros2_ws/install/stigmergy/include/stigmergy/stigmergy/msg/rosidl_typesupport_fastrtps_cpp__visibility_control.h
[5.812s] -- Up-to-date: /home/fourdds/ros2_ws/install/stigmergy/lib/libstigmergy__rosidl_typesupport_fastrtps_cpp.so
[5.812s] -- Up-to-date: /home/fourdds/ros2_ws/install/stigmergy/include/stigmergy/stigmergy
[5.812s] -- Up-to-date: /home/fourdds/ros2_ws/install/stigmergy/include/stigmergy/stigmergy/msg
[5.812s] -- Up-to-date: /home/fourdds/ros2_ws/install/stigmergy/include/stigmergy/stigmergy/msg/detail
[5.812s] -- Up-to-date: /home/fourdds/ros2_ws/install/stigmergy/include/stigmergy/stigmergy/msg/detail/pheromone_gradient__type_support.c
[5.812s] -- Up-to-date: /home/fourdds/ros2_ws/install/stigmergy/include/stigmergy/stigmergy/msg/detail/pheromone_gradient__rosidl_typesupport_introspection_c.h
[5.812s] -- Up-to-date: /home/fourdds/ros2_ws/install/stigmergy/include/stigmergy/stigmergy/msg/rosidl_typesupport_introspection_c__visibility_control.h
[5.812s] -- Up-to-date: /home/fourdds/ros2_ws/install/stigmergy/lib/libstigmergy__rosidl_typesupport_introspection_c.so
[5.812s] -- Up-to-date: /home/fourdds/ros2_ws/install/stigmergy/lib/libstigmergy__rosidl_typesupport_c.so
[5.812s] -- Up-to-date: /home/fourdds/ros2_ws/install/stigmergy/include/stigmergy/stigmergy
[5.812s] -- Up-to-date: /home/fourdds/ros2_ws/install/stigmergy/include/stigmergy/stigmergy/msg
[5.812s] -- Up-to-date: /home/fourdds/ros2_ws/install/stigmergy/include/stigmergy/stigmergy/msg/detail
[5.812s] -- Up-to-date: /home/fourdds/ros2_ws/install/stigmergy/include/stigmergy/stigmergy/msg/detail/pheromone_gradient__type_support.cpp
[5.812s] -- Up-to-date: /home/fourdds/ros2_ws/install/stigmergy/include/stigmergy/stigmergy/msg/detail/pheromone_gradient__rosidl_typesupport_introspection_cpp.hpp
[5.812s] -- Up-to-date: /home/fourdds/ros2_ws/install/stigmergy/lib/libstigmergy__rosidl_typesupport_introspection_cpp.so
[5.812s] -- Up-to-date: /home/fourdds/ros2_ws/install/stigmergy/lib/libstigmergy__rosidl_typesupport_cpp.so
[5.812s] -- Up-to-date: /home/fourdds/ros2_ws/install/stigmergy/share/stigmergy/environment/pythonpath.sh
[5.812s] -- Up-to-date: /home/fourdds/ros2_ws/install/stigmergy/share/stigmergy/environment/pythonpath.dsv
[5.813s] -- Up-to-date: /home/fourdds/ros2_ws/install/stigmergy/local/lib/python3.10/dist-packages/stigmergy-0.0.0-py3.10.egg-info
[5.813s] -- Installing: /home/fourdds/ros2_ws/install/stigmergy/local/lib/python3.10/dist-packages/stigmergy-0.0.0-py3.10.egg-info/dependency_links.txt
[5.813s] -- Installing: /home/fourdds/ros2_ws/install/stigmergy/local/lib/python3.10/dist-packages/stigmergy-0.0.0-py3.10.egg-info/SOURCES.txt
[5.813s] -- Installing: /home/fourdds/ros2_ws/install/stigmergy/local/lib/python3.10/dist-packages/stigmergy-0.0.0-py3.10.egg-info/PKG-INFO
[5.813s] -- Installing: /home/fourdds/ros2_ws/install/stigmergy/local/lib/python3.10/dist-packages/stigmergy-0.0.0-py3.10.egg-info/top_level.txt
[5.813s] -- Up-to-date: /home/fourdds/ros2_ws/install/stigmergy/local/lib/python3.10/dist-packages/stigmergy
[5.813s] -- Up-to-date: /home/fourdds/ros2_ws/install/stigmergy/local/lib/python3.10/dist-packages/stigmergy/stigmergy_s__rosidl_typesupport_c.cpython-310-x86_64-linux-gnu.so
[5.813s] -- Up-to-date: /home/fourdds/ros2_ws/install/stigmergy/local/lib/python3.10/dist-packages/stigmergy/_stigmergy_s.ep.rosidl_typesupport_c.c
[5.813s] -- Up-to-date: /home/fourdds/ros2_ws/install/stigmergy/local/lib/python3.10/dist-packages/stigmergy/_stigmergy_s.ep.rosidl_typesupport_introspection_c.c
[5.813s] -- Up-to-date: /home/fourdds/ros2_ws/install/stigmergy/local/lib/python3.10/dist-packages/stigmergy/libstigmergy__rosidl_generator_py.so
[5.813s] -- Up-to-date: /home/fourdds/ros2_ws/install/stigmergy/local/lib/python3.10/dist-packages/stigmergy/msg
[5.813s] -- Up-to-date: /home/fourdds/ros2_ws/install/stigmergy/local/lib/python3.10/dist-packages/stigmergy/msg/_pheromone_gradient_s.c
[5.813s] -- Up-to-date: /home/fourdds/ros2_ws/install/stigmergy/local/lib/python3.10/dist-packages/stigmergy/msg/_pheromone_gradient.py
[5.813s] -- Up-to-date: /home/fourdds/ros2_ws/install/stigmergy/local/lib/python3.10/dist-packages/stigmergy/msg/__init__.py
[5.813s] -- Up-to-date: /home/fourdds/ros2_ws/install/stigmergy/local/lib/python3.10/dist-packages/stigmergy/stigmergy_s__rosidl_typesupport_fastrtps_c.cpython-310-x86_64-linux-gnu.so
[5.813s] -- Up-to-date: /home/fourdds/ros2_ws/install/stigmergy/local/lib/python3.10/dist-packages/stigmergy/_stigmergy_s.ep.rosidl_typesupport_fastrtps_c.c
[5.813s] -- Up-to-date: /home/fourdds/ros2_ws/install/stigmergy/local/lib/python3.10/dist-packages/stigmergy/stigmergy_s__rosidl_typesupport_introspection_c.cpython-310-x86_64-linux-gnu.so
[5.813s] -- Up-to-date: /home/fourdds/ros2_ws/install/stigmergy/local/lib/python3.10/dist-packages/stigmergy/__init__.py
[5.829s] Listing '/home/fourdds/ros2_ws/install/stigmergy/local/lib/python3.10/dist-packages/stigmergy'...
[5.829s] Listing '/home/fourdds/ros2_ws/install/stigmergy/local/lib/python3.10/dist-packages/stigmergy/msg'...
[5.832s] -- Up-to-date: /home/fourdds/ros2_ws/install/stigmergy/local/lib/python3.10/dist-packages/stigmergy/stigmergy_s__rosidl_typesupport_fastrtps_c.cpython-310-x86_64-linux-gnu.so
[5.832s] -- Up-to-date: /home/fourdds/ros2_ws/install/stigmergy/local/lib/python3.10/dist-packages/stigmergy/stigmergy_s__rosidl_typesupport_introspection_c.cpython-310-x86_64-linux-gnu.so
[5.832s] -- Up-to-date: /home/fourdds/ros2_ws/install/stigmergy/local/lib/python3.10/dist-packages/stigmergy/stigmergy_s__rosidl_typesupport_c.cpython-310-x86_64-linux-gnu.so
[5.832s] -- Up-to-date: /home/fourdds/ros2_ws/install/stigmergy/lib/libstigmergy__rosidl_generator_py.so
[5.832s] -- Up-to-date: /home/fourdds/ros2_ws/install/stigmergy/share/stigmergy/msg/PheromoneGradient.idl
[5.832s] -- Up-to-date: /home/fourdds/ros2_ws/install/stigmergy/share/stigmergy/msg/PheromoneGradient.msg
[5.832s] -- Installing: /home/fourdds/ros2_ws/install/stigmergy/lib/stigmergy/stigmergy_map
[5.833s] -- Set runtime path of "/home/fourdds/ros2_ws/install/stigmergy/lib/stigmergy/stigmergy_map" to ""
[5.833s] -- Up-to-date: /home/fourdds/ros2_ws/install/stigmergy/share/ament_index/resource_index/package_run_dependencies/stigmergy
[5.833s] -- Up-to-date: /home/fourdds/ros2_ws/install/stigmergy/share/ament_index/resource_index/parent_prefix_path/stigmergy
[5.833s] -- Up-to-date: /home/fourdds/ros2_ws/install/stigmergy/share/stigmergy/environment/ament_prefix_path.sh
[5.833s] -- Up-to-date: /home/fourdds/ros2_ws/install/stigmergy/share/stigmergy/environment/ament_prefix_path.dsv
[5.833s] -- Up-to-date: /home/fourdds/ros2_ws/install/stigmergy/share/stigmergy/environment/path.sh
[5.833s] -- Up-to-date: /home/fourdds/ros2_ws/install/stigmergy/share/stigmergy/environment/path.dsv
[5.833s] -- Up-to-date: /home/fourdds/ros2_ws/install/stigmergy/share/stigmergy/local_setup.bash
[5.833s] -- Up-to-date: /home/fourdds/ros2_ws/install/stigmergy/share/stigmergy/local_setup.sh
[5.833s] -- Up-to-date: /home/fourdds/ros2_ws/install/stigmergy/share/stigmergy/local_setup.zsh
[5.833s] -- Up-to-date: /home/fourdds/ros2_ws/install/stigmergy/share/stigmergy/local_setup.dsv
[5.833s] -- Installing: /home/fourdds/ros2_ws/install/stigmergy/share/stigmergy/package.dsv
[5.834s] -- Up-to-date: /home/fourdds/ros2_ws/install/stigmergy/share/ament_index/resource_index/packages/stigmergy
[5.834s] -- Up-to-date: /home/fourdds/ros2_ws/install/stigmergy/share/stigmergy/cmake/export_stigmergy__rosidl_generator_cExport.cmake
[5.834s] -- Up-to-date: /home/fourdds/ros2_ws/install/stigmergy/share/stigmergy/cmake/export_stigmergy__rosidl_generator_cExport-noconfig.cmake
[5.834s] -- Up-to-date: /home/fourdds/ros2_ws/install/stigmergy/share/stigmergy/cmake/export_stigmergy__rosidl_typesupport_fastrtps_cExport.cmake
[5.834s] -- Up-to-date: /home/fourdds/ros2_ws/install/stigmergy/share/stigmergy/cmake/export_stigmergy__rosidl_typesupport_fastrtps_cExport-noconfig.cmake
[5.834s] -- Up-to-date: /home/fourdds/ros2_ws/install/stigmergy/share/stigmergy/cmake/export_stigmergy__rosidl_generator_cppExport.cmake
[5.834s] -- Up-to-date: /home/fourdds/ros2_ws/install/stigmergy/share/stigmergy/cmake/export_stigmergy__rosidl_typesupport_fastrtps_cppExport.cmake
[5.834s] -- Up-to-date: /home/fourdds/ros2_ws/install/stigmergy/share/stigmergy/cmake/export_stigmergy__rosidl_typesupport_fastrtps_cppExport-noconfig.cmake
[5.834s] -- Up-to-date: /home/fourdds/ros2_ws/install/stigmergy/share/stigmergy/cmake/stigmergy__rosidl_typesupport_introspection_cExport.cmake
[5.834s] -- Up-to-date: /home/fourdds/ros2_ws/install/stigmergy/share/stigmergy/cmake/stigmergy__rosidl_typesupport_introspection_cExport-noconfig.cmake
[5.834s] -- Up-to-date: /home/fourdds/ros2_ws/install/stigmergy/share/stigmergy/cmake/stigmergy__rosidl_typesupport_cExport.cmake
[5.834s] -- Up-to-date: /home/fourdds/ros2_ws/install/stigmergy/share/stigmergy/cmake/stigmergy__rosidl_typesupport_cExport-noconfig.cmake
[5.834s] -- Up-to-date: /home/fourdds/ros2_ws/install/stigmergy/share/stigmergy/cmake/stigmergy__rosidl_typesupport_introspection_cppExport.cmake
[5.834s] -- Up-to-date: /home/fourdds/ros2_ws/install/stigmergy/share/stigmergy/cmake/stigmergy__rosidl_typesupport_introspection_cppExport-noconfig.cmake
[5.834s] -- Up-to-date: /home/fourdds/ros2_ws/install/stigmergy/share/stigmergy/cmake/stigmergy__rosidl_typesupport_cppExport.cmake
[5.834s] -- Up-to-date: /home/fourdds/ros2_ws/install/stigmergy/share/stigmergy/cmake/stigmergy__rosidl_typesupport_cppExport-noconfig.cmake
[5.834s] -- Up-to-date: /home/fourdds/ros2_ws/install/stigmergy/share/stigmergy/cmake/export_stigmergy__rosidl_generator_pyExport.cmake
[5.834s] -- Up-to-date: /home/fourdds/ros2_ws/install/stigmergy/share/stigmergy/cmake/export_stigmergy__rosidl_generator_pyExport-noconfig.cmake
[5.834s] -- Up-to-date: /home/fourdds/ros2_ws/install/stigmergy/share/stigmergy/cmake/rosidl_cmake-extras.cmake
[5.834s] -- Up-to-date: /home/fourdds/ros2_ws/install/stigmergy/share/stigmergy/cmake/ament_cmake_export_include_directories-extras.cmake
[5.834s] -- Up-to-date: /home/fourdds/ros2_ws/install/stigmergy/share/stigmergy/cmake/ament_cmake_export_libraries-extras.cmake
[5.834s] -- Up-to-date: /home/fourdds/ros2_ws/install/stigmergy/share/stigmergy/cmake/ament_cmake_export_targets-extras.cmake
[5.834s] -- Up-to-date: /home/fourdds/ros2_ws/install/stigmergy/share/stigmergy/cmake/rosidl_cmake_export_typesupport_targets-extras.cmake
[5.834s] -- Up-to-date: /home/fourdds/ros2_ws/install/stigmergy/share/stigmergy/cmake/ament_cmake_export_dependencies-extras.cmake
[5.834s] -- Up-to-date: /home/fourdds/ros2_ws/install/stigmergy/share/stigmergy/cmake/rosidl_cmake_export_typesupport_libraries-extras.cmake
[5.834s] -- Up-to-date: /home/fourdds/ros2_ws/install/stigmergy/share/stigmergy/cmake/stigmergyConfig.cmake
[5.834s] -- Up-to-date: /home/fourdds/ros2_ws/install/stigmergy/share/stigmergy/cmake/stigmergyConfig-version.cmake
[5.834s] -- Up-to-date: /home/fourdds/ros2_ws/install/stigmergy/share/stigmergy/package.xml
[5.835s] Invoked command in '/home/fourdds/ros2_ws/build/stigmergy' returned '0': CMAKE_PREFIX_PATH=${CMAKE_PREFIX_PATH}:/opt/ros/humble /usr/bin/cmake --install /home/fourdds/ros2_ws/build/stigmergy
