[0.614s] Invoking command in '/home/fourdds/ros2_ws/build/fdds_messages': CMAKE_PREFIX_PATH=/opt/ros/humble /usr/bin/cmake --build /home/fourdds/ros2_ws/build/fdds_messages -- -j16 -l16
[0.742s] [  5%] Built target fdds_messages__cpp
[0.742s] [ 12%] Built target fdds_messages__rosidl_generator_c
[0.742s] [ 12%] Built target ament_cmake_python_symlink_fdds_messages
[0.756s] [ 23%] Built target fdds_messages__rosidl_typesupport_introspection_c
[0.762s] [ 33%] Built target fdds_messages__rosidl_typesupport_c
[0.765s] [ 43%] Built target fdds_messages__rosidl_typesupport_fastrtps_cpp
[0.765s] [ 53%] Built target fdds_messages__rosidl_typesupport_introspection_cpp
[0.770s] [ 64%] Built target fdds_messages__rosidl_typesupport_cpp
[0.788s] [ 74%] Built target fdds_messages__rosidl_typesupport_fastrtps_c
[0.831s] [ 74%] Built target fdds_messages
[0.884s] [ 76%] Built target fdds_messages__py
[0.944s] [ 84%] Built target fdds_messages__rosidl_generator_py
[0.993s] [ 89%] Built target fdds_messages__rosidl_typesupport_fastrtps_c__pyext
[0.994s] [ 97%] Built target fdds_messages__rosidl_typesupport_introspection_c__pyext
[0.995s] [100%] Built target fdds_messages__rosidl_typesupport_c__pyext
[1.259s] running egg_info
[1.292s] writing fdds_messages.egg-info/PKG-INFO
[1.294s] writing dependency_links to fdds_messages.egg-info/dependency_links.txt
[1.294s] writing top-level names to fdds_messages.egg-info/top_level.txt
[1.379s] reading manifest file 'fdds_messages.egg-info/SOURCES.txt'
[1.381s] writing manifest file 'fdds_messages.egg-info/SOURCES.txt'
[1.478s] [100%] Built target ament_cmake_python_build_fdds_messages_egg
[1.504s] Invoked command in '/home/fourdds/ros2_ws/build/fdds_messages' returned '0': CMAKE_PREFIX_PATH=/opt/ros/humble /usr/bin/cmake --build /home/fourdds/ros2_ws/build/fdds_messages -- -j16 -l16
[1.660s] Invoking command in '/home/fourdds/ros2_ws/build/fdds_messages': CMAKE_PREFIX_PATH=/opt/ros/humble /usr/bin/cmake --install /home/fourdds/ros2_ws/build/fdds_messages
[1.678s] -- Install configuration: ""
[1.680s] -- Execute custom install script
[1.680s] -- Up-to-date symlink: /home/fourdds/ros2_ws/install/fdds_messages/share/ament_index/resource_index/rosidl_interfaces/fdds_messages
[1.682s] -- Up-to-date symlink: /home/fourdds/ros2_ws/install/fdds_messages/include/fdds_messages/fdds_messages/msg/detail/flocking__functions.h
[1.682s] -- Up-to-date symlink: /home/fourdds/ros2_ws/install/fdds_messages/include/fdds_messages/fdds_messages/msg/detail/flocking__struct.h
[1.683s] -- Up-to-date symlink: /home/fourdds/ros2_ws/install/fdds_messages/include/fdds_messages/fdds_messages/msg/detail/flocking__type_support.h
[1.684s] -- Up-to-date symlink: /home/fourdds/ros2_ws/install/fdds_messages/include/fdds_messages/fdds_messages/msg/detail/geo_ping__functions.h
[1.684s] -- Up-to-date symlink: /home/fourdds/ros2_ws/install/fdds_messages/include/fdds_messages/fdds_messages/msg/detail/geo_ping__struct.h
[1.685s] -- Up-to-date symlink: /home/fourdds/ros2_ws/install/fdds_messages/include/fdds_messages/fdds_messages/msg/detail/geo_ping__type_support.h
[1.685s] -- Up-to-date symlink: /home/fourdds/ros2_ws/install/fdds_messages/include/fdds_messages/fdds_messages/msg/flocking.h
[1.686s] -- Up-to-date symlink: /home/fourdds/ros2_ws/install/fdds_messages/include/fdds_messages/fdds_messages/msg/geo_ping.h
[1.686s] -- Up-to-date symlink: /home/fourdds/ros2_ws/install/fdds_messages/include/fdds_messages/fdds_messages/msg/rosidl_generator_c__visibility_control.h
[1.687s] -- Up-to-date symlink: /home/fourdds/ros2_ws/install/fdds_messages/share/fdds_messages/environment/library_path.sh
[1.687s] -- Up-to-date symlink: /home/fourdds/ros2_ws/install/fdds_messages/share/fdds_messages/environment/library_path.dsv
[1.687s] -- Up-to-date symlink: /home/fourdds/ros2_ws/install/fdds_messages/include/fdds_messages/fdds_messages/msg/detail/flocking__rosidl_typesupport_fastrtps_c.h
[1.688s] -- Up-to-date symlink: /home/fourdds/ros2_ws/install/fdds_messages/include/fdds_messages/fdds_messages/msg/detail/geo_ping__rosidl_typesupport_fastrtps_c.h
[1.688s] -- Up-to-date symlink: /home/fourdds/ros2_ws/install/fdds_messages/include/fdds_messages/fdds_messages/msg/rosidl_typesupport_fastrtps_c__visibility_control.h
[1.688s] -- Up-to-date symlink: /home/fourdds/ros2_ws/install/fdds_messages/include/fdds_messages/fdds_messages/msg/detail/flocking__rosidl_typesupport_introspection_c.h
[1.689s] -- Up-to-date symlink: /home/fourdds/ros2_ws/install/fdds_messages/include/fdds_messages/fdds_messages/msg/detail/geo_ping__rosidl_typesupport_introspection_c.h
[1.689s] -- Up-to-date symlink: /home/fourdds/ros2_ws/install/fdds_messages/include/fdds_messages/fdds_messages/msg/rosidl_typesupport_introspection_c__visibility_control.h
[1.690s] -- Up-to-date symlink: /home/fourdds/ros2_ws/install/fdds_messages/include/fdds_messages/fdds_messages/msg/detail/flocking__builder.hpp
[1.691s] -- Up-to-date symlink: /home/fourdds/ros2_ws/install/fdds_messages/include/fdds_messages/fdds_messages/msg/detail/flocking__struct.hpp
[1.691s] -- Up-to-date symlink: /home/fourdds/ros2_ws/install/fdds_messages/include/fdds_messages/fdds_messages/msg/detail/flocking__traits.hpp
[1.692s] -- Up-to-date symlink: /home/fourdds/ros2_ws/install/fdds_messages/include/fdds_messages/fdds_messages/msg/detail/geo_ping__builder.hpp
[1.692s] -- Up-to-date symlink: /home/fourdds/ros2_ws/install/fdds_messages/include/fdds_messages/fdds_messages/msg/detail/geo_ping__struct.hpp
[1.693s] -- Up-to-date symlink: /home/fourdds/ros2_ws/install/fdds_messages/include/fdds_messages/fdds_messages/msg/detail/geo_ping__traits.hpp
[1.693s] -- Up-to-date symlink: /home/fourdds/ros2_ws/install/fdds_messages/include/fdds_messages/fdds_messages/msg/flocking.hpp
[1.693s] -- Up-to-date symlink: /home/fourdds/ros2_ws/install/fdds_messages/include/fdds_messages/fdds_messages/msg/geo_ping.hpp
[1.694s] -- Up-to-date symlink: /home/fourdds/ros2_ws/install/fdds_messages/include/fdds_messages/fdds_messages/msg/detail/flocking__rosidl_typesupport_fastrtps_cpp.hpp
[1.695s] -- Up-to-date symlink: /home/fourdds/ros2_ws/install/fdds_messages/include/fdds_messages/fdds_messages/msg/detail/geo_ping__rosidl_typesupport_fastrtps_cpp.hpp
[1.695s] -- Up-to-date symlink: /home/fourdds/ros2_ws/install/fdds_messages/include/fdds_messages/fdds_messages/msg/rosidl_typesupport_fastrtps_cpp__visibility_control.h
[1.696s] -- Up-to-date symlink: /home/fourdds/ros2_ws/install/fdds_messages/include/fdds_messages/fdds_messages/msg/detail/flocking__rosidl_typesupport_introspection_cpp.hpp
[1.696s] -- Up-to-date symlink: /home/fourdds/ros2_ws/install/fdds_messages/include/fdds_messages/fdds_messages/msg/detail/geo_ping__rosidl_typesupport_introspection_cpp.hpp
[1.697s] -- Up-to-date symlink: /home/fourdds/ros2_ws/install/fdds_messages/share/fdds_messages/environment/pythonpath.sh
[1.697s] -- Up-to-date symlink: /home/fourdds/ros2_ws/install/fdds_messages/share/fdds_messages/environment/pythonpath.dsv
[1.698s] -- Up-to-date symlink: /home/fourdds/ros2_ws/install/fdds_messages/local/lib/python3.10/dist-packages/fdds_messages-0.0.0-py3.10.egg-info/PKG-INFO
[1.698s] -- Up-to-date symlink: /home/fourdds/ros2_ws/install/fdds_messages/local/lib/python3.10/dist-packages/fdds_messages-0.0.0-py3.10.egg-info/SOURCES.txt
[1.698s] -- Up-to-date symlink: /home/fourdds/ros2_ws/install/fdds_messages/local/lib/python3.10/dist-packages/fdds_messages-0.0.0-py3.10.egg-info/dependency_links.txt
[1.699s] -- Up-to-date symlink: /home/fourdds/ros2_ws/install/fdds_messages/local/lib/python3.10/dist-packages/fdds_messages-0.0.0-py3.10.egg-info/top_level.txt
[1.700s] -- Up-to-date symlink: /home/fourdds/ros2_ws/install/fdds_messages/local/lib/python3.10/dist-packages/fdds_messages/__init__.py
[1.700s] -- Up-to-date symlink: /home/fourdds/ros2_ws/install/fdds_messages/local/lib/python3.10/dist-packages/fdds_messages/_fdds_messages_s.ep.rosidl_typesupport_c.c
[1.701s] -- Up-to-date symlink: /home/fourdds/ros2_ws/install/fdds_messages/local/lib/python3.10/dist-packages/fdds_messages/_fdds_messages_s.ep.rosidl_typesupport_fastrtps_c.c
[1.702s] -- Up-to-date symlink: /home/fourdds/ros2_ws/install/fdds_messages/local/lib/python3.10/dist-packages/fdds_messages/_fdds_messages_s.ep.rosidl_typesupport_introspection_c.c
[1.702s] -- Up-to-date symlink: /home/fourdds/ros2_ws/install/fdds_messages/local/lib/python3.10/dist-packages/fdds_messages/fdds_messages_s__rosidl_typesupport_c.cpython-310-x86_64-linux-gnu.so
[1.703s] -- Up-to-date symlink: /home/fourdds/ros2_ws/install/fdds_messages/local/lib/python3.10/dist-packages/fdds_messages/fdds_messages_s__rosidl_typesupport_fastrtps_c.cpython-310-x86_64-linux-gnu.so
[1.703s] -- Up-to-date symlink: /home/fourdds/ros2_ws/install/fdds_messages/local/lib/python3.10/dist-packages/fdds_messages/fdds_messages_s__rosidl_typesupport_introspection_c.cpython-310-x86_64-linux-gnu.so
[1.704s] -- Up-to-date symlink: /home/fourdds/ros2_ws/install/fdds_messages/local/lib/python3.10/dist-packages/fdds_messages/libfdds_messages__rosidl_generator_py.so
[1.704s] -- Up-to-date symlink: /home/fourdds/ros2_ws/install/fdds_messages/local/lib/python3.10/dist-packages/fdds_messages/msg/__init__.py
[1.705s] -- Up-to-date symlink: /home/fourdds/ros2_ws/install/fdds_messages/local/lib/python3.10/dist-packages/fdds_messages/msg/_flocking.py
[1.705s] -- Up-to-date symlink: /home/fourdds/ros2_ws/install/fdds_messages/local/lib/python3.10/dist-packages/fdds_messages/msg/_flocking_s.c
[1.705s] -- Up-to-date symlink: /home/fourdds/ros2_ws/install/fdds_messages/local/lib/python3.10/dist-packages/fdds_messages/msg/_geo_ping.py
[1.706s] -- Up-to-date symlink: /home/fourdds/ros2_ws/install/fdds_messages/local/lib/python3.10/dist-packages/fdds_messages/msg/_geo_ping_s.c
[1.707s] -- Up-to-date symlink: /home/fourdds/ros2_ws/install/fdds_messages/local/lib/python3.10/dist-packages/fdds_messages/fdds_messages_s__rosidl_typesupport_fastrtps_c.cpython-310-x86_64-linux-gnu.so
[1.707s] -- Up-to-date symlink: /home/fourdds/ros2_ws/install/fdds_messages/local/lib/python3.10/dist-packages/fdds_messages/fdds_messages_s__rosidl_typesupport_introspection_c.cpython-310-x86_64-linux-gnu.so
[1.707s] -- Up-to-date symlink: /home/fourdds/ros2_ws/install/fdds_messages/local/lib/python3.10/dist-packages/fdds_messages/fdds_messages_s__rosidl_typesupport_c.cpython-310-x86_64-linux-gnu.so
[1.708s] -- Up-to-date symlink: /home/fourdds/ros2_ws/install/fdds_messages/share/fdds_messages/msg/GeoPing.idl
[1.709s] -- Up-to-date symlink: /home/fourdds/ros2_ws/install/fdds_messages/share/fdds_messages/msg/Flocking.idl
[1.710s] -- Up-to-date symlink: /home/fourdds/ros2_ws/install/fdds_messages/share/fdds_messages/msg/GeoPing.msg
[1.710s] -- Up-to-date symlink: /home/fourdds/ros2_ws/install/fdds_messages/share/fdds_messages/msg/Flocking.msg
[1.711s] -- Up-to-date symlink: /home/fourdds/ros2_ws/install/fdds_messages/share/ament_index/resource_index/package_run_dependencies/fdds_messages
[1.711s] -- Up-to-date symlink: /home/fourdds/ros2_ws/install/fdds_messages/share/ament_index/resource_index/parent_prefix_path/fdds_messages
[1.711s] -- Up-to-date symlink: /home/fourdds/ros2_ws/install/fdds_messages/share/fdds_messages/environment/ament_prefix_path.sh
[1.711s] -- Up-to-date symlink: /home/fourdds/ros2_ws/install/fdds_messages/share/fdds_messages/environment/ament_prefix_path.dsv
[1.711s] -- Up-to-date symlink: /home/fourdds/ros2_ws/install/fdds_messages/share/fdds_messages/environment/path.sh
[1.712s] -- Up-to-date symlink: /home/fourdds/ros2_ws/install/fdds_messages/share/fdds_messages/environment/path.dsv
[1.712s] -- Up-to-date symlink: /home/fourdds/ros2_ws/install/fdds_messages/share/fdds_messages/local_setup.bash
[1.712s] -- Up-to-date symlink: /home/fourdds/ros2_ws/install/fdds_messages/share/fdds_messages/local_setup.sh
[1.713s] -- Up-to-date symlink: /home/fourdds/ros2_ws/install/fdds_messages/share/fdds_messages/local_setup.zsh
[1.713s] -- Up-to-date symlink: /home/fourdds/ros2_ws/install/fdds_messages/share/fdds_messages/local_setup.dsv
[1.713s] -- Symlinking: /home/fourdds/ros2_ws/install/fdds_messages/share/fdds_messages/package.dsv
[1.731s] -- Up-to-date symlink: /home/fourdds/ros2_ws/install/fdds_messages/share/ament_index/resource_index/packages/fdds_messages
[1.732s] -- Up-to-date symlink: /home/fourdds/ros2_ws/install/fdds_messages/share/fdds_messages/cmake/rosidl_cmake-extras.cmake
[1.733s] -- Up-to-date symlink: /home/fourdds/ros2_ws/install/fdds_messages/share/fdds_messages/cmake/ament_cmake_export_include_directories-extras.cmake
[1.733s] -- Up-to-date symlink: /home/fourdds/ros2_ws/install/fdds_messages/share/fdds_messages/cmake/ament_cmake_export_libraries-extras.cmake
[1.733s] -- Up-to-date symlink: /home/fourdds/ros2_ws/install/fdds_messages/share/fdds_messages/cmake/ament_cmake_export_targets-extras.cmake
[1.734s] -- Up-to-date symlink: /home/fourdds/ros2_ws/install/fdds_messages/share/fdds_messages/cmake/rosidl_cmake_export_typesupport_targets-extras.cmake
[1.734s] -- Up-to-date symlink: /home/fourdds/ros2_ws/install/fdds_messages/share/fdds_messages/cmake/ament_cmake_export_dependencies-extras.cmake
[1.735s] -- Up-to-date symlink: /home/fourdds/ros2_ws/install/fdds_messages/share/fdds_messages/cmake/rosidl_cmake_export_typesupport_libraries-extras.cmake
[1.735s] -- Up-to-date symlink: /home/fourdds/ros2_ws/install/fdds_messages/share/fdds_messages/cmake/fdds_messagesConfig.cmake
[1.735s] -- Up-to-date symlink: /home/fourdds/ros2_ws/install/fdds_messages/share/fdds_messages/cmake/fdds_messagesConfig-version.cmake
[1.735s] -- Up-to-date symlink: /home/fourdds/ros2_ws/install/fdds_messages/share/fdds_messages/package.xml
[1.737s] -- Up-to-date: /home/fourdds/ros2_ws/install/fdds_messages/lib/libfdds_messages__rosidl_generator_c.so
[1.737s] -- Up-to-date: /home/fourdds/ros2_ws/install/fdds_messages/lib/libfdds_messages__rosidl_typesupport_fastrtps_c.so
[1.738s] -- Up-to-date: /home/fourdds/ros2_ws/install/fdds_messages/lib/libfdds_messages__rosidl_typesupport_introspection_c.so
[1.738s] -- Up-to-date: /home/fourdds/ros2_ws/install/fdds_messages/lib/libfdds_messages__rosidl_typesupport_c.so
[1.739s] -- Up-to-date: /home/fourdds/ros2_ws/install/fdds_messages/lib/libfdds_messages__rosidl_typesupport_fastrtps_cpp.so
[1.740s] -- Up-to-date: /home/fourdds/ros2_ws/install/fdds_messages/lib/libfdds_messages__rosidl_typesupport_introspection_cpp.so
[1.740s] -- Up-to-date: /home/fourdds/ros2_ws/install/fdds_messages/lib/libfdds_messages__rosidl_typesupport_cpp.so
[1.813s] Listing '/home/fourdds/ros2_ws/install/fdds_messages/local/lib/python3.10/dist-packages/fdds_messages'...
[1.814s] Listing '/home/fourdds/ros2_ws/install/fdds_messages/local/lib/python3.10/dist-packages/fdds_messages/msg'...
[1.839s] -- Up-to-date: /home/fourdds/ros2_ws/install/fdds_messages/lib/libfdds_messages__rosidl_generator_py.so
[1.839s] -- Up-to-date: /home/fourdds/ros2_ws/install/fdds_messages/share/fdds_messages/cmake/export_fdds_messages__rosidl_generator_cExport.cmake
[1.840s] -- Up-to-date: /home/fourdds/ros2_ws/install/fdds_messages/share/fdds_messages/cmake/export_fdds_messages__rosidl_generator_cExport-noconfig.cmake
[1.840s] -- Up-to-date: /home/fourdds/ros2_ws/install/fdds_messages/share/fdds_messages/cmake/export_fdds_messages__rosidl_typesupport_fastrtps_cExport.cmake
[1.840s] -- Up-to-date: /home/fourdds/ros2_ws/install/fdds_messages/share/fdds_messages/cmake/export_fdds_messages__rosidl_typesupport_fastrtps_cExport-noconfig.cmake
[1.840s] -- Up-to-date: /home/fourdds/ros2_ws/install/fdds_messages/share/fdds_messages/cmake/fdds_messages__rosidl_typesupport_introspection_cExport.cmake
[1.840s] -- Up-to-date: /home/fourdds/ros2_ws/install/fdds_messages/share/fdds_messages/cmake/fdds_messages__rosidl_typesupport_introspection_cExport-noconfig.cmake
[1.840s] -- Up-to-date: /home/fourdds/ros2_ws/install/fdds_messages/share/fdds_messages/cmake/fdds_messages__rosidl_typesupport_cExport.cmake
[1.840s] -- Up-to-date: /home/fourdds/ros2_ws/install/fdds_messages/share/fdds_messages/cmake/fdds_messages__rosidl_typesupport_cExport-noconfig.cmake
[1.840s] -- Up-to-date: /home/fourdds/ros2_ws/install/fdds_messages/share/fdds_messages/cmake/export_fdds_messages__rosidl_generator_cppExport.cmake
[1.842s] -- Up-to-date: /home/fourdds/ros2_ws/install/fdds_messages/share/fdds_messages/cmake/export_fdds_messages__rosidl_typesupport_fastrtps_cppExport.cmake
[1.842s] -- Up-to-date: /home/fourdds/ros2_ws/install/fdds_messages/share/fdds_messages/cmake/export_fdds_messages__rosidl_typesupport_fastrtps_cppExport-noconfig.cmake
[1.842s] -- Up-to-date: /home/fourdds/ros2_ws/install/fdds_messages/share/fdds_messages/cmake/fdds_messages__rosidl_typesupport_introspection_cppExport.cmake
[1.843s] -- Up-to-date: /home/fourdds/ros2_ws/install/fdds_messages/share/fdds_messages/cmake/fdds_messages__rosidl_typesupport_introspection_cppExport-noconfig.cmake
[1.843s] -- Up-to-date: /home/fourdds/ros2_ws/install/fdds_messages/share/fdds_messages/cmake/fdds_messages__rosidl_typesupport_cppExport.cmake
[1.847s] -- Up-to-date: /home/fourdds/ros2_ws/install/fdds_messages/share/fdds_messages/cmake/fdds_messages__rosidl_typesupport_cppExport-noconfig.cmake
[1.848s] -- Up-to-date: /home/fourdds/ros2_ws/install/fdds_messages/share/fdds_messages/cmake/export_fdds_messages__rosidl_generator_pyExport.cmake
[1.848s] -- Up-to-date: /home/fourdds/ros2_ws/install/fdds_messages/share/fdds_messages/cmake/export_fdds_messages__rosidl_generator_pyExport-noconfig.cmake
[1.849s] Invoked command in '/home/fourdds/ros2_ws/build/fdds_messages' returned '0': CMAKE_PREFIX_PATH=/opt/ros/humble /usr/bin/cmake --install /home/fourdds/ros2_ws/build/fdds_messages
