[0.433s] Invoking command in '/home/fourdds/ws/build/vision_opencv': AMENT_PREFIX_PATH=/home/fourdds/ws/install/image_geometry:/home/fourdds/ws/install/cv_bridge:${AMENT_PREFIX_PATH} CMAKE_PREFIX_PATH=/home/fourdds/ws/install/image_geometry:/home/fourdds/ws/install/cv_bridge:/opt/ros/humble LD_LIBRARY_PATH=/home/fourdds/ws/install/image_geometry/lib:/home/fourdds/ws/install/cv_bridge/lib:${LD_LIBRARY_PATH} PYTHONPATH=/home/fourdds/ws/install/image_geometry/local/lib/python3.10/dist-packages:/home/fourdds/ws/install/cv_bridge/local/lib/python3.10/dist-packages:${PYTHONPATH} /usr/bin/cmake --build /home/fourdds/ws/build/vision_opencv -- -j16 -l16
[0.495s] Invoked command in '/home/fourdds/ws/build/vision_opencv' returned '0': AMENT_PREFIX_PATH=/home/fourdds/ws/install/image_geometry:/home/fourdds/ws/install/cv_bridge:${AMENT_PREFIX_PATH} CMAKE_PREFIX_PATH=/home/fourdds/ws/install/image_geometry:/home/fourdds/ws/install/cv_bridge:/opt/ros/humble LD_LIBRARY_PATH=/home/fourdds/ws/install/image_geometry/lib:/home/fourdds/ws/install/cv_bridge/lib:${LD_LIBRARY_PATH} PYTHONPATH=/home/fourdds/ws/install/image_geometry/local/lib/python3.10/dist-packages:/home/fourdds/ws/install/cv_bridge/local/lib/python3.10/dist-packages:${PYTHONPATH} /usr/bin/cmake --build /home/fourdds/ws/build/vision_opencv -- -j16 -l16
[0.530s] Invoking command in '/home/fourdds/ws/build/vision_opencv': AMENT_PREFIX_PATH=/home/fourdds/ws/install/image_geometry:/home/fourdds/ws/install/cv_bridge:${AMENT_PREFIX_PATH} CMAKE_PREFIX_PATH=/home/fourdds/ws/install/image_geometry:/home/fourdds/ws/install/cv_bridge:/opt/ros/humble LD_LIBRARY_PATH=/home/fourdds/ws/install/image_geometry/lib:/home/fourdds/ws/install/cv_bridge/lib:${LD_LIBRARY_PATH} PYTHONPATH=/home/fourdds/ws/install/image_geometry/local/lib/python3.10/dist-packages:/home/fourdds/ws/install/cv_bridge/local/lib/python3.10/dist-packages:${PYTHONPATH} /usr/bin/cmake --install /home/fourdds/ws/build/vision_opencv
[0.540s] -- Install configuration: ""
[0.542s] -- Execute custom install script
[0.543s] -- Up-to-date symlink: /home/fourdds/ws/install/vision_opencv/share/ament_index/resource_index/package_run_dependencies/vision_opencv
[0.544s] -- Up-to-date symlink: /home/fourdds/ws/install/vision_opencv/share/ament_index/resource_index/parent_prefix_path/vision_opencv
[0.545s] -- Up-to-date symlink: /home/fourdds/ws/install/vision_opencv/share/vision_opencv/environment/ament_prefix_path.sh
[0.546s] -- Up-to-date symlink: /home/fourdds/ws/install/vision_opencv/share/vision_opencv/environment/ament_prefix_path.dsv
[0.547s] -- Up-to-date symlink: /home/fourdds/ws/install/vision_opencv/share/vision_opencv/environment/path.sh
[0.548s] -- Up-to-date symlink: /home/fourdds/ws/install/vision_opencv/share/vision_opencv/environment/path.dsv
[0.549s] -- Up-to-date symlink: /home/fourdds/ws/install/vision_opencv/share/vision_opencv/local_setup.bash
[0.550s] -- Up-to-date symlink: /home/fourdds/ws/install/vision_opencv/share/vision_opencv/local_setup.sh
[0.551s] -- Up-to-date symlink: /home/fourdds/ws/install/vision_opencv/share/vision_opencv/local_setup.zsh
[0.552s] -- Up-to-date symlink: /home/fourdds/ws/install/vision_opencv/share/vision_opencv/local_setup.dsv
[0.552s] -- Symlinking: /home/fourdds/ws/install/vision_opencv/share/vision_opencv/package.dsv
[0.570s] -- Up-to-date symlink: /home/fourdds/ws/install/vision_opencv/share/ament_index/resource_index/packages/vision_opencv
[0.570s] -- Up-to-date symlink: /home/fourdds/ws/install/vision_opencv/share/vision_opencv/cmake/vision_opencvConfig.cmake
[0.571s] -- Up-to-date symlink: /home/fourdds/ws/install/vision_opencv/share/vision_opencv/cmake/vision_opencvConfig-version.cmake
[0.572s] -- Up-to-date symlink: /home/fourdds/ws/install/vision_opencv/share/vision_opencv/package.xml
[0.576s] Invoked command in '/home/fourdds/ws/build/vision_opencv' returned '0': AMENT_PREFIX_PATH=/home/fourdds/ws/install/image_geometry:/home/fourdds/ws/install/cv_bridge:${AMENT_PREFIX_PATH} CMAKE_PREFIX_PATH=/home/fourdds/ws/install/image_geometry:/home/fourdds/ws/install/cv_bridge:/opt/ros/humble LD_LIBRARY_PATH=/home/fourdds/ws/install/image_geometry/lib:/home/fourdds/ws/install/cv_bridge/lib:${LD_LIBRARY_PATH} PYTHONPATH=/home/fourdds/ws/install/image_geometry/local/lib/python3.10/dist-packages:/home/fourdds/ws/install/cv_bridge/local/lib/python3.10/dist-packages:${PYTHONPATH} /usr/bin/cmake --install /home/fourdds/ws/build/vision_opencv
