[0.008s] Invoking command in '/home/fourdds/ros2_ws/build/boids': CMAKE_PREFIX_PATH=/home/fourdds/ros2_ws/install/px4_msgs:/home/fourdds/ros2_ws/install/px4_ros_com:/home/fourdds/ros2_ws/install/boids:/opt/ros/humble LD_LIBRARY_PATH=/home/fourdds/ros2_ws/install/px4_msgs/lib:/home/fourdds/ros2_ws/install/px4_ros_com/lib:/home/fourdds/ros2_ws/install/boids/lib:/usr/lib/x86_64-linux-gnu/gazebo-11/plugins:/opt/ros/humble/opt/rviz_ogre_vendor/lib:/opt/ros/humble/lib/x86_64-linux-gnu:/opt/ros/humble/lib /usr/bin/cmake --build /home/fourdds/ros2_ws/build/boids -- -j24 -l24
[0.030s] [35m[1mConsolidate compiler generated dependencies of target uavs_spawner[0m
[0.038s] [ 40%] Built target frame_transforms
[0.043s] [ 60%] [32mBuilding CXX object CMakeFiles/uavs_spawner.dir/src/uav_node.cpp.o[0m
[11.013s] [ 80%] [32m[1mLinking CXX executable uavs_spawner[0m
[11.509s] [100%] Built target uavs_spawner
[11.517s] Invoked command in '/home/fourdds/ros2_ws/build/boids' returned '0': CMAKE_PREFIX_PATH=/home/fourdds/ros2_ws/install/px4_msgs:/home/fourdds/ros2_ws/install/px4_ros_com:/home/fourdds/ros2_ws/install/boids:/opt/ros/humble LD_LIBRARY_PATH=/home/fourdds/ros2_ws/install/px4_msgs/lib:/home/fourdds/ros2_ws/install/px4_ros_com/lib:/home/fourdds/ros2_ws/install/boids/lib:/usr/lib/x86_64-linux-gnu/gazebo-11/plugins:/opt/ros/humble/opt/rviz_ogre_vendor/lib:/opt/ros/humble/lib/x86_64-linux-gnu:/opt/ros/humble/lib /usr/bin/cmake --build /home/fourdds/ros2_ws/build/boids -- -j24 -l24
[11.534s] Invoking command in '/home/fourdds/ros2_ws/build/boids': CMAKE_PREFIX_PATH=/home/fourdds/ros2_ws/install/px4_msgs:/home/fourdds/ros2_ws/install/px4_ros_com:/home/fourdds/ros2_ws/install/boids:/opt/ros/humble LD_LIBRARY_PATH=/home/fourdds/ros2_ws/install/px4_msgs/lib:/home/fourdds/ros2_ws/install/px4_ros_com/lib:/home/fourdds/ros2_ws/install/boids/lib:/usr/lib/x86_64-linux-gnu/gazebo-11/plugins:/opt/ros/humble/opt/rviz_ogre_vendor/lib:/opt/ros/humble/lib/x86_64-linux-gnu:/opt/ros/humble/lib /usr/bin/cmake --install /home/fourdds/ros2_ws/build/boids
[11.538s] -- Install configuration: ""
[11.539s] -- Installing: /home/fourdds/ros2_ws/install/boids/lib/boids/uavs_spawner
[11.545s] -- Set runtime path of "/home/fourdds/ros2_ws/install/boids/lib/boids/uavs_spawner" to ""
[11.545s] -- Up-to-date: /home/fourdds/ros2_ws/install/boids/share/boids/environment/library_path.sh
[11.545s] -- Up-to-date: /home/fourdds/ros2_ws/install/boids/share/boids/environment/library_path.dsv
[11.545s] -- Up-to-date: /home/fourdds/ros2_ws/install/boids/include/boids
[11.545s] -- Up-to-date: /home/fourdds/ros2_ws/install/boids/include/boids/placeholder.txt
[11.545s] -- Up-to-date: /home/fourdds/ros2_ws/install/boids/lib/libframe_transforms.so
[11.545s] -- Up-to-date: /home/fourdds/ros2_ws/install/boids/share/boids//launch
[11.546s] -- Up-to-date: /home/fourdds/ros2_ws/install/boids/share/boids//launch/boids.launch.py:Zone.Identifier
[11.546s] -- Up-to-date: /home/fourdds/ros2_ws/install/boids/share/boids//launch/boids.launch.py
[11.546s] -- Up-to-date: /home/fourdds/ros2_ws/install/boids/share/boids//test
[11.546s] -- Up-to-date: /home/fourdds/ros2_ws/install/boids/share/boids//test/placeholder.txt
[11.546s] -- Up-to-date: /home/fourdds/ros2_ws/install/boids/share/ament_index/resource_index/package_run_dependencies/boids
[11.546s] -- Up-to-date: /home/fourdds/ros2_ws/install/boids/share/ament_index/resource_index/parent_prefix_path/boids
[11.546s] -- Up-to-date: /home/fourdds/ros2_ws/install/boids/share/boids/environment/ament_prefix_path.sh
[11.546s] -- Up-to-date: /home/fourdds/ros2_ws/install/boids/share/boids/environment/ament_prefix_path.dsv
[11.546s] -- Up-to-date: /home/fourdds/ros2_ws/install/boids/share/boids/environment/path.sh
[11.546s] -- Up-to-date: /home/fourdds/ros2_ws/install/boids/share/boids/environment/path.dsv
[11.546s] -- Up-to-date: /home/fourdds/ros2_ws/install/boids/share/boids/local_setup.bash
[11.546s] -- Up-to-date: /home/fourdds/ros2_ws/install/boids/share/boids/local_setup.sh
[11.546s] -- Up-to-date: /home/fourdds/ros2_ws/install/boids/share/boids/local_setup.zsh
[11.546s] -- Up-to-date: /home/fourdds/ros2_ws/install/boids/share/boids/local_setup.dsv
[11.546s] -- Installing: /home/fourdds/ros2_ws/install/boids/share/boids/package.dsv
[11.546s] -- Up-to-date: /home/fourdds/ros2_ws/install/boids/share/ament_index/resource_index/packages/boids
[11.546s] -- Up-to-date: /home/fourdds/ros2_ws/install/boids/share/boids/cmake/export_frame_transformsExport.cmake
[11.547s] -- Up-to-date: /home/fourdds/ros2_ws/install/boids/share/boids/cmake/export_frame_transformsExport-noconfig.cmake
[11.547s] -- Up-to-date: /home/fourdds/ros2_ws/install/boids/share/boids/cmake/ament_cmake_export_dependencies-extras.cmake
[11.547s] -- Up-to-date: /home/fourdds/ros2_ws/install/boids/share/boids/cmake/ament_cmake_export_targets-extras.cmake
[11.547s] -- Up-to-date: /home/fourdds/ros2_ws/install/boids/share/boids/cmake/ament_cmake_export_include_directories-extras.cmake
[11.547s] -- Up-to-date: /home/fourdds/ros2_ws/install/boids/share/boids/cmake/ament_cmake_export_libraries-extras.cmake
[11.547s] -- Up-to-date: /home/fourdds/ros2_ws/install/boids/share/boids/cmake/boidsConfig.cmake
[11.547s] -- Up-to-date: /home/fourdds/ros2_ws/install/boids/share/boids/cmake/boidsConfig-version.cmake
[11.547s] -- Up-to-date: /home/fourdds/ros2_ws/install/boids/share/boids/package.xml
[11.549s] Invoked command in '/home/fourdds/ros2_ws/build/boids' returned '0': CMAKE_PREFIX_PATH=/home/fourdds/ros2_ws/install/px4_msgs:/home/fourdds/ros2_ws/install/px4_ros_com:/home/fourdds/ros2_ws/install/boids:/opt/ros/humble LD_LIBRARY_PATH=/home/fourdds/ros2_ws/install/px4_msgs/lib:/home/fourdds/ros2_ws/install/px4_ros_com/lib:/home/fourdds/ros2_ws/install/boids/lib:/usr/lib/x86_64-linux-gnu/gazebo-11/plugins:/opt/ros/humble/opt/rviz_ogre_vendor/lib:/opt/ros/humble/lib/x86_64-linux-gnu:/opt/ros/humble/lib /usr/bin/cmake --install /home/fourdds/ros2_ws/build/boids
