[0.011s] Invoking command in '/home/fourdds/ros2_ws/build/boids': CMAKE_PREFIX_PATH=/home/fourdds/ros2_ws/install/px4_msgs:/home/fourdds/ros2_ws/install/px4_ros_com:/home/fourdds/ros2_ws/install/boids:/opt/ros/humble LD_LIBRARY_PATH=/home/fourdds/ros2_ws/install/px4_msgs/lib:/home/fourdds/ros2_ws/install/px4_ros_com/lib:/home/fourdds/ros2_ws/install/boids/lib:/usr/lib/x86_64-linux-gnu/gazebo-11/plugins:/opt/ros/humble/opt/rviz_ogre_vendor/lib:/opt/ros/humble/lib/x86_64-linux-gnu:/opt/ros/humble/lib /usr/bin/cmake --build /home/fourdds/ros2_ws/build/boids -- -j24 -l24
[0.033s] [35m[1mConsolidate compiler generated dependencies of target boids__rosidl_generator_c[0m
[0.041s] [  6%] Built target boids__cpp
[0.041s] [ 11%] Built target boids__rosidl_generator_c
[0.042s] [ 15%] Built target frame_transforms
[0.046s] [ 15%] Built target ament_cmake_python_copy_boids
[0.047s] [ 17%] [34m[1mGenerating C introspection for ROS interfaces[0m
[0.048s] [ 20%] [34m[1mGenerating C type support for eProsima Fast-RTPS[0m
[0.048s] [ 24%] [34m[1mGenerating C++ type support for eProsima Fast-RTPS[0m
[0.048s] [ 24%] [34m[1mGenerating C type support dispatch for ROS interfaces[0m
[0.048s] [ 26%] [32mBuilding CXX object CMakeFiles/uavs_spawner.dir/src/main.cpp.o[0m
[0.048s] [ 28%] [34m[1mGenerating C++ introspection for ROS interfaces[0m
[0.048s] [ 31%] [34m[1mGenerating C++ type support dispatch for ROS interfaces[0m
[0.049s] [ 33%] [32mBuilding CXX object CMakeFiles/uavs_spawner.dir/src/base_station.cpp.o[0m
[0.049s] [ 35%] [32mBuilding CXX object CMakeFiles/uavs_spawner.dir/src/uav_node.cpp.o[0m
[0.208s] running egg_info
[0.222s] writing boids.egg-info/PKG-INFO
[0.223s] writing dependency_links to boids.egg-info/dependency_links.txt
[0.223s] writing top-level names to boids.egg-info/top_level.txt
[0.265s] reading manifest file 'boids.egg-info/SOURCES.txt'
[0.266s] [35m[1mConsolidate compiler generated dependencies of target boids__rosidl_typesupport_c[0m
[0.266s] writing manifest file 'boids.egg-info/SOURCES.txt'
[0.269s] [35m[1mConsolidate compiler generated dependencies of target boids__rosidl_typesupport_cpp[0m
[0.276s] [ 40%] [32mBuilding CXX object CMakeFiles/boids__rosidl_typesupport_c.dir/rosidl_typesupport_c/boids/msg/flock_center_of_mass__type_support.cpp.o[0m
[0.277s] [ 40%] [32mBuilding CXX object CMakeFiles/boids__rosidl_typesupport_c.dir/rosidl_typesupport_c/boids/msg/geo_ping__type_support.cpp.o[0m
[0.277s] [35m[1mConsolidate compiler generated dependencies of target boids__rosidl_typesupport_introspection_cpp[0m
[0.283s] [ 44%] [32mBuilding CXX object CMakeFiles/boids__rosidl_typesupport_cpp.dir/rosidl_typesupport_cpp/boids/msg/flock_center_of_mass__type_support.cpp.o[0m
[0.283s] [ 44%] [32mBuilding CXX object CMakeFiles/boids__rosidl_typesupport_cpp.dir/rosidl_typesupport_cpp/boids/msg/geo_ping__type_support.cpp.o[0m
[0.290s] [ 48%] [32mBuilding CXX object CMakeFiles/boids__rosidl_typesupport_introspection_cpp.dir/rosidl_typesupport_introspection_cpp/boids/msg/detail/geo_ping__type_support.cpp.o[0m
[0.290s] [ 48%] [32mBuilding CXX object CMakeFiles/boids__rosidl_typesupport_introspection_cpp.dir/rosidl_typesupport_introspection_cpp/boids/msg/detail/flock_center_of_mass__type_support.cpp.o[0m
[0.300s] [35m[1mConsolidate compiler generated dependencies of target boids__rosidl_typesupport_introspection_c[0m
[0.309s] [ 55%] [32m[1mLinking CXX shared library libboids__rosidl_typesupport_c.so[0m
[0.309s] [ 55%] [32mBuilding C object CMakeFiles/boids__rosidl_typesupport_introspection_c.dir/rosidl_typesupport_introspection_c/boids/msg/detail/geo_ping__type_support.c.o[0m
[0.309s] [ 55%] [32mBuilding C object CMakeFiles/boids__rosidl_typesupport_introspection_c.dir/rosidl_typesupport_introspection_c/boids/msg/detail/flock_center_of_mass__type_support.c.o[0m
[0.310s] [35m[1mConsolidate compiler generated dependencies of target boids__rosidl_typesupport_fastrtps_c[0m
[0.323s] [ 60%] [32mBuilding CXX object CMakeFiles/boids__rosidl_typesupport_fastrtps_c.dir/rosidl_typesupport_fastrtps_c/boids/msg/detail/geo_ping__type_support_c.cpp.o[0m
[0.323s] [ 60%] [32mBuilding CXX object CMakeFiles/boids__rosidl_typesupport_fastrtps_c.dir/rosidl_typesupport_fastrtps_c/boids/msg/detail/flock_center_of_mass__type_support_c.cpp.o[0m
[0.331s] [35m[1mConsolidate compiler generated dependencies of target boids__rosidl_typesupport_fastrtps_cpp[0m
[0.345s] [ 62%] [32m[1mLinking C shared library libboids__rosidl_typesupport_introspection_c.so[0m
[0.345s] [ 66%] [32mBuilding CXX object CMakeFiles/boids__rosidl_typesupport_fastrtps_cpp.dir/rosidl_typesupport_fastrtps_cpp/boids/msg/detail/dds_fastrtps/flock_center_of_mass__type_support.cpp.o[0m
[0.345s] [ 66%] [32mBuilding CXX object CMakeFiles/boids__rosidl_typesupport_fastrtps_cpp.dir/rosidl_typesupport_fastrtps_cpp/boids/msg/detail/dds_fastrtps/geo_ping__type_support.cpp.o[0m
[0.346s] [ 66%] Built target ament_cmake_python_build_boids_egg
[0.359s] [ 66%] Built target boids__rosidl_typesupport_c
[0.379s] [ 66%] Built target boids__rosidl_typesupport_introspection_c
[0.559s] [ 68%] [32m[1mLinking CXX shared library libboids__rosidl_typesupport_cpp.so[0m
[0.596s] [ 68%] Built target boids__rosidl_typesupport_cpp
[0.659s] [ 71%] [32m[1mLinking CXX shared library libboids__rosidl_typesupport_fastrtps_c.so[0m
[0.742s] [ 73%] [32m[1mLinking CXX shared library libboids__rosidl_typesupport_fastrtps_cpp.so[0m
[0.763s] [ 73%] Built target boids__rosidl_typesupport_fastrtps_c
[0.849s] [ 73%] Built target boids__rosidl_typesupport_fastrtps_cpp
[0.916s] [ 75%] [32m[1mLinking CXX shared library libboids__rosidl_typesupport_introspection_cpp.so[0m
[0.946s] [ 75%] Built target boids__rosidl_typesupport_introspection_cpp
[0.960s] [ 75%] Built target boids
[0.976s] [ 77%] [34m[1mGenerating Python code for ROS interfaces[0m
[1.229s] [ 77%] Built target boids__py
[1.237s] [35m[1mConsolidate compiler generated dependencies of target boids__rosidl_generator_py[0m
[1.246s] [ 80%] [32mBuilding C object CMakeFiles/boids__rosidl_generator_py.dir/rosidl_generator_py/boids/msg/_geo_ping_s.c.o[0m
[1.248s] [ 82%] [32mBuilding C object CMakeFiles/boids__rosidl_generator_py.dir/rosidl_generator_py/boids/msg/_flock_center_of_mass_s.c.o[0m
[1.314s] [ 84%] [32m[1mLinking C shared library rosidl_generator_py/boids/libboids__rosidl_generator_py.so[0m
[1.341s] [ 84%] Built target boids__rosidl_generator_py
[1.348s] [35m[1mConsolidate compiler generated dependencies of target boids__rosidl_typesupport_introspection_c__pyext[0m
[1.348s] [35m[1mConsolidate compiler generated dependencies of target boids__rosidl_typesupport_c__pyext[0m
[1.349s] [35m[1mConsolidate compiler generated dependencies of target boids__rosidl_typesupport_fastrtps_c__pyext[0m
[1.357s] [ 88%] [32mBuilding C object CMakeFiles/boids__rosidl_typesupport_fastrtps_c__pyext.dir/rosidl_generator_py/boids/_boids_s.ep.rosidl_typesupport_fastrtps_c.c.o[0m
[1.357s] [ 88%] [32mBuilding C object CMakeFiles/boids__rosidl_typesupport_introspection_c__pyext.dir/rosidl_generator_py/boids/_boids_s.ep.rosidl_typesupport_introspection_c.c.o[0m
[1.357s] [ 91%] [32mBuilding C object CMakeFiles/boids__rosidl_typesupport_c__pyext.dir/rosidl_generator_py/boids/_boids_s.ep.rosidl_typesupport_c.c.o[0m
[1.425s] [ 93%] [32m[1mLinking C shared library rosidl_generator_py/boids/boids_s__rosidl_typesupport_introspection_c.cpython-310-x86_64-linux-gnu.so[0m
[1.426s] [ 95%] [32m[1mLinking C shared library rosidl_generator_py/boids/boids_s__rosidl_typesupport_c.cpython-310-x86_64-linux-gnu.so[0m
[1.432s] [ 97%] [32m[1mLinking C shared library rosidl_generator_py/boids/boids_s__rosidl_typesupport_fastrtps_c.cpython-310-x86_64-linux-gnu.so[0m
[1.447s] [ 97%] Built target boids__rosidl_typesupport_introspection_c__pyext
[1.455s] [ 97%] Built target boids__rosidl_typesupport_c__pyext
[1.456s] [ 97%] Built target boids__rosidl_typesupport_fastrtps_c__pyext
[2.711s] [01m[K/home/fourdds/ros2_ws/src/boids/src/base_station.cpp:[m[K In member function ‘[01m[Kvoid Swarm::BaseStation::advertiseFlockCenterOfMass(int, const Point2D&)[m[K’:
[2.711s] [01m[K/home/fourdds/ros2_ws/src/boids/src/base_station.cpp:48:17:[m[K [01;31m[Kerror: [m[K‘[01m[KNeighborsCOM[m[K’ is not a member of ‘[01m[Kboids::msg[m[K’
[2.711s]    48 |     boids::msg::[01;31m[KNeighborsCOM[m[K msg;
[2.711s]       |                 [01;31m[K^~~~~~~~~~~~[m[K
[2.712s] [01m[K/home/fourdds/ros2_ws/src/boids/src/base_station.cpp:49:5:[m[K [01;31m[Kerror: [m[K‘[01m[Kmsg[m[K’ was not declared in this scope
[2.713s]    49 |     [01;31m[Kmsg[m[K.latitude_m = flock_center_of_mass.x();
[2.713s]       |     [01;31m[K^~~[m[K
[2.713s] [01m[K/home/fourdds/ros2_ws/src/boids/src/base_station.cpp:49:5:[m[K [01;36m[Knote: [m[Ksuggested alternatives:
[2.713s] In file included from [01m[K/opt/ros/humble/include/builtin_interfaces/builtin_interfaces/msg/duration.hpp:7[m[K,
[2.713s]                  from [01m[K/opt/ros/humble/include/rclcpp/rclcpp/duration.hpp:20[m[K,
[2.713s]                  from [01m[K/opt/ros/humble/include/rclcpp/rclcpp/qos.hpp:20[m[K,
[2.713s]                  from [01m[K/opt/ros/humble/include/rclcpp/rclcpp/node_interfaces/node_graph_interface.hpp:32[m[K,
[2.713s]                  from [01m[K/opt/ros/humble/include/rclcpp/rclcpp/client.hpp:42[m[K,
[2.714s]                  from [01m[K/opt/ros/humble/include/rclcpp/rclcpp/callback_group.hpp:24[m[K,
[2.714s]                  from [01m[K/opt/ros/humble/include/rclcpp/rclcpp/any_executable.hpp:20[m[K,
[2.714s]                  from [01m[K/opt/ros/humble/include/rclcpp/rclcpp/memory_strategy.hpp:25[m[K,
[2.714s]                  from [01m[K/opt/ros/humble/include/rclcpp/rclcpp/memory_strategies.hpp:18[m[K,
[2.714s]                  from [01m[K/opt/ros/humble/include/rclcpp/rclcpp/executor_options.hpp:20[m[K,
[2.714s]                  from [01m[K/opt/ros/humble/include/rclcpp/rclcpp/executor.hpp:37[m[K,
[2.714s]                  from [01m[K/opt/ros/humble/include/rclcpp/rclcpp/executors/multi_threaded_executor.hpp:25[m[K,
[2.714s]                  from [01m[K/opt/ros/humble/include/rclcpp/rclcpp/executors.hpp:21[m[K,
[2.714s]                  from [01m[K/opt/ros/humble/include/rclcpp/rclcpp/rclcpp.hpp:155[m[K,
[2.714s]                  from [01m[K/home/fourdds/ros2_ws/src/boids/src/base_station.hpp:3[m[K,
[2.714s]                  from [01m[K/home/fourdds/ros2_ws/src/boids/src/base_station.cpp:1[m[K:
[2.714s] [01m[K/opt/ros/humble/include/builtin_interfaces/builtin_interfaces/msg/detail/duration__struct.hpp:27:11:[m[K [01;36m[Knote: [m[K  ‘[01m[Kbuiltin_interfaces::msg[m[K’
[2.714s]    27 | namespace [01;36m[Kmsg[m[K
[2.714s]       |           [01;36m[K^~~[m[K
[2.714s] In file included from [01m[K/opt/ros/humble/include/rcl_interfaces/rcl_interfaces/msg/set_parameters_result.hpp:7[m[K,
[2.714s]                  from [01m[K/opt/ros/humble/include/rclcpp/rclcpp/qos_overriding_options.hpp:28[m[K,
[2.714s]                  from [01m[K/opt/ros/humble/include/rclcpp/rclcpp/subscription_options.hpp:30[m[K,
[2.714s]                  from [01m[K/opt/ros/humble/include/rclcpp/rclcpp/subscription.hpp:45[m[K,
[2.714s]                  from [01m[K/opt/ros/humble/include/rclcpp/rclcpp/any_executable.hpp:25[m[K,
[2.714s]                  from [01m[K/opt/ros/humble/include/rclcpp/rclcpp/memory_strategy.hpp:25[m[K,
[2.714s]                  from [01m[K/opt/ros/humble/include/rclcpp/rclcpp/memory_strategies.hpp:18[m[K,
[2.714s]                  from [01m[K/opt/ros/humble/include/rclcpp/rclcpp/executor_options.hpp:20[m[K,
[2.715s]                  from [01m[K/opt/ros/humble/include/rclcpp/rclcpp/executor.hpp:37[m[K,
[2.715s]                  from [01m[K/opt/ros/humble/include/rclcpp/rclcpp/executors/multi_threaded_executor.hpp:25[m[K,
[2.715s]                  from [01m[K/opt/ros/humble/include/rclcpp/rclcpp/executors.hpp:21[m[K,
[2.715s]                  from [01m[K/opt/ros/humble/include/rclcpp/rclcpp/rclcpp.hpp:155[m[K,
[2.715s]                  from [01m[K/home/fourdds/ros2_ws/src/boids/src/base_station.hpp:3[m[K,
[2.715s]                  from [01m[K/home/fourdds/ros2_ws/src/boids/src/base_station.cpp:1[m[K:
[2.715s] [01m[K/opt/ros/humble/include/rcl_interfaces/rcl_interfaces/msg/detail/set_parameters_result__struct.hpp:27:11:[m[K [01;36m[Knote: [m[K  ‘[01m[Krcl_interfaces::msg[m[K’
[2.715s]    27 | namespace [01;36m[Kmsg[m[K
[2.715s]       |           [01;36m[K^~~[m[K
[2.715s] In file included from [01m[K/opt/ros/humble/include/statistics_msgs/statistics_msgs/msg/detail/metrics_message__struct.hpp:23[m[K,
[2.715s]                  from [01m[K/opt/ros/humble/include/statistics_msgs/statistics_msgs/msg/metrics_message.hpp:7[m[K,
[2.715s]                  from [01m[K/opt/ros/humble/include/libstatistics_collector/libstatistics_collector/collector/generate_statistics_message.hpp:21[m[K,
[2.715s]                  from [01m[K/opt/ros/humble/include/rclcpp/rclcpp/topic_statistics/subscription_topic_statistics.hpp:23[m[K,
[2.715s]                  from [01m[K/opt/ros/humble/include/rclcpp/rclcpp/subscription.hpp:50[m[K,
[2.715s]                  from [01m[K/opt/ros/humble/include/rclcpp/rclcpp/any_executable.hpp:25[m[K,
[2.715s]                  from [01m[K/opt/ros/humble/include/rclcpp/rclcpp/memory_strategy.hpp:25[m[K,
[2.715s]                  from [01m[K/opt/ros/humble/include/rclcpp/rclcpp/memory_strategies.hpp:18[m[K,
[2.715s]                  from [01m[K/opt/ros/humble/include/rclcpp/rclcpp/executor_options.hpp:20[m[K,
[2.716s]                  from [01m[K/opt/ros/humble/include/rclcpp/rclcpp/executor.hpp:37[m[K,
[2.716s]                  from [01m[K/opt/ros/humble/include/rclcpp/rclcpp/executors/multi_threaded_executor.hpp:25[m[K,
[2.716s]                  from [01m[K/opt/ros/humble/include/rclcpp/rclcpp/executors.hpp:21[m[K,
[2.716s]                  from [01m[K/opt/ros/humble/include/rclcpp/rclcpp/rclcpp.hpp:155[m[K,
[2.716s]                  from [01m[K/home/fourdds/ros2_ws/src/boids/src/base_station.hpp:3[m[K,
[2.716s]                  from [01m[K/home/fourdds/ros2_ws/src/boids/src/base_station.cpp:1[m[K:
[2.716s] [01m[K/opt/ros/humble/include/statistics_msgs/statistics_msgs/msg/detail/statistic_data_point__struct.hpp:27:11:[m[K [01;36m[Knote: [m[K  ‘[01m[Kstatistics_msgs::msg[m[K’
[2.716s]    27 | namespace [01;36m[Kmsg[m[K
[2.716s]       |           [01;36m[K^~~[m[K
[2.716s] In file included from [01m[K/home/fourdds/ros2_ws/build/boids/rosidl_generator_cpp/boids/msg/geo_ping.hpp:7[m[K,
[2.716s]                  from [01m[K/home/fourdds/ros2_ws/src/boids/src/base_station.hpp:6[m[K,
[2.716s]                  from [01m[K/home/fourdds/ros2_ws/src/boids/src/base_station.cpp:1[m[K:
[2.716s] [01m[K/home/fourdds/ros2_ws/build/boids/rosidl_generator_cpp/boids/msg/detail/geo_ping__struct.hpp:27:11:[m[K [01;36m[Knote: [m[K  ‘[01m[Kboids::msg[m[K’
[2.716s]    27 | namespace [01;36m[Kmsg[m[K
[2.716s]       |           [01;36m[K^~~[m[K
[5.026s] gmake[2]: *** [CMakeFiles/uavs_spawner.dir/build.make:90: CMakeFiles/uavs_spawner.dir/src/base_station.cpp.o] Error 1
[5.026s] gmake[2]: *** Waiting for unfinished jobs....
[21.795s] gmake[1]: *** [CMakeFiles/Makefile2:620: CMakeFiles/uavs_spawner.dir/all] Error 2
[21.795s] gmake: *** [Makefile:146: all] Error 2
[21.796s] Invoked command in '/home/fourdds/ros2_ws/build/boids' returned '2': CMAKE_PREFIX_PATH=/home/fourdds/ros2_ws/install/px4_msgs:/home/fourdds/ros2_ws/install/px4_ros_com:/home/fourdds/ros2_ws/install/boids:/opt/ros/humble LD_LIBRARY_PATH=/home/fourdds/ros2_ws/install/px4_msgs/lib:/home/fourdds/ros2_ws/install/px4_ros_com/lib:/home/fourdds/ros2_ws/install/boids/lib:/usr/lib/x86_64-linux-gnu/gazebo-11/plugins:/opt/ros/humble/opt/rviz_ogre_vendor/lib:/opt/ros/humble/lib/x86_64-linux-gnu:/opt/ros/humble/lib /usr/bin/cmake --build /home/fourdds/ros2_ws/build/boids -- -j24 -l24
