[0.006s] Invoking command in '/home/fourdds/ros2_ws/src/build/px4_ros_com': AMENT_PREFIX_PATH=/home/fourdds/ros2_ws/src/install/px4_msgs:${AMENT_PREFIX_PATH} CMAKE_PREFIX_PATH=/home/fourdds/ros2_ws/src/install/px4_msgs:/home/fourdds/ros2_ws/install/iris-logger:/home/fourdds/ros2_ws/install/px4_ros_com:/home/fourdds/ros2_ws/install/boids:/home/fourdds/ros2_ws/install/px4_msgs:/opt/ros/humble LD_LIBRARY_PATH=/home/fourdds/ros2_ws/src/install/px4_msgs/lib:${LD_LIBRARY_PATH} PYTHONPATH=/home/fourdds/ros2_ws/src/install/px4_msgs/local/lib/python3.10/dist-packages:${PYTHONPATH} /usr/bin/cmake /home/fourdds/ros2_ws/src/px4_ros_com -DCMAKE_INSTALL_PREFIX=/home/fourdds/ros2_ws/src/install/px4_ros_com
[0.031s] -- The C compiler identification is GNU 11.4.0
[0.058s] -- The CXX compiler identification is GNU 11.4.0
[0.062s] -- Detecting C compiler ABI info
[0.093s] -- Detecting C compiler ABI info - done
[0.097s] -- Check for working C compiler: /usr/bin/cc - skipped
[0.097s] -- Detecting C compile features
[0.097s] -- Detecting C compile features - done
[0.099s] -- Detecting CXX compiler ABI info
[0.137s] -- Detecting CXX compiler ABI info - done
[0.141s] -- Check for working CXX compiler: /usr/bin/c++ - skipped
[0.141s] -- Detecting CXX compile features
[0.141s] -- Detecting CXX compile features - done
[0.142s] -- Found ament_cmake: 1.3.8 (/opt/ros/humble/share/ament_cmake/cmake)
[0.321s] -- Found Python3: /usr/bin/python3 (found version "3.10.12") found components: Interpreter 
[0.367s] -- Found builtin_interfaces: 1.2.1 (/opt/ros/humble/share/builtin_interfaces/cmake)
[0.384s] -- Found rosidl_generator_c: 3.1.5 (/opt/ros/humble/share/rosidl_generator_c/cmake)
[0.386s] -- Found rosidl_adapter: 3.1.5 (/opt/ros/humble/share/rosidl_adapter/cmake)
[0.391s] -- Found rosidl_generator_cpp: 3.1.5 (/opt/ros/humble/share/rosidl_generator_cpp/cmake)
[0.398s] -- Using all available rosidl_typesupport_c: rosidl_typesupport_fastrtps_c;rosidl_typesupport_introspection_c
[0.408s] -- Using all available rosidl_typesupport_cpp: rosidl_typesupport_fastrtps_cpp;rosidl_typesupport_introspection_cpp
[0.416s] -- Found eigen3_cmake_module: 0.1.1 (/opt/ros/humble/share/eigen3_cmake_module/cmake)
[0.420s] -- Found Eigen3: TRUE (found version "3.4.0") 
[0.421s] -- Found geometry_msgs: 4.2.3 (/opt/ros/humble/share/geometry_msgs/cmake)
[0.473s] -- Found px4_msgs: 2.0.1 (/home/fourdds/ros2_ws/src/install/px4_msgs/share/px4_msgs/cmake)
[0.491s] -- Found rclcpp: 16.0.8 (/opt/ros/humble/share/rclcpp/cmake)
[0.524s] -- Found rmw_implementation_cmake: 6.1.1 (/opt/ros/humble/share/rmw_implementation_cmake/cmake)
[0.525s] -- Found rmw_fastrtps_cpp: 6.2.6 (/opt/ros/humble/share/rmw_fastrtps_cpp/cmake)
[0.568s] -- Found OpenSSL: /usr/lib/x86_64-linux-gnu/libcrypto.so (found version "3.0.2")  
[0.580s] -- Found FastRTPS: /opt/ros/humble/include  
[0.603s] -- Using RMW implementation 'rmw_fastrtps_cpp' as default
[0.608s] -- Looking for pthread.h
[0.641s] -- Looking for pthread.h - found
[0.641s] -- Performing Test CMAKE_HAVE_LIBC_PTHREAD
[0.676s] -- Performing Test CMAKE_HAVE_LIBC_PTHREAD - Success
[0.677s] -- Found Threads: TRUE  
[0.745s] -- Found sensor_msgs: 4.2.3 (/opt/ros/humble/share/sensor_msgs/cmake)
[0.789s] -- Found rclpy: 3.3.12 (/opt/ros/humble/share/rclpy/cmake)
[0.796s] -- Found ament_lint_auto: 0.12.10 (/opt/ros/humble/share/ament_lint_auto/cmake)
[0.853s] -- Added test 'copyright' to check source files copyright and LICENSE
[0.854s] -- Added test 'cppcheck' to perform static code analysis on C / C++ code
[0.854s] -- Configured cppcheck include dirs: /home/fourdds/ros2_ws/src/px4_ros_com/include;$<BUILD_INTERFACE:/home/fourdds/ros2_ws/src/px4_ros_com/include/px4_ros_com>
[0.854s] -- Configured cppcheck exclude dirs and/or files: 
[0.856s] -- Added test 'cpplint' to check C / C++ code against the Google style
[0.856s] -- Configured cpplint exclude dirs and/or files: 
[0.856s] -- Added test 'flake8' to check Python code syntax and style conventions
[0.857s] -- Added test 'lint_cmake' to check CMake code style
[0.857s] -- Added test 'pep257' to check Python code against some of the docstring style conventions in PEP 257
[0.858s] -- Added test 'uncrustify' to check C / C++ code style
[0.859s] -- Configured uncrustify additional arguments: 
[0.859s] -- Added test 'xmllint' to check XML markup files
[0.860s] -- Configuring done
[0.873s] -- Generating done
[0.874s] -- Build files have been written to: /home/fourdds/ros2_ws/src/build/px4_ros_com
