[0.447s] Invoking command in '/home/fourdds/ros2_ws/build/stigmergy_map': CMAKE_PREFIX_PATH=/opt/ros/humble /usr/bin/cmake --build /home/fourdds/ros2_ws/build/stigmergy_map -- -j16 -l16
[0.579s] [100%] Built target StigmergyMap
[0.669s] Invoked command in '/home/fourdds/ros2_ws/build/stigmergy_map' returned '0': CMAKE_PREFIX_PATH=/opt/ros/humble /usr/bin/cmake --build /home/fourdds/ros2_ws/build/stigmergy_map -- -j16 -l16
[0.810s] Invoking command in '/home/fourdds/ros2_ws/build/stigmergy_map': CMAKE_PREFIX_PATH=/opt/ros/humble /usr/bin/cmake --install /home/fourdds/ros2_ws/build/stigmergy_map
[0.845s] -- Install configuration: ""
[0.845s] -- Execute custom install script
[0.845s] -- Up-to-date symlink: /home/fourdds/ros2_ws/install/stigmergy_map/lib/stigmergy_map/StigmergyMap
[0.845s] -- Up-to-date symlink: /home/fourdds/ros2_ws/install/stigmergy_map/share/ament_index/resource_index/package_run_dependencies/stigmergy_map
[0.845s] -- Up-to-date symlink: /home/fourdds/ros2_ws/install/stigmergy_map/share/ament_index/resource_index/parent_prefix_path/stigmergy_map
[0.846s] -- Up-to-date symlink: /home/fourdds/ros2_ws/install/stigmergy_map/share/stigmergy_map/environment/ament_prefix_path.sh
[0.846s] -- Up-to-date symlink: /home/fourdds/ros2_ws/install/stigmergy_map/share/stigmergy_map/environment/ament_prefix_path.dsv
[0.846s] -- Up-to-date symlink: /home/fourdds/ros2_ws/install/stigmergy_map/share/stigmergy_map/environment/path.sh
[0.846s] -- Up-to-date symlink: /home/fourdds/ros2_ws/install/stigmergy_map/share/stigmergy_map/environment/path.dsv
[0.846s] -- Up-to-date symlink: /home/fourdds/ros2_ws/install/stigmergy_map/share/stigmergy_map/local_setup.bash
[0.846s] -- Up-to-date symlink: /home/fourdds/ros2_ws/install/stigmergy_map/share/stigmergy_map/local_setup.sh
[0.846s] -- Up-to-date symlink: /home/fourdds/ros2_ws/install/stigmergy_map/share/stigmergy_map/local_setup.zsh
[0.846s] -- Up-to-date symlink: /home/fourdds/ros2_ws/install/stigmergy_map/share/stigmergy_map/local_setup.dsv
[0.846s] -- Symlinking: /home/fourdds/ros2_ws/install/stigmergy_map/share/stigmergy_map/package.dsv
[0.853s] -- Up-to-date symlink: /home/fourdds/ros2_ws/install/stigmergy_map/share/ament_index/resource_index/packages/stigmergy_map
[0.853s] -- Up-to-date symlink: /home/fourdds/ros2_ws/install/stigmergy_map/share/stigmergy_map/cmake/stigmergy_mapConfig.cmake
[0.853s] -- Up-to-date symlink: /home/fourdds/ros2_ws/install/stigmergy_map/share/stigmergy_map/cmake/stigmergy_mapConfig-version.cmake
[0.854s] -- Up-to-date symlink: /home/fourdds/ros2_ws/install/stigmergy_map/share/stigmergy_map/package.xml
[0.913s] Invoked command in '/home/fourdds/ros2_ws/build/stigmergy_map' returned '0': CMAKE_PREFIX_PATH=/opt/ros/humble /usr/bin/cmake --install /home/fourdds/ros2_ws/build/stigmergy_map
