[0.062s] DEBUG:colcon:Command line arguments: ['/usr/bin/colcon', 'build']
[0.063s] DEBUG:colcon:Parsed command line arguments: Namespace(log_base=None, log_level=None, verb_name='build', build_base='build', install_base='install', merge_install=False, symlink_install=False, test_result_base=None, continue_on_error=False, executor='parallel', parallel_workers=24, event_handlers=None, ignore_user_meta=False, metas=['./colcon.meta'], base_paths=['.'], packages_ignore=None, packages_ignore_regex=None, paths=None, packages_up_to=None, packages_up_to_regex=None, packages_above=None, packages_above_and_dependencies=None, packages_above_depth=None, packages_select_by_dep=None, packages_skip_by_dep=None, packages_skip_up_to=None, packages_select_build_failed=False, packages_skip_build_finished=False, packages_select_test_failures=False, packages_skip_test_passed=False, packages_select=None, packages_skip=None, packages_select_regex=None, packages_skip_regex=None, packages_start=None, packages_end=None, allow_overriding=[], cmake_args=None, cmake_target=None, cmake_target_skip_unavailable=False, cmake_clean_cache=False, cmake_clean_first=False, cmake_force_configure=False, ament_cmake_args=None, catkin_cmake_args=None, catkin_skip_building_tests=False, verb_parser=<colcon_defaults.argument_parser.defaults.DefaultArgumentsDecorator object at 0x7fc10ba6c490>, verb_extension=<colcon_core.verb.build.BuildVerb object at 0x7fc10bb65240>, main=<bound method BuildVerb.main of <colcon_core.verb.build.BuildVerb object at 0x7fc10bb65240>>)
[0.087s] Level 1:colcon.colcon_core.package_discovery:discover_packages(colcon_meta) check parameters
[0.087s] Level 1:colcon.colcon_core.package_discovery:discover_packages(recursive) check parameters
[0.087s] Level 1:colcon.colcon_core.package_discovery:discover_packages(ignore) check parameters
[0.087s] Level 1:colcon.colcon_core.package_discovery:discover_packages(path) check parameters
[0.087s] Level 1:colcon.colcon_core.package_discovery:discover_packages(colcon_meta) discover
[0.087s] Level 1:colcon.colcon_core.package_discovery:discover_packages(recursive) discover
[0.087s] INFO:colcon.colcon_core.package_discovery:Crawling recursively for packages in '/home/fourdds/ros2_ws'
[0.087s] Level 1:colcon.colcon_core.package_identification:_identify(.) by extensions ['ignore', 'ignore_ament_install']
[0.087s] Level 1:colcon.colcon_core.package_identification:_identify(.) by extension 'ignore'
[0.087s] Level 1:colcon.colcon_core.package_identification:_identify(.) by extension 'ignore_ament_install'
[0.087s] Level 1:colcon.colcon_core.package_identification:_identify(.) by extensions ['colcon_pkg']
[0.087s] Level 1:colcon.colcon_core.package_identification:_identify(.) by extension 'colcon_pkg'
[0.087s] Level 1:colcon.colcon_core.package_identification:_identify(.) by extensions ['colcon_meta']
[0.087s] Level 1:colcon.colcon_core.package_identification:_identify(.) by extension 'colcon_meta'
[0.088s] Level 1:colcon.colcon_core.package_identification:_identify(.) by extensions ['ros']
[0.088s] Level 1:colcon.colcon_core.package_identification:_identify(.) by extension 'ros'
[0.098s] Level 1:colcon.colcon_core.package_identification:_identify(.) by extensions ['cmake', 'python']
[0.098s] Level 1:colcon.colcon_core.package_identification:_identify(.) by extension 'cmake'
[0.098s] Level 1:colcon.colcon_core.package_identification:_identify(.) by extension 'python'
[0.098s] Level 1:colcon.colcon_core.package_identification:_identify(.) by extensions ['python_setup_py']
[0.098s] Level 1:colcon.colcon_core.package_identification:_identify(.) by extension 'python_setup_py'
[0.098s] Level 1:colcon.colcon_core.package_identification:_identify(build) by extensions ['ignore', 'ignore_ament_install']
[0.099s] Level 1:colcon.colcon_core.package_identification:_identify(build) by extension 'ignore'
[0.099s] Level 1:colcon.colcon_core.package_identification:_identify(build) ignored
[0.099s] Level 1:colcon.colcon_core.package_identification:_identify(install) by extensions ['ignore', 'ignore_ament_install']
[0.099s] Level 1:colcon.colcon_core.package_identification:_identify(install) by extension 'ignore'
[0.099s] Level 1:colcon.colcon_core.package_identification:_identify(install) ignored
[0.099s] Level 1:colcon.colcon_core.package_identification:_identify(log) by extensions ['ignore', 'ignore_ament_install']
[0.099s] Level 1:colcon.colcon_core.package_identification:_identify(log) by extension 'ignore'
[0.099s] Level 1:colcon.colcon_core.package_identification:_identify(log) ignored
[0.099s] Level 1:colcon.colcon_core.package_identification:_identify(src) by extensions ['ignore', 'ignore_ament_install']
[0.099s] Level 1:colcon.colcon_core.package_identification:_identify(src) by extension 'ignore'
[0.099s] Level 1:colcon.colcon_core.package_identification:_identify(src) by extension 'ignore_ament_install'
[0.099s] Level 1:colcon.colcon_core.package_identification:_identify(src) by extensions ['colcon_pkg']
[0.099s] Level 1:colcon.colcon_core.package_identification:_identify(src) by extension 'colcon_pkg'
[0.099s] Level 1:colcon.colcon_core.package_identification:_identify(src) by extensions ['colcon_meta']
[0.099s] Level 1:colcon.colcon_core.package_identification:_identify(src) by extension 'colcon_meta'
[0.099s] Level 1:colcon.colcon_core.package_identification:_identify(src) by extensions ['ros']
[0.099s] Level 1:colcon.colcon_core.package_identification:_identify(src) by extension 'ros'
[0.099s] Level 1:colcon.colcon_core.package_identification:_identify(src) by extensions ['cmake', 'python']
[0.099s] Level 1:colcon.colcon_core.package_identification:_identify(src) by extension 'cmake'
[0.099s] Level 1:colcon.colcon_core.package_identification:_identify(src) by extension 'python'
[0.099s] Level 1:colcon.colcon_core.package_identification:_identify(src) by extensions ['python_setup_py']
[0.099s] Level 1:colcon.colcon_core.package_identification:_identify(src) by extension 'python_setup_py'
[0.099s] Level 1:colcon.colcon_core.package_identification:_identify(src/boids) by extensions ['ignore', 'ignore_ament_install']
[0.099s] Level 1:colcon.colcon_core.package_identification:_identify(src/boids) by extension 'ignore'
[0.099s] Level 1:colcon.colcon_core.package_identification:_identify(src/boids) by extension 'ignore_ament_install'
[0.099s] Level 1:colcon.colcon_core.package_identification:_identify(src/boids) by extensions ['colcon_pkg']
[0.099s] Level 1:colcon.colcon_core.package_identification:_identify(src/boids) by extension 'colcon_pkg'
[0.099s] Level 1:colcon.colcon_core.package_identification:_identify(src/boids) by extensions ['colcon_meta']
[0.099s] Level 1:colcon.colcon_core.package_identification:_identify(src/boids) by extension 'colcon_meta'
[0.099s] Level 1:colcon.colcon_core.package_identification:_identify(src/boids) by extensions ['ros']
[0.099s] Level 1:colcon.colcon_core.package_identification:_identify(src/boids) by extension 'ros'
[0.101s] DEBUG:colcon.colcon_core.package_identification:Package 'src/boids' with type 'ros.ament_cmake' and name 'boids'
[0.101s] Level 1:colcon.colcon_core.package_identification:_identify(src/px4_msgs) by extensions ['ignore', 'ignore_ament_install']
[0.101s] Level 1:colcon.colcon_core.package_identification:_identify(src/px4_msgs) by extension 'ignore'
[0.101s] Level 1:colcon.colcon_core.package_identification:_identify(src/px4_msgs) by extension 'ignore_ament_install'
[0.101s] Level 1:colcon.colcon_core.package_identification:_identify(src/px4_msgs) by extensions ['colcon_pkg']
[0.101s] Level 1:colcon.colcon_core.package_identification:_identify(src/px4_msgs) by extension 'colcon_pkg'
[0.101s] Level 1:colcon.colcon_core.package_identification:_identify(src/px4_msgs) by extensions ['colcon_meta']
[0.101s] Level 1:colcon.colcon_core.package_identification:_identify(src/px4_msgs) by extension 'colcon_meta'
[0.101s] Level 1:colcon.colcon_core.package_identification:_identify(src/px4_msgs) by extensions ['ros']
[0.101s] Level 1:colcon.colcon_core.package_identification:_identify(src/px4_msgs) by extension 'ros'
[0.102s] DEBUG:colcon.colcon_core.package_identification:Package 'src/px4_msgs' with type 'ros.ament_cmake' and name 'px4_msgs'
[0.102s] Level 1:colcon.colcon_core.package_identification:_identify(src/px4_ros_com) by extensions ['ignore', 'ignore_ament_install']
[0.102s] Level 1:colcon.colcon_core.package_identification:_identify(src/px4_ros_com) by extension 'ignore'
[0.102s] Level 1:colcon.colcon_core.package_identification:_identify(src/px4_ros_com) by extension 'ignore_ament_install'
[0.102s] Level 1:colcon.colcon_core.package_identification:_identify(src/px4_ros_com) by extensions ['colcon_pkg']
[0.102s] Level 1:colcon.colcon_core.package_identification:_identify(src/px4_ros_com) by extension 'colcon_pkg'
[0.102s] Level 1:colcon.colcon_core.package_identification:_identify(src/px4_ros_com) by extensions ['colcon_meta']
[0.102s] Level 1:colcon.colcon_core.package_identification:_identify(src/px4_ros_com) by extension 'colcon_meta'
[0.102s] Level 1:colcon.colcon_core.package_identification:_identify(src/px4_ros_com) by extensions ['ros']
[0.102s] Level 1:colcon.colcon_core.package_identification:_identify(src/px4_ros_com) by extension 'ros'
[0.103s] DEBUG:colcon.colcon_core.package_identification:Package 'src/px4_ros_com' with type 'ros.ament_cmake' and name 'px4_ros_com'
[0.103s] Level 1:colcon.colcon_core.package_discovery:discover_packages(recursive) using defaults
[0.103s] Level 1:colcon.colcon_core.package_discovery:discover_packages(ignore) discover
[0.103s] Level 1:colcon.colcon_core.package_discovery:discover_packages(ignore) using defaults
[0.103s] Level 1:colcon.colcon_core.package_discovery:discover_packages(path) discover
[0.103s] Level 1:colcon.colcon_core.package_discovery:discover_packages(path) using defaults
[0.117s] Level 1:colcon.colcon_core.package_discovery:discover_packages(prefix_path) check parameters
[0.117s] Level 1:colcon.colcon_core.package_discovery:discover_packages(prefix_path) discover
[0.118s] DEBUG:colcon.colcon_installed_package_information.package_discovery:Found 3 installed packages in /home/fourdds/ros2_ws/install
[0.119s] DEBUG:colcon.colcon_installed_package_information.package_discovery:Found 291 installed packages in /opt/ros/humble
[0.120s] Level 1:colcon.colcon_core.package_discovery:discover_packages(prefix_path) using defaults
[0.141s] Level 5:colcon.colcon_core.verb:set package 'px4_msgs' build argument 'cmake_args' from command line to 'None'
[0.141s] Level 5:colcon.colcon_core.verb:set package 'px4_msgs' build argument 'cmake_target' from command line to 'None'
[0.141s] Level 5:colcon.colcon_core.verb:set package 'px4_msgs' build argument 'cmake_target_skip_unavailable' from command line to 'False'
[0.141s] Level 5:colcon.colcon_core.verb:set package 'px4_msgs' build argument 'cmake_clean_cache' from command line to 'False'
[0.141s] Level 5:colcon.colcon_core.verb:set package 'px4_msgs' build argument 'cmake_clean_first' from command line to 'False'
[0.141s] Level 5:colcon.colcon_core.verb:set package 'px4_msgs' build argument 'cmake_force_configure' from command line to 'False'
[0.141s] Level 5:colcon.colcon_core.verb:set package 'px4_msgs' build argument 'ament_cmake_args' from command line to 'None'
[0.141s] Level 5:colcon.colcon_core.verb:set package 'px4_msgs' build argument 'catkin_cmake_args' from command line to 'None'
[0.141s] Level 5:colcon.colcon_core.verb:set package 'px4_msgs' build argument 'catkin_skip_building_tests' from command line to 'False'
[0.141s] DEBUG:colcon.colcon_core.verb:Building package 'px4_msgs' with the following arguments: {'ament_cmake_args': None, 'build_base': '/home/fourdds/ros2_ws/build/px4_msgs', 'catkin_cmake_args': None, 'catkin_skip_building_tests': False, 'cmake_args': None, 'cmake_clean_cache': False, 'cmake_clean_first': False, 'cmake_force_configure': False, 'cmake_target': None, 'cmake_target_skip_unavailable': False, 'install_base': '/home/fourdds/ros2_ws/install/px4_msgs', 'merge_install': False, 'path': '/home/fourdds/ros2_ws/src/px4_msgs', 'symlink_install': False, 'test_result_base': None}
[0.142s] Level 5:colcon.colcon_core.verb:set package 'boids' build argument 'cmake_args' from command line to 'None'
[0.142s] Level 5:colcon.colcon_core.verb:set package 'boids' build argument 'cmake_target' from command line to 'None'
[0.142s] Level 5:colcon.colcon_core.verb:set package 'boids' build argument 'cmake_target_skip_unavailable' from command line to 'False'
[0.142s] Level 5:colcon.colcon_core.verb:set package 'boids' build argument 'cmake_clean_cache' from command line to 'False'
[0.142s] Level 5:colcon.colcon_core.verb:set package 'boids' build argument 'cmake_clean_first' from command line to 'False'
[0.142s] Level 5:colcon.colcon_core.verb:set package 'boids' build argument 'cmake_force_configure' from command line to 'False'
[0.142s] Level 5:colcon.colcon_core.verb:set package 'boids' build argument 'ament_cmake_args' from command line to 'None'
[0.142s] Level 5:colcon.colcon_core.verb:set package 'boids' build argument 'catkin_cmake_args' from command line to 'None'
[0.142s] Level 5:colcon.colcon_core.verb:set package 'boids' build argument 'catkin_skip_building_tests' from command line to 'False'
[0.142s] DEBUG:colcon.colcon_core.verb:Building package 'boids' with the following arguments: {'ament_cmake_args': None, 'build_base': '/home/fourdds/ros2_ws/build/boids', 'catkin_cmake_args': None, 'catkin_skip_building_tests': False, 'cmake_args': None, 'cmake_clean_cache': False, 'cmake_clean_first': False, 'cmake_force_configure': False, 'cmake_target': None, 'cmake_target_skip_unavailable': False, 'install_base': '/home/fourdds/ros2_ws/install/boids', 'merge_install': False, 'path': '/home/fourdds/ros2_ws/src/boids', 'symlink_install': False, 'test_result_base': None}
[0.142s] Level 5:colcon.colcon_core.verb:set package 'px4_ros_com' build argument 'cmake_args' from command line to 'None'
[0.142s] Level 5:colcon.colcon_core.verb:set package 'px4_ros_com' build argument 'cmake_target' from command line to 'None'
[0.142s] Level 5:colcon.colcon_core.verb:set package 'px4_ros_com' build argument 'cmake_target_skip_unavailable' from command line to 'False'
[0.142s] Level 5:colcon.colcon_core.verb:set package 'px4_ros_com' build argument 'cmake_clean_cache' from command line to 'False'
[0.142s] Level 5:colcon.colcon_core.verb:set package 'px4_ros_com' build argument 'cmake_clean_first' from command line to 'False'
[0.142s] Level 5:colcon.colcon_core.verb:set package 'px4_ros_com' build argument 'cmake_force_configure' from command line to 'False'
[0.142s] Level 5:colcon.colcon_core.verb:set package 'px4_ros_com' build argument 'ament_cmake_args' from command line to 'None'
[0.142s] Level 5:colcon.colcon_core.verb:set package 'px4_ros_com' build argument 'catkin_cmake_args' from command line to 'None'
[0.142s] Level 5:colcon.colcon_core.verb:set package 'px4_ros_com' build argument 'catkin_skip_building_tests' from command line to 'False'
[0.142s] DEBUG:colcon.colcon_core.verb:Building package 'px4_ros_com' with the following arguments: {'ament_cmake_args': None, 'build_base': '/home/fourdds/ros2_ws/build/px4_ros_com', 'catkin_cmake_args': None, 'catkin_skip_building_tests': False, 'cmake_args': None, 'cmake_clean_cache': False, 'cmake_clean_first': False, 'cmake_force_configure': False, 'cmake_target': None, 'cmake_target_skip_unavailable': False, 'install_base': '/home/fourdds/ros2_ws/install/px4_ros_com', 'merge_install': False, 'path': '/home/fourdds/ros2_ws/src/px4_ros_com', 'symlink_install': False, 'test_result_base': None}
[0.142s] INFO:colcon.colcon_core.executor:Executing jobs using 'parallel' executor
[0.143s] DEBUG:colcon.colcon_parallel_executor.executor.parallel:run_until_complete
[0.143s] INFO:colcon.colcon_ros.task.ament_cmake.build:Building ROS package in '/home/fourdds/ros2_ws/src/px4_msgs' with build type 'ament_cmake'
[0.143s] INFO:colcon.colcon_cmake.task.cmake.build:Building CMake package in '/home/fourdds/ros2_ws/src/px4_msgs'
[0.145s] INFO:colcon.colcon_core.plugin_system:Skipping extension 'colcon_core.shell.bat': Not used on non-Windows systems
[0.145s] INFO:colcon.colcon_core.shell:Skip shell extension 'powershell' for command environment: Not usable outside of PowerShell
[0.145s] DEBUG:colcon.colcon_core.shell:Skip shell extension 'dsv' for command environment
[0.152s] DEBUG:colcon.colcon_core.event_handler.log_command:Invoking command in '/home/fourdds/ros2_ws/build/px4_msgs': CMAKE_PREFIX_PATH=${CMAKE_PREFIX_PATH}:/opt/ros/humble /usr/bin/cmake --build /home/fourdds/ros2_ws/build/px4_msgs -- -j24 -l24
[0.666s] DEBUG:colcon.colcon_core.event_handler.log_command:Invoked command in '/home/fourdds/ros2_ws/build/px4_msgs' returned '0': CMAKE_PREFIX_PATH=${CMAKE_PREFIX_PATH}:/opt/ros/humble /usr/bin/cmake --build /home/fourdds/ros2_ws/build/px4_msgs -- -j24 -l24
[2.901s] DEBUG:colcon.colcon_core.event_handler.log_command:Invoking command in '/home/fourdds/ros2_ws/build/px4_msgs': CMAKE_PREFIX_PATH=${CMAKE_PREFIX_PATH}:/opt/ros/humble /usr/bin/cmake --install /home/fourdds/ros2_ws/build/px4_msgs
[3.098s] Level 1:colcon.colcon_core.environment:create_environment_scripts_only(px4_msgs)
[3.121s] Level 1:colcon.colcon_core.environment:checking '/home/fourdds/ros2_ws/install/px4_msgs' for CMake module files
[3.130s] Level 1:colcon.colcon_core.environment:checking '/home/fourdds/ros2_ws/install/px4_msgs' for CMake config files
[3.152s] Level 1:colcon.colcon_core.shell:create_environment_hook('px4_msgs', 'cmake_prefix_path')
[3.152s] INFO:colcon.colcon_core.shell:Creating environment hook '/home/fourdds/ros2_ws/install/px4_msgs/share/px4_msgs/hook/cmake_prefix_path.ps1'
[3.159s] INFO:colcon.colcon_core.shell:Creating environment descriptor '/home/fourdds/ros2_ws/install/px4_msgs/share/px4_msgs/hook/cmake_prefix_path.dsv'
[3.165s] INFO:colcon.colcon_core.shell:Creating environment hook '/home/fourdds/ros2_ws/install/px4_msgs/share/px4_msgs/hook/cmake_prefix_path.sh'
[3.173s] Level 1:colcon.colcon_core.environment:checking '/home/fourdds/ros2_ws/install/px4_msgs/lib'
[3.173s] Level 1:colcon.colcon_core.shell:create_environment_hook('px4_msgs', 'ld_library_path_lib')
[3.173s] INFO:colcon.colcon_core.shell:Creating environment hook '/home/fourdds/ros2_ws/install/px4_msgs/share/px4_msgs/hook/ld_library_path_lib.ps1'
[3.176s] INFO:colcon.colcon_core.shell:Creating environment descriptor '/home/fourdds/ros2_ws/install/px4_msgs/share/px4_msgs/hook/ld_library_path_lib.dsv'
[3.180s] INFO:colcon.colcon_core.shell:Creating environment hook '/home/fourdds/ros2_ws/install/px4_msgs/share/px4_msgs/hook/ld_library_path_lib.sh'
[3.188s] Level 1:colcon.colcon_core.environment:checking '/home/fourdds/ros2_ws/install/px4_msgs/bin'
[3.190s] Level 1:colcon.colcon_core.environment:checking '/home/fourdds/ros2_ws/install/px4_msgs/lib/pkgconfig/px4_msgs.pc'
[3.190s] Level 1:colcon.colcon_core.environment:checking '/home/fourdds/ros2_ws/install/px4_msgs/lib/python3.10/site-packages'
[3.190s] Level 1:colcon.colcon_core.environment:checking '/home/fourdds/ros2_ws/install/px4_msgs/bin'
[3.191s] INFO:colcon.colcon_core.shell:Creating package script '/home/fourdds/ros2_ws/install/px4_msgs/share/px4_msgs/package.ps1'
[3.196s] INFO:colcon.colcon_core.shell:Creating package descriptor '/home/fourdds/ros2_ws/install/px4_msgs/share/px4_msgs/package.dsv'
[3.201s] INFO:colcon.colcon_core.shell:Creating package script '/home/fourdds/ros2_ws/install/px4_msgs/share/px4_msgs/package.sh'
[3.207s] INFO:colcon.colcon_core.shell:Creating package script '/home/fourdds/ros2_ws/install/px4_msgs/share/px4_msgs/package.bash'
[3.216s] INFO:colcon.colcon_core.shell:Creating package script '/home/fourdds/ros2_ws/install/px4_msgs/share/px4_msgs/package.zsh'
[3.218s] DEBUG:colcon.colcon_core.event_handler.log_command:Invoked command in '/home/fourdds/ros2_ws/build/px4_msgs' returned '0': CMAKE_PREFIX_PATH=${CMAKE_PREFIX_PATH}:/opt/ros/humble /usr/bin/cmake --install /home/fourdds/ros2_ws/build/px4_msgs
[3.218s] Level 1:colcon.colcon_core.environment:create_file_with_runtime_dependencies(/home/fourdds/ros2_ws/install/px4_msgs/share/colcon-core/packages/px4_msgs)
[5.375s] Level 1:colcon.colcon_core.environment:create_environment_scripts_only(px4_msgs)
[5.375s] Level 1:colcon.colcon_core.environment:checking '/home/fourdds/ros2_ws/install/px4_msgs' for CMake module files
[5.375s] Level 1:colcon.colcon_core.environment:checking '/home/fourdds/ros2_ws/install/px4_msgs' for CMake config files
[5.375s] Level 1:colcon.colcon_core.shell:create_environment_hook('px4_msgs', 'cmake_prefix_path')
[5.375s] INFO:colcon.colcon_core.shell:Creating environment hook '/home/fourdds/ros2_ws/install/px4_msgs/share/px4_msgs/hook/cmake_prefix_path.ps1'
[5.376s] INFO:colcon.colcon_core.shell:Creating environment descriptor '/home/fourdds/ros2_ws/install/px4_msgs/share/px4_msgs/hook/cmake_prefix_path.dsv'
[5.376s] INFO:colcon.colcon_core.shell:Creating environment hook '/home/fourdds/ros2_ws/install/px4_msgs/share/px4_msgs/hook/cmake_prefix_path.sh'
[5.376s] Level 1:colcon.colcon_core.environment:checking '/home/fourdds/ros2_ws/install/px4_msgs/lib'
[5.376s] Level 1:colcon.colcon_core.shell:create_environment_hook('px4_msgs', 'ld_library_path_lib')
[5.376s] INFO:colcon.colcon_core.shell:Creating environment hook '/home/fourdds/ros2_ws/install/px4_msgs/share/px4_msgs/hook/ld_library_path_lib.ps1'
[5.377s] INFO:colcon.colcon_core.shell:Creating environment descriptor '/home/fourdds/ros2_ws/install/px4_msgs/share/px4_msgs/hook/ld_library_path_lib.dsv'
[5.377s] INFO:colcon.colcon_core.shell:Creating environment hook '/home/fourdds/ros2_ws/install/px4_msgs/share/px4_msgs/hook/ld_library_path_lib.sh'
[5.377s] Level 1:colcon.colcon_core.environment:checking '/home/fourdds/ros2_ws/install/px4_msgs/bin'
[5.377s] Level 1:colcon.colcon_core.environment:checking '/home/fourdds/ros2_ws/install/px4_msgs/lib/pkgconfig/px4_msgs.pc'
[5.377s] Level 1:colcon.colcon_core.environment:checking '/home/fourdds/ros2_ws/install/px4_msgs/lib/python3.10/site-packages'
[5.377s] Level 1:colcon.colcon_core.environment:checking '/home/fourdds/ros2_ws/install/px4_msgs/bin'
[5.377s] INFO:colcon.colcon_core.shell:Creating package script '/home/fourdds/ros2_ws/install/px4_msgs/share/px4_msgs/package.ps1'
[5.378s] INFO:colcon.colcon_core.shell:Creating package descriptor '/home/fourdds/ros2_ws/install/px4_msgs/share/px4_msgs/package.dsv'
[5.378s] INFO:colcon.colcon_core.shell:Creating package script '/home/fourdds/ros2_ws/install/px4_msgs/share/px4_msgs/package.sh'
[5.378s] INFO:colcon.colcon_core.shell:Creating package script '/home/fourdds/ros2_ws/install/px4_msgs/share/px4_msgs/package.bash'
[5.378s] INFO:colcon.colcon_core.shell:Creating package script '/home/fourdds/ros2_ws/install/px4_msgs/share/px4_msgs/package.zsh'
[5.379s] Level 1:colcon.colcon_core.environment:create_file_with_runtime_dependencies(/home/fourdds/ros2_ws/install/px4_msgs/share/colcon-core/packages/px4_msgs)
[5.379s] INFO:colcon.colcon_ros.task.ament_cmake.build:Building ROS package in '/home/fourdds/ros2_ws/src/boids' with build type 'ament_cmake'
[5.379s] INFO:colcon.colcon_cmake.task.cmake.build:Building CMake package in '/home/fourdds/ros2_ws/src/boids'
[5.379s] INFO:colcon.colcon_core.shell:Skip shell extension 'powershell' for command environment: Not usable outside of PowerShell
[5.379s] DEBUG:colcon.colcon_core.shell:Skip shell extension 'dsv' for command environment
[5.383s] INFO:colcon.colcon_ros.task.ament_cmake.build:Building ROS package in '/home/fourdds/ros2_ws/src/px4_ros_com' with build type 'ament_cmake'
[5.383s] INFO:colcon.colcon_cmake.task.cmake.build:Building CMake package in '/home/fourdds/ros2_ws/src/px4_ros_com'
[5.384s] INFO:colcon.colcon_core.shell:Skip shell extension 'powershell' for command environment: Not usable outside of PowerShell
[5.384s] DEBUG:colcon.colcon_core.shell:Skip shell extension 'dsv' for command environment
[5.389s] DEBUG:colcon.colcon_core.event_handler.log_command:Invoking command in '/home/fourdds/ros2_ws/build/boids': CMAKE_PREFIX_PATH=/home/fourdds/ros2_ws/install/px4_msgs:/home/fourdds/ros2_ws/install/px4_ros_com:/home/fourdds/ros2_ws/install/boids:/opt/ros/humble LD_LIBRARY_PATH=/home/fourdds/ros2_ws/install/px4_msgs/lib:/home/fourdds/ros2_ws/install/px4_ros_com/lib:/home/fourdds/ros2_ws/install/boids/lib:/usr/lib/x86_64-linux-gnu/gazebo-11/plugins:/opt/ros/humble/opt/rviz_ogre_vendor/lib:/opt/ros/humble/lib/x86_64-linux-gnu:/opt/ros/humble/lib /usr/bin/cmake --build /home/fourdds/ros2_ws/build/boids -- -j24 -l24
[5.393s] DEBUG:colcon.colcon_core.event_handler.log_command:Invoking command in '/home/fourdds/ros2_ws/build/px4_ros_com': CMAKE_PREFIX_PATH=/home/fourdds/ros2_ws/install/px4_msgs:/home/fourdds/ros2_ws/install/px4_ros_com:/home/fourdds/ros2_ws/install/boids:/opt/ros/humble LD_LIBRARY_PATH=/home/fourdds/ros2_ws/install/px4_msgs/lib:/home/fourdds/ros2_ws/install/px4_ros_com/lib:/home/fourdds/ros2_ws/install/boids/lib:/usr/lib/x86_64-linux-gnu/gazebo-11/plugins:/opt/ros/humble/opt/rviz_ogre_vendor/lib:/opt/ros/humble/lib/x86_64-linux-gnu:/opt/ros/humble/lib /usr/bin/cmake --build /home/fourdds/ros2_ws/build/px4_ros_com -- -j24 -l24
[5.649s] DEBUG:colcon.colcon_core.event_handler.log_command:Invoked command in '/home/fourdds/ros2_ws/build/px4_ros_com' returned '0': CMAKE_PREFIX_PATH=/home/fourdds/ros2_ws/install/px4_msgs:/home/fourdds/ros2_ws/install/px4_ros_com:/home/fourdds/ros2_ws/install/boids:/opt/ros/humble LD_LIBRARY_PATH=/home/fourdds/ros2_ws/install/px4_msgs/lib:/home/fourdds/ros2_ws/install/px4_ros_com/lib:/home/fourdds/ros2_ws/install/boids/lib:/usr/lib/x86_64-linux-gnu/gazebo-11/plugins:/opt/ros/humble/opt/rviz_ogre_vendor/lib:/opt/ros/humble/lib/x86_64-linux-gnu:/opt/ros/humble/lib /usr/bin/cmake --build /home/fourdds/ros2_ws/build/px4_ros_com -- -j24 -l24
[5.677s] DEBUG:colcon.colcon_core.event_handler.log_command:Invoking command in '/home/fourdds/ros2_ws/build/px4_ros_com': CMAKE_PREFIX_PATH=/home/fourdds/ros2_ws/install/px4_msgs:/home/fourdds/ros2_ws/install/px4_ros_com:/home/fourdds/ros2_ws/install/boids:/opt/ros/humble LD_LIBRARY_PATH=/home/fourdds/ros2_ws/install/px4_msgs/lib:/home/fourdds/ros2_ws/install/px4_ros_com/lib:/home/fourdds/ros2_ws/install/boids/lib:/usr/lib/x86_64-linux-gnu/gazebo-11/plugins:/opt/ros/humble/opt/rviz_ogre_vendor/lib:/opt/ros/humble/lib/x86_64-linux-gnu:/opt/ros/humble/lib /usr/bin/cmake --install /home/fourdds/ros2_ws/build/px4_ros_com
[5.712s] Level 1:colcon.colcon_core.environment:create_environment_scripts_only(px4_ros_com)
[5.713s] Level 1:colcon.colcon_core.environment:checking '/home/fourdds/ros2_ws/install/px4_ros_com' for CMake module files
[5.714s] DEBUG:colcon.colcon_core.event_handler.log_command:Invoked command in '/home/fourdds/ros2_ws/build/px4_ros_com' returned '0': CMAKE_PREFIX_PATH=/home/fourdds/ros2_ws/install/px4_msgs:/home/fourdds/ros2_ws/install/px4_ros_com:/home/fourdds/ros2_ws/install/boids:/opt/ros/humble LD_LIBRARY_PATH=/home/fourdds/ros2_ws/install/px4_msgs/lib:/home/fourdds/ros2_ws/install/px4_ros_com/lib:/home/fourdds/ros2_ws/install/boids/lib:/usr/lib/x86_64-linux-gnu/gazebo-11/plugins:/opt/ros/humble/opt/rviz_ogre_vendor/lib:/opt/ros/humble/lib/x86_64-linux-gnu:/opt/ros/humble/lib /usr/bin/cmake --install /home/fourdds/ros2_ws/build/px4_ros_com
[5.715s] Level 1:colcon.colcon_core.environment:checking '/home/fourdds/ros2_ws/install/px4_ros_com' for CMake config files
[5.715s] Level 1:colcon.colcon_core.shell:create_environment_hook('px4_ros_com', 'cmake_prefix_path')
[5.715s] INFO:colcon.colcon_core.shell:Creating environment hook '/home/fourdds/ros2_ws/install/px4_ros_com/share/px4_ros_com/hook/cmake_prefix_path.ps1'
[5.716s] INFO:colcon.colcon_core.shell:Creating environment descriptor '/home/fourdds/ros2_ws/install/px4_ros_com/share/px4_ros_com/hook/cmake_prefix_path.dsv'
[5.716s] INFO:colcon.colcon_core.shell:Creating environment hook '/home/fourdds/ros2_ws/install/px4_ros_com/share/px4_ros_com/hook/cmake_prefix_path.sh'
[5.716s] Level 1:colcon.colcon_core.environment:checking '/home/fourdds/ros2_ws/install/px4_ros_com/lib'
[5.717s] Level 1:colcon.colcon_core.shell:create_environment_hook('px4_ros_com', 'ld_library_path_lib')
[5.717s] INFO:colcon.colcon_core.shell:Creating environment hook '/home/fourdds/ros2_ws/install/px4_ros_com/share/px4_ros_com/hook/ld_library_path_lib.ps1'
[5.717s] INFO:colcon.colcon_core.shell:Creating environment descriptor '/home/fourdds/ros2_ws/install/px4_ros_com/share/px4_ros_com/hook/ld_library_path_lib.dsv'
[5.717s] INFO:colcon.colcon_core.shell:Creating environment hook '/home/fourdds/ros2_ws/install/px4_ros_com/share/px4_ros_com/hook/ld_library_path_lib.sh'
[5.717s] Level 1:colcon.colcon_core.environment:checking '/home/fourdds/ros2_ws/install/px4_ros_com/bin'
[5.717s] Level 1:colcon.colcon_core.environment:checking '/home/fourdds/ros2_ws/install/px4_ros_com/lib/pkgconfig/px4_ros_com.pc'
[5.717s] Level 1:colcon.colcon_core.environment:checking '/home/fourdds/ros2_ws/install/px4_ros_com/lib/python3.10/site-packages'
[5.717s] Level 1:colcon.colcon_core.environment:checking '/home/fourdds/ros2_ws/install/px4_ros_com/bin'
[5.718s] INFO:colcon.colcon_core.shell:Creating package script '/home/fourdds/ros2_ws/install/px4_ros_com/share/px4_ros_com/package.ps1'
[5.718s] INFO:colcon.colcon_core.shell:Creating package descriptor '/home/fourdds/ros2_ws/install/px4_ros_com/share/px4_ros_com/package.dsv'
[5.718s] INFO:colcon.colcon_core.shell:Creating package script '/home/fourdds/ros2_ws/install/px4_ros_com/share/px4_ros_com/package.sh'
[5.718s] INFO:colcon.colcon_core.shell:Creating package script '/home/fourdds/ros2_ws/install/px4_ros_com/share/px4_ros_com/package.bash'
[5.719s] INFO:colcon.colcon_core.shell:Creating package script '/home/fourdds/ros2_ws/install/px4_ros_com/share/px4_ros_com/package.zsh'
[5.719s] Level 1:colcon.colcon_core.environment:create_file_with_runtime_dependencies(/home/fourdds/ros2_ws/install/px4_ros_com/share/colcon-core/packages/px4_ros_com)
[5.744s] Level 1:colcon.colcon_core.environment:create_environment_scripts_only(px4_ros_com)
[5.744s] Level 1:colcon.colcon_core.environment:checking '/home/fourdds/ros2_ws/install/px4_ros_com' for CMake module files
[5.745s] Level 1:colcon.colcon_core.environment:checking '/home/fourdds/ros2_ws/install/px4_ros_com' for CMake config files
[5.745s] Level 1:colcon.colcon_core.shell:create_environment_hook('px4_ros_com', 'cmake_prefix_path')
[5.745s] INFO:colcon.colcon_core.shell:Creating environment hook '/home/fourdds/ros2_ws/install/px4_ros_com/share/px4_ros_com/hook/cmake_prefix_path.ps1'
[5.745s] INFO:colcon.colcon_core.shell:Creating environment descriptor '/home/fourdds/ros2_ws/install/px4_ros_com/share/px4_ros_com/hook/cmake_prefix_path.dsv'
[5.746s] INFO:colcon.colcon_core.shell:Creating environment hook '/home/fourdds/ros2_ws/install/px4_ros_com/share/px4_ros_com/hook/cmake_prefix_path.sh'
[5.746s] Level 1:colcon.colcon_core.environment:checking '/home/fourdds/ros2_ws/install/px4_ros_com/lib'
[5.746s] Level 1:colcon.colcon_core.shell:create_environment_hook('px4_ros_com', 'ld_library_path_lib')
[5.746s] INFO:colcon.colcon_core.shell:Creating environment hook '/home/fourdds/ros2_ws/install/px4_ros_com/share/px4_ros_com/hook/ld_library_path_lib.ps1'
[5.746s] INFO:colcon.colcon_core.shell:Creating environment descriptor '/home/fourdds/ros2_ws/install/px4_ros_com/share/px4_ros_com/hook/ld_library_path_lib.dsv'
[5.747s] INFO:colcon.colcon_core.shell:Creating environment hook '/home/fourdds/ros2_ws/install/px4_ros_com/share/px4_ros_com/hook/ld_library_path_lib.sh'
[5.747s] Level 1:colcon.colcon_core.environment:checking '/home/fourdds/ros2_ws/install/px4_ros_com/bin'
[5.747s] Level 1:colcon.colcon_core.environment:checking '/home/fourdds/ros2_ws/install/px4_ros_com/lib/pkgconfig/px4_ros_com.pc'
[5.747s] Level 1:colcon.colcon_core.environment:checking '/home/fourdds/ros2_ws/install/px4_ros_com/lib/python3.10/site-packages'
[5.747s] Level 1:colcon.colcon_core.environment:checking '/home/fourdds/ros2_ws/install/px4_ros_com/bin'
[5.748s] INFO:colcon.colcon_core.shell:Creating package script '/home/fourdds/ros2_ws/install/px4_ros_com/share/px4_ros_com/package.ps1'
[5.748s] INFO:colcon.colcon_core.shell:Creating package descriptor '/home/fourdds/ros2_ws/install/px4_ros_com/share/px4_ros_com/package.dsv'
[5.748s] INFO:colcon.colcon_core.shell:Creating package script '/home/fourdds/ros2_ws/install/px4_ros_com/share/px4_ros_com/package.sh'
[5.749s] INFO:colcon.colcon_core.shell:Creating package script '/home/fourdds/ros2_ws/install/px4_ros_com/share/px4_ros_com/package.bash'
[5.749s] INFO:colcon.colcon_core.shell:Creating package script '/home/fourdds/ros2_ws/install/px4_ros_com/share/px4_ros_com/package.zsh'
[5.749s] Level 1:colcon.colcon_core.environment:create_file_with_runtime_dependencies(/home/fourdds/ros2_ws/install/px4_ros_com/share/colcon-core/packages/px4_ros_com)
[16.394s] DEBUG:colcon.colcon_core.event_handler.log_command:Invoked command in '/home/fourdds/ros2_ws/build/boids' returned '0': CMAKE_PREFIX_PATH=/home/fourdds/ros2_ws/install/px4_msgs:/home/fourdds/ros2_ws/install/px4_ros_com:/home/fourdds/ros2_ws/install/boids:/opt/ros/humble LD_LIBRARY_PATH=/home/fourdds/ros2_ws/install/px4_msgs/lib:/home/fourdds/ros2_ws/install/px4_ros_com/lib:/home/fourdds/ros2_ws/install/boids/lib:/usr/lib/x86_64-linux-gnu/gazebo-11/plugins:/opt/ros/humble/opt/rviz_ogre_vendor/lib:/opt/ros/humble/lib/x86_64-linux-gnu:/opt/ros/humble/lib /usr/bin/cmake --build /home/fourdds/ros2_ws/build/boids -- -j24 -l24
[16.411s] DEBUG:colcon.colcon_core.event_handler.log_command:Invoking command in '/home/fourdds/ros2_ws/build/boids': CMAKE_PREFIX_PATH=/home/fourdds/ros2_ws/install/px4_msgs:/home/fourdds/ros2_ws/install/px4_ros_com:/home/fourdds/ros2_ws/install/boids:/opt/ros/humble LD_LIBRARY_PATH=/home/fourdds/ros2_ws/install/px4_msgs/lib:/home/fourdds/ros2_ws/install/px4_ros_com/lib:/home/fourdds/ros2_ws/install/boids/lib:/usr/lib/x86_64-linux-gnu/gazebo-11/plugins:/opt/ros/humble/opt/rviz_ogre_vendor/lib:/opt/ros/humble/lib/x86_64-linux-gnu:/opt/ros/humble/lib /usr/bin/cmake --install /home/fourdds/ros2_ws/build/boids
[16.423s] Level 1:colcon.colcon_core.environment:create_environment_scripts_only(boids)
[16.423s] Level 1:colcon.colcon_core.environment:checking '/home/fourdds/ros2_ws/install/boids' for CMake module files
[16.423s] DEBUG:colcon.colcon_core.event_handler.log_command:Invoked command in '/home/fourdds/ros2_ws/build/boids' returned '0': CMAKE_PREFIX_PATH=/home/fourdds/ros2_ws/install/px4_msgs:/home/fourdds/ros2_ws/install/px4_ros_com:/home/fourdds/ros2_ws/install/boids:/opt/ros/humble LD_LIBRARY_PATH=/home/fourdds/ros2_ws/install/px4_msgs/lib:/home/fourdds/ros2_ws/install/px4_ros_com/lib:/home/fourdds/ros2_ws/install/boids/lib:/usr/lib/x86_64-linux-gnu/gazebo-11/plugins:/opt/ros/humble/opt/rviz_ogre_vendor/lib:/opt/ros/humble/lib/x86_64-linux-gnu:/opt/ros/humble/lib /usr/bin/cmake --install /home/fourdds/ros2_ws/build/boids
[16.423s] Level 1:colcon.colcon_core.environment:checking '/home/fourdds/ros2_ws/install/boids' for CMake config files
[16.424s] Level 1:colcon.colcon_core.shell:create_environment_hook('boids', 'cmake_prefix_path')
[16.424s] INFO:colcon.colcon_core.shell:Creating environment hook '/home/fourdds/ros2_ws/install/boids/share/boids/hook/cmake_prefix_path.ps1'
[16.424s] INFO:colcon.colcon_core.shell:Creating environment descriptor '/home/fourdds/ros2_ws/install/boids/share/boids/hook/cmake_prefix_path.dsv'
[16.424s] INFO:colcon.colcon_core.shell:Creating environment hook '/home/fourdds/ros2_ws/install/boids/share/boids/hook/cmake_prefix_path.sh'
[16.424s] Level 1:colcon.colcon_core.environment:checking '/home/fourdds/ros2_ws/install/boids/lib'
[16.425s] Level 1:colcon.colcon_core.shell:create_environment_hook('boids', 'ld_library_path_lib')
[16.425s] INFO:colcon.colcon_core.shell:Creating environment hook '/home/fourdds/ros2_ws/install/boids/share/boids/hook/ld_library_path_lib.ps1'
[16.425s] INFO:colcon.colcon_core.shell:Creating environment descriptor '/home/fourdds/ros2_ws/install/boids/share/boids/hook/ld_library_path_lib.dsv'
[16.425s] INFO:colcon.colcon_core.shell:Creating environment hook '/home/fourdds/ros2_ws/install/boids/share/boids/hook/ld_library_path_lib.sh'
[16.425s] Level 1:colcon.colcon_core.environment:checking '/home/fourdds/ros2_ws/install/boids/bin'
[16.425s] Level 1:colcon.colcon_core.environment:checking '/home/fourdds/ros2_ws/install/boids/lib/pkgconfig/boids.pc'
[16.425s] Level 1:colcon.colcon_core.environment:checking '/home/fourdds/ros2_ws/install/boids/lib/python3.10/site-packages'
[16.425s] Level 1:colcon.colcon_core.environment:checking '/home/fourdds/ros2_ws/install/boids/bin'
[16.426s] INFO:colcon.colcon_core.shell:Creating package script '/home/fourdds/ros2_ws/install/boids/share/boids/package.ps1'
[16.426s] INFO:colcon.colcon_core.shell:Creating package descriptor '/home/fourdds/ros2_ws/install/boids/share/boids/package.dsv'
[16.426s] INFO:colcon.colcon_core.shell:Creating package script '/home/fourdds/ros2_ws/install/boids/share/boids/package.sh'
[16.426s] INFO:colcon.colcon_core.shell:Creating package script '/home/fourdds/ros2_ws/install/boids/share/boids/package.bash'
[16.426s] INFO:colcon.colcon_core.shell:Creating package script '/home/fourdds/ros2_ws/install/boids/share/boids/package.zsh'
[16.426s] Level 1:colcon.colcon_core.environment:create_file_with_runtime_dependencies(/home/fourdds/ros2_ws/install/boids/share/colcon-core/packages/boids)
[16.442s] Level 1:colcon.colcon_core.environment:create_environment_scripts_only(boids)
[16.442s] Level 1:colcon.colcon_core.environment:checking '/home/fourdds/ros2_ws/install/boids' for CMake module files
[16.442s] Level 1:colcon.colcon_core.environment:checking '/home/fourdds/ros2_ws/install/boids' for CMake config files
[16.442s] Level 1:colcon.colcon_core.shell:create_environment_hook('boids', 'cmake_prefix_path')
[16.442s] INFO:colcon.colcon_core.shell:Creating environment hook '/home/fourdds/ros2_ws/install/boids/share/boids/hook/cmake_prefix_path.ps1'
[16.443s] INFO:colcon.colcon_core.shell:Creating environment descriptor '/home/fourdds/ros2_ws/install/boids/share/boids/hook/cmake_prefix_path.dsv'
[16.443s] INFO:colcon.colcon_core.shell:Creating environment hook '/home/fourdds/ros2_ws/install/boids/share/boids/hook/cmake_prefix_path.sh'
[16.443s] Level 1:colcon.colcon_core.environment:checking '/home/fourdds/ros2_ws/install/boids/lib'
[16.443s] Level 1:colcon.colcon_core.shell:create_environment_hook('boids', 'ld_library_path_lib')
[16.443s] INFO:colcon.colcon_core.shell:Creating environment hook '/home/fourdds/ros2_ws/install/boids/share/boids/hook/ld_library_path_lib.ps1'
[16.444s] INFO:colcon.colcon_core.shell:Creating environment descriptor '/home/fourdds/ros2_ws/install/boids/share/boids/hook/ld_library_path_lib.dsv'
[16.444s] INFO:colcon.colcon_core.shell:Creating environment hook '/home/fourdds/ros2_ws/install/boids/share/boids/hook/ld_library_path_lib.sh'
[16.444s] Level 1:colcon.colcon_core.environment:checking '/home/fourdds/ros2_ws/install/boids/bin'
[16.444s] Level 1:colcon.colcon_core.environment:checking '/home/fourdds/ros2_ws/install/boids/lib/pkgconfig/boids.pc'
[16.444s] Level 1:colcon.colcon_core.environment:checking '/home/fourdds/ros2_ws/install/boids/lib/python3.10/site-packages'
[16.444s] Level 1:colcon.colcon_core.environment:checking '/home/fourdds/ros2_ws/install/boids/bin'
[16.444s] INFO:colcon.colcon_core.shell:Creating package script '/home/fourdds/ros2_ws/install/boids/share/boids/package.ps1'
[16.445s] INFO:colcon.colcon_core.shell:Creating package descriptor '/home/fourdds/ros2_ws/install/boids/share/boids/package.dsv'
[16.445s] INFO:colcon.colcon_core.shell:Creating package script '/home/fourdds/ros2_ws/install/boids/share/boids/package.sh'
[16.445s] INFO:colcon.colcon_core.shell:Creating package script '/home/fourdds/ros2_ws/install/boids/share/boids/package.bash'
[16.445s] INFO:colcon.colcon_core.shell:Creating package script '/home/fourdds/ros2_ws/install/boids/share/boids/package.zsh'
[16.445s] Level 1:colcon.colcon_core.environment:create_file_with_runtime_dependencies(/home/fourdds/ros2_ws/install/boids/share/colcon-core/packages/boids)
[16.446s] DEBUG:colcon.colcon_parallel_executor.executor.parallel:closing loop
[16.446s] DEBUG:colcon.colcon_parallel_executor.executor.parallel:loop closed
[16.446s] DEBUG:colcon.colcon_parallel_executor.executor.parallel:run_until_complete finished with '0'
[16.446s] DEBUG:colcon.colcon_core.event_reactor:joining thread
[16.450s] INFO:colcon.colcon_core.plugin_system:Skipping extension 'colcon_notification.desktop_notification.notify_send': Could not find 'notify-send'
[16.450s] INFO:colcon.colcon_core.plugin_system:Skipping extension 'colcon_notification.desktop_notification.terminal_notifier': Not used on non-Darwin systems
[16.450s] INFO:colcon.colcon_core.plugin_system:Skipping extension 'colcon_notification.desktop_notification.win32': Not used on non-Windows systems
[16.450s] INFO:colcon.colcon_notification.desktop_notification:Sending desktop notification using 'notify2'
[16.450s] DEBUG:colcon.colcon_notification.desktop_notification.notify2:Failed to initialize notify2: org.freedesktop.DBus.Error.FileNotFound: Failed to connect to socket /run/user/0/bus: No such file or directory
[16.450s] DEBUG:colcon.colcon_core.event_reactor:joined thread
[16.451s] INFO:colcon.colcon_core.shell:Creating prefix script '/home/fourdds/ros2_ws/install/local_setup.ps1'
[16.451s] INFO:colcon.colcon_core.shell:Creating prefix util module '/home/fourdds/ros2_ws/install/_local_setup_util_ps1.py'
[16.452s] INFO:colcon.colcon_core.shell:Creating prefix chain script '/home/fourdds/ros2_ws/install/setup.ps1'
[16.453s] INFO:colcon.colcon_core.shell:Creating prefix script '/home/fourdds/ros2_ws/install/local_setup.sh'
[16.453s] INFO:colcon.colcon_core.shell:Creating prefix util module '/home/fourdds/ros2_ws/install/_local_setup_util_sh.py'
[16.453s] INFO:colcon.colcon_core.shell:Creating prefix chain script '/home/fourdds/ros2_ws/install/setup.sh'
[16.454s] INFO:colcon.colcon_core.shell:Creating prefix script '/home/fourdds/ros2_ws/install/local_setup.bash'
[16.454s] INFO:colcon.colcon_core.shell:Creating prefix chain script '/home/fourdds/ros2_ws/install/setup.bash'
[16.455s] INFO:colcon.colcon_core.shell:Creating prefix script '/home/fourdds/ros2_ws/install/local_setup.zsh'
[16.455s] INFO:colcon.colcon_core.shell:Creating prefix chain script '/home/fourdds/ros2_ws/install/setup.zsh'
