[0.681s] Invoking command in '/home/fourdds/ros2_ws/build/base_station': CMAKE_PREFIX_PATH=/opt/ros/humble /usr/bin/cmake --build /home/fourdds/ros2_ws/build/base_station -- -j16 -l16
[0.802s] [100%] Built target BaseStation
[0.885s] Invoked command in '/home/fourdds/ros2_ws/build/base_station' returned '0': CMAKE_PREFIX_PATH=/opt/ros/humble /usr/bin/cmake --build /home/fourdds/ros2_ws/build/base_station -- -j16 -l16
[0.966s] Invoking command in '/home/fourdds/ros2_ws/build/base_station': CMAKE_PREFIX_PATH=/opt/ros/humble /usr/bin/cmake --install /home/fourdds/ros2_ws/build/base_station
[0.979s] -- Install configuration: ""
[0.985s] -- Execute custom install script
[0.985s] -- Up-to-date symlink: /home/fourdds/ros2_ws/install/base_station/lib/base_station/BaseStation
[0.986s] -- Up-to-date symlink: /home/fourdds/ros2_ws/install/base_station/share/ament_index/resource_index/package_run_dependencies/base_station
[0.986s] -- Up-to-date symlink: /home/fourdds/ros2_ws/install/base_station/share/ament_index/resource_index/parent_prefix_path/base_station
[0.987s] -- Up-to-date symlink: /home/fourdds/ros2_ws/install/base_station/share/base_station/environment/ament_prefix_path.sh
[0.988s] -- Up-to-date symlink: /home/fourdds/ros2_ws/install/base_station/share/base_station/environment/ament_prefix_path.dsv
[0.989s] -- Up-to-date symlink: /home/fourdds/ros2_ws/install/base_station/share/base_station/environment/path.sh
[0.997s] -- Up-to-date symlink: /home/fourdds/ros2_ws/install/base_station/share/base_station/environment/path.dsv
[0.999s] -- Up-to-date symlink: /home/fourdds/ros2_ws/install/base_station/share/base_station/local_setup.bash
[1.001s] -- Up-to-date symlink: /home/fourdds/ros2_ws/install/base_station/share/base_station/local_setup.sh
[1.002s] -- Up-to-date symlink: /home/fourdds/ros2_ws/install/base_station/share/base_station/local_setup.zsh
[1.003s] -- Up-to-date symlink: /home/fourdds/ros2_ws/install/base_station/share/base_station/local_setup.dsv
[1.003s] -- Symlinking: /home/fourdds/ros2_ws/install/base_station/share/base_station/package.dsv
[1.034s] -- Up-to-date symlink: /home/fourdds/ros2_ws/install/base_station/share/ament_index/resource_index/packages/base_station
[1.035s] -- Up-to-date symlink: /home/fourdds/ros2_ws/install/base_station/share/base_station/cmake/base_stationConfig.cmake
[1.036s] -- Up-to-date symlink: /home/fourdds/ros2_ws/install/base_station/share/base_station/cmake/base_stationConfig-version.cmake
[1.038s] -- Up-to-date symlink: /home/fourdds/ros2_ws/install/base_station/share/base_station/package.xml
[1.042s] Invoked command in '/home/fourdds/ros2_ws/build/base_station' returned '0': CMAKE_PREFIX_PATH=/opt/ros/humble /usr/bin/cmake --install /home/fourdds/ros2_ws/build/base_station
