[0.140s] Invoking command in '/home/fourdds/ros2_ws/build/target_detection': CMAKE_PREFIX_PATH=${CMAKE_PREFIX_PATH}:/home/fourdds/ws/install/opencv_tests:/home/fourdds/ros2_ws/install/analysis:/opt/ros/humble /usr/bin/cmake --build /home/fourdds/ros2_ws/build/target_detection -- -j24 -l24
[0.184s] [100%] Built target TargetDetection
[0.199s] Invoked command in '/home/fourdds/ros2_ws/build/target_detection' returned '0': CMAKE_PREFIX_PATH=${CMAKE_PREFIX_PATH}:/home/fourdds/ws/install/opencv_tests:/home/fourdds/ros2_ws/install/analysis:/opt/ros/humble /usr/bin/cmake --build /home/fourdds/ros2_ws/build/target_detection -- -j24 -l24
[0.233s] Invoking command in '/home/fourdds/ros2_ws/build/target_detection': CMAKE_PREFIX_PATH=${CMAKE_PREFIX_PATH}:/home/fourdds/ws/install/opencv_tests:/home/fourdds/ros2_ws/install/analysis:/opt/ros/humble /usr/bin/cmake --install /home/fourdds/ros2_ws/build/target_detection
[0.238s] -- Install configuration: ""
[0.238s] -- Up-to-date: /home/fourdds/ros2_ws/install/target_detection/share/target_detection/environment/library_path.sh
[0.239s] -- Up-to-date: /home/fourdds/ros2_ws/install/target_detection/share/target_detection/environment/library_path.dsv
[0.240s] -- Up-to-date: /home/fourdds/ros2_ws/install/target_detection/include/target_detection
[0.240s] -- Up-to-date: /home/fourdds/ros2_ws/install/target_detection/include/target_detection/TargetDetection.hpp
[0.240s] -- Up-to-date: /home/fourdds/ros2_ws/install/target_detection/lib/libTargetDetection.a
[0.240s] -- Up-to-date: /home/fourdds/ros2_ws/install/target_detection/share/ament_index/resource_index/package_run_dependencies/target_detection
[0.240s] -- Up-to-date: /home/fourdds/ros2_ws/install/target_detection/share/ament_index/resource_index/parent_prefix_path/target_detection
[0.240s] -- Up-to-date: /home/fourdds/ros2_ws/install/target_detection/share/target_detection/environment/ament_prefix_path.sh
[0.240s] -- Up-to-date: /home/fourdds/ros2_ws/install/target_detection/share/target_detection/environment/ament_prefix_path.dsv
[0.240s] -- Up-to-date: /home/fourdds/ros2_ws/install/target_detection/share/target_detection/environment/path.sh
[0.241s] -- Up-to-date: /home/fourdds/ros2_ws/install/target_detection/share/target_detection/environment/path.dsv
[0.241s] -- Up-to-date: /home/fourdds/ros2_ws/install/target_detection/share/target_detection/local_setup.bash
[0.241s] -- Up-to-date: /home/fourdds/ros2_ws/install/target_detection/share/target_detection/local_setup.sh
[0.241s] -- Up-to-date: /home/fourdds/ros2_ws/install/target_detection/share/target_detection/local_setup.zsh
[0.241s] -- Up-to-date: /home/fourdds/ros2_ws/install/target_detection/share/target_detection/local_setup.dsv
[0.241s] -- Installing: /home/fourdds/ros2_ws/install/target_detection/share/target_detection/package.dsv
[0.241s] -- Up-to-date: /home/fourdds/ros2_ws/install/target_detection/share/ament_index/resource_index/packages/target_detection
[0.242s] -- Up-to-date: /home/fourdds/ros2_ws/install/target_detection/share/target_detection/cmake/ament_cmake_export_include_directories-extras.cmake
[0.242s] -- Up-to-date: /home/fourdds/ros2_ws/install/target_detection/share/target_detection/cmake/ament_cmake_export_libraries-extras.cmake
[0.242s] -- Up-to-date: /home/fourdds/ros2_ws/install/target_detection/share/target_detection/cmake/target_detectionConfig.cmake
[0.242s] -- Up-to-date: /home/fourdds/ros2_ws/install/target_detection/share/target_detection/cmake/target_detectionConfig-version.cmake
[0.242s] -- Up-to-date: /home/fourdds/ros2_ws/install/target_detection/share/target_detection/package.xml
[0.255s] Invoked command in '/home/fourdds/ros2_ws/build/target_detection' returned '0': CMAKE_PREFIX_PATH=${CMAKE_PREFIX_PATH}:/home/fourdds/ws/install/opencv_tests:/home/fourdds/ros2_ws/install/analysis:/opt/ros/humble /usr/bin/cmake --install /home/fourdds/ros2_ws/build/target_detection
