[0.009s] Invoking command in '/home/fourdds/ros2_ws/build/iris-logger': CMAKE_PREFIX_PATH=/home/fourdds/ros2_ws/install/px4_msgs:/home/fourdds/ros2_ws/install/iris-logger:/home/fourdds/ros2_ws/install/px4_ros_com:/home/fourdds/ros2_ws/install/boids:/opt/ros/humble LD_LIBRARY_PATH=/home/fourdds/ros2_ws/install/px4_msgs/lib:/home/fourdds/ros2_ws/install/px4_ros_com/lib:/home/fourdds/ros2_ws/install/boids/lib:/usr/lib/x86_64-linux-gnu/gazebo-11/plugins:/opt/ros/humble/opt/rviz_ogre_vendor/lib:/opt/ros/humble/lib/x86_64-linux-gnu:/opt/ros/humble/lib /usr/bin/cmake --build /home/fourdds/ros2_ws/build/iris-logger -- -j24 -l24
[0.033s] [35m[1mConsolidate compiler generated dependencies of target Logger[0m
[0.045s] [ 66%] [32mBuilding CXX object CMakeFiles/Logger.dir/src/Logger.cpp.o[0m
[0.045s] [ 66%] [32mBuilding CXX object CMakeFiles/Logger.dir/src/LoggingNode.cpp.o[0m
[1.685s] [01m[K/home/fourdds/ros2_ws/src/iris-logger/src/LoggingNode.cpp:[m[K In member function ‘[01m[Kvoid LoggingNode::localPositionSubscriptionCallback(px4_msgs::msg::VehicleLocalPosition_<std::allocator<void> >::ConstSharedPtr)[m[K’:
[1.685s] [01m[K/home/fourdds/ros2_ws/src/iris-logger/src/LoggingNode.cpp:173:5:[m[K [01;35m[Kwarning: [m[Kthis ‘[01m[Kif[m[K’ clause does not guard... [[01;35m[K]8;;https://gcc.gnu.org/onlinedocs/gcc/Warning-Options.html#index-Wmisleading-indentation-Wmisleading-indentation]8;;[m[K]
[1.685s]   173 |     [01;35m[Kif[m[K (velocityRequested)
[1.685s]       |     [01;35m[K^~[m[K
[1.685s] [01m[K/home/fourdds/ros2_ws/src/iris-logger/src/LoggingNode.cpp:175:9:[m[K [01;36m[Knote: [m[K...this statement, but the latter is misleadingly indented as if it were guarded by the ‘[01m[Kif[m[K’
[1.685s]   175 |         [01;36m[KoutFile[m[K << Vector2D{msg->vx, msg->vy}.length() << "\n";
[1.685s]       |         [01;36m[K^~~~~~~[m[K
[7.915s] [100%] [32m[1mLinking CXX executable Logger[0m
[8.010s] [100%] Built target Logger
[8.016s] Invoked command in '/home/fourdds/ros2_ws/build/iris-logger' returned '0': CMAKE_PREFIX_PATH=/home/fourdds/ros2_ws/install/px4_msgs:/home/fourdds/ros2_ws/install/iris-logger:/home/fourdds/ros2_ws/install/px4_ros_com:/home/fourdds/ros2_ws/install/boids:/opt/ros/humble LD_LIBRARY_PATH=/home/fourdds/ros2_ws/install/px4_msgs/lib:/home/fourdds/ros2_ws/install/px4_ros_com/lib:/home/fourdds/ros2_ws/install/boids/lib:/usr/lib/x86_64-linux-gnu/gazebo-11/plugins:/opt/ros/humble/opt/rviz_ogre_vendor/lib:/opt/ros/humble/lib/x86_64-linux-gnu:/opt/ros/humble/lib /usr/bin/cmake --build /home/fourdds/ros2_ws/build/iris-logger -- -j24 -l24
[8.033s] Invoking command in '/home/fourdds/ros2_ws/build/iris-logger': CMAKE_PREFIX_PATH=/home/fourdds/ros2_ws/install/px4_msgs:/home/fourdds/ros2_ws/install/iris-logger:/home/fourdds/ros2_ws/install/px4_ros_com:/home/fourdds/ros2_ws/install/boids:/opt/ros/humble LD_LIBRARY_PATH=/home/fourdds/ros2_ws/install/px4_msgs/lib:/home/fourdds/ros2_ws/install/px4_ros_com/lib:/home/fourdds/ros2_ws/install/boids/lib:/usr/lib/x86_64-linux-gnu/gazebo-11/plugins:/opt/ros/humble/opt/rviz_ogre_vendor/lib:/opt/ros/humble/lib/x86_64-linux-gnu:/opt/ros/humble/lib /usr/bin/cmake --install /home/fourdds/ros2_ws/build/iris-logger
[8.037s] -- Install configuration: ""
[8.038s] -- Installing: /home/fourdds/ros2_ws/install/iris-logger/lib/iris-logger/Logger
[8.038s] -- Set runtime path of "/home/fourdds/ros2_ws/install/iris-logger/lib/iris-logger/Logger" to ""
[8.038s] -- Up-to-date: /home/fourdds/ros2_ws/install/iris-logger/share/ament_index/resource_index/package_run_dependencies/iris-logger
[8.039s] -- Up-to-date: /home/fourdds/ros2_ws/install/iris-logger/share/ament_index/resource_index/parent_prefix_path/iris-logger
[8.039s] -- Up-to-date: /home/fourdds/ros2_ws/install/iris-logger/share/iris-logger/environment/ament_prefix_path.sh
[8.039s] -- Up-to-date: /home/fourdds/ros2_ws/install/iris-logger/share/iris-logger/environment/ament_prefix_path.dsv
[8.039s] -- Up-to-date: /home/fourdds/ros2_ws/install/iris-logger/share/iris-logger/environment/path.sh
[8.039s] -- Up-to-date: /home/fourdds/ros2_ws/install/iris-logger/share/iris-logger/environment/path.dsv
[8.039s] -- Up-to-date: /home/fourdds/ros2_ws/install/iris-logger/share/iris-logger/local_setup.bash
[8.039s] -- Up-to-date: /home/fourdds/ros2_ws/install/iris-logger/share/iris-logger/local_setup.sh
[8.039s] -- Up-to-date: /home/fourdds/ros2_ws/install/iris-logger/share/iris-logger/local_setup.zsh
[8.039s] -- Up-to-date: /home/fourdds/ros2_ws/install/iris-logger/share/iris-logger/local_setup.dsv
[8.039s] -- Installing: /home/fourdds/ros2_ws/install/iris-logger/share/iris-logger/package.dsv
[8.039s] -- Up-to-date: /home/fourdds/ros2_ws/install/iris-logger/share/ament_index/resource_index/packages/iris-logger
[8.039s] -- Up-to-date: /home/fourdds/ros2_ws/install/iris-logger/share/iris-logger/cmake/iris-loggerConfig.cmake
[8.039s] -- Up-to-date: /home/fourdds/ros2_ws/install/iris-logger/share/iris-logger/cmake/iris-loggerConfig-version.cmake
[8.039s] -- Up-to-date: /home/fourdds/ros2_ws/install/iris-logger/share/iris-logger/package.xml
[8.040s] Invoked command in '/home/fourdds/ros2_ws/build/iris-logger' returned '0': CMAKE_PREFIX_PATH=/home/fourdds/ros2_ws/install/px4_msgs:/home/fourdds/ros2_ws/install/iris-logger:/home/fourdds/ros2_ws/install/px4_ros_com:/home/fourdds/ros2_ws/install/boids:/opt/ros/humble LD_LIBRARY_PATH=/home/fourdds/ros2_ws/install/px4_msgs/lib:/home/fourdds/ros2_ws/install/px4_ros_com/lib:/home/fourdds/ros2_ws/install/boids/lib:/usr/lib/x86_64-linux-gnu/gazebo-11/plugins:/opt/ros/humble/opt/rviz_ogre_vendor/lib:/opt/ros/humble/lib/x86_64-linux-gnu:/opt/ros/humble/lib /usr/bin/cmake --install /home/fourdds/ros2_ws/build/iris-logger
