[0.007s] Invoking command in '/home/fourdds/ros2_ws/build/boids': CMAKE_PREFIX_PATH=/home/fourdds/ros2_ws/install/px4_msgs:/home/fourdds/ros2_ws/install/uuv_boids:/home/fourdds/ros2_ws/install/px4_ros_com:/home/fourdds/ros2_ws/install/iris-logger:/home/fourdds/ros2_ws/install/boids:/opt/ros/humble LD_LIBRARY_PATH=/home/fourdds/ros2_ws/install/px4_msgs/lib:/home/fourdds/ros2_ws/install/uuv_boids/lib:/home/fourdds/ros2_ws/install/px4_ros_com/lib:/home/fourdds/ros2_ws/install/boids/lib:/usr/lib/x86_64-linux-gnu/gazebo-11/plugins:/opt/ros/humble/opt/rviz_ogre_vendor/lib:/opt/ros/humble/lib/x86_64-linux-gnu:/opt/ros/humble/lib /usr/bin/cmake --build /home/fourdds/ros2_ws/build/boids -- -j24 -l24
[0.029s] [  2%] Built target boids__cpp
[0.030s] [ 10%] Built target boids__rosidl_generator_c
[0.030s] [35m[1mConsolidate compiler generated dependencies of target swarm_spawner[0m
[0.034s] [ 10%] Built target ament_cmake_python_copy_boids
[0.035s] [ 15%] Built target frame_transforms
[0.040s] [ 23%] Built target boids__rosidl_typesupport_fastrtps_cpp
[0.040s] [ 32%] Built target boids__rosidl_typesupport_cpp
[0.040s] [ 41%] Built target boids__rosidl_typesupport_introspection_c
[0.040s] [ 50%] Built target boids__rosidl_typesupport_c
[0.042s] [ 58%] [32mBuilding CXX object CMakeFiles/swarm_spawner.dir/src/base_station.cpp.o[0m
[0.042s] [ 60%] Built target boids__rosidl_typesupport_introspection_cpp
[0.044s] [ 69%] Built target boids__rosidl_typesupport_fastrtps_c
[0.053s] [ 69%] Built target boids
[0.062s] [ 71%] Built target boids__py
[0.071s] [ 78%] Built target boids__rosidl_generator_py
[0.080s] [ 86%] Built target boids__rosidl_typesupport_fastrtps_c__pyext
[0.080s] [ 86%] Built target boids__rosidl_typesupport_introspection_c__pyext
[0.080s] [ 91%] Built target boids__rosidl_typesupport_c__pyext
[0.129s] running egg_info
[0.135s] writing boids.egg-info/PKG-INFO
[0.136s] writing dependency_links to boids.egg-info/dependency_links.txt
[0.136s] writing top-level names to boids.egg-info/top_level.txt
[0.154s] reading manifest file 'boids.egg-info/SOURCES.txt'
[0.154s] writing manifest file 'boids.egg-info/SOURCES.txt'
[0.168s] [ 91%] Built target ament_cmake_python_build_boids_egg
[5.621s] [ 93%] [32m[1mLinking CXX executable swarm_spawner[0m
[5.930s] [100%] Built target swarm_spawner
[5.935s] Invoked command in '/home/fourdds/ros2_ws/build/boids' returned '0': CMAKE_PREFIX_PATH=/home/fourdds/ros2_ws/install/px4_msgs:/home/fourdds/ros2_ws/install/uuv_boids:/home/fourdds/ros2_ws/install/px4_ros_com:/home/fourdds/ros2_ws/install/iris-logger:/home/fourdds/ros2_ws/install/boids:/opt/ros/humble LD_LIBRARY_PATH=/home/fourdds/ros2_ws/install/px4_msgs/lib:/home/fourdds/ros2_ws/install/uuv_boids/lib:/home/fourdds/ros2_ws/install/px4_ros_com/lib:/home/fourdds/ros2_ws/install/boids/lib:/usr/lib/x86_64-linux-gnu/gazebo-11/plugins:/opt/ros/humble/opt/rviz_ogre_vendor/lib:/opt/ros/humble/lib/x86_64-linux-gnu:/opt/ros/humble/lib /usr/bin/cmake --build /home/fourdds/ros2_ws/build/boids -- -j24 -l24
[5.976s] Invoking command in '/home/fourdds/ros2_ws/build/boids': CMAKE_PREFIX_PATH=/home/fourdds/ros2_ws/install/px4_msgs:/home/fourdds/ros2_ws/install/uuv_boids:/home/fourdds/ros2_ws/install/px4_ros_com:/home/fourdds/ros2_ws/install/iris-logger:/home/fourdds/ros2_ws/install/boids:/opt/ros/humble LD_LIBRARY_PATH=/home/fourdds/ros2_ws/install/px4_msgs/lib:/home/fourdds/ros2_ws/install/uuv_boids/lib:/home/fourdds/ros2_ws/install/px4_ros_com/lib:/home/fourdds/ros2_ws/install/boids/lib:/usr/lib/x86_64-linux-gnu/gazebo-11/plugins:/opt/ros/humble/opt/rviz_ogre_vendor/lib:/opt/ros/humble/lib/x86_64-linux-gnu:/opt/ros/humble/lib /usr/bin/cmake --install /home/fourdds/ros2_ws/build/boids
[5.979s] -- Install configuration: ""
[5.979s] -- Up-to-date: /home/fourdds/ros2_ws/install/boids/share/ament_index/resource_index/rosidl_interfaces/boids
[5.979s] -- Up-to-date: /home/fourdds/ros2_ws/install/boids/include/boids/boids
[5.979s] -- Up-to-date: /home/fourdds/ros2_ws/install/boids/include/boids/boids/msg
[5.979s] -- Up-to-date: /home/fourdds/ros2_ws/install/boids/include/boids/boids/msg/rosidl_generator_c__visibility_control.h
[5.979s] -- Up-to-date: /home/fourdds/ros2_ws/install/boids/include/boids/boids/msg/detail
[5.979s] -- Up-to-date: /home/fourdds/ros2_ws/install/boids/include/boids/boids/msg/detail/flocking__functions.c
[5.979s] -- Up-to-date: /home/fourdds/ros2_ws/install/boids/include/boids/boids/msg/detail/geo_ping__type_support.h
[5.979s] -- Up-to-date: /home/fourdds/ros2_ws/install/boids/include/boids/boids/msg/detail/geo_ping__functions.c
[5.979s] -- Up-to-date: /home/fourdds/ros2_ws/install/boids/include/boids/boids/msg/detail/flocking__functions.h
[5.979s] -- Up-to-date: /home/fourdds/ros2_ws/install/boids/include/boids/boids/msg/detail/flocking__struct.h
[5.979s] -- Up-to-date: /home/fourdds/ros2_ws/install/boids/include/boids/boids/msg/detail/flocking__type_support.h
[5.979s] -- Up-to-date: /home/fourdds/ros2_ws/install/boids/include/boids/boids/msg/detail/geo_ping__struct.h
[5.979s] -- Up-to-date: /home/fourdds/ros2_ws/install/boids/include/boids/boids/msg/detail/geo_ping__functions.h
[5.979s] -- Up-to-date: /home/fourdds/ros2_ws/install/boids/include/boids/boids/msg/geo_ping.h
[5.980s] -- Up-to-date: /home/fourdds/ros2_ws/install/boids/include/boids/boids/msg/flocking.h
[5.980s] -- Up-to-date: /home/fourdds/ros2_ws/install/boids/share/boids/environment/library_path.sh
[5.980s] -- Up-to-date: /home/fourdds/ros2_ws/install/boids/share/boids/environment/library_path.dsv
[5.980s] -- Up-to-date: /home/fourdds/ros2_ws/install/boids/lib/libboids__rosidl_generator_c.so
[5.980s] -- Up-to-date: /home/fourdds/ros2_ws/install/boids/include/boids/boids
[5.980s] -- Up-to-date: /home/fourdds/ros2_ws/install/boids/include/boids/boids/msg
[5.980s] -- Up-to-date: /home/fourdds/ros2_ws/install/boids/include/boids/boids/msg/detail
[5.980s] -- Up-to-date: /home/fourdds/ros2_ws/install/boids/include/boids/boids/msg/detail/geo_ping__rosidl_typesupport_fastrtps_c.h
[5.980s] -- Up-to-date: /home/fourdds/ros2_ws/install/boids/include/boids/boids/msg/detail/flocking__rosidl_typesupport_fastrtps_c.h
[5.980s] -- Up-to-date: /home/fourdds/ros2_ws/install/boids/include/boids/boids/msg/rosidl_typesupport_fastrtps_c__visibility_control.h
[5.980s] -- Up-to-date: /home/fourdds/ros2_ws/install/boids/lib/libboids__rosidl_typesupport_fastrtps_c.so
[5.980s] -- Up-to-date: /home/fourdds/ros2_ws/install/boids/include/boids/boids
[5.980s] -- Up-to-date: /home/fourdds/ros2_ws/install/boids/include/boids/boids/msg
[5.980s] -- Up-to-date: /home/fourdds/ros2_ws/install/boids/include/boids/boids/msg/geo_ping.hpp
[5.980s] -- Up-to-date: /home/fourdds/ros2_ws/install/boids/include/boids/boids/msg/detail
[5.980s] -- Up-to-date: /home/fourdds/ros2_ws/install/boids/include/boids/boids/msg/detail/flocking__builder.hpp
[5.980s] -- Up-to-date: /home/fourdds/ros2_ws/install/boids/include/boids/boids/msg/detail/geo_ping__traits.hpp
[5.980s] -- Up-to-date: /home/fourdds/ros2_ws/install/boids/include/boids/boids/msg/detail/flocking__traits.hpp
[5.980s] -- Up-to-date: /home/fourdds/ros2_ws/install/boids/include/boids/boids/msg/detail/geo_ping__builder.hpp
[5.980s] -- Up-to-date: /home/fourdds/ros2_ws/install/boids/include/boids/boids/msg/detail/flocking__struct.hpp
[5.980s] -- Up-to-date: /home/fourdds/ros2_ws/install/boids/include/boids/boids/msg/detail/geo_ping__struct.hpp
[5.980s] -- Up-to-date: /home/fourdds/ros2_ws/install/boids/include/boids/boids/msg/flocking.hpp
[5.980s] -- Up-to-date: /home/fourdds/ros2_ws/install/boids/include/boids/boids
[5.980s] -- Up-to-date: /home/fourdds/ros2_ws/install/boids/include/boids/boids/msg
[5.980s] -- Up-to-date: /home/fourdds/ros2_ws/install/boids/include/boids/boids/msg/detail
[5.980s] -- Up-to-date: /home/fourdds/ros2_ws/install/boids/include/boids/boids/msg/detail/flocking__rosidl_typesupport_fastrtps_cpp.hpp
[5.980s] -- Up-to-date: /home/fourdds/ros2_ws/install/boids/include/boids/boids/msg/detail/geo_ping__rosidl_typesupport_fastrtps_cpp.hpp
[5.980s] -- Up-to-date: /home/fourdds/ros2_ws/install/boids/include/boids/boids/msg/detail/dds_fastrtps
[5.980s] -- Up-to-date: /home/fourdds/ros2_ws/install/boids/include/boids/boids/msg/rosidl_typesupport_fastrtps_cpp__visibility_control.h
[5.980s] -- Up-to-date: /home/fourdds/ros2_ws/install/boids/lib/libboids__rosidl_typesupport_fastrtps_cpp.so
[5.981s] -- Up-to-date: /home/fourdds/ros2_ws/install/boids/include/boids/boids
[5.981s] -- Up-to-date: /home/fourdds/ros2_ws/install/boids/include/boids/boids/msg
[5.981s] -- Up-to-date: /home/fourdds/ros2_ws/install/boids/include/boids/boids/msg/detail
[5.981s] -- Up-to-date: /home/fourdds/ros2_ws/install/boids/include/boids/boids/msg/detail/geo_ping__rosidl_typesupport_introspection_c.h
[5.981s] -- Up-to-date: /home/fourdds/ros2_ws/install/boids/include/boids/boids/msg/detail/geo_ping__type_support.c
[5.981s] -- Up-to-date: /home/fourdds/ros2_ws/install/boids/include/boids/boids/msg/detail/flocking__type_support.c
[5.981s] -- Up-to-date: /home/fourdds/ros2_ws/install/boids/include/boids/boids/msg/detail/flocking__rosidl_typesupport_introspection_c.h
[5.981s] -- Up-to-date: /home/fourdds/ros2_ws/install/boids/include/boids/boids/msg/rosidl_typesupport_introspection_c__visibility_control.h
[5.981s] -- Up-to-date: /home/fourdds/ros2_ws/install/boids/lib/libboids__rosidl_typesupport_introspection_c.so
[5.981s] -- Up-to-date: /home/fourdds/ros2_ws/install/boids/lib/libboids__rosidl_typesupport_c.so
[5.981s] -- Up-to-date: /home/fourdds/ros2_ws/install/boids/include/boids/boids
[5.981s] -- Up-to-date: /home/fourdds/ros2_ws/install/boids/include/boids/boids/msg
[5.981s] -- Up-to-date: /home/fourdds/ros2_ws/install/boids/include/boids/boids/msg/detail
[5.981s] -- Up-to-date: /home/fourdds/ros2_ws/install/boids/include/boids/boids/msg/detail/geo_ping__type_support.cpp
[5.981s] -- Up-to-date: /home/fourdds/ros2_ws/install/boids/include/boids/boids/msg/detail/flocking__rosidl_typesupport_introspection_cpp.hpp
[5.981s] -- Up-to-date: /home/fourdds/ros2_ws/install/boids/include/boids/boids/msg/detail/geo_ping__rosidl_typesupport_introspection_cpp.hpp
[5.981s] -- Up-to-date: /home/fourdds/ros2_ws/install/boids/include/boids/boids/msg/detail/flocking__type_support.cpp
[5.981s] -- Up-to-date: /home/fourdds/ros2_ws/install/boids/lib/libboids__rosidl_typesupport_introspection_cpp.so
[5.981s] -- Up-to-date: /home/fourdds/ros2_ws/install/boids/lib/libboids__rosidl_typesupport_cpp.so
[5.981s] -- Up-to-date: /home/fourdds/ros2_ws/install/boids/share/boids/environment/pythonpath.sh
[5.981s] -- Up-to-date: /home/fourdds/ros2_ws/install/boids/share/boids/environment/pythonpath.dsv
[5.981s] -- Up-to-date: /home/fourdds/ros2_ws/install/boids/local/lib/python3.10/dist-packages/boids-0.0.0-py3.10.egg-info
[5.981s] -- Installing: /home/fourdds/ros2_ws/install/boids/local/lib/python3.10/dist-packages/boids-0.0.0-py3.10.egg-info/dependency_links.txt
[5.981s] -- Installing: /home/fourdds/ros2_ws/install/boids/local/lib/python3.10/dist-packages/boids-0.0.0-py3.10.egg-info/SOURCES.txt
[5.981s] -- Installing: /home/fourdds/ros2_ws/install/boids/local/lib/python3.10/dist-packages/boids-0.0.0-py3.10.egg-info/PKG-INFO
[5.981s] -- Installing: /home/fourdds/ros2_ws/install/boids/local/lib/python3.10/dist-packages/boids-0.0.0-py3.10.egg-info/top_level.txt
[5.981s] -- Up-to-date: /home/fourdds/ros2_ws/install/boids/local/lib/python3.10/dist-packages/boids
[5.981s] -- Up-to-date: /home/fourdds/ros2_ws/install/boids/local/lib/python3.10/dist-packages/boids/_boids_s.ep.rosidl_typesupport_fastrtps_c.c
[5.981s] -- Up-to-date: /home/fourdds/ros2_ws/install/boids/local/lib/python3.10/dist-packages/boids/boids_s__rosidl_typesupport_c.cpython-310-x86_64-linux-gnu.so
[5.981s] -- Up-to-date: /home/fourdds/ros2_ws/install/boids/local/lib/python3.10/dist-packages/boids/libboids__rosidl_generator_py.so
[5.981s] -- Up-to-date: /home/fourdds/ros2_ws/install/boids/local/lib/python3.10/dist-packages/boids/msg
[5.981s] -- Up-to-date: /home/fourdds/ros2_ws/install/boids/local/lib/python3.10/dist-packages/boids/msg/_flocking.py
[5.981s] -- Up-to-date: /home/fourdds/ros2_ws/install/boids/local/lib/python3.10/dist-packages/boids/msg/_geo_ping_s.c
[5.981s] -- Up-to-date: /home/fourdds/ros2_ws/install/boids/local/lib/python3.10/dist-packages/boids/msg/_flocking_s.c
[5.981s] -- Up-to-date: /home/fourdds/ros2_ws/install/boids/local/lib/python3.10/dist-packages/boids/msg/_geo_ping.py
[5.981s] -- Up-to-date: /home/fourdds/ros2_ws/install/boids/local/lib/python3.10/dist-packages/boids/msg/__init__.py
[5.982s] -- Up-to-date: /home/fourdds/ros2_ws/install/boids/local/lib/python3.10/dist-packages/boids/boids_s__rosidl_typesupport_introspection_c.cpython-310-x86_64-linux-gnu.so
[5.982s] -- Up-to-date: /home/fourdds/ros2_ws/install/boids/local/lib/python3.10/dist-packages/boids/_boids_s.ep.rosidl_typesupport_introspection_c.c
[5.982s] -- Up-to-date: /home/fourdds/ros2_ws/install/boids/local/lib/python3.10/dist-packages/boids/_boids_s.ep.rosidl_typesupport_c.c
[5.982s] -- Up-to-date: /home/fourdds/ros2_ws/install/boids/local/lib/python3.10/dist-packages/boids/boids_s__rosidl_typesupport_fastrtps_c.cpython-310-x86_64-linux-gnu.so
[5.982s] -- Up-to-date: /home/fourdds/ros2_ws/install/boids/local/lib/python3.10/dist-packages/boids/__init__.py
[5.997s] Listing '/home/fourdds/ros2_ws/install/boids/local/lib/python3.10/dist-packages/boids'...
[5.997s] Listing '/home/fourdds/ros2_ws/install/boids/local/lib/python3.10/dist-packages/boids/msg'...
[6.000s] -- Up-to-date: /home/fourdds/ros2_ws/install/boids/local/lib/python3.10/dist-packages/boids/boids_s__rosidl_typesupport_fastrtps_c.cpython-310-x86_64-linux-gnu.so
[6.000s] -- Up-to-date: /home/fourdds/ros2_ws/install/boids/local/lib/python3.10/dist-packages/boids/boids_s__rosidl_typesupport_introspection_c.cpython-310-x86_64-linux-gnu.so
[6.000s] -- Up-to-date: /home/fourdds/ros2_ws/install/boids/local/lib/python3.10/dist-packages/boids/boids_s__rosidl_typesupport_c.cpython-310-x86_64-linux-gnu.so
[6.000s] -- Up-to-date: /home/fourdds/ros2_ws/install/boids/lib/libboids__rosidl_generator_py.so
[6.000s] -- Up-to-date: /home/fourdds/ros2_ws/install/boids/share/boids/msg/GeoPing.idl
[6.000s] -- Up-to-date: /home/fourdds/ros2_ws/install/boids/share/boids/msg/Flocking.idl
[6.000s] -- Up-to-date: /home/fourdds/ros2_ws/install/boids/share/boids/msg/GeoPing.msg
[6.000s] -- Up-to-date: /home/fourdds/ros2_ws/install/boids/share/boids/msg/Flocking.msg
[6.000s] -- Installing: /home/fourdds/ros2_ws/install/boids/lib/boids/swarm_spawner
[6.002s] -- Set runtime path of "/home/fourdds/ros2_ws/install/boids/lib/boids/swarm_spawner" to ""
[6.002s] -- Up-to-date: /home/fourdds/ros2_ws/install/boids/include/boids
[6.002s] -- Up-to-date: /home/fourdds/ros2_ws/install/boids/include/boids/placeholder.txt:Zone.Identifier
[6.002s] -- Up-to-date: /home/fourdds/ros2_ws/install/boids/include/boids/placeholder.txt
[6.002s] -- Up-to-date: /home/fourdds/ros2_ws/install/boids/include/boids/placeholder.txt:Zone.Identifier:Zone.Identifier
[6.002s] -- Up-to-date: /home/fourdds/ros2_ws/install/boids/lib/libframe_transforms.so
[6.002s] -- Up-to-date: /home/fourdds/ros2_ws/install/boids/share/boids//launch
[6.002s] -- Up-to-date: /home/fourdds/ros2_ws/install/boids/share/boids//launch/boids.launch.py
[6.002s] -- Up-to-date: /home/fourdds/ros2_ws/install/boids/share/boids//test
[6.002s] -- Up-to-date: /home/fourdds/ros2_ws/install/boids/share/boids//test/placeholder.txt:Zone.Identifier
[6.002s] -- Up-to-date: /home/fourdds/ros2_ws/install/boids/share/boids//test/placeholder.txt
[6.002s] -- Up-to-date: /home/fourdds/ros2_ws/install/boids/share/boids//test/placeholder.txt:Zone.Identifier:Zone.Identifier
[6.002s] -- Up-to-date: /home/fourdds/ros2_ws/install/boids/share/ament_index/resource_index/package_run_dependencies/boids
[6.002s] -- Up-to-date: /home/fourdds/ros2_ws/install/boids/share/ament_index/resource_index/parent_prefix_path/boids
[6.003s] -- Up-to-date: /home/fourdds/ros2_ws/install/boids/share/boids/environment/ament_prefix_path.sh
[6.003s] -- Up-to-date: /home/fourdds/ros2_ws/install/boids/share/boids/environment/ament_prefix_path.dsv
[6.003s] -- Up-to-date: /home/fourdds/ros2_ws/install/boids/share/boids/environment/path.sh
[6.003s] -- Up-to-date: /home/fourdds/ros2_ws/install/boids/share/boids/environment/path.dsv
[6.003s] -- Up-to-date: /home/fourdds/ros2_ws/install/boids/share/boids/local_setup.bash
[6.003s] -- Up-to-date: /home/fourdds/ros2_ws/install/boids/share/boids/local_setup.sh
[6.003s] -- Up-to-date: /home/fourdds/ros2_ws/install/boids/share/boids/local_setup.zsh
[6.003s] -- Up-to-date: /home/fourdds/ros2_ws/install/boids/share/boids/local_setup.dsv
[6.003s] -- Installing: /home/fourdds/ros2_ws/install/boids/share/boids/package.dsv
[6.003s] -- Up-to-date: /home/fourdds/ros2_ws/install/boids/share/ament_index/resource_index/packages/boids
[6.003s] -- Up-to-date: /home/fourdds/ros2_ws/install/boids/share/boids/cmake/export_boids__rosidl_generator_cExport.cmake
[6.003s] -- Up-to-date: /home/fourdds/ros2_ws/install/boids/share/boids/cmake/export_boids__rosidl_generator_cExport-noconfig.cmake
[6.003s] -- Up-to-date: /home/fourdds/ros2_ws/install/boids/share/boids/cmake/export_boids__rosidl_typesupport_fastrtps_cExport.cmake
[6.003s] -- Up-to-date: /home/fourdds/ros2_ws/install/boids/share/boids/cmake/export_boids__rosidl_typesupport_fastrtps_cExport-noconfig.cmake
[6.003s] -- Up-to-date: /home/fourdds/ros2_ws/install/boids/share/boids/cmake/export_boids__rosidl_generator_cppExport.cmake
[6.003s] -- Up-to-date: /home/fourdds/ros2_ws/install/boids/share/boids/cmake/export_boids__rosidl_typesupport_fastrtps_cppExport.cmake
[6.003s] -- Up-to-date: /home/fourdds/ros2_ws/install/boids/share/boids/cmake/export_boids__rosidl_typesupport_fastrtps_cppExport-noconfig.cmake
[6.003s] -- Up-to-date: /home/fourdds/ros2_ws/install/boids/share/boids/cmake/boids__rosidl_typesupport_introspection_cExport.cmake
[6.003s] -- Up-to-date: /home/fourdds/ros2_ws/install/boids/share/boids/cmake/boids__rosidl_typesupport_introspection_cExport-noconfig.cmake
[6.003s] -- Up-to-date: /home/fourdds/ros2_ws/install/boids/share/boids/cmake/boids__rosidl_typesupport_cExport.cmake
[6.003s] -- Up-to-date: /home/fourdds/ros2_ws/install/boids/share/boids/cmake/boids__rosidl_typesupport_cExport-noconfig.cmake
[6.003s] -- Up-to-date: /home/fourdds/ros2_ws/install/boids/share/boids/cmake/boids__rosidl_typesupport_introspection_cppExport.cmake
[6.003s] -- Up-to-date: /home/fourdds/ros2_ws/install/boids/share/boids/cmake/boids__rosidl_typesupport_introspection_cppExport-noconfig.cmake
[6.003s] -- Up-to-date: /home/fourdds/ros2_ws/install/boids/share/boids/cmake/boids__rosidl_typesupport_cppExport.cmake
[6.003s] -- Up-to-date: /home/fourdds/ros2_ws/install/boids/share/boids/cmake/boids__rosidl_typesupport_cppExport-noconfig.cmake
[6.003s] -- Up-to-date: /home/fourdds/ros2_ws/install/boids/share/boids/cmake/export_boids__rosidl_generator_pyExport.cmake
[6.003s] -- Up-to-date: /home/fourdds/ros2_ws/install/boids/share/boids/cmake/export_boids__rosidl_generator_pyExport-noconfig.cmake
[6.003s] -- Up-to-date: /home/fourdds/ros2_ws/install/boids/share/boids/cmake/export_frame_transformsExport.cmake
[6.003s] -- Up-to-date: /home/fourdds/ros2_ws/install/boids/share/boids/cmake/export_frame_transformsExport-noconfig.cmake
[6.003s] -- Up-to-date: /home/fourdds/ros2_ws/install/boids/share/boids/cmake/rosidl_cmake-extras.cmake
[6.003s] -- Up-to-date: /home/fourdds/ros2_ws/install/boids/share/boids/cmake/ament_cmake_export_include_directories-extras.cmake
[6.003s] -- Up-to-date: /home/fourdds/ros2_ws/install/boids/share/boids/cmake/ament_cmake_export_libraries-extras.cmake
[6.003s] -- Up-to-date: /home/fourdds/ros2_ws/install/boids/share/boids/cmake/ament_cmake_export_targets-extras.cmake
[6.003s] -- Up-to-date: /home/fourdds/ros2_ws/install/boids/share/boids/cmake/rosidl_cmake_export_typesupport_targets-extras.cmake
[6.003s] -- Up-to-date: /home/fourdds/ros2_ws/install/boids/share/boids/cmake/ament_cmake_export_dependencies-extras.cmake
[6.004s] -- Up-to-date: /home/fourdds/ros2_ws/install/boids/share/boids/cmake/rosidl_cmake_export_typesupport_libraries-extras.cmake
[6.004s] -- Up-to-date: /home/fourdds/ros2_ws/install/boids/share/boids/cmake/boidsConfig.cmake
[6.004s] -- Up-to-date: /home/fourdds/ros2_ws/install/boids/share/boids/cmake/boidsConfig-version.cmake
[6.004s] -- Up-to-date: /home/fourdds/ros2_ws/install/boids/share/boids/package.xml
[6.004s] Invoked command in '/home/fourdds/ros2_ws/build/boids' returned '0': CMAKE_PREFIX_PATH=/home/fourdds/ros2_ws/install/px4_msgs:/home/fourdds/ros2_ws/install/uuv_boids:/home/fourdds/ros2_ws/install/px4_ros_com:/home/fourdds/ros2_ws/install/iris-logger:/home/fourdds/ros2_ws/install/boids:/opt/ros/humble LD_LIBRARY_PATH=/home/fourdds/ros2_ws/install/px4_msgs/lib:/home/fourdds/ros2_ws/install/uuv_boids/lib:/home/fourdds/ros2_ws/install/px4_ros_com/lib:/home/fourdds/ros2_ws/install/boids/lib:/usr/lib/x86_64-linux-gnu/gazebo-11/plugins:/opt/ros/humble/opt/rviz_ogre_vendor/lib:/opt/ros/humble/lib/x86_64-linux-gnu:/opt/ros/humble/lib /usr/bin/cmake --install /home/fourdds/ros2_ws/build/boids
