[0.007s] Invoking command in '/home/fourdds/ros2_ws/build/uuv_boids': CMAKE_PREFIX_PATH=/home/fourdds/ros2_ws/install/px4_msgs:/home/fourdds/ros2_ws/install/uuv_boids:/home/fourdds/ros2_ws/install/px4_ros_com:/home/fourdds/ros2_ws/install/iris-logger:/home/fourdds/ros2_ws/install/boids:/opt/ros/humble LD_LIBRARY_PATH=/home/fourdds/ros2_ws/install/px4_msgs/lib:/home/fourdds/ros2_ws/install/uuv_boids/lib:/home/fourdds/ros2_ws/install/px4_ros_com/lib:/home/fourdds/ros2_ws/install/boids/lib:/usr/lib/x86_64-linux-gnu/gazebo-11/plugins:/opt/ros/humble/opt/rviz_ogre_vendor/lib:/opt/ros/humble/lib/x86_64-linux-gnu:/opt/ros/humble/lib /usr/bin/cmake --build /home/fourdds/ros2_ws/build/uuv_boids -- -j24 -l24
[0.030s] [  8%] Built target uuv_boids__rosidl_generator_c
[0.030s] [35m[1mConsolidate compiler generated dependencies of target swarm_spawner[0m
[0.030s] [ 10%] Built target uuv_boids__cpp
[0.032s] [ 15%] Built target frame_transforms
[0.034s] [ 15%] Built target ament_cmake_python_copy_uuv_boids
[0.041s] [ 23%] Built target uuv_boids__rosidl_typesupport_c
[0.042s] [ 34%] [32mBuilding CXX object CMakeFiles/swarm_spawner.dir/src/uav_node.cpp.o[0m
[0.042s] [ 34%] Built target uuv_boids__rosidl_typesupport_fastrtps_c
[0.042s] [ 43%] Built target uuv_boids__rosidl_typesupport_introspection_c
[0.043s] [ 60%] Built target uuv_boids__rosidl_typesupport_cpp
[0.043s] [ 58%] Built target uuv_boids__rosidl_typesupport_introspection_cpp
[0.044s] [ 69%] Built target uuv_boids__rosidl_typesupport_fastrtps_cpp
[0.053s] [ 69%] Built target uuv_boids
[0.061s] [ 71%] Built target uuv_boids__py
[0.071s] [ 78%] Built target uuv_boids__rosidl_generator_py
[0.081s] [ 89%] Built target uuv_boids__rosidl_typesupport_fastrtps_c__pyext
[0.081s] [ 89%] Built target uuv_boids__rosidl_typesupport_introspection_c__pyext
[0.081s] [ 91%] Built target uuv_boids__rosidl_typesupport_c__pyext
[0.130s] running egg_info
[0.137s] writing uuv_boids.egg-info/PKG-INFO
[0.137s] writing dependency_links to uuv_boids.egg-info/dependency_links.txt
[0.137s] writing top-level names to uuv_boids.egg-info/top_level.txt
[0.156s] reading manifest file 'uuv_boids.egg-info/SOURCES.txt'
[0.156s] writing manifest file 'uuv_boids.egg-info/SOURCES.txt'
[0.170s] [ 91%] Built target ament_cmake_python_build_uuv_boids_egg
[14.468s] [ 93%] [32m[1mLinking CXX executable swarm_spawner[0m
[14.634s] [100%] Built target swarm_spawner
[14.640s] Invoked command in '/home/fourdds/ros2_ws/build/uuv_boids' returned '0': CMAKE_PREFIX_PATH=/home/fourdds/ros2_ws/install/px4_msgs:/home/fourdds/ros2_ws/install/uuv_boids:/home/fourdds/ros2_ws/install/px4_ros_com:/home/fourdds/ros2_ws/install/iris-logger:/home/fourdds/ros2_ws/install/boids:/opt/ros/humble LD_LIBRARY_PATH=/home/fourdds/ros2_ws/install/px4_msgs/lib:/home/fourdds/ros2_ws/install/uuv_boids/lib:/home/fourdds/ros2_ws/install/px4_ros_com/lib:/home/fourdds/ros2_ws/install/boids/lib:/usr/lib/x86_64-linux-gnu/gazebo-11/plugins:/opt/ros/humble/opt/rviz_ogre_vendor/lib:/opt/ros/humble/lib/x86_64-linux-gnu:/opt/ros/humble/lib /usr/bin/cmake --build /home/fourdds/ros2_ws/build/uuv_boids -- -j24 -l24
[14.681s] Invoking command in '/home/fourdds/ros2_ws/build/uuv_boids': CMAKE_PREFIX_PATH=/home/fourdds/ros2_ws/install/px4_msgs:/home/fourdds/ros2_ws/install/uuv_boids:/home/fourdds/ros2_ws/install/px4_ros_com:/home/fourdds/ros2_ws/install/iris-logger:/home/fourdds/ros2_ws/install/boids:/opt/ros/humble LD_LIBRARY_PATH=/home/fourdds/ros2_ws/install/px4_msgs/lib:/home/fourdds/ros2_ws/install/uuv_boids/lib:/home/fourdds/ros2_ws/install/px4_ros_com/lib:/home/fourdds/ros2_ws/install/boids/lib:/usr/lib/x86_64-linux-gnu/gazebo-11/plugins:/opt/ros/humble/opt/rviz_ogre_vendor/lib:/opt/ros/humble/lib/x86_64-linux-gnu:/opt/ros/humble/lib /usr/bin/cmake --install /home/fourdds/ros2_ws/build/uuv_boids
[14.684s] -- Install configuration: ""
[14.684s] -- Up-to-date: /home/fourdds/ros2_ws/install/uuv_boids/share/ament_index/resource_index/rosidl_interfaces/uuv_boids
[14.684s] -- Up-to-date: /home/fourdds/ros2_ws/install/uuv_boids/include/uuv_boids/uuv_boids
[14.684s] -- Up-to-date: /home/fourdds/ros2_ws/install/uuv_boids/include/uuv_boids/uuv_boids/msg
[14.684s] -- Up-to-date: /home/fourdds/ros2_ws/install/uuv_boids/include/uuv_boids/uuv_boids/msg/rosidl_generator_c__visibility_control.h
[14.684s] -- Up-to-date: /home/fourdds/ros2_ws/install/uuv_boids/include/uuv_boids/uuv_boids/msg/detail
[14.684s] -- Up-to-date: /home/fourdds/ros2_ws/install/uuv_boids/include/uuv_boids/uuv_boids/msg/detail/flocking__functions.c
[14.684s] -- Up-to-date: /home/fourdds/ros2_ws/install/uuv_boids/include/uuv_boids/uuv_boids/msg/detail/geo_ping__type_support.h
[14.684s] -- Up-to-date: /home/fourdds/ros2_ws/install/uuv_boids/include/uuv_boids/uuv_boids/msg/detail/geo_ping__functions.c
[14.685s] -- Up-to-date: /home/fourdds/ros2_ws/install/uuv_boids/include/uuv_boids/uuv_boids/msg/detail/flocking__functions.h
[14.685s] -- Up-to-date: /home/fourdds/ros2_ws/install/uuv_boids/include/uuv_boids/uuv_boids/msg/detail/flocking__struct.h
[14.685s] -- Up-to-date: /home/fourdds/ros2_ws/install/uuv_boids/include/uuv_boids/uuv_boids/msg/detail/flocking__type_support.h
[14.685s] -- Up-to-date: /home/fourdds/ros2_ws/install/uuv_boids/include/uuv_boids/uuv_boids/msg/detail/geo_ping__struct.h
[14.685s] -- Up-to-date: /home/fourdds/ros2_ws/install/uuv_boids/include/uuv_boids/uuv_boids/msg/detail/geo_ping__functions.h
[14.685s] -- Up-to-date: /home/fourdds/ros2_ws/install/uuv_boids/include/uuv_boids/uuv_boids/msg/geo_ping.h
[14.685s] -- Up-to-date: /home/fourdds/ros2_ws/install/uuv_boids/include/uuv_boids/uuv_boids/msg/flocking.h
[14.685s] -- Up-to-date: /home/fourdds/ros2_ws/install/uuv_boids/share/uuv_boids/environment/library_path.sh
[14.685s] -- Up-to-date: /home/fourdds/ros2_ws/install/uuv_boids/share/uuv_boids/environment/library_path.dsv
[14.685s] -- Up-to-date: /home/fourdds/ros2_ws/install/uuv_boids/lib/libuuv_boids__rosidl_generator_c.so
[14.685s] -- Up-to-date: /home/fourdds/ros2_ws/install/uuv_boids/include/uuv_boids/uuv_boids
[14.685s] -- Up-to-date: /home/fourdds/ros2_ws/install/uuv_boids/include/uuv_boids/uuv_boids/msg
[14.685s] -- Up-to-date: /home/fourdds/ros2_ws/install/uuv_boids/include/uuv_boids/uuv_boids/msg/detail
[14.685s] -- Up-to-date: /home/fourdds/ros2_ws/install/uuv_boids/include/uuv_boids/uuv_boids/msg/detail/geo_ping__rosidl_typesupport_fastrtps_c.h
[14.685s] -- Up-to-date: /home/fourdds/ros2_ws/install/uuv_boids/include/uuv_boids/uuv_boids/msg/detail/flocking__rosidl_typesupport_fastrtps_c.h
[14.685s] -- Up-to-date: /home/fourdds/ros2_ws/install/uuv_boids/include/uuv_boids/uuv_boids/msg/rosidl_typesupport_fastrtps_c__visibility_control.h
[14.685s] -- Up-to-date: /home/fourdds/ros2_ws/install/uuv_boids/lib/libuuv_boids__rosidl_typesupport_fastrtps_c.so
[14.685s] -- Up-to-date: /home/fourdds/ros2_ws/install/uuv_boids/include/uuv_boids/uuv_boids
[14.685s] -- Up-to-date: /home/fourdds/ros2_ws/install/uuv_boids/include/uuv_boids/uuv_boids/msg
[14.685s] -- Up-to-date: /home/fourdds/ros2_ws/install/uuv_boids/include/uuv_boids/uuv_boids/msg/geo_ping.hpp
[14.685s] -- Up-to-date: /home/fourdds/ros2_ws/install/uuv_boids/include/uuv_boids/uuv_boids/msg/detail
[14.685s] -- Up-to-date: /home/fourdds/ros2_ws/install/uuv_boids/include/uuv_boids/uuv_boids/msg/detail/flocking__builder.hpp
[14.685s] -- Up-to-date: /home/fourdds/ros2_ws/install/uuv_boids/include/uuv_boids/uuv_boids/msg/detail/geo_ping__traits.hpp
[14.685s] -- Up-to-date: /home/fourdds/ros2_ws/install/uuv_boids/include/uuv_boids/uuv_boids/msg/detail/flocking__traits.hpp
[14.685s] -- Up-to-date: /home/fourdds/ros2_ws/install/uuv_boids/include/uuv_boids/uuv_boids/msg/detail/geo_ping__builder.hpp
[14.685s] -- Up-to-date: /home/fourdds/ros2_ws/install/uuv_boids/include/uuv_boids/uuv_boids/msg/detail/flocking__struct.hpp
[14.686s] -- Up-to-date: /home/fourdds/ros2_ws/install/uuv_boids/include/uuv_boids/uuv_boids/msg/detail/geo_ping__struct.hpp
[14.686s] -- Up-to-date: /home/fourdds/ros2_ws/install/uuv_boids/include/uuv_boids/uuv_boids/msg/flocking.hpp
[14.686s] -- Up-to-date: /home/fourdds/ros2_ws/install/uuv_boids/include/uuv_boids/uuv_boids
[14.686s] -- Up-to-date: /home/fourdds/ros2_ws/install/uuv_boids/include/uuv_boids/uuv_boids/msg
[14.686s] -- Up-to-date: /home/fourdds/ros2_ws/install/uuv_boids/include/uuv_boids/uuv_boids/msg/detail
[14.686s] -- Up-to-date: /home/fourdds/ros2_ws/install/uuv_boids/include/uuv_boids/uuv_boids/msg/detail/flocking__rosidl_typesupport_fastrtps_cpp.hpp
[14.686s] -- Up-to-date: /home/fourdds/ros2_ws/install/uuv_boids/include/uuv_boids/uuv_boids/msg/detail/geo_ping__rosidl_typesupport_fastrtps_cpp.hpp
[14.686s] -- Up-to-date: /home/fourdds/ros2_ws/install/uuv_boids/include/uuv_boids/uuv_boids/msg/detail/dds_fastrtps
[14.686s] -- Up-to-date: /home/fourdds/ros2_ws/install/uuv_boids/include/uuv_boids/uuv_boids/msg/rosidl_typesupport_fastrtps_cpp__visibility_control.h
[14.686s] -- Up-to-date: /home/fourdds/ros2_ws/install/uuv_boids/lib/libuuv_boids__rosidl_typesupport_fastrtps_cpp.so
[14.686s] -- Up-to-date: /home/fourdds/ros2_ws/install/uuv_boids/include/uuv_boids/uuv_boids
[14.686s] -- Up-to-date: /home/fourdds/ros2_ws/install/uuv_boids/include/uuv_boids/uuv_boids/msg
[14.686s] -- Up-to-date: /home/fourdds/ros2_ws/install/uuv_boids/include/uuv_boids/uuv_boids/msg/detail
[14.686s] -- Up-to-date: /home/fourdds/ros2_ws/install/uuv_boids/include/uuv_boids/uuv_boids/msg/detail/geo_ping__rosidl_typesupport_introspection_c.h
[14.686s] -- Up-to-date: /home/fourdds/ros2_ws/install/uuv_boids/include/uuv_boids/uuv_boids/msg/detail/geo_ping__type_support.c
[14.686s] -- Up-to-date: /home/fourdds/ros2_ws/install/uuv_boids/include/uuv_boids/uuv_boids/msg/detail/flocking__type_support.c
[14.686s] -- Up-to-date: /home/fourdds/ros2_ws/install/uuv_boids/include/uuv_boids/uuv_boids/msg/detail/flocking__rosidl_typesupport_introspection_c.h
[14.686s] -- Up-to-date: /home/fourdds/ros2_ws/install/uuv_boids/include/uuv_boids/uuv_boids/msg/rosidl_typesupport_introspection_c__visibility_control.h
[14.686s] -- Up-to-date: /home/fourdds/ros2_ws/install/uuv_boids/lib/libuuv_boids__rosidl_typesupport_introspection_c.so
[14.686s] -- Up-to-date: /home/fourdds/ros2_ws/install/uuv_boids/lib/libuuv_boids__rosidl_typesupport_c.so
[14.686s] -- Up-to-date: /home/fourdds/ros2_ws/install/uuv_boids/include/uuv_boids/uuv_boids
[14.686s] -- Up-to-date: /home/fourdds/ros2_ws/install/uuv_boids/include/uuv_boids/uuv_boids/msg
[14.686s] -- Up-to-date: /home/fourdds/ros2_ws/install/uuv_boids/include/uuv_boids/uuv_boids/msg/detail
[14.686s] -- Up-to-date: /home/fourdds/ros2_ws/install/uuv_boids/include/uuv_boids/uuv_boids/msg/detail/geo_ping__type_support.cpp
[14.686s] -- Up-to-date: /home/fourdds/ros2_ws/install/uuv_boids/include/uuv_boids/uuv_boids/msg/detail/flocking__rosidl_typesupport_introspection_cpp.hpp
[14.686s] -- Up-to-date: /home/fourdds/ros2_ws/install/uuv_boids/include/uuv_boids/uuv_boids/msg/detail/geo_ping__rosidl_typesupport_introspection_cpp.hpp
[14.686s] -- Up-to-date: /home/fourdds/ros2_ws/install/uuv_boids/include/uuv_boids/uuv_boids/msg/detail/flocking__type_support.cpp
[14.686s] -- Up-to-date: /home/fourdds/ros2_ws/install/uuv_boids/lib/libuuv_boids__rosidl_typesupport_introspection_cpp.so
[14.686s] -- Up-to-date: /home/fourdds/ros2_ws/install/uuv_boids/lib/libuuv_boids__rosidl_typesupport_cpp.so
[14.686s] -- Up-to-date: /home/fourdds/ros2_ws/install/uuv_boids/share/uuv_boids/environment/pythonpath.sh
[14.686s] -- Up-to-date: /home/fourdds/ros2_ws/install/uuv_boids/share/uuv_boids/environment/pythonpath.dsv
[14.686s] -- Up-to-date: /home/fourdds/ros2_ws/install/uuv_boids/local/lib/python3.10/dist-packages/uuv_boids-0.0.0-py3.10.egg-info
[14.686s] -- Installing: /home/fourdds/ros2_ws/install/uuv_boids/local/lib/python3.10/dist-packages/uuv_boids-0.0.0-py3.10.egg-info/dependency_links.txt
[14.686s] -- Installing: /home/fourdds/ros2_ws/install/uuv_boids/local/lib/python3.10/dist-packages/uuv_boids-0.0.0-py3.10.egg-info/SOURCES.txt
[14.687s] -- Installing: /home/fourdds/ros2_ws/install/uuv_boids/local/lib/python3.10/dist-packages/uuv_boids-0.0.0-py3.10.egg-info/PKG-INFO
[14.687s] -- Installing: /home/fourdds/ros2_ws/install/uuv_boids/local/lib/python3.10/dist-packages/uuv_boids-0.0.0-py3.10.egg-info/top_level.txt
[14.687s] -- Up-to-date: /home/fourdds/ros2_ws/install/uuv_boids/local/lib/python3.10/dist-packages/uuv_boids
[14.687s] -- Up-to-date: /home/fourdds/ros2_ws/install/uuv_boids/local/lib/python3.10/dist-packages/uuv_boids/_uuv_boids_s.ep.rosidl_typesupport_c.c
[14.687s] -- Up-to-date: /home/fourdds/ros2_ws/install/uuv_boids/local/lib/python3.10/dist-packages/uuv_boids/libuuv_boids__rosidl_generator_py.so
[14.687s] -- Up-to-date: /home/fourdds/ros2_ws/install/uuv_boids/local/lib/python3.10/dist-packages/uuv_boids/uuv_boids_s__rosidl_typesupport_c.cpython-310-x86_64-linux-gnu.so
[14.687s] -- Up-to-date: /home/fourdds/ros2_ws/install/uuv_boids/local/lib/python3.10/dist-packages/uuv_boids/msg
[14.687s] -- Up-to-date: /home/fourdds/ros2_ws/install/uuv_boids/local/lib/python3.10/dist-packages/uuv_boids/msg/_flocking.py
[14.687s] -- Up-to-date: /home/fourdds/ros2_ws/install/uuv_boids/local/lib/python3.10/dist-packages/uuv_boids/msg/_geo_ping_s.c
[14.687s] -- Up-to-date: /home/fourdds/ros2_ws/install/uuv_boids/local/lib/python3.10/dist-packages/uuv_boids/msg/_flocking_s.c
[14.687s] -- Up-to-date: /home/fourdds/ros2_ws/install/uuv_boids/local/lib/python3.10/dist-packages/uuv_boids/msg/_geo_ping.py
[14.687s] -- Up-to-date: /home/fourdds/ros2_ws/install/uuv_boids/local/lib/python3.10/dist-packages/uuv_boids/msg/__init__.py
[14.687s] -- Up-to-date: /home/fourdds/ros2_ws/install/uuv_boids/local/lib/python3.10/dist-packages/uuv_boids/_uuv_boids_s.ep.rosidl_typesupport_introspection_c.c
[14.687s] -- Up-to-date: /home/fourdds/ros2_ws/install/uuv_boids/local/lib/python3.10/dist-packages/uuv_boids/uuv_boids_s__rosidl_typesupport_introspection_c.cpython-310-x86_64-linux-gnu.so
[14.687s] -- Up-to-date: /home/fourdds/ros2_ws/install/uuv_boids/local/lib/python3.10/dist-packages/uuv_boids/_uuv_boids_s.ep.rosidl_typesupport_fastrtps_c.c
[14.687s] -- Up-to-date: /home/fourdds/ros2_ws/install/uuv_boids/local/lib/python3.10/dist-packages/uuv_boids/uuv_boids_s__rosidl_typesupport_fastrtps_c.cpython-310-x86_64-linux-gnu.so
[14.687s] -- Up-to-date: /home/fourdds/ros2_ws/install/uuv_boids/local/lib/python3.10/dist-packages/uuv_boids/__init__.py
[14.703s] Listing '/home/fourdds/ros2_ws/install/uuv_boids/local/lib/python3.10/dist-packages/uuv_boids'...
[14.703s] Listing '/home/fourdds/ros2_ws/install/uuv_boids/local/lib/python3.10/dist-packages/uuv_boids/msg'...
[14.705s] -- Up-to-date: /home/fourdds/ros2_ws/install/uuv_boids/local/lib/python3.10/dist-packages/uuv_boids/uuv_boids_s__rosidl_typesupport_fastrtps_c.cpython-310-x86_64-linux-gnu.so
[14.705s] -- Up-to-date: /home/fourdds/ros2_ws/install/uuv_boids/local/lib/python3.10/dist-packages/uuv_boids/uuv_boids_s__rosidl_typesupport_introspection_c.cpython-310-x86_64-linux-gnu.so
[14.705s] -- Up-to-date: /home/fourdds/ros2_ws/install/uuv_boids/local/lib/python3.10/dist-packages/uuv_boids/uuv_boids_s__rosidl_typesupport_c.cpython-310-x86_64-linux-gnu.so
[14.705s] -- Up-to-date: /home/fourdds/ros2_ws/install/uuv_boids/lib/libuuv_boids__rosidl_generator_py.so
[14.705s] -- Up-to-date: /home/fourdds/ros2_ws/install/uuv_boids/share/uuv_boids/msg/GeoPing.idl
[14.705s] -- Up-to-date: /home/fourdds/ros2_ws/install/uuv_boids/share/uuv_boids/msg/Flocking.idl
[14.706s] -- Up-to-date: /home/fourdds/ros2_ws/install/uuv_boids/share/uuv_boids/msg/GeoPing.msg
[14.706s] -- Up-to-date: /home/fourdds/ros2_ws/install/uuv_boids/share/uuv_boids/msg/Flocking.msg
[14.706s] -- Installing: /home/fourdds/ros2_ws/install/uuv_boids/lib/uuv_boids/swarm_spawner
[14.707s] -- Set runtime path of "/home/fourdds/ros2_ws/install/uuv_boids/lib/uuv_boids/swarm_spawner" to ""
[14.707s] -- Up-to-date: /home/fourdds/ros2_ws/install/uuv_boids/include/uuv_boids
[14.707s] -- Up-to-date: /home/fourdds/ros2_ws/install/uuv_boids/include/uuv_boids/placeholder.txt:Zone.Identifier
[14.707s] -- Up-to-date: /home/fourdds/ros2_ws/install/uuv_boids/include/uuv_boids/placeholder.txt
[14.707s] -- Up-to-date: /home/fourdds/ros2_ws/install/uuv_boids/include/uuv_boids/placeholder.txt:Zone.Identifier:Zone.Identifier
[14.707s] -- Up-to-date: /home/fourdds/ros2_ws/install/uuv_boids/lib/libframe_transforms.so
[14.707s] -- Up-to-date: /home/fourdds/ros2_ws/install/uuv_boids/share/uuv_boids//launch
[14.707s] -- Up-to-date: /home/fourdds/ros2_ws/install/uuv_boids/share/uuv_boids//launch/boids.launch.py
[14.708s] -- Up-to-date: /home/fourdds/ros2_ws/install/uuv_boids/share/uuv_boids//test
[14.708s] -- Up-to-date: /home/fourdds/ros2_ws/install/uuv_boids/share/uuv_boids//test/placeholder.txt:Zone.Identifier
[14.708s] -- Up-to-date: /home/fourdds/ros2_ws/install/uuv_boids/share/uuv_boids//test/placeholder.txt
[14.708s] -- Up-to-date: /home/fourdds/ros2_ws/install/uuv_boids/share/uuv_boids//test/placeholder.txt:Zone.Identifier:Zone.Identifier
[14.708s] -- Up-to-date: /home/fourdds/ros2_ws/install/uuv_boids/share/ament_index/resource_index/package_run_dependencies/uuv_boids
[14.708s] -- Up-to-date: /home/fourdds/ros2_ws/install/uuv_boids/share/ament_index/resource_index/parent_prefix_path/uuv_boids
[14.708s] -- Up-to-date: /home/fourdds/ros2_ws/install/uuv_boids/share/uuv_boids/environment/ament_prefix_path.sh
[14.708s] -- Up-to-date: /home/fourdds/ros2_ws/install/uuv_boids/share/uuv_boids/environment/ament_prefix_path.dsv
[14.708s] -- Up-to-date: /home/fourdds/ros2_ws/install/uuv_boids/share/uuv_boids/environment/path.sh
[14.708s] -- Up-to-date: /home/fourdds/ros2_ws/install/uuv_boids/share/uuv_boids/environment/path.dsv
[14.708s] -- Up-to-date: /home/fourdds/ros2_ws/install/uuv_boids/share/uuv_boids/local_setup.bash
[14.708s] -- Up-to-date: /home/fourdds/ros2_ws/install/uuv_boids/share/uuv_boids/local_setup.sh
[14.708s] -- Up-to-date: /home/fourdds/ros2_ws/install/uuv_boids/share/uuv_boids/local_setup.zsh
[14.708s] -- Up-to-date: /home/fourdds/ros2_ws/install/uuv_boids/share/uuv_boids/local_setup.dsv
[14.708s] -- Installing: /home/fourdds/ros2_ws/install/uuv_boids/share/uuv_boids/package.dsv
[14.708s] -- Up-to-date: /home/fourdds/ros2_ws/install/uuv_boids/share/ament_index/resource_index/packages/uuv_boids
[14.708s] -- Up-to-date: /home/fourdds/ros2_ws/install/uuv_boids/share/uuv_boids/cmake/export_uuv_boids__rosidl_generator_cExport.cmake
[14.708s] -- Up-to-date: /home/fourdds/ros2_ws/install/uuv_boids/share/uuv_boids/cmake/export_uuv_boids__rosidl_generator_cExport-noconfig.cmake
[14.708s] -- Up-to-date: /home/fourdds/ros2_ws/install/uuv_boids/share/uuv_boids/cmake/export_uuv_boids__rosidl_typesupport_fastrtps_cExport.cmake
[14.708s] -- Up-to-date: /home/fourdds/ros2_ws/install/uuv_boids/share/uuv_boids/cmake/export_uuv_boids__rosidl_typesupport_fastrtps_cExport-noconfig.cmake
[14.708s] -- Up-to-date: /home/fourdds/ros2_ws/install/uuv_boids/share/uuv_boids/cmake/export_uuv_boids__rosidl_generator_cppExport.cmake
[14.708s] -- Up-to-date: /home/fourdds/ros2_ws/install/uuv_boids/share/uuv_boids/cmake/export_uuv_boids__rosidl_typesupport_fastrtps_cppExport.cmake
[14.708s] -- Up-to-date: /home/fourdds/ros2_ws/install/uuv_boids/share/uuv_boids/cmake/export_uuv_boids__rosidl_typesupport_fastrtps_cppExport-noconfig.cmake
[14.708s] -- Up-to-date: /home/fourdds/ros2_ws/install/uuv_boids/share/uuv_boids/cmake/uuv_boids__rosidl_typesupport_introspection_cExport.cmake
[14.708s] -- Up-to-date: /home/fourdds/ros2_ws/install/uuv_boids/share/uuv_boids/cmake/uuv_boids__rosidl_typesupport_introspection_cExport-noconfig.cmake
[14.708s] -- Up-to-date: /home/fourdds/ros2_ws/install/uuv_boids/share/uuv_boids/cmake/uuv_boids__rosidl_typesupport_cExport.cmake
[14.708s] -- Up-to-date: /home/fourdds/ros2_ws/install/uuv_boids/share/uuv_boids/cmake/uuv_boids__rosidl_typesupport_cExport-noconfig.cmake
[14.708s] -- Up-to-date: /home/fourdds/ros2_ws/install/uuv_boids/share/uuv_boids/cmake/uuv_boids__rosidl_typesupport_introspection_cppExport.cmake
[14.708s] -- Up-to-date: /home/fourdds/ros2_ws/install/uuv_boids/share/uuv_boids/cmake/uuv_boids__rosidl_typesupport_introspection_cppExport-noconfig.cmake
[14.708s] -- Up-to-date: /home/fourdds/ros2_ws/install/uuv_boids/share/uuv_boids/cmake/uuv_boids__rosidl_typesupport_cppExport.cmake
[14.708s] -- Up-to-date: /home/fourdds/ros2_ws/install/uuv_boids/share/uuv_boids/cmake/uuv_boids__rosidl_typesupport_cppExport-noconfig.cmake
[14.708s] -- Up-to-date: /home/fourdds/ros2_ws/install/uuv_boids/share/uuv_boids/cmake/export_uuv_boids__rosidl_generator_pyExport.cmake
[14.708s] -- Up-to-date: /home/fourdds/ros2_ws/install/uuv_boids/share/uuv_boids/cmake/export_uuv_boids__rosidl_generator_pyExport-noconfig.cmake
[14.708s] -- Up-to-date: /home/fourdds/ros2_ws/install/uuv_boids/share/uuv_boids/cmake/export_frame_transformsExport.cmake
[14.709s] -- Up-to-date: /home/fourdds/ros2_ws/install/uuv_boids/share/uuv_boids/cmake/export_frame_transformsExport-noconfig.cmake
[14.709s] -- Up-to-date: /home/fourdds/ros2_ws/install/uuv_boids/share/uuv_boids/cmake/rosidl_cmake-extras.cmake
[14.709s] -- Up-to-date: /home/fourdds/ros2_ws/install/uuv_boids/share/uuv_boids/cmake/ament_cmake_export_include_directories-extras.cmake
[14.709s] -- Up-to-date: /home/fourdds/ros2_ws/install/uuv_boids/share/uuv_boids/cmake/ament_cmake_export_libraries-extras.cmake
[14.709s] -- Up-to-date: /home/fourdds/ros2_ws/install/uuv_boids/share/uuv_boids/cmake/ament_cmake_export_targets-extras.cmake
[14.709s] -- Up-to-date: /home/fourdds/ros2_ws/install/uuv_boids/share/uuv_boids/cmake/rosidl_cmake_export_typesupport_targets-extras.cmake
[14.709s] -- Up-to-date: /home/fourdds/ros2_ws/install/uuv_boids/share/uuv_boids/cmake/ament_cmake_export_dependencies-extras.cmake
[14.709s] -- Up-to-date: /home/fourdds/ros2_ws/install/uuv_boids/share/uuv_boids/cmake/rosidl_cmake_export_typesupport_libraries-extras.cmake
[14.709s] -- Up-to-date: /home/fourdds/ros2_ws/install/uuv_boids/share/uuv_boids/cmake/uuv_boidsConfig.cmake
[14.709s] -- Up-to-date: /home/fourdds/ros2_ws/install/uuv_boids/share/uuv_boids/cmake/uuv_boidsConfig-version.cmake
[14.709s] -- Up-to-date: /home/fourdds/ros2_ws/install/uuv_boids/share/uuv_boids/package.xml
[14.710s] Invoked command in '/home/fourdds/ros2_ws/build/uuv_boids' returned '0': CMAKE_PREFIX_PATH=/home/fourdds/ros2_ws/install/px4_msgs:/home/fourdds/ros2_ws/install/uuv_boids:/home/fourdds/ros2_ws/install/px4_ros_com:/home/fourdds/ros2_ws/install/iris-logger:/home/fourdds/ros2_ws/install/boids:/opt/ros/humble LD_LIBRARY_PATH=/home/fourdds/ros2_ws/install/px4_msgs/lib:/home/fourdds/ros2_ws/install/uuv_boids/lib:/home/fourdds/ros2_ws/install/px4_ros_com/lib:/home/fourdds/ros2_ws/install/boids/lib:/usr/lib/x86_64-linux-gnu/gazebo-11/plugins:/opt/ros/humble/opt/rviz_ogre_vendor/lib:/opt/ros/humble/lib/x86_64-linux-gnu:/opt/ros/humble/lib /usr/bin/cmake --install /home/fourdds/ros2_ws/build/uuv_boids
