[35m[1mConsolidate compiler generated dependencies of target Logger[0m
[ 33%] [32mBuilding CXX object CMakeFiles/Logger.dir/src/Logger.cpp.o[0m
[ 66%] [32m[1mLinking CXX executable Logger[0m
[100%] Built target Logger
-- Install configuration: ""
-- Installing: /home/fourdds/ros2_ws/install/iris-logger/lib/iris-logger/Logger
-- Set runtime path of "/home/fourdds/ros2_ws/install/iris-logger/lib/iris-logger/Logger" to ""
-- Up-to-date: /home/fourdds/ros2_ws/install/iris-logger/share/ament_index/resource_index/package_run_dependencies/iris-logger
-- Up-to-date: /home/fourdds/ros2_ws/install/iris-logger/share/ament_index/resource_index/parent_prefix_path/iris-logger
-- Up-to-date: /home/fourdds/ros2_ws/install/iris-logger/share/iris-logger/environment/ament_prefix_path.sh
-- Up-to-date: /home/fourdds/ros2_ws/install/iris-logger/share/iris-logger/environment/ament_prefix_path.dsv
-- Up-to-date: /home/fourdds/ros2_ws/install/iris-logger/share/iris-logger/environment/path.sh
-- Up-to-date: /home/fourdds/ros2_ws/install/iris-logger/share/iris-logger/environment/path.dsv
-- Up-to-date: /home/fourdds/ros2_ws/install/iris-logger/share/iris-logger/local_setup.bash
-- Up-to-date: /home/fourdds/ros2_ws/install/iris-logger/share/iris-logger/local_setup.sh
-- Up-to-date: /home/fourdds/ros2_ws/install/iris-logger/share/iris-logger/local_setup.zsh
-- Up-to-date: /home/fourdds/ros2_ws/install/iris-logger/share/iris-logger/local_setup.dsv
-- Installing: /home/fourdds/ros2_ws/install/iris-logger/share/iris-logger/package.dsv
-- Up-to-date: /home/fourdds/ros2_ws/install/iris-logger/share/ament_index/resource_index/packages/iris-logger
-- Up-to-date: /home/fourdds/ros2_ws/install/iris-logger/share/iris-logger/cmake/iris-loggerConfig.cmake
-- Up-to-date: /home/fourdds/ros2_ws/install/iris-logger/share/iris-logger/cmake/iris-loggerConfig-version.cmake
-- Up-to-date: /home/fourdds/ros2_ws/install/iris-logger/share/iris-logger/package.xml
