[0.016s] Invoking command in '/home/fourdds/ros2_ws/build/drone': CMAKE_PREFIX_PATH=/opt/ros/humble /usr/bin/cmake --build /home/fourdds/ros2_ws/build/drone -- -j16 -l16
[0.061s] [35m[1mConsolidate compiler generated dependencies of target Drone[0m
[0.096s] [ 33%] [32mBuilding CXX object CMakeFiles/Drone.dir/src/Drone.cpp.o[0m
[0.099s] [ 66%] [32mBuilding CXX object CMakeFiles/Drone.dir/src/main.cpp.o[0m
[6.996s] [01m[K/home/fourdds/ros2_ws/src/drone/src/Drone.cpp:[m[K In member function ‘[01m[Kvoid fdds::Drone::sendVelocity(const Vector2d&, float)[m[K’:
[6.996s] [01m[K/home/fourdds/ros2_ws/src/drone/src/Drone.cpp:404:43:[m[K [01;31m[Kerror: [m[Kcannot convert ‘[01m[Kdouble (*)(const char*) noexcept[m[K’ to ‘[01m[Kfloat[m[K’ in initialization
[6.996s]   404 | y = std::array<float, 3>{1,[01;31m[Knan[m[K,nan};
[6.996s]       |                            [01;31m[K^~~[m[K
[6.997s]       |                            [01;31m[K|[m[K
[6.997s]       |                            [01;31m[Kdouble (*)(const char*) noexcept[m[K
[6.997s] 
[6.997s] [01m[K/home/fourdds/ros2_ws/src/drone/src/Drone.cpp:404:47:[m[K [01;31m[Kerror: [m[Kcannot convert ‘[01m[Kdouble (*)(const char*) noexcept[m[K’ to ‘[01m[Kfloat[m[K’ in initialization
[6.997s]   404 | y = std::array<float, 3>{1,nan,[01;31m[Knan[m[K};
[6.997s]       |                                [01;31m[K^~~[m[K
[6.997s]       |                                [01;31m[K|[m[K
[6.997s]       |                                [01;31m[Kdouble (*)(const char*) noexcept[m[K
[6.998s] 
[20.391s] gmake[2]: *** [CMakeFiles/Drone.dir/build.make:76: CMakeFiles/Drone.dir/src/Drone.cpp.o] Error 1
[20.391s] gmake[2]: *** Waiting for unfinished jobs....
[22.624s] gmake[1]: *** [CMakeFiles/Makefile2:137: CMakeFiles/Drone.dir/all] Error 2
[22.624s] gmake: *** [Makefile:146: all] Error 2
[22.628s] Invoked command in '/home/fourdds/ros2_ws/build/drone' returned '2': CMAKE_PREFIX_PATH=/opt/ros/humble /usr/bin/cmake --build /home/fourdds/ros2_ws/build/drone -- -j16 -l16
