[0.495s] Invoking command in '/home/fourdds/ros2_ws/build/fdds_messages': CMAKE_PREFIX_PATH=/opt/ros/humble /usr/bin/cmake --build /home/fourdds/ros2_ws/build/fdds_messages -- -j16 -l16
[0.682s] [  2%] Built target fdds_messages__cpp
[0.694s] [ 12%] Built target fdds_messages__rosidl_generator_c
[0.708s] [ 12%] Built target ament_cmake_python_symlink_fdds_messages
[0.778s] [ 33%] Built target fdds_messages__rosidl_typesupport_introspection_cpp
[0.779s] [ 33%] Built target fdds_messages__rosidl_typesupport_fastrtps_cpp
[0.779s] [ 43%] Built target fdds_messages__rosidl_typesupport_introspection_c
[0.811s] [ 53%] Built target fdds_messages__rosidl_typesupport_fastrtps_c
[0.814s] [ 71%] Built target fdds_messages__rosidl_typesupport_cpp
[0.815s] [ 74%] Built target fdds_messages__rosidl_typesupport_c
[0.856s] [ 74%] Built target fdds_messages
[0.937s] [ 76%] Built target fdds_messages__py
[0.980s] [ 84%] Built target fdds_messages__rosidl_generator_py
[1.037s] [ 94%] Built target fdds_messages__rosidl_typesupport_c__pyext
[1.038s] [ 94%] Built target fdds_messages__rosidl_typesupport_fastrtps_c__pyext
[1.039s] [100%] Built target fdds_messages__rosidl_typesupport_introspection_c__pyext
[1.228s] running egg_info
[1.259s] writing fdds_messages.egg-info/PKG-INFO
[1.262s] writing dependency_links to fdds_messages.egg-info/dependency_links.txt
[1.265s] writing top-level names to fdds_messages.egg-info/top_level.txt
[1.358s] reading manifest file 'fdds_messages.egg-info/SOURCES.txt'
[1.362s] writing manifest file 'fdds_messages.egg-info/SOURCES.txt'
[1.512s] [100%] Built target ament_cmake_python_build_fdds_messages_egg
[1.548s] Invoked command in '/home/fourdds/ros2_ws/build/fdds_messages' returned '0': CMAKE_PREFIX_PATH=/opt/ros/humble /usr/bin/cmake --build /home/fourdds/ros2_ws/build/fdds_messages -- -j16 -l16
[1.745s] Invoking command in '/home/fourdds/ros2_ws/build/fdds_messages': CMAKE_PREFIX_PATH=/opt/ros/humble /usr/bin/cmake --install /home/fourdds/ros2_ws/build/fdds_messages
[1.756s] -- Install configuration: ""
[1.758s] -- Execute custom install script
[1.759s] -- Up-to-date symlink: /home/fourdds/ros2_ws/install/fdds_messages/share/ament_index/resource_index/rosidl_interfaces/fdds_messages
[1.761s] -- Up-to-date symlink: /home/fourdds/ros2_ws/install/fdds_messages/include/fdds_messages/fdds_messages/msg/detail/flocking__functions.h
[1.762s] -- Up-to-date symlink: /home/fourdds/ros2_ws/install/fdds_messages/include/fdds_messages/fdds_messages/msg/detail/flocking__struct.h
[1.764s] -- Up-to-date symlink: /home/fourdds/ros2_ws/install/fdds_messages/include/fdds_messages/fdds_messages/msg/detail/flocking__type_support.h
[1.765s] -- Up-to-date symlink: /home/fourdds/ros2_ws/install/fdds_messages/include/fdds_messages/fdds_messages/msg/detail/geo_ping__functions.h
[1.766s] -- Up-to-date symlink: /home/fourdds/ros2_ws/install/fdds_messages/include/fdds_messages/fdds_messages/msg/detail/geo_ping__struct.h
[1.768s] -- Up-to-date symlink: /home/fourdds/ros2_ws/install/fdds_messages/include/fdds_messages/fdds_messages/msg/detail/geo_ping__type_support.h
[1.768s] -- Up-to-date symlink: /home/fourdds/ros2_ws/install/fdds_messages/include/fdds_messages/fdds_messages/msg/flocking.h
[1.770s] -- Up-to-date symlink: /home/fourdds/ros2_ws/install/fdds_messages/include/fdds_messages/fdds_messages/msg/geo_ping.h
[1.771s] -- Up-to-date symlink: /home/fourdds/ros2_ws/install/fdds_messages/include/fdds_messages/fdds_messages/msg/rosidl_generator_c__visibility_control.h
[1.772s] -- Up-to-date symlink: /home/fourdds/ros2_ws/install/fdds_messages/share/fdds_messages/environment/library_path.sh
[1.773s] -- Up-to-date symlink: /home/fourdds/ros2_ws/install/fdds_messages/share/fdds_messages/environment/library_path.dsv
[1.777s] -- Up-to-date symlink: /home/fourdds/ros2_ws/install/fdds_messages/include/fdds_messages/fdds_messages/msg/detail/flocking__rosidl_typesupport_fastrtps_c.h
[1.782s] -- Up-to-date symlink: /home/fourdds/ros2_ws/install/fdds_messages/include/fdds_messages/fdds_messages/msg/detail/geo_ping__rosidl_typesupport_fastrtps_c.h
[1.784s] -- Up-to-date symlink: /home/fourdds/ros2_ws/install/fdds_messages/include/fdds_messages/fdds_messages/msg/rosidl_typesupport_fastrtps_c__visibility_control.h
[1.785s] -- Up-to-date symlink: /home/fourdds/ros2_ws/install/fdds_messages/include/fdds_messages/fdds_messages/msg/detail/flocking__rosidl_typesupport_introspection_c.h
[1.785s] -- Up-to-date symlink: /home/fourdds/ros2_ws/install/fdds_messages/include/fdds_messages/fdds_messages/msg/detail/geo_ping__rosidl_typesupport_introspection_c.h
[1.785s] -- Up-to-date symlink: /home/fourdds/ros2_ws/install/fdds_messages/include/fdds_messages/fdds_messages/msg/rosidl_typesupport_introspection_c__visibility_control.h
[1.785s] -- Up-to-date symlink: /home/fourdds/ros2_ws/install/fdds_messages/include/fdds_messages/fdds_messages/msg/detail/flocking__builder.hpp
[1.785s] -- Up-to-date symlink: /home/fourdds/ros2_ws/install/fdds_messages/include/fdds_messages/fdds_messages/msg/detail/flocking__struct.hpp
[1.785s] -- Up-to-date symlink: /home/fourdds/ros2_ws/install/fdds_messages/include/fdds_messages/fdds_messages/msg/detail/flocking__traits.hpp
[1.785s] -- Up-to-date symlink: /home/fourdds/ros2_ws/install/fdds_messages/include/fdds_messages/fdds_messages/msg/detail/geo_ping__builder.hpp
[1.786s] -- Up-to-date symlink: /home/fourdds/ros2_ws/install/fdds_messages/include/fdds_messages/fdds_messages/msg/detail/geo_ping__struct.hpp
[1.786s] -- Up-to-date symlink: /home/fourdds/ros2_ws/install/fdds_messages/include/fdds_messages/fdds_messages/msg/detail/geo_ping__traits.hpp
[1.786s] -- Up-to-date symlink: /home/fourdds/ros2_ws/install/fdds_messages/include/fdds_messages/fdds_messages/msg/flocking.hpp
[1.786s] -- Up-to-date symlink: /home/fourdds/ros2_ws/install/fdds_messages/include/fdds_messages/fdds_messages/msg/geo_ping.hpp
[1.787s] -- Up-to-date symlink: /home/fourdds/ros2_ws/install/fdds_messages/include/fdds_messages/fdds_messages/msg/detail/flocking__rosidl_typesupport_fastrtps_cpp.hpp
[1.787s] -- Up-to-date symlink: /home/fourdds/ros2_ws/install/fdds_messages/include/fdds_messages/fdds_messages/msg/detail/geo_ping__rosidl_typesupport_fastrtps_cpp.hpp
[1.788s] -- Up-to-date symlink: /home/fourdds/ros2_ws/install/fdds_messages/include/fdds_messages/fdds_messages/msg/rosidl_typesupport_fastrtps_cpp__visibility_control.h
[1.790s] -- Up-to-date symlink: /home/fourdds/ros2_ws/install/fdds_messages/include/fdds_messages/fdds_messages/msg/detail/flocking__rosidl_typesupport_introspection_cpp.hpp
[1.791s] -- Up-to-date symlink: /home/fourdds/ros2_ws/install/fdds_messages/include/fdds_messages/fdds_messages/msg/detail/geo_ping__rosidl_typesupport_introspection_cpp.hpp
[1.792s] -- Up-to-date symlink: /home/fourdds/ros2_ws/install/fdds_messages/share/fdds_messages/environment/pythonpath.sh
[1.792s] -- Up-to-date symlink: /home/fourdds/ros2_ws/install/fdds_messages/share/fdds_messages/environment/pythonpath.dsv
[1.794s] -- Up-to-date symlink: /home/fourdds/ros2_ws/install/fdds_messages/local/lib/python3.10/dist-packages/fdds_messages-0.0.0-py3.10.egg-info/PKG-INFO
[1.796s] -- Up-to-date symlink: /home/fourdds/ros2_ws/install/fdds_messages/local/lib/python3.10/dist-packages/fdds_messages-0.0.0-py3.10.egg-info/SOURCES.txt
[1.798s] -- Up-to-date symlink: /home/fourdds/ros2_ws/install/fdds_messages/local/lib/python3.10/dist-packages/fdds_messages-0.0.0-py3.10.egg-info/dependency_links.txt
[1.798s] -- Up-to-date symlink: /home/fourdds/ros2_ws/install/fdds_messages/local/lib/python3.10/dist-packages/fdds_messages-0.0.0-py3.10.egg-info/top_level.txt
[1.800s] -- Up-to-date symlink: /home/fourdds/ros2_ws/install/fdds_messages/local/lib/python3.10/dist-packages/fdds_messages/__init__.py
[1.802s] -- Up-to-date symlink: /home/fourdds/ros2_ws/install/fdds_messages/local/lib/python3.10/dist-packages/fdds_messages/_fdds_messages_s.ep.rosidl_typesupport_c.c
[1.806s] -- Up-to-date symlink: /home/fourdds/ros2_ws/install/fdds_messages/local/lib/python3.10/dist-packages/fdds_messages/_fdds_messages_s.ep.rosidl_typesupport_fastrtps_c.c
[1.807s] -- Up-to-date symlink: /home/fourdds/ros2_ws/install/fdds_messages/local/lib/python3.10/dist-packages/fdds_messages/_fdds_messages_s.ep.rosidl_typesupport_introspection_c.c
[1.809s] -- Up-to-date symlink: /home/fourdds/ros2_ws/install/fdds_messages/local/lib/python3.10/dist-packages/fdds_messages/fdds_messages_s__rosidl_typesupport_c.cpython-310-x86_64-linux-gnu.so
[1.810s] -- Up-to-date symlink: /home/fourdds/ros2_ws/install/fdds_messages/local/lib/python3.10/dist-packages/fdds_messages/fdds_messages_s__rosidl_typesupport_fastrtps_c.cpython-310-x86_64-linux-gnu.so
[1.810s] -- Up-to-date symlink: /home/fourdds/ros2_ws/install/fdds_messages/local/lib/python3.10/dist-packages/fdds_messages/fdds_messages_s__rosidl_typesupport_introspection_c.cpython-310-x86_64-linux-gnu.so
[1.811s] -- Up-to-date symlink: /home/fourdds/ros2_ws/install/fdds_messages/local/lib/python3.10/dist-packages/fdds_messages/libfdds_messages__rosidl_generator_py.so
[1.812s] -- Up-to-date symlink: /home/fourdds/ros2_ws/install/fdds_messages/local/lib/python3.10/dist-packages/fdds_messages/msg/__init__.py
[1.814s] -- Up-to-date symlink: /home/fourdds/ros2_ws/install/fdds_messages/local/lib/python3.10/dist-packages/fdds_messages/msg/_flocking.py
[1.819s] -- Up-to-date symlink: /home/fourdds/ros2_ws/install/fdds_messages/local/lib/python3.10/dist-packages/fdds_messages/msg/_flocking_s.c
[1.822s] -- Up-to-date symlink: /home/fourdds/ros2_ws/install/fdds_messages/local/lib/python3.10/dist-packages/fdds_messages/msg/_geo_ping.py
[1.823s] -- Up-to-date symlink: /home/fourdds/ros2_ws/install/fdds_messages/local/lib/python3.10/dist-packages/fdds_messages/msg/_geo_ping_s.c
[1.823s] -- Up-to-date symlink: /home/fourdds/ros2_ws/install/fdds_messages/local/lib/python3.10/dist-packages/fdds_messages/fdds_messages_s__rosidl_typesupport_fastrtps_c.cpython-310-x86_64-linux-gnu.so
[1.823s] -- Up-to-date symlink: /home/fourdds/ros2_ws/install/fdds_messages/local/lib/python3.10/dist-packages/fdds_messages/fdds_messages_s__rosidl_typesupport_introspection_c.cpython-310-x86_64-linux-gnu.so
[1.824s] -- Up-to-date symlink: /home/fourdds/ros2_ws/install/fdds_messages/local/lib/python3.10/dist-packages/fdds_messages/fdds_messages_s__rosidl_typesupport_c.cpython-310-x86_64-linux-gnu.so
[1.824s] -- Up-to-date symlink: /home/fourdds/ros2_ws/install/fdds_messages/share/fdds_messages/msg/GeoPing.idl
[1.825s] -- Up-to-date symlink: /home/fourdds/ros2_ws/install/fdds_messages/share/fdds_messages/msg/Flocking.idl
[1.827s] -- Up-to-date symlink: /home/fourdds/ros2_ws/install/fdds_messages/share/fdds_messages/msg/GeoPing.msg
[1.828s] -- Up-to-date symlink: /home/fourdds/ros2_ws/install/fdds_messages/share/fdds_messages/msg/Flocking.msg
[1.828s] -- Up-to-date symlink: /home/fourdds/ros2_ws/install/fdds_messages/share/ament_index/resource_index/package_run_dependencies/fdds_messages
[1.828s] -- Up-to-date symlink: /home/fourdds/ros2_ws/install/fdds_messages/share/ament_index/resource_index/parent_prefix_path/fdds_messages
[1.830s] -- Up-to-date symlink: /home/fourdds/ros2_ws/install/fdds_messages/share/fdds_messages/environment/ament_prefix_path.sh
[1.831s] -- Up-to-date symlink: /home/fourdds/ros2_ws/install/fdds_messages/share/fdds_messages/environment/ament_prefix_path.dsv
[1.832s] -- Up-to-date symlink: /home/fourdds/ros2_ws/install/fdds_messages/share/fdds_messages/environment/path.sh
[1.832s] -- Up-to-date symlink: /home/fourdds/ros2_ws/install/fdds_messages/share/fdds_messages/environment/path.dsv
[1.835s] -- Up-to-date symlink: /home/fourdds/ros2_ws/install/fdds_messages/share/fdds_messages/local_setup.bash
[1.835s] -- Up-to-date symlink: /home/fourdds/ros2_ws/install/fdds_messages/share/fdds_messages/local_setup.sh
[1.835s] -- Up-to-date symlink: /home/fourdds/ros2_ws/install/fdds_messages/share/fdds_messages/local_setup.zsh
[1.836s] -- Up-to-date symlink: /home/fourdds/ros2_ws/install/fdds_messages/share/fdds_messages/local_setup.dsv
[1.836s] -- Symlinking: /home/fourdds/ros2_ws/install/fdds_messages/share/fdds_messages/package.dsv
[1.853s] -- Up-to-date symlink: /home/fourdds/ros2_ws/install/fdds_messages/share/ament_index/resource_index/packages/fdds_messages
[1.854s] -- Up-to-date symlink: /home/fourdds/ros2_ws/install/fdds_messages/share/fdds_messages/cmake/rosidl_cmake-extras.cmake
[1.855s] -- Up-to-date symlink: /home/fourdds/ros2_ws/install/fdds_messages/share/fdds_messages/cmake/ament_cmake_export_include_directories-extras.cmake
[1.855s] -- Up-to-date symlink: /home/fourdds/ros2_ws/install/fdds_messages/share/fdds_messages/cmake/ament_cmake_export_libraries-extras.cmake
[1.856s] -- Up-to-date symlink: /home/fourdds/ros2_ws/install/fdds_messages/share/fdds_messages/cmake/ament_cmake_export_targets-extras.cmake
[1.857s] -- Up-to-date symlink: /home/fourdds/ros2_ws/install/fdds_messages/share/fdds_messages/cmake/rosidl_cmake_export_typesupport_targets-extras.cmake
[1.857s] -- Up-to-date symlink: /home/fourdds/ros2_ws/install/fdds_messages/share/fdds_messages/cmake/ament_cmake_export_dependencies-extras.cmake
[1.858s] -- Up-to-date symlink: /home/fourdds/ros2_ws/install/fdds_messages/share/fdds_messages/cmake/rosidl_cmake_export_typesupport_libraries-extras.cmake
[1.858s] -- Up-to-date symlink: /home/fourdds/ros2_ws/install/fdds_messages/share/fdds_messages/cmake/fdds_messagesConfig.cmake
[1.858s] -- Up-to-date symlink: /home/fourdds/ros2_ws/install/fdds_messages/share/fdds_messages/cmake/fdds_messagesConfig-version.cmake
[1.858s] -- Up-to-date symlink: /home/fourdds/ros2_ws/install/fdds_messages/share/fdds_messages/package.xml
[1.859s] -- Up-to-date: /home/fourdds/ros2_ws/install/fdds_messages/lib/libfdds_messages__rosidl_generator_c.so
[1.860s] -- Up-to-date: /home/fourdds/ros2_ws/install/fdds_messages/lib/libfdds_messages__rosidl_typesupport_fastrtps_c.so
[1.862s] -- Up-to-date: /home/fourdds/ros2_ws/install/fdds_messages/lib/libfdds_messages__rosidl_typesupport_introspection_c.so
[1.864s] -- Up-to-date: /home/fourdds/ros2_ws/install/fdds_messages/lib/libfdds_messages__rosidl_typesupport_c.so
[1.865s] -- Up-to-date: /home/fourdds/ros2_ws/install/fdds_messages/lib/libfdds_messages__rosidl_typesupport_fastrtps_cpp.so
[1.865s] -- Up-to-date: /home/fourdds/ros2_ws/install/fdds_messages/lib/libfdds_messages__rosidl_typesupport_introspection_cpp.so
[1.865s] -- Up-to-date: /home/fourdds/ros2_ws/install/fdds_messages/lib/libfdds_messages__rosidl_typesupport_cpp.so
[1.921s] Listing '/home/fourdds/ros2_ws/install/fdds_messages/local/lib/python3.10/dist-packages/fdds_messages'...
[1.921s] Listing '/home/fourdds/ros2_ws/install/fdds_messages/local/lib/python3.10/dist-packages/fdds_messages/msg'...
[1.934s] -- Up-to-date: /home/fourdds/ros2_ws/install/fdds_messages/lib/libfdds_messages__rosidl_generator_py.so
[1.937s] -- Up-to-date: /home/fourdds/ros2_ws/install/fdds_messages/share/fdds_messages/cmake/export_fdds_messages__rosidl_generator_cExport.cmake
[1.937s] -- Up-to-date: /home/fourdds/ros2_ws/install/fdds_messages/share/fdds_messages/cmake/export_fdds_messages__rosidl_generator_cExport-noconfig.cmake
[1.940s] -- Up-to-date: /home/fourdds/ros2_ws/install/fdds_messages/share/fdds_messages/cmake/export_fdds_messages__rosidl_typesupport_fastrtps_cExport.cmake
[1.940s] -- Up-to-date: /home/fourdds/ros2_ws/install/fdds_messages/share/fdds_messages/cmake/export_fdds_messages__rosidl_typesupport_fastrtps_cExport-noconfig.cmake
[1.941s] -- Up-to-date: /home/fourdds/ros2_ws/install/fdds_messages/share/fdds_messages/cmake/fdds_messages__rosidl_typesupport_introspection_cExport.cmake
[1.941s] -- Up-to-date: /home/fourdds/ros2_ws/install/fdds_messages/share/fdds_messages/cmake/fdds_messages__rosidl_typesupport_introspection_cExport-noconfig.cmake
[1.943s] -- Up-to-date: /home/fourdds/ros2_ws/install/fdds_messages/share/fdds_messages/cmake/fdds_messages__rosidl_typesupport_cExport.cmake
[1.943s] -- Up-to-date: /home/fourdds/ros2_ws/install/fdds_messages/share/fdds_messages/cmake/fdds_messages__rosidl_typesupport_cExport-noconfig.cmake
[1.944s] -- Up-to-date: /home/fourdds/ros2_ws/install/fdds_messages/share/fdds_messages/cmake/export_fdds_messages__rosidl_generator_cppExport.cmake
[1.947s] -- Up-to-date: /home/fourdds/ros2_ws/install/fdds_messages/share/fdds_messages/cmake/export_fdds_messages__rosidl_typesupport_fastrtps_cppExport.cmake
[1.948s] -- Up-to-date: /home/fourdds/ros2_ws/install/fdds_messages/share/fdds_messages/cmake/export_fdds_messages__rosidl_typesupport_fastrtps_cppExport-noconfig.cmake
[1.949s] -- Up-to-date: /home/fourdds/ros2_ws/install/fdds_messages/share/fdds_messages/cmake/fdds_messages__rosidl_typesupport_introspection_cppExport.cmake
[1.949s] -- Up-to-date: /home/fourdds/ros2_ws/install/fdds_messages/share/fdds_messages/cmake/fdds_messages__rosidl_typesupport_introspection_cppExport-noconfig.cmake
[1.951s] -- Up-to-date: /home/fourdds/ros2_ws/install/fdds_messages/share/fdds_messages/cmake/fdds_messages__rosidl_typesupport_cppExport.cmake
[1.951s] -- Up-to-date: /home/fourdds/ros2_ws/install/fdds_messages/share/fdds_messages/cmake/fdds_messages__rosidl_typesupport_cppExport-noconfig.cmake
[1.953s] -- Up-to-date: /home/fourdds/ros2_ws/install/fdds_messages/share/fdds_messages/cmake/export_fdds_messages__rosidl_generator_pyExport.cmake
[1.953s] -- Up-to-date: /home/fourdds/ros2_ws/install/fdds_messages/share/fdds_messages/cmake/export_fdds_messages__rosidl_generator_pyExport-noconfig.cmake
