[0.064s] DEBUG:colcon:Command line arguments: ['/usr/bin/colcon', 'build']
[0.064s] DEBUG:colcon:Parsed command line arguments: Namespace(log_base=None, log_level=None, verb_name='build', build_base='build', install_base='install', merge_install=False, symlink_install=False, test_result_base=None, continue_on_error=False, executor='parallel', parallel_workers=24, event_handlers=None, ignore_user_meta=False, metas=['./colcon.meta'], base_paths=['.'], packages_ignore=None, packages_ignore_regex=None, paths=None, packages_up_to=None, packages_up_to_regex=None, packages_above=None, packages_above_and_dependencies=None, packages_above_depth=None, packages_select_by_dep=None, packages_skip_by_dep=None, packages_skip_up_to=None, packages_select_build_failed=False, packages_skip_build_finished=False, packages_select_test_failures=False, packages_skip_test_passed=False, packages_select=None, packages_skip=None, packages_select_regex=None, packages_skip_regex=None, packages_start=None, packages_end=None, allow_overriding=[], cmake_args=None, cmake_target=None, cmake_target_skip_unavailable=False, cmake_clean_cache=False, cmake_clean_first=False, cmake_force_configure=False, ament_cmake_args=None, catkin_cmake_args=None, catkin_skip_building_tests=False, verb_parser=<colcon_defaults.argument_parser.defaults.DefaultArgumentsDecorator object at 0x7f42b5c8c490>, verb_extension=<colcon_core.verb.build.BuildVerb object at 0x7f42b5d85240>, main=<bound method BuildVerb.main of <colcon_core.verb.build.BuildVerb object at 0x7f42b5d85240>>)
[0.090s] Level 1:colcon.colcon_core.package_discovery:discover_packages(colcon_meta) check parameters
[0.090s] Level 1:colcon.colcon_core.package_discovery:discover_packages(recursive) check parameters
[0.090s] Level 1:colcon.colcon_core.package_discovery:discover_packages(ignore) check parameters
[0.090s] Level 1:colcon.colcon_core.package_discovery:discover_packages(path) check parameters
[0.090s] Level 1:colcon.colcon_core.package_discovery:discover_packages(colcon_meta) discover
[0.090s] Level 1:colcon.colcon_core.package_discovery:discover_packages(recursive) discover
[0.090s] INFO:colcon.colcon_core.package_discovery:Crawling recursively for packages in '/home/fourdds/ros2_ws'
[0.091s] Level 1:colcon.colcon_core.package_identification:_identify(.) by extensions ['ignore', 'ignore_ament_install']
[0.091s] Level 1:colcon.colcon_core.package_identification:_identify(.) by extension 'ignore'
[0.091s] Level 1:colcon.colcon_core.package_identification:_identify(.) by extension 'ignore_ament_install'
[0.091s] Level 1:colcon.colcon_core.package_identification:_identify(.) by extensions ['colcon_pkg']
[0.091s] Level 1:colcon.colcon_core.package_identification:_identify(.) by extension 'colcon_pkg'
[0.091s] Level 1:colcon.colcon_core.package_identification:_identify(.) by extensions ['colcon_meta']
[0.091s] Level 1:colcon.colcon_core.package_identification:_identify(.) by extension 'colcon_meta'
[0.091s] Level 1:colcon.colcon_core.package_identification:_identify(.) by extensions ['ros']
[0.091s] Level 1:colcon.colcon_core.package_identification:_identify(.) by extension 'ros'
[0.100s] Level 1:colcon.colcon_core.package_identification:_identify(.) by extensions ['cmake', 'python']
[0.101s] Level 1:colcon.colcon_core.package_identification:_identify(.) by extension 'cmake'
[0.101s] Level 1:colcon.colcon_core.package_identification:_identify(.) by extension 'python'
[0.101s] Level 1:colcon.colcon_core.package_identification:_identify(.) by extensions ['python_setup_py']
[0.101s] Level 1:colcon.colcon_core.package_identification:_identify(.) by extension 'python_setup_py'
[0.101s] Level 1:colcon.colcon_core.package_identification:_identify(build) by extensions ['ignore', 'ignore_ament_install']
[0.101s] Level 1:colcon.colcon_core.package_identification:_identify(build) by extension 'ignore'
[0.101s] Level 1:colcon.colcon_core.package_identification:_identify(build) ignored
[0.101s] Level 1:colcon.colcon_core.package_identification:_identify(install) by extensions ['ignore', 'ignore_ament_install']
[0.101s] Level 1:colcon.colcon_core.package_identification:_identify(install) by extension 'ignore'
[0.101s] Level 1:colcon.colcon_core.package_identification:_identify(install) ignored
[0.101s] Level 1:colcon.colcon_core.package_identification:_identify(log) by extensions ['ignore', 'ignore_ament_install']
[0.101s] Level 1:colcon.colcon_core.package_identification:_identify(log) by extension 'ignore'
[0.101s] Level 1:colcon.colcon_core.package_identification:_identify(log) ignored
[0.101s] Level 1:colcon.colcon_core.package_identification:_identify(src) by extensions ['ignore', 'ignore_ament_install']
[0.101s] Level 1:colcon.colcon_core.package_identification:_identify(src) by extension 'ignore'
[0.101s] Level 1:colcon.colcon_core.package_identification:_identify(src) by extension 'ignore_ament_install'
[0.101s] Level 1:colcon.colcon_core.package_identification:_identify(src) by extensions ['colcon_pkg']
[0.101s] Level 1:colcon.colcon_core.package_identification:_identify(src) by extension 'colcon_pkg'
[0.102s] Level 1:colcon.colcon_core.package_identification:_identify(src) by extensions ['colcon_meta']
[0.102s] Level 1:colcon.colcon_core.package_identification:_identify(src) by extension 'colcon_meta'
[0.102s] Level 1:colcon.colcon_core.package_identification:_identify(src) by extensions ['ros']
[0.102s] Level 1:colcon.colcon_core.package_identification:_identify(src) by extension 'ros'
[0.102s] Level 1:colcon.colcon_core.package_identification:_identify(src) by extensions ['cmake', 'python']
[0.102s] Level 1:colcon.colcon_core.package_identification:_identify(src) by extension 'cmake'
[0.102s] Level 1:colcon.colcon_core.package_identification:_identify(src) by extension 'python'
[0.102s] Level 1:colcon.colcon_core.package_identification:_identify(src) by extensions ['python_setup_py']
[0.102s] Level 1:colcon.colcon_core.package_identification:_identify(src) by extension 'python_setup_py'
[0.102s] Level 1:colcon.colcon_core.package_identification:_identify(src/boids) by extensions ['ignore', 'ignore_ament_install']
[0.102s] Level 1:colcon.colcon_core.package_identification:_identify(src/boids) by extension 'ignore'
[0.102s] Level 1:colcon.colcon_core.package_identification:_identify(src/boids) by extension 'ignore_ament_install'
[0.102s] Level 1:colcon.colcon_core.package_identification:_identify(src/boids) by extensions ['colcon_pkg']
[0.102s] Level 1:colcon.colcon_core.package_identification:_identify(src/boids) by extension 'colcon_pkg'
[0.102s] Level 1:colcon.colcon_core.package_identification:_identify(src/boids) by extensions ['colcon_meta']
[0.102s] Level 1:colcon.colcon_core.package_identification:_identify(src/boids) by extension 'colcon_meta'
[0.102s] Level 1:colcon.colcon_core.package_identification:_identify(src/boids) by extensions ['ros']
[0.102s] Level 1:colcon.colcon_core.package_identification:_identify(src/boids) by extension 'ros'
[0.104s] DEBUG:colcon.colcon_core.package_identification:Package 'src/boids' with type 'ros.ament_cmake' and name 'boids'
[0.104s] Level 1:colcon.colcon_core.package_identification:_identify(src/px4_msgs) by extensions ['ignore', 'ignore_ament_install']
[0.104s] Level 1:colcon.colcon_core.package_identification:_identify(src/px4_msgs) by extension 'ignore'
[0.104s] Level 1:colcon.colcon_core.package_identification:_identify(src/px4_msgs) by extension 'ignore_ament_install'
[0.104s] Level 1:colcon.colcon_core.package_identification:_identify(src/px4_msgs) by extensions ['colcon_pkg']
[0.104s] Level 1:colcon.colcon_core.package_identification:_identify(src/px4_msgs) by extension 'colcon_pkg'
[0.104s] Level 1:colcon.colcon_core.package_identification:_identify(src/px4_msgs) by extensions ['colcon_meta']
[0.104s] Level 1:colcon.colcon_core.package_identification:_identify(src/px4_msgs) by extension 'colcon_meta'
[0.105s] Level 1:colcon.colcon_core.package_identification:_identify(src/px4_msgs) by extensions ['ros']
[0.105s] Level 1:colcon.colcon_core.package_identification:_identify(src/px4_msgs) by extension 'ros'
[0.105s] DEBUG:colcon.colcon_core.package_identification:Package 'src/px4_msgs' with type 'ros.ament_cmake' and name 'px4_msgs'
[0.105s] Level 1:colcon.colcon_core.package_identification:_identify(src/px4_ros_com) by extensions ['ignore', 'ignore_ament_install']
[0.105s] Level 1:colcon.colcon_core.package_identification:_identify(src/px4_ros_com) by extension 'ignore'
[0.105s] Level 1:colcon.colcon_core.package_identification:_identify(src/px4_ros_com) by extension 'ignore_ament_install'
[0.105s] Level 1:colcon.colcon_core.package_identification:_identify(src/px4_ros_com) by extensions ['colcon_pkg']
[0.105s] Level 1:colcon.colcon_core.package_identification:_identify(src/px4_ros_com) by extension 'colcon_pkg'
[0.105s] Level 1:colcon.colcon_core.package_identification:_identify(src/px4_ros_com) by extensions ['colcon_meta']
[0.105s] Level 1:colcon.colcon_core.package_identification:_identify(src/px4_ros_com) by extension 'colcon_meta'
[0.105s] Level 1:colcon.colcon_core.package_identification:_identify(src/px4_ros_com) by extensions ['ros']
[0.105s] Level 1:colcon.colcon_core.package_identification:_identify(src/px4_ros_com) by extension 'ros'
[0.106s] DEBUG:colcon.colcon_core.package_identification:Package 'src/px4_ros_com' with type 'ros.ament_cmake' and name 'px4_ros_com'
[0.106s] Level 1:colcon.colcon_core.package_discovery:discover_packages(recursive) using defaults
[0.106s] Level 1:colcon.colcon_core.package_discovery:discover_packages(ignore) discover
[0.106s] Level 1:colcon.colcon_core.package_discovery:discover_packages(ignore) using defaults
[0.106s] Level 1:colcon.colcon_core.package_discovery:discover_packages(path) discover
[0.106s] Level 1:colcon.colcon_core.package_discovery:discover_packages(path) using defaults
[0.119s] Level 1:colcon.colcon_core.package_discovery:discover_packages(prefix_path) check parameters
[0.119s] Level 1:colcon.colcon_core.package_discovery:discover_packages(prefix_path) discover
[0.120s] DEBUG:colcon.colcon_installed_package_information.package_discovery:Found 3 installed packages in /home/fourdds/ros2_ws/install
[0.122s] DEBUG:colcon.colcon_installed_package_information.package_discovery:Found 291 installed packages in /opt/ros/humble
[0.123s] Level 1:colcon.colcon_core.package_discovery:discover_packages(prefix_path) using defaults
[0.143s] Level 5:colcon.colcon_core.verb:set package 'px4_msgs' build argument 'cmake_args' from command line to 'None'
[0.143s] Level 5:colcon.colcon_core.verb:set package 'px4_msgs' build argument 'cmake_target' from command line to 'None'
[0.143s] Level 5:colcon.colcon_core.verb:set package 'px4_msgs' build argument 'cmake_target_skip_unavailable' from command line to 'False'
[0.143s] Level 5:colcon.colcon_core.verb:set package 'px4_msgs' build argument 'cmake_clean_cache' from command line to 'False'
[0.143s] Level 5:colcon.colcon_core.verb:set package 'px4_msgs' build argument 'cmake_clean_first' from command line to 'False'
[0.143s] Level 5:colcon.colcon_core.verb:set package 'px4_msgs' build argument 'cmake_force_configure' from command line to 'False'
[0.143s] Level 5:colcon.colcon_core.verb:set package 'px4_msgs' build argument 'ament_cmake_args' from command line to 'None'
[0.143s] Level 5:colcon.colcon_core.verb:set package 'px4_msgs' build argument 'catkin_cmake_args' from command line to 'None'
[0.143s] Level 5:colcon.colcon_core.verb:set package 'px4_msgs' build argument 'catkin_skip_building_tests' from command line to 'False'
[0.143s] DEBUG:colcon.colcon_core.verb:Building package 'px4_msgs' with the following arguments: {'ament_cmake_args': None, 'build_base': '/home/fourdds/ros2_ws/build/px4_msgs', 'catkin_cmake_args': None, 'catkin_skip_building_tests': False, 'cmake_args': None, 'cmake_clean_cache': False, 'cmake_clean_first': False, 'cmake_force_configure': False, 'cmake_target': None, 'cmake_target_skip_unavailable': False, 'install_base': '/home/fourdds/ros2_ws/install/px4_msgs', 'merge_install': False, 'path': '/home/fourdds/ros2_ws/src/px4_msgs', 'symlink_install': False, 'test_result_base': None}
[0.143s] Level 5:colcon.colcon_core.verb:set package 'boids' build argument 'cmake_args' from command line to 'None'
[0.144s] Level 5:colcon.colcon_core.verb:set package 'boids' build argument 'cmake_target' from command line to 'None'
[0.144s] Level 5:colcon.colcon_core.verb:set package 'boids' build argument 'cmake_target_skip_unavailable' from command line to 'False'
[0.144s] Level 5:colcon.colcon_core.verb:set package 'boids' build argument 'cmake_clean_cache' from command line to 'False'
[0.144s] Level 5:colcon.colcon_core.verb:set package 'boids' build argument 'cmake_clean_first' from command line to 'False'
[0.144s] Level 5:colcon.colcon_core.verb:set package 'boids' build argument 'cmake_force_configure' from command line to 'False'
[0.144s] Level 5:colcon.colcon_core.verb:set package 'boids' build argument 'ament_cmake_args' from command line to 'None'
[0.144s] Level 5:colcon.colcon_core.verb:set package 'boids' build argument 'catkin_cmake_args' from command line to 'None'
[0.144s] Level 5:colcon.colcon_core.verb:set package 'boids' build argument 'catkin_skip_building_tests' from command line to 'False'
[0.144s] DEBUG:colcon.colcon_core.verb:Building package 'boids' with the following arguments: {'ament_cmake_args': None, 'build_base': '/home/fourdds/ros2_ws/build/boids', 'catkin_cmake_args': None, 'catkin_skip_building_tests': False, 'cmake_args': None, 'cmake_clean_cache': False, 'cmake_clean_first': False, 'cmake_force_configure': False, 'cmake_target': None, 'cmake_target_skip_unavailable': False, 'install_base': '/home/fourdds/ros2_ws/install/boids', 'merge_install': False, 'path': '/home/fourdds/ros2_ws/src/boids', 'symlink_install': False, 'test_result_base': None}
[0.144s] Level 5:colcon.colcon_core.verb:set package 'px4_ros_com' build argument 'cmake_args' from command line to 'None'
[0.144s] Level 5:colcon.colcon_core.verb:set package 'px4_ros_com' build argument 'cmake_target' from command line to 'None'
[0.144s] Level 5:colcon.colcon_core.verb:set package 'px4_ros_com' build argument 'cmake_target_skip_unavailable' from command line to 'False'
[0.144s] Level 5:colcon.colcon_core.verb:set package 'px4_ros_com' build argument 'cmake_clean_cache' from command line to 'False'
[0.144s] Level 5:colcon.colcon_core.verb:set package 'px4_ros_com' build argument 'cmake_clean_first' from command line to 'False'
[0.144s] Level 5:colcon.colcon_core.verb:set package 'px4_ros_com' build argument 'cmake_force_configure' from command line to 'False'
[0.144s] Level 5:colcon.colcon_core.verb:set package 'px4_ros_com' build argument 'ament_cmake_args' from command line to 'None'
[0.144s] Level 5:colcon.colcon_core.verb:set package 'px4_ros_com' build argument 'catkin_cmake_args' from command line to 'None'
[0.144s] Level 5:colcon.colcon_core.verb:set package 'px4_ros_com' build argument 'catkin_skip_building_tests' from command line to 'False'
[0.144s] DEBUG:colcon.colcon_core.verb:Building package 'px4_ros_com' with the following arguments: {'ament_cmake_args': None, 'build_base': '/home/fourdds/ros2_ws/build/px4_ros_com', 'catkin_cmake_args': None, 'catkin_skip_building_tests': False, 'cmake_args': None, 'cmake_clean_cache': False, 'cmake_clean_first': False, 'cmake_force_configure': False, 'cmake_target': None, 'cmake_target_skip_unavailable': False, 'install_base': '/home/fourdds/ros2_ws/install/px4_ros_com', 'merge_install': False, 'path': '/home/fourdds/ros2_ws/src/px4_ros_com', 'symlink_install': False, 'test_result_base': None}
[0.144s] INFO:colcon.colcon_core.executor:Executing jobs using 'parallel' executor
[0.145s] DEBUG:colcon.colcon_parallel_executor.executor.parallel:run_until_complete
[0.145s] INFO:colcon.colcon_ros.task.ament_cmake.build:Building ROS package in '/home/fourdds/ros2_ws/src/px4_msgs' with build type 'ament_cmake'
[0.146s] INFO:colcon.colcon_cmake.task.cmake.build:Building CMake package in '/home/fourdds/ros2_ws/src/px4_msgs'
[0.147s] INFO:colcon.colcon_core.plugin_system:Skipping extension 'colcon_core.shell.bat': Not used on non-Windows systems
[0.147s] INFO:colcon.colcon_core.shell:Skip shell extension 'powershell' for command environment: Not usable outside of PowerShell
[0.147s] DEBUG:colcon.colcon_core.shell:Skip shell extension 'dsv' for command environment
[0.156s] DEBUG:colcon.colcon_core.event_handler.log_command:Invoking command in '/home/fourdds/ros2_ws/build/px4_msgs': CMAKE_PREFIX_PATH=${CMAKE_PREFIX_PATH}:/opt/ros/humble /usr/bin/cmake --build /home/fourdds/ros2_ws/build/px4_msgs -- -j24 -l24
[0.741s] DEBUG:colcon.colcon_core.event_handler.log_command:Invoked command in '/home/fourdds/ros2_ws/build/px4_msgs' returned '0': CMAKE_PREFIX_PATH=${CMAKE_PREFIX_PATH}:/opt/ros/humble /usr/bin/cmake --build /home/fourdds/ros2_ws/build/px4_msgs -- -j24 -l24
[2.900s] DEBUG:colcon.colcon_core.event_handler.log_command:Invoking command in '/home/fourdds/ros2_ws/build/px4_msgs': CMAKE_PREFIX_PATH=${CMAKE_PREFIX_PATH}:/opt/ros/humble /usr/bin/cmake --install /home/fourdds/ros2_ws/build/px4_msgs
[3.107s] Level 1:colcon.colcon_core.environment:create_environment_scripts_only(px4_msgs)
[3.133s] Level 1:colcon.colcon_core.environment:checking '/home/fourdds/ros2_ws/install/px4_msgs' for CMake module files
[3.145s] Level 1:colcon.colcon_core.environment:checking '/home/fourdds/ros2_ws/install/px4_msgs' for CMake config files
[3.155s] Level 1:colcon.colcon_core.shell:create_environment_hook('px4_msgs', 'cmake_prefix_path')
[3.155s] INFO:colcon.colcon_core.shell:Creating environment hook '/home/fourdds/ros2_ws/install/px4_msgs/share/px4_msgs/hook/cmake_prefix_path.ps1'
[3.157s] INFO:colcon.colcon_core.shell:Creating environment descriptor '/home/fourdds/ros2_ws/install/px4_msgs/share/px4_msgs/hook/cmake_prefix_path.dsv'
[3.162s] INFO:colcon.colcon_core.shell:Creating environment hook '/home/fourdds/ros2_ws/install/px4_msgs/share/px4_msgs/hook/cmake_prefix_path.sh'
[3.165s] Level 1:colcon.colcon_core.environment:checking '/home/fourdds/ros2_ws/install/px4_msgs/lib'
[3.167s] Level 1:colcon.colcon_core.shell:create_environment_hook('px4_msgs', 'ld_library_path_lib')
[3.167s] INFO:colcon.colcon_core.shell:Creating environment hook '/home/fourdds/ros2_ws/install/px4_msgs/share/px4_msgs/hook/ld_library_path_lib.ps1'
[3.172s] INFO:colcon.colcon_core.shell:Creating environment descriptor '/home/fourdds/ros2_ws/install/px4_msgs/share/px4_msgs/hook/ld_library_path_lib.dsv'
[3.176s] INFO:colcon.colcon_core.shell:Creating environment hook '/home/fourdds/ros2_ws/install/px4_msgs/share/px4_msgs/hook/ld_library_path_lib.sh'
[3.179s] Level 1:colcon.colcon_core.environment:checking '/home/fourdds/ros2_ws/install/px4_msgs/bin'
[3.179s] Level 1:colcon.colcon_core.environment:checking '/home/fourdds/ros2_ws/install/px4_msgs/lib/pkgconfig/px4_msgs.pc'
[3.180s] Level 1:colcon.colcon_core.environment:checking '/home/fourdds/ros2_ws/install/px4_msgs/lib/python3.10/site-packages'
[3.180s] Level 1:colcon.colcon_core.environment:checking '/home/fourdds/ros2_ws/install/px4_msgs/bin'
[3.180s] INFO:colcon.colcon_core.shell:Creating package script '/home/fourdds/ros2_ws/install/px4_msgs/share/px4_msgs/package.ps1'
[3.184s] INFO:colcon.colcon_core.shell:Creating package descriptor '/home/fourdds/ros2_ws/install/px4_msgs/share/px4_msgs/package.dsv'
[3.190s] INFO:colcon.colcon_core.shell:Creating package script '/home/fourdds/ros2_ws/install/px4_msgs/share/px4_msgs/package.sh'
[3.196s] INFO:colcon.colcon_core.shell:Creating package script '/home/fourdds/ros2_ws/install/px4_msgs/share/px4_msgs/package.bash'
[3.201s] INFO:colcon.colcon_core.shell:Creating package script '/home/fourdds/ros2_ws/install/px4_msgs/share/px4_msgs/package.zsh'
[3.205s] DEBUG:colcon.colcon_core.event_handler.log_command:Invoked command in '/home/fourdds/ros2_ws/build/px4_msgs' returned '0': CMAKE_PREFIX_PATH=${CMAKE_PREFIX_PATH}:/opt/ros/humble /usr/bin/cmake --install /home/fourdds/ros2_ws/build/px4_msgs
[3.205s] Level 1:colcon.colcon_core.environment:create_file_with_runtime_dependencies(/home/fourdds/ros2_ws/install/px4_msgs/share/colcon-core/packages/px4_msgs)
[5.456s] Level 1:colcon.colcon_core.environment:create_environment_scripts_only(px4_msgs)
[5.456s] Level 1:colcon.colcon_core.environment:checking '/home/fourdds/ros2_ws/install/px4_msgs' for CMake module files
[5.456s] Level 1:colcon.colcon_core.environment:checking '/home/fourdds/ros2_ws/install/px4_msgs' for CMake config files
[5.456s] Level 1:colcon.colcon_core.shell:create_environment_hook('px4_msgs', 'cmake_prefix_path')
[5.456s] INFO:colcon.colcon_core.shell:Creating environment hook '/home/fourdds/ros2_ws/install/px4_msgs/share/px4_msgs/hook/cmake_prefix_path.ps1'
[5.457s] INFO:colcon.colcon_core.shell:Creating environment descriptor '/home/fourdds/ros2_ws/install/px4_msgs/share/px4_msgs/hook/cmake_prefix_path.dsv'
[5.457s] INFO:colcon.colcon_core.shell:Creating environment hook '/home/fourdds/ros2_ws/install/px4_msgs/share/px4_msgs/hook/cmake_prefix_path.sh'
[5.458s] Level 1:colcon.colcon_core.environment:checking '/home/fourdds/ros2_ws/install/px4_msgs/lib'
[5.458s] Level 1:colcon.colcon_core.shell:create_environment_hook('px4_msgs', 'ld_library_path_lib')
[5.458s] INFO:colcon.colcon_core.shell:Creating environment hook '/home/fourdds/ros2_ws/install/px4_msgs/share/px4_msgs/hook/ld_library_path_lib.ps1'
[5.458s] INFO:colcon.colcon_core.shell:Creating environment descriptor '/home/fourdds/ros2_ws/install/px4_msgs/share/px4_msgs/hook/ld_library_path_lib.dsv'
[5.458s] INFO:colcon.colcon_core.shell:Creating environment hook '/home/fourdds/ros2_ws/install/px4_msgs/share/px4_msgs/hook/ld_library_path_lib.sh'
[5.458s] Level 1:colcon.colcon_core.environment:checking '/home/fourdds/ros2_ws/install/px4_msgs/bin'
[5.458s] Level 1:colcon.colcon_core.environment:checking '/home/fourdds/ros2_ws/install/px4_msgs/lib/pkgconfig/px4_msgs.pc'
[5.459s] Level 1:colcon.colcon_core.environment:checking '/home/fourdds/ros2_ws/install/px4_msgs/lib/python3.10/site-packages'
[5.459s] Level 1:colcon.colcon_core.environment:checking '/home/fourdds/ros2_ws/install/px4_msgs/bin'
[5.459s] INFO:colcon.colcon_core.shell:Creating package script '/home/fourdds/ros2_ws/install/px4_msgs/share/px4_msgs/package.ps1'
[5.459s] INFO:colcon.colcon_core.shell:Creating package descriptor '/home/fourdds/ros2_ws/install/px4_msgs/share/px4_msgs/package.dsv'
[5.460s] INFO:colcon.colcon_core.shell:Creating package script '/home/fourdds/ros2_ws/install/px4_msgs/share/px4_msgs/package.sh'
[5.460s] INFO:colcon.colcon_core.shell:Creating package script '/home/fourdds/ros2_ws/install/px4_msgs/share/px4_msgs/package.bash'
[5.460s] INFO:colcon.colcon_core.shell:Creating package script '/home/fourdds/ros2_ws/install/px4_msgs/share/px4_msgs/package.zsh'
[5.460s] Level 1:colcon.colcon_core.environment:create_file_with_runtime_dependencies(/home/fourdds/ros2_ws/install/px4_msgs/share/colcon-core/packages/px4_msgs)
[5.461s] INFO:colcon.colcon_ros.task.ament_cmake.build:Building ROS package in '/home/fourdds/ros2_ws/src/boids' with build type 'ament_cmake'
[5.461s] INFO:colcon.colcon_cmake.task.cmake.build:Building CMake package in '/home/fourdds/ros2_ws/src/boids'
[5.462s] INFO:colcon.colcon_core.shell:Skip shell extension 'powershell' for command environment: Not usable outside of PowerShell
[5.462s] DEBUG:colcon.colcon_core.shell:Skip shell extension 'dsv' for command environment
[5.466s] INFO:colcon.colcon_ros.task.ament_cmake.build:Building ROS package in '/home/fourdds/ros2_ws/src/px4_ros_com' with build type 'ament_cmake'
[5.466s] INFO:colcon.colcon_cmake.task.cmake.build:Building CMake package in '/home/fourdds/ros2_ws/src/px4_ros_com'
[5.467s] INFO:colcon.colcon_core.shell:Skip shell extension 'powershell' for command environment: Not usable outside of PowerShell
[5.467s] DEBUG:colcon.colcon_core.shell:Skip shell extension 'dsv' for command environment
[5.472s] DEBUG:colcon.colcon_core.event_handler.log_command:Invoking command in '/home/fourdds/ros2_ws/build/boids': CMAKE_PREFIX_PATH=/home/fourdds/ros2_ws/install/px4_msgs:/home/fourdds/ros2_ws/install/px4_ros_com:/home/fourdds/ros2_ws/install/boids:/opt/ros/humble LD_LIBRARY_PATH=/home/fourdds/ros2_ws/install/px4_msgs/lib:/home/fourdds/ros2_ws/install/px4_ros_com/lib:/home/fourdds/ros2_ws/install/boids/lib:/usr/lib/x86_64-linux-gnu/gazebo-11/plugins:/opt/ros/humble/opt/rviz_ogre_vendor/lib:/opt/ros/humble/lib/x86_64-linux-gnu:/opt/ros/humble/lib /usr/bin/cmake --build /home/fourdds/ros2_ws/build/boids -- -j24 -l24
[5.474s] DEBUG:colcon.colcon_core.event_handler.log_command:Invoking command in '/home/fourdds/ros2_ws/build/px4_ros_com': CMAKE_PREFIX_PATH=/home/fourdds/ros2_ws/install/px4_msgs:/home/fourdds/ros2_ws/install/px4_ros_com:/home/fourdds/ros2_ws/install/boids:/opt/ros/humble LD_LIBRARY_PATH=/home/fourdds/ros2_ws/install/px4_msgs/lib:/home/fourdds/ros2_ws/install/px4_ros_com/lib:/home/fourdds/ros2_ws/install/boids/lib:/usr/lib/x86_64-linux-gnu/gazebo-11/plugins:/opt/ros/humble/opt/rviz_ogre_vendor/lib:/opt/ros/humble/lib/x86_64-linux-gnu:/opt/ros/humble/lib /usr/bin/cmake --build /home/fourdds/ros2_ws/build/px4_ros_com -- -j24 -l24
[5.707s] DEBUG:colcon.colcon_core.event_handler.log_command:Invoked command in '/home/fourdds/ros2_ws/build/px4_ros_com' returned '0': CMAKE_PREFIX_PATH=/home/fourdds/ros2_ws/install/px4_msgs:/home/fourdds/ros2_ws/install/px4_ros_com:/home/fourdds/ros2_ws/install/boids:/opt/ros/humble LD_LIBRARY_PATH=/home/fourdds/ros2_ws/install/px4_msgs/lib:/home/fourdds/ros2_ws/install/px4_ros_com/lib:/home/fourdds/ros2_ws/install/boids/lib:/usr/lib/x86_64-linux-gnu/gazebo-11/plugins:/opt/ros/humble/opt/rviz_ogre_vendor/lib:/opt/ros/humble/lib/x86_64-linux-gnu:/opt/ros/humble/lib /usr/bin/cmake --build /home/fourdds/ros2_ws/build/px4_ros_com -- -j24 -l24
[5.731s] DEBUG:colcon.colcon_core.event_handler.log_command:Invoking command in '/home/fourdds/ros2_ws/build/px4_ros_com': CMAKE_PREFIX_PATH=/home/fourdds/ros2_ws/install/px4_msgs:/home/fourdds/ros2_ws/install/px4_ros_com:/home/fourdds/ros2_ws/install/boids:/opt/ros/humble LD_LIBRARY_PATH=/home/fourdds/ros2_ws/install/px4_msgs/lib:/home/fourdds/ros2_ws/install/px4_ros_com/lib:/home/fourdds/ros2_ws/install/boids/lib:/usr/lib/x86_64-linux-gnu/gazebo-11/plugins:/opt/ros/humble/opt/rviz_ogre_vendor/lib:/opt/ros/humble/lib/x86_64-linux-gnu:/opt/ros/humble/lib /usr/bin/cmake --install /home/fourdds/ros2_ws/build/px4_ros_com
[5.766s] Level 1:colcon.colcon_core.environment:create_environment_scripts_only(px4_ros_com)
[5.766s] DEBUG:colcon.colcon_core.event_handler.log_command:Invoked command in '/home/fourdds/ros2_ws/build/px4_ros_com' returned '0': CMAKE_PREFIX_PATH=/home/fourdds/ros2_ws/install/px4_msgs:/home/fourdds/ros2_ws/install/px4_ros_com:/home/fourdds/ros2_ws/install/boids:/opt/ros/humble LD_LIBRARY_PATH=/home/fourdds/ros2_ws/install/px4_msgs/lib:/home/fourdds/ros2_ws/install/px4_ros_com/lib:/home/fourdds/ros2_ws/install/boids/lib:/usr/lib/x86_64-linux-gnu/gazebo-11/plugins:/opt/ros/humble/opt/rviz_ogre_vendor/lib:/opt/ros/humble/lib/x86_64-linux-gnu:/opt/ros/humble/lib /usr/bin/cmake --install /home/fourdds/ros2_ws/build/px4_ros_com
[5.767s] Level 1:colcon.colcon_core.environment:checking '/home/fourdds/ros2_ws/install/px4_ros_com' for CMake module files
[5.768s] Level 1:colcon.colcon_core.environment:checking '/home/fourdds/ros2_ws/install/px4_ros_com' for CMake config files
[5.768s] Level 1:colcon.colcon_core.shell:create_environment_hook('px4_ros_com', 'cmake_prefix_path')
[5.768s] INFO:colcon.colcon_core.shell:Creating environment hook '/home/fourdds/ros2_ws/install/px4_ros_com/share/px4_ros_com/hook/cmake_prefix_path.ps1'
[5.769s] INFO:colcon.colcon_core.shell:Creating environment descriptor '/home/fourdds/ros2_ws/install/px4_ros_com/share/px4_ros_com/hook/cmake_prefix_path.dsv'
[5.769s] INFO:colcon.colcon_core.shell:Creating environment hook '/home/fourdds/ros2_ws/install/px4_ros_com/share/px4_ros_com/hook/cmake_prefix_path.sh'
[5.770s] Level 1:colcon.colcon_core.environment:checking '/home/fourdds/ros2_ws/install/px4_ros_com/lib'
[5.770s] Level 1:colcon.colcon_core.shell:create_environment_hook('px4_ros_com', 'ld_library_path_lib')
[5.770s] INFO:colcon.colcon_core.shell:Creating environment hook '/home/fourdds/ros2_ws/install/px4_ros_com/share/px4_ros_com/hook/ld_library_path_lib.ps1'
[5.770s] INFO:colcon.colcon_core.shell:Creating environment descriptor '/home/fourdds/ros2_ws/install/px4_ros_com/share/px4_ros_com/hook/ld_library_path_lib.dsv'
[5.771s] INFO:colcon.colcon_core.shell:Creating environment hook '/home/fourdds/ros2_ws/install/px4_ros_com/share/px4_ros_com/hook/ld_library_path_lib.sh'
[5.771s] Level 1:colcon.colcon_core.environment:checking '/home/fourdds/ros2_ws/install/px4_ros_com/bin'
[5.771s] Level 1:colcon.colcon_core.environment:checking '/home/fourdds/ros2_ws/install/px4_ros_com/lib/pkgconfig/px4_ros_com.pc'
[5.771s] Level 1:colcon.colcon_core.environment:checking '/home/fourdds/ros2_ws/install/px4_ros_com/lib/python3.10/site-packages'
[5.771s] Level 1:colcon.colcon_core.environment:checking '/home/fourdds/ros2_ws/install/px4_ros_com/bin'
[5.771s] INFO:colcon.colcon_core.shell:Creating package script '/home/fourdds/ros2_ws/install/px4_ros_com/share/px4_ros_com/package.ps1'
[5.772s] INFO:colcon.colcon_core.shell:Creating package descriptor '/home/fourdds/ros2_ws/install/px4_ros_com/share/px4_ros_com/package.dsv'
[5.772s] INFO:colcon.colcon_core.shell:Creating package script '/home/fourdds/ros2_ws/install/px4_ros_com/share/px4_ros_com/package.sh'
[5.772s] INFO:colcon.colcon_core.shell:Creating package script '/home/fourdds/ros2_ws/install/px4_ros_com/share/px4_ros_com/package.bash'
[5.772s] INFO:colcon.colcon_core.shell:Creating package script '/home/fourdds/ros2_ws/install/px4_ros_com/share/px4_ros_com/package.zsh'
[5.772s] Level 1:colcon.colcon_core.environment:create_file_with_runtime_dependencies(/home/fourdds/ros2_ws/install/px4_ros_com/share/colcon-core/packages/px4_ros_com)
[5.795s] Level 1:colcon.colcon_core.environment:create_environment_scripts_only(px4_ros_com)
[5.795s] Level 1:colcon.colcon_core.environment:checking '/home/fourdds/ros2_ws/install/px4_ros_com' for CMake module files
[5.795s] Level 1:colcon.colcon_core.environment:checking '/home/fourdds/ros2_ws/install/px4_ros_com' for CMake config files
[5.795s] Level 1:colcon.colcon_core.shell:create_environment_hook('px4_ros_com', 'cmake_prefix_path')
[5.796s] INFO:colcon.colcon_core.shell:Creating environment hook '/home/fourdds/ros2_ws/install/px4_ros_com/share/px4_ros_com/hook/cmake_prefix_path.ps1'
[5.796s] INFO:colcon.colcon_core.shell:Creating environment descriptor '/home/fourdds/ros2_ws/install/px4_ros_com/share/px4_ros_com/hook/cmake_prefix_path.dsv'
[5.796s] INFO:colcon.colcon_core.shell:Creating environment hook '/home/fourdds/ros2_ws/install/px4_ros_com/share/px4_ros_com/hook/cmake_prefix_path.sh'
[5.796s] Level 1:colcon.colcon_core.environment:checking '/home/fourdds/ros2_ws/install/px4_ros_com/lib'
[5.796s] Level 1:colcon.colcon_core.shell:create_environment_hook('px4_ros_com', 'ld_library_path_lib')
[5.797s] INFO:colcon.colcon_core.shell:Creating environment hook '/home/fourdds/ros2_ws/install/px4_ros_com/share/px4_ros_com/hook/ld_library_path_lib.ps1'
[5.797s] INFO:colcon.colcon_core.shell:Creating environment descriptor '/home/fourdds/ros2_ws/install/px4_ros_com/share/px4_ros_com/hook/ld_library_path_lib.dsv'
[5.797s] INFO:colcon.colcon_core.shell:Creating environment hook '/home/fourdds/ros2_ws/install/px4_ros_com/share/px4_ros_com/hook/ld_library_path_lib.sh'
[5.797s] Level 1:colcon.colcon_core.environment:checking '/home/fourdds/ros2_ws/install/px4_ros_com/bin'
[5.797s] Level 1:colcon.colcon_core.environment:checking '/home/fourdds/ros2_ws/install/px4_ros_com/lib/pkgconfig/px4_ros_com.pc'
[5.798s] Level 1:colcon.colcon_core.environment:checking '/home/fourdds/ros2_ws/install/px4_ros_com/lib/python3.10/site-packages'
[5.798s] Level 1:colcon.colcon_core.environment:checking '/home/fourdds/ros2_ws/install/px4_ros_com/bin'
[5.798s] INFO:colcon.colcon_core.shell:Creating package script '/home/fourdds/ros2_ws/install/px4_ros_com/share/px4_ros_com/package.ps1'
[5.799s] INFO:colcon.colcon_core.shell:Creating package descriptor '/home/fourdds/ros2_ws/install/px4_ros_com/share/px4_ros_com/package.dsv'
[5.799s] INFO:colcon.colcon_core.shell:Creating package script '/home/fourdds/ros2_ws/install/px4_ros_com/share/px4_ros_com/package.sh'
[5.799s] INFO:colcon.colcon_core.shell:Creating package script '/home/fourdds/ros2_ws/install/px4_ros_com/share/px4_ros_com/package.bash'
[5.799s] INFO:colcon.colcon_core.shell:Creating package script '/home/fourdds/ros2_ws/install/px4_ros_com/share/px4_ros_com/package.zsh'
[5.800s] Level 1:colcon.colcon_core.environment:create_file_with_runtime_dependencies(/home/fourdds/ros2_ws/install/px4_ros_com/share/colcon-core/packages/px4_ros_com)
[15.498s] DEBUG:colcon.colcon_core.event_handler.log_command:Invoked command in '/home/fourdds/ros2_ws/build/boids' returned '0': CMAKE_PREFIX_PATH=/home/fourdds/ros2_ws/install/px4_msgs:/home/fourdds/ros2_ws/install/px4_ros_com:/home/fourdds/ros2_ws/install/boids:/opt/ros/humble LD_LIBRARY_PATH=/home/fourdds/ros2_ws/install/px4_msgs/lib:/home/fourdds/ros2_ws/install/px4_ros_com/lib:/home/fourdds/ros2_ws/install/boids/lib:/usr/lib/x86_64-linux-gnu/gazebo-11/plugins:/opt/ros/humble/opt/rviz_ogre_vendor/lib:/opt/ros/humble/lib/x86_64-linux-gnu:/opt/ros/humble/lib /usr/bin/cmake --build /home/fourdds/ros2_ws/build/boids -- -j24 -l24
[15.515s] DEBUG:colcon.colcon_core.event_handler.log_command:Invoking command in '/home/fourdds/ros2_ws/build/boids': CMAKE_PREFIX_PATH=/home/fourdds/ros2_ws/install/px4_msgs:/home/fourdds/ros2_ws/install/px4_ros_com:/home/fourdds/ros2_ws/install/boids:/opt/ros/humble LD_LIBRARY_PATH=/home/fourdds/ros2_ws/install/px4_msgs/lib:/home/fourdds/ros2_ws/install/px4_ros_com/lib:/home/fourdds/ros2_ws/install/boids/lib:/usr/lib/x86_64-linux-gnu/gazebo-11/plugins:/opt/ros/humble/opt/rviz_ogre_vendor/lib:/opt/ros/humble/lib/x86_64-linux-gnu:/opt/ros/humble/lib /usr/bin/cmake --install /home/fourdds/ros2_ws/build/boids
[15.526s] Level 1:colcon.colcon_core.environment:create_environment_scripts_only(boids)
[15.527s] Level 1:colcon.colcon_core.environment:checking '/home/fourdds/ros2_ws/install/boids' for CMake module files
[15.527s] DEBUG:colcon.colcon_core.event_handler.log_command:Invoked command in '/home/fourdds/ros2_ws/build/boids' returned '0': CMAKE_PREFIX_PATH=/home/fourdds/ros2_ws/install/px4_msgs:/home/fourdds/ros2_ws/install/px4_ros_com:/home/fourdds/ros2_ws/install/boids:/opt/ros/humble LD_LIBRARY_PATH=/home/fourdds/ros2_ws/install/px4_msgs/lib:/home/fourdds/ros2_ws/install/px4_ros_com/lib:/home/fourdds/ros2_ws/install/boids/lib:/usr/lib/x86_64-linux-gnu/gazebo-11/plugins:/opt/ros/humble/opt/rviz_ogre_vendor/lib:/opt/ros/humble/lib/x86_64-linux-gnu:/opt/ros/humble/lib /usr/bin/cmake --install /home/fourdds/ros2_ws/build/boids
[15.527s] Level 1:colcon.colcon_core.environment:checking '/home/fourdds/ros2_ws/install/boids' for CMake config files
[15.527s] Level 1:colcon.colcon_core.shell:create_environment_hook('boids', 'cmake_prefix_path')
[15.528s] INFO:colcon.colcon_core.shell:Creating environment hook '/home/fourdds/ros2_ws/install/boids/share/boids/hook/cmake_prefix_path.ps1'
[15.528s] INFO:colcon.colcon_core.shell:Creating environment descriptor '/home/fourdds/ros2_ws/install/boids/share/boids/hook/cmake_prefix_path.dsv'
[15.528s] INFO:colcon.colcon_core.shell:Creating environment hook '/home/fourdds/ros2_ws/install/boids/share/boids/hook/cmake_prefix_path.sh'
[15.528s] Level 1:colcon.colcon_core.environment:checking '/home/fourdds/ros2_ws/install/boids/lib'
[15.528s] Level 1:colcon.colcon_core.shell:create_environment_hook('boids', 'ld_library_path_lib')
[15.528s] INFO:colcon.colcon_core.shell:Creating environment hook '/home/fourdds/ros2_ws/install/boids/share/boids/hook/ld_library_path_lib.ps1'
[15.529s] INFO:colcon.colcon_core.shell:Creating environment descriptor '/home/fourdds/ros2_ws/install/boids/share/boids/hook/ld_library_path_lib.dsv'
[15.529s] INFO:colcon.colcon_core.shell:Creating environment hook '/home/fourdds/ros2_ws/install/boids/share/boids/hook/ld_library_path_lib.sh'
[15.529s] Level 1:colcon.colcon_core.environment:checking '/home/fourdds/ros2_ws/install/boids/bin'
[15.529s] Level 1:colcon.colcon_core.environment:checking '/home/fourdds/ros2_ws/install/boids/lib/pkgconfig/boids.pc'
[15.529s] Level 1:colcon.colcon_core.environment:checking '/home/fourdds/ros2_ws/install/boids/lib/python3.10/site-packages'
[15.529s] Level 1:colcon.colcon_core.environment:checking '/home/fourdds/ros2_ws/install/boids/bin'
[15.529s] INFO:colcon.colcon_core.shell:Creating package script '/home/fourdds/ros2_ws/install/boids/share/boids/package.ps1'
[15.530s] INFO:colcon.colcon_core.shell:Creating package descriptor '/home/fourdds/ros2_ws/install/boids/share/boids/package.dsv'
[15.530s] INFO:colcon.colcon_core.shell:Creating package script '/home/fourdds/ros2_ws/install/boids/share/boids/package.sh'
[15.530s] INFO:colcon.colcon_core.shell:Creating package script '/home/fourdds/ros2_ws/install/boids/share/boids/package.bash'
[15.530s] INFO:colcon.colcon_core.shell:Creating package script '/home/fourdds/ros2_ws/install/boids/share/boids/package.zsh'
[15.530s] Level 1:colcon.colcon_core.environment:create_file_with_runtime_dependencies(/home/fourdds/ros2_ws/install/boids/share/colcon-core/packages/boids)
[15.546s] Level 1:colcon.colcon_core.environment:create_environment_scripts_only(boids)
[15.546s] Level 1:colcon.colcon_core.environment:checking '/home/fourdds/ros2_ws/install/boids' for CMake module files
[15.547s] Level 1:colcon.colcon_core.environment:checking '/home/fourdds/ros2_ws/install/boids' for CMake config files
[15.547s] Level 1:colcon.colcon_core.shell:create_environment_hook('boids', 'cmake_prefix_path')
[15.547s] INFO:colcon.colcon_core.shell:Creating environment hook '/home/fourdds/ros2_ws/install/boids/share/boids/hook/cmake_prefix_path.ps1'
[15.548s] INFO:colcon.colcon_core.shell:Creating environment descriptor '/home/fourdds/ros2_ws/install/boids/share/boids/hook/cmake_prefix_path.dsv'
[15.548s] INFO:colcon.colcon_core.shell:Creating environment hook '/home/fourdds/ros2_ws/install/boids/share/boids/hook/cmake_prefix_path.sh'
[15.548s] Level 1:colcon.colcon_core.environment:checking '/home/fourdds/ros2_ws/install/boids/lib'
[15.548s] Level 1:colcon.colcon_core.shell:create_environment_hook('boids', 'ld_library_path_lib')
[15.548s] INFO:colcon.colcon_core.shell:Creating environment hook '/home/fourdds/ros2_ws/install/boids/share/boids/hook/ld_library_path_lib.ps1'
[15.549s] INFO:colcon.colcon_core.shell:Creating environment descriptor '/home/fourdds/ros2_ws/install/boids/share/boids/hook/ld_library_path_lib.dsv'
[15.549s] INFO:colcon.colcon_core.shell:Creating environment hook '/home/fourdds/ros2_ws/install/boids/share/boids/hook/ld_library_path_lib.sh'
[15.549s] Level 1:colcon.colcon_core.environment:checking '/home/fourdds/ros2_ws/install/boids/bin'
[15.549s] Level 1:colcon.colcon_core.environment:checking '/home/fourdds/ros2_ws/install/boids/lib/pkgconfig/boids.pc'
[15.549s] Level 1:colcon.colcon_core.environment:checking '/home/fourdds/ros2_ws/install/boids/lib/python3.10/site-packages'
[15.549s] Level 1:colcon.colcon_core.environment:checking '/home/fourdds/ros2_ws/install/boids/bin'
[15.550s] INFO:colcon.colcon_core.shell:Creating package script '/home/fourdds/ros2_ws/install/boids/share/boids/package.ps1'
[15.550s] INFO:colcon.colcon_core.shell:Creating package descriptor '/home/fourdds/ros2_ws/install/boids/share/boids/package.dsv'
[15.550s] INFO:colcon.colcon_core.shell:Creating package script '/home/fourdds/ros2_ws/install/boids/share/boids/package.sh'
[15.550s] INFO:colcon.colcon_core.shell:Creating package script '/home/fourdds/ros2_ws/install/boids/share/boids/package.bash'
[15.550s] INFO:colcon.colcon_core.shell:Creating package script '/home/fourdds/ros2_ws/install/boids/share/boids/package.zsh'
[15.551s] Level 1:colcon.colcon_core.environment:create_file_with_runtime_dependencies(/home/fourdds/ros2_ws/install/boids/share/colcon-core/packages/boids)
[15.551s] DEBUG:colcon.colcon_parallel_executor.executor.parallel:closing loop
[15.551s] DEBUG:colcon.colcon_parallel_executor.executor.parallel:loop closed
[15.551s] DEBUG:colcon.colcon_parallel_executor.executor.parallel:run_until_complete finished with '0'
[15.551s] DEBUG:colcon.colcon_core.event_reactor:joining thread
[15.554s] INFO:colcon.colcon_core.plugin_system:Skipping extension 'colcon_notification.desktop_notification.notify_send': Could not find 'notify-send'
[15.555s] INFO:colcon.colcon_core.plugin_system:Skipping extension 'colcon_notification.desktop_notification.terminal_notifier': Not used on non-Darwin systems
[15.555s] INFO:colcon.colcon_core.plugin_system:Skipping extension 'colcon_notification.desktop_notification.win32': Not used on non-Windows systems
[15.555s] INFO:colcon.colcon_notification.desktop_notification:Sending desktop notification using 'notify2'
[15.555s] DEBUG:colcon.colcon_notification.desktop_notification.notify2:Failed to initialize notify2: org.freedesktop.DBus.Error.FileNotFound: Failed to connect to socket /run/user/0/bus: No such file or directory
[15.555s] DEBUG:colcon.colcon_core.event_reactor:joined thread
[15.555s] INFO:colcon.colcon_core.shell:Creating prefix script '/home/fourdds/ros2_ws/install/local_setup.ps1'
[15.555s] INFO:colcon.colcon_core.shell:Creating prefix util module '/home/fourdds/ros2_ws/install/_local_setup_util_ps1.py'
[15.556s] INFO:colcon.colcon_core.shell:Creating prefix chain script '/home/fourdds/ros2_ws/install/setup.ps1'
[15.557s] INFO:colcon.colcon_core.shell:Creating prefix script '/home/fourdds/ros2_ws/install/local_setup.sh'
[15.557s] INFO:colcon.colcon_core.shell:Creating prefix util module '/home/fourdds/ros2_ws/install/_local_setup_util_sh.py'
[15.557s] INFO:colcon.colcon_core.shell:Creating prefix chain script '/home/fourdds/ros2_ws/install/setup.sh'
[15.558s] INFO:colcon.colcon_core.shell:Creating prefix script '/home/fourdds/ros2_ws/install/local_setup.bash'
[15.558s] INFO:colcon.colcon_core.shell:Creating prefix chain script '/home/fourdds/ros2_ws/install/setup.bash'
[15.559s] INFO:colcon.colcon_core.shell:Creating prefix script '/home/fourdds/ros2_ws/install/local_setup.zsh'
[15.559s] INFO:colcon.colcon_core.shell:Creating prefix chain script '/home/fourdds/ros2_ws/install/setup.zsh'
