[0.011s] Invoking command in '/home/fourdds/ros2_ws/build/boids': CMAKE_PREFIX_PATH=/home/fourdds/ros2_ws/install/px4_msgs:/home/fourdds/ros2_ws/install/px4_ros_com:/home/fourdds/ros2_ws/install/boids:/opt/ros/humble LD_LIBRARY_PATH=/home/fourdds/ros2_ws/install/px4_msgs/lib:/home/fourdds/ros2_ws/install/px4_ros_com/lib:/home/fourdds/ros2_ws/install/boids/lib:/usr/lib/x86_64-linux-gnu/gazebo-11/plugins:/opt/ros/humble/opt/rviz_ogre_vendor/lib:/opt/ros/humble/lib/x86_64-linux-gnu:/opt/ros/humble/lib /usr/bin/cmake --build /home/fourdds/ros2_ws/build/boids -- -j24 -l24
[0.025s] -- Found ament_cmake: 1.3.8 (/opt/ros/humble/share/ament_cmake/cmake)
[0.118s] -- Found builtin_interfaces: 1.2.1 (/opt/ros/humble/share/builtin_interfaces/cmake)
[0.133s] -- Found rosidl_generator_c: 3.1.5 (/opt/ros/humble/share/rosidl_generator_c/cmake)
[0.134s] -- Found rosidl_adapter: 3.1.5 (/opt/ros/humble/share/rosidl_adapter/cmake)
[0.138s] -- Found rosidl_generator_cpp: 3.1.5 (/opt/ros/humble/share/rosidl_generator_cpp/cmake)
[0.145s] -- Using all available rosidl_typesupport_c: rosidl_typesupport_fastrtps_c;rosidl_typesupport_introspection_c
[0.155s] -- Using all available rosidl_typesupport_cpp: rosidl_typesupport_fastrtps_cpp;rosidl_typesupport_introspection_cpp
[0.166s] -- Found eigen3_cmake_module: 0.1.1 (/opt/ros/humble/share/eigen3_cmake_module/cmake)
[0.166s] -- Found geometry_msgs: 4.2.3 (/opt/ros/humble/share/geometry_msgs/cmake)
[0.224s] -- Found px4_msgs: 2.0.1 (/home/fourdds/ros2_ws/install/px4_msgs/share/px4_msgs/cmake)
[0.245s] -- Found rclcpp: 16.0.8 (/opt/ros/humble/share/rclcpp/cmake)
[0.274s] -- Found rmw_implementation_cmake: 6.1.1 (/opt/ros/humble/share/rmw_implementation_cmake/cmake)
[0.275s] -- Found rmw_fastrtps_cpp: 6.2.6 (/opt/ros/humble/share/rmw_fastrtps_cpp/cmake)
[0.346s] -- Using RMW implementation 'rmw_fastrtps_cpp' as default
[0.423s] -- Found sensor_msgs: 4.2.3 (/opt/ros/humble/share/sensor_msgs/cmake)
[0.476s] -- Found rclpy: 3.3.12 (/opt/ros/humble/share/rclpy/cmake)
[0.476s] -- Found boids: 0.0.0 (/home/fourdds/ros2_ws/install/boids/share/boids/cmake)
[0.509s] -- Found rosidl_default_generators: 1.2.0 (/opt/ros/humble/share/rosidl_default_generators/cmake)
[0.696s] -- Found ament_cmake_ros: 0.10.0 (/opt/ros/humble/share/ament_cmake_ros/cmake)
[0.907s] -- Using all available rosidl_typesupport_c: rosidl_typesupport_fastrtps_c;rosidl_typesupport_introspection_c
[0.995s] -- Using all available rosidl_typesupport_cpp: rosidl_typesupport_fastrtps_cpp;rosidl_typesupport_introspection_cpp
[1.014s] -- Found python_cmake_module: 0.10.0 (/opt/ros/humble/share/python_cmake_module/cmake)
[1.032s] -- Using PYTHON_EXECUTABLE: /usr/bin/python3
[1.032s] -- Using PYTHON_INCLUDE_DIRS: /usr/include/python3.10
[1.032s] -- Using PYTHON_LIBRARIES: /usr/lib/x86_64-linux-gnu/libpython3.10.so
[1.044s] -- Found ament_lint_auto: 0.12.10 (/opt/ros/humble/share/ament_lint_auto/cmake)
[1.050s] -- Added test 'copyright' to check source files copyright and LICENSE
[1.052s] -- Added test 'cppcheck' to perform static code analysis on C / C++ code
[1.053s] -- Configured cppcheck include dirs: /home/fourdds/ros2_ws/src/boids/include;$<BUILD_INTERFACE:/home/fourdds/ros2_ws/src/boids/include/boids>
[1.053s] -- Configured cppcheck exclude dirs and/or files: 
[1.053s] -- Added test 'cpplint' to check C / C++ code against the Google style
[1.053s] -- Configured cpplint exclude dirs and/or files: 
[1.054s] -- Added test 'flake8' to check Python code syntax and style conventions
[1.054s] -- Added test 'lint_cmake' to check CMake code style
[1.054s] -- Added test 'pep257' to check Python code against some of the docstring style conventions in PEP 257
[1.055s] -- Added test 'uncrustify' to check C / C++ code style
[1.055s] -- Configured uncrustify additional arguments: 
[1.055s] -- Added test 'xmllint' to check XML markup files
[1.057s] -- Configuring done
[1.096s] -- Generating done
[1.098s] -- Build files have been written to: /home/fourdds/ros2_ws/build/boids
[1.126s] [  1%] [34m[1mGenerating C code for ROS interfaces[0m
[1.127s] [35m[1mConsolidate compiler generated dependencies of target frame_transforms[0m
[1.128s] [35m[1mConsolidate compiler generated dependencies of target swarm_spawner[0m
[1.132s] [  3%] [34m[1mGenerating C++ code for ROS interfaces[0m
[1.138s] [  6%] Built target frame_transforms
[1.142s] [  6%] Built target ament_cmake_python_copy_boids
[1.146s] [ 11%] [32mBuilding CXX object CMakeFiles/swarm_spawner.dir/src/base_station.cpp.o[0m
[1.146s] [ 11%] [32mBuilding CXX object CMakeFiles/swarm_spawner.dir/src/main.cpp.o[0m
[1.146s] [ 11%] [32mBuilding CXX object CMakeFiles/swarm_spawner.dir/src/uav_node.cpp.o[0m
[1.300s] running egg_info
[1.313s] writing boids.egg-info/PKG-INFO
[1.314s] writing dependency_links to boids.egg-info/dependency_links.txt
[1.314s] writing top-level names to boids.egg-info/top_level.txt
[1.346s] reading manifest file 'boids.egg-info/SOURCES.txt'
[1.347s] writing manifest file 'boids.egg-info/SOURCES.txt'
[1.388s] [ 11%] Built target ament_cmake_python_build_boids_egg
[1.452s] [ 11%] Built target boids__cpp
[1.461s] [ 14%] [34m[1mGenerating C++ type support for eProsima Fast-RTPS[0m
[1.462s] [ 16%] [34m[1mGenerating C++ introspection for ROS interfaces[0m
[1.462s] [ 16%] [34m[1mGenerating C++ type support dispatch for ROS interfaces[0m
[1.469s] [35m[1mConsolidate compiler generated dependencies of target boids__rosidl_generator_c[0m
[1.478s] [ 19%] [32mBuilding C object CMakeFiles/boids__rosidl_generator_c.dir/rosidl_generator_c/boids/msg/detail/flock_center_of_mass__functions.c.o[0m
[1.478s] [ 19%] [32mBuilding C object CMakeFiles/boids__rosidl_generator_c.dir/rosidl_generator_c/boids/msg/detail/flocking__functions.c.o[0m
[1.478s] [ 20%] [32mBuilding C object CMakeFiles/boids__rosidl_generator_c.dir/rosidl_generator_c/boids/msg/detail/swarm_options__functions.c.o[0m
[1.478s] [ 22%] [32mBuilding C object CMakeFiles/boids__rosidl_generator_c.dir/rosidl_generator_c/boids/msg/detail/geo_ping__functions.c.o[0m
[1.524s] [ 24%] [32m[1mLinking C shared library libboids__rosidl_generator_c.so[0m
[1.556s] [ 24%] Built target boids__rosidl_generator_c
[1.565s] [ 27%] [34m[1mGenerating C type support for eProsima Fast-RTPS[0m
[1.566s] [ 27%] [34m[1mGenerating C introspection for ROS interfaces[0m
[1.566s] [ 29%] [34m[1mGenerating C type support dispatch for ROS interfaces[0m
[1.731s] [35m[1mConsolidate compiler generated dependencies of target boids__rosidl_typesupport_cpp[0m
[1.742s] [ 33%] [32mBuilding CXX object CMakeFiles/boids__rosidl_typesupport_cpp.dir/rosidl_typesupport_cpp/boids/msg/swarm_options__type_support.cpp.o[0m
[1.742s] [ 33%] [32mBuilding CXX object CMakeFiles/boids__rosidl_typesupport_cpp.dir/rosidl_typesupport_cpp/boids/msg/geo_ping__type_support.cpp.o[0m
[1.742s] [ 35%] [32mBuilding CXX object CMakeFiles/boids__rosidl_typesupport_cpp.dir/rosidl_typesupport_cpp/boids/msg/flocking__type_support.cpp.o[0m
[1.742s] [ 35%] [32mBuilding CXX object CMakeFiles/boids__rosidl_typesupport_cpp.dir/rosidl_typesupport_cpp/boids/msg/flock_center_of_mass__type_support.cpp.o[0m
[1.813s] [35m[1mConsolidate compiler generated dependencies of target boids__rosidl_typesupport_introspection_cpp[0m
[1.827s] [ 41%] [32mBuilding CXX object CMakeFiles/boids__rosidl_typesupport_introspection_cpp.dir/rosidl_typesupport_introspection_cpp/boids/msg/detail/swarm_options__type_support.cpp.o[0m
[1.827s] [ 40%] [32mBuilding CXX object CMakeFiles/boids__rosidl_typesupport_introspection_cpp.dir/rosidl_typesupport_introspection_cpp/boids/msg/detail/flock_center_of_mass__type_support.cpp.o[0m
[1.827s] [ 41%] [32mBuilding CXX object CMakeFiles/boids__rosidl_typesupport_introspection_cpp.dir/rosidl_typesupport_introspection_cpp/boids/msg/detail/geo_ping__type_support.cpp.o[0m
[1.827s] [ 41%] [32mBuilding CXX object CMakeFiles/boids__rosidl_typesupport_introspection_cpp.dir/rosidl_typesupport_introspection_cpp/boids/msg/detail/flocking__type_support.cpp.o[0m
[1.827s] [35m[1mConsolidate compiler generated dependencies of target boids__rosidl_typesupport_fastrtps_cpp[0m
[1.845s] [ 46%] [32mBuilding CXX object CMakeFiles/boids__rosidl_typesupport_fastrtps_cpp.dir/rosidl_typesupport_fastrtps_cpp/boids/msg/detail/dds_fastrtps/geo_ping__type_support.cpp.o[0m
[1.845s] [ 46%] [32mBuilding CXX object CMakeFiles/boids__rosidl_typesupport_fastrtps_cpp.dir/rosidl_typesupport_fastrtps_cpp/boids/msg/detail/dds_fastrtps/flock_center_of_mass__type_support.cpp.o[0m
[1.845s] [ 46%] [32mBuilding CXX object CMakeFiles/boids__rosidl_typesupport_fastrtps_cpp.dir/rosidl_typesupport_fastrtps_cpp/boids/msg/detail/dds_fastrtps/flocking__type_support.cpp.o[0m
[1.847s] [ 48%] [32mBuilding CXX object CMakeFiles/boids__rosidl_typesupport_fastrtps_cpp.dir/rosidl_typesupport_fastrtps_cpp/boids/msg/detail/dds_fastrtps/swarm_options__type_support.cpp.o[0m
[1.883s] [35m[1mConsolidate compiler generated dependencies of target boids__rosidl_typesupport_c[0m
[1.902s] [ 50%] [32mBuilding CXX object CMakeFiles/boids__rosidl_typesupport_c.dir/rosidl_typesupport_c/boids/msg/swarm_options__type_support.cpp.o[0m
[1.903s] [ 51%] [32mBuilding CXX object CMakeFiles/boids__rosidl_typesupport_c.dir/rosidl_typesupport_c/boids/msg/flock_center_of_mass__type_support.cpp.o[0m
[1.914s] [ 53%] [32mBuilding CXX object CMakeFiles/boids__rosidl_typesupport_c.dir/rosidl_typesupport_c/boids/msg/flocking__type_support.cpp.o[0m
[1.914s] [ 54%] [32mBuilding CXX object CMakeFiles/boids__rosidl_typesupport_c.dir/rosidl_typesupport_c/boids/msg/geo_ping__type_support.cpp.o[0m
[1.996s] [ 56%] [32m[1mLinking CXX shared library libboids__rosidl_typesupport_c.so[0m
[2.024s] [35m[1mConsolidate compiler generated dependencies of target boids__rosidl_typesupport_introspection_c[0m
[2.034s] [35m[1mConsolidate compiler generated dependencies of target boids__rosidl_typesupport_fastrtps_c[0m
[2.046s] [ 58%] [32mBuilding C object CMakeFiles/boids__rosidl_typesupport_introspection_c.dir/rosidl_typesupport_introspection_c/boids/msg/detail/swarm_options__type_support.c.o[0m
[2.047s] [ 59%] [32mBuilding C object CMakeFiles/boids__rosidl_typesupport_introspection_c.dir/rosidl_typesupport_introspection_c/boids/msg/detail/geo_ping__type_support.c.o[0m
[2.055s] [ 61%] [32mBuilding C object CMakeFiles/boids__rosidl_typesupport_introspection_c.dir/rosidl_typesupport_introspection_c/boids/msg/detail/flock_center_of_mass__type_support.c.o[0m
[2.060s] [ 64%] [32mBuilding CXX object CMakeFiles/boids__rosidl_typesupport_fastrtps_c.dir/rosidl_typesupport_fastrtps_c/boids/msg/detail/flocking__type_support_c.cpp.o[0m
[2.060s] [ 64%] [32mBuilding CXX object CMakeFiles/boids__rosidl_typesupport_fastrtps_c.dir/rosidl_typesupport_fastrtps_c/boids/msg/detail/swarm_options__type_support_c.cpp.o[0m
[2.071s] [ 66%] [32mBuilding C object CMakeFiles/boids__rosidl_typesupport_introspection_c.dir/rosidl_typesupport_introspection_c/boids/msg/detail/flocking__type_support.c.o[0m
[2.072s] [ 67%] [32mBuilding CXX object CMakeFiles/boids__rosidl_typesupport_fastrtps_c.dir/rosidl_typesupport_fastrtps_c/boids/msg/detail/flock_center_of_mass__type_support_c.cpp.o[0m
[2.076s] [ 69%] [32mBuilding CXX object CMakeFiles/boids__rosidl_typesupport_fastrtps_c.dir/rosidl_typesupport_fastrtps_c/boids/msg/detail/geo_ping__type_support_c.cpp.o[0m
[2.085s] [ 69%] Built target boids__rosidl_typesupport_c
[2.138s] [ 70%] [32m[1mLinking C shared library libboids__rosidl_typesupport_introspection_c.so[0m
[2.164s] [ 72%] [32m[1mLinking CXX shared library libboids__rosidl_typesupport_cpp.so[0m
[2.181s] [ 72%] Built target boids__rosidl_typesupport_introspection_c
[2.222s] [ 72%] Built target boids__rosidl_typesupport_cpp
[2.516s] [ 74%] [32m[1mLinking CXX shared library libboids__rosidl_typesupport_introspection_cpp.so[0m
[2.558s] [ 75%] [32m[1mLinking CXX shared library libboids__rosidl_typesupport_fastrtps_cpp.so[0m
[2.559s] [ 75%] Built target boids__rosidl_typesupport_introspection_cpp
[2.620s] [ 77%] [32m[1mLinking CXX shared library libboids__rosidl_typesupport_fastrtps_c.so[0m
[2.655s] [ 77%] Built target boids__rosidl_typesupport_fastrtps_cpp
[2.707s] [ 77%] Built target boids__rosidl_typesupport_fastrtps_c
[2.722s] [ 77%] Built target boids
[2.738s] [ 79%] [34m[1mGenerating Python code for ROS interfaces[0m
[3.180s] [ 79%] Built target boids__py
[3.190s] [35m[1mConsolidate compiler generated dependencies of target boids__rosidl_generator_py[0m
[3.202s] [ 85%] [32mBuilding C object CMakeFiles/boids__rosidl_generator_py.dir/rosidl_generator_py/boids/msg/_swarm_options_s.c.o[0m
[3.202s] [ 85%] [32mBuilding C object CMakeFiles/boids__rosidl_generator_py.dir/rosidl_generator_py/boids/msg/_geo_ping_s.c.o[0m
[3.202s] [ 85%] [32mBuilding C object CMakeFiles/boids__rosidl_generator_py.dir/rosidl_generator_py/boids/msg/_flock_center_of_mass_s.c.o[0m
[3.202s] [ 85%] [32mBuilding C object CMakeFiles/boids__rosidl_generator_py.dir/rosidl_generator_py/boids/msg/_flocking_s.c.o[0m
[3.293s] [ 87%] [32m[1mLinking C shared library rosidl_generator_py/boids/libboids__rosidl_generator_py.so[0m
[3.325s] [ 87%] Built target boids__rosidl_generator_py
[3.333s] [35m[1mConsolidate compiler generated dependencies of target boids__rosidl_typesupport_c__pyext[0m
[3.333s] [35m[1mConsolidate compiler generated dependencies of target boids__rosidl_typesupport_introspection_c__pyext[0m
[3.334s] [35m[1mConsolidate compiler generated dependencies of target boids__rosidl_typesupport_fastrtps_c__pyext[0m
[3.345s] [ 91%] [32mBuilding C object CMakeFiles/boids__rosidl_typesupport_c__pyext.dir/rosidl_generator_py/boids/_boids_s.ep.rosidl_typesupport_c.c.o[0m
[3.345s] [ 91%] [32mBuilding C object CMakeFiles/boids__rosidl_typesupport_fastrtps_c__pyext.dir/rosidl_generator_py/boids/_boids_s.ep.rosidl_typesupport_fastrtps_c.c.o[0m
[3.345s] [ 91%] [32mBuilding C object CMakeFiles/boids__rosidl_typesupport_introspection_c__pyext.dir/rosidl_generator_py/boids/_boids_s.ep.rosidl_typesupport_introspection_c.c.o[0m
[3.428s] [ 93%] [32m[1mLinking C shared library rosidl_generator_py/boids/boids_s__rosidl_typesupport_fastrtps_c.cpython-310-x86_64-linux-gnu.so[0m
[3.428s] [ 95%] [32m[1mLinking C shared library rosidl_generator_py/boids/boids_s__rosidl_typesupport_introspection_c.cpython-310-x86_64-linux-gnu.so[0m
[3.434s] [ 96%] [32m[1mLinking C shared library rosidl_generator_py/boids/boids_s__rosidl_typesupport_c.cpython-310-x86_64-linux-gnu.so[0m
[3.457s] [ 96%] Built target boids__rosidl_typesupport_introspection_c__pyext
[3.457s] [ 96%] Built target boids__rosidl_typesupport_c__pyext
[3.461s] [ 96%] Built target boids__rosidl_typesupport_fastrtps_c__pyext
[4.971s] In file included from [01m[K/usr/include/x86_64-linux-gnu/c++/11/bits/c++allocator.h:33[m[K,
[4.971s]                  from [01m[K/usr/include/c++/11/bits/allocator.h:46[m[K,
[4.971s]                  from [01m[K/usr/include/c++/11/memory:64[m[K,
[4.971s]                  from [01m[K/opt/ros/humble/include/rclcpp/rclcpp/rclcpp.hpp:153[m[K,
[4.971s]                  from [01m[K/home/fourdds/ros2_ws/src/boids/src/uav_node.hpp:3[m[K,
[4.971s]                  from [01m[K/home/fourdds/ros2_ws/src/boids/src/main.cpp:1[m[K:
[4.971s] /usr/include/c++/11/ext/new_allocator.h: In instantiation of ‘[01m[Kvoid __gnu_cxx::new_allocator<_Tp>::construct(_Up*, _Args&& ...) [with _Up = Swarm::BaseStation; _Args = {int&, const Swarm::Options&}; _Tp = Swarm::BaseStation][m[K’:
[4.971s] [01m[K/usr/include/c++/11/bits/alloc_traits.h:516:17:[m[K   required from ‘[01m[Kstatic void std::allocator_traits<std::allocator<_Tp1> >::construct(std::allocator_traits<std::allocator<_Tp1> >::allocator_type&, _Up*, _Args&& ...) [with _Up = Swarm::BaseStation; _Args = {int&, const Swarm::Options&}; _Tp = Swarm::BaseStation; std::allocator_traits<std::allocator<_Tp1> >::allocator_type = std::allocator<Swarm::BaseStation>][m[K’
[4.971s] [01m[K/usr/include/c++/11/bits/shared_ptr_base.h:519:39:[m[K   required from ‘[01m[Kstd::_Sp_counted_ptr_inplace<_Tp, _Alloc, _Lp>::_Sp_counted_ptr_inplace(_Alloc, _Args&& ...) [with _Args = {int&, const Swarm::Options&}; _Tp = Swarm::BaseStation; _Alloc = std::allocator<Swarm::BaseStation>; __gnu_cxx::_Lock_policy _Lp = __gnu_cxx::_S_atomic][m[K’
[4.971s] [01m[K/usr/include/c++/11/bits/shared_ptr_base.h:650:16:[m[K   required from ‘[01m[Kstd::__shared_count<_Lp>::__shared_count(_Tp*&, std::_Sp_alloc_shared_tag<_Alloc>, _Args&& ...) [with _Tp = Swarm::BaseStation; _Alloc = std::allocator<Swarm::BaseStation>; _Args = {int&, const Swarm::Options&}; __gnu_cxx::_Lock_policy _Lp = __gnu_cxx::_S_atomic][m[K’
[4.971s] [01m[K/usr/include/c++/11/bits/shared_ptr_base.h:1342:14:[m[K   required from ‘[01m[Kstd::__shared_ptr<_Tp, _Lp>::__shared_ptr(std::_Sp_alloc_shared_tag<_Tp>, _Args&& ...) [with _Alloc = std::allocator<Swarm::BaseStation>; _Args = {int&, const Swarm::Options&}; _Tp = Swarm::BaseStation; __gnu_cxx::_Lock_policy _Lp = __gnu_cxx::_S_atomic][m[K’
[4.972s] [01m[K/usr/include/c++/11/bits/shared_ptr.h:409:59:[m[K   required from ‘[01m[Kstd::shared_ptr<_Tp>::shared_ptr(std::_Sp_alloc_shared_tag<_Tp>, _Args&& ...) [with _Alloc = std::allocator<Swarm::BaseStation>; _Args = {int&, const Swarm::Options&}; _Tp = Swarm::BaseStation][m[K’
[4.972s] [01m[K/usr/include/c++/11/bits/shared_ptr.h:862:14:[m[K   required from ‘[01m[Kstd::shared_ptr<_Tp> std::allocate_shared(const _Alloc&, _Args&& ...) [with _Tp = Swarm::BaseStation; _Alloc = std::allocator<Swarm::BaseStation>; _Args = {int&, const Swarm::Options&}][m[K’
[4.972s] [01m[K/usr/include/c++/11/bits/shared_ptr.h:878:39:[m[K   required from ‘[01m[Kstd::shared_ptr<_Tp> std::make_shared(_Args&& ...) [with _Tp = Swarm::BaseStation; _Args = {int&, const Swarm::Options&}][m[K’
[4.972s] [01m[K/home/fourdds/ros2_ws/src/boids/src/main.cpp:23:64:[m[K   required from here
[4.972s] [01m[K/usr/include/c++/11/ext/new_allocator.h:162:11:[m[K [01;31m[Kerror: [m[Kbinding reference of type ‘[01m[KSwarm::Options&[m[K’ to ‘[01m[Kconst Swarm::Options[m[K’ discards qualifiers
[4.972s]   162 |         { [01;31m[K::new((void *)__p) _Up(std::forward<_Args>(__args)...)[m[K; }
[4.972s]       |           [01;31m[K^~~~~~~~~~~~~~~~~~~~~~~~~~~~~~~~~~~~~~~~~~~~~~~~~~~~~~[m[K
[4.972s] In file included from [01m[K/home/fourdds/ros2_ws/src/boids/src/main.cpp:2[m[K:
[4.972s] [01m[K/home/fourdds/ros2_ws/src/boids/src/base_station.hpp:14:48:[m[K [01;36m[Knote: [m[K  initializing argument 2 of ‘[01m[KSwarm::BaseStation::BaseStation(int, Swarm::Options&)[m[K’
[4.972s]    14 |     BaseStation(const int swarm_size, [01;36m[KOptions& options_[m[K) : Node("BaseStation"), swarmSize(swarm_size), options(options_)
[4.972s]       |                                       [01;36m[K~~~~~~~~~^~~~~~~~[m[K
[5.092s] gmake[2]: *** [CMakeFiles/swarm_spawner.dir/build.make:104: CMakeFiles/swarm_spawner.dir/src/main.cpp.o] Error 1
[5.092s] gmake[2]: *** Waiting for unfinished jobs....
[26.317s] gmake[1]: *** [CMakeFiles/Makefile2:620: CMakeFiles/swarm_spawner.dir/all] Error 2
[26.317s] gmake: *** [Makefile:146: all] Error 2
[26.319s] Invoked command in '/home/fourdds/ros2_ws/build/boids' returned '2': CMAKE_PREFIX_PATH=/home/fourdds/ros2_ws/install/px4_msgs:/home/fourdds/ros2_ws/install/px4_ros_com:/home/fourdds/ros2_ws/install/boids:/opt/ros/humble LD_LIBRARY_PATH=/home/fourdds/ros2_ws/install/px4_msgs/lib:/home/fourdds/ros2_ws/install/px4_ros_com/lib:/home/fourdds/ros2_ws/install/boids/lib:/usr/lib/x86_64-linux-gnu/gazebo-11/plugins:/opt/ros/humble/opt/rviz_ogre_vendor/lib:/opt/ros/humble/lib/x86_64-linux-gnu:/opt/ros/humble/lib /usr/bin/cmake --build /home/fourdds/ros2_ws/build/boids -- -j24 -l24
