[0.009s] Invoking command in '/home/fourdds/ros2_ws/build/uuv_boids': CMAKE_PREFIX_PATH=/home/fourdds/ros2_ws/install/px4_msgs:/home/fourdds/ros2_ws/install/uuv_boids:/home/fourdds/ros2_ws/install/px4_ros_com:/home/fourdds/ros2_ws/install/iris-logger:/home/fourdds/ros2_ws/install/boids:/opt/ros/humble LD_LIBRARY_PATH=/home/fourdds/ros2_ws/install/px4_msgs/lib:/home/fourdds/ros2_ws/install/uuv_boids/lib:/home/fourdds/ros2_ws/install/px4_ros_com/lib:/home/fourdds/ros2_ws/install/boids/lib:/usr/lib/x86_64-linux-gnu/gazebo-11/plugins:/opt/ros/humble/opt/rviz_ogre_vendor/lib:/opt/ros/humble/lib/x86_64-linux-gnu:/opt/ros/humble/lib /usr/bin/cmake --build /home/fourdds/ros2_ws/build/uuv_boids -- -j24 -l24
[0.030s] [35m[1mConsolidate compiler generated dependencies of target swarm_spawner[0m
[0.032s] [  2%] Built target uuv_boids__cpp
[0.033s] [ 10%] Built target uuv_boids__rosidl_generator_c
[0.034s] [ 15%] Built target frame_transforms
[0.040s] [ 15%] Built target ament_cmake_python_copy_uuv_boids
[0.044s] [ 17%] [32mBuilding CXX object CMakeFiles/swarm_spawner.dir/src/uav_node.cpp.o[0m
[0.044s] [ 26%] Built target uuv_boids__rosidl_typesupport_introspection_cpp
[0.044s] [ 34%] Built target uuv_boids__rosidl_typesupport_fastrtps_c
[0.045s] [ 43%] Built target uuv_boids__rosidl_typesupport_cpp
[0.046s] [ 58%] Built target uuv_boids__rosidl_typesupport_introspection_c
[0.046s] [ 60%] Built target uuv_boids__rosidl_typesupport_c
[0.046s] [ 69%] Built target uuv_boids__rosidl_typesupport_fastrtps_cpp
[0.056s] [ 69%] Built target uuv_boids
[0.065s] [ 71%] Built target uuv_boids__py
[0.076s] [ 78%] Built target uuv_boids__rosidl_generator_py
[0.088s] [ 86%] Built target uuv_boids__rosidl_typesupport_c__pyext
[0.088s] [ 86%] Built target uuv_boids__rosidl_typesupport_fastrtps_c__pyext
[0.088s] [ 91%] Built target uuv_boids__rosidl_typesupport_introspection_c__pyext
[0.146s] running egg_info
[0.154s] writing uuv_boids.egg-info/PKG-INFO
[0.154s] writing dependency_links to uuv_boids.egg-info/dependency_links.txt
[0.154s] writing top-level names to uuv_boids.egg-info/top_level.txt
[0.176s] reading manifest file 'uuv_boids.egg-info/SOURCES.txt'
[0.177s] writing manifest file 'uuv_boids.egg-info/SOURCES.txt'
[0.197s] [ 91%] Built target ament_cmake_python_build_uuv_boids_egg
[13.178s] [ 93%] [32m[1mLinking CXX executable swarm_spawner[0m
[13.347s] [100%] Built target swarm_spawner
[13.354s] Invoked command in '/home/fourdds/ros2_ws/build/uuv_boids' returned '0': CMAKE_PREFIX_PATH=/home/fourdds/ros2_ws/install/px4_msgs:/home/fourdds/ros2_ws/install/uuv_boids:/home/fourdds/ros2_ws/install/px4_ros_com:/home/fourdds/ros2_ws/install/iris-logger:/home/fourdds/ros2_ws/install/boids:/opt/ros/humble LD_LIBRARY_PATH=/home/fourdds/ros2_ws/install/px4_msgs/lib:/home/fourdds/ros2_ws/install/uuv_boids/lib:/home/fourdds/ros2_ws/install/px4_ros_com/lib:/home/fourdds/ros2_ws/install/boids/lib:/usr/lib/x86_64-linux-gnu/gazebo-11/plugins:/opt/ros/humble/opt/rviz_ogre_vendor/lib:/opt/ros/humble/lib/x86_64-linux-gnu:/opt/ros/humble/lib /usr/bin/cmake --build /home/fourdds/ros2_ws/build/uuv_boids -- -j24 -l24
[13.400s] Invoking command in '/home/fourdds/ros2_ws/build/uuv_boids': CMAKE_PREFIX_PATH=/home/fourdds/ros2_ws/install/px4_msgs:/home/fourdds/ros2_ws/install/uuv_boids:/home/fourdds/ros2_ws/install/px4_ros_com:/home/fourdds/ros2_ws/install/iris-logger:/home/fourdds/ros2_ws/install/boids:/opt/ros/humble LD_LIBRARY_PATH=/home/fourdds/ros2_ws/install/px4_msgs/lib:/home/fourdds/ros2_ws/install/uuv_boids/lib:/home/fourdds/ros2_ws/install/px4_ros_com/lib:/home/fourdds/ros2_ws/install/boids/lib:/usr/lib/x86_64-linux-gnu/gazebo-11/plugins:/opt/ros/humble/opt/rviz_ogre_vendor/lib:/opt/ros/humble/lib/x86_64-linux-gnu:/opt/ros/humble/lib /usr/bin/cmake --install /home/fourdds/ros2_ws/build/uuv_boids
[13.403s] -- Install configuration: ""
[13.404s] -- Up-to-date: /home/fourdds/ros2_ws/install/uuv_boids/share/ament_index/resource_index/rosidl_interfaces/uuv_boids
[13.404s] -- Up-to-date: /home/fourdds/ros2_ws/install/uuv_boids/include/uuv_boids/uuv_boids
[13.404s] -- Up-to-date: /home/fourdds/ros2_ws/install/uuv_boids/include/uuv_boids/uuv_boids/msg
[13.404s] -- Up-to-date: /home/fourdds/ros2_ws/install/uuv_boids/include/uuv_boids/uuv_boids/msg/rosidl_generator_c__visibility_control.h
[13.404s] -- Up-to-date: /home/fourdds/ros2_ws/install/uuv_boids/include/uuv_boids/uuv_boids/msg/detail
[13.404s] -- Up-to-date: /home/fourdds/ros2_ws/install/uuv_boids/include/uuv_boids/uuv_boids/msg/detail/flocking__functions.c
[13.404s] -- Up-to-date: /home/fourdds/ros2_ws/install/uuv_boids/include/uuv_boids/uuv_boids/msg/detail/geo_ping__type_support.h
[13.404s] -- Up-to-date: /home/fourdds/ros2_ws/install/uuv_boids/include/uuv_boids/uuv_boids/msg/detail/geo_ping__functions.c
[13.404s] -- Up-to-date: /home/fourdds/ros2_ws/install/uuv_boids/include/uuv_boids/uuv_boids/msg/detail/flocking__functions.h
[13.404s] -- Up-to-date: /home/fourdds/ros2_ws/install/uuv_boids/include/uuv_boids/uuv_boids/msg/detail/flocking__struct.h
[13.404s] -- Up-to-date: /home/fourdds/ros2_ws/install/uuv_boids/include/uuv_boids/uuv_boids/msg/detail/flocking__type_support.h
[13.405s] -- Up-to-date: /home/fourdds/ros2_ws/install/uuv_boids/include/uuv_boids/uuv_boids/msg/detail/geo_ping__struct.h
[13.405s] -- Up-to-date: /home/fourdds/ros2_ws/install/uuv_boids/include/uuv_boids/uuv_boids/msg/detail/geo_ping__functions.h
[13.405s] -- Up-to-date: /home/fourdds/ros2_ws/install/uuv_boids/include/uuv_boids/uuv_boids/msg/geo_ping.h
[13.405s] -- Up-to-date: /home/fourdds/ros2_ws/install/uuv_boids/include/uuv_boids/uuv_boids/msg/flocking.h
[13.405s] -- Up-to-date: /home/fourdds/ros2_ws/install/uuv_boids/share/uuv_boids/environment/library_path.sh
[13.405s] -- Up-to-date: /home/fourdds/ros2_ws/install/uuv_boids/share/uuv_boids/environment/library_path.dsv
[13.405s] -- Up-to-date: /home/fourdds/ros2_ws/install/uuv_boids/lib/libuuv_boids__rosidl_generator_c.so
[13.405s] -- Up-to-date: /home/fourdds/ros2_ws/install/uuv_boids/include/uuv_boids/uuv_boids
[13.405s] -- Up-to-date: /home/fourdds/ros2_ws/install/uuv_boids/include/uuv_boids/uuv_boids/msg
[13.405s] -- Up-to-date: /home/fourdds/ros2_ws/install/uuv_boids/include/uuv_boids/uuv_boids/msg/detail
[13.405s] -- Up-to-date: /home/fourdds/ros2_ws/install/uuv_boids/include/uuv_boids/uuv_boids/msg/detail/geo_ping__rosidl_typesupport_fastrtps_c.h
[13.405s] -- Up-to-date: /home/fourdds/ros2_ws/install/uuv_boids/include/uuv_boids/uuv_boids/msg/detail/flocking__rosidl_typesupport_fastrtps_c.h
[13.405s] -- Up-to-date: /home/fourdds/ros2_ws/install/uuv_boids/include/uuv_boids/uuv_boids/msg/rosidl_typesupport_fastrtps_c__visibility_control.h
[13.405s] -- Up-to-date: /home/fourdds/ros2_ws/install/uuv_boids/lib/libuuv_boids__rosidl_typesupport_fastrtps_c.so
[13.405s] -- Up-to-date: /home/fourdds/ros2_ws/install/uuv_boids/include/uuv_boids/uuv_boids
[13.405s] -- Up-to-date: /home/fourdds/ros2_ws/install/uuv_boids/include/uuv_boids/uuv_boids/msg
[13.405s] -- Up-to-date: /home/fourdds/ros2_ws/install/uuv_boids/include/uuv_boids/uuv_boids/msg/geo_ping.hpp
[13.406s] -- Up-to-date: /home/fourdds/ros2_ws/install/uuv_boids/include/uuv_boids/uuv_boids/msg/detail
[13.406s] -- Up-to-date: /home/fourdds/ros2_ws/install/uuv_boids/include/uuv_boids/uuv_boids/msg/detail/flocking__builder.hpp
[13.406s] -- Up-to-date: /home/fourdds/ros2_ws/install/uuv_boids/include/uuv_boids/uuv_boids/msg/detail/geo_ping__traits.hpp
[13.406s] -- Up-to-date: /home/fourdds/ros2_ws/install/uuv_boids/include/uuv_boids/uuv_boids/msg/detail/flocking__traits.hpp
[13.406s] -- Up-to-date: /home/fourdds/ros2_ws/install/uuv_boids/include/uuv_boids/uuv_boids/msg/detail/geo_ping__builder.hpp
[13.406s] -- Up-to-date: /home/fourdds/ros2_ws/install/uuv_boids/include/uuv_boids/uuv_boids/msg/detail/flocking__struct.hpp
[13.406s] -- Up-to-date: /home/fourdds/ros2_ws/install/uuv_boids/include/uuv_boids/uuv_boids/msg/detail/geo_ping__struct.hpp
[13.406s] -- Up-to-date: /home/fourdds/ros2_ws/install/uuv_boids/include/uuv_boids/uuv_boids/msg/flocking.hpp
[13.406s] -- Up-to-date: /home/fourdds/ros2_ws/install/uuv_boids/include/uuv_boids/uuv_boids
[13.406s] -- Up-to-date: /home/fourdds/ros2_ws/install/uuv_boids/include/uuv_boids/uuv_boids/msg
[13.406s] -- Up-to-date: /home/fourdds/ros2_ws/install/uuv_boids/include/uuv_boids/uuv_boids/msg/detail
[13.406s] -- Up-to-date: /home/fourdds/ros2_ws/install/uuv_boids/include/uuv_boids/uuv_boids/msg/detail/flocking__rosidl_typesupport_fastrtps_cpp.hpp
[13.406s] -- Up-to-date: /home/fourdds/ros2_ws/install/uuv_boids/include/uuv_boids/uuv_boids/msg/detail/geo_ping__rosidl_typesupport_fastrtps_cpp.hpp
[13.407s] -- Up-to-date: /home/fourdds/ros2_ws/install/uuv_boids/include/uuv_boids/uuv_boids/msg/detail/dds_fastrtps
[13.407s] -- Up-to-date: /home/fourdds/ros2_ws/install/uuv_boids/include/uuv_boids/uuv_boids/msg/rosidl_typesupport_fastrtps_cpp__visibility_control.h
[13.407s] -- Up-to-date: /home/fourdds/ros2_ws/install/uuv_boids/lib/libuuv_boids__rosidl_typesupport_fastrtps_cpp.so
[13.407s] -- Up-to-date: /home/fourdds/ros2_ws/install/uuv_boids/include/uuv_boids/uuv_boids
[13.407s] -- Up-to-date: /home/fourdds/ros2_ws/install/uuv_boids/include/uuv_boids/uuv_boids/msg
[13.407s] -- Up-to-date: /home/fourdds/ros2_ws/install/uuv_boids/include/uuv_boids/uuv_boids/msg/detail
[13.407s] -- Up-to-date: /home/fourdds/ros2_ws/install/uuv_boids/include/uuv_boids/uuv_boids/msg/detail/geo_ping__rosidl_typesupport_introspection_c.h
[13.407s] -- Up-to-date: /home/fourdds/ros2_ws/install/uuv_boids/include/uuv_boids/uuv_boids/msg/detail/geo_ping__type_support.c
[13.407s] -- Up-to-date: /home/fourdds/ros2_ws/install/uuv_boids/include/uuv_boids/uuv_boids/msg/detail/flocking__type_support.c
[13.407s] -- Up-to-date: /home/fourdds/ros2_ws/install/uuv_boids/include/uuv_boids/uuv_boids/msg/detail/flocking__rosidl_typesupport_introspection_c.h
[13.407s] -- Up-to-date: /home/fourdds/ros2_ws/install/uuv_boids/include/uuv_boids/uuv_boids/msg/rosidl_typesupport_introspection_c__visibility_control.h
[13.407s] -- Up-to-date: /home/fourdds/ros2_ws/install/uuv_boids/lib/libuuv_boids__rosidl_typesupport_introspection_c.so
[13.407s] -- Up-to-date: /home/fourdds/ros2_ws/install/uuv_boids/lib/libuuv_boids__rosidl_typesupport_c.so
[13.407s] -- Up-to-date: /home/fourdds/ros2_ws/install/uuv_boids/include/uuv_boids/uuv_boids
[13.407s] -- Up-to-date: /home/fourdds/ros2_ws/install/uuv_boids/include/uuv_boids/uuv_boids/msg
[13.407s] -- Up-to-date: /home/fourdds/ros2_ws/install/uuv_boids/include/uuv_boids/uuv_boids/msg/detail
[13.407s] -- Up-to-date: /home/fourdds/ros2_ws/install/uuv_boids/include/uuv_boids/uuv_boids/msg/detail/geo_ping__type_support.cpp
[13.407s] -- Up-to-date: /home/fourdds/ros2_ws/install/uuv_boids/include/uuv_boids/uuv_boids/msg/detail/flocking__rosidl_typesupport_introspection_cpp.hpp
[13.407s] -- Up-to-date: /home/fourdds/ros2_ws/install/uuv_boids/include/uuv_boids/uuv_boids/msg/detail/geo_ping__rosidl_typesupport_introspection_cpp.hpp
[13.407s] -- Up-to-date: /home/fourdds/ros2_ws/install/uuv_boids/include/uuv_boids/uuv_boids/msg/detail/flocking__type_support.cpp
[13.408s] -- Up-to-date: /home/fourdds/ros2_ws/install/uuv_boids/lib/libuuv_boids__rosidl_typesupport_introspection_cpp.so
[13.408s] -- Up-to-date: /home/fourdds/ros2_ws/install/uuv_boids/lib/libuuv_boids__rosidl_typesupport_cpp.so
[13.408s] -- Up-to-date: /home/fourdds/ros2_ws/install/uuv_boids/share/uuv_boids/environment/pythonpath.sh
[13.408s] -- Up-to-date: /home/fourdds/ros2_ws/install/uuv_boids/share/uuv_boids/environment/pythonpath.dsv
[13.408s] -- Up-to-date: /home/fourdds/ros2_ws/install/uuv_boids/local/lib/python3.10/dist-packages/uuv_boids-0.0.0-py3.10.egg-info
[13.408s] -- Installing: /home/fourdds/ros2_ws/install/uuv_boids/local/lib/python3.10/dist-packages/uuv_boids-0.0.0-py3.10.egg-info/dependency_links.txt
[13.408s] -- Installing: /home/fourdds/ros2_ws/install/uuv_boids/local/lib/python3.10/dist-packages/uuv_boids-0.0.0-py3.10.egg-info/SOURCES.txt
[13.408s] -- Installing: /home/fourdds/ros2_ws/install/uuv_boids/local/lib/python3.10/dist-packages/uuv_boids-0.0.0-py3.10.egg-info/PKG-INFO
[13.408s] -- Installing: /home/fourdds/ros2_ws/install/uuv_boids/local/lib/python3.10/dist-packages/uuv_boids-0.0.0-py3.10.egg-info/top_level.txt
[13.408s] -- Up-to-date: /home/fourdds/ros2_ws/install/uuv_boids/local/lib/python3.10/dist-packages/uuv_boids
[13.408s] -- Up-to-date: /home/fourdds/ros2_ws/install/uuv_boids/local/lib/python3.10/dist-packages/uuv_boids/_uuv_boids_s.ep.rosidl_typesupport_c.c
[13.408s] -- Up-to-date: /home/fourdds/ros2_ws/install/uuv_boids/local/lib/python3.10/dist-packages/uuv_boids/libuuv_boids__rosidl_generator_py.so
[13.408s] -- Up-to-date: /home/fourdds/ros2_ws/install/uuv_boids/local/lib/python3.10/dist-packages/uuv_boids/uuv_boids_s__rosidl_typesupport_c.cpython-310-x86_64-linux-gnu.so
[13.408s] -- Up-to-date: /home/fourdds/ros2_ws/install/uuv_boids/local/lib/python3.10/dist-packages/uuv_boids/msg
[13.408s] -- Up-to-date: /home/fourdds/ros2_ws/install/uuv_boids/local/lib/python3.10/dist-packages/uuv_boids/msg/_flocking.py
[13.408s] -- Up-to-date: /home/fourdds/ros2_ws/install/uuv_boids/local/lib/python3.10/dist-packages/uuv_boids/msg/_geo_ping_s.c
[13.408s] -- Up-to-date: /home/fourdds/ros2_ws/install/uuv_boids/local/lib/python3.10/dist-packages/uuv_boids/msg/_flocking_s.c
[13.408s] -- Up-to-date: /home/fourdds/ros2_ws/install/uuv_boids/local/lib/python3.10/dist-packages/uuv_boids/msg/_geo_ping.py
[13.408s] -- Up-to-date: /home/fourdds/ros2_ws/install/uuv_boids/local/lib/python3.10/dist-packages/uuv_boids/msg/__init__.py
[13.408s] -- Up-to-date: /home/fourdds/ros2_ws/install/uuv_boids/local/lib/python3.10/dist-packages/uuv_boids/_uuv_boids_s.ep.rosidl_typesupport_introspection_c.c
[13.408s] -- Up-to-date: /home/fourdds/ros2_ws/install/uuv_boids/local/lib/python3.10/dist-packages/uuv_boids/uuv_boids_s__rosidl_typesupport_introspection_c.cpython-310-x86_64-linux-gnu.so
[13.408s] -- Up-to-date: /home/fourdds/ros2_ws/install/uuv_boids/local/lib/python3.10/dist-packages/uuv_boids/_uuv_boids_s.ep.rosidl_typesupport_fastrtps_c.c
[13.408s] -- Up-to-date: /home/fourdds/ros2_ws/install/uuv_boids/local/lib/python3.10/dist-packages/uuv_boids/uuv_boids_s__rosidl_typesupport_fastrtps_c.cpython-310-x86_64-linux-gnu.so
[13.408s] -- Up-to-date: /home/fourdds/ros2_ws/install/uuv_boids/local/lib/python3.10/dist-packages/uuv_boids/__init__.py
[13.426s] Listing '/home/fourdds/ros2_ws/install/uuv_boids/local/lib/python3.10/dist-packages/uuv_boids'...
[13.426s] Listing '/home/fourdds/ros2_ws/install/uuv_boids/local/lib/python3.10/dist-packages/uuv_boids/msg'...
[13.429s] -- Up-to-date: /home/fourdds/ros2_ws/install/uuv_boids/local/lib/python3.10/dist-packages/uuv_boids/uuv_boids_s__rosidl_typesupport_fastrtps_c.cpython-310-x86_64-linux-gnu.so
[13.429s] -- Up-to-date: /home/fourdds/ros2_ws/install/uuv_boids/local/lib/python3.10/dist-packages/uuv_boids/uuv_boids_s__rosidl_typesupport_introspection_c.cpython-310-x86_64-linux-gnu.so
[13.429s] -- Up-to-date: /home/fourdds/ros2_ws/install/uuv_boids/local/lib/python3.10/dist-packages/uuv_boids/uuv_boids_s__rosidl_typesupport_c.cpython-310-x86_64-linux-gnu.so
[13.429s] -- Up-to-date: /home/fourdds/ros2_ws/install/uuv_boids/lib/libuuv_boids__rosidl_generator_py.so
[13.429s] -- Up-to-date: /home/fourdds/ros2_ws/install/uuv_boids/share/uuv_boids/msg/GeoPing.idl
[13.429s] -- Up-to-date: /home/fourdds/ros2_ws/install/uuv_boids/share/uuv_boids/msg/Flocking.idl
[13.429s] -- Up-to-date: /home/fourdds/ros2_ws/install/uuv_boids/share/uuv_boids/msg/GeoPing.msg
[13.429s] -- Up-to-date: /home/fourdds/ros2_ws/install/uuv_boids/share/uuv_boids/msg/Flocking.msg
[13.429s] -- Installing: /home/fourdds/ros2_ws/install/uuv_boids/lib/uuv_boids/swarm_spawner
[13.431s] -- Set runtime path of "/home/fourdds/ros2_ws/install/uuv_boids/lib/uuv_boids/swarm_spawner" to ""
[13.431s] -- Up-to-date: /home/fourdds/ros2_ws/install/uuv_boids/include/uuv_boids
[13.431s] -- Up-to-date: /home/fourdds/ros2_ws/install/uuv_boids/include/uuv_boids/placeholder.txt:Zone.Identifier
[13.431s] -- Up-to-date: /home/fourdds/ros2_ws/install/uuv_boids/include/uuv_boids/placeholder.txt
[13.431s] -- Up-to-date: /home/fourdds/ros2_ws/install/uuv_boids/include/uuv_boids/placeholder.txt:Zone.Identifier:Zone.Identifier
[13.431s] -- Up-to-date: /home/fourdds/ros2_ws/install/uuv_boids/lib/libframe_transforms.so
[13.432s] -- Up-to-date: /home/fourdds/ros2_ws/install/uuv_boids/share/uuv_boids//launch
[13.432s] -- Up-to-date: /home/fourdds/ros2_ws/install/uuv_boids/share/uuv_boids//launch/boids.launch.py
[13.432s] -- Up-to-date: /home/fourdds/ros2_ws/install/uuv_boids/share/uuv_boids//test
[13.432s] -- Up-to-date: /home/fourdds/ros2_ws/install/uuv_boids/share/uuv_boids//test/placeholder.txt:Zone.Identifier
[13.432s] -- Up-to-date: /home/fourdds/ros2_ws/install/uuv_boids/share/uuv_boids//test/placeholder.txt
[13.432s] -- Up-to-date: /home/fourdds/ros2_ws/install/uuv_boids/share/uuv_boids//test/placeholder.txt:Zone.Identifier:Zone.Identifier
[13.432s] -- Up-to-date: /home/fourdds/ros2_ws/install/uuv_boids/share/ament_index/resource_index/package_run_dependencies/uuv_boids
[13.432s] -- Up-to-date: /home/fourdds/ros2_ws/install/uuv_boids/share/ament_index/resource_index/parent_prefix_path/uuv_boids
[13.432s] -- Up-to-date: /home/fourdds/ros2_ws/install/uuv_boids/share/uuv_boids/environment/ament_prefix_path.sh
[13.432s] -- Up-to-date: /home/fourdds/ros2_ws/install/uuv_boids/share/uuv_boids/environment/ament_prefix_path.dsv
[13.432s] -- Up-to-date: /home/fourdds/ros2_ws/install/uuv_boids/share/uuv_boids/environment/path.sh
[13.432s] -- Up-to-date: /home/fourdds/ros2_ws/install/uuv_boids/share/uuv_boids/environment/path.dsv
[13.432s] -- Up-to-date: /home/fourdds/ros2_ws/install/uuv_boids/share/uuv_boids/local_setup.bash
[13.433s] -- Up-to-date: /home/fourdds/ros2_ws/install/uuv_boids/share/uuv_boids/local_setup.sh
[13.433s] -- Up-to-date: /home/fourdds/ros2_ws/install/uuv_boids/share/uuv_boids/local_setup.zsh
[13.433s] -- Up-to-date: /home/fourdds/ros2_ws/install/uuv_boids/share/uuv_boids/local_setup.dsv
[13.433s] -- Installing: /home/fourdds/ros2_ws/install/uuv_boids/share/uuv_boids/package.dsv
[13.433s] -- Up-to-date: /home/fourdds/ros2_ws/install/uuv_boids/share/ament_index/resource_index/packages/uuv_boids
[13.433s] -- Up-to-date: /home/fourdds/ros2_ws/install/uuv_boids/share/uuv_boids/cmake/export_uuv_boids__rosidl_generator_cExport.cmake
[13.433s] -- Up-to-date: /home/fourdds/ros2_ws/install/uuv_boids/share/uuv_boids/cmake/export_uuv_boids__rosidl_generator_cExport-noconfig.cmake
[13.433s] -- Up-to-date: /home/fourdds/ros2_ws/install/uuv_boids/share/uuv_boids/cmake/export_uuv_boids__rosidl_typesupport_fastrtps_cExport.cmake
[13.433s] -- Up-to-date: /home/fourdds/ros2_ws/install/uuv_boids/share/uuv_boids/cmake/export_uuv_boids__rosidl_typesupport_fastrtps_cExport-noconfig.cmake
[13.433s] -- Up-to-date: /home/fourdds/ros2_ws/install/uuv_boids/share/uuv_boids/cmake/export_uuv_boids__rosidl_generator_cppExport.cmake
[13.433s] -- Up-to-date: /home/fourdds/ros2_ws/install/uuv_boids/share/uuv_boids/cmake/export_uuv_boids__rosidl_typesupport_fastrtps_cppExport.cmake
[13.433s] -- Up-to-date: /home/fourdds/ros2_ws/install/uuv_boids/share/uuv_boids/cmake/export_uuv_boids__rosidl_typesupport_fastrtps_cppExport-noconfig.cmake
[13.433s] -- Up-to-date: /home/fourdds/ros2_ws/install/uuv_boids/share/uuv_boids/cmake/uuv_boids__rosidl_typesupport_introspection_cExport.cmake
[13.433s] -- Up-to-date: /home/fourdds/ros2_ws/install/uuv_boids/share/uuv_boids/cmake/uuv_boids__rosidl_typesupport_introspection_cExport-noconfig.cmake
[13.433s] -- Up-to-date: /home/fourdds/ros2_ws/install/uuv_boids/share/uuv_boids/cmake/uuv_boids__rosidl_typesupport_cExport.cmake
[13.433s] -- Up-to-date: /home/fourdds/ros2_ws/install/uuv_boids/share/uuv_boids/cmake/uuv_boids__rosidl_typesupport_cExport-noconfig.cmake
[13.433s] -- Up-to-date: /home/fourdds/ros2_ws/install/uuv_boids/share/uuv_boids/cmake/uuv_boids__rosidl_typesupport_introspection_cppExport.cmake
[13.433s] -- Up-to-date: /home/fourdds/ros2_ws/install/uuv_boids/share/uuv_boids/cmake/uuv_boids__rosidl_typesupport_introspection_cppExport-noconfig.cmake
[13.433s] -- Up-to-date: /home/fourdds/ros2_ws/install/uuv_boids/share/uuv_boids/cmake/uuv_boids__rosidl_typesupport_cppExport.cmake
[13.433s] -- Up-to-date: /home/fourdds/ros2_ws/install/uuv_boids/share/uuv_boids/cmake/uuv_boids__rosidl_typesupport_cppExport-noconfig.cmake
[13.433s] -- Up-to-date: /home/fourdds/ros2_ws/install/uuv_boids/share/uuv_boids/cmake/export_uuv_boids__rosidl_generator_pyExport.cmake
[13.433s] -- Up-to-date: /home/fourdds/ros2_ws/install/uuv_boids/share/uuv_boids/cmake/export_uuv_boids__rosidl_generator_pyExport-noconfig.cmake
[13.433s] -- Up-to-date: /home/fourdds/ros2_ws/install/uuv_boids/share/uuv_boids/cmake/export_frame_transformsExport.cmake
[13.434s] -- Up-to-date: /home/fourdds/ros2_ws/install/uuv_boids/share/uuv_boids/cmake/export_frame_transformsExport-noconfig.cmake
[13.434s] -- Up-to-date: /home/fourdds/ros2_ws/install/uuv_boids/share/uuv_boids/cmake/rosidl_cmake-extras.cmake
[13.434s] -- Up-to-date: /home/fourdds/ros2_ws/install/uuv_boids/share/uuv_boids/cmake/ament_cmake_export_include_directories-extras.cmake
[13.434s] -- Up-to-date: /home/fourdds/ros2_ws/install/uuv_boids/share/uuv_boids/cmake/ament_cmake_export_libraries-extras.cmake
[13.434s] -- Up-to-date: /home/fourdds/ros2_ws/install/uuv_boids/share/uuv_boids/cmake/ament_cmake_export_targets-extras.cmake
[13.434s] -- Up-to-date: /home/fourdds/ros2_ws/install/uuv_boids/share/uuv_boids/cmake/rosidl_cmake_export_typesupport_targets-extras.cmake
[13.434s] -- Up-to-date: /home/fourdds/ros2_ws/install/uuv_boids/share/uuv_boids/cmake/ament_cmake_export_dependencies-extras.cmake
[13.434s] -- Up-to-date: /home/fourdds/ros2_ws/install/uuv_boids/share/uuv_boids/cmake/rosidl_cmake_export_typesupport_libraries-extras.cmake
[13.434s] -- Up-to-date: /home/fourdds/ros2_ws/install/uuv_boids/share/uuv_boids/cmake/uuv_boidsConfig.cmake
[13.434s] -- Up-to-date: /home/fourdds/ros2_ws/install/uuv_boids/share/uuv_boids/cmake/uuv_boidsConfig-version.cmake
[13.434s] -- Up-to-date: /home/fourdds/ros2_ws/install/uuv_boids/share/uuv_boids/package.xml
[13.435s] Invoked command in '/home/fourdds/ros2_ws/build/uuv_boids' returned '0': CMAKE_PREFIX_PATH=/home/fourdds/ros2_ws/install/px4_msgs:/home/fourdds/ros2_ws/install/uuv_boids:/home/fourdds/ros2_ws/install/px4_ros_com:/home/fourdds/ros2_ws/install/iris-logger:/home/fourdds/ros2_ws/install/boids:/opt/ros/humble LD_LIBRARY_PATH=/home/fourdds/ros2_ws/install/px4_msgs/lib:/home/fourdds/ros2_ws/install/uuv_boids/lib:/home/fourdds/ros2_ws/install/px4_ros_com/lib:/home/fourdds/ros2_ws/install/boids/lib:/usr/lib/x86_64-linux-gnu/gazebo-11/plugins:/opt/ros/humble/opt/rviz_ogre_vendor/lib:/opt/ros/humble/lib/x86_64-linux-gnu:/opt/ros/humble/lib /usr/bin/cmake --install /home/fourdds/ros2_ws/build/uuv_boids
