[1.649s] Invoking command in '/home/fourdds/ros2_ws/src/analysis': PYTHONPATH=/home/fourdds/ros2_ws/build/analysis/prefix_override:/usr/lib/python3/dist-packages/colcon_core/task/python/colcon_distutils_commands:/home/fourdds/ros2_ws/install/analysis/lib/python3.10/site-packages:${PYTHONPATH} /usr/bin/python3 -W ignore:setup.py install is deprecated setup.py egg_info --egg-base ../../build/analysis build --build-base /home/fourdds/ros2_ws/build/analysis/build install --record /home/fourdds/ros2_ws/build/analysis/install.log --single-version-externally-managed install_data
[1.947s] running egg_info
[1.962s] writing ../../build/analysis/analysis.egg-info/PKG-INFO
[1.964s] writing dependency_links to ../../build/analysis/analysis.egg-info/dependency_links.txt
[1.964s] writing entry points to ../../build/analysis/analysis.egg-info/entry_points.txt
[1.965s] writing requirements to ../../build/analysis/analysis.egg-info/requires.txt
[1.965s] writing top-level names to ../../build/analysis/analysis.egg-info/top_level.txt
[1.993s] reading manifest file '../../build/analysis/analysis.egg-info/SOURCES.txt'
[1.993s] adding license file 'LICENSE'
[1.995s] writing manifest file '../../build/analysis/analysis.egg-info/SOURCES.txt'
[1.995s] running build
[1.995s] running build_py
[1.996s] running install
[2.001s] running install_lib
[2.017s] running install_data
[2.017s] running install_egg_info
[2.035s] removing '/home/fourdds/ros2_ws/install/analysis/lib/python3.10/site-packages/analysis-0.0.0-py3.10.egg-info' (and everything under it)
[2.036s] Copying ../../build/analysis/analysis.egg-info to /home/fourdds/ros2_ws/install/analysis/lib/python3.10/site-packages/analysis-0.0.0-py3.10.egg-info
[2.037s] running install_scripts
[2.179s] Installing ConvertToCSV script to /home/fourdds/ros2_ws/install/analysis/lib/analysis
[2.180s] writing list of installed files to '/home/fourdds/ros2_ws/build/analysis/install.log'
[2.266s] Invoked command in '/home/fourdds/ros2_ws/src/analysis' returned '0': PYTHONPATH=/home/fourdds/ros2_ws/build/analysis/prefix_override:/usr/lib/python3/dist-packages/colcon_core/task/python/colcon_distutils_commands:/home/fourdds/ros2_ws/install/analysis/lib/python3.10/site-packages:${PYTHONPATH} /usr/bin/python3 -W ignore:setup.py install is deprecated setup.py egg_info --egg-base ../../build/analysis build --build-base /home/fourdds/ros2_ws/build/analysis/build install --record /home/fourdds/ros2_ws/build/analysis/install.log --single-version-externally-managed install_data
