[0.007s] Invoking command in '/home/fourdds/ros2_ws/build/uuv_boids': CMAKE_PREFIX_PATH=/home/fourdds/ros2_ws/install/px4_msgs:/home/fourdds/ros2_ws/install/uuv_boids:/home/fourdds/ros2_ws/install/px4_ros_com:/home/fourdds/ros2_ws/install/iris-logger:/home/fourdds/ros2_ws/install/boids:/opt/ros/humble LD_LIBRARY_PATH=/home/fourdds/ros2_ws/install/px4_msgs/lib:/home/fourdds/ros2_ws/install/uuv_boids/lib:/home/fourdds/ros2_ws/install/px4_ros_com/lib:/home/fourdds/ros2_ws/install/boids/lib:/usr/lib/x86_64-linux-gnu/gazebo-11/plugins:/opt/ros/humble/opt/rviz_ogre_vendor/lib:/opt/ros/humble/lib/x86_64-linux-gnu:/opt/ros/humble/lib /usr/bin/cmake --build /home/fourdds/ros2_ws/build/uuv_boids -- -j24 -l24
[0.029s] [35m[1mConsolidate compiler generated dependencies of target swarm_spawner[0m
[0.030s] [  2%] Built target uuv_boids__cpp
[0.032s] [ 10%] Built target uuv_boids__rosidl_generator_c
[0.034s] [ 15%] Built target frame_transforms
[0.034s] [ 15%] Built target ament_cmake_python_copy_uuv_boids
[0.040s] [ 23%] Built target uuv_boids__rosidl_typesupport_fastrtps_cpp
[0.040s] [ 32%] Built target uuv_boids__rosidl_typesupport_cpp
[0.041s] [ 34%] [32mBuilding CXX object CMakeFiles/swarm_spawner.dir/src/uav_node.cpp.o[0m
[0.041s] [ 43%] Built target uuv_boids__rosidl_typesupport_introspection_cpp
[0.042s] [ 45%] [32mBuilding CXX object CMakeFiles/swarm_spawner.dir/src/main.cpp.o[0m
[0.043s] [ 54%] Built target uuv_boids__rosidl_typesupport_fastrtps_c
[0.043s] [ 63%] Built target uuv_boids__rosidl_typesupport_introspection_c
[0.045s] [ 71%] Built target uuv_boids__rosidl_typesupport_c
[0.053s] [ 71%] Built target uuv_boids
[0.062s] [ 73%] Built target uuv_boids__py
[0.072s] [ 80%] Built target uuv_boids__rosidl_generator_py
[0.082s] [ 89%] Built target uuv_boids__rosidl_typesupport_fastrtps_c__pyext
[0.082s] [ 89%] Built target uuv_boids__rosidl_typesupport_introspection_c__pyext
[0.082s] [ 93%] Built target uuv_boids__rosidl_typesupport_c__pyext
[0.131s] running egg_info
[0.137s] writing uuv_boids.egg-info/PKG-INFO
[0.144s] writing dependency_links to uuv_boids.egg-info/dependency_links.txt
[0.144s] writing top-level names to uuv_boids.egg-info/top_level.txt
[0.156s] reading manifest file 'uuv_boids.egg-info/SOURCES.txt'
[0.156s] writing manifest file 'uuv_boids.egg-info/SOURCES.txt'
[0.170s] [ 93%] Built target ament_cmake_python_build_uuv_boids_egg
[10.598s] [ 95%] [32m[1mLinking CXX executable swarm_spawner[0m
[10.747s] [100%] Built target swarm_spawner
[10.753s] Invoked command in '/home/fourdds/ros2_ws/build/uuv_boids' returned '0': CMAKE_PREFIX_PATH=/home/fourdds/ros2_ws/install/px4_msgs:/home/fourdds/ros2_ws/install/uuv_boids:/home/fourdds/ros2_ws/install/px4_ros_com:/home/fourdds/ros2_ws/install/iris-logger:/home/fourdds/ros2_ws/install/boids:/opt/ros/humble LD_LIBRARY_PATH=/home/fourdds/ros2_ws/install/px4_msgs/lib:/home/fourdds/ros2_ws/install/uuv_boids/lib:/home/fourdds/ros2_ws/install/px4_ros_com/lib:/home/fourdds/ros2_ws/install/boids/lib:/usr/lib/x86_64-linux-gnu/gazebo-11/plugins:/opt/ros/humble/opt/rviz_ogre_vendor/lib:/opt/ros/humble/lib/x86_64-linux-gnu:/opt/ros/humble/lib /usr/bin/cmake --build /home/fourdds/ros2_ws/build/uuv_boids -- -j24 -l24
[10.795s] Invoking command in '/home/fourdds/ros2_ws/build/uuv_boids': CMAKE_PREFIX_PATH=/home/fourdds/ros2_ws/install/px4_msgs:/home/fourdds/ros2_ws/install/uuv_boids:/home/fourdds/ros2_ws/install/px4_ros_com:/home/fourdds/ros2_ws/install/iris-logger:/home/fourdds/ros2_ws/install/boids:/opt/ros/humble LD_LIBRARY_PATH=/home/fourdds/ros2_ws/install/px4_msgs/lib:/home/fourdds/ros2_ws/install/uuv_boids/lib:/home/fourdds/ros2_ws/install/px4_ros_com/lib:/home/fourdds/ros2_ws/install/boids/lib:/usr/lib/x86_64-linux-gnu/gazebo-11/plugins:/opt/ros/humble/opt/rviz_ogre_vendor/lib:/opt/ros/humble/lib/x86_64-linux-gnu:/opt/ros/humble/lib /usr/bin/cmake --install /home/fourdds/ros2_ws/build/uuv_boids
[10.798s] -- Install configuration: ""
[10.799s] -- Up-to-date: /home/fourdds/ros2_ws/install/uuv_boids/share/ament_index/resource_index/rosidl_interfaces/uuv_boids
[10.799s] -- Up-to-date: /home/fourdds/ros2_ws/install/uuv_boids/include/uuv_boids/uuv_boids
[10.799s] -- Up-to-date: /home/fourdds/ros2_ws/install/uuv_boids/include/uuv_boids/uuv_boids/msg
[10.799s] -- Up-to-date: /home/fourdds/ros2_ws/install/uuv_boids/include/uuv_boids/uuv_boids/msg/rosidl_generator_c__visibility_control.h
[10.799s] -- Up-to-date: /home/fourdds/ros2_ws/install/uuv_boids/include/uuv_boids/uuv_boids/msg/detail
[10.799s] -- Up-to-date: /home/fourdds/ros2_ws/install/uuv_boids/include/uuv_boids/uuv_boids/msg/detail/flocking__functions.c
[10.799s] -- Up-to-date: /home/fourdds/ros2_ws/install/uuv_boids/include/uuv_boids/uuv_boids/msg/detail/geo_ping__type_support.h
[10.799s] -- Up-to-date: /home/fourdds/ros2_ws/install/uuv_boids/include/uuv_boids/uuv_boids/msg/detail/geo_ping__functions.c
[10.799s] -- Up-to-date: /home/fourdds/ros2_ws/install/uuv_boids/include/uuv_boids/uuv_boids/msg/detail/flocking__functions.h
[10.799s] -- Up-to-date: /home/fourdds/ros2_ws/install/uuv_boids/include/uuv_boids/uuv_boids/msg/detail/flocking__struct.h
[10.799s] -- Up-to-date: /home/fourdds/ros2_ws/install/uuv_boids/include/uuv_boids/uuv_boids/msg/detail/flocking__type_support.h
[10.799s] -- Up-to-date: /home/fourdds/ros2_ws/install/uuv_boids/include/uuv_boids/uuv_boids/msg/detail/geo_ping__struct.h
[10.799s] -- Up-to-date: /home/fourdds/ros2_ws/install/uuv_boids/include/uuv_boids/uuv_boids/msg/detail/geo_ping__functions.h
[10.799s] -- Up-to-date: /home/fourdds/ros2_ws/install/uuv_boids/include/uuv_boids/uuv_boids/msg/geo_ping.h
[10.799s] -- Up-to-date: /home/fourdds/ros2_ws/install/uuv_boids/include/uuv_boids/uuv_boids/msg/flocking.h
[10.799s] -- Up-to-date: /home/fourdds/ros2_ws/install/uuv_boids/share/uuv_boids/environment/library_path.sh
[10.799s] -- Up-to-date: /home/fourdds/ros2_ws/install/uuv_boids/share/uuv_boids/environment/library_path.dsv
[10.799s] -- Up-to-date: /home/fourdds/ros2_ws/install/uuv_boids/lib/libuuv_boids__rosidl_generator_c.so
[10.799s] -- Up-to-date: /home/fourdds/ros2_ws/install/uuv_boids/include/uuv_boids/uuv_boids
[10.799s] -- Up-to-date: /home/fourdds/ros2_ws/install/uuv_boids/include/uuv_boids/uuv_boids/msg
[10.799s] -- Up-to-date: /home/fourdds/ros2_ws/install/uuv_boids/include/uuv_boids/uuv_boids/msg/detail
[10.799s] -- Up-to-date: /home/fourdds/ros2_ws/install/uuv_boids/include/uuv_boids/uuv_boids/msg/detail/geo_ping__rosidl_typesupport_fastrtps_c.h
[10.799s] -- Up-to-date: /home/fourdds/ros2_ws/install/uuv_boids/include/uuv_boids/uuv_boids/msg/detail/flocking__rosidl_typesupport_fastrtps_c.h
[10.799s] -- Up-to-date: /home/fourdds/ros2_ws/install/uuv_boids/include/uuv_boids/uuv_boids/msg/rosidl_typesupport_fastrtps_c__visibility_control.h
[10.799s] -- Up-to-date: /home/fourdds/ros2_ws/install/uuv_boids/lib/libuuv_boids__rosidl_typesupport_fastrtps_c.so
[10.799s] -- Up-to-date: /home/fourdds/ros2_ws/install/uuv_boids/include/uuv_boids/uuv_boids
[10.800s] -- Up-to-date: /home/fourdds/ros2_ws/install/uuv_boids/include/uuv_boids/uuv_boids/msg
[10.800s] -- Up-to-date: /home/fourdds/ros2_ws/install/uuv_boids/include/uuv_boids/uuv_boids/msg/geo_ping.hpp
[10.800s] -- Up-to-date: /home/fourdds/ros2_ws/install/uuv_boids/include/uuv_boids/uuv_boids/msg/detail
[10.800s] -- Up-to-date: /home/fourdds/ros2_ws/install/uuv_boids/include/uuv_boids/uuv_boids/msg/detail/flocking__builder.hpp
[10.800s] -- Up-to-date: /home/fourdds/ros2_ws/install/uuv_boids/include/uuv_boids/uuv_boids/msg/detail/geo_ping__traits.hpp
[10.800s] -- Up-to-date: /home/fourdds/ros2_ws/install/uuv_boids/include/uuv_boids/uuv_boids/msg/detail/flocking__traits.hpp
[10.800s] -- Up-to-date: /home/fourdds/ros2_ws/install/uuv_boids/include/uuv_boids/uuv_boids/msg/detail/geo_ping__builder.hpp
[10.800s] -- Up-to-date: /home/fourdds/ros2_ws/install/uuv_boids/include/uuv_boids/uuv_boids/msg/detail/flocking__struct.hpp
[10.800s] -- Up-to-date: /home/fourdds/ros2_ws/install/uuv_boids/include/uuv_boids/uuv_boids/msg/detail/geo_ping__struct.hpp
[10.800s] -- Up-to-date: /home/fourdds/ros2_ws/install/uuv_boids/include/uuv_boids/uuv_boids/msg/flocking.hpp
[10.800s] -- Up-to-date: /home/fourdds/ros2_ws/install/uuv_boids/include/uuv_boids/uuv_boids
[10.800s] -- Up-to-date: /home/fourdds/ros2_ws/install/uuv_boids/include/uuv_boids/uuv_boids/msg
[10.800s] -- Up-to-date: /home/fourdds/ros2_ws/install/uuv_boids/include/uuv_boids/uuv_boids/msg/detail
[10.800s] -- Up-to-date: /home/fourdds/ros2_ws/install/uuv_boids/include/uuv_boids/uuv_boids/msg/detail/flocking__rosidl_typesupport_fastrtps_cpp.hpp
[10.800s] -- Up-to-date: /home/fourdds/ros2_ws/install/uuv_boids/include/uuv_boids/uuv_boids/msg/detail/geo_ping__rosidl_typesupport_fastrtps_cpp.hpp
[10.800s] -- Up-to-date: /home/fourdds/ros2_ws/install/uuv_boids/include/uuv_boids/uuv_boids/msg/detail/dds_fastrtps
[10.800s] -- Up-to-date: /home/fourdds/ros2_ws/install/uuv_boids/include/uuv_boids/uuv_boids/msg/rosidl_typesupport_fastrtps_cpp__visibility_control.h
[10.800s] -- Up-to-date: /home/fourdds/ros2_ws/install/uuv_boids/lib/libuuv_boids__rosidl_typesupport_fastrtps_cpp.so
[10.800s] -- Up-to-date: /home/fourdds/ros2_ws/install/uuv_boids/include/uuv_boids/uuv_boids
[10.800s] -- Up-to-date: /home/fourdds/ros2_ws/install/uuv_boids/include/uuv_boids/uuv_boids/msg
[10.800s] -- Up-to-date: /home/fourdds/ros2_ws/install/uuv_boids/include/uuv_boids/uuv_boids/msg/detail
[10.800s] -- Up-to-date: /home/fourdds/ros2_ws/install/uuv_boids/include/uuv_boids/uuv_boids/msg/detail/geo_ping__rosidl_typesupport_introspection_c.h
[10.800s] -- Up-to-date: /home/fourdds/ros2_ws/install/uuv_boids/include/uuv_boids/uuv_boids/msg/detail/geo_ping__type_support.c
[10.800s] -- Up-to-date: /home/fourdds/ros2_ws/install/uuv_boids/include/uuv_boids/uuv_boids/msg/detail/flocking__type_support.c
[10.800s] -- Up-to-date: /home/fourdds/ros2_ws/install/uuv_boids/include/uuv_boids/uuv_boids/msg/detail/flocking__rosidl_typesupport_introspection_c.h
[10.800s] -- Up-to-date: /home/fourdds/ros2_ws/install/uuv_boids/include/uuv_boids/uuv_boids/msg/rosidl_typesupport_introspection_c__visibility_control.h
[10.800s] -- Up-to-date: /home/fourdds/ros2_ws/install/uuv_boids/lib/libuuv_boids__rosidl_typesupport_introspection_c.so
[10.800s] -- Up-to-date: /home/fourdds/ros2_ws/install/uuv_boids/lib/libuuv_boids__rosidl_typesupport_c.so
[10.800s] -- Up-to-date: /home/fourdds/ros2_ws/install/uuv_boids/include/uuv_boids/uuv_boids
[10.800s] -- Up-to-date: /home/fourdds/ros2_ws/install/uuv_boids/include/uuv_boids/uuv_boids/msg
[10.800s] -- Up-to-date: /home/fourdds/ros2_ws/install/uuv_boids/include/uuv_boids/uuv_boids/msg/detail
[10.801s] -- Up-to-date: /home/fourdds/ros2_ws/install/uuv_boids/include/uuv_boids/uuv_boids/msg/detail/geo_ping__type_support.cpp
[10.801s] -- Up-to-date: /home/fourdds/ros2_ws/install/uuv_boids/include/uuv_boids/uuv_boids/msg/detail/flocking__rosidl_typesupport_introspection_cpp.hpp
[10.801s] -- Up-to-date: /home/fourdds/ros2_ws/install/uuv_boids/include/uuv_boids/uuv_boids/msg/detail/geo_ping__rosidl_typesupport_introspection_cpp.hpp
[10.801s] -- Up-to-date: /home/fourdds/ros2_ws/install/uuv_boids/include/uuv_boids/uuv_boids/msg/detail/flocking__type_support.cpp
[10.801s] -- Up-to-date: /home/fourdds/ros2_ws/install/uuv_boids/lib/libuuv_boids__rosidl_typesupport_introspection_cpp.so
[10.801s] -- Up-to-date: /home/fourdds/ros2_ws/install/uuv_boids/lib/libuuv_boids__rosidl_typesupport_cpp.so
[10.801s] -- Up-to-date: /home/fourdds/ros2_ws/install/uuv_boids/share/uuv_boids/environment/pythonpath.sh
[10.801s] -- Up-to-date: /home/fourdds/ros2_ws/install/uuv_boids/share/uuv_boids/environment/pythonpath.dsv
[10.801s] -- Up-to-date: /home/fourdds/ros2_ws/install/uuv_boids/local/lib/python3.10/dist-packages/uuv_boids-0.0.0-py3.10.egg-info
[10.801s] -- Installing: /home/fourdds/ros2_ws/install/uuv_boids/local/lib/python3.10/dist-packages/uuv_boids-0.0.0-py3.10.egg-info/dependency_links.txt
[10.801s] -- Installing: /home/fourdds/ros2_ws/install/uuv_boids/local/lib/python3.10/dist-packages/uuv_boids-0.0.0-py3.10.egg-info/SOURCES.txt
[10.801s] -- Installing: /home/fourdds/ros2_ws/install/uuv_boids/local/lib/python3.10/dist-packages/uuv_boids-0.0.0-py3.10.egg-info/PKG-INFO
[10.801s] -- Installing: /home/fourdds/ros2_ws/install/uuv_boids/local/lib/python3.10/dist-packages/uuv_boids-0.0.0-py3.10.egg-info/top_level.txt
[10.801s] -- Up-to-date: /home/fourdds/ros2_ws/install/uuv_boids/local/lib/python3.10/dist-packages/uuv_boids
[10.801s] -- Up-to-date: /home/fourdds/ros2_ws/install/uuv_boids/local/lib/python3.10/dist-packages/uuv_boids/_uuv_boids_s.ep.rosidl_typesupport_c.c
[10.801s] -- Up-to-date: /home/fourdds/ros2_ws/install/uuv_boids/local/lib/python3.10/dist-packages/uuv_boids/libuuv_boids__rosidl_generator_py.so
[10.801s] -- Up-to-date: /home/fourdds/ros2_ws/install/uuv_boids/local/lib/python3.10/dist-packages/uuv_boids/uuv_boids_s__rosidl_typesupport_c.cpython-310-x86_64-linux-gnu.so
[10.801s] -- Up-to-date: /home/fourdds/ros2_ws/install/uuv_boids/local/lib/python3.10/dist-packages/uuv_boids/msg
[10.801s] -- Up-to-date: /home/fourdds/ros2_ws/install/uuv_boids/local/lib/python3.10/dist-packages/uuv_boids/msg/_flocking.py
[10.801s] -- Up-to-date: /home/fourdds/ros2_ws/install/uuv_boids/local/lib/python3.10/dist-packages/uuv_boids/msg/_geo_ping_s.c
[10.801s] -- Up-to-date: /home/fourdds/ros2_ws/install/uuv_boids/local/lib/python3.10/dist-packages/uuv_boids/msg/_flocking_s.c
[10.801s] -- Up-to-date: /home/fourdds/ros2_ws/install/uuv_boids/local/lib/python3.10/dist-packages/uuv_boids/msg/_geo_ping.py
[10.801s] -- Up-to-date: /home/fourdds/ros2_ws/install/uuv_boids/local/lib/python3.10/dist-packages/uuv_boids/msg/__init__.py
[10.801s] -- Up-to-date: /home/fourdds/ros2_ws/install/uuv_boids/local/lib/python3.10/dist-packages/uuv_boids/_uuv_boids_s.ep.rosidl_typesupport_introspection_c.c
[10.801s] -- Up-to-date: /home/fourdds/ros2_ws/install/uuv_boids/local/lib/python3.10/dist-packages/uuv_boids/uuv_boids_s__rosidl_typesupport_introspection_c.cpython-310-x86_64-linux-gnu.so
[10.801s] -- Up-to-date: /home/fourdds/ros2_ws/install/uuv_boids/local/lib/python3.10/dist-packages/uuv_boids/_uuv_boids_s.ep.rosidl_typesupport_fastrtps_c.c
[10.801s] -- Up-to-date: /home/fourdds/ros2_ws/install/uuv_boids/local/lib/python3.10/dist-packages/uuv_boids/uuv_boids_s__rosidl_typesupport_fastrtps_c.cpython-310-x86_64-linux-gnu.so
[10.801s] -- Up-to-date: /home/fourdds/ros2_ws/install/uuv_boids/local/lib/python3.10/dist-packages/uuv_boids/__init__.py
[10.817s] Listing '/home/fourdds/ros2_ws/install/uuv_boids/local/lib/python3.10/dist-packages/uuv_boids'...
[10.817s] Listing '/home/fourdds/ros2_ws/install/uuv_boids/local/lib/python3.10/dist-packages/uuv_boids/msg'...
[10.819s] -- Up-to-date: /home/fourdds/ros2_ws/install/uuv_boids/local/lib/python3.10/dist-packages/uuv_boids/uuv_boids_s__rosidl_typesupport_fastrtps_c.cpython-310-x86_64-linux-gnu.so
[10.819s] -- Up-to-date: /home/fourdds/ros2_ws/install/uuv_boids/local/lib/python3.10/dist-packages/uuv_boids/uuv_boids_s__rosidl_typesupport_introspection_c.cpython-310-x86_64-linux-gnu.so
[10.820s] -- Up-to-date: /home/fourdds/ros2_ws/install/uuv_boids/local/lib/python3.10/dist-packages/uuv_boids/uuv_boids_s__rosidl_typesupport_c.cpython-310-x86_64-linux-gnu.so
[10.820s] -- Up-to-date: /home/fourdds/ros2_ws/install/uuv_boids/lib/libuuv_boids__rosidl_generator_py.so
[10.820s] -- Up-to-date: /home/fourdds/ros2_ws/install/uuv_boids/share/uuv_boids/msg/GeoPing.idl
[10.820s] -- Up-to-date: /home/fourdds/ros2_ws/install/uuv_boids/share/uuv_boids/msg/Flocking.idl
[10.820s] -- Up-to-date: /home/fourdds/ros2_ws/install/uuv_boids/share/uuv_boids/msg/GeoPing.msg
[10.820s] -- Up-to-date: /home/fourdds/ros2_ws/install/uuv_boids/share/uuv_boids/msg/Flocking.msg
[10.820s] -- Installing: /home/fourdds/ros2_ws/install/uuv_boids/lib/uuv_boids/swarm_spawner
[10.821s] -- Set runtime path of "/home/fourdds/ros2_ws/install/uuv_boids/lib/uuv_boids/swarm_spawner" to ""
[10.822s] -- Up-to-date: /home/fourdds/ros2_ws/install/uuv_boids/include/uuv_boids
[10.822s] -- Up-to-date: /home/fourdds/ros2_ws/install/uuv_boids/include/uuv_boids/placeholder.txt:Zone.Identifier
[10.822s] -- Up-to-date: /home/fourdds/ros2_ws/install/uuv_boids/include/uuv_boids/placeholder.txt
[10.822s] -- Up-to-date: /home/fourdds/ros2_ws/install/uuv_boids/include/uuv_boids/placeholder.txt:Zone.Identifier:Zone.Identifier
[10.822s] -- Up-to-date: /home/fourdds/ros2_ws/install/uuv_boids/lib/libframe_transforms.so
[10.822s] -- Up-to-date: /home/fourdds/ros2_ws/install/uuv_boids/share/uuv_boids//launch
[10.822s] -- Up-to-date: /home/fourdds/ros2_ws/install/uuv_boids/share/uuv_boids//launch/boids.launch.py
[10.822s] -- Up-to-date: /home/fourdds/ros2_ws/install/uuv_boids/share/uuv_boids//test
[10.823s] -- Up-to-date: /home/fourdds/ros2_ws/install/uuv_boids/share/uuv_boids//test/placeholder.txt:Zone.Identifier
[10.823s] -- Up-to-date: /home/fourdds/ros2_ws/install/uuv_boids/share/uuv_boids//test/placeholder.txt
[10.823s] -- Up-to-date: /home/fourdds/ros2_ws/install/uuv_boids/share/uuv_boids//test/placeholder.txt:Zone.Identifier:Zone.Identifier
[10.823s] -- Up-to-date: /home/fourdds/ros2_ws/install/uuv_boids/share/ament_index/resource_index/package_run_dependencies/uuv_boids
[10.823s] -- Up-to-date: /home/fourdds/ros2_ws/install/uuv_boids/share/ament_index/resource_index/parent_prefix_path/uuv_boids
[10.823s] -- Up-to-date: /home/fourdds/ros2_ws/install/uuv_boids/share/uuv_boids/environment/ament_prefix_path.sh
[10.823s] -- Up-to-date: /home/fourdds/ros2_ws/install/uuv_boids/share/uuv_boids/environment/ament_prefix_path.dsv
[10.823s] -- Up-to-date: /home/fourdds/ros2_ws/install/uuv_boids/share/uuv_boids/environment/path.sh
[10.823s] -- Up-to-date: /home/fourdds/ros2_ws/install/uuv_boids/share/uuv_boids/environment/path.dsv
[10.823s] -- Up-to-date: /home/fourdds/ros2_ws/install/uuv_boids/share/uuv_boids/local_setup.bash
[10.823s] -- Up-to-date: /home/fourdds/ros2_ws/install/uuv_boids/share/uuv_boids/local_setup.sh
[10.823s] -- Up-to-date: /home/fourdds/ros2_ws/install/uuv_boids/share/uuv_boids/local_setup.zsh
[10.823s] -- Up-to-date: /home/fourdds/ros2_ws/install/uuv_boids/share/uuv_boids/local_setup.dsv
[10.823s] -- Installing: /home/fourdds/ros2_ws/install/uuv_boids/share/uuv_boids/package.dsv
[10.823s] -- Up-to-date: /home/fourdds/ros2_ws/install/uuv_boids/share/ament_index/resource_index/packages/uuv_boids
[10.823s] -- Up-to-date: /home/fourdds/ros2_ws/install/uuv_boids/share/uuv_boids/cmake/export_uuv_boids__rosidl_generator_cExport.cmake
[10.823s] -- Up-to-date: /home/fourdds/ros2_ws/install/uuv_boids/share/uuv_boids/cmake/export_uuv_boids__rosidl_generator_cExport-noconfig.cmake
[10.823s] -- Up-to-date: /home/fourdds/ros2_ws/install/uuv_boids/share/uuv_boids/cmake/export_uuv_boids__rosidl_typesupport_fastrtps_cExport.cmake
[10.823s] -- Up-to-date: /home/fourdds/ros2_ws/install/uuv_boids/share/uuv_boids/cmake/export_uuv_boids__rosidl_typesupport_fastrtps_cExport-noconfig.cmake
[10.823s] -- Up-to-date: /home/fourdds/ros2_ws/install/uuv_boids/share/uuv_boids/cmake/export_uuv_boids__rosidl_generator_cppExport.cmake
[10.823s] -- Up-to-date: /home/fourdds/ros2_ws/install/uuv_boids/share/uuv_boids/cmake/export_uuv_boids__rosidl_typesupport_fastrtps_cppExport.cmake
[10.823s] -- Up-to-date: /home/fourdds/ros2_ws/install/uuv_boids/share/uuv_boids/cmake/export_uuv_boids__rosidl_typesupport_fastrtps_cppExport-noconfig.cmake
[10.823s] -- Up-to-date: /home/fourdds/ros2_ws/install/uuv_boids/share/uuv_boids/cmake/uuv_boids__rosidl_typesupport_introspection_cExport.cmake
[10.823s] -- Up-to-date: /home/fourdds/ros2_ws/install/uuv_boids/share/uuv_boids/cmake/uuv_boids__rosidl_typesupport_introspection_cExport-noconfig.cmake
[10.823s] -- Up-to-date: /home/fourdds/ros2_ws/install/uuv_boids/share/uuv_boids/cmake/uuv_boids__rosidl_typesupport_cExport.cmake
[10.823s] -- Up-to-date: /home/fourdds/ros2_ws/install/uuv_boids/share/uuv_boids/cmake/uuv_boids__rosidl_typesupport_cExport-noconfig.cmake
[10.823s] -- Up-to-date: /home/fourdds/ros2_ws/install/uuv_boids/share/uuv_boids/cmake/uuv_boids__rosidl_typesupport_introspection_cppExport.cmake
[10.824s] -- Up-to-date: /home/fourdds/ros2_ws/install/uuv_boids/share/uuv_boids/cmake/uuv_boids__rosidl_typesupport_introspection_cppExport-noconfig.cmake
[10.824s] -- Up-to-date: /home/fourdds/ros2_ws/install/uuv_boids/share/uuv_boids/cmake/uuv_boids__rosidl_typesupport_cppExport.cmake
[10.824s] -- Up-to-date: /home/fourdds/ros2_ws/install/uuv_boids/share/uuv_boids/cmake/uuv_boids__rosidl_typesupport_cppExport-noconfig.cmake
[10.824s] -- Up-to-date: /home/fourdds/ros2_ws/install/uuv_boids/share/uuv_boids/cmake/export_uuv_boids__rosidl_generator_pyExport.cmake
[10.824s] -- Up-to-date: /home/fourdds/ros2_ws/install/uuv_boids/share/uuv_boids/cmake/export_uuv_boids__rosidl_generator_pyExport-noconfig.cmake
[10.824s] -- Up-to-date: /home/fourdds/ros2_ws/install/uuv_boids/share/uuv_boids/cmake/export_frame_transformsExport.cmake
[10.824s] -- Up-to-date: /home/fourdds/ros2_ws/install/uuv_boids/share/uuv_boids/cmake/export_frame_transformsExport-noconfig.cmake
[10.824s] -- Up-to-date: /home/fourdds/ros2_ws/install/uuv_boids/share/uuv_boids/cmake/rosidl_cmake-extras.cmake
[10.824s] -- Up-to-date: /home/fourdds/ros2_ws/install/uuv_boids/share/uuv_boids/cmake/ament_cmake_export_include_directories-extras.cmake
[10.824s] -- Up-to-date: /home/fourdds/ros2_ws/install/uuv_boids/share/uuv_boids/cmake/ament_cmake_export_libraries-extras.cmake
[10.824s] -- Up-to-date: /home/fourdds/ros2_ws/install/uuv_boids/share/uuv_boids/cmake/ament_cmake_export_targets-extras.cmake
[10.824s] -- Up-to-date: /home/fourdds/ros2_ws/install/uuv_boids/share/uuv_boids/cmake/rosidl_cmake_export_typesupport_targets-extras.cmake
[10.825s] -- Up-to-date: /home/fourdds/ros2_ws/install/uuv_boids/share/uuv_boids/cmake/ament_cmake_export_dependencies-extras.cmake
[10.825s] -- Up-to-date: /home/fourdds/ros2_ws/install/uuv_boids/share/uuv_boids/cmake/rosidl_cmake_export_typesupport_libraries-extras.cmake
[10.825s] -- Up-to-date: /home/fourdds/ros2_ws/install/uuv_boids/share/uuv_boids/cmake/uuv_boidsConfig.cmake
[10.825s] -- Up-to-date: /home/fourdds/ros2_ws/install/uuv_boids/share/uuv_boids/cmake/uuv_boidsConfig-version.cmake
[10.825s] -- Up-to-date: /home/fourdds/ros2_ws/install/uuv_boids/share/uuv_boids/package.xml
[10.827s] Invoked command in '/home/fourdds/ros2_ws/build/uuv_boids' returned '0': CMAKE_PREFIX_PATH=/home/fourdds/ros2_ws/install/px4_msgs:/home/fourdds/ros2_ws/install/uuv_boids:/home/fourdds/ros2_ws/install/px4_ros_com:/home/fourdds/ros2_ws/install/iris-logger:/home/fourdds/ros2_ws/install/boids:/opt/ros/humble LD_LIBRARY_PATH=/home/fourdds/ros2_ws/install/px4_msgs/lib:/home/fourdds/ros2_ws/install/uuv_boids/lib:/home/fourdds/ros2_ws/install/px4_ros_com/lib:/home/fourdds/ros2_ws/install/boids/lib:/usr/lib/x86_64-linux-gnu/gazebo-11/plugins:/opt/ros/humble/opt/rviz_ogre_vendor/lib:/opt/ros/humble/lib/x86_64-linux-gnu:/opt/ros/humble/lib /usr/bin/cmake --install /home/fourdds/ros2_ws/build/uuv_boids
