[0.054s] Invoking command in '/home/fourdds/ros2_ws/build/px4_msgs': CMAKE_PREFIX_PATH=/opt/ros/humble /usr/bin/cmake --build /home/fourdds/ros2_ws/build/px4_msgs -- -j16 -l16
[0.706s] [  0%] Built target ament_cmake_python_symlink_px4_msgs
[0.730s] [  0%] Built target px4_msgs__cpp
[0.797s] [ 12%] Built target px4_msgs__rosidl_generator_c
[0.855s] [35m[1mConsolidate compiler generated dependencies of target px4_msgs__rosidl_typesupport_c[0m
[0.857s] [35m[1mConsolidate compiler generated dependencies of target px4_msgs__rosidl_typesupport_cpp[0m
[0.882s] [35m[1mConsolidate compiler generated dependencies of target px4_msgs__rosidl_typesupport_introspection_cpp[0m
[0.883s] [35m[1mConsolidate compiler generated dependencies of target px4_msgs__rosidl_typesupport_introspection_c[0m
[0.892s] [35m[1mConsolidate compiler generated dependencies of target px4_msgs__rosidl_typesupport_fastrtps_cpp[0m
[0.951s] [ 25%] Built target px4_msgs__rosidl_typesupport_c
[0.959s] [35m[1mConsolidate compiler generated dependencies of target px4_msgs__rosidl_typesupport_fastrtps_c[0m
[1.024s] [ 38%] Built target px4_msgs__rosidl_typesupport_introspection_c
[1.068s] running egg_info
[1.092s] writing px4_msgs.egg-info/PKG-INFO
[1.093s] writing dependency_links to px4_msgs.egg-info/dependency_links.txt
[1.093s] writing top-level names to px4_msgs.egg-info/top_level.txt
[1.135s] [ 50%] Built target px4_msgs__rosidl_typesupport_cpp
[1.160s] reading manifest file 'px4_msgs.egg-info/SOURCES.txt'
[1.165s] writing manifest file 'px4_msgs.egg-info/SOURCES.txt'
[1.184s] [ 63%] Built target px4_msgs__rosidl_typesupport_introspection_cpp
[1.212s] [ 75%] Built target px4_msgs__rosidl_typesupport_fastrtps_cpp
[1.236s] [ 75%] Built target ament_cmake_python_build_px4_msgs_egg
[1.242s] [ 88%] Built target px4_msgs__rosidl_typesupport_fastrtps_c
[1.263s] [ 88%] Built target px4_msgs
[1.293s] [ 88%] Built target px4_msgs__py
[1.378s] [35m[1mConsolidate compiler generated dependencies of target px4_msgs__rosidl_generator_py[0m
[1.589s] [100%] Built target px4_msgs__rosidl_generator_py
[1.603s] [35m[1mConsolidate compiler generated dependencies of target px4_msgs__rosidl_typesupport_introspection_c__pyext[0m
[1.603s] [35m[1mConsolidate compiler generated dependencies of target px4_msgs__rosidl_typesupport_fastrtps_c__pyext[0m
[1.604s] [35m[1mConsolidate compiler generated dependencies of target px4_msgs__rosidl_typesupport_c__pyext[0m
[1.626s] [100%] Built target px4_msgs__rosidl_typesupport_introspection_c__pyext
[1.626s] [100%] Built target px4_msgs__rosidl_typesupport_c__pyext
[1.626s] [100%] Built target px4_msgs__rosidl_typesupport_fastrtps_c__pyext
