[0.024s] Invoking command in '/home/fourdds/ros2_ws/build/obstacle_avoidance': CMAKE_PREFIX_PATH=/home/fourdds/ros2_ws/install/parameters:/home/fourdds/ros2_ws/install/uuv_boids:/home/fourdds/ros2_ws/install/target_detection:/home/fourdds/ros2_ws/install/stigmergy_map:/home/fourdds/ros2_ws/install/stigmergy:/home/fourdds/ros2_ws/install/px4_ros_com:/home/fourdds/ros2_ws/install/iris-logger:/home/fourdds/ros2_ws/install/boids:/home/fourdds/ros2_ws/install/px4_msgs:/home/fourdds/ros2_ws/install/obstacle_avoidance:/home/fourdds/ros2_ws/install/logging:/home/fourdds/ros2_ws/install/flocking:/home/fourdds/ros2_ws/install/fdds_messages:/home/fourdds/ros2_ws/install/drone:/home/fourdds/ros2_ws/install/base_station:/home/fourdds/ws/install/vision_opencv:/home/fourdds/ws/install/image_geometry:/home/fourdds/ws/install/gazebo_ros_pkgs:/home/fourdds/ws/install/gazebo_plugins:/home/fourdds/ws/install/gazebo_ros:/home/fourdds/ws/install/gazebo_msgs:/home/fourdds/ws/install/gazebo_dev:/home/fourdds/ws/install/cv_bridge:/home/fourdds/ros2_ws/install/analysis:/home/fourdds/ws/install/opencv_tests:/opt/ros/humble /usr/bin/cmake /home/fourdds/ros2_ws/src/obstacle_avoidance -DCMAKE_INSTALL_PREFIX=/home/fourdds/ros2_ws/install/obstacle_avoidance
[0.086s] -- The C compiler identification is GNU 11.4.0
[0.268s] -- The CXX compiler identification is GNU 11.4.0
[0.404s] -- Detecting C compiler ABI info
[0.473s] -- Detecting C compiler ABI info - done
[0.477s] -- Check for working C compiler: /usr/bin/cc - skipped
[0.477s] -- Detecting C compile features
[0.477s] -- Detecting C compile features - done
[0.479s] -- Detecting CXX compiler ABI info
[0.563s] -- Detecting CXX compiler ABI info - done
[0.567s] -- Check for working CXX compiler: /usr/bin/c++ - skipped
[0.567s] -- Detecting CXX compile features
[0.567s] -- Detecting CXX compile features - done
[0.569s] -- Found ament_cmake: 1.3.9 (/opt/ros/humble/share/ament_cmake/cmake)
[0.836s] -- Found Python3: /usr/bin/python3 (found version "3.10.12") found components: Interpreter 
[0.900s] -- Found sensor_msgs: 4.2.4 (/opt/ros/humble/share/sensor_msgs/cmake)
[0.994s] -- Found rosidl_generator_c: 3.1.5 (/opt/ros/humble/share/rosidl_generator_c/cmake)
[0.998s] -- Found rosidl_adapter: 3.1.5 (/opt/ros/humble/share/rosidl_adapter/cmake)
[1.004s] -- Found rosidl_generator_cpp: 3.1.5 (/opt/ros/humble/share/rosidl_generator_cpp/cmake)
[1.014s] -- Using all available rosidl_typesupport_c: rosidl_typesupport_fastrtps_c;rosidl_typesupport_introspection_c
[1.027s] -- Using all available rosidl_typesupport_cpp: rosidl_typesupport_fastrtps_cpp;rosidl_typesupport_introspection_cpp
[1.154s] -- Found parameters: 0.0.0 (/home/fourdds/ros2_ws/install/parameters/share/parameters/cmake)
[1.156s] -- Found rclcpp: 16.0.9 (/opt/ros/humble/share/rclcpp/cmake)
[1.196s] -- Found rmw_implementation_cmake: 6.1.2 (/opt/ros/humble/share/rmw_implementation_cmake/cmake)
[1.199s] -- Found rmw_fastrtps_cpp: 6.2.6 (/opt/ros/humble/share/rmw_fastrtps_cpp/cmake)
[1.913s] -- Found OpenSSL: /usr/lib/x86_64-linux-gnu/libcrypto.so (found version "3.0.2")  
[2.652s] -- Found FastRTPS: /opt/ros/humble/include  
[4.010s] -- Using RMW implementation 'rmw_fastrtps_cpp' as default
[4.017s] -- Looking for pthread.h
[4.091s] -- Looking for pthread.h - found
[4.091s] -- Performing Test CMAKE_HAVE_LIBC_PTHREAD
[4.165s] -- Performing Test CMAKE_HAVE_LIBC_PTHREAD - Success
[4.166s] -- Found Threads: TRUE  
[4.246s] -- Found eigen3_cmake_module: 0.1.1 (/opt/ros/humble/share/eigen3_cmake_module/cmake)
[4.251s] -- Found Eigen3: TRUE (found version "3.4.0") 
[4.252s] -- Found image_transport: 3.1.9 (/opt/ros/humble/share/image_transport/cmake)
[4.937s] -- Found ament_lint_auto: 0.12.11 (/opt/ros/humble/share/ament_lint_auto/cmake)
[4.994s] -- Added test 'cppcheck' to perform static code analysis on C / C++ code
[4.995s] -- Configured cppcheck include dirs: $<BUILD_INTERFACE:/home/fourdds/ros2_ws/src/obstacle_avoidance/include>
[4.995s] -- Configured cppcheck exclude dirs and/or files: 
[4.995s] -- Added test 'lint_cmake' to check CMake code style
[4.996s] -- Added test 'uncrustify' to check C / C++ code style
[4.996s] -- Configured uncrustify additional arguments: 
[4.997s] -- Added test 'xmllint' to check XML markup files
[4.998s] -- Configuring done
[5.004s] -- Generating done
[5.005s] -- Build files have been written to: /home/fourdds/ros2_ws/build/obstacle_avoidance
[5.017s] Invoked command in '/home/fourdds/ros2_ws/build/obstacle_avoidance' returned '0': CMAKE_PREFIX_PATH=/home/fourdds/ros2_ws/install/parameters:/home/fourdds/ros2_ws/install/uuv_boids:/home/fourdds/ros2_ws/install/target_detection:/home/fourdds/ros2_ws/install/stigmergy_map:/home/fourdds/ros2_ws/install/stigmergy:/home/fourdds/ros2_ws/install/px4_ros_com:/home/fourdds/ros2_ws/install/iris-logger:/home/fourdds/ros2_ws/install/boids:/home/fourdds/ros2_ws/install/px4_msgs:/home/fourdds/ros2_ws/install/obstacle_avoidance:/home/fourdds/ros2_ws/install/logging:/home/fourdds/ros2_ws/install/flocking:/home/fourdds/ros2_ws/install/fdds_messages:/home/fourdds/ros2_ws/install/drone:/home/fourdds/ros2_ws/install/base_station:/home/fourdds/ws/install/vision_opencv:/home/fourdds/ws/install/image_geometry:/home/fourdds/ws/install/gazebo_ros_pkgs:/home/fourdds/ws/install/gazebo_plugins:/home/fourdds/ws/install/gazebo_ros:/home/fourdds/ws/install/gazebo_msgs:/home/fourdds/ws/install/gazebo_dev:/home/fourdds/ws/install/cv_bridge:/home/fourdds/ros2_ws/install/analysis:/home/fourdds/ws/install/opencv_tests:/opt/ros/humble /usr/bin/cmake /home/fourdds/ros2_ws/src/obstacle_avoidance -DCMAKE_INSTALL_PREFIX=/home/fourdds/ros2_ws/install/obstacle_avoidance
[5.018s] Invoking command in '/home/fourdds/ros2_ws/build/obstacle_avoidance': CMAKE_PREFIX_PATH=/home/fourdds/ros2_ws/install/parameters:/home/fourdds/ros2_ws/install/uuv_boids:/home/fourdds/ros2_ws/install/target_detection:/home/fourdds/ros2_ws/install/stigmergy_map:/home/fourdds/ros2_ws/install/stigmergy:/home/fourdds/ros2_ws/install/px4_ros_com:/home/fourdds/ros2_ws/install/iris-logger:/home/fourdds/ros2_ws/install/boids:/home/fourdds/ros2_ws/install/px4_msgs:/home/fourdds/ros2_ws/install/obstacle_avoidance:/home/fourdds/ros2_ws/install/logging:/home/fourdds/ros2_ws/install/flocking:/home/fourdds/ros2_ws/install/fdds_messages:/home/fourdds/ros2_ws/install/drone:/home/fourdds/ros2_ws/install/base_station:/home/fourdds/ws/install/vision_opencv:/home/fourdds/ws/install/image_geometry:/home/fourdds/ws/install/gazebo_ros_pkgs:/home/fourdds/ws/install/gazebo_plugins:/home/fourdds/ws/install/gazebo_ros:/home/fourdds/ws/install/gazebo_msgs:/home/fourdds/ws/install/gazebo_dev:/home/fourdds/ws/install/cv_bridge:/home/fourdds/ros2_ws/install/analysis:/home/fourdds/ws/install/opencv_tests:/opt/ros/humble /usr/bin/cmake --build /home/fourdds/ros2_ws/build/obstacle_avoidance -- -j24 -l24
[5.047s] [ 50%] [32mBuilding CXX object CMakeFiles/ObstacleAvoidance.dir/src/ObstacleAvoidance.cpp.o[0m
[9.591s] [100%] [32m[1mLinking CXX static library libObstacleAvoidance.a[0m
[9.610s] [100%] Built target ObstacleAvoidance
[9.616s] Invoked command in '/home/fourdds/ros2_ws/build/obstacle_avoidance' returned '0': CMAKE_PREFIX_PATH=/home/fourdds/ros2_ws/install/parameters:/home/fourdds/ros2_ws/install/uuv_boids:/home/fourdds/ros2_ws/install/target_detection:/home/fourdds/ros2_ws/install/stigmergy_map:/home/fourdds/ros2_ws/install/stigmergy:/home/fourdds/ros2_ws/install/px4_ros_com:/home/fourdds/ros2_ws/install/iris-logger:/home/fourdds/ros2_ws/install/boids:/home/fourdds/ros2_ws/install/px4_msgs:/home/fourdds/ros2_ws/install/obstacle_avoidance:/home/fourdds/ros2_ws/install/logging:/home/fourdds/ros2_ws/install/flocking:/home/fourdds/ros2_ws/install/fdds_messages:/home/fourdds/ros2_ws/install/drone:/home/fourdds/ros2_ws/install/base_station:/home/fourdds/ws/install/vision_opencv:/home/fourdds/ws/install/image_geometry:/home/fourdds/ws/install/gazebo_ros_pkgs:/home/fourdds/ws/install/gazebo_plugins:/home/fourdds/ws/install/gazebo_ros:/home/fourdds/ws/install/gazebo_msgs:/home/fourdds/ws/install/gazebo_dev:/home/fourdds/ws/install/cv_bridge:/home/fourdds/ros2_ws/install/analysis:/home/fourdds/ws/install/opencv_tests:/opt/ros/humble /usr/bin/cmake --build /home/fourdds/ros2_ws/build/obstacle_avoidance -- -j24 -l24
[9.641s] Invoking command in '/home/fourdds/ros2_ws/build/obstacle_avoidance': CMAKE_PREFIX_PATH=/home/fourdds/ros2_ws/install/parameters:/home/fourdds/ros2_ws/install/uuv_boids:/home/fourdds/ros2_ws/install/target_detection:/home/fourdds/ros2_ws/install/stigmergy_map:/home/fourdds/ros2_ws/install/stigmergy:/home/fourdds/ros2_ws/install/px4_ros_com:/home/fourdds/ros2_ws/install/iris-logger:/home/fourdds/ros2_ws/install/boids:/home/fourdds/ros2_ws/install/px4_msgs:/home/fourdds/ros2_ws/install/obstacle_avoidance:/home/fourdds/ros2_ws/install/logging:/home/fourdds/ros2_ws/install/flocking:/home/fourdds/ros2_ws/install/fdds_messages:/home/fourdds/ros2_ws/install/drone:/home/fourdds/ros2_ws/install/base_station:/home/fourdds/ws/install/vision_opencv:/home/fourdds/ws/install/image_geometry:/home/fourdds/ws/install/gazebo_ros_pkgs:/home/fourdds/ws/install/gazebo_plugins:/home/fourdds/ws/install/gazebo_ros:/home/fourdds/ws/install/gazebo_msgs:/home/fourdds/ws/install/gazebo_dev:/home/fourdds/ws/install/cv_bridge:/home/fourdds/ros2_ws/install/analysis:/home/fourdds/ws/install/opencv_tests:/opt/ros/humble /usr/bin/cmake --install /home/fourdds/ros2_ws/build/obstacle_avoidance
[9.645s] -- Install configuration: ""
[9.645s] -- Installing: /home/fourdds/ros2_ws/install/obstacle_avoidance/share/obstacle_avoidance/environment/library_path.sh
[9.645s] -- Installing: /home/fourdds/ros2_ws/install/obstacle_avoidance/share/obstacle_avoidance/environment/library_path.dsv
[9.645s] -- Installing: /home/fourdds/ros2_ws/install/obstacle_avoidance/include/obstacle_avoidance
[9.646s] -- Installing: /home/fourdds/ros2_ws/install/obstacle_avoidance/include/obstacle_avoidance/ObstacleAvoidance.hpp
[9.646s] -- Installing: /home/fourdds/ros2_ws/install/obstacle_avoidance/lib/libObstacleAvoidance.a
[9.646s] -- Installing: /home/fourdds/ros2_ws/install/obstacle_avoidance/share/ament_index/resource_index/package_run_dependencies/obstacle_avoidance
[9.646s] -- Installing: /home/fourdds/ros2_ws/install/obstacle_avoidance/share/ament_index/resource_index/parent_prefix_path/obstacle_avoidance
[9.646s] -- Installing: /home/fourdds/ros2_ws/install/obstacle_avoidance/share/obstacle_avoidance/environment/ament_prefix_path.sh
[9.646s] -- Installing: /home/fourdds/ros2_ws/install/obstacle_avoidance/share/obstacle_avoidance/environment/ament_prefix_path.dsv
[9.646s] -- Installing: /home/fourdds/ros2_ws/install/obstacle_avoidance/share/obstacle_avoidance/environment/path.sh
[9.646s] -- Installing: /home/fourdds/ros2_ws/install/obstacle_avoidance/share/obstacle_avoidance/environment/path.dsv
[9.646s] -- Installing: /home/fourdds/ros2_ws/install/obstacle_avoidance/share/obstacle_avoidance/local_setup.bash
[9.646s] -- Installing: /home/fourdds/ros2_ws/install/obstacle_avoidance/share/obstacle_avoidance/local_setup.sh
[9.647s] -- Installing: /home/fourdds/ros2_ws/install/obstacle_avoidance/share/obstacle_avoidance/local_setup.zsh
[9.647s] -- Installing: /home/fourdds/ros2_ws/install/obstacle_avoidance/share/obstacle_avoidance/local_setup.dsv
[9.647s] -- Installing: /home/fourdds/ros2_ws/install/obstacle_avoidance/share/obstacle_avoidance/package.dsv
[9.647s] -- Installing: /home/fourdds/ros2_ws/install/obstacle_avoidance/share/ament_index/resource_index/packages/obstacle_avoidance
[9.647s] -- Installing: /home/fourdds/ros2_ws/install/obstacle_avoidance/share/obstacle_avoidance/cmake/ament_cmake_export_include_directories-extras.cmake
[9.647s] -- Installing: /home/fourdds/ros2_ws/install/obstacle_avoidance/share/obstacle_avoidance/cmake/ament_cmake_export_libraries-extras.cmake
[9.647s] -- Installing: /home/fourdds/ros2_ws/install/obstacle_avoidance/share/obstacle_avoidance/cmake/obstacle_avoidanceConfig.cmake
[9.647s] -- Installing: /home/fourdds/ros2_ws/install/obstacle_avoidance/share/obstacle_avoidance/cmake/obstacle_avoidanceConfig-version.cmake
[9.647s] -- Installing: /home/fourdds/ros2_ws/install/obstacle_avoidance/share/obstacle_avoidance/package.xml
[9.649s] Invoked command in '/home/fourdds/ros2_ws/build/obstacle_avoidance' returned '0': CMAKE_PREFIX_PATH=/home/fourdds/ros2_ws/install/parameters:/home/fourdds/ros2_ws/install/uuv_boids:/home/fourdds/ros2_ws/install/target_detection:/home/fourdds/ros2_ws/install/stigmergy_map:/home/fourdds/ros2_ws/install/stigmergy:/home/fourdds/ros2_ws/install/px4_ros_com:/home/fourdds/ros2_ws/install/iris-logger:/home/fourdds/ros2_ws/install/boids:/home/fourdds/ros2_ws/install/px4_msgs:/home/fourdds/ros2_ws/install/obstacle_avoidance:/home/fourdds/ros2_ws/install/logging:/home/fourdds/ros2_ws/install/flocking:/home/fourdds/ros2_ws/install/fdds_messages:/home/fourdds/ros2_ws/install/drone:/home/fourdds/ros2_ws/install/base_station:/home/fourdds/ws/install/vision_opencv:/home/fourdds/ws/install/image_geometry:/home/fourdds/ws/install/gazebo_ros_pkgs:/home/fourdds/ws/install/gazebo_plugins:/home/fourdds/ws/install/gazebo_ros:/home/fourdds/ws/install/gazebo_msgs:/home/fourdds/ws/install/gazebo_dev:/home/fourdds/ws/install/cv_bridge:/home/fourdds/ros2_ws/install/analysis:/home/fourdds/ws/install/opencv_tests:/opt/ros/humble /usr/bin/cmake --install /home/fourdds/ros2_ws/build/obstacle_avoidance
