[0.041s] Invoking command in '/home/fourdds/ws/build/cv_bridge': CMAKE_PREFIX_PATH=/opt/ros/humble /usr/bin/cmake --build /home/fourdds/ws/build/cv_bridge -- -j16 -l16
[0.167s] [ 18%] Built target gtest
[0.169s] [ 25%] Built target gtest_main
[0.174s] [ 25%] Built target ament_cmake_python_symlink_cv_bridge
[0.208s] [ 43%] Built target cv_bridge
[0.287s] [ 81%] Built target cv_bridge-utest
[0.367s] [100%] Built target cv_bridge_boost
[0.645s] running egg_info
[0.670s] writing cv_bridge.egg-info/PKG-INFO
[0.671s] writing dependency_links to cv_bridge.egg-info/dependency_links.txt
[0.672s] writing top-level names to cv_bridge.egg-info/top_level.txt
[0.761s] reading manifest file 'cv_bridge.egg-info/SOURCES.txt'
[0.763s] writing manifest file 'cv_bridge.egg-info/SOURCES.txt'
[0.907s] [100%] Built target ament_cmake_python_build_cv_bridge_egg
[0.934s] Invoked command in '/home/fourdds/ws/build/cv_bridge' returned '0': CMAKE_PREFIX_PATH=/opt/ros/humble /usr/bin/cmake --build /home/fourdds/ws/build/cv_bridge -- -j16 -l16
[0.993s] Invoking command in '/home/fourdds/ws/build/cv_bridge': CMAKE_PREFIX_PATH=/opt/ros/humble /usr/bin/cmake --install /home/fourdds/ws/build/cv_bridge
[1.005s] -- Install configuration: ""
[1.005s] -- Execute custom install script
[1.006s] -- Up-to-date symlink: /home/fourdds/ws/install/cv_bridge/share/cv_bridge/environment/pythonpath.sh
[1.006s] -- Up-to-date symlink: /home/fourdds/ws/install/cv_bridge/share/cv_bridge/environment/pythonpath.dsv
[1.007s] -- Up-to-date symlink: /home/fourdds/ws/install/cv_bridge/local/lib/python3.10/dist-packages/cv_bridge-3.2.1-py3.10.egg-info/PKG-INFO
[1.007s] -- Up-to-date symlink: /home/fourdds/ws/install/cv_bridge/local/lib/python3.10/dist-packages/cv_bridge-3.2.1-py3.10.egg-info/SOURCES.txt
[1.008s] -- Up-to-date symlink: /home/fourdds/ws/install/cv_bridge/local/lib/python3.10/dist-packages/cv_bridge-3.2.1-py3.10.egg-info/dependency_links.txt
[1.008s] -- Up-to-date symlink: /home/fourdds/ws/install/cv_bridge/local/lib/python3.10/dist-packages/cv_bridge-3.2.1-py3.10.egg-info/top_level.txt
[1.008s] -- Up-to-date symlink: /home/fourdds/ws/install/cv_bridge/local/lib/python3.10/dist-packages/cv_bridge/__init__.py
[1.008s] -- Up-to-date symlink: /home/fourdds/ws/install/cv_bridge/local/lib/python3.10/dist-packages/cv_bridge/core.py
[1.010s] -- Up-to-date symlink: /home/fourdds/ws/install/cv_bridge/include/cv_bridge/cv_bridge/cv_bridge_export.h
[1.011s] -- Up-to-date symlink: /home/fourdds/ws/install/cv_bridge/local/lib/python3.10/dist-packages/cv_bridge/boost//cv_bridge_boost.so
[1.013s] -- Up-to-date symlink: /home/fourdds/ws/install/cv_bridge/include/cv_bridge/cv_bridge/cv_bridge.h
[1.014s] -- Up-to-date symlink: /home/fourdds/ws/install/cv_bridge/include/cv_bridge/cv_bridge/rgb_colors.h
[1.016s] -- Up-to-date symlink: /home/fourdds/ws/install/cv_bridge/lib/libcv_bridge.so
[1.016s] -- Up-to-date symlink: /home/fourdds/ws/install/cv_bridge/share/ament_index/resource_index/package_run_dependencies/cv_bridge
[1.016s] -- Up-to-date symlink: /home/fourdds/ws/install/cv_bridge/share/ament_index/resource_index/parent_prefix_path/cv_bridge
[1.018s] -- Up-to-date symlink: /home/fourdds/ws/install/cv_bridge/share/cv_bridge/environment/ament_prefix_path.sh
[1.019s] -- Up-to-date symlink: /home/fourdds/ws/install/cv_bridge/share/cv_bridge/environment/ament_prefix_path.dsv
[1.020s] -- Up-to-date symlink: /home/fourdds/ws/install/cv_bridge/share/cv_bridge/environment/path.sh
[1.021s] -- Up-to-date symlink: /home/fourdds/ws/install/cv_bridge/share/cv_bridge/environment/path.dsv
[1.022s] -- Up-to-date symlink: /home/fourdds/ws/install/cv_bridge/share/cv_bridge/local_setup.bash
[1.023s] -- Up-to-date symlink: /home/fourdds/ws/install/cv_bridge/share/cv_bridge/local_setup.sh
[1.024s] -- Up-to-date symlink: /home/fourdds/ws/install/cv_bridge/share/cv_bridge/local_setup.zsh
[1.025s] -- Up-to-date symlink: /home/fourdds/ws/install/cv_bridge/share/cv_bridge/local_setup.dsv
[1.025s] -- Symlinking: /home/fourdds/ws/install/cv_bridge/share/cv_bridge/package.dsv
[1.041s] -- Up-to-date symlink: /home/fourdds/ws/install/cv_bridge/share/ament_index/resource_index/packages/cv_bridge
[1.042s] -- Up-to-date symlink: /home/fourdds/ws/install/cv_bridge/share/cv_bridge/cmake/cv_bridge-extras.cmake
[1.043s] -- Up-to-date symlink: /home/fourdds/ws/install/cv_bridge/share/cv_bridge/cmake/ament_cmake_export_dependencies-extras.cmake
[1.044s] -- Up-to-date symlink: /home/fourdds/ws/install/cv_bridge/share/cv_bridge/cmake/ament_cmake_export_targets-extras.cmake
[1.045s] -- Up-to-date symlink: /home/fourdds/ws/install/cv_bridge/share/cv_bridge/cmake/cv_bridgeConfig.cmake
[1.046s] -- Up-to-date symlink: /home/fourdds/ws/install/cv_bridge/share/cv_bridge/cmake/cv_bridgeConfig-version.cmake
[1.047s] -- Up-to-date symlink: /home/fourdds/ws/install/cv_bridge/share/cv_bridge/package.xml
[1.102s] Listing '/home/fourdds/ws/install/cv_bridge/local/lib/python3.10/dist-packages/cv_bridge'...
[1.102s] Listing '/home/fourdds/ws/install/cv_bridge/local/lib/python3.10/dist-packages/cv_bridge/boost'...
[1.133s] -- Up-to-date: /home/fourdds/ws/install/cv_bridge/share/cv_bridge/cmake/export_cv_bridgeExport.cmake
[1.134s] -- Up-to-date: /home/fourdds/ws/install/cv_bridge/share/cv_bridge/cmake/export_cv_bridgeExport-noconfig.cmake
[1.147s] Invoked command in '/home/fourdds/ws/build/cv_bridge' returned '0': CMAKE_PREFIX_PATH=/opt/ros/humble /usr/bin/cmake --install /home/fourdds/ws/build/cv_bridge
