[0.060s] Invoking command in '/home/fourdds/ws/build/image_geometry': CMAKE_PREFIX_PATH=/opt/ros/humble /usr/bin/cmake --build /home/fourdds/ws/build/image_geometry -- -j16 -l16
[0.210s] [ 33%] Built target image_geometry
[0.211s] [ 55%] Built target gtest_main
[0.222s] [ 77%] Built target gtest
[0.233s] [ 77%] Built target ament_cmake_python_symlink_image_geometry
[0.289s] [100%] Built target image_geometry-utest
[0.628s] running egg_info
[0.658s] writing image_geometry.egg-info/PKG-INFO
[0.659s] writing dependency_links to image_geometry.egg-info/dependency_links.txt
[0.661s] writing top-level names to image_geometry.egg-info/top_level.txt
[0.735s] reading manifest file 'image_geometry.egg-info/SOURCES.txt'
[0.737s] writing manifest file 'image_geometry.egg-info/SOURCES.txt'
[0.839s] [100%] Built target ament_cmake_python_build_image_geometry_egg
[0.861s] Invoked command in '/home/fourdds/ws/build/image_geometry' returned '0': CMAKE_PREFIX_PATH=/opt/ros/humble /usr/bin/cmake --build /home/fourdds/ws/build/image_geometry -- -j16 -l16
[0.937s] Invoking command in '/home/fourdds/ws/build/image_geometry': CMAKE_PREFIX_PATH=/opt/ros/humble /usr/bin/cmake --install /home/fourdds/ws/build/image_geometry
[0.947s] -- Install configuration: ""
[0.948s] -- Execute custom install script
[0.948s] -- Up-to-date symlink: /home/fourdds/ws/install/image_geometry/share/image_geometry/environment/pythonpath.sh
[0.949s] -- Up-to-date symlink: /home/fourdds/ws/install/image_geometry/share/image_geometry/environment/pythonpath.dsv
[0.951s] -- Up-to-date symlink: /home/fourdds/ws/install/image_geometry/local/lib/python3.10/dist-packages/image_geometry-3.2.1-py3.10.egg-info/PKG-INFO
[0.951s] -- Up-to-date symlink: /home/fourdds/ws/install/image_geometry/local/lib/python3.10/dist-packages/image_geometry-3.2.1-py3.10.egg-info/SOURCES.txt
[0.952s] -- Up-to-date symlink: /home/fourdds/ws/install/image_geometry/local/lib/python3.10/dist-packages/image_geometry-3.2.1-py3.10.egg-info/dependency_links.txt
[0.953s] -- Up-to-date symlink: /home/fourdds/ws/install/image_geometry/local/lib/python3.10/dist-packages/image_geometry-3.2.1-py3.10.egg-info/top_level.txt
[0.953s] -- Up-to-date symlink: /home/fourdds/ws/install/image_geometry/local/lib/python3.10/dist-packages/image_geometry/__init__.py
[0.953s] -- Up-to-date symlink: /home/fourdds/ws/install/image_geometry/local/lib/python3.10/dist-packages/image_geometry/cameramodels.py
[0.954s] -- Up-to-date symlink: /home/fourdds/ws/install/image_geometry/include/image_geometry/image_geometry/pinhole_camera_model.h
[0.954s] -- Up-to-date symlink: /home/fourdds/ws/install/image_geometry/include/image_geometry/image_geometry/stereo_camera_model.h
[0.954s] -- Up-to-date symlink: /home/fourdds/ws/install/image_geometry/include/image_geometry/image_geometry/visibility_control.hpp
[0.956s] -- Up-to-date symlink: /home/fourdds/ws/install/image_geometry/share/ament_index/resource_index/package_run_dependencies/image_geometry
[0.957s] -- Up-to-date symlink: /home/fourdds/ws/install/image_geometry/share/ament_index/resource_index/parent_prefix_path/image_geometry
[0.957s] -- Up-to-date symlink: /home/fourdds/ws/install/image_geometry/share/image_geometry/environment/ament_prefix_path.sh
[0.958s] -- Up-to-date symlink: /home/fourdds/ws/install/image_geometry/share/image_geometry/environment/ament_prefix_path.dsv
[0.958s] -- Up-to-date symlink: /home/fourdds/ws/install/image_geometry/share/image_geometry/environment/path.sh
[0.959s] -- Up-to-date symlink: /home/fourdds/ws/install/image_geometry/share/image_geometry/environment/path.dsv
[0.959s] -- Up-to-date symlink: /home/fourdds/ws/install/image_geometry/share/image_geometry/local_setup.bash
[0.959s] -- Up-to-date symlink: /home/fourdds/ws/install/image_geometry/share/image_geometry/local_setup.sh
[0.959s] -- Up-to-date symlink: /home/fourdds/ws/install/image_geometry/share/image_geometry/local_setup.zsh
[0.959s] -- Up-to-date symlink: /home/fourdds/ws/install/image_geometry/share/image_geometry/local_setup.dsv
[0.959s] -- Symlinking: /home/fourdds/ws/install/image_geometry/share/image_geometry/package.dsv
[0.974s] -- Up-to-date symlink: /home/fourdds/ws/install/image_geometry/share/ament_index/resource_index/packages/image_geometry
[0.975s] -- Up-to-date symlink: /home/fourdds/ws/install/image_geometry/share/image_geometry/cmake/ament_cmake_export_targets-extras.cmake
[0.976s] -- Up-to-date symlink: /home/fourdds/ws/install/image_geometry/share/image_geometry/cmake/ament_cmake_export_dependencies-extras.cmake
[0.976s] -- Up-to-date symlink: /home/fourdds/ws/install/image_geometry/share/image_geometry/cmake/image_geometryConfig.cmake
[0.976s] -- Up-to-date symlink: /home/fourdds/ws/install/image_geometry/share/image_geometry/cmake/image_geometryConfig-version.cmake
[0.976s] -- Up-to-date symlink: /home/fourdds/ws/install/image_geometry/share/image_geometry/package.xml
[1.031s] Listing '/home/fourdds/ws/install/image_geometry/local/lib/python3.10/dist-packages/image_geometry'...
[1.041s] -- Up-to-date: /home/fourdds/ws/install/image_geometry/lib/libimage_geometry.so
[1.041s] -- Up-to-date: /home/fourdds/ws/install/image_geometry/share/image_geometry/cmake/export_image_geometryExport.cmake
[1.042s] -- Up-to-date: /home/fourdds/ws/install/image_geometry/share/image_geometry/cmake/export_image_geometryExport-noconfig.cmake
[1.049s] Invoked command in '/home/fourdds/ws/build/image_geometry' returned '0': CMAKE_PREFIX_PATH=/opt/ros/humble /usr/bin/cmake --install /home/fourdds/ws/build/image_geometry
