[0.739s] Invoking command in '/home/fourdds/ros2_ws/build/drone': CMAKE_PREFIX_PATH=/opt/ros/humble /usr/bin/cmake --build /home/fourdds/ros2_ws/build/drone -- -j16 -l16
[0.871s] [35m[1mConsolidate compiler generated dependencies of target Drone[0m
[0.945s] [ 33%] [32mBuilding CXX object CMakeFiles/Drone.dir/src/Drone.cpp.o[0m
[39.662s] [ 66%] [32m[1mLinking CXX executable Drone[0m
[41.133s] [100%] Built target Drone
[41.149s] Invoked command in '/home/fourdds/ros2_ws/build/drone' returned '0': CMAKE_PREFIX_PATH=/opt/ros/humble /usr/bin/cmake --build /home/fourdds/ros2_ws/build/drone -- -j16 -l16
[41.191s] Invoking command in '/home/fourdds/ros2_ws/build/drone': CMAKE_PREFIX_PATH=/opt/ros/humble /usr/bin/cmake --install /home/fourdds/ros2_ws/build/drone
[41.199s] -- Install configuration: ""
[41.201s] -- Execute custom install script
[41.202s] -- Up-to-date symlink: /home/fourdds/ros2_ws/install/drone/lib/drone/Drone
[41.202s] -- Up-to-date symlink: /home/fourdds/ros2_ws/install/drone/share/ament_index/resource_index/package_run_dependencies/drone
[41.203s] -- Up-to-date symlink: /home/fourdds/ros2_ws/install/drone/share/ament_index/resource_index/parent_prefix_path/drone
[41.204s] -- Up-to-date symlink: /home/fourdds/ros2_ws/install/drone/share/drone/environment/ament_prefix_path.sh
[41.205s] -- Up-to-date symlink: /home/fourdds/ros2_ws/install/drone/share/drone/environment/ament_prefix_path.dsv
[41.205s] -- Up-to-date symlink: /home/fourdds/ros2_ws/install/drone/share/drone/environment/path.sh
[41.206s] -- Up-to-date symlink: /home/fourdds/ros2_ws/install/drone/share/drone/environment/path.dsv
[41.207s] -- Up-to-date symlink: /home/fourdds/ros2_ws/install/drone/share/drone/local_setup.bash
[41.208s] -- Up-to-date symlink: /home/fourdds/ros2_ws/install/drone/share/drone/local_setup.sh
[41.209s] -- Up-to-date symlink: /home/fourdds/ros2_ws/install/drone/share/drone/local_setup.zsh
[41.209s] -- Up-to-date symlink: /home/fourdds/ros2_ws/install/drone/share/drone/local_setup.dsv
[41.210s] -- Symlinking: /home/fourdds/ros2_ws/install/drone/share/drone/package.dsv
[41.222s] -- Up-to-date symlink: /home/fourdds/ros2_ws/install/drone/share/ament_index/resource_index/packages/drone
[41.223s] -- Up-to-date symlink: /home/fourdds/ros2_ws/install/drone/share/drone/cmake/droneConfig.cmake
[41.224s] -- Up-to-date symlink: /home/fourdds/ros2_ws/install/drone/share/drone/cmake/droneConfig-version.cmake
[41.224s] -- Up-to-date symlink: /home/fourdds/ros2_ws/install/drone/share/drone/package.xml
[41.227s] Invoked command in '/home/fourdds/ros2_ws/build/drone' returned '0': CMAKE_PREFIX_PATH=/opt/ros/humble /usr/bin/cmake --install /home/fourdds/ros2_ws/build/drone
