[0.005s] Invoking command in '/home/fourdds/ros2_ws/build/stigmergy': CMAKE_PREFIX_PATH=${CMAKE_PREFIX_PATH}:/opt/ros/humble /usr/bin/cmake /home/fourdds/ros2_ws/src/stigmergy -DCMAKE_INSTALL_PREFIX=/home/fourdds/ros2_ws/install/stigmergy
[0.012s] -- Found ament_cmake: 1.3.8 (/opt/ros/humble/share/ament_cmake/cmake)
[0.078s] -- Found rclcpp: 16.0.8 (/opt/ros/humble/share/rclcpp/cmake)
[0.091s] -- Found rosidl_generator_c: 3.1.5 (/opt/ros/humble/share/rosidl_generator_c/cmake)
[0.093s] -- Found rosidl_adapter: 3.1.5 (/opt/ros/humble/share/rosidl_adapter/cmake)
[0.096s] -- Found rosidl_generator_cpp: 3.1.5 (/opt/ros/humble/share/rosidl_generator_cpp/cmake)
[0.101s] -- Using all available rosidl_typesupport_c: rosidl_typesupport_fastrtps_c;rosidl_typesupport_introspection_c
[0.109s] -- Using all available rosidl_typesupport_cpp: rosidl_typesupport_fastrtps_cpp;rosidl_typesupport_introspection_cpp
[0.139s] -- Found rmw_implementation_cmake: 6.1.1 (/opt/ros/humble/share/rmw_implementation_cmake/cmake)
[0.140s] -- Found rmw_fastrtps_cpp: 6.2.6 (/opt/ros/humble/share/rmw_fastrtps_cpp/cmake)
[0.195s] -- Using RMW implementation 'rmw_fastrtps_cpp' as default
[0.276s] -- Found eigen3_cmake_module: 0.1.1 (/opt/ros/humble/share/eigen3_cmake_module/cmake)
[0.277s] -- Found rosidl_default_generators: 1.2.0 (/opt/ros/humble/share/rosidl_default_generators/cmake)
[0.282s] -- Found ament_lint_auto: 0.12.10 (/opt/ros/humble/share/ament_lint_auto/cmake)
[0.332s] -- Added test 'cppcheck' to perform static code analysis on C / C++ code
[0.332s] -- Configured cppcheck include dirs: 
[0.332s] -- Configured cppcheck exclude dirs and/or files: 
[0.333s] -- Added test 'lint_cmake' to check CMake code style
[0.334s] -- Added test 'uncrustify' to check C / C++ code style
[0.334s] -- Configured uncrustify additional arguments: 
[0.335s] -- Added test 'xmllint' to check XML markup files
[0.336s] -- Configuring done
[0.340s] -- Generating done
[0.341s] -- Build files have been written to: /home/fourdds/ros2_ws/build/stigmergy
[0.346s] Invoked command in '/home/fourdds/ros2_ws/build/stigmergy' returned '0': CMAKE_PREFIX_PATH=${CMAKE_PREFIX_PATH}:/opt/ros/humble /usr/bin/cmake /home/fourdds/ros2_ws/src/stigmergy -DCMAKE_INSTALL_PREFIX=/home/fourdds/ros2_ws/install/stigmergy
[0.347s] Invoking command in '/home/fourdds/ros2_ws/build/stigmergy': CMAKE_PREFIX_PATH=${CMAKE_PREFIX_PATH}:/opt/ros/humble /usr/bin/cmake --build /home/fourdds/ros2_ws/build/stigmergy -- -j24 -l24
[0.369s] [ 50%] [32mBuilding CXX object CMakeFiles/stigmergy_map.dir/src/StigmergyMap.cpp.o[0m
[0.384s] [100%] [32m[1mLinking CXX executable stigmergy_map[0m
[0.425s] [100%] Built target stigmergy_map
[0.430s] Invoked command in '/home/fourdds/ros2_ws/build/stigmergy' returned '0': CMAKE_PREFIX_PATH=${CMAKE_PREFIX_PATH}:/opt/ros/humble /usr/bin/cmake --build /home/fourdds/ros2_ws/build/stigmergy -- -j24 -l24
[0.447s] Invoking command in '/home/fourdds/ros2_ws/build/stigmergy': CMAKE_PREFIX_PATH=${CMAKE_PREFIX_PATH}:/opt/ros/humble /usr/bin/cmake --install /home/fourdds/ros2_ws/build/stigmergy
[0.450s] -- Install configuration: ""
[0.450s] -- Installing: /home/fourdds/ros2_ws/install/stigmergy/lib/stigmergy/stigmergy_map
[0.450s] -- Set runtime path of "/home/fourdds/ros2_ws/install/stigmergy/lib/stigmergy/stigmergy_map" to ""
[0.450s] -- Installing: /home/fourdds/ros2_ws/install/stigmergy/share/ament_index/resource_index/package_run_dependencies/stigmergy
[0.450s] -- Installing: /home/fourdds/ros2_ws/install/stigmergy/share/ament_index/resource_index/parent_prefix_path/stigmergy
[0.450s] -- Installing: /home/fourdds/ros2_ws/install/stigmergy/share/stigmergy/environment/ament_prefix_path.sh
[0.450s] -- Installing: /home/fourdds/ros2_ws/install/stigmergy/share/stigmergy/environment/ament_prefix_path.dsv
[0.450s] -- Installing: /home/fourdds/ros2_ws/install/stigmergy/share/stigmergy/environment/path.sh
[0.450s] -- Installing: /home/fourdds/ros2_ws/install/stigmergy/share/stigmergy/environment/path.dsv
[0.450s] -- Installing: /home/fourdds/ros2_ws/install/stigmergy/share/stigmergy/local_setup.bash
[0.451s] -- Installing: /home/fourdds/ros2_ws/install/stigmergy/share/stigmergy/local_setup.sh
[0.451s] -- Installing: /home/fourdds/ros2_ws/install/stigmergy/share/stigmergy/local_setup.zsh
[0.451s] -- Installing: /home/fourdds/ros2_ws/install/stigmergy/share/stigmergy/local_setup.dsv
[0.451s] -- Installing: /home/fourdds/ros2_ws/install/stigmergy/share/stigmergy/package.dsv
[0.451s] -- Installing: /home/fourdds/ros2_ws/install/stigmergy/share/ament_index/resource_index/packages/stigmergy
[0.451s] -- Installing: /home/fourdds/ros2_ws/install/stigmergy/share/stigmergy/cmake/stigmergyConfig.cmake
[0.451s] -- Installing: /home/fourdds/ros2_ws/install/stigmergy/share/stigmergy/cmake/stigmergyConfig-version.cmake
[0.451s] -- Installing: /home/fourdds/ros2_ws/install/stigmergy/share/stigmergy/package.xml
[0.452s] Invoked command in '/home/fourdds/ros2_ws/build/stigmergy' returned '0': CMAKE_PREFIX_PATH=${CMAKE_PREFIX_PATH}:/opt/ros/humble /usr/bin/cmake --install /home/fourdds/ros2_ws/build/stigmergy
