[0.301s] Invoking command in '/home/fourdds/ros2_ws/build/fdds_messages': CMAKE_PREFIX_PATH=/opt/ros/humble /usr/bin/cmake --build /home/fourdds/ros2_ws/build/fdds_messages -- -j16 -l16
[0.445s] [  2%] Built target fdds_messages__cpp
[0.445s] [ 12%] Built target fdds_messages__rosidl_generator_c
[0.445s] [ 12%] Built target ament_cmake_python_symlink_fdds_messages
[0.445s] [ 43%] Built target fdds_messages__rosidl_typesupport_fastrtps_cpp
[0.445s] [ 43%] Built target fdds_messages__rosidl_typesupport_cpp
[0.446s] [ 43%] Built target fdds_messages__rosidl_typesupport_introspection_cpp
[0.446s] [ 53%] Built target fdds_messages__rosidl_typesupport_introspection_c
[0.446s] [ 64%] Built target fdds_messages__rosidl_typesupport_c
[0.446s] [ 74%] Built target fdds_messages__rosidl_typesupport_fastrtps_c
[0.454s] [ 74%] Built target fdds_messages
[0.526s] [ 76%] Built target fdds_messages__py
[0.634s] [ 84%] Built target fdds_messages__rosidl_generator_py
[0.695s] [ 89%] Built target fdds_messages__rosidl_typesupport_fastrtps_c__pyext
[0.705s] [ 94%] Built target fdds_messages__rosidl_typesupport_introspection_c__pyext
[0.709s] [100%] Built target fdds_messages__rosidl_typesupport_c__pyext
[0.847s] running egg_info
[0.871s] writing fdds_messages.egg-info/PKG-INFO
[0.872s] writing dependency_links to fdds_messages.egg-info/dependency_links.txt
[0.873s] writing top-level names to fdds_messages.egg-info/top_level.txt
[0.953s] reading manifest file 'fdds_messages.egg-info/SOURCES.txt'
[0.954s] writing manifest file 'fdds_messages.egg-info/SOURCES.txt'
[1.057s] [100%] Built target ament_cmake_python_build_fdds_messages_egg
[1.082s] Invoked command in '/home/fourdds/ros2_ws/build/fdds_messages' returned '0': CMAKE_PREFIX_PATH=/opt/ros/humble /usr/bin/cmake --build /home/fourdds/ros2_ws/build/fdds_messages -- -j16 -l16
[1.264s] Invoking command in '/home/fourdds/ros2_ws/build/fdds_messages': CMAKE_PREFIX_PATH=/opt/ros/humble /usr/bin/cmake --install /home/fourdds/ros2_ws/build/fdds_messages
[1.274s] -- Install configuration: ""
[1.275s] -- Execute custom install script
[1.275s] -- Up-to-date symlink: /home/fourdds/ros2_ws/install/fdds_messages/share/ament_index/resource_index/rosidl_interfaces/fdds_messages
[1.276s] -- Up-to-date symlink: /home/fourdds/ros2_ws/install/fdds_messages/include/fdds_messages/fdds_messages/msg/detail/flocking__functions.h
[1.277s] -- Up-to-date symlink: /home/fourdds/ros2_ws/install/fdds_messages/include/fdds_messages/fdds_messages/msg/detail/flocking__struct.h
[1.278s] -- Up-to-date symlink: /home/fourdds/ros2_ws/install/fdds_messages/include/fdds_messages/fdds_messages/msg/detail/flocking__type_support.h
[1.278s] -- Up-to-date symlink: /home/fourdds/ros2_ws/install/fdds_messages/include/fdds_messages/fdds_messages/msg/detail/geo_ping__functions.h
[1.278s] -- Up-to-date symlink: /home/fourdds/ros2_ws/install/fdds_messages/include/fdds_messages/fdds_messages/msg/detail/geo_ping__struct.h
[1.278s] -- Up-to-date symlink: /home/fourdds/ros2_ws/install/fdds_messages/include/fdds_messages/fdds_messages/msg/detail/geo_ping__type_support.h
[1.279s] -- Up-to-date symlink: /home/fourdds/ros2_ws/install/fdds_messages/include/fdds_messages/fdds_messages/msg/flocking.h
[1.279s] -- Up-to-date symlink: /home/fourdds/ros2_ws/install/fdds_messages/include/fdds_messages/fdds_messages/msg/geo_ping.h
[1.279s] -- Up-to-date symlink: /home/fourdds/ros2_ws/install/fdds_messages/include/fdds_messages/fdds_messages/msg/rosidl_generator_c__visibility_control.h
[1.279s] -- Up-to-date symlink: /home/fourdds/ros2_ws/install/fdds_messages/share/fdds_messages/environment/library_path.sh
[1.280s] -- Up-to-date symlink: /home/fourdds/ros2_ws/install/fdds_messages/share/fdds_messages/environment/library_path.dsv
[1.280s] -- Up-to-date symlink: /home/fourdds/ros2_ws/install/fdds_messages/include/fdds_messages/fdds_messages/msg/detail/flocking__rosidl_typesupport_fastrtps_c.h
[1.280s] -- Up-to-date symlink: /home/fourdds/ros2_ws/install/fdds_messages/include/fdds_messages/fdds_messages/msg/detail/geo_ping__rosidl_typesupport_fastrtps_c.h
[1.280s] -- Up-to-date symlink: /home/fourdds/ros2_ws/install/fdds_messages/include/fdds_messages/fdds_messages/msg/rosidl_typesupport_fastrtps_c__visibility_control.h
[1.281s] -- Up-to-date symlink: /home/fourdds/ros2_ws/install/fdds_messages/include/fdds_messages/fdds_messages/msg/detail/flocking__rosidl_typesupport_introspection_c.h
[1.281s] -- Up-to-date symlink: /home/fourdds/ros2_ws/install/fdds_messages/include/fdds_messages/fdds_messages/msg/detail/geo_ping__rosidl_typesupport_introspection_c.h
[1.281s] -- Up-to-date symlink: /home/fourdds/ros2_ws/install/fdds_messages/include/fdds_messages/fdds_messages/msg/rosidl_typesupport_introspection_c__visibility_control.h
[1.282s] -- Up-to-date symlink: /home/fourdds/ros2_ws/install/fdds_messages/include/fdds_messages/fdds_messages/msg/detail/flocking__builder.hpp
[1.283s] -- Up-to-date symlink: /home/fourdds/ros2_ws/install/fdds_messages/include/fdds_messages/fdds_messages/msg/detail/flocking__struct.hpp
[1.283s] -- Up-to-date symlink: /home/fourdds/ros2_ws/install/fdds_messages/include/fdds_messages/fdds_messages/msg/detail/flocking__traits.hpp
[1.283s] -- Up-to-date symlink: /home/fourdds/ros2_ws/install/fdds_messages/include/fdds_messages/fdds_messages/msg/detail/geo_ping__builder.hpp
[1.284s] -- Up-to-date symlink: /home/fourdds/ros2_ws/install/fdds_messages/include/fdds_messages/fdds_messages/msg/detail/geo_ping__struct.hpp
[1.284s] -- Up-to-date symlink: /home/fourdds/ros2_ws/install/fdds_messages/include/fdds_messages/fdds_messages/msg/detail/geo_ping__traits.hpp
[1.284s] -- Up-to-date symlink: /home/fourdds/ros2_ws/install/fdds_messages/include/fdds_messages/fdds_messages/msg/flocking.hpp
[1.284s] -- Up-to-date symlink: /home/fourdds/ros2_ws/install/fdds_messages/include/fdds_messages/fdds_messages/msg/geo_ping.hpp
[1.284s] -- Up-to-date symlink: /home/fourdds/ros2_ws/install/fdds_messages/include/fdds_messages/fdds_messages/msg/detail/flocking__rosidl_typesupport_fastrtps_cpp.hpp
[1.285s] -- Up-to-date symlink: /home/fourdds/ros2_ws/install/fdds_messages/include/fdds_messages/fdds_messages/msg/detail/geo_ping__rosidl_typesupport_fastrtps_cpp.hpp
[1.285s] -- Up-to-date symlink: /home/fourdds/ros2_ws/install/fdds_messages/include/fdds_messages/fdds_messages/msg/rosidl_typesupport_fastrtps_cpp__visibility_control.h
[1.285s] -- Up-to-date symlink: /home/fourdds/ros2_ws/install/fdds_messages/include/fdds_messages/fdds_messages/msg/detail/flocking__rosidl_typesupport_introspection_cpp.hpp
[1.286s] -- Up-to-date symlink: /home/fourdds/ros2_ws/install/fdds_messages/include/fdds_messages/fdds_messages/msg/detail/geo_ping__rosidl_typesupport_introspection_cpp.hpp
[1.286s] -- Up-to-date symlink: /home/fourdds/ros2_ws/install/fdds_messages/share/fdds_messages/environment/pythonpath.sh
[1.287s] -- Up-to-date symlink: /home/fourdds/ros2_ws/install/fdds_messages/share/fdds_messages/environment/pythonpath.dsv
[1.287s] -- Up-to-date symlink: /home/fourdds/ros2_ws/install/fdds_messages/local/lib/python3.10/dist-packages/fdds_messages-0.0.0-py3.10.egg-info/PKG-INFO
[1.287s] -- Up-to-date symlink: /home/fourdds/ros2_ws/install/fdds_messages/local/lib/python3.10/dist-packages/fdds_messages-0.0.0-py3.10.egg-info/SOURCES.txt
[1.288s] -- Up-to-date symlink: /home/fourdds/ros2_ws/install/fdds_messages/local/lib/python3.10/dist-packages/fdds_messages-0.0.0-py3.10.egg-info/dependency_links.txt
[1.288s] -- Up-to-date symlink: /home/fourdds/ros2_ws/install/fdds_messages/local/lib/python3.10/dist-packages/fdds_messages-0.0.0-py3.10.egg-info/top_level.txt
[1.289s] -- Up-to-date symlink: /home/fourdds/ros2_ws/install/fdds_messages/local/lib/python3.10/dist-packages/fdds_messages/__init__.py
[1.290s] -- Up-to-date symlink: /home/fourdds/ros2_ws/install/fdds_messages/local/lib/python3.10/dist-packages/fdds_messages/_fdds_messages_s.ep.rosidl_typesupport_c.c
[1.290s] -- Up-to-date symlink: /home/fourdds/ros2_ws/install/fdds_messages/local/lib/python3.10/dist-packages/fdds_messages/_fdds_messages_s.ep.rosidl_typesupport_fastrtps_c.c
[1.290s] -- Up-to-date symlink: /home/fourdds/ros2_ws/install/fdds_messages/local/lib/python3.10/dist-packages/fdds_messages/_fdds_messages_s.ep.rosidl_typesupport_introspection_c.c
[1.291s] -- Up-to-date symlink: /home/fourdds/ros2_ws/install/fdds_messages/local/lib/python3.10/dist-packages/fdds_messages/fdds_messages_s__rosidl_typesupport_c.cpython-310-x86_64-linux-gnu.so
[1.291s] -- Up-to-date symlink: /home/fourdds/ros2_ws/install/fdds_messages/local/lib/python3.10/dist-packages/fdds_messages/fdds_messages_s__rosidl_typesupport_fastrtps_c.cpython-310-x86_64-linux-gnu.so
[1.291s] -- Up-to-date symlink: /home/fourdds/ros2_ws/install/fdds_messages/local/lib/python3.10/dist-packages/fdds_messages/fdds_messages_s__rosidl_typesupport_introspection_c.cpython-310-x86_64-linux-gnu.so
[1.291s] -- Up-to-date symlink: /home/fourdds/ros2_ws/install/fdds_messages/local/lib/python3.10/dist-packages/fdds_messages/libfdds_messages__rosidl_generator_py.so
[1.291s] -- Up-to-date symlink: /home/fourdds/ros2_ws/install/fdds_messages/local/lib/python3.10/dist-packages/fdds_messages/msg/__init__.py
[1.291s] -- Up-to-date symlink: /home/fourdds/ros2_ws/install/fdds_messages/local/lib/python3.10/dist-packages/fdds_messages/msg/_flocking.py
[1.292s] -- Up-to-date symlink: /home/fourdds/ros2_ws/install/fdds_messages/local/lib/python3.10/dist-packages/fdds_messages/msg/_flocking_s.c
[1.292s] -- Up-to-date symlink: /home/fourdds/ros2_ws/install/fdds_messages/local/lib/python3.10/dist-packages/fdds_messages/msg/_geo_ping.py
[1.292s] -- Up-to-date symlink: /home/fourdds/ros2_ws/install/fdds_messages/local/lib/python3.10/dist-packages/fdds_messages/msg/_geo_ping_s.c
[1.292s] -- Up-to-date symlink: /home/fourdds/ros2_ws/install/fdds_messages/local/lib/python3.10/dist-packages/fdds_messages/fdds_messages_s__rosidl_typesupport_fastrtps_c.cpython-310-x86_64-linux-gnu.so
[1.292s] -- Up-to-date symlink: /home/fourdds/ros2_ws/install/fdds_messages/local/lib/python3.10/dist-packages/fdds_messages/fdds_messages_s__rosidl_typesupport_introspection_c.cpython-310-x86_64-linux-gnu.so
[1.293s] -- Up-to-date symlink: /home/fourdds/ros2_ws/install/fdds_messages/local/lib/python3.10/dist-packages/fdds_messages/fdds_messages_s__rosidl_typesupport_c.cpython-310-x86_64-linux-gnu.so
[1.293s] -- Up-to-date symlink: /home/fourdds/ros2_ws/install/fdds_messages/share/fdds_messages/msg/GeoPing.idl
[1.293s] -- Up-to-date symlink: /home/fourdds/ros2_ws/install/fdds_messages/share/fdds_messages/msg/Flocking.idl
[1.293s] -- Up-to-date symlink: /home/fourdds/ros2_ws/install/fdds_messages/share/fdds_messages/msg/GeoPing.msg
[1.294s] -- Up-to-date symlink: /home/fourdds/ros2_ws/install/fdds_messages/share/fdds_messages/msg/Flocking.msg
[1.294s] -- Up-to-date symlink: /home/fourdds/ros2_ws/install/fdds_messages/share/ament_index/resource_index/package_run_dependencies/fdds_messages
[1.295s] -- Up-to-date symlink: /home/fourdds/ros2_ws/install/fdds_messages/share/ament_index/resource_index/parent_prefix_path/fdds_messages
[1.295s] -- Up-to-date symlink: /home/fourdds/ros2_ws/install/fdds_messages/share/fdds_messages/environment/ament_prefix_path.sh
[1.296s] -- Up-to-date symlink: /home/fourdds/ros2_ws/install/fdds_messages/share/fdds_messages/environment/ament_prefix_path.dsv
[1.296s] -- Up-to-date symlink: /home/fourdds/ros2_ws/install/fdds_messages/share/fdds_messages/environment/path.sh
[1.296s] -- Up-to-date symlink: /home/fourdds/ros2_ws/install/fdds_messages/share/fdds_messages/environment/path.dsv
[1.297s] -- Up-to-date symlink: /home/fourdds/ros2_ws/install/fdds_messages/share/fdds_messages/local_setup.bash
[1.297s] -- Up-to-date symlink: /home/fourdds/ros2_ws/install/fdds_messages/share/fdds_messages/local_setup.sh
[1.297s] -- Up-to-date symlink: /home/fourdds/ros2_ws/install/fdds_messages/share/fdds_messages/local_setup.zsh
[1.298s] -- Up-to-date symlink: /home/fourdds/ros2_ws/install/fdds_messages/share/fdds_messages/local_setup.dsv
[1.298s] -- Symlinking: /home/fourdds/ros2_ws/install/fdds_messages/share/fdds_messages/package.dsv
[1.312s] -- Up-to-date symlink: /home/fourdds/ros2_ws/install/fdds_messages/share/ament_index/resource_index/packages/fdds_messages
[1.313s] -- Up-to-date symlink: /home/fourdds/ros2_ws/install/fdds_messages/share/fdds_messages/cmake/rosidl_cmake-extras.cmake
[1.313s] -- Up-to-date symlink: /home/fourdds/ros2_ws/install/fdds_messages/share/fdds_messages/cmake/ament_cmake_export_include_directories-extras.cmake
[1.314s] -- Up-to-date symlink: /home/fourdds/ros2_ws/install/fdds_messages/share/fdds_messages/cmake/ament_cmake_export_libraries-extras.cmake
[1.314s] -- Up-to-date symlink: /home/fourdds/ros2_ws/install/fdds_messages/share/fdds_messages/cmake/ament_cmake_export_targets-extras.cmake
[1.315s] -- Up-to-date symlink: /home/fourdds/ros2_ws/install/fdds_messages/share/fdds_messages/cmake/rosidl_cmake_export_typesupport_targets-extras.cmake
[1.316s] -- Up-to-date symlink: /home/fourdds/ros2_ws/install/fdds_messages/share/fdds_messages/cmake/ament_cmake_export_dependencies-extras.cmake
[1.316s] -- Up-to-date symlink: /home/fourdds/ros2_ws/install/fdds_messages/share/fdds_messages/cmake/rosidl_cmake_export_typesupport_libraries-extras.cmake
[1.316s] -- Up-to-date symlink: /home/fourdds/ros2_ws/install/fdds_messages/share/fdds_messages/cmake/fdds_messagesConfig.cmake
[1.316s] -- Up-to-date symlink: /home/fourdds/ros2_ws/install/fdds_messages/share/fdds_messages/cmake/fdds_messagesConfig-version.cmake
[1.317s] -- Up-to-date symlink: /home/fourdds/ros2_ws/install/fdds_messages/share/fdds_messages/package.xml
[1.317s] -- Up-to-date: /home/fourdds/ros2_ws/install/fdds_messages/lib/libfdds_messages__rosidl_generator_c.so
[1.317s] -- Up-to-date: /home/fourdds/ros2_ws/install/fdds_messages/lib/libfdds_messages__rosidl_typesupport_fastrtps_c.so
[1.317s] -- Up-to-date: /home/fourdds/ros2_ws/install/fdds_messages/lib/libfdds_messages__rosidl_typesupport_introspection_c.so
[1.318s] -- Up-to-date: /home/fourdds/ros2_ws/install/fdds_messages/lib/libfdds_messages__rosidl_typesupport_c.so
[1.318s] -- Up-to-date: /home/fourdds/ros2_ws/install/fdds_messages/lib/libfdds_messages__rosidl_typesupport_fastrtps_cpp.so
[1.319s] -- Up-to-date: /home/fourdds/ros2_ws/install/fdds_messages/lib/libfdds_messages__rosidl_typesupport_introspection_cpp.so
[1.320s] -- Up-to-date: /home/fourdds/ros2_ws/install/fdds_messages/lib/libfdds_messages__rosidl_typesupport_cpp.so
[1.373s] Listing '/home/fourdds/ros2_ws/install/fdds_messages/local/lib/python3.10/dist-packages/fdds_messages'...
[1.373s] Listing '/home/fourdds/ros2_ws/install/fdds_messages/local/lib/python3.10/dist-packages/fdds_messages/msg'...
[1.384s] -- Up-to-date: /home/fourdds/ros2_ws/install/fdds_messages/lib/libfdds_messages__rosidl_generator_py.so
[1.385s] -- Up-to-date: /home/fourdds/ros2_ws/install/fdds_messages/share/fdds_messages/cmake/export_fdds_messages__rosidl_generator_cExport.cmake
[1.386s] -- Up-to-date: /home/fourdds/ros2_ws/install/fdds_messages/share/fdds_messages/cmake/export_fdds_messages__rosidl_generator_cExport-noconfig.cmake
[1.386s] -- Up-to-date: /home/fourdds/ros2_ws/install/fdds_messages/share/fdds_messages/cmake/export_fdds_messages__rosidl_typesupport_fastrtps_cExport.cmake
[1.386s] -- Up-to-date: /home/fourdds/ros2_ws/install/fdds_messages/share/fdds_messages/cmake/export_fdds_messages__rosidl_typesupport_fastrtps_cExport-noconfig.cmake
[1.386s] -- Up-to-date: /home/fourdds/ros2_ws/install/fdds_messages/share/fdds_messages/cmake/fdds_messages__rosidl_typesupport_introspection_cExport.cmake
[1.387s] -- Up-to-date: /home/fourdds/ros2_ws/install/fdds_messages/share/fdds_messages/cmake/fdds_messages__rosidl_typesupport_introspection_cExport-noconfig.cmake
[1.388s] -- Up-to-date: /home/fourdds/ros2_ws/install/fdds_messages/share/fdds_messages/cmake/fdds_messages__rosidl_typesupport_cExport.cmake
[1.388s] -- Up-to-date: /home/fourdds/ros2_ws/install/fdds_messages/share/fdds_messages/cmake/fdds_messages__rosidl_typesupport_cExport-noconfig.cmake
[1.388s] -- Up-to-date: /home/fourdds/ros2_ws/install/fdds_messages/share/fdds_messages/cmake/export_fdds_messages__rosidl_generator_cppExport.cmake
[1.389s] -- Up-to-date: /home/fourdds/ros2_ws/install/fdds_messages/share/fdds_messages/cmake/export_fdds_messages__rosidl_typesupport_fastrtps_cppExport.cmake
[1.389s] -- Up-to-date: /home/fourdds/ros2_ws/install/fdds_messages/share/fdds_messages/cmake/export_fdds_messages__rosidl_typesupport_fastrtps_cppExport-noconfig.cmake
[1.389s] -- Up-to-date: /home/fourdds/ros2_ws/install/fdds_messages/share/fdds_messages/cmake/fdds_messages__rosidl_typesupport_introspection_cppExport.cmake
[1.389s] -- Up-to-date: /home/fourdds/ros2_ws/install/fdds_messages/share/fdds_messages/cmake/fdds_messages__rosidl_typesupport_introspection_cppExport-noconfig.cmake
[1.389s] -- Up-to-date: /home/fourdds/ros2_ws/install/fdds_messages/share/fdds_messages/cmake/fdds_messages__rosidl_typesupport_cppExport.cmake
[1.389s] -- Up-to-date: /home/fourdds/ros2_ws/install/fdds_messages/share/fdds_messages/cmake/fdds_messages__rosidl_typesupport_cppExport-noconfig.cmake
[1.389s] -- Up-to-date: /home/fourdds/ros2_ws/install/fdds_messages/share/fdds_messages/cmake/export_fdds_messages__rosidl_generator_pyExport.cmake
[1.389s] -- Up-to-date: /home/fourdds/ros2_ws/install/fdds_messages/share/fdds_messages/cmake/export_fdds_messages__rosidl_generator_pyExport-noconfig.cmake
[1.395s] Invoked command in '/home/fourdds/ros2_ws/build/fdds_messages' returned '0': CMAKE_PREFIX_PATH=/opt/ros/humble /usr/bin/cmake --install /home/fourdds/ros2_ws/build/fdds_messages
