[0.017s] Invoking command in '/home/fourdds/ws/build/gazebo_ros': AMENT_PREFIX_PATH=/home/fourdds/ws/install/gazebo_msgs:/home/fourdds/ws/install/gazebo_dev:${AMENT_PREFIX_PATH} CMAKE_PREFIX_PATH=/home/fourdds/ws/install/gazebo_msgs:/home/fourdds/ws/install/gazebo_dev:/opt/ros/humble LD_LIBRARY_PATH=/home/fourdds/ws/install/gazebo_msgs/lib:${LD_LIBRARY_PATH} PYTHONPATH=/home/fourdds/ws/install/gazebo_msgs/local/lib/python3.10/dist-packages:${PYTHONPATH} /usr/bin/cmake --build /home/fourdds/ws/build/gazebo_ros -- -j16 -l16
[0.074s] [  6%] Built target gtest
[0.074s] [  6%] Built target gtest_main
[0.076s] [ 13%] Built target mock_robot_state_publisher
[0.076s] [ 13%] Built target mock_gazebo_ros_factory
[0.079s] [ 13%] Built target ament_cmake_python_symlink_scripts
[0.086s] [ 16%] Built target gazebo_ros_utils
[0.087s] [ 23%] Built target gazebo_ros_node
[0.141s] [ 28%] Built target create_node_without_init
[0.142s] [ 30%] Built target test_conversions
[0.143s] [ 33%] Built target args_init
[0.145s] [ 36%] Built target sdf_node
[0.146s] [ 40%] Built target gazebo_ros_force_system
[0.148s] [ 43%] Built target gazebo_ros_state
[0.150s] [ 46%] Built target multiple_nodes
[0.155s] [ 50%] Built target gazebo_ros_init
[0.163s] [ 53%] Built target gazebo_ros_properties
[0.164s] [ 56%] Built target ros_world_plugin
[0.169s] [ 60%] Built target gazebo_ros_factory
[0.170s] [ 66%] Built target test_gazebo_ros_factory
[0.170s] [ 66%] Built target test_gazebo_ros_init
[0.181s] [ 73%] Built target test_gazebo_ros_joint_effort
[0.181s] [ 73%] Built target test_gazebo_ros_link_wrench
[0.191s] [ 80%] Built target test_plugins
[0.191s] [ 80%] Built target test_qos
[0.199s] [ 86%] Built target test_sim_time
[0.199s] [ 86%] Built target test_node
[0.202s] [ 90%] Built target test_reject_duplicate_nodes
[0.209s] [ 93%] Built target test_utils
[0.213s] [ 96%] Built target test_gazebo_ros_properties
[0.218s] [100%] Built target test_gazebo_ros_state
[0.327s] running egg_info
[0.340s] writing scripts.egg-info/PKG-INFO
[0.341s] writing dependency_links to scripts.egg-info/dependency_links.txt
[0.341s] writing top-level names to scripts.egg-info/top_level.txt
[0.386s] reading manifest file 'scripts.egg-info/SOURCES.txt'
[0.387s] writing manifest file 'scripts.egg-info/SOURCES.txt'
[0.440s] [100%] Built target ament_cmake_python_build_scripts_egg
[0.453s] Invoked command in '/home/fourdds/ws/build/gazebo_ros' returned '0': AMENT_PREFIX_PATH=/home/fourdds/ws/install/gazebo_msgs:/home/fourdds/ws/install/gazebo_dev:${AMENT_PREFIX_PATH} CMAKE_PREFIX_PATH=/home/fourdds/ws/install/gazebo_msgs:/home/fourdds/ws/install/gazebo_dev:/opt/ros/humble LD_LIBRARY_PATH=/home/fourdds/ws/install/gazebo_msgs/lib:${LD_LIBRARY_PATH} PYTHONPATH=/home/fourdds/ws/install/gazebo_msgs/local/lib/python3.10/dist-packages:${PYTHONPATH} /usr/bin/cmake --build /home/fourdds/ws/build/gazebo_ros -- -j16 -l16
[0.537s] Invoking command in '/home/fourdds/ws/build/gazebo_ros': AMENT_PREFIX_PATH=/home/fourdds/ws/install/gazebo_msgs:/home/fourdds/ws/install/gazebo_dev:${AMENT_PREFIX_PATH} CMAKE_PREFIX_PATH=/home/fourdds/ws/install/gazebo_msgs:/home/fourdds/ws/install/gazebo_dev:/opt/ros/humble LD_LIBRARY_PATH=/home/fourdds/ws/install/gazebo_msgs/lib:${LD_LIBRARY_PATH} PYTHONPATH=/home/fourdds/ws/install/gazebo_msgs/local/lib/python3.10/dist-packages:${PYTHONPATH} /usr/bin/cmake --install /home/fourdds/ws/build/gazebo_ros
[0.542s] -- Install configuration: ""
[0.542s] -- Execute custom install script
[0.542s] -- Up-to-date symlink: /home/fourdds/ws/install/gazebo_ros/share/gazebo_ros/environment/pythonpath.sh
[0.542s] -- Up-to-date symlink: /home/fourdds/ws/install/gazebo_ros/share/gazebo_ros/environment/pythonpath.dsv
[0.543s] -- Up-to-date symlink: /home/fourdds/ws/install/gazebo_ros/local/lib/python3.10/dist-packages/scripts-3.7.0-py3.10.egg-info/PKG-INFO
[0.543s] -- Up-to-date symlink: /home/fourdds/ws/install/gazebo_ros/local/lib/python3.10/dist-packages/scripts-3.7.0-py3.10.egg-info/SOURCES.txt
[0.543s] -- Up-to-date symlink: /home/fourdds/ws/install/gazebo_ros/local/lib/python3.10/dist-packages/scripts-3.7.0-py3.10.egg-info/dependency_links.txt
[0.543s] -- Up-to-date symlink: /home/fourdds/ws/install/gazebo_ros/local/lib/python3.10/dist-packages/scripts-3.7.0-py3.10.egg-info/top_level.txt
[0.544s] -- Up-to-date symlink: /home/fourdds/ws/install/gazebo_ros/local/lib/python3.10/dist-packages/scripts/__init__.py
[0.544s] -- Up-to-date symlink: /home/fourdds/ws/install/gazebo_ros/local/lib/python3.10/dist-packages/scripts/gazebo_ros_paths.py
[0.544s] -- Up-to-date symlink: /home/fourdds/ws/install/gazebo_ros/local/lib/python3.10/dist-packages/scripts/spawn_entity.py
[0.545s] -- Up-to-date symlink: /home/fourdds/ws/install/gazebo_ros/share/gazebo_ros/environment/library_path.sh
[0.545s] -- Up-to-date symlink: /home/fourdds/ws/install/gazebo_ros/share/gazebo_ros/environment/library_path.dsv
[0.546s] -- Up-to-date symlink: /home/fourdds/ws/install/gazebo_ros/share/ament_index/resource_index/package_run_dependencies/gazebo_ros
[0.546s] -- Up-to-date symlink: /home/fourdds/ws/install/gazebo_ros/share/ament_index/resource_index/parent_prefix_path/gazebo_ros
[0.546s] -- Up-to-date symlink: /home/fourdds/ws/install/gazebo_ros/share/gazebo_ros/environment/ament_prefix_path.sh
[0.547s] -- Up-to-date symlink: /home/fourdds/ws/install/gazebo_ros/share/gazebo_ros/environment/ament_prefix_path.dsv
[0.547s] -- Up-to-date symlink: /home/fourdds/ws/install/gazebo_ros/share/gazebo_ros/environment/path.sh
[0.547s] -- Up-to-date symlink: /home/fourdds/ws/install/gazebo_ros/share/gazebo_ros/environment/path.dsv
[0.547s] -- Up-to-date symlink: /home/fourdds/ws/install/gazebo_ros/share/gazebo_ros/local_setup.bash
[0.547s] -- Up-to-date symlink: /home/fourdds/ws/install/gazebo_ros/share/gazebo_ros/local_setup.sh
[0.547s] -- Up-to-date symlink: /home/fourdds/ws/install/gazebo_ros/share/gazebo_ros/local_setup.zsh
[0.547s] -- Up-to-date symlink: /home/fourdds/ws/install/gazebo_ros/share/gazebo_ros/local_setup.dsv
[0.547s] -- Symlinking: /home/fourdds/ws/install/gazebo_ros/share/gazebo_ros/package.dsv
[0.555s] -- Up-to-date symlink: /home/fourdds/ws/install/gazebo_ros/share/ament_index/resource_index/packages/gazebo_ros
[0.555s] -- Up-to-date symlink: /home/fourdds/ws/install/gazebo_ros/share/gazebo_ros/cmake/ament_cmake_export_libraries-extras.cmake
[0.555s] -- Up-to-date symlink: /home/fourdds/ws/install/gazebo_ros/share/gazebo_ros/cmake/ament_cmake_export_include_directories-extras.cmake
[0.555s] -- Up-to-date symlink: /home/fourdds/ws/install/gazebo_ros/share/gazebo_ros/cmake/ament_cmake_export_dependencies-extras.cmake
[0.556s] -- Up-to-date symlink: /home/fourdds/ws/install/gazebo_ros/share/gazebo_ros/cmake/gazebo_rosConfig.cmake
[0.556s] -- Up-to-date symlink: /home/fourdds/ws/install/gazebo_ros/share/gazebo_ros/cmake/gazebo_rosConfig-version.cmake
[0.556s] -- Up-to-date symlink: /home/fourdds/ws/install/gazebo_ros/share/gazebo_ros/package.xml
[0.556s] -- Up-to-date symlink: /home/fourdds/ws/install/gazebo_ros/include/gazebo_ros/conversions/builtin_interfaces.hpp
[0.557s] -- Up-to-date symlink: /home/fourdds/ws/install/gazebo_ros/include/gazebo_ros/conversions/gazebo_msgs.hpp
[0.557s] -- Up-to-date symlink: /home/fourdds/ws/install/gazebo_ros/include/gazebo_ros/conversions/generic.hpp
[0.557s] -- Up-to-date symlink: /home/fourdds/ws/install/gazebo_ros/include/gazebo_ros/conversions/geometry_msgs.hpp
[0.557s] -- Up-to-date symlink: /home/fourdds/ws/install/gazebo_ros/include/gazebo_ros/conversions/sensor_msgs.hpp
[0.557s] -- Up-to-date symlink: /home/fourdds/ws/install/gazebo_ros/include/gazebo_ros/executor.hpp
[0.557s] -- Up-to-date symlink: /home/fourdds/ws/install/gazebo_ros/include/gazebo_ros/gazebo_ros_factory.hpp
[0.557s] -- Up-to-date symlink: /home/fourdds/ws/install/gazebo_ros/include/gazebo_ros/gazebo_ros_force_system.hpp
[0.558s] -- Up-to-date symlink: /home/fourdds/ws/install/gazebo_ros/include/gazebo_ros/gazebo_ros_init.hpp
[0.558s] -- Up-to-date symlink: /home/fourdds/ws/install/gazebo_ros/include/gazebo_ros/gazebo_ros_properties.hpp
[0.558s] -- Up-to-date symlink: /home/fourdds/ws/install/gazebo_ros/include/gazebo_ros/gazebo_ros_state.hpp
[0.558s] -- Up-to-date symlink: /home/fourdds/ws/install/gazebo_ros/include/gazebo_ros/node.hpp
[0.558s] -- Up-to-date symlink: /home/fourdds/ws/install/gazebo_ros/include/gazebo_ros/node_visibility_control.h
[0.558s] -- Up-to-date symlink: /home/fourdds/ws/install/gazebo_ros/include/gazebo_ros/qos.hpp
[0.558s] -- Up-to-date symlink: /home/fourdds/ws/install/gazebo_ros/include/gazebo_ros/testing_utils.hpp
[0.559s] -- Up-to-date symlink: /home/fourdds/ws/install/gazebo_ros/include/gazebo_ros/utils.hpp
[0.559s] -- Up-to-date symlink: /home/fourdds/ws/install/gazebo_ros/include/gazebo_ros/utils_visibility_control.h
[0.559s] -- Up-to-date symlink: /home/fourdds/ws/install/gazebo_ros/lib/gazebo_ros//gazebo_ros_paths.py
[0.559s] -- Up-to-date symlink: /home/fourdds/ws/install/gazebo_ros/lib/libgazebo_ros_factory.so
[0.559s] -- Up-to-date symlink: /home/fourdds/ws/install/gazebo_ros/lib/libgazebo_ros_force_system.so
[0.559s] -- Up-to-date symlink: /home/fourdds/ws/install/gazebo_ros/lib/libgazebo_ros_init.so
[0.559s] -- Up-to-date symlink: /home/fourdds/ws/install/gazebo_ros/lib/libgazebo_ros_node.so
[0.559s] -- Up-to-date symlink: /home/fourdds/ws/install/gazebo_ros/lib/libgazebo_ros_properties.so
[0.559s] -- Up-to-date symlink: /home/fourdds/ws/install/gazebo_ros/lib/libgazebo_ros_state.so
[0.559s] -- Up-to-date symlink: /home/fourdds/ws/install/gazebo_ros/lib/libgazebo_ros_utils.so
[0.560s] -- Up-to-date symlink: /home/fourdds/ws/install/gazebo_ros/lib/gazebo_ros//spawn_entity.py
[0.560s] -- Up-to-date symlink: /home/fourdds/ws/install/gazebo_ros/share/gazebo_ros//launch/gazebo.launch.py
[0.560s] -- Up-to-date symlink: /home/fourdds/ws/install/gazebo_ros/share/gazebo_ros//launch/gzclient.launch.py
[0.560s] -- Up-to-date symlink: /home/fourdds/ws/install/gazebo_ros/share/gazebo_ros//launch/gzserver.launch.py
[0.560s] -- Up-to-date symlink: /home/fourdds/ws/install/gazebo_ros/share/gazebo_ros//launch/spawn_entity_demo.launch.py
[0.561s] -- Up-to-date symlink: /home/fourdds/ws/install/gazebo_ros/share/gazebo_ros//worlds/empty.world
[0.561s] -- Up-to-date symlink: /home/fourdds/ws/install/gazebo_ros/share/gazebo_ros//worlds/gazebo_ros_force_system_demo.world
[0.561s] -- Up-to-date symlink: /home/fourdds/ws/install/gazebo_ros/share/gazebo_ros//worlds/gazebo_ros_properties_demo.world
[0.561s] -- Up-to-date symlink: /home/fourdds/ws/install/gazebo_ros/share/gazebo_ros//worlds/gazebo_ros_state_demo.world
[0.590s] Listing '/home/fourdds/ws/install/gazebo_ros/local/lib/python3.10/dist-packages/scripts'...
[0.599s] Invoked command in '/home/fourdds/ws/build/gazebo_ros' returned '0': AMENT_PREFIX_PATH=/home/fourdds/ws/install/gazebo_msgs:/home/fourdds/ws/install/gazebo_dev:${AMENT_PREFIX_PATH} CMAKE_PREFIX_PATH=/home/fourdds/ws/install/gazebo_msgs:/home/fourdds/ws/install/gazebo_dev:/opt/ros/humble LD_LIBRARY_PATH=/home/fourdds/ws/install/gazebo_msgs/lib:${LD_LIBRARY_PATH} PYTHONPATH=/home/fourdds/ws/install/gazebo_msgs/local/lib/python3.10/dist-packages:${PYTHONPATH} /usr/bin/cmake --install /home/fourdds/ws/build/gazebo_ros
