[35m[1mConsolidate compiler generated dependencies of target swarm_spawner[0m
[  2%] Built target boids__cpp
[ 10%] Built target boids__rosidl_generator_c
[ 10%] Built target ament_cmake_python_copy_boids
[ 15%] Built target frame_transforms
[ 23%] Built target boids__rosidl_typesupport_cpp
[ 32%] Built target boids__rosidl_typesupport_fastrtps_cpp
[ 41%] Built target boids__rosidl_typesupport_introspection_cpp
[ 43%] [32mBuilding CXX object CMakeFiles/swarm_spawner.dir/src/uav_node.cpp.o[0m
[ 52%] Built target boids__rosidl_typesupport_introspection_c
[ 63%] Built target boids__rosidl_typesupport_c
[ 69%] Built target boids__rosidl_typesupport_fastrtps_c
[ 69%] Built target boids
[ 71%] Built target boids__py
[ 78%] Built target boids__rosidl_generator_py
[ 86%] Built target boids__rosidl_typesupport_introspection_c__pyext
[ 86%] Built target boids__rosidl_typesupport_fastrtps_c__pyext
[ 91%] Built target boids__rosidl_typesupport_c__pyext
running egg_info
writing boids.egg-info/PKG-INFO
writing dependency_links to boids.egg-info/dependency_links.txt
writing top-level names to boids.egg-info/top_level.txt
reading manifest file 'boids.egg-info/SOURCES.txt'
writing manifest file 'boids.egg-info/SOURCES.txt'
[ 91%] Built target ament_cmake_python_build_boids_egg
