[  2%] Built target stigmergy__cpp
[35m[1mConsolidate compiler generated dependencies of target stigmergy_map[0m
[ 11%] Built target stigmergy__rosidl_generator_c
[ 11%] Built target ament_cmake_python_copy_stigmergy
[ 20%] Built target stigmergy__rosidl_typesupport_fastrtps_cpp
[ 28%] Built target stigmergy__rosidl_typesupport_introspection_cpp
[ 37%] Built target stigmergy__rosidl_typesupport_cpp
[ 40%] [32mBuilding CXX object CMakeFiles/stigmergy_map.dir/src/StigmergyMap.cpp.o[0m
[ 42%] [32mBuilding CXX object CMakeFiles/stigmergy_map.dir/src/main.cpp.o[0m
[ 51%] Built target stigmergy__rosidl_typesupport_introspection_c
[ 60%] Built target stigmergy__rosidl_typesupport_c
[ 68%] Built target stigmergy__rosidl_typesupport_fastrtps_c
[ 68%] Built target stigmergy
[ 71%] Built target stigmergy__py
[ 77%] Built target stigmergy__rosidl_generator_py
[ 82%] Built target stigmergy__rosidl_typesupport_fastrtps_c__pyext
[ 88%] Built target stigmergy__rosidl_typesupport_introspection_c__pyext
[ 94%] Built target stigmergy__rosidl_typesupport_c__pyext
running egg_info
writing stigmergy.egg-info/PKG-INFO
writing dependency_links to stigmergy.egg-info/dependency_links.txt
writing top-level names to stigmergy.egg-info/top_level.txt
reading manifest file 'stigmergy.egg-info/SOURCES.txt'
writing manifest file 'stigmergy.egg-info/SOURCES.txt'
[ 94%] Built target ament_cmake_python_build_stigmergy_egg
[01m[K/home/fourdds/ros2_ws/src/stigmergy/src/StigmergyMap.cpp:[m[K In member function ‘[01m[Kvoid StigmergyMap::initialize()[m[K’:
[01m[K/home/fourdds/ros2_ws/src/stigmergy/src/StigmergyMap.cpp:8:23:[m[K [01;35m[Kwarning: [m[Kcomparison of integer expressions of different signedness: ‘[01m[Kint[m[K’ and ‘[01m[Kstd::array<std::shared_ptr<rclcpp::Publisher<stigmergy::msg::PheromoneGradient_<std::allocator<void> > > >, 5>::size_type[m[K’ {aka ‘[01m[Klong unsigned int[m[K’} [[01;35m[K]8;;https://gcc.gnu.org/onlinedocs/gcc/Warning-Options.html#index-Wsign-compare-Wsign-compare]8;;[m[K]
    8 |     for (int i = 1; [01;35m[Ki < gradientPublishers.size() + 1[m[K; i++)
      |                     [01;35m[K~~^~~~~~~~~~~~~~~~~~~~~~~~~~~~~~~[m[K
[ 97%] [32m[1mLinking CXX executable stigmergy_map[0m
[100%] Built target stigmergy_map
-- Install configuration: ""
-- Up-to-date: /home/fourdds/ros2_ws/install/stigmergy/share/ament_index/resource_index/rosidl_interfaces/stigmergy
-- Up-to-date: /home/fourdds/ros2_ws/install/stigmergy/include/stigmergy/stigmergy
-- Up-to-date: /home/fourdds/ros2_ws/install/stigmergy/include/stigmergy/stigmergy/msg
-- Up-to-date: /home/fourdds/ros2_ws/install/stigmergy/include/stigmergy/stigmergy/msg/rosidl_generator_c__visibility_control.h
-- Installing: /home/fourdds/ros2_ws/install/stigmergy/include/stigmergy/stigmergy/msg/pheromone_gradient.h:Zone.Identifier
-- Installing: /home/fourdds/ros2_ws/install/stigmergy/include/stigmergy/stigmergy/msg/rosidl_generator_c__visibility_control.h:Zone.Identifier
-- Up-to-date: /home/fourdds/ros2_ws/install/stigmergy/include/stigmergy/stigmergy/msg/pheromone_gradient.h
-- Up-to-date: /home/fourdds/ros2_ws/install/stigmergy/include/stigmergy/stigmergy/msg/detail
-- Installing: /home/fourdds/ros2_ws/install/stigmergy/include/stigmergy/stigmergy/msg/detail/pheromone_gradient__type_support.h:Zone.Identifier
-- Installing: /home/fourdds/ros2_ws/install/stigmergy/include/stigmergy/stigmergy/msg/detail/pheromone_gradient__functions.c:Zone.Identifier
-- Up-to-date: /home/fourdds/ros2_ws/install/stigmergy/include/stigmergy/stigmergy/msg/detail/pheromone_gradient__functions.c
-- Installing: /home/fourdds/ros2_ws/install/stigmergy/include/stigmergy/stigmergy/msg/detail/pheromone_gradient__functions.h:Zone.Identifier
-- Up-to-date: /home/fourdds/ros2_ws/install/stigmergy/include/stigmergy/stigmergy/msg/detail/pheromone_gradient__functions.h
-- Up-to-date: /home/fourdds/ros2_ws/install/stigmergy/include/stigmergy/stigmergy/msg/detail/pheromone_gradient__type_support.h
-- Up-to-date: /home/fourdds/ros2_ws/install/stigmergy/include/stigmergy/stigmergy/msg/detail/pheromone_gradient__struct.h
-- Installing: /home/fourdds/ros2_ws/install/stigmergy/include/stigmergy/stigmergy/msg/detail/pheromone_gradient__struct.h:Zone.Identifier
-- Up-to-date: /home/fourdds/ros2_ws/install/stigmergy/share/stigmergy/environment/library_path.sh
-- Up-to-date: /home/fourdds/ros2_ws/install/stigmergy/share/stigmergy/environment/library_path.dsv
-- Up-to-date: /home/fourdds/ros2_ws/install/stigmergy/lib/libstigmergy__rosidl_generator_c.so
-- Up-to-date: /home/fourdds/ros2_ws/install/stigmergy/include/stigmergy/stigmergy
-- Up-to-date: /home/fourdds/ros2_ws/install/stigmergy/include/stigmergy/stigmergy/msg
-- Installing: /home/fourdds/ros2_ws/install/stigmergy/include/stigmergy/stigmergy/msg/rosidl_typesupport_fastrtps_c__visibility_control.h:Zone.Identifier
-- Up-to-date: /home/fourdds/ros2_ws/install/stigmergy/include/stigmergy/stigmergy/msg/rosidl_typesupport_fastrtps_c__visibility_control.h
-- Up-to-date: /home/fourdds/ros2_ws/install/stigmergy/include/stigmergy/stigmergy/msg/detail
-- Installing: /home/fourdds/ros2_ws/install/stigmergy/include/stigmergy/stigmergy/msg/detail/pheromone_gradient__rosidl_typesupport_fastrtps_c.h:Zone.Identifier
-- Installing: /home/fourdds/ros2_ws/install/stigmergy/include/stigmergy/stigmergy/msg/detail/pheromone_gradient__type_support_c.cpp:Zone.Identifier
-- Up-to-date: /home/fourdds/ros2_ws/install/stigmergy/include/stigmergy/stigmergy/msg/detail/pheromone_gradient__rosidl_typesupport_fastrtps_c.h
-- Up-to-date: /home/fourdds/ros2_ws/install/stigmergy/lib/libstigmergy__rosidl_typesupport_fastrtps_c.so
-- Up-to-date: /home/fourdds/ros2_ws/install/stigmergy/include/stigmergy/stigmergy
-- Up-to-date: /home/fourdds/ros2_ws/install/stigmergy/include/stigmergy/stigmergy/msg
-- Up-to-date: /home/fourdds/ros2_ws/install/stigmergy/include/stigmergy/stigmergy/msg/pheromone_gradient.hpp
-- Installing: /home/fourdds/ros2_ws/install/stigmergy/include/stigmergy/stigmergy/msg/pheromone_gradient.hpp:Zone.Identifier
-- Up-to-date: /home/fourdds/ros2_ws/install/stigmergy/include/stigmergy/stigmergy/msg/detail
-- Up-to-date: /home/fourdds/ros2_ws/install/stigmergy/include/stigmergy/stigmergy/msg/detail/pheromone_gradient__struct.hpp
-- Installing: /home/fourdds/ros2_ws/install/stigmergy/include/stigmergy/stigmergy/msg/detail/pheromone_gradient__struct.hpp:Zone.Identifier
-- Up-to-date: /home/fourdds/ros2_ws/install/stigmergy/include/stigmergy/stigmergy/msg/detail/pheromone_gradient__builder.hpp
-- Up-to-date: /home/fourdds/ros2_ws/install/stigmergy/include/stigmergy/stigmergy/msg/detail/pheromone_gradient__traits.hpp
-- Installing: /home/fourdds/ros2_ws/install/stigmergy/include/stigmergy/stigmergy/msg/detail/pheromone_gradient__builder.hpp:Zone.Identifier
-- Installing: /home/fourdds/ros2_ws/install/stigmergy/include/stigmergy/stigmergy/msg/detail/pheromone_gradient__traits.hpp:Zone.Identifier
-- Up-to-date: /home/fourdds/ros2_ws/install/stigmergy/include/stigmergy/stigmergy
-- Up-to-date: /home/fourdds/ros2_ws/install/stigmergy/include/stigmergy/stigmergy/msg
-- Installing: /home/fourdds/ros2_ws/install/stigmergy/include/stigmergy/stigmergy/msg/rosidl_typesupport_fastrtps_cpp__visibility_control.h:Zone.Identifier
-- Up-to-date: /home/fourdds/ros2_ws/install/stigmergy/include/stigmergy/stigmergy/msg/rosidl_typesupport_fastrtps_cpp__visibility_control.h
-- Up-to-date: /home/fourdds/ros2_ws/install/stigmergy/include/stigmergy/stigmergy/msg/detail
-- Installing: /home/fourdds/ros2_ws/install/stigmergy/include/stigmergy/stigmergy/msg/detail/pheromone_gradient__rosidl_typesupport_fastrtps_cpp.hpp:Zone.Identifier
-- Up-to-date: /home/fourdds/ros2_ws/install/stigmergy/include/stigmergy/stigmergy/msg/detail/dds_fastrtps
-- Installing: /home/fourdds/ros2_ws/install/stigmergy/include/stigmergy/stigmergy/msg/detail/dds_fastrtps/pheromone_gradient__type_support.cpp:Zone.Identifier
-- Up-to-date: /home/fourdds/ros2_ws/install/stigmergy/include/stigmergy/stigmergy/msg/detail/pheromone_gradient__rosidl_typesupport_fastrtps_cpp.hpp
-- Up-to-date: /home/fourdds/ros2_ws/install/stigmergy/lib/libstigmergy__rosidl_typesupport_fastrtps_cpp.so
-- Up-to-date: /home/fourdds/ros2_ws/install/stigmergy/include/stigmergy/stigmergy
-- Up-to-date: /home/fourdds/ros2_ws/install/stigmergy/include/stigmergy/stigmergy/msg
-- Up-to-date: /home/fourdds/ros2_ws/install/stigmergy/include/stigmergy/stigmergy/msg/rosidl_typesupport_introspection_c__visibility_control.h
-- Installing: /home/fourdds/ros2_ws/install/stigmergy/include/stigmergy/stigmergy/msg/rosidl_typesupport_introspection_c__visibility_control.h:Zone.Identifier
-- Up-to-date: /home/fourdds/ros2_ws/install/stigmergy/include/stigmergy/stigmergy/msg/detail
-- Installing: /home/fourdds/ros2_ws/install/stigmergy/include/stigmergy/stigmergy/msg/detail/pheromone_gradient__type_support.c:Zone.Identifier
-- Up-to-date: /home/fourdds/ros2_ws/install/stigmergy/include/stigmergy/stigmergy/msg/detail/pheromone_gradient__type_support.c
-- Up-to-date: /home/fourdds/ros2_ws/install/stigmergy/include/stigmergy/stigmergy/msg/detail/pheromone_gradient__rosidl_typesupport_introspection_c.h
-- Installing: /home/fourdds/ros2_ws/install/stigmergy/include/stigmergy/stigmergy/msg/detail/pheromone_gradient__rosidl_typesupport_introspection_c.h:Zone.Identifier
-- Up-to-date: /home/fourdds/ros2_ws/install/stigmergy/lib/libstigmergy__rosidl_typesupport_introspection_c.so
-- Up-to-date: /home/fourdds/ros2_ws/install/stigmergy/lib/libstigmergy__rosidl_typesupport_c.so
-- Up-to-date: /home/fourdds/ros2_ws/install/stigmergy/include/stigmergy/stigmergy
-- Up-to-date: /home/fourdds/ros2_ws/install/stigmergy/include/stigmergy/stigmergy/msg
-- Up-to-date: /home/fourdds/ros2_ws/install/stigmergy/include/stigmergy/stigmergy/msg/detail
-- Installing: /home/fourdds/ros2_ws/install/stigmergy/include/stigmergy/stigmergy/msg/detail/pheromone_gradient__type_support.cpp:Zone.Identifier
-- Installing: /home/fourdds/ros2_ws/install/stigmergy/include/stigmergy/stigmergy/msg/detail/pheromone_gradient__rosidl_typesupport_introspection_cpp.hpp:Zone.Identifier
-- Up-to-date: /home/fourdds/ros2_ws/install/stigmergy/include/stigmergy/stigmergy/msg/detail/pheromone_gradient__type_support.cpp
-- Up-to-date: /home/fourdds/ros2_ws/install/stigmergy/include/stigmergy/stigmergy/msg/detail/pheromone_gradient__rosidl_typesupport_introspection_cpp.hpp
-- Up-to-date: /home/fourdds/ros2_ws/install/stigmergy/lib/libstigmergy__rosidl_typesupport_introspection_cpp.so
-- Up-to-date: /home/fourdds/ros2_ws/install/stigmergy/lib/libstigmergy__rosidl_typesupport_cpp.so
-- Up-to-date: /home/fourdds/ros2_ws/install/stigmergy/share/stigmergy/environment/pythonpath.sh
-- Up-to-date: /home/fourdds/ros2_ws/install/stigmergy/share/stigmergy/environment/pythonpath.dsv
-- Up-to-date: /home/fourdds/ros2_ws/install/stigmergy/local/lib/python3.10/dist-packages/stigmergy-0.0.0-py3.10.egg-info
-- Installing: /home/fourdds/ros2_ws/install/stigmergy/local/lib/python3.10/dist-packages/stigmergy-0.0.0-py3.10.egg-info/top_level.txt
-- Installing: /home/fourdds/ros2_ws/install/stigmergy/local/lib/python3.10/dist-packages/stigmergy-0.0.0-py3.10.egg-info/SOURCES.txt:Zone.Identifier
-- Installing: /home/fourdds/ros2_ws/install/stigmergy/local/lib/python3.10/dist-packages/stigmergy-0.0.0-py3.10.egg-info/dependency_links.txt
-- Installing: /home/fourdds/ros2_ws/install/stigmergy/local/lib/python3.10/dist-packages/stigmergy-0.0.0-py3.10.egg-info/SOURCES.txt
-- Installing: /home/fourdds/ros2_ws/install/stigmergy/local/lib/python3.10/dist-packages/stigmergy-0.0.0-py3.10.egg-info/PKG-INFO:Zone.Identifier
-- Installing: /home/fourdds/ros2_ws/install/stigmergy/local/lib/python3.10/dist-packages/stigmergy-0.0.0-py3.10.egg-info/dependency_links.txt:Zone.Identifier
-- Installing: /home/fourdds/ros2_ws/install/stigmergy/local/lib/python3.10/dist-packages/stigmergy-0.0.0-py3.10.egg-info/top_level.txt:Zone.Identifier
-- Installing: /home/fourdds/ros2_ws/install/stigmergy/local/lib/python3.10/dist-packages/stigmergy-0.0.0-py3.10.egg-info/PKG-INFO
-- Up-to-date: /home/fourdds/ros2_ws/install/stigmergy/local/lib/python3.10/dist-packages/stigmergy
-- Up-to-date: /home/fourdds/ros2_ws/install/stigmergy/local/lib/python3.10/dist-packages/stigmergy/_stigmergy_s.ep.rosidl_typesupport_c.c
-- Installing: /home/fourdds/ros2_ws/install/stigmergy/local/lib/python3.10/dist-packages/stigmergy/_stigmergy_s.ep.rosidl_typesupport_introspection_c.c:Zone.Identifier
-- Installing: /home/fourdds/ros2_ws/install/stigmergy/local/lib/python3.10/dist-packages/stigmergy/libstigmergy__rosidl_generator_py.so:Zone.Identifier
-- Up-to-date: /home/fourdds/ros2_ws/install/stigmergy/local/lib/python3.10/dist-packages/stigmergy/libstigmergy__rosidl_generator_py.so
-- Up-to-date: /home/fourdds/ros2_ws/install/stigmergy/local/lib/python3.10/dist-packages/stigmergy/msg
-- Installing: /home/fourdds/ros2_ws/install/stigmergy/local/lib/python3.10/dist-packages/stigmergy/msg/_pheromone_gradient_s.c:Zone.Identifier
-- Installing: /home/fourdds/ros2_ws/install/stigmergy/local/lib/python3.10/dist-packages/stigmergy/msg/_pheromone_gradient.py:Zone.Identifier
-- Up-to-date: /home/fourdds/ros2_ws/install/stigmergy/local/lib/python3.10/dist-packages/stigmergy/msg/_pheromone_gradient.py
-- Up-to-date: /home/fourdds/ros2_ws/install/stigmergy/local/lib/python3.10/dist-packages/stigmergy/msg/_pheromone_gradient_s.c
-- Up-to-date: /home/fourdds/ros2_ws/install/stigmergy/local/lib/python3.10/dist-packages/stigmergy/msg/__init__.py
-- Installing: /home/fourdds/ros2_ws/install/stigmergy/local/lib/python3.10/dist-packages/stigmergy/msg/__init__.py:Zone.Identifier
-- Installing: /home/fourdds/ros2_ws/install/stigmergy/local/lib/python3.10/dist-packages/stigmergy/stigmergy_s__rosidl_typesupport_introspection_c.cpython-310-x86_64-linux-gnu.so:Zone.Identifier
-- Up-to-date: /home/fourdds/ros2_ws/install/stigmergy/local/lib/python3.10/dist-packages/stigmergy/_stigmergy_s.ep.rosidl_typesupport_introspection_c.c
-- Installing: /home/fourdds/ros2_ws/install/stigmergy/local/lib/python3.10/dist-packages/stigmergy/stigmergy_s__rosidl_typesupport_fastrtps_c.cpython-310-x86_64-linux-gnu.so:Zone.Identifier
-- Up-to-date: /home/fourdds/ros2_ws/install/stigmergy/local/lib/python3.10/dist-packages/stigmergy/_stigmergy_s.ep.rosidl_typesupport_fastrtps_c.c
-- Installing: /home/fourdds/ros2_ws/install/stigmergy/local/lib/python3.10/dist-packages/stigmergy/_stigmergy_s.ep.rosidl_typesupport_c.c:Zone.Identifier
-- Up-to-date: /home/fourdds/ros2_ws/install/stigmergy/local/lib/python3.10/dist-packages/stigmergy/stigmergy_s__rosidl_typesupport_c.cpython-310-x86_64-linux-gnu.so
-- Installing: /home/fourdds/ros2_ws/install/stigmergy/local/lib/python3.10/dist-packages/stigmergy/stigmergy_s__rosidl_typesupport_c.cpython-310-x86_64-linux-gnu.so:Zone.Identifier
-- Up-to-date: /home/fourdds/ros2_ws/install/stigmergy/local/lib/python3.10/dist-packages/stigmergy/__init__.py
-- Up-to-date: /home/fourdds/ros2_ws/install/stigmergy/local/lib/python3.10/dist-packages/stigmergy/stigmergy_s__rosidl_typesupport_fastrtps_c.cpython-310-x86_64-linux-gnu.so
-- Installing: /home/fourdds/ros2_ws/install/stigmergy/local/lib/python3.10/dist-packages/stigmergy/_stigmergy_s.ep.rosidl_typesupport_fastrtps_c.c:Zone.Identifier
-- Up-to-date: /home/fourdds/ros2_ws/install/stigmergy/local/lib/python3.10/dist-packages/stigmergy/stigmergy_s__rosidl_typesupport_introspection_c.cpython-310-x86_64-linux-gnu.so
-- Installing: /home/fourdds/ros2_ws/install/stigmergy/local/lib/python3.10/dist-packages/stigmergy/__init__.py:Zone.Identifier
Listing '/home/fourdds/ros2_ws/install/stigmergy/local/lib/python3.10/dist-packages/stigmergy'...
Listing '/home/fourdds/ros2_ws/install/stigmergy/local/lib/python3.10/dist-packages/stigmergy/msg'...
-- Up-to-date: /home/fourdds/ros2_ws/install/stigmergy/local/lib/python3.10/dist-packages/stigmergy/stigmergy_s__rosidl_typesupport_fastrtps_c.cpython-310-x86_64-linux-gnu.so
-- Up-to-date: /home/fourdds/ros2_ws/install/stigmergy/local/lib/python3.10/dist-packages/stigmergy/stigmergy_s__rosidl_typesupport_introspection_c.cpython-310-x86_64-linux-gnu.so
-- Up-to-date: /home/fourdds/ros2_ws/install/stigmergy/local/lib/python3.10/dist-packages/stigmergy/stigmergy_s__rosidl_typesupport_c.cpython-310-x86_64-linux-gnu.so
-- Up-to-date: /home/fourdds/ros2_ws/install/stigmergy/lib/libstigmergy__rosidl_generator_py.so
-- Up-to-date: /home/fourdds/ros2_ws/install/stigmergy/share/stigmergy/msg/PheromoneGradient.idl
-- Up-to-date: /home/fourdds/ros2_ws/install/stigmergy/share/stigmergy/msg/PheromoneGradient.msg
-- Installing: /home/fourdds/ros2_ws/install/stigmergy/lib/stigmergy/stigmergy_map
-- Set runtime path of "/home/fourdds/ros2_ws/install/stigmergy/lib/stigmergy/stigmergy_map" to ""
-- Up-to-date: /home/fourdds/ros2_ws/install/stigmergy/share/ament_index/resource_index/package_run_dependencies/stigmergy
-- Up-to-date: /home/fourdds/ros2_ws/install/stigmergy/share/ament_index/resource_index/parent_prefix_path/stigmergy
-- Installing: /home/fourdds/ros2_ws/install/stigmergy/share/stigmergy/environment/ament_prefix_path.sh
-- Up-to-date: /home/fourdds/ros2_ws/install/stigmergy/share/stigmergy/environment/ament_prefix_path.dsv
-- Installing: /home/fourdds/ros2_ws/install/stigmergy/share/stigmergy/environment/path.sh
-- Up-to-date: /home/fourdds/ros2_ws/install/stigmergy/share/stigmergy/environment/path.dsv
-- Up-to-date: /home/fourdds/ros2_ws/install/stigmergy/share/stigmergy/local_setup.bash
-- Up-to-date: /home/fourdds/ros2_ws/install/stigmergy/share/stigmergy/local_setup.sh
-- Up-to-date: /home/fourdds/ros2_ws/install/stigmergy/share/stigmergy/local_setup.zsh
-- Up-to-date: /home/fourdds/ros2_ws/install/stigmergy/share/stigmergy/local_setup.dsv
-- Installing: /home/fourdds/ros2_ws/install/stigmergy/share/stigmergy/package.dsv
-- Up-to-date: /home/fourdds/ros2_ws/install/stigmergy/share/ament_index/resource_index/packages/stigmergy
-- Up-to-date: /home/fourdds/ros2_ws/install/stigmergy/share/stigmergy/cmake/export_stigmergy__rosidl_generator_cExport.cmake
-- Up-to-date: /home/fourdds/ros2_ws/install/stigmergy/share/stigmergy/cmake/export_stigmergy__rosidl_generator_cExport-noconfig.cmake
-- Up-to-date: /home/fourdds/ros2_ws/install/stigmergy/share/stigmergy/cmake/export_stigmergy__rosidl_typesupport_fastrtps_cExport.cmake
-- Up-to-date: /home/fourdds/ros2_ws/install/stigmergy/share/stigmergy/cmake/export_stigmergy__rosidl_typesupport_fastrtps_cExport-noconfig.cmake
-- Up-to-date: /home/fourdds/ros2_ws/install/stigmergy/share/stigmergy/cmake/export_stigmergy__rosidl_generator_cppExport.cmake
-- Up-to-date: /home/fourdds/ros2_ws/install/stigmergy/share/stigmergy/cmake/export_stigmergy__rosidl_typesupport_fastrtps_cppExport.cmake
-- Up-to-date: /home/fourdds/ros2_ws/install/stigmergy/share/stigmergy/cmake/export_stigmergy__rosidl_typesupport_fastrtps_cppExport-noconfig.cmake
-- Up-to-date: /home/fourdds/ros2_ws/install/stigmergy/share/stigmergy/cmake/stigmergy__rosidl_typesupport_introspection_cExport.cmake
-- Up-to-date: /home/fourdds/ros2_ws/install/stigmergy/share/stigmergy/cmake/stigmergy__rosidl_typesupport_introspection_cExport-noconfig.cmake
-- Up-to-date: /home/fourdds/ros2_ws/install/stigmergy/share/stigmergy/cmake/stigmergy__rosidl_typesupport_cExport.cmake
-- Up-to-date: /home/fourdds/ros2_ws/install/stigmergy/share/stigmergy/cmake/stigmergy__rosidl_typesupport_cExport-noconfig.cmake
-- Up-to-date: /home/fourdds/ros2_ws/install/stigmergy/share/stigmergy/cmake/stigmergy__rosidl_typesupport_introspection_cppExport.cmake
-- Up-to-date: /home/fourdds/ros2_ws/install/stigmergy/share/stigmergy/cmake/stigmergy__rosidl_typesupport_introspection_cppExport-noconfig.cmake
-- Up-to-date: /home/fourdds/ros2_ws/install/stigmergy/share/stigmergy/cmake/stigmergy__rosidl_typesupport_cppExport.cmake
-- Up-to-date: /home/fourdds/ros2_ws/install/stigmergy/share/stigmergy/cmake/stigmergy__rosidl_typesupport_cppExport-noconfig.cmake
-- Up-to-date: /home/fourdds/ros2_ws/install/stigmergy/share/stigmergy/cmake/export_stigmergy__rosidl_generator_pyExport.cmake
-- Up-to-date: /home/fourdds/ros2_ws/install/stigmergy/share/stigmergy/cmake/export_stigmergy__rosidl_generator_pyExport-noconfig.cmake
-- Up-to-date: /home/fourdds/ros2_ws/install/stigmergy/share/stigmergy/cmake/rosidl_cmake-extras.cmake
-- Up-to-date: /home/fourdds/ros2_ws/install/stigmergy/share/stigmergy/cmake/ament_cmake_export_include_directories-extras.cmake
-- Up-to-date: /home/fourdds/ros2_ws/install/stigmergy/share/stigmergy/cmake/ament_cmake_export_libraries-extras.cmake
-- Up-to-date: /home/fourdds/ros2_ws/install/stigmergy/share/stigmergy/cmake/ament_cmake_export_targets-extras.cmake
-- Up-to-date: /home/fourdds/ros2_ws/install/stigmergy/share/stigmergy/cmake/rosidl_cmake_export_typesupport_targets-extras.cmake
-- Up-to-date: /home/fourdds/ros2_ws/install/stigmergy/share/stigmergy/cmake/ament_cmake_export_dependencies-extras.cmake
-- Up-to-date: /home/fourdds/ros2_ws/install/stigmergy/share/stigmergy/cmake/rosidl_cmake_export_typesupport_libraries-extras.cmake
-- Up-to-date: /home/fourdds/ros2_ws/install/stigmergy/share/stigmergy/cmake/stigmergyConfig.cmake
-- Up-to-date: /home/fourdds/ros2_ws/install/stigmergy/share/stigmergy/cmake/stigmergyConfig-version.cmake
-- Up-to-date: /home/fourdds/ros2_ws/install/stigmergy/share/stigmergy/package.xml
