[0.031s] Invoking command in '/home/fourdds/ws/build/gazebo_plugins': AMENT_PREFIX_PATH=/home/fourdds/ws/install/gazebo_ros:/home/fourdds/ws/install/gazebo_msgs:/home/fourdds/ws/install/gazebo_dev:/home/fourdds/ws/install/cv_bridge:${AMENT_PREFIX_PATH} CMAKE_PREFIX_PATH=/home/fourdds/ws/install/gazebo_ros:/home/fourdds/ws/install/gazebo_msgs:/home/fourdds/ws/install/gazebo_dev:/home/fourdds/ws/install/cv_bridge:/opt/ros/humble LD_LIBRARY_PATH=/home/fourdds/ws/install/gazebo_ros/lib:/home/fourdds/ws/install/gazebo_msgs/lib:/home/fourdds/ws/install/cv_bridge/lib:${LD_LIBRARY_PATH} PYTHONPATH=/home/fourdds/ws/install/gazebo_ros/local/lib/python3.10/dist-packages:/home/fourdds/ws/install/gazebo_msgs/local/lib/python3.10/dist-packages:/home/fourdds/ws/install/cv_bridge/local/lib/python3.10/dist-packages:${PYTHONPATH} /usr/bin/cmake --build /home/fourdds/ws/build/gazebo_plugins -- -j16 -l16
[0.183s] [  2%] Built target gazebo_ros_tricycle_drive
[0.187s] [  4%] Built target gazebo_ros_joint_state_publisher
[0.198s] [  6%] Built target gazebo_ros_p3d
[0.198s] [  9%] Built target gazebo_ros_template
[0.207s] [ 11%] Built target gazebo_ros_diff_drive
[0.207s] [ 13%] Built target gazebo_ros_force
[0.219s] [ 16%] Built target gazebo_ros_ray_sensor
[0.222s] [ 18%] Built target gazebo_ros_ft_sensor
[0.235s] [ 20%] Built target gazebo_ros_gps_sensor
[0.237s] [ 23%] Built target multi_camera_plugin
[0.243s] [ 25%] Built target gazebo_ros_video
[0.251s] [ 27%] Built target gazebo_ros_ackermann_drive
[0.251s] [ 30%] Built target gazebo_ros_hand_of_god
[0.253s] [ 32%] Built target gazebo_ros_harness
[0.257s] [ 34%] Built target gazebo_ros_elevator
[0.257s] [ 37%] Built target gazebo_ros_imu_sensor
[0.267s] [ 39%] Built target gazebo_ros_bumper
[0.275s] [ 41%] Built target gazebo_ros_vacuum_gripper
[0.277s] [ 46%] Built target gazebo_ros_joint_pose_trajectory
[0.278s] [ 46%] Built target gazebo_ros_planar_move
[0.278s] [ 48%] Built target gtest
[0.280s] [ 51%] Built target gtest_main
[0.294s] [ 53%] Built target gazebo_ros_projector
[0.314s] [ 55%] Built target gazebo_ros_wheel_slip
[0.340s] [ 58%] Built target gazebo_ros_camera
[0.384s] [ 60%] Built target test_gazebo_ros_elevator
[0.386s] [ 62%] Built target test_gazebo_ros_hand_of_god
[0.386s] [ 65%] Built target test_gazebo_ros_ackermann_drive
[0.389s] [ 69%] Built target test_gazebo_ros_ft_sensor
[0.389s] [ 69%] Built target test_gazebo_ros_gps_sensor
[0.395s] [ 74%] Built target test_gazebo_ros_diff_drive
[0.396s] [ 74%] Built target test_gazebo_ros_force
[0.397s] [ 77%] Built target test_gazebo_ros_joint_pose_trajectory
[0.397s] [ 80%] Built target test_gazebo_ros_harness
[0.397s] [ 81%] Built target test_gazebo_ros_p3d
[0.398s] [ 83%] Built target test_gazebo_ros_bumper
[0.401s] [ 86%] Built target test_gazebo_ros_joint_state_publisher
[0.402s] [ 88%] Built target test_gazebo_ros_imu_sensor
[0.407s] [ 90%] Built target test_gazebo_ros_planar_move
[0.410s] [ 93%] Built target test_gazebo_ros_ray_sensor
[0.428s] [ 95%] Built target test_gazebo_ros_tricycle_drive
[0.444s] [100%] Built target test_gazebo_ros_vacuum_gripper
[0.444s] [100%] Built target test_gazebo_ros_wheelslip
[0.462s] Invoked command in '/home/fourdds/ws/build/gazebo_plugins' returned '0': AMENT_PREFIX_PATH=/home/fourdds/ws/install/gazebo_ros:/home/fourdds/ws/install/gazebo_msgs:/home/fourdds/ws/install/gazebo_dev:/home/fourdds/ws/install/cv_bridge:${AMENT_PREFIX_PATH} CMAKE_PREFIX_PATH=/home/fourdds/ws/install/gazebo_ros:/home/fourdds/ws/install/gazebo_msgs:/home/fourdds/ws/install/gazebo_dev:/home/fourdds/ws/install/cv_bridge:/opt/ros/humble LD_LIBRARY_PATH=/home/fourdds/ws/install/gazebo_ros/lib:/home/fourdds/ws/install/gazebo_msgs/lib:/home/fourdds/ws/install/cv_bridge/lib:${LD_LIBRARY_PATH} PYTHONPATH=/home/fourdds/ws/install/gazebo_ros/local/lib/python3.10/dist-packages:/home/fourdds/ws/install/gazebo_msgs/local/lib/python3.10/dist-packages:/home/fourdds/ws/install/cv_bridge/local/lib/python3.10/dist-packages:${PYTHONPATH} /usr/bin/cmake --build /home/fourdds/ws/build/gazebo_plugins -- -j16 -l16
[0.608s] Invoking command in '/home/fourdds/ws/build/gazebo_plugins': AMENT_PREFIX_PATH=/home/fourdds/ws/install/gazebo_ros:/home/fourdds/ws/install/gazebo_msgs:/home/fourdds/ws/install/gazebo_dev:/home/fourdds/ws/install/cv_bridge:${AMENT_PREFIX_PATH} CMAKE_PREFIX_PATH=/home/fourdds/ws/install/gazebo_ros:/home/fourdds/ws/install/gazebo_msgs:/home/fourdds/ws/install/gazebo_dev:/home/fourdds/ws/install/cv_bridge:/opt/ros/humble LD_LIBRARY_PATH=/home/fourdds/ws/install/gazebo_ros/lib:/home/fourdds/ws/install/gazebo_msgs/lib:/home/fourdds/ws/install/cv_bridge/lib:${LD_LIBRARY_PATH} PYTHONPATH=/home/fourdds/ws/install/gazebo_ros/local/lib/python3.10/dist-packages:/home/fourdds/ws/install/gazebo_msgs/local/lib/python3.10/dist-packages:/home/fourdds/ws/install/cv_bridge/local/lib/python3.10/dist-packages:${PYTHONPATH} /usr/bin/cmake --install /home/fourdds/ws/build/gazebo_plugins
[0.615s] -- Install configuration: ""
[0.616s] -- Execute custom install script
[0.616s] -- Up-to-date symlink: /home/fourdds/ws/install/gazebo_plugins/share/gazebo_plugins/environment/library_path.sh
[0.617s] -- Up-to-date symlink: /home/fourdds/ws/install/gazebo_plugins/share/gazebo_plugins/environment/library_path.dsv
[0.617s] -- Up-to-date symlink: /home/fourdds/ws/install/gazebo_plugins/share/gazebo_plugins/environment/gazebo_plugins.sh
[0.617s] -- Up-to-date symlink: /home/fourdds/ws/install/gazebo_plugins/share/gazebo_plugins/environment/gazebo_plugins.dsv
[0.618s] -- Up-to-date symlink: /home/fourdds/ws/install/gazebo_plugins/share/ament_index/resource_index/package_run_dependencies/gazebo_plugins
[0.618s] -- Up-to-date symlink: /home/fourdds/ws/install/gazebo_plugins/share/ament_index/resource_index/parent_prefix_path/gazebo_plugins
[0.618s] -- Up-to-date symlink: /home/fourdds/ws/install/gazebo_plugins/share/gazebo_plugins/environment/ament_prefix_path.sh
[0.618s] -- Up-to-date symlink: /home/fourdds/ws/install/gazebo_plugins/share/gazebo_plugins/environment/ament_prefix_path.dsv
[0.619s] -- Up-to-date symlink: /home/fourdds/ws/install/gazebo_plugins/share/gazebo_plugins/environment/path.sh
[0.619s] -- Up-to-date symlink: /home/fourdds/ws/install/gazebo_plugins/share/gazebo_plugins/environment/path.dsv
[0.619s] -- Up-to-date symlink: /home/fourdds/ws/install/gazebo_plugins/share/gazebo_plugins/local_setup.bash
[0.619s] -- Up-to-date symlink: /home/fourdds/ws/install/gazebo_plugins/share/gazebo_plugins/local_setup.sh
[0.619s] -- Up-to-date symlink: /home/fourdds/ws/install/gazebo_plugins/share/gazebo_plugins/local_setup.zsh
[0.620s] -- Up-to-date symlink: /home/fourdds/ws/install/gazebo_plugins/share/gazebo_plugins/local_setup.dsv
[0.620s] -- Symlinking: /home/fourdds/ws/install/gazebo_plugins/share/gazebo_plugins/package.dsv
[0.630s] -- Up-to-date symlink: /home/fourdds/ws/install/gazebo_plugins/share/ament_index/resource_index/packages/gazebo_plugins
[0.630s] -- Up-to-date symlink: /home/fourdds/ws/install/gazebo_plugins/share/gazebo_plugins/cmake/ament_cmake_export_libraries-extras.cmake
[0.630s] -- Up-to-date symlink: /home/fourdds/ws/install/gazebo_plugins/share/gazebo_plugins/cmake/ament_cmake_export_include_directories-extras.cmake
[0.630s] -- Up-to-date symlink: /home/fourdds/ws/install/gazebo_plugins/share/gazebo_plugins/cmake/ament_cmake_export_dependencies-extras.cmake
[0.631s] -- Up-to-date symlink: /home/fourdds/ws/install/gazebo_plugins/share/gazebo_plugins/cmake/gazebo_pluginsConfig.cmake
[0.631s] -- Up-to-date symlink: /home/fourdds/ws/install/gazebo_plugins/share/gazebo_plugins/cmake/gazebo_pluginsConfig-version.cmake
[0.631s] -- Up-to-date symlink: /home/fourdds/ws/install/gazebo_plugins/share/gazebo_plugins/package.xml
[0.632s] -- Up-to-date symlink: /home/fourdds/ws/install/gazebo_plugins/include/gazebo_plugins/gazebo_ros_ackermann_drive.hpp
[0.632s] -- Up-to-date symlink: /home/fourdds/ws/install/gazebo_plugins/include/gazebo_plugins/gazebo_ros_bumper.hpp
[0.632s] -- Up-to-date symlink: /home/fourdds/ws/install/gazebo_plugins/include/gazebo_plugins/gazebo_ros_camera.hpp
[0.632s] -- Up-to-date symlink: /home/fourdds/ws/install/gazebo_plugins/include/gazebo_plugins/gazebo_ros_diff_drive.hpp
[0.632s] -- Up-to-date symlink: /home/fourdds/ws/install/gazebo_plugins/include/gazebo_plugins/gazebo_ros_elevator.hpp
[0.632s] -- Up-to-date symlink: /home/fourdds/ws/install/gazebo_plugins/include/gazebo_plugins/gazebo_ros_force.hpp
[0.633s] -- Up-to-date symlink: /home/fourdds/ws/install/gazebo_plugins/include/gazebo_plugins/gazebo_ros_ft_sensor.hpp
[0.633s] -- Up-to-date symlink: /home/fourdds/ws/install/gazebo_plugins/include/gazebo_plugins/gazebo_ros_gps_sensor.hpp
[0.633s] -- Up-to-date symlink: /home/fourdds/ws/install/gazebo_plugins/include/gazebo_plugins/gazebo_ros_hand_of_god.hpp
[0.633s] -- Up-to-date symlink: /home/fourdds/ws/install/gazebo_plugins/include/gazebo_plugins/gazebo_ros_harness.hpp
[0.634s] -- Up-to-date symlink: /home/fourdds/ws/install/gazebo_plugins/include/gazebo_plugins/gazebo_ros_imu_sensor.hpp
[0.634s] -- Up-to-date symlink: /home/fourdds/ws/install/gazebo_plugins/include/gazebo_plugins/gazebo_ros_joint_pose_trajectory.hpp
[0.634s] -- Up-to-date symlink: /home/fourdds/ws/install/gazebo_plugins/include/gazebo_plugins/gazebo_ros_joint_state_publisher.hpp
[0.634s] -- Up-to-date symlink: /home/fourdds/ws/install/gazebo_plugins/include/gazebo_plugins/gazebo_ros_p3d.hpp
[0.635s] -- Up-to-date symlink: /home/fourdds/ws/install/gazebo_plugins/include/gazebo_plugins/gazebo_ros_planar_move.hpp
[0.635s] -- Up-to-date symlink: /home/fourdds/ws/install/gazebo_plugins/include/gazebo_plugins/gazebo_ros_projector.hpp
[0.635s] -- Up-to-date symlink: /home/fourdds/ws/install/gazebo_plugins/include/gazebo_plugins/gazebo_ros_ray_sensor.hpp
[0.636s] -- Up-to-date symlink: /home/fourdds/ws/install/gazebo_plugins/include/gazebo_plugins/gazebo_ros_template.hpp
[0.637s] -- Up-to-date symlink: /home/fourdds/ws/install/gazebo_plugins/include/gazebo_plugins/gazebo_ros_tricycle_drive.hpp
[0.637s] -- Up-to-date symlink: /home/fourdds/ws/install/gazebo_plugins/include/gazebo_plugins/gazebo_ros_vacuum_gripper.hpp
[0.637s] -- Up-to-date symlink: /home/fourdds/ws/install/gazebo_plugins/include/gazebo_plugins/gazebo_ros_video.hpp
[0.637s] -- Up-to-date symlink: /home/fourdds/ws/install/gazebo_plugins/include/gazebo_plugins/gazebo_ros_wheel_slip.hpp
[0.637s] -- Up-to-date symlink: /home/fourdds/ws/install/gazebo_plugins/include/gazebo_plugins/multi_camera_plugin.hpp
[0.637s] -- Up-to-date symlink: /home/fourdds/ws/install/gazebo_plugins/lib/libgazebo_ros_ackermann_drive.so
[0.637s] -- Up-to-date symlink: /home/fourdds/ws/install/gazebo_plugins/lib/libgazebo_ros_bumper.so
[0.638s] -- Up-to-date symlink: /home/fourdds/ws/install/gazebo_plugins/lib/libgazebo_ros_camera.so
[0.638s] -- Up-to-date symlink: /home/fourdds/ws/install/gazebo_plugins/lib/libgazebo_ros_diff_drive.so
[0.638s] -- Up-to-date symlink: /home/fourdds/ws/install/gazebo_plugins/lib/libgazebo_ros_elevator.so
[0.638s] -- Up-to-date symlink: /home/fourdds/ws/install/gazebo_plugins/lib/libgazebo_ros_force.so
[0.638s] -- Up-to-date symlink: /home/fourdds/ws/install/gazebo_plugins/lib/libgazebo_ros_ft_sensor.so
[0.638s] -- Up-to-date symlink: /home/fourdds/ws/install/gazebo_plugins/lib/libgazebo_ros_hand_of_god.so
[0.639s] -- Up-to-date symlink: /home/fourdds/ws/install/gazebo_plugins/lib/libgazebo_ros_harness.so
[0.639s] -- Up-to-date symlink: /home/fourdds/ws/install/gazebo_plugins/lib/libgazebo_ros_imu_sensor.so
[0.639s] -- Up-to-date symlink: /home/fourdds/ws/install/gazebo_plugins/lib/libgazebo_ros_gps_sensor.so
[0.639s] -- Up-to-date symlink: /home/fourdds/ws/install/gazebo_plugins/lib/libgazebo_ros_joint_pose_trajectory.so
[0.640s] -- Up-to-date symlink: /home/fourdds/ws/install/gazebo_plugins/lib/libgazebo_ros_joint_state_publisher.so
[0.640s] -- Up-to-date symlink: /home/fourdds/ws/install/gazebo_plugins/lib/libgazebo_ros_planar_move.so
[0.640s] -- Up-to-date symlink: /home/fourdds/ws/install/gazebo_plugins/lib/libgazebo_ros_projector.so
[0.640s] -- Up-to-date symlink: /home/fourdds/ws/install/gazebo_plugins/lib/libgazebo_ros_ray_sensor.so
[0.640s] -- Up-to-date symlink: /home/fourdds/ws/install/gazebo_plugins/lib/libgazebo_ros_p3d.so
[0.641s] -- Up-to-date symlink: /home/fourdds/ws/install/gazebo_plugins/lib/libgazebo_ros_template.so
[0.641s] -- Up-to-date symlink: /home/fourdds/ws/install/gazebo_plugins/lib/libgazebo_ros_tricycle_drive.so
[0.641s] -- Up-to-date symlink: /home/fourdds/ws/install/gazebo_plugins/lib/libgazebo_ros_vacuum_gripper.so
[0.642s] -- Up-to-date symlink: /home/fourdds/ws/install/gazebo_plugins/lib/libgazebo_ros_video.so
[0.642s] -- Up-to-date symlink: /home/fourdds/ws/install/gazebo_plugins/lib/libmulti_camera_plugin.so
[0.642s] -- Up-to-date symlink: /home/fourdds/ws/install/gazebo_plugins/lib/libgazebo_ros_wheel_slip.so
[0.643s] -- Up-to-date symlink: /home/fourdds/ws/install/gazebo_plugins/lib/gazebo_plugins//wheel_slip_drawbar_pull_publisher.py
[0.643s] -- Up-to-date symlink: /home/fourdds/ws/install/gazebo_plugins/share/gazebo_plugins//worlds/gazebo_ros_ackermann_drive_demo.world
[0.644s] -- Up-to-date symlink: /home/fourdds/ws/install/gazebo_plugins/share/gazebo_plugins//worlds/gazebo_ros_bumper_demo.world
[0.644s] -- Up-to-date symlink: /home/fourdds/ws/install/gazebo_plugins/share/gazebo_plugins//worlds/gazebo_ros_camera_demo.world
[0.644s] -- Up-to-date symlink: /home/fourdds/ws/install/gazebo_plugins/share/gazebo_plugins//worlds/gazebo_ros_camera_distortion_barrel_demo.world
[0.644s] -- Up-to-date symlink: /home/fourdds/ws/install/gazebo_plugins/share/gazebo_plugins//worlds/gazebo_ros_camera_distortion_pincushion_demo.world
[0.645s] -- Up-to-date symlink: /home/fourdds/ws/install/gazebo_plugins/share/gazebo_plugins//worlds/gazebo_ros_camera_triggered_demo.world
[0.645s] -- Up-to-date symlink: /home/fourdds/ws/install/gazebo_plugins/share/gazebo_plugins//worlds/gazebo_ros_depth_camera_demo.world
[0.646s] -- Up-to-date symlink: /home/fourdds/ws/install/gazebo_plugins/share/gazebo_plugins//worlds/gazebo_ros_diff_drive_demo.world
[0.646s] -- Up-to-date symlink: /home/fourdds/ws/install/gazebo_plugins/share/gazebo_plugins//worlds/gazebo_ros_elevator_demo.world
[0.646s] -- Up-to-date symlink: /home/fourdds/ws/install/gazebo_plugins/share/gazebo_plugins//worlds/gazebo_ros_force_demo.world
[0.647s] -- Up-to-date symlink: /home/fourdds/ws/install/gazebo_plugins/share/gazebo_plugins//worlds/gazebo_ros_ft_sensor_demo.world
[0.647s] -- Up-to-date symlink: /home/fourdds/ws/install/gazebo_plugins/share/gazebo_plugins//worlds/gazebo_ros_gps_sensor_demo.world
[0.647s] -- Up-to-date symlink: /home/fourdds/ws/install/gazebo_plugins/share/gazebo_plugins//worlds/gazebo_ros_hand_of_god_demo.world
[0.647s] -- Up-to-date symlink: /home/fourdds/ws/install/gazebo_plugins/share/gazebo_plugins//worlds/gazebo_ros_harness_demo.world
[0.647s] -- Up-to-date symlink: /home/fourdds/ws/install/gazebo_plugins/share/gazebo_plugins//worlds/gazebo_ros_joint_pose_trajectory_demo.world
[0.648s] -- Up-to-date symlink: /home/fourdds/ws/install/gazebo_plugins/share/gazebo_plugins//worlds/gazebo_ros_joint_state_publisher_demo.world
[0.648s] -- Up-to-date symlink: /home/fourdds/ws/install/gazebo_plugins/share/gazebo_plugins//worlds/gazebo_ros_multi_camera_demo.world
[0.648s] -- Up-to-date symlink: /home/fourdds/ws/install/gazebo_plugins/share/gazebo_plugins//worlds/gazebo_ros_multicamera_demo.world
[0.648s] -- Up-to-date symlink: /home/fourdds/ws/install/gazebo_plugins/share/gazebo_plugins//worlds/gazebo_ros_p3d_demo.world
[0.648s] -- Up-to-date symlink: /home/fourdds/ws/install/gazebo_plugins/share/gazebo_plugins//worlds/gazebo_ros_planar_move_demo.world
[0.649s] -- Up-to-date symlink: /home/fourdds/ws/install/gazebo_plugins/share/gazebo_plugins//worlds/gazebo_ros_projector_demo.world
[0.649s] -- Up-to-date symlink: /home/fourdds/ws/install/gazebo_plugins/share/gazebo_plugins//worlds/gazebo_ros_ray_sensor_demo.world
[0.649s] -- Up-to-date symlink: /home/fourdds/ws/install/gazebo_plugins/share/gazebo_plugins//worlds/gazebo_ros_skid_steer_drive_demo.world
[0.650s] -- Up-to-date symlink: /home/fourdds/ws/install/gazebo_plugins/share/gazebo_plugins//worlds/gazebo_ros_template_demo.world
[0.650s] -- Up-to-date symlink: /home/fourdds/ws/install/gazebo_plugins/share/gazebo_plugins//worlds/gazebo_ros_tricycle_drive_demo.world
[0.650s] -- Up-to-date symlink: /home/fourdds/ws/install/gazebo_plugins/share/gazebo_plugins//worlds/gazebo_ros_vacuum_gripper_demo.world
[0.651s] -- Up-to-date symlink: /home/fourdds/ws/install/gazebo_plugins/share/gazebo_plugins//worlds/gazebo_ros_video_demo.world
[0.651s] -- Up-to-date symlink: /home/fourdds/ws/install/gazebo_plugins/share/gazebo_plugins//worlds/gazebo_ros_wheel_slip_demo.world
[0.651s] -- Up-to-date symlink: /home/fourdds/ws/install/gazebo_plugins/share/gazebo_plugins//worlds/gazebo_ros_wheel_slip_drawbar_pull_demo.world
[0.655s] Invoked command in '/home/fourdds/ws/build/gazebo_plugins' returned '0': AMENT_PREFIX_PATH=/home/fourdds/ws/install/gazebo_ros:/home/fourdds/ws/install/gazebo_msgs:/home/fourdds/ws/install/gazebo_dev:/home/fourdds/ws/install/cv_bridge:${AMENT_PREFIX_PATH} CMAKE_PREFIX_PATH=/home/fourdds/ws/install/gazebo_ros:/home/fourdds/ws/install/gazebo_msgs:/home/fourdds/ws/install/gazebo_dev:/home/fourdds/ws/install/cv_bridge:/opt/ros/humble LD_LIBRARY_PATH=/home/fourdds/ws/install/gazebo_ros/lib:/home/fourdds/ws/install/gazebo_msgs/lib:/home/fourdds/ws/install/cv_bridge/lib:${LD_LIBRARY_PATH} PYTHONPATH=/home/fourdds/ws/install/gazebo_ros/local/lib/python3.10/dist-packages:/home/fourdds/ws/install/gazebo_msgs/local/lib/python3.10/dist-packages:/home/fourdds/ws/install/cv_bridge/local/lib/python3.10/dist-packages:${PYTHONPATH} /usr/bin/cmake --install /home/fourdds/ws/build/gazebo_plugins
