[35m[1mConsolidate compiler generated dependencies of target uavs_spawner[0m
[  2%] Built target boids__cpp
[ 10%] Built target boids__rosidl_generator_c
[ 16%] Built target frame_transforms
[ 16%] Built target ament_cmake_python_copy_boids
[ 24%] Built target boids__rosidl_typesupport_cpp
[ 32%] Built target boids__rosidl_typesupport_fastrtps_cpp
[ 35%] [32mBuilding CXX object CMakeFiles/uavs_spawner.dir/src/swarm_master.cpp.o[0m
[ 43%] Built target boids__rosidl_typesupport_introspection_cpp
[ 51%] Built target boids__rosidl_typesupport_introspection_c
[ 59%] Built target boids__rosidl_typesupport_fastrtps_c
[ 67%] Built target boids__rosidl_typesupport_c
[ 67%] Built target boids
[ 70%] Built target boids__py
[ 75%] Built target boids__rosidl_generator_py
[ 81%] Built target boids__rosidl_typesupport_fastrtps_c__pyext
[ 86%] Built target boids__rosidl_typesupport_introspection_c__pyext
[ 91%] Built target boids__rosidl_typesupport_c__pyext
running egg_info
writing boids.egg-info/PKG-INFO
writing dependency_links to boids.egg-info/dependency_links.txt
writing top-level names to boids.egg-info/top_level.txt
reading manifest file 'boids.egg-info/SOURCES.txt'
writing manifest file 'boids.egg-info/SOURCES.txt'
[ 91%] Built target ament_cmake_python_build_boids_egg
In file included from [01m[K/usr/include/c++/11/pstl/glue_algorithm_defs.h:13[m[K,
                 from [01m[K/usr/include/c++/11/algorithm:74[m[K,
                 from [01m[K/opt/ros/humble/include/rclcpp/rclcpp/executor.hpp:18[m[K,
                 from [01m[K/opt/ros/humble/include/rclcpp/rclcpp/executors/multi_threaded_executor.hpp:25[m[K,
                 from [01m[K/opt/ros/humble/include/rclcpp/rclcpp/executors.hpp:21[m[K,
                 from [01m[K/opt/ros/humble/include/rclcpp/rclcpp/rclcpp.hpp:155[m[K,
                 from [01m[K/home/fourdds/ros2_ws/src/boids/src/swarm_master.hpp:3[m[K,
                 from [01m[K/home/fourdds/ros2_ws/src/boids/src/swarm_master.cpp:1[m[K:
/usr/include/c++/11/functional: In instantiation of ‘[01m[Kstruct std::_Bind_check_arity<void (swarm_master::*)(std::shared_ptr<boids::srv::GetNeighbors_Request_<std::allocator<void> > >, std::shared_ptr<boids::srv::GetNeighbors_Response_<std::allocator<void> > >), swarm_master*, const std::_Placeholder<2>&>[m[K’:
[01m[K/usr/include/c++/11/functional:768:12:[m[K   required from ‘[01m[Kstruct std::_Bind_helper<false, void (swarm_master::*)(std::shared_ptr<boids::srv::GetNeighbors_Request_<std::allocator<void> > >, std::shared_ptr<boids::srv::GetNeighbors_Response_<std::allocator<void> > >), swarm_master*, const std::_Placeholder<2>&>[m[K’
[01m[K/usr/include/c++/11/functional:789:5:[m[K   required by substitution of ‘[01m[Ktemplate<class _Func, class ... _BoundArgs> constexpr typename std::_Bind_helper<std::__is_socketlike<_Func>::value, _Func, _BoundArgs ...>::type std::bind(_Func&&, _BoundArgs&& ...) [with _Func = void (swarm_master::*)(std::shared_ptr<boids::srv::GetNeighbors_Request_<std::allocator<void> > >, std::shared_ptr<boids::srv::GetNeighbors_Response_<std::allocator<void> > >); _BoundArgs = {swarm_master*, const std::_Placeholder<2>&}][m[K’
[01m[K/home/fourdds/ros2_ws/src/boids/src/swarm_master.cpp:11:44:[m[K   required from here
[01m[K/usr/include/c++/11/functional:756:21:[m[K [01;31m[Kerror: [m[Kstatic assertion failed: Wrong number of arguments for pointer-to-member
  755 |       static_assert(_Varargs::[01;31m[Kvalue[m[K
      |                               [01;31m[K~~~~~[m[K
  756 | [01;31m[K                    ? sizeof...(_BoundArgs) >= _Arity::value + 1[m[K
      |                     [01;31m[K^~~~~~~~~~~~~~~~~~~~~~~~~~~~~~~~~~~~~~~~~~~~[m[K
  757 | [01;31m[K                    : sizeof...(_BoundArgs) == _Arity::value + 1[m[K,
      |                     [01;31m[K~~~~~~~~~~~~~~~~~~~~~~~~~~~~~~~~~~~~~~~~~~~~[m[K
[01m[K/usr/include/c++/11/functional:756:21:[m[K [01;36m[Knote: [m[K‘[01m[K(false ? (2 >= (((long unsigned int)std::integral_constant<long unsigned int, 2>::value) + 1)) : (2 == (((long unsigned int)std::integral_constant<long unsigned int, 2>::value) + 1)))[m[K’ evaluates to false
In file included from [01m[K/opt/ros/humble/include/rclcpp/rclcpp/service.hpp:36[m[K,
                 from [01m[K/opt/ros/humble/include/rclcpp/rclcpp/callback_group.hpp:28[m[K,
                 from [01m[K/opt/ros/humble/include/rclcpp/rclcpp/any_executable.hpp:20[m[K,
                 from [01m[K/opt/ros/humble/include/rclcpp/rclcpp/memory_strategy.hpp:25[m[K,
                 from [01m[K/opt/ros/humble/include/rclcpp/rclcpp/memory_strategies.hpp:18[m[K,
                 from [01m[K/opt/ros/humble/include/rclcpp/rclcpp/executor_options.hpp:20[m[K,
                 from [01m[K/opt/ros/humble/include/rclcpp/rclcpp/executor.hpp:37[m[K,
                 from [01m[K/opt/ros/humble/include/rclcpp/rclcpp/executors/multi_threaded_executor.hpp:25[m[K,
                 from [01m[K/opt/ros/humble/include/rclcpp/rclcpp/executors.hpp:21[m[K,
                 from [01m[K/opt/ros/humble/include/rclcpp/rclcpp/rclcpp.hpp:155[m[K,
                 from [01m[K/home/fourdds/ros2_ws/src/boids/src/swarm_master.hpp:3[m[K,
                 from [01m[K/home/fourdds/ros2_ws/src/boids/src/swarm_master.cpp:1[m[K:
/opt/ros/humble/include/rclcpp/rclcpp/any_service_callback.hpp: In instantiation of ‘[01m[Kvoid rclcpp::AnyServiceCallback<ServiceT>::set(CallbackT&&) [with CallbackT = std::_Bind<void (swarm_master::*(swarm_master*, std::_Placeholder<2>))(std::shared_ptr<boids::srv::GetNeighbors_Request_<std::allocator<void> > >, std::shared_ptr<boids::srv::GetNeighbors_Response_<std::allocator<void> > >)>&; typename std::enable_if<(! rclcpp::detail::can_be_nullptr<CallbackT>::value), int>::type <anonymous> = 0; ServiceT = boids::srv::GetNeighbors][m[K’:
[01m[K/opt/ros/humble/include/rclcpp/rclcpp/create_service.hpp:43:27:[m[K   required from ‘[01m[Ktypename rclcpp::Service<ServiceT>::SharedPtr rclcpp::create_service(std::shared_ptr<rclcpp::node_interfaces::NodeBaseInterface>, std::shared_ptr<rclcpp::node_interfaces::NodeServicesInterface>, const string&, CallbackT&&, const rmw_qos_profile_t&, rclcpp::CallbackGroup::SharedPtr) [with ServiceT = boids::srv::GetNeighbors; CallbackT = std::_Bind<void (swarm_master::*(swarm_master*, std::_Placeholder<2>))(std::shared_ptr<boids::srv::GetNeighbors_Request_<std::allocator<void> > >, std::shared_ptr<boids::srv::GetNeighbors_Response_<std::allocator<void> > >)>&; typename rclcpp::Service<ServiceT>::SharedPtr = std::shared_ptr<rclcpp::Service<boids::srv::GetNeighbors> >; std::string = std::__cxx11::basic_string<char>; rmw_qos_profile_t = rmw_qos_profile_s; rclcpp::CallbackGroup::SharedPtr = std::shared_ptr<rclcpp::CallbackGroup>][m[K’
[01m[K/opt/ros/humble/include/rclcpp/rclcpp/node_impl.hpp:147:53:[m[K   required from ‘[01m[Ktypename rclcpp::Service<ServiceT>::SharedPtr rclcpp::Node::create_service(const string&, CallbackT&&, const rmw_qos_profile_t&, rclcpp::CallbackGroup::SharedPtr) [with ServiceT = boids::srv::GetNeighbors; CallbackT = std::_Bind<void (swarm_master::*(swarm_master*, std::_Placeholder<2>))(std::shared_ptr<boids::srv::GetNeighbors_Request_<std::allocator<void> > >, std::shared_ptr<boids::srv::GetNeighbors_Response_<std::allocator<void> > >)>&; typename rclcpp::Service<ServiceT>::SharedPtr = std::shared_ptr<rclcpp::Service<boids::srv::GetNeighbors> >; std::string = std::__cxx11::basic_string<char>; rmw_qos_profile_t = rmw_qos_profile_s; rclcpp::CallbackGroup::SharedPtr = std::shared_ptr<rclcpp::CallbackGroup>][m[K’
[01m[K/home/fourdds/ros2_ws/src/boids/src/swarm_master.cpp:12:66:[m[K   required from here
[01m[K/opt/ros/humble/include/rclcpp/rclcpp/any_service_callback.hpp:78:52:[m[K [01;31m[Kerror: [m[Kno matching function for call to ‘[01m[Kstd::variant<std::monostate, std::function<void(std::shared_ptr<boids::srv::GetNeighbors_Request_<std::allocator<void> > >, std::shared_ptr<boids::srv::GetNeighbors_Response_<std::allocator<void> > >)>, std::function<void(std::shared_ptr<rmw_request_id_s>, std::shared_ptr<boids::srv::GetNeighbors_Request_<std::allocator<void> > >, std::shared_ptr<boids::srv::GetNeighbors_Response_<std::allocator<void> > >)>, std::function<void(std::shared_ptr<rmw_request_id_s>, std::shared_ptr<boids::srv::GetNeighbors_Request_<std::allocator<void> > >)>, std::function<void(std::shared_ptr<rclcpp::Service<boids::srv::GetNeighbors> >, std::shared_ptr<rmw_request_id_s>, std::shared_ptr<boids::srv::GetNeighbors_Request_<std::allocator<void> > >)> >::emplace<rclcpp::AnyServiceCallback<boids::srv::GetNeighbors>::SharedPtrCallback>(std::_Bind<void (swarm_master::*(swarm_master*, std::_Placeholder<2>))(std::shared_ptr<boids::srv::GetNeighbors_Request_<std::allocator<void> > >, std::shared_ptr<boids::srv::GetNeighbors_Response_<std::allocator<void> > >)>&)[m[K’
   78 |       [01;31m[Kcallback_.template emplace<SharedPtrCallback>(callback)[m[K;
      |       [01;31m[K~~~~~~~~~~~~~~~~~~~~~~~~~~~~~~~~~~~~~~~~~~~~~^~~~~~~~~~[m[K
In file included from [01m[K/opt/ros/humble/include/rclcpp/rclcpp/client.hpp:28[m[K,
                 from [01m[K/opt/ros/humble/include/rclcpp/rclcpp/callback_group.hpp:24[m[K,
                 from [01m[K/opt/ros/humble/include/rclcpp/rclcpp/any_executable.hpp:20[m[K,
                 from [01m[K/opt/ros/humble/include/rclcpp/rclcpp/memory_strategy.hpp:25[m[K,
                 from [01m[K/opt/ros/humble/include/rclcpp/rclcpp/memory_strategies.hpp:18[m[K,
                 from [01m[K/opt/ros/humble/include/rclcpp/rclcpp/executor_options.hpp:20[m[K,
                 from [01m[K/opt/ros/humble/include/rclcpp/rclcpp/executor.hpp:37[m[K,
                 from [01m[K/opt/ros/humble/include/rclcpp/rclcpp/executors/multi_threaded_executor.hpp:25[m[K,
                 from [01m[K/opt/ros/humble/include/rclcpp/rclcpp/executors.hpp:21[m[K,
                 from [01m[K/opt/ros/humble/include/rclcpp/rclcpp/rclcpp.hpp:155[m[K,
                 from [01m[K/home/fourdds/ros2_ws/src/boids/src/swarm_master.hpp:3[m[K,
                 from [01m[K/home/fourdds/ros2_ws/src/boids/src/swarm_master.cpp:1[m[K:
[01m[K/usr/include/c++/11/variant:1485:9:[m[K [01;36m[Knote: [m[Kcandidate: ‘[01m[Ktemplate<class _Tp, class ... _Args> std::enable_if_t<(is_constructible_v<_Tp, _Args ...> && __exactly_once<_Tp>), _Tp&> std::variant<_Types>::emplace(_Args&& ...) [with _Tp = _Tp; _Args = {_Args ...}; _Types = {std::monostate, std::function<void(std::shared_ptr<boids::srv::GetNeighbors_Request_<std::allocator<void> > >, std::shared_ptr<boids::srv::GetNeighbors_Response_<std::allocator<void> > >)>, std::function<void(std::shared_ptr<rmw_request_id_s>, std::shared_ptr<boids::srv::GetNeighbors_Request_<std::allocator<void> > >, std::shared_ptr<boids::srv::GetNeighbors_Response_<std::allocator<void> > >)>, std::function<void(std::shared_ptr<rmw_request_id_s>, std::shared_ptr<boids::srv::GetNeighbors_Request_<std::allocator<void> > >)>, std::function<void(std::shared_ptr<rclcpp::Service<boids::srv::GetNeighbors> >, std::shared_ptr<rmw_request_id_s>, std::shared_ptr<boids::srv::GetNeighbors_Request_<std::allocator<void> > >)>}][m[K’
 1485 |         [01;36m[Kemplace[m[K(_Args&&... __args)
      |         [01;36m[K^~~~~~~[m[K
[01m[K/usr/include/c++/11/variant:1485:9:[m[K [01;36m[Knote: [m[K  template argument deduction/substitution failed:
In file included from [01m[K/usr/include/c++/11/bits/move.h:57[m[K,
                 from [01m[K/usr/include/c++/11/bits/stl_pair.h:59[m[K,
                 from [01m[K/usr/include/c++/11/bits/stl_algobase.h:64[m[K,
                 from [01m[K/usr/include/c++/11/memory:63[m[K,
                 from [01m[K/opt/ros/humble/include/rclcpp/rclcpp/rclcpp.hpp:153[m[K,
                 from [01m[K/home/fourdds/ros2_ws/src/boids/src/swarm_master.hpp:3[m[K,
                 from [01m[K/home/fourdds/ros2_ws/src/boids/src/swarm_master.cpp:1[m[K:
/usr/include/c++/11/type_traits: In substitution of ‘[01m[Ktemplate<bool _Cond, class _Tp> using enable_if_t = typename std::enable_if::type [with bool _Cond = false; _Tp = std::function<void(std::shared_ptr<boids::srv::GetNeighbors_Request_<std::allocator<void> > >, std::shared_ptr<boids::srv::GetNeighbors_Response_<std::allocator<void> > >)>&][m[K’:
[01m[K/usr/include/c++/11/variant:1485:2:[m[K   required by substitution of ‘[01m[Ktemplate<class _Tp, class ... _Args> std::enable_if_t<(is_constructible_v<_Tp, _Args ...> && __exactly_once<_Tp>), _Tp&> std::variant<std::monostate, std::function<void(std::shared_ptr<boids::srv::GetNeighbors_Request_<std::allocator<void> > >, std::shared_ptr<boids::srv::GetNeighbors_Response_<std::allocator<void> > >)>, std::function<void(std::shared_ptr<rmw_request_id_s>, std::shared_ptr<boids::srv::GetNeighbors_Request_<std::allocator<void> > >, std::shared_ptr<boids::srv::GetNeighbors_Response_<std::allocator<void> > >)>, std::function<void(std::shared_ptr<rmw_request_id_s>, std::shared_ptr<boids::srv::GetNeighbors_Request_<std::allocator<void> > >)>, std::function<void(std::shared_ptr<rclcpp::Service<boids::srv::GetNeighbors> >, std::shared_ptr<rmw_request_id_s>, std::shared_ptr<boids::srv::GetNeighbors_Request_<std::allocator<void> > >)> >::emplace<_Tp, _Args ...>(_Args&& ...) [with _Tp = std::function<void(std::shared_ptr<boids::srv::GetNeighbors_Request_<std::allocator<void> > >, std::shared_ptr<boids::srv::GetNeighbors_Response_<std::allocator<void> > >)>; _Args = {std::_Bind<void (swarm_master::*(swarm_master*, std::_Placeholder<2>))(std::shared_ptr<boids::srv::GetNeighbors_Request_<std::allocator<void> > >, std::shared_ptr<boids::srv::GetNeighbors_Response_<std::allocator<void> > >)>&}][m[K’
[01m[K/opt/ros/humble/include/rclcpp/rclcpp/any_service_callback.hpp:78:52:[m[K   required from ‘[01m[Kvoid rclcpp::AnyServiceCallback<ServiceT>::set(CallbackT&&) [with CallbackT = std::_Bind<void (swarm_master::*(swarm_master*, std::_Placeholder<2>))(std::shared_ptr<boids::srv::GetNeighbors_Request_<std::allocator<void> > >, std::shared_ptr<boids::srv::GetNeighbors_Response_<std::allocator<void> > >)>&; typename std::enable_if<(! rclcpp::detail::can_be_nullptr<CallbackT>::value), int>::type <anonymous> = 0; ServiceT = boids::srv::GetNeighbors][m[K’
[01m[K/opt/ros/humble/include/rclcpp/rclcpp/create_service.hpp:43:27:[m[K   required from ‘[01m[Ktypename rclcpp::Service<ServiceT>::SharedPtr rclcpp::create_service(std::shared_ptr<rclcpp::node_interfaces::NodeBaseInterface>, std::shared_ptr<rclcpp::node_interfaces::NodeServicesInterface>, const string&, CallbackT&&, const rmw_qos_profile_t&, rclcpp::CallbackGroup::SharedPtr) [with ServiceT = boids::srv::GetNeighbors; CallbackT = std::_Bind<void (swarm_master::*(swarm_master*, std::_Placeholder<2>))(std::shared_ptr<boids::srv::GetNeighbors_Request_<std::allocator<void> > >, std::shared_ptr<boids::srv::GetNeighbors_Response_<std::allocator<void> > >)>&; typename rclcpp::Service<ServiceT>::SharedPtr = std::shared_ptr<rclcpp::Service<boids::srv::GetNeighbors> >; std::string = std::__cxx11::basic_string<char>; rmw_qos_profile_t = rmw_qos_profile_s; rclcpp::CallbackGroup::SharedPtr = std::shared_ptr<rclcpp::CallbackGroup>][m[K’
[01m[K/opt/ros/humble/include/rclcpp/rclcpp/node_impl.hpp:147:53:[m[K   required from ‘[01m[Ktypename rclcpp::Service<ServiceT>::SharedPtr rclcpp::Node::create_service(const string&, CallbackT&&, const rmw_qos_profile_t&, rclcpp::CallbackGroup::SharedPtr) [with ServiceT = boids::srv::GetNeighbors; CallbackT = std::_Bind<void (swarm_master::*(swarm_master*, std::_Placeholder<2>))(std::shared_ptr<boids::srv::GetNeighbors_Request_<std::allocator<void> > >, std::shared_ptr<boids::srv::GetNeighbors_Response_<std::allocator<void> > >)>&; typename rclcpp::Service<ServiceT>::SharedPtr = std::shared_ptr<rclcpp::Service<boids::srv::GetNeighbors> >; std::string = std::__cxx11::basic_string<char>; rmw_qos_profile_t = rmw_qos_profile_s; rclcpp::CallbackGroup::SharedPtr = std::shared_ptr<rclcpp::CallbackGroup>][m[K’
[01m[K/home/fourdds/ros2_ws/src/boids/src/swarm_master.cpp:12:66:[m[K   required from here
[01m[K/usr/include/c++/11/type_traits:2579:11:[m[K [01;31m[Kerror: [m[Kno type named ‘[01m[Ktype[m[K’ in ‘[01m[Kstruct std::enable_if<false, std::function<void(std::shared_ptr<boids::srv::GetNeighbors_Request_<std::allocator<void> > >, std::shared_ptr<boids::srv::GetNeighbors_Response_<std::allocator<void> > >)>&>[m[K’
 2579 |     using [01;31m[Kenable_if_t[m[K = typename enable_if<_Cond, _Tp>::type;
      |           [01;31m[K^~~~~~~~~~~[m[K
In file included from [01m[K/opt/ros/humble/include/rclcpp/rclcpp/client.hpp:28[m[K,
                 from [01m[K/opt/ros/humble/include/rclcpp/rclcpp/callback_group.hpp:24[m[K,
                 from [01m[K/opt/ros/humble/include/rclcpp/rclcpp/any_executable.hpp:20[m[K,
                 from [01m[K/opt/ros/humble/include/rclcpp/rclcpp/memory_strategy.hpp:25[m[K,
                 from [01m[K/opt/ros/humble/include/rclcpp/rclcpp/memory_strategies.hpp:18[m[K,
                 from [01m[K/opt/ros/humble/include/rclcpp/rclcpp/executor_options.hpp:20[m[K,
                 from [01m[K/opt/ros/humble/include/rclcpp/rclcpp/executor.hpp:37[m[K,
                 from [01m[K/opt/ros/humble/include/rclcpp/rclcpp/executors/multi_threaded_executor.hpp:25[m[K,
                 from [01m[K/opt/ros/humble/include/rclcpp/rclcpp/executors.hpp:21[m[K,
                 from [01m[K/opt/ros/humble/include/rclcpp/rclcpp/rclcpp.hpp:155[m[K,
                 from [01m[K/home/fourdds/ros2_ws/src/boids/src/swarm_master.hpp:3[m[K,
                 from [01m[K/home/fourdds/ros2_ws/src/boids/src/swarm_master.cpp:1[m[K:
/opt/ros/humble/include/rclcpp/rclcpp/any_service_callback.hpp: In instantiation of ‘[01m[Kvoid rclcpp::AnyServiceCallback<ServiceT>::set(CallbackT&&) [with CallbackT = std::_Bind<void (swarm_master::*(swarm_master*, std::_Placeholder<2>))(std::shared_ptr<boids::srv::GetNeighbors_Request_<std::allocator<void> > >, std::shared_ptr<boids::srv::GetNeighbors_Response_<std::allocator<void> > >)>&; typename std::enable_if<(! rclcpp::detail::can_be_nullptr<CallbackT>::value), int>::type <anonymous> = 0; ServiceT = boids::srv::GetNeighbors][m[K’:
[01m[K/opt/ros/humble/include/rclcpp/rclcpp/create_service.hpp:43:27:[m[K   required from ‘[01m[Ktypename rclcpp::Service<ServiceT>::SharedPtr rclcpp::create_service(std::shared_ptr<rclcpp::node_interfaces::NodeBaseInterface>, std::shared_ptr<rclcpp::node_interfaces::NodeServicesInterface>, const string&, CallbackT&&, const rmw_qos_profile_t&, rclcpp::CallbackGroup::SharedPtr) [with ServiceT = boids::srv::GetNeighbors; CallbackT = std::_Bind<void (swarm_master::*(swarm_master*, std::_Placeholder<2>))(std::shared_ptr<boids::srv::GetNeighbors_Request_<std::allocator<void> > >, std::shared_ptr<boids::srv::GetNeighbors_Response_<std::allocator<void> > >)>&; typename rclcpp::Service<ServiceT>::SharedPtr = std::shared_ptr<rclcpp::Service<boids::srv::GetNeighbors> >; std::string = std::__cxx11::basic_string<char>; rmw_qos_profile_t = rmw_qos_profile_s; rclcpp::CallbackGroup::SharedPtr = std::shared_ptr<rclcpp::CallbackGroup>][m[K’
[01m[K/opt/ros/humble/include/rclcpp/rclcpp/node_impl.hpp:147:53:[m[K   required from ‘[01m[Ktypename rclcpp::Service<ServiceT>::SharedPtr rclcpp::Node::create_service(const string&, CallbackT&&, const rmw_qos_profile_t&, rclcpp::CallbackGroup::SharedPtr) [with ServiceT = boids::srv::GetNeighbors; CallbackT = std::_Bind<void (swarm_master::*(swarm_master*, std::_Placeholder<2>))(std::shared_ptr<boids::srv::GetNeighbors_Request_<std::allocator<void> > >, std::shared_ptr<boids::srv::GetNeighbors_Response_<std::allocator<void> > >)>&; typename rclcpp::Service<ServiceT>::SharedPtr = std::shared_ptr<rclcpp::Service<boids::srv::GetNeighbors> >; std::string = std::__cxx11::basic_string<char>; rmw_qos_profile_t = rmw_qos_profile_s; rclcpp::CallbackGroup::SharedPtr = std::shared_ptr<rclcpp::CallbackGroup>][m[K’
[01m[K/home/fourdds/ros2_ws/src/boids/src/swarm_master.cpp:12:66:[m[K   required from here
[01m[K/usr/include/c++/11/variant:1495:9:[m[K [01;36m[Knote: [m[Kcandidate: ‘[01m[Ktemplate<class _Tp, class _Up, class ... _Args> std::enable_if_t<(is_constructible_v<_Tp, std::initializer_list<_Up>&, _Args ...> && __exactly_once<_Tp>), _Tp&> std::variant<_Types>::emplace(std::initializer_list<_Up>, _Args&& ...) [with _Tp = _Tp; _Up = _Up; _Args = {_Args ...}; _Types = {std::monostate, std::function<void(std::shared_ptr<boids::srv::GetNeighbors_Request_<std::allocator<void> > >, std::shared_ptr<boids::srv::GetNeighbors_Response_<std::allocator<void> > >)>, std::function<void(std::shared_ptr<rmw_request_id_s>, std::shared_ptr<boids::srv::GetNeighbors_Request_<std::allocator<void> > >, std::shared_ptr<boids::srv::GetNeighbors_Response_<std::allocator<void> > >)>, std::function<void(std::shared_ptr<rmw_request_id_s>, std::shared_ptr<boids::srv::GetNeighbors_Request_<std::allocator<void> > >)>, std::function<void(std::shared_ptr<rclcpp::Service<boids::srv::GetNeighbors> >, std::shared_ptr<rmw_request_id_s>, std::shared_ptr<boids::srv::GetNeighbors_Request_<std::allocator<void> > >)>}][m[K’
 1495 |         [01;36m[Kemplace[m[K(initializer_list<_Up> __il, _Args&&... __args)
      |         [01;36m[K^~~~~~~[m[K
[01m[K/usr/include/c++/11/variant:1495:9:[m[K [01;36m[Knote: [m[K  template argument deduction/substitution failed:
In file included from [01m[K/opt/ros/humble/include/rclcpp/rclcpp/service.hpp:36[m[K,
                 from [01m[K/opt/ros/humble/include/rclcpp/rclcpp/callback_group.hpp:28[m[K,
                 from [01m[K/opt/ros/humble/include/rclcpp/rclcpp/any_executable.hpp:20[m[K,
                 from [01m[K/opt/ros/humble/include/rclcpp/rclcpp/memory_strategy.hpp:25[m[K,
                 from [01m[K/opt/ros/humble/include/rclcpp/rclcpp/memory_strategies.hpp:18[m[K,
                 from [01m[K/opt/ros/humble/include/rclcpp/rclcpp/executor_options.hpp:20[m[K,
                 from [01m[K/opt/ros/humble/include/rclcpp/rclcpp/executor.hpp:37[m[K,
                 from [01m[K/opt/ros/humble/include/rclcpp/rclcpp/executors/multi_threaded_executor.hpp:25[m[K,
                 from [01m[K/opt/ros/humble/include/rclcpp/rclcpp/executors.hpp:21[m[K,
                 from [01m[K/opt/ros/humble/include/rclcpp/rclcpp/rclcpp.hpp:155[m[K,
                 from [01m[K/home/fourdds/ros2_ws/src/boids/src/swarm_master.hpp:3[m[K,
                 from [01m[K/home/fourdds/ros2_ws/src/boids/src/swarm_master.cpp:1[m[K:
[01m[K/opt/ros/humble/include/rclcpp/rclcpp/any_service_callback.hpp:78:52:[m[K [01;36m[Knote: [m[K  ‘[01m[Kstd::_Bind<void (swarm_master::*(swarm_master*, std::_Placeholder<2>))(std::shared_ptr<boids::srv::GetNeighbors_Request_<std::allocator<void> > >, std::shared_ptr<boids::srv::GetNeighbors_Response_<std::allocator<void> > >)>[m[K’ is not derived from ‘[01m[Kstd::initializer_list<_Value>[m[K’
   78 |       [01;36m[Kcallback_.template emplace<SharedPtrCallback>(callback)[m[K;
      |       [01;36m[K~~~~~~~~~~~~~~~~~~~~~~~~~~~~~~~~~~~~~~~~~~~~~^~~~~~~~~~[m[K
In file included from [01m[K/opt/ros/humble/include/rclcpp/rclcpp/client.hpp:28[m[K,
                 from [01m[K/opt/ros/humble/include/rclcpp/rclcpp/callback_group.hpp:24[m[K,
                 from [01m[K/opt/ros/humble/include/rclcpp/rclcpp/any_executable.hpp:20[m[K,
                 from [01m[K/opt/ros/humble/include/rclcpp/rclcpp/memory_strategy.hpp:25[m[K,
                 from [01m[K/opt/ros/humble/include/rclcpp/rclcpp/memory_strategies.hpp:18[m[K,
                 from [01m[K/opt/ros/humble/include/rclcpp/rclcpp/executor_options.hpp:20[m[K,
                 from [01m[K/opt/ros/humble/include/rclcpp/rclcpp/executor.hpp:37[m[K,
                 from [01m[K/opt/ros/humble/include/rclcpp/rclcpp/executors/multi_threaded_executor.hpp:25[m[K,
                 from [01m[K/opt/ros/humble/include/rclcpp/rclcpp/executors.hpp:21[m[K,
                 from [01m[K/opt/ros/humble/include/rclcpp/rclcpp/rclcpp.hpp:155[m[K,
                 from [01m[K/home/fourdds/ros2_ws/src/boids/src/swarm_master.hpp:3[m[K,
                 from [01m[K/home/fourdds/ros2_ws/src/boids/src/swarm_master.cpp:1[m[K:
[01m[K/usr/include/c++/11/variant:1505:9:[m[K [01;36m[Knote: [m[Kcandidate: ‘[01m[Ktemplate<long unsigned int _Np, class ... _Args> std::enable_if_t<is_constructible_v<typename std::variant_alternative<_Np, std::variant<_Types> >::type, _Args ...>, typename std::variant_alternative<_Np, std::variant<_Types> >::type&> std::variant<_Types>::emplace(_Args&& ...) [with long unsigned int _Np = _Np; _Args = {_Args ...}; _Types = {std::monostate, std::function<void(std::shared_ptr<boids::srv::GetNeighbors_Request_<std::allocator<void> > >, std::shared_ptr<boids::srv::GetNeighbors_Response_<std::allocator<void> > >)>, std::function<void(std::shared_ptr<rmw_request_id_s>, std::shared_ptr<boids::srv::GetNeighbors_Request_<std::allocator<void> > >, std::shared_ptr<boids::srv::GetNeighbors_Response_<std::allocator<void> > >)>, std::function<void(std::shared_ptr<rmw_request_id_s>, std::shared_ptr<boids::srv::GetNeighbors_Request_<std::allocator<void> > >)>, std::function<void(std::shared_ptr<rclcpp::Service<boids::srv::GetNeighbors> >, std::shared_ptr<rmw_request_id_s>, std::shared_ptr<boids::srv::GetNeighbors_Request_<std::allocator<void> > >)>}][m[K’
 1505 |         [01;36m[Kemplace[m[K(_Args&&... __args)
      |         [01;36m[K^~~~~~~[m[K
[01m[K/usr/include/c++/11/variant:1505:9:[m[K [01;36m[Knote: [m[K  template argument deduction/substitution failed:
In file included from [01m[K/opt/ros/humble/include/rclcpp/rclcpp/service.hpp:36[m[K,
                 from [01m[K/opt/ros/humble/include/rclcpp/rclcpp/callback_group.hpp:28[m[K,
                 from [01m[K/opt/ros/humble/include/rclcpp/rclcpp/any_executable.hpp:20[m[K,
                 from [01m[K/opt/ros/humble/include/rclcpp/rclcpp/memory_strategy.hpp:25[m[K,
                 from [01m[K/opt/ros/humble/include/rclcpp/rclcpp/memory_strategies.hpp:18[m[K,
                 from [01m[K/opt/ros/humble/include/rclcpp/rclcpp/executor_options.hpp:20[m[K,
                 from [01m[K/opt/ros/humble/include/rclcpp/rclcpp/executor.hpp:37[m[K,
                 from [01m[K/opt/ros/humble/include/rclcpp/rclcpp/executors/multi_threaded_executor.hpp:25[m[K,
                 from [01m[K/opt/ros/humble/include/rclcpp/rclcpp/executors.hpp:21[m[K,
                 from [01m[K/opt/ros/humble/include/rclcpp/rclcpp/rclcpp.hpp:155[m[K,
                 from [01m[K/home/fourdds/ros2_ws/src/boids/src/swarm_master.hpp:3[m[K,
                 from [01m[K/home/fourdds/ros2_ws/src/boids/src/swarm_master.cpp:1[m[K:
[01m[K/opt/ros/humble/include/rclcpp/rclcpp/any_service_callback.hpp:78:52:[m[K [01;31m[Kerror: [m[Ktype/value mismatch at argument 1 in template parameter list for ‘[01m[Ktemplate<long unsigned int _Np, class ... _Args> std::enable_if_t<is_constructible_v<typename std::variant_alternative<_Np, std::variant<_Types> >::type, _Args ...>, typename std::variant_alternative<_Np, std::variant<_Types> >::type&> std::variant<_Types>::emplace(_Args&& ...) [with long unsigned int _Np = _Np; _Args = {_Args ...}; _Types = {std::monostate, std::function<void(std::shared_ptr<boids::srv::GetNeighbors_Request_<std::allocator<void> > >, std::shared_ptr<boids::srv::GetNeighbors_Response_<std::allocator<void> > >)>, std::function<void(std::shared_ptr<rmw_request_id_s>, std::shared_ptr<boids::srv::GetNeighbors_Request_<std::allocator<void> > >, std::shared_ptr<boids::srv::GetNeighbors_Response_<std::allocator<void> > >)>, std::function<void(std::shared_ptr<rmw_request_id_s>, std::shared_ptr<boids::srv::GetNeighbors_Request_<std::allocator<void> > >)>, std::function<void(std::shared_ptr<rclcpp::Service<boids::srv::GetNeighbors> >, std::shared_ptr<rmw_request_id_s>, std::shared_ptr<boids::srv::GetNeighbors_Request_<std::allocator<void> > >)>}][m[K’
   78 |       [01;31m[Kcallback_.template emplace<SharedPtrCallback>(callback)[m[K;
      |       [01;31m[K~~~~~~~~~~~~~~~~~~~~~~~~~~~~~~~~~~~~~~~~~~~~~^~~~~~~~~~[m[K
[01m[K/opt/ros/humble/include/rclcpp/rclcpp/any_service_callback.hpp:78:52:[m[K [01;36m[Knote: [m[K  expected a constant of type ‘[01m[Klong unsigned int[m[K’, got ‘[01m[Krclcpp::AnyServiceCallback<boids::srv::GetNeighbors>::SharedPtrCallback[m[K’ {aka ‘[01m[Kstd::function<void(std::shared_ptr<boids::srv::GetNeighbors_Request_<std::allocator<void> > >, std::shared_ptr<boids::srv::GetNeighbors_Response_<std::allocator<void> > >)>[m[K’}
In file included from [01m[K/opt/ros/humble/include/rclcpp/rclcpp/client.hpp:28[m[K,
                 from [01m[K/opt/ros/humble/include/rclcpp/rclcpp/callback_group.hpp:24[m[K,
                 from [01m[K/opt/ros/humble/include/rclcpp/rclcpp/any_executable.hpp:20[m[K,
                 from [01m[K/opt/ros/humble/include/rclcpp/rclcpp/memory_strategy.hpp:25[m[K,
                 from [01m[K/opt/ros/humble/include/rclcpp/rclcpp/memory_strategies.hpp:18[m[K,
                 from [01m[K/opt/ros/humble/include/rclcpp/rclcpp/executor_options.hpp:20[m[K,
                 from [01m[K/opt/ros/humble/include/rclcpp/rclcpp/executor.hpp:37[m[K,
                 from [01m[K/opt/ros/humble/include/rclcpp/rclcpp/executors/multi_threaded_executor.hpp:25[m[K,
                 from [01m[K/opt/ros/humble/include/rclcpp/rclcpp/executors.hpp:21[m[K,
                 from [01m[K/opt/ros/humble/include/rclcpp/rclcpp/rclcpp.hpp:155[m[K,
                 from [01m[K/home/fourdds/ros2_ws/src/boids/src/swarm_master.hpp:3[m[K,
                 from [01m[K/home/fourdds/ros2_ws/src/boids/src/swarm_master.cpp:1[m[K:
[01m[K/usr/include/c++/11/variant:1551:9:[m[K [01;36m[Knote: [m[Kcandidate: ‘[01m[Ktemplate<long unsigned int _Np, class _Up, class ... _Args> std::enable_if_t<is_constructible_v<typename std::variant_alternative<_Np, std::variant<_Types> >::type, std::initializer_list<_Up>&, _Args ...>, typename std::variant_alternative<_Np, std::variant<_Types> >::type&> std::variant<_Types>::emplace(std::initializer_list<_Up>, _Args&& ...) [with long unsigned int _Np = _Np; _Up = _Up; _Args = {_Args ...}; _Types = {std::monostate, std::function<void(std::shared_ptr<boids::srv::GetNeighbors_Request_<std::allocator<void> > >, std::shared_ptr<boids::srv::GetNeighbors_Response_<std::allocator<void> > >)>, std::function<void(std::shared_ptr<rmw_request_id_s>, std::shared_ptr<boids::srv::GetNeighbors_Request_<std::allocator<void> > >, std::shared_ptr<boids::srv::GetNeighbors_Response_<std::allocator<void> > >)>, std::function<void(std::shared_ptr<rmw_request_id_s>, std::shared_ptr<boids::srv::GetNeighbors_Request_<std::allocator<void> > >)>, std::function<void(std::shared_ptr<rclcpp::Service<boids::srv::GetNeighbors> >, std::shared_ptr<rmw_request_id_s>, std::shared_ptr<boids::srv::GetNeighbors_Request_<std::allocator<void> > >)>}][m[K’
 1551 |         [01;36m[Kemplace[m[K(initializer_list<_Up> __il, _Args&&... __args)
      |         [01;36m[K^~~~~~~[m[K
[01m[K/usr/include/c++/11/variant:1551:9:[m[K [01;36m[Knote: [m[K  template argument deduction/substitution failed:
In file included from [01m[K/opt/ros/humble/include/rclcpp/rclcpp/service.hpp:36[m[K,
                 from [01m[K/opt/ros/humble/include/rclcpp/rclcpp/callback_group.hpp:28[m[K,
                 from [01m[K/opt/ros/humble/include/rclcpp/rclcpp/any_executable.hpp:20[m[K,
                 from [01m[K/opt/ros/humble/include/rclcpp/rclcpp/memory_strategy.hpp:25[m[K,
                 from [01m[K/opt/ros/humble/include/rclcpp/rclcpp/memory_strategies.hpp:18[m[K,
                 from [01m[K/opt/ros/humble/include/rclcpp/rclcpp/executor_options.hpp:20[m[K,
                 from [01m[K/opt/ros/humble/include/rclcpp/rclcpp/executor.hpp:37[m[K,
                 from [01m[K/opt/ros/humble/include/rclcpp/rclcpp/executors/multi_threaded_executor.hpp:25[m[K,
                 from [01m[K/opt/ros/humble/include/rclcpp/rclcpp/executors.hpp:21[m[K,
                 from [01m[K/opt/ros/humble/include/rclcpp/rclcpp/rclcpp.hpp:155[m[K,
                 from [01m[K/home/fourdds/ros2_ws/src/boids/src/swarm_master.hpp:3[m[K,
                 from [01m[K/home/fourdds/ros2_ws/src/boids/src/swarm_master.cpp:1[m[K:
[01m[K/opt/ros/humble/include/rclcpp/rclcpp/any_service_callback.hpp:78:52:[m[K [01;31m[Kerror: [m[Ktype/value mismatch at argument 1 in template parameter list for ‘[01m[Ktemplate<long unsigned int _Np, class _Up, class ... _Args> std::enable_if_t<is_constructible_v<typename std::variant_alternative<_Np, std::variant<_Types> >::type, std::initializer_list<_Up>&, _Args ...>, typename std::variant_alternative<_Np, std::variant<_Types> >::type&> std::variant<_Types>::emplace(std::initializer_list<_Up>, _Args&& ...) [with long unsigned int _Np = _Np; _Up = _Up; _Args = {_Args ...}; _Types = {std::monostate, std::function<void(std::shared_ptr<boids::srv::GetNeighbors_Request_<std::allocator<void> > >, std::shared_ptr<boids::srv::GetNeighbors_Response_<std::allocator<void> > >)>, std::function<void(std::shared_ptr<rmw_request_id_s>, std::shared_ptr<boids::srv::GetNeighbors_Request_<std::allocator<void> > >, std::shared_ptr<boids::srv::GetNeighbors_Response_<std::allocator<void> > >)>, std::function<void(std::shared_ptr<rmw_request_id_s>, std::shared_ptr<boids::srv::GetNeighbors_Request_<std::allocator<void> > >)>, std::function<void(std::shared_ptr<rclcpp::Service<boids::srv::GetNeighbors> >, std::shared_ptr<rmw_request_id_s>, std::shared_ptr<boids::srv::GetNeighbors_Request_<std::allocator<void> > >)>}][m[K’
   78 |       [01;31m[Kcallback_.template emplace<SharedPtrCallback>(callback)[m[K;
      |       [01;31m[K~~~~~~~~~~~~~~~~~~~~~~~~~~~~~~~~~~~~~~~~~~~~~^~~~~~~~~~[m[K
[01m[K/opt/ros/humble/include/rclcpp/rclcpp/any_service_callback.hpp:78:52:[m[K [01;36m[Knote: [m[K  expected a constant of type ‘[01m[Klong unsigned int[m[K’, got ‘[01m[Krclcpp::AnyServiceCallback<boids::srv::GetNeighbors>::SharedPtrCallback[m[K’ {aka ‘[01m[Kstd::function<void(std::shared_ptr<boids::srv::GetNeighbors_Request_<std::allocator<void> > >, std::shared_ptr<boids::srv::GetNeighbors_Response_<std::allocator<void> > >)>[m[K’}
gmake[2]: *** [CMakeFiles/uavs_spawner.dir/build.make:90: CMakeFiles/uavs_spawner.dir/src/swarm_master.cpp.o] Error 1
gmake[1]: *** [CMakeFiles/Makefile2:620: CMakeFiles/uavs_spawner.dir/all] Error 2
gmake: *** [Makefile:146: all] Error 2
