[0.006s] Invoking command in '/home/fourdds/ros2_ws/build/stigmergy': CMAKE_PREFIX_PATH=${CMAKE_PREFIX_PATH}:/opt/ros/humble /usr/bin/cmake --build /home/fourdds/ros2_ws/build/stigmergy -- -j24 -l24
[0.030s] [  2%] Built target stigmergy__cpp
[0.030s] [ 11%] Built target stigmergy__rosidl_generator_c
[0.034s] [ 11%] Built target ament_cmake_python_copy_stigmergy
[0.038s] [ 14%] [32mBuilding CXX object CMakeFiles/stigmergy_map.dir/src/StigmergyMap.cpp.o[0m
[0.039s] [ 17%] [32mBuilding CXX object CMakeFiles/stigmergy_map.dir/src/main.cpp.o[0m
[0.041s] [ 25%] Built target stigmergy__rosidl_typesupport_cpp
[0.041s] [ 42%] Built target stigmergy__rosidl_typesupport_introspection_c
[0.041s] [ 42%] Built target stigmergy__rosidl_typesupport_fastrtps_cpp
[0.041s] [ 51%] Built target stigmergy__rosidl_typesupport_fastrtps_c
[0.041s] [ 60%] Built target stigmergy__rosidl_typesupport_c
[0.043s] [ 68%] Built target stigmergy__rosidl_typesupport_introspection_cpp
[0.052s] [ 68%] Built target stigmergy
[0.061s] [ 71%] Built target stigmergy__py
[0.070s] [ 77%] Built target stigmergy__rosidl_generator_py
[0.080s] [ 94%] Built target stigmergy__rosidl_typesupport_introspection_c__pyext
[0.080s] [ 94%] Built target stigmergy__rosidl_typesupport_fastrtps_c__pyext
[0.080s] [ 94%] Built target stigmergy__rosidl_typesupport_c__pyext
[0.131s] running egg_info
[0.138s] writing stigmergy.egg-info/PKG-INFO
[0.139s] writing dependency_links to stigmergy.egg-info/dependency_links.txt
[0.139s] writing top-level names to stigmergy.egg-info/top_level.txt
[0.157s] reading manifest file 'stigmergy.egg-info/SOURCES.txt'
[0.158s] writing manifest file 'stigmergy.egg-info/SOURCES.txt'
[0.172s] [ 94%] Built target ament_cmake_python_build_stigmergy_egg
[1.911s] [ 97%] [32m[1mLinking CXX executable stigmergy_map[0m
[1.975s] [100%] Built target stigmergy_map
[1.984s] Invoked command in '/home/fourdds/ros2_ws/build/stigmergy' returned '0': CMAKE_PREFIX_PATH=${CMAKE_PREFIX_PATH}:/opt/ros/humble /usr/bin/cmake --build /home/fourdds/ros2_ws/build/stigmergy -- -j24 -l24
[2.015s] Invoking command in '/home/fourdds/ros2_ws/build/stigmergy': CMAKE_PREFIX_PATH=${CMAKE_PREFIX_PATH}:/opt/ros/humble /usr/bin/cmake --install /home/fourdds/ros2_ws/build/stigmergy
[2.018s] -- Install configuration: ""
[2.018s] -- Up-to-date: /home/fourdds/ros2_ws/install/stigmergy/share/ament_index/resource_index/rosidl_interfaces/stigmergy
[2.018s] -- Up-to-date: /home/fourdds/ros2_ws/install/stigmergy/include/stigmergy/stigmergy
[2.018s] -- Up-to-date: /home/fourdds/ros2_ws/install/stigmergy/include/stigmergy/stigmergy/msg
[2.018s] -- Up-to-date: /home/fourdds/ros2_ws/install/stigmergy/include/stigmergy/stigmergy/msg/rosidl_generator_c__visibility_control.h
[2.018s] -- Up-to-date: /home/fourdds/ros2_ws/install/stigmergy/include/stigmergy/stigmergy/msg/detail
[2.019s] -- Up-to-date: /home/fourdds/ros2_ws/install/stigmergy/include/stigmergy/stigmergy/msg/detail/pheromone_gradient__struct.h
[2.019s] -- Up-to-date: /home/fourdds/ros2_ws/install/stigmergy/include/stigmergy/stigmergy/msg/detail/pheromone_gradient__functions.h
[2.019s] -- Up-to-date: /home/fourdds/ros2_ws/install/stigmergy/include/stigmergy/stigmergy/msg/detail/pheromone_gradient__functions.c
[2.019s] -- Up-to-date: /home/fourdds/ros2_ws/install/stigmergy/include/stigmergy/stigmergy/msg/detail/pheromone_gradient__type_support.h
[2.019s] -- Up-to-date: /home/fourdds/ros2_ws/install/stigmergy/include/stigmergy/stigmergy/msg/pheromone_gradient.h
[2.019s] -- Up-to-date: /home/fourdds/ros2_ws/install/stigmergy/share/stigmergy/environment/library_path.sh
[2.019s] -- Installing: /home/fourdds/ros2_ws/install/stigmergy/share/stigmergy/environment/library_path.dsv
[2.019s] -- Up-to-date: /home/fourdds/ros2_ws/install/stigmergy/lib/libstigmergy__rosidl_generator_c.so
[2.019s] -- Up-to-date: /home/fourdds/ros2_ws/install/stigmergy/include/stigmergy/stigmergy
[2.019s] -- Up-to-date: /home/fourdds/ros2_ws/install/stigmergy/include/stigmergy/stigmergy/msg
[2.019s] -- Up-to-date: /home/fourdds/ros2_ws/install/stigmergy/include/stigmergy/stigmergy/msg/detail
[2.019s] -- Up-to-date: /home/fourdds/ros2_ws/install/stigmergy/include/stigmergy/stigmergy/msg/detail/pheromone_gradient__rosidl_typesupport_fastrtps_c.h
[2.019s] -- Up-to-date: /home/fourdds/ros2_ws/install/stigmergy/include/stigmergy/stigmergy/msg/rosidl_typesupport_fastrtps_c__visibility_control.h
[2.019s] -- Up-to-date: /home/fourdds/ros2_ws/install/stigmergy/lib/libstigmergy__rosidl_typesupport_fastrtps_c.so
[2.019s] -- Up-to-date: /home/fourdds/ros2_ws/install/stigmergy/include/stigmergy/stigmergy
[2.020s] -- Up-to-date: /home/fourdds/ros2_ws/install/stigmergy/include/stigmergy/stigmergy/msg
[2.020s] -- Up-to-date: /home/fourdds/ros2_ws/install/stigmergy/include/stigmergy/stigmergy/msg/detail
[2.020s] -- Up-to-date: /home/fourdds/ros2_ws/install/stigmergy/include/stigmergy/stigmergy/msg/detail/pheromone_gradient__struct.hpp
[2.020s] -- Up-to-date: /home/fourdds/ros2_ws/install/stigmergy/include/stigmergy/stigmergy/msg/detail/pheromone_gradient__traits.hpp
[2.020s] -- Up-to-date: /home/fourdds/ros2_ws/install/stigmergy/include/stigmergy/stigmergy/msg/detail/pheromone_gradient__builder.hpp
[2.020s] -- Up-to-date: /home/fourdds/ros2_ws/install/stigmergy/include/stigmergy/stigmergy/msg/pheromone_gradient.hpp
[2.020s] -- Up-to-date: /home/fourdds/ros2_ws/install/stigmergy/include/stigmergy/stigmergy
[2.020s] -- Up-to-date: /home/fourdds/ros2_ws/install/stigmergy/include/stigmergy/stigmergy/msg
[2.020s] -- Up-to-date: /home/fourdds/ros2_ws/install/stigmergy/include/stigmergy/stigmergy/msg/detail
[2.020s] -- Up-to-date: /home/fourdds/ros2_ws/install/stigmergy/include/stigmergy/stigmergy/msg/detail/pheromone_gradient__rosidl_typesupport_fastrtps_cpp.hpp
[2.020s] -- Up-to-date: /home/fourdds/ros2_ws/install/stigmergy/include/stigmergy/stigmergy/msg/detail/dds_fastrtps
[2.020s] -- Up-to-date: /home/fourdds/ros2_ws/install/stigmergy/include/stigmergy/stigmergy/msg/rosidl_typesupport_fastrtps_cpp__visibility_control.h
[2.020s] -- Up-to-date: /home/fourdds/ros2_ws/install/stigmergy/lib/libstigmergy__rosidl_typesupport_fastrtps_cpp.so
[2.020s] -- Up-to-date: /home/fourdds/ros2_ws/install/stigmergy/include/stigmergy/stigmergy
[2.020s] -- Up-to-date: /home/fourdds/ros2_ws/install/stigmergy/include/stigmergy/stigmergy/msg
[2.021s] -- Up-to-date: /home/fourdds/ros2_ws/install/stigmergy/include/stigmergy/stigmergy/msg/detail
[2.021s] -- Up-to-date: /home/fourdds/ros2_ws/install/stigmergy/include/stigmergy/stigmergy/msg/detail/pheromone_gradient__type_support.c
[2.021s] -- Up-to-date: /home/fourdds/ros2_ws/install/stigmergy/include/stigmergy/stigmergy/msg/detail/pheromone_gradient__rosidl_typesupport_introspection_c.h
[2.021s] -- Up-to-date: /home/fourdds/ros2_ws/install/stigmergy/include/stigmergy/stigmergy/msg/rosidl_typesupport_introspection_c__visibility_control.h
[2.021s] -- Up-to-date: /home/fourdds/ros2_ws/install/stigmergy/lib/libstigmergy__rosidl_typesupport_introspection_c.so
[2.021s] -- Up-to-date: /home/fourdds/ros2_ws/install/stigmergy/lib/libstigmergy__rosidl_typesupport_c.so
[2.021s] -- Up-to-date: /home/fourdds/ros2_ws/install/stigmergy/include/stigmergy/stigmergy
[2.021s] -- Up-to-date: /home/fourdds/ros2_ws/install/stigmergy/include/stigmergy/stigmergy/msg
[2.021s] -- Up-to-date: /home/fourdds/ros2_ws/install/stigmergy/include/stigmergy/stigmergy/msg/detail
[2.021s] -- Up-to-date: /home/fourdds/ros2_ws/install/stigmergy/include/stigmergy/stigmergy/msg/detail/pheromone_gradient__type_support.cpp
[2.021s] -- Up-to-date: /home/fourdds/ros2_ws/install/stigmergy/include/stigmergy/stigmergy/msg/detail/pheromone_gradient__rosidl_typesupport_introspection_cpp.hpp
[2.021s] -- Up-to-date: /home/fourdds/ros2_ws/install/stigmergy/lib/libstigmergy__rosidl_typesupport_introspection_cpp.so
[2.021s] -- Up-to-date: /home/fourdds/ros2_ws/install/stigmergy/lib/libstigmergy__rosidl_typesupport_cpp.so
[2.021s] -- Up-to-date: /home/fourdds/ros2_ws/install/stigmergy/share/stigmergy/environment/pythonpath.sh
[2.021s] -- Installing: /home/fourdds/ros2_ws/install/stigmergy/share/stigmergy/environment/pythonpath.dsv
[2.021s] -- Up-to-date: /home/fourdds/ros2_ws/install/stigmergy/local/lib/python3.10/dist-packages/stigmergy-0.0.0-py3.10.egg-info
[2.021s] -- Installing: /home/fourdds/ros2_ws/install/stigmergy/local/lib/python3.10/dist-packages/stigmergy-0.0.0-py3.10.egg-info/dependency_links.txt
[2.021s] -- Installing: /home/fourdds/ros2_ws/install/stigmergy/local/lib/python3.10/dist-packages/stigmergy-0.0.0-py3.10.egg-info/SOURCES.txt
[2.021s] -- Installing: /home/fourdds/ros2_ws/install/stigmergy/local/lib/python3.10/dist-packages/stigmergy-0.0.0-py3.10.egg-info/PKG-INFO
[2.021s] -- Installing: /home/fourdds/ros2_ws/install/stigmergy/local/lib/python3.10/dist-packages/stigmergy-0.0.0-py3.10.egg-info/top_level.txt
[2.021s] -- Up-to-date: /home/fourdds/ros2_ws/install/stigmergy/local/lib/python3.10/dist-packages/stigmergy
[2.021s] -- Up-to-date: /home/fourdds/ros2_ws/install/stigmergy/local/lib/python3.10/dist-packages/stigmergy/stigmergy_s__rosidl_typesupport_c.cpython-310-x86_64-linux-gnu.so
[2.021s] -- Up-to-date: /home/fourdds/ros2_ws/install/stigmergy/local/lib/python3.10/dist-packages/stigmergy/_stigmergy_s.ep.rosidl_typesupport_c.c
[2.021s] -- Up-to-date: /home/fourdds/ros2_ws/install/stigmergy/local/lib/python3.10/dist-packages/stigmergy/_stigmergy_s.ep.rosidl_typesupport_introspection_c.c
[2.021s] -- Up-to-date: /home/fourdds/ros2_ws/install/stigmergy/local/lib/python3.10/dist-packages/stigmergy/libstigmergy__rosidl_generator_py.so
[2.021s] -- Up-to-date: /home/fourdds/ros2_ws/install/stigmergy/local/lib/python3.10/dist-packages/stigmergy/msg
[2.022s] -- Up-to-date: /home/fourdds/ros2_ws/install/stigmergy/local/lib/python3.10/dist-packages/stigmergy/msg/_pheromone_gradient_s.c
[2.022s] -- Up-to-date: /home/fourdds/ros2_ws/install/stigmergy/local/lib/python3.10/dist-packages/stigmergy/msg/_pheromone_gradient.py
[2.022s] -- Up-to-date: /home/fourdds/ros2_ws/install/stigmergy/local/lib/python3.10/dist-packages/stigmergy/msg/__init__.py
[2.022s] -- Up-to-date: /home/fourdds/ros2_ws/install/stigmergy/local/lib/python3.10/dist-packages/stigmergy/stigmergy_s__rosidl_typesupport_fastrtps_c.cpython-310-x86_64-linux-gnu.so
[2.022s] -- Up-to-date: /home/fourdds/ros2_ws/install/stigmergy/local/lib/python3.10/dist-packages/stigmergy/_stigmergy_s.ep.rosidl_typesupport_fastrtps_c.c
[2.022s] -- Up-to-date: /home/fourdds/ros2_ws/install/stigmergy/local/lib/python3.10/dist-packages/stigmergy/stigmergy_s__rosidl_typesupport_introspection_c.cpython-310-x86_64-linux-gnu.so
[2.022s] -- Installing: /home/fourdds/ros2_ws/install/stigmergy/local/lib/python3.10/dist-packages/stigmergy/__init__.py
[2.037s] Listing '/home/fourdds/ros2_ws/install/stigmergy/local/lib/python3.10/dist-packages/stigmergy'...
[2.038s] Compiling '/home/fourdds/ros2_ws/install/stigmergy/local/lib/python3.10/dist-packages/stigmergy/__init__.py'...
[2.038s] Listing '/home/fourdds/ros2_ws/install/stigmergy/local/lib/python3.10/dist-packages/stigmergy/msg'...
[2.041s] -- Up-to-date: /home/fourdds/ros2_ws/install/stigmergy/local/lib/python3.10/dist-packages/stigmergy/stigmergy_s__rosidl_typesupport_fastrtps_c.cpython-310-x86_64-linux-gnu.so
[2.041s] -- Up-to-date: /home/fourdds/ros2_ws/install/stigmergy/local/lib/python3.10/dist-packages/stigmergy/stigmergy_s__rosidl_typesupport_introspection_c.cpython-310-x86_64-linux-gnu.so
[2.041s] -- Up-to-date: /home/fourdds/ros2_ws/install/stigmergy/local/lib/python3.10/dist-packages/stigmergy/stigmergy_s__rosidl_typesupport_c.cpython-310-x86_64-linux-gnu.so
[2.041s] -- Up-to-date: /home/fourdds/ros2_ws/install/stigmergy/lib/libstigmergy__rosidl_generator_py.so
[2.041s] -- Up-to-date: /home/fourdds/ros2_ws/install/stigmergy/share/stigmergy/msg/PheromoneGradient.idl
[2.041s] -- Up-to-date: /home/fourdds/ros2_ws/install/stigmergy/share/stigmergy/msg/PheromoneGradient.msg
[2.041s] -- Installing: /home/fourdds/ros2_ws/install/stigmergy/lib/stigmergy/stigmergy_map
[2.041s] -- Set runtime path of "/home/fourdds/ros2_ws/install/stigmergy/lib/stigmergy/stigmergy_map" to ""
[2.042s] -- Up-to-date: /home/fourdds/ros2_ws/install/stigmergy/share/ament_index/resource_index/package_run_dependencies/stigmergy
[2.042s] -- Up-to-date: /home/fourdds/ros2_ws/install/stigmergy/share/ament_index/resource_index/parent_prefix_path/stigmergy
[2.042s] -- Up-to-date: /home/fourdds/ros2_ws/install/stigmergy/share/stigmergy/environment/ament_prefix_path.sh
[2.042s] -- Installing: /home/fourdds/ros2_ws/install/stigmergy/share/stigmergy/environment/ament_prefix_path.dsv
[2.042s] -- Up-to-date: /home/fourdds/ros2_ws/install/stigmergy/share/stigmergy/environment/path.sh
[2.042s] -- Installing: /home/fourdds/ros2_ws/install/stigmergy/share/stigmergy/environment/path.dsv
[2.042s] -- Up-to-date: /home/fourdds/ros2_ws/install/stigmergy/share/stigmergy/local_setup.bash
[2.042s] -- Up-to-date: /home/fourdds/ros2_ws/install/stigmergy/share/stigmergy/local_setup.sh
[2.042s] -- Up-to-date: /home/fourdds/ros2_ws/install/stigmergy/share/stigmergy/local_setup.zsh
[2.042s] -- Installing: /home/fourdds/ros2_ws/install/stigmergy/share/stigmergy/local_setup.dsv
[2.042s] -- Installing: /home/fourdds/ros2_ws/install/stigmergy/share/stigmergy/package.dsv
[2.042s] -- Up-to-date: /home/fourdds/ros2_ws/install/stigmergy/share/ament_index/resource_index/packages/stigmergy
[2.042s] -- Up-to-date: /home/fourdds/ros2_ws/install/stigmergy/share/stigmergy/cmake/export_stigmergy__rosidl_generator_cExport.cmake
[2.042s] -- Up-to-date: /home/fourdds/ros2_ws/install/stigmergy/share/stigmergy/cmake/export_stigmergy__rosidl_generator_cExport-noconfig.cmake
[2.043s] -- Up-to-date: /home/fourdds/ros2_ws/install/stigmergy/share/stigmergy/cmake/export_stigmergy__rosidl_typesupport_fastrtps_cExport.cmake
[2.043s] -- Up-to-date: /home/fourdds/ros2_ws/install/stigmergy/share/stigmergy/cmake/export_stigmergy__rosidl_typesupport_fastrtps_cExport-noconfig.cmake
[2.043s] -- Up-to-date: /home/fourdds/ros2_ws/install/stigmergy/share/stigmergy/cmake/export_stigmergy__rosidl_generator_cppExport.cmake
[2.043s] -- Up-to-date: /home/fourdds/ros2_ws/install/stigmergy/share/stigmergy/cmake/export_stigmergy__rosidl_typesupport_fastrtps_cppExport.cmake
[2.043s] -- Up-to-date: /home/fourdds/ros2_ws/install/stigmergy/share/stigmergy/cmake/export_stigmergy__rosidl_typesupport_fastrtps_cppExport-noconfig.cmake
[2.043s] -- Up-to-date: /home/fourdds/ros2_ws/install/stigmergy/share/stigmergy/cmake/stigmergy__rosidl_typesupport_introspection_cExport.cmake
[2.043s] -- Up-to-date: /home/fourdds/ros2_ws/install/stigmergy/share/stigmergy/cmake/stigmergy__rosidl_typesupport_introspection_cExport-noconfig.cmake
[2.043s] -- Up-to-date: /home/fourdds/ros2_ws/install/stigmergy/share/stigmergy/cmake/stigmergy__rosidl_typesupport_cExport.cmake
[2.043s] -- Up-to-date: /home/fourdds/ros2_ws/install/stigmergy/share/stigmergy/cmake/stigmergy__rosidl_typesupport_cExport-noconfig.cmake
[2.043s] -- Up-to-date: /home/fourdds/ros2_ws/install/stigmergy/share/stigmergy/cmake/stigmergy__rosidl_typesupport_introspection_cppExport.cmake
[2.043s] -- Up-to-date: /home/fourdds/ros2_ws/install/stigmergy/share/stigmergy/cmake/stigmergy__rosidl_typesupport_introspection_cppExport-noconfig.cmake
[2.043s] -- Up-to-date: /home/fourdds/ros2_ws/install/stigmergy/share/stigmergy/cmake/stigmergy__rosidl_typesupport_cppExport.cmake
[2.043s] -- Up-to-date: /home/fourdds/ros2_ws/install/stigmergy/share/stigmergy/cmake/stigmergy__rosidl_typesupport_cppExport-noconfig.cmake
[2.043s] -- Up-to-date: /home/fourdds/ros2_ws/install/stigmergy/share/stigmergy/cmake/export_stigmergy__rosidl_generator_pyExport.cmake
[2.044s] -- Up-to-date: /home/fourdds/ros2_ws/install/stigmergy/share/stigmergy/cmake/export_stigmergy__rosidl_generator_pyExport-noconfig.cmake
[2.044s] -- Up-to-date: /home/fourdds/ros2_ws/install/stigmergy/share/stigmergy/cmake/rosidl_cmake-extras.cmake
[2.044s] -- Up-to-date: /home/fourdds/ros2_ws/install/stigmergy/share/stigmergy/cmake/ament_cmake_export_include_directories-extras.cmake
[2.044s] -- Up-to-date: /home/fourdds/ros2_ws/install/stigmergy/share/stigmergy/cmake/ament_cmake_export_libraries-extras.cmake
[2.044s] -- Up-to-date: /home/fourdds/ros2_ws/install/stigmergy/share/stigmergy/cmake/ament_cmake_export_targets-extras.cmake
[2.044s] -- Up-to-date: /home/fourdds/ros2_ws/install/stigmergy/share/stigmergy/cmake/rosidl_cmake_export_typesupport_targets-extras.cmake
[2.044s] -- Up-to-date: /home/fourdds/ros2_ws/install/stigmergy/share/stigmergy/cmake/ament_cmake_export_dependencies-extras.cmake
[2.044s] -- Up-to-date: /home/fourdds/ros2_ws/install/stigmergy/share/stigmergy/cmake/rosidl_cmake_export_typesupport_libraries-extras.cmake
[2.044s] -- Up-to-date: /home/fourdds/ros2_ws/install/stigmergy/share/stigmergy/cmake/stigmergyConfig.cmake
[2.044s] -- Up-to-date: /home/fourdds/ros2_ws/install/stigmergy/share/stigmergy/cmake/stigmergyConfig-version.cmake
[2.044s] -- Up-to-date: /home/fourdds/ros2_ws/install/stigmergy/share/stigmergy/package.xml
[2.045s] Invoked command in '/home/fourdds/ros2_ws/build/stigmergy' returned '0': CMAKE_PREFIX_PATH=${CMAKE_PREFIX_PATH}:/opt/ros/humble /usr/bin/cmake --install /home/fourdds/ros2_ws/build/stigmergy
