[0.043s] Invoking command in '/home/fourdds/ros2_ws/build/px4_msgs': CMAKE_PREFIX_PATH=/opt/ros/humble /usr/bin/cmake --build /home/fourdds/ros2_ws/build/px4_msgs -- -j16 -l16
[0.547s] [  0%] Built target ament_cmake_python_symlink_px4_msgs
[0.559s] [  0%] Built target px4_msgs__cpp
[0.593s] [ 12%] Built target px4_msgs__rosidl_generator_c
[0.649s] [ 24%] Built target px4_msgs__rosidl_typesupport_cpp
[0.660s] [ 37%] Built target px4_msgs__rosidl_typesupport_c
[0.668s] [ 50%] Built target px4_msgs__rosidl_typesupport_introspection_cpp
[0.680s] [ 63%] Built target px4_msgs__rosidl_typesupport_introspection_c
[0.688s] [ 75%] Built target px4_msgs__rosidl_typesupport_fastrtps_cpp
[0.705s] [ 88%] Built target px4_msgs__rosidl_typesupport_fastrtps_c
[0.726s] [ 88%] Built target px4_msgs
[0.755s] [ 88%] Built target px4_msgs__py
[0.755s] running egg_info
[0.767s] writing px4_msgs.egg-info/PKG-INFO
[0.768s] writing dependency_links to px4_msgs.egg-info/dependency_links.txt
[0.768s] writing top-level names to px4_msgs.egg-info/top_level.txt
[0.811s] reading manifest file 'px4_msgs.egg-info/SOURCES.txt'
[0.815s] writing manifest file 'px4_msgs.egg-info/SOURCES.txt'
[0.849s] [100%] Built target px4_msgs__rosidl_generator_py
[0.856s] [100%] Built target ament_cmake_python_build_px4_msgs_egg
[0.874s] [100%] Built target px4_msgs__rosidl_typesupport_fastrtps_c__pyext
[0.874s] [100%] Built target px4_msgs__rosidl_typesupport_introspection_c__pyext
[0.874s] [100%] Built target px4_msgs__rosidl_typesupport_c__pyext
