[0.006s] Invoking command in '/home/fourdds/ros2_ws/build/px4_ros_com': CMAKE_PREFIX_PATH=/home/fourdds/ros2_ws/install/px4_msgs:/home/fourdds/ros2_ws/install/iris-logger:/home/fourdds/ros2_ws/install/px4_ros_com:/home/fourdds/ros2_ws/install/boids:/opt/ros/humble LD_LIBRARY_PATH=/home/fourdds/ros2_ws/install/px4_msgs/lib:/home/fourdds/ros2_ws/install/px4_ros_com/lib:/home/fourdds/ros2_ws/install/boids/lib:/usr/lib/x86_64-linux-gnu/gazebo-11/plugins:/opt/ros/humble/opt/rviz_ogre_vendor/lib:/opt/ros/humble/lib/x86_64-linux-gnu:/opt/ros/humble/lib /usr/bin/cmake --build /home/fourdds/ros2_ws/build/px4_ros_com -- -j24 -l24
[0.026s] [  8%] [32mBuilding CXX object CMakeFiles/frame_transforms.dir/src/lib/frame_transforms.cpp.o[0m
[0.027s] [ 16%] [32mBuilding CXX object CMakeFiles/sensor_combined_listener.dir/src/examples/listeners/sensor_combined_listener.cpp.o[0m
[0.028s] [ 25%] [32mBuilding CXX object CMakeFiles/vehicle_gps_position_listener.dir/src/examples/listeners/vehicle_gps_position_listener.cpp.o[0m
[0.031s] [ 33%] [32mBuilding CXX object CMakeFiles/offboard_control.dir/src/examples/offboard/offboard_control.cpp.o[0m
[0.031s] [ 41%] [32mBuilding CXX object CMakeFiles/debug_vect_advertiser.dir/src/examples/advertisers/debug_vect_advertiser.cpp.o[0m
[0.031s] [ 50%] [32mBuilding CXX object CMakeFiles/offboard_control_srv.dir/src/examples/offboard/offboard_control_srv.cpp.o[0m
[0.036s] [ 50%] Built target ament_cmake_python_copy_px4_ros_com
[0.149s] running egg_info
[0.149s] creating px4_ros_com.egg-info
[0.161s] writing px4_ros_com.egg-info/PKG-INFO
[0.161s] writing dependency_links to px4_ros_com.egg-info/dependency_links.txt
[0.161s] writing top-level names to px4_ros_com.egg-info/top_level.txt
[0.161s] writing manifest file 'px4_ros_com.egg-info/SOURCES.txt'
[0.184s] reading manifest file 'px4_ros_com.egg-info/SOURCES.txt'
[0.185s] writing manifest file 'px4_ros_com.egg-info/SOURCES.txt'
[0.202s] [ 50%] Built target ament_cmake_python_build_px4_ros_com_egg
[2.646s] [ 58%] [32m[1mLinking CXX executable debug_vect_advertiser[0m
[2.751s] [ 58%] Built target debug_vect_advertiser
[3.077s] [ 66%] [32m[1mLinking CXX executable offboard_control[0m
[3.205s] [ 66%] Built target offboard_control
[3.555s] [ 75%] [32m[1mLinking CXX executable offboard_control_srv[0m
[3.676s] [ 75%] Built target offboard_control_srv
[4.261s] [ 83%] [32m[1mLinking CXX shared library libframe_transforms.so[0m
[4.405s] [ 83%] Built target frame_transforms
[4.787s] [ 91%] [32m[1mLinking CXX executable vehicle_gps_position_listener[0m
[4.798s] [100%] [32m[1mLinking CXX executable sensor_combined_listener[0m
[4.978s] [100%] Built target vehicle_gps_position_listener
[4.983s] [100%] Built target sensor_combined_listener
