[0.656s] Invoking command in '/home/fourdds/ros2_ws/build/fdds_messages': CMAKE_PREFIX_PATH=/opt/ros/humble /usr/bin/cmake --build /home/fourdds/ros2_ws/build/fdds_messages -- -j16 -l16
[0.782s] [ 10%] Built target fdds_messages__rosidl_generator_c
[0.782s] [ 12%] Built target fdds_messages__cpp
[0.782s] [ 12%] Built target ament_cmake_python_symlink_fdds_messages
[0.841s] [ 23%] Built target fdds_messages__rosidl_typesupport_fastrtps_c
[0.846s] [ 43%] Built target fdds_messages__rosidl_typesupport_introspection_c
[0.847s] [ 43%] Built target fdds_messages__rosidl_typesupport_c
[0.850s] [ 53%] Built target fdds_messages__rosidl_typesupport_fastrtps_cpp
[0.861s] [ 74%] Built target fdds_messages__rosidl_typesupport_introspection_cpp
[0.861s] [ 74%] Built target fdds_messages__rosidl_typesupport_cpp
[0.931s] [ 74%] Built target fdds_messages
[0.986s] [ 76%] Built target fdds_messages__py
[1.037s] [ 84%] Built target fdds_messages__rosidl_generator_py
[1.075s] [ 89%] Built target fdds_messages__rosidl_typesupport_fastrtps_c__pyext
[1.076s] [ 94%] Built target fdds_messages__rosidl_typesupport_introspection_c__pyext
[1.081s] [100%] Built target fdds_messages__rosidl_typesupport_c__pyext
[1.331s] running egg_info
[1.359s] writing fdds_messages.egg-info/PKG-INFO
[1.360s] writing dependency_links to fdds_messages.egg-info/dependency_links.txt
[1.360s] writing top-level names to fdds_messages.egg-info/top_level.txt
[1.467s] reading manifest file 'fdds_messages.egg-info/SOURCES.txt'
[1.467s] writing manifest file 'fdds_messages.egg-info/SOURCES.txt'
[1.568s] [100%] Built target ament_cmake_python_build_fdds_messages_egg
[1.593s] Invoked command in '/home/fourdds/ros2_ws/build/fdds_messages' returned '0': CMAKE_PREFIX_PATH=/opt/ros/humble /usr/bin/cmake --build /home/fourdds/ros2_ws/build/fdds_messages -- -j16 -l16
[1.762s] Invoking command in '/home/fourdds/ros2_ws/build/fdds_messages': CMAKE_PREFIX_PATH=/opt/ros/humble /usr/bin/cmake --install /home/fourdds/ros2_ws/build/fdds_messages
[1.774s] -- Install configuration: ""
[1.775s] -- Execute custom install script
[1.776s] -- Up-to-date symlink: /home/fourdds/ros2_ws/install/fdds_messages/share/ament_index/resource_index/rosidl_interfaces/fdds_messages
[1.777s] -- Up-to-date symlink: /home/fourdds/ros2_ws/install/fdds_messages/include/fdds_messages/fdds_messages/msg/detail/flocking__functions.h
[1.778s] -- Up-to-date symlink: /home/fourdds/ros2_ws/install/fdds_messages/include/fdds_messages/fdds_messages/msg/detail/flocking__struct.h
[1.778s] -- Up-to-date symlink: /home/fourdds/ros2_ws/install/fdds_messages/include/fdds_messages/fdds_messages/msg/detail/flocking__type_support.h
[1.779s] -- Up-to-date symlink: /home/fourdds/ros2_ws/install/fdds_messages/include/fdds_messages/fdds_messages/msg/detail/geo_ping__functions.h
[1.779s] -- Up-to-date symlink: /home/fourdds/ros2_ws/install/fdds_messages/include/fdds_messages/fdds_messages/msg/detail/geo_ping__struct.h
[1.779s] -- Up-to-date symlink: /home/fourdds/ros2_ws/install/fdds_messages/include/fdds_messages/fdds_messages/msg/detail/geo_ping__type_support.h
[1.780s] -- Up-to-date symlink: /home/fourdds/ros2_ws/install/fdds_messages/include/fdds_messages/fdds_messages/msg/flocking.h
[1.780s] -- Up-to-date symlink: /home/fourdds/ros2_ws/install/fdds_messages/include/fdds_messages/fdds_messages/msg/geo_ping.h
[1.780s] -- Up-to-date symlink: /home/fourdds/ros2_ws/install/fdds_messages/include/fdds_messages/fdds_messages/msg/rosidl_generator_c__visibility_control.h
[1.780s] -- Up-to-date symlink: /home/fourdds/ros2_ws/install/fdds_messages/share/fdds_messages/environment/library_path.sh
[1.780s] -- Up-to-date symlink: /home/fourdds/ros2_ws/install/fdds_messages/share/fdds_messages/environment/library_path.dsv
[1.781s] -- Up-to-date symlink: /home/fourdds/ros2_ws/install/fdds_messages/include/fdds_messages/fdds_messages/msg/detail/flocking__rosidl_typesupport_fastrtps_c.h
[1.781s] -- Up-to-date symlink: /home/fourdds/ros2_ws/install/fdds_messages/include/fdds_messages/fdds_messages/msg/detail/geo_ping__rosidl_typesupport_fastrtps_c.h
[1.782s] -- Up-to-date symlink: /home/fourdds/ros2_ws/install/fdds_messages/include/fdds_messages/fdds_messages/msg/rosidl_typesupport_fastrtps_c__visibility_control.h
[1.783s] -- Up-to-date symlink: /home/fourdds/ros2_ws/install/fdds_messages/include/fdds_messages/fdds_messages/msg/detail/flocking__rosidl_typesupport_introspection_c.h
[1.783s] -- Up-to-date symlink: /home/fourdds/ros2_ws/install/fdds_messages/include/fdds_messages/fdds_messages/msg/detail/geo_ping__rosidl_typesupport_introspection_c.h
[1.784s] -- Up-to-date symlink: /home/fourdds/ros2_ws/install/fdds_messages/include/fdds_messages/fdds_messages/msg/rosidl_typesupport_introspection_c__visibility_control.h
[1.785s] -- Up-to-date symlink: /home/fourdds/ros2_ws/install/fdds_messages/include/fdds_messages/fdds_messages/msg/detail/flocking__builder.hpp
[1.785s] -- Up-to-date symlink: /home/fourdds/ros2_ws/install/fdds_messages/include/fdds_messages/fdds_messages/msg/detail/flocking__struct.hpp
[1.786s] -- Up-to-date symlink: /home/fourdds/ros2_ws/install/fdds_messages/include/fdds_messages/fdds_messages/msg/detail/flocking__traits.hpp
[1.786s] -- Up-to-date symlink: /home/fourdds/ros2_ws/install/fdds_messages/include/fdds_messages/fdds_messages/msg/detail/geo_ping__builder.hpp
[1.787s] -- Up-to-date symlink: /home/fourdds/ros2_ws/install/fdds_messages/include/fdds_messages/fdds_messages/msg/detail/geo_ping__struct.hpp
[1.787s] -- Up-to-date symlink: /home/fourdds/ros2_ws/install/fdds_messages/include/fdds_messages/fdds_messages/msg/detail/geo_ping__traits.hpp
[1.787s] -- Up-to-date symlink: /home/fourdds/ros2_ws/install/fdds_messages/include/fdds_messages/fdds_messages/msg/flocking.hpp
[1.787s] -- Up-to-date symlink: /home/fourdds/ros2_ws/install/fdds_messages/include/fdds_messages/fdds_messages/msg/geo_ping.hpp
[1.789s] -- Up-to-date symlink: /home/fourdds/ros2_ws/install/fdds_messages/include/fdds_messages/fdds_messages/msg/detail/flocking__rosidl_typesupport_fastrtps_cpp.hpp
[1.789s] -- Up-to-date symlink: /home/fourdds/ros2_ws/install/fdds_messages/include/fdds_messages/fdds_messages/msg/detail/geo_ping__rosidl_typesupport_fastrtps_cpp.hpp
[1.789s] -- Up-to-date symlink: /home/fourdds/ros2_ws/install/fdds_messages/include/fdds_messages/fdds_messages/msg/rosidl_typesupport_fastrtps_cpp__visibility_control.h
[1.790s] -- Up-to-date symlink: /home/fourdds/ros2_ws/install/fdds_messages/include/fdds_messages/fdds_messages/msg/detail/flocking__rosidl_typesupport_introspection_cpp.hpp
[1.790s] -- Up-to-date symlink: /home/fourdds/ros2_ws/install/fdds_messages/include/fdds_messages/fdds_messages/msg/detail/geo_ping__rosidl_typesupport_introspection_cpp.hpp
[1.791s] -- Up-to-date symlink: /home/fourdds/ros2_ws/install/fdds_messages/share/fdds_messages/environment/pythonpath.sh
[1.792s] -- Up-to-date symlink: /home/fourdds/ros2_ws/install/fdds_messages/share/fdds_messages/environment/pythonpath.dsv
[1.793s] -- Up-to-date symlink: /home/fourdds/ros2_ws/install/fdds_messages/local/lib/python3.10/dist-packages/fdds_messages-0.0.0-py3.10.egg-info/PKG-INFO
[1.793s] -- Up-to-date symlink: /home/fourdds/ros2_ws/install/fdds_messages/local/lib/python3.10/dist-packages/fdds_messages-0.0.0-py3.10.egg-info/SOURCES.txt
[1.794s] -- Up-to-date symlink: /home/fourdds/ros2_ws/install/fdds_messages/local/lib/python3.10/dist-packages/fdds_messages-0.0.0-py3.10.egg-info/dependency_links.txt
[1.794s] -- Up-to-date symlink: /home/fourdds/ros2_ws/install/fdds_messages/local/lib/python3.10/dist-packages/fdds_messages-0.0.0-py3.10.egg-info/top_level.txt
[1.795s] -- Up-to-date symlink: /home/fourdds/ros2_ws/install/fdds_messages/local/lib/python3.10/dist-packages/fdds_messages/__init__.py
[1.796s] -- Up-to-date symlink: /home/fourdds/ros2_ws/install/fdds_messages/local/lib/python3.10/dist-packages/fdds_messages/_fdds_messages_s.ep.rosidl_typesupport_c.c
[1.796s] -- Up-to-date symlink: /home/fourdds/ros2_ws/install/fdds_messages/local/lib/python3.10/dist-packages/fdds_messages/_fdds_messages_s.ep.rosidl_typesupport_fastrtps_c.c
[1.797s] -- Up-to-date symlink: /home/fourdds/ros2_ws/install/fdds_messages/local/lib/python3.10/dist-packages/fdds_messages/_fdds_messages_s.ep.rosidl_typesupport_introspection_c.c
[1.797s] -- Up-to-date symlink: /home/fourdds/ros2_ws/install/fdds_messages/local/lib/python3.10/dist-packages/fdds_messages/fdds_messages_s__rosidl_typesupport_c.cpython-310-x86_64-linux-gnu.so
[1.798s] -- Up-to-date symlink: /home/fourdds/ros2_ws/install/fdds_messages/local/lib/python3.10/dist-packages/fdds_messages/fdds_messages_s__rosidl_typesupport_fastrtps_c.cpython-310-x86_64-linux-gnu.so
[1.798s] -- Up-to-date symlink: /home/fourdds/ros2_ws/install/fdds_messages/local/lib/python3.10/dist-packages/fdds_messages/fdds_messages_s__rosidl_typesupport_introspection_c.cpython-310-x86_64-linux-gnu.so
[1.799s] -- Up-to-date symlink: /home/fourdds/ros2_ws/install/fdds_messages/local/lib/python3.10/dist-packages/fdds_messages/libfdds_messages__rosidl_generator_py.so
[1.799s] -- Up-to-date symlink: /home/fourdds/ros2_ws/install/fdds_messages/local/lib/python3.10/dist-packages/fdds_messages/msg/__init__.py
[1.800s] -- Up-to-date symlink: /home/fourdds/ros2_ws/install/fdds_messages/local/lib/python3.10/dist-packages/fdds_messages/msg/_flocking.py
[1.800s] -- Up-to-date symlink: /home/fourdds/ros2_ws/install/fdds_messages/local/lib/python3.10/dist-packages/fdds_messages/msg/_flocking_s.c
[1.801s] -- Up-to-date symlink: /home/fourdds/ros2_ws/install/fdds_messages/local/lib/python3.10/dist-packages/fdds_messages/msg/_geo_ping.py
[1.801s] -- Up-to-date symlink: /home/fourdds/ros2_ws/install/fdds_messages/local/lib/python3.10/dist-packages/fdds_messages/msg/_geo_ping_s.c
[1.802s] -- Up-to-date symlink: /home/fourdds/ros2_ws/install/fdds_messages/local/lib/python3.10/dist-packages/fdds_messages/fdds_messages_s__rosidl_typesupport_fastrtps_c.cpython-310-x86_64-linux-gnu.so
[1.802s] -- Up-to-date symlink: /home/fourdds/ros2_ws/install/fdds_messages/local/lib/python3.10/dist-packages/fdds_messages/fdds_messages_s__rosidl_typesupport_introspection_c.cpython-310-x86_64-linux-gnu.so
[1.803s] -- Up-to-date symlink: /home/fourdds/ros2_ws/install/fdds_messages/local/lib/python3.10/dist-packages/fdds_messages/fdds_messages_s__rosidl_typesupport_c.cpython-310-x86_64-linux-gnu.so
[1.803s] -- Up-to-date symlink: /home/fourdds/ros2_ws/install/fdds_messages/share/fdds_messages/msg/GeoPing.idl
[1.803s] -- Up-to-date symlink: /home/fourdds/ros2_ws/install/fdds_messages/share/fdds_messages/msg/Flocking.idl
[1.803s] -- Up-to-date symlink: /home/fourdds/ros2_ws/install/fdds_messages/share/fdds_messages/msg/GeoPing.msg
[1.804s] -- Up-to-date symlink: /home/fourdds/ros2_ws/install/fdds_messages/share/fdds_messages/msg/Flocking.msg
[1.804s] -- Up-to-date symlink: /home/fourdds/ros2_ws/install/fdds_messages/share/ament_index/resource_index/package_run_dependencies/fdds_messages
[1.805s] -- Up-to-date symlink: /home/fourdds/ros2_ws/install/fdds_messages/share/ament_index/resource_index/parent_prefix_path/fdds_messages
[1.805s] -- Up-to-date symlink: /home/fourdds/ros2_ws/install/fdds_messages/share/fdds_messages/environment/ament_prefix_path.sh
[1.806s] -- Up-to-date symlink: /home/fourdds/ros2_ws/install/fdds_messages/share/fdds_messages/environment/ament_prefix_path.dsv
[1.806s] -- Up-to-date symlink: /home/fourdds/ros2_ws/install/fdds_messages/share/fdds_messages/environment/path.sh
[1.807s] -- Up-to-date symlink: /home/fourdds/ros2_ws/install/fdds_messages/share/fdds_messages/environment/path.dsv
[1.807s] -- Up-to-date symlink: /home/fourdds/ros2_ws/install/fdds_messages/share/fdds_messages/local_setup.bash
[1.808s] -- Up-to-date symlink: /home/fourdds/ros2_ws/install/fdds_messages/share/fdds_messages/local_setup.sh
[1.808s] -- Up-to-date symlink: /home/fourdds/ros2_ws/install/fdds_messages/share/fdds_messages/local_setup.zsh
[1.808s] -- Up-to-date symlink: /home/fourdds/ros2_ws/install/fdds_messages/share/fdds_messages/local_setup.dsv
[1.809s] -- Symlinking: /home/fourdds/ros2_ws/install/fdds_messages/share/fdds_messages/package.dsv
[1.822s] -- Up-to-date symlink: /home/fourdds/ros2_ws/install/fdds_messages/share/ament_index/resource_index/packages/fdds_messages
[1.823s] -- Up-to-date symlink: /home/fourdds/ros2_ws/install/fdds_messages/share/fdds_messages/cmake/rosidl_cmake-extras.cmake
[1.823s] -- Up-to-date symlink: /home/fourdds/ros2_ws/install/fdds_messages/share/fdds_messages/cmake/ament_cmake_export_include_directories-extras.cmake
[1.824s] -- Up-to-date symlink: /home/fourdds/ros2_ws/install/fdds_messages/share/fdds_messages/cmake/ament_cmake_export_libraries-extras.cmake
[1.824s] -- Up-to-date symlink: /home/fourdds/ros2_ws/install/fdds_messages/share/fdds_messages/cmake/ament_cmake_export_targets-extras.cmake
[1.825s] -- Up-to-date symlink: /home/fourdds/ros2_ws/install/fdds_messages/share/fdds_messages/cmake/rosidl_cmake_export_typesupport_targets-extras.cmake
[1.825s] -- Up-to-date symlink: /home/fourdds/ros2_ws/install/fdds_messages/share/fdds_messages/cmake/ament_cmake_export_dependencies-extras.cmake
[1.826s] -- Up-to-date symlink: /home/fourdds/ros2_ws/install/fdds_messages/share/fdds_messages/cmake/rosidl_cmake_export_typesupport_libraries-extras.cmake
[1.826s] -- Up-to-date symlink: /home/fourdds/ros2_ws/install/fdds_messages/share/fdds_messages/cmake/fdds_messagesConfig.cmake
[1.827s] -- Up-to-date symlink: /home/fourdds/ros2_ws/install/fdds_messages/share/fdds_messages/cmake/fdds_messagesConfig-version.cmake
[1.827s] -- Up-to-date symlink: /home/fourdds/ros2_ws/install/fdds_messages/share/fdds_messages/package.xml
[1.828s] -- Up-to-date: /home/fourdds/ros2_ws/install/fdds_messages/lib/libfdds_messages__rosidl_generator_c.so
[1.828s] -- Up-to-date: /home/fourdds/ros2_ws/install/fdds_messages/lib/libfdds_messages__rosidl_typesupport_fastrtps_c.so
[1.829s] -- Up-to-date: /home/fourdds/ros2_ws/install/fdds_messages/lib/libfdds_messages__rosidl_typesupport_introspection_c.so
[1.830s] -- Up-to-date: /home/fourdds/ros2_ws/install/fdds_messages/lib/libfdds_messages__rosidl_typesupport_c.so
[1.831s] -- Up-to-date: /home/fourdds/ros2_ws/install/fdds_messages/lib/libfdds_messages__rosidl_typesupport_fastrtps_cpp.so
[1.831s] -- Up-to-date: /home/fourdds/ros2_ws/install/fdds_messages/lib/libfdds_messages__rosidl_typesupport_introspection_cpp.so
[1.832s] -- Up-to-date: /home/fourdds/ros2_ws/install/fdds_messages/lib/libfdds_messages__rosidl_typesupport_cpp.so
[1.887s] Listing '/home/fourdds/ros2_ws/install/fdds_messages/local/lib/python3.10/dist-packages/fdds_messages'...
[1.887s] Listing '/home/fourdds/ros2_ws/install/fdds_messages/local/lib/python3.10/dist-packages/fdds_messages/msg'...
[1.898s] -- Up-to-date: /home/fourdds/ros2_ws/install/fdds_messages/lib/libfdds_messages__rosidl_generator_py.so
[1.898s] -- Up-to-date: /home/fourdds/ros2_ws/install/fdds_messages/share/fdds_messages/cmake/export_fdds_messages__rosidl_generator_cExport.cmake
[1.899s] -- Up-to-date: /home/fourdds/ros2_ws/install/fdds_messages/share/fdds_messages/cmake/export_fdds_messages__rosidl_generator_cExport-noconfig.cmake
[1.900s] -- Up-to-date: /home/fourdds/ros2_ws/install/fdds_messages/share/fdds_messages/cmake/export_fdds_messages__rosidl_typesupport_fastrtps_cExport.cmake
[1.900s] -- Up-to-date: /home/fourdds/ros2_ws/install/fdds_messages/share/fdds_messages/cmake/export_fdds_messages__rosidl_typesupport_fastrtps_cExport-noconfig.cmake
[1.901s] -- Up-to-date: /home/fourdds/ros2_ws/install/fdds_messages/share/fdds_messages/cmake/fdds_messages__rosidl_typesupport_introspection_cExport.cmake
[1.901s] -- Up-to-date: /home/fourdds/ros2_ws/install/fdds_messages/share/fdds_messages/cmake/fdds_messages__rosidl_typesupport_introspection_cExport-noconfig.cmake
[1.901s] -- Up-to-date: /home/fourdds/ros2_ws/install/fdds_messages/share/fdds_messages/cmake/fdds_messages__rosidl_typesupport_cExport.cmake
[1.902s] -- Up-to-date: /home/fourdds/ros2_ws/install/fdds_messages/share/fdds_messages/cmake/fdds_messages__rosidl_typesupport_cExport-noconfig.cmake
[1.902s] -- Up-to-date: /home/fourdds/ros2_ws/install/fdds_messages/share/fdds_messages/cmake/export_fdds_messages__rosidl_generator_cppExport.cmake
[1.902s] -- Up-to-date: /home/fourdds/ros2_ws/install/fdds_messages/share/fdds_messages/cmake/export_fdds_messages__rosidl_typesupport_fastrtps_cppExport.cmake
[1.902s] -- Up-to-date: /home/fourdds/ros2_ws/install/fdds_messages/share/fdds_messages/cmake/export_fdds_messages__rosidl_typesupport_fastrtps_cppExport-noconfig.cmake
[1.902s] -- Up-to-date: /home/fourdds/ros2_ws/install/fdds_messages/share/fdds_messages/cmake/fdds_messages__rosidl_typesupport_introspection_cppExport.cmake
[1.903s] -- Up-to-date: /home/fourdds/ros2_ws/install/fdds_messages/share/fdds_messages/cmake/fdds_messages__rosidl_typesupport_introspection_cppExport-noconfig.cmake
[1.903s] -- Up-to-date: /home/fourdds/ros2_ws/install/fdds_messages/share/fdds_messages/cmake/fdds_messages__rosidl_typesupport_cppExport.cmake
[1.903s] -- Up-to-date: /home/fourdds/ros2_ws/install/fdds_messages/share/fdds_messages/cmake/fdds_messages__rosidl_typesupport_cppExport-noconfig.cmake
[1.903s] -- Up-to-date: /home/fourdds/ros2_ws/install/fdds_messages/share/fdds_messages/cmake/export_fdds_messages__rosidl_generator_pyExport.cmake
[1.903s] -- Up-to-date: /home/fourdds/ros2_ws/install/fdds_messages/share/fdds_messages/cmake/export_fdds_messages__rosidl_generator_pyExport-noconfig.cmake
[1.909s] Invoked command in '/home/fourdds/ros2_ws/build/fdds_messages' returned '0': CMAKE_PREFIX_PATH=/opt/ros/humble /usr/bin/cmake --install /home/fourdds/ros2_ws/build/fdds_messages
