[2.418s] Invoking command in '/home/fourdds/ros2_ws/src/analysis': PYTHONPATH=/home/fourdds/ros2_ws/build/analysis/prefix_override:/usr/lib/python3/dist-packages/colcon_core/task/python/colcon_distutils_commands:/home/fourdds/ros2_ws/install/analysis/lib/python3.10/site-packages:${PYTHONPATH} /usr/bin/python3 -W ignore:setup.py install is deprecated setup.py egg_info --egg-base ../../build/analysis build --build-base /home/fourdds/ros2_ws/build/analysis/build install --record /home/fourdds/ros2_ws/build/analysis/install.log --single-version-externally-managed install_data
[2.941s] running egg_info
[2.974s] writing ../../build/analysis/analysis.egg-info/PKG-INFO
[2.977s] writing dependency_links to ../../build/analysis/analysis.egg-info/dependency_links.txt
[2.979s] writing entry points to ../../build/analysis/analysis.egg-info/entry_points.txt
[2.980s] writing requirements to ../../build/analysis/analysis.egg-info/requires.txt
[2.981s] writing top-level names to ../../build/analysis/analysis.egg-info/top_level.txt
[3.067s] reading manifest file '../../build/analysis/analysis.egg-info/SOURCES.txt'
[3.068s] adding license file 'LICENSE'
[3.070s] writing manifest file '../../build/analysis/analysis.egg-info/SOURCES.txt'
[3.070s] running build
[3.070s] running build_py
[3.071s] running install
[3.079s] running install_lib
[3.104s] running install_data
[3.105s] running install_egg_info
[3.140s] removing '/home/fourdds/ros2_ws/install/analysis/lib/python3.10/site-packages/analysis-0.0.0-py3.10.egg-info' (and everything under it)
[3.141s] Copying ../../build/analysis/analysis.egg-info to /home/fourdds/ros2_ws/install/analysis/lib/python3.10/site-packages/analysis-0.0.0-py3.10.egg-info
[3.145s] running install_scripts
[3.435s] Installing ConvertToCSV script to /home/fourdds/ros2_ws/install/analysis/lib/analysis
[3.437s] writing list of installed files to '/home/fourdds/ros2_ws/build/analysis/install.log'
[3.533s] Invoked command in '/home/fourdds/ros2_ws/src/analysis' returned '0': PYTHONPATH=/home/fourdds/ros2_ws/build/analysis/prefix_override:/usr/lib/python3/dist-packages/colcon_core/task/python/colcon_distutils_commands:/home/fourdds/ros2_ws/install/analysis/lib/python3.10/site-packages:${PYTHONPATH} /usr/bin/python3 -W ignore:setup.py install is deprecated setup.py egg_info --egg-base ../../build/analysis build --build-base /home/fourdds/ros2_ws/build/analysis/build install --record /home/fourdds/ros2_ws/build/analysis/install.log --single-version-externally-managed install_data
