[0.060s] DEBUG:colcon:Command line arguments: ['/usr/bin/colcon', 'build', '--packages-select', 'target_detection']
[0.060s] DEBUG:colcon:Parsed command line arguments: Namespace(log_base=None, log_level=None, verb_name='build', build_base='build', install_base='install', merge_install=False, symlink_install=False, test_result_base=None, continue_on_error=False, executor='parallel', parallel_workers=24, event_handlers=None, ignore_user_meta=False, metas=['./colcon.meta'], base_paths=['.'], packages_ignore=None, packages_ignore_regex=None, paths=None, packages_up_to=None, packages_up_to_regex=None, packages_above=None, packages_above_and_dependencies=None, packages_above_depth=None, packages_select_by_dep=None, packages_skip_by_dep=None, packages_skip_up_to=None, packages_select_build_failed=False, packages_skip_build_finished=False, packages_select_test_failures=False, packages_skip_test_passed=False, packages_select=['target_detection'], packages_skip=None, packages_select_regex=None, packages_skip_regex=None, packages_start=None, packages_end=None, allow_overriding=[], cmake_args=None, cmake_target=None, cmake_target_skip_unavailable=False, cmake_clean_cache=False, cmake_clean_first=False, cmake_force_configure=False, ament_cmake_args=None, catkin_cmake_args=None, catkin_skip_building_tests=False, verb_parser=<colcon_defaults.argument_parser.defaults.DefaultArgumentsDecorator object at 0x7fda25d94a30>, verb_extension=<colcon_core.verb.build.BuildVerb object at 0x7fda25e917e0>, main=<bound method BuildVerb.main of <colcon_core.verb.build.BuildVerb object at 0x7fda25e917e0>>)
[0.082s] Level 1:colcon.colcon_core.package_discovery:discover_packages(colcon_meta) check parameters
[0.082s] Level 1:colcon.colcon_core.package_discovery:discover_packages(recursive) check parameters
[0.082s] Level 1:colcon.colcon_core.package_discovery:discover_packages(ignore) check parameters
[0.082s] Level 1:colcon.colcon_core.package_discovery:discover_packages(path) check parameters
[0.082s] Level 1:colcon.colcon_core.package_discovery:discover_packages(colcon_meta) discover
[0.082s] Level 1:colcon.colcon_core.package_discovery:discover_packages(recursive) discover
[0.082s] INFO:colcon.colcon_core.package_discovery:Crawling recursively for packages in '/home/fourdds/ros2_ws'
[0.082s] Level 1:colcon.colcon_core.package_identification:_identify(.) by extensions ['ignore', 'ignore_ament_install']
[0.082s] Level 1:colcon.colcon_core.package_identification:_identify(.) by extension 'ignore'
[0.082s] Level 1:colcon.colcon_core.package_identification:_identify(.) by extension 'ignore_ament_install'
[0.083s] Level 1:colcon.colcon_core.package_identification:_identify(.) by extensions ['colcon_pkg']
[0.083s] Level 1:colcon.colcon_core.package_identification:_identify(.) by extension 'colcon_pkg'
[0.083s] Level 1:colcon.colcon_core.package_identification:_identify(.) by extensions ['colcon_meta']
[0.083s] Level 1:colcon.colcon_core.package_identification:_identify(.) by extension 'colcon_meta'
[0.083s] Level 1:colcon.colcon_core.package_identification:_identify(.) by extensions ['ros']
[0.083s] Level 1:colcon.colcon_core.package_identification:_identify(.) by extension 'ros'
[0.092s] Level 1:colcon.colcon_core.package_identification:_identify(.) by extensions ['cmake', 'python']
[0.092s] Level 1:colcon.colcon_core.package_identification:_identify(.) by extension 'cmake'
[0.092s] Level 1:colcon.colcon_core.package_identification:_identify(.) by extension 'python'
[0.092s] Level 1:colcon.colcon_core.package_identification:_identify(.) by extensions ['python_setup_py']
[0.092s] Level 1:colcon.colcon_core.package_identification:_identify(.) by extension 'python_setup_py'
[0.092s] Level 1:colcon.colcon_core.package_identification:_identify(build) by extensions ['ignore', 'ignore_ament_install']
[0.092s] Level 1:colcon.colcon_core.package_identification:_identify(build) by extension 'ignore'
[0.092s] Level 1:colcon.colcon_core.package_identification:_identify(build) ignored
[0.092s] Level 1:colcon.colcon_core.package_identification:_identify(install) by extensions ['ignore', 'ignore_ament_install']
[0.092s] Level 1:colcon.colcon_core.package_identification:_identify(install) by extension 'ignore'
[0.092s] Level 1:colcon.colcon_core.package_identification:_identify(install) ignored
[0.093s] Level 1:colcon.colcon_core.package_identification:_identify(log) by extensions ['ignore', 'ignore_ament_install']
[0.093s] Level 1:colcon.colcon_core.package_identification:_identify(log) by extension 'ignore'
[0.093s] Level 1:colcon.colcon_core.package_identification:_identify(log) ignored
[0.093s] Level 1:colcon.colcon_core.package_identification:_identify(src) by extensions ['ignore', 'ignore_ament_install']
[0.093s] Level 1:colcon.colcon_core.package_identification:_identify(src) by extension 'ignore'
[0.093s] Level 1:colcon.colcon_core.package_identification:_identify(src) by extension 'ignore_ament_install'
[0.093s] Level 1:colcon.colcon_core.package_identification:_identify(src) by extensions ['colcon_pkg']
[0.093s] Level 1:colcon.colcon_core.package_identification:_identify(src) by extension 'colcon_pkg'
[0.093s] Level 1:colcon.colcon_core.package_identification:_identify(src) by extensions ['colcon_meta']
[0.093s] Level 1:colcon.colcon_core.package_identification:_identify(src) by extension 'colcon_meta'
[0.093s] Level 1:colcon.colcon_core.package_identification:_identify(src) by extensions ['ros']
[0.093s] Level 1:colcon.colcon_core.package_identification:_identify(src) by extension 'ros'
[0.093s] Level 1:colcon.colcon_core.package_identification:_identify(src) by extensions ['cmake', 'python']
[0.093s] Level 1:colcon.colcon_core.package_identification:_identify(src) by extension 'cmake'
[0.093s] Level 1:colcon.colcon_core.package_identification:_identify(src) by extension 'python'
[0.093s] Level 1:colcon.colcon_core.package_identification:_identify(src) by extensions ['python_setup_py']
[0.093s] Level 1:colcon.colcon_core.package_identification:_identify(src) by extension 'python_setup_py'
[0.093s] Level 1:colcon.colcon_core.package_identification:_identify(src/base_station) by extensions ['ignore', 'ignore_ament_install']
[0.093s] Level 1:colcon.colcon_core.package_identification:_identify(src/base_station) by extension 'ignore'
[0.093s] Level 1:colcon.colcon_core.package_identification:_identify(src/base_station) by extension 'ignore_ament_install'
[0.093s] Level 1:colcon.colcon_core.package_identification:_identify(src/base_station) by extensions ['colcon_pkg']
[0.093s] Level 1:colcon.colcon_core.package_identification:_identify(src/base_station) by extension 'colcon_pkg'
[0.093s] Level 1:colcon.colcon_core.package_identification:_identify(src/base_station) by extensions ['colcon_meta']
[0.093s] Level 1:colcon.colcon_core.package_identification:_identify(src/base_station) by extension 'colcon_meta'
[0.093s] Level 1:colcon.colcon_core.package_identification:_identify(src/base_station) by extensions ['ros']
[0.093s] Level 1:colcon.colcon_core.package_identification:_identify(src/base_station) by extension 'ros'
[0.095s] DEBUG:colcon.colcon_core.package_identification:Package 'src/base_station' with type 'ros.ament_cmake' and name 'base_station'
[0.095s] Level 1:colcon.colcon_core.package_identification:_identify(src/boids) by extensions ['ignore', 'ignore_ament_install']
[0.095s] Level 1:colcon.colcon_core.package_identification:_identify(src/boids) by extension 'ignore'
[0.095s] Level 1:colcon.colcon_core.package_identification:_identify(src/boids) by extension 'ignore_ament_install'
[0.095s] Level 1:colcon.colcon_core.package_identification:_identify(src/boids) by extensions ['colcon_pkg']
[0.095s] Level 1:colcon.colcon_core.package_identification:_identify(src/boids) by extension 'colcon_pkg'
[0.095s] Level 1:colcon.colcon_core.package_identification:_identify(src/boids) by extensions ['colcon_meta']
[0.095s] Level 1:colcon.colcon_core.package_identification:_identify(src/boids) by extension 'colcon_meta'
[0.095s] Level 1:colcon.colcon_core.package_identification:_identify(src/boids) by extensions ['ros']
[0.095s] Level 1:colcon.colcon_core.package_identification:_identify(src/boids) by extension 'ros'
[0.096s] DEBUG:colcon.colcon_core.package_identification:Package 'src/boids' with type 'ros.ament_cmake' and name 'boids'
[0.096s] Level 1:colcon.colcon_core.package_identification:_identify(src/fdds_messages) by extensions ['ignore', 'ignore_ament_install']
[0.096s] Level 1:colcon.colcon_core.package_identification:_identify(src/fdds_messages) by extension 'ignore'
[0.096s] Level 1:colcon.colcon_core.package_identification:_identify(src/fdds_messages) by extension 'ignore_ament_install'
[0.096s] Level 1:colcon.colcon_core.package_identification:_identify(src/fdds_messages) by extensions ['colcon_pkg']
[0.096s] Level 1:colcon.colcon_core.package_identification:_identify(src/fdds_messages) by extension 'colcon_pkg'
[0.096s] Level 1:colcon.colcon_core.package_identification:_identify(src/fdds_messages) by extensions ['colcon_meta']
[0.096s] Level 1:colcon.colcon_core.package_identification:_identify(src/fdds_messages) by extension 'colcon_meta'
[0.096s] Level 1:colcon.colcon_core.package_identification:_identify(src/fdds_messages) by extensions ['ros']
[0.096s] Level 1:colcon.colcon_core.package_identification:_identify(src/fdds_messages) by extension 'ros'
[0.096s] DEBUG:colcon.colcon_core.package_identification:Package 'src/fdds_messages' with type 'ros.ament_cmake' and name 'fdds_messages'
[0.096s] Level 1:colcon.colcon_core.package_identification:_identify(src/flocking) by extensions ['ignore', 'ignore_ament_install']
[0.097s] Level 1:colcon.colcon_core.package_identification:_identify(src/flocking) by extension 'ignore'
[0.097s] Level 1:colcon.colcon_core.package_identification:_identify(src/flocking) by extension 'ignore_ament_install'
[0.097s] Level 1:colcon.colcon_core.package_identification:_identify(src/flocking) by extensions ['colcon_pkg']
[0.097s] Level 1:colcon.colcon_core.package_identification:_identify(src/flocking) by extension 'colcon_pkg'
[0.097s] Level 1:colcon.colcon_core.package_identification:_identify(src/flocking) by extensions ['colcon_meta']
[0.097s] Level 1:colcon.colcon_core.package_identification:_identify(src/flocking) by extension 'colcon_meta'
[0.097s] Level 1:colcon.colcon_core.package_identification:_identify(src/flocking) by extensions ['ros']
[0.097s] Level 1:colcon.colcon_core.package_identification:_identify(src/flocking) by extension 'ros'
[0.097s] DEBUG:colcon.colcon_core.package_identification:Package 'src/flocking' with type 'ros.ament_cmake' and name 'flocking'
[0.097s] Level 1:colcon.colcon_core.package_identification:_identify(src/iris-logger) by extensions ['ignore', 'ignore_ament_install']
[0.097s] Level 1:colcon.colcon_core.package_identification:_identify(src/iris-logger) by extension 'ignore'
[0.097s] Level 1:colcon.colcon_core.package_identification:_identify(src/iris-logger) by extension 'ignore_ament_install'
[0.097s] Level 1:colcon.colcon_core.package_identification:_identify(src/iris-logger) by extensions ['colcon_pkg']
[0.097s] Level 1:colcon.colcon_core.package_identification:_identify(src/iris-logger) by extension 'colcon_pkg'
[0.097s] Level 1:colcon.colcon_core.package_identification:_identify(src/iris-logger) by extensions ['colcon_meta']
[0.097s] Level 1:colcon.colcon_core.package_identification:_identify(src/iris-logger) by extension 'colcon_meta'
[0.097s] Level 1:colcon.colcon_core.package_identification:_identify(src/iris-logger) by extensions ['ros']
[0.097s] Level 1:colcon.colcon_core.package_identification:_identify(src/iris-logger) by extension 'ros'
[0.098s] DEBUG:colcon.colcon_core.package_identification:Package 'src/iris-logger' with type 'ros.ament_cmake' and name 'iris-logger'
[0.098s] Level 1:colcon.colcon_core.package_identification:_identify(src/log) by extensions ['ignore', 'ignore_ament_install']
[0.098s] Level 1:colcon.colcon_core.package_identification:_identify(src/log) by extension 'ignore'
[0.098s] Level 1:colcon.colcon_core.package_identification:_identify(src/log) ignored
[0.098s] Level 1:colcon.colcon_core.package_identification:_identify(src/logging) by extensions ['ignore', 'ignore_ament_install']
[0.098s] Level 1:colcon.colcon_core.package_identification:_identify(src/logging) by extension 'ignore'
[0.098s] Level 1:colcon.colcon_core.package_identification:_identify(src/logging) by extension 'ignore_ament_install'
[0.098s] Level 1:colcon.colcon_core.package_identification:_identify(src/logging) by extensions ['colcon_pkg']
[0.098s] Level 1:colcon.colcon_core.package_identification:_identify(src/logging) by extension 'colcon_pkg'
[0.098s] Level 1:colcon.colcon_core.package_identification:_identify(src/logging) by extensions ['colcon_meta']
[0.098s] Level 1:colcon.colcon_core.package_identification:_identify(src/logging) by extension 'colcon_meta'
[0.098s] Level 1:colcon.colcon_core.package_identification:_identify(src/logging) by extensions ['ros']
[0.098s] Level 1:colcon.colcon_core.package_identification:_identify(src/logging) by extension 'ros'
[0.099s] DEBUG:colcon.colcon_core.package_identification:Package 'src/logging' with type 'ros.ament_cmake' and name 'logging'
[0.099s] Level 1:colcon.colcon_core.package_identification:_identify(src/obstacle_avoidance) by extensions ['ignore', 'ignore_ament_install']
[0.099s] Level 1:colcon.colcon_core.package_identification:_identify(src/obstacle_avoidance) by extension 'ignore'
[0.099s] Level 1:colcon.colcon_core.package_identification:_identify(src/obstacle_avoidance) by extension 'ignore_ament_install'
[0.099s] Level 1:colcon.colcon_core.package_identification:_identify(src/obstacle_avoidance) by extensions ['colcon_pkg']
[0.099s] Level 1:colcon.colcon_core.package_identification:_identify(src/obstacle_avoidance) by extension 'colcon_pkg'
[0.099s] Level 1:colcon.colcon_core.package_identification:_identify(src/obstacle_avoidance) by extensions ['colcon_meta']
[0.099s] Level 1:colcon.colcon_core.package_identification:_identify(src/obstacle_avoidance) by extension 'colcon_meta'
[0.099s] Level 1:colcon.colcon_core.package_identification:_identify(src/obstacle_avoidance) by extensions ['ros']
[0.099s] Level 1:colcon.colcon_core.package_identification:_identify(src/obstacle_avoidance) by extension 'ros'
[0.099s] DEBUG:colcon.colcon_core.package_identification:Package 'src/obstacle_avoidance' with type 'ros.ament_cmake' and name 'obstacle_avoidance'
[0.099s] Level 1:colcon.colcon_core.package_identification:_identify(src/parameters) by extensions ['ignore', 'ignore_ament_install']
[0.099s] Level 1:colcon.colcon_core.package_identification:_identify(src/parameters) by extension 'ignore'
[0.099s] Level 1:colcon.colcon_core.package_identification:_identify(src/parameters) by extension 'ignore_ament_install'
[0.099s] Level 1:colcon.colcon_core.package_identification:_identify(src/parameters) by extensions ['colcon_pkg']
[0.099s] Level 1:colcon.colcon_core.package_identification:_identify(src/parameters) by extension 'colcon_pkg'
[0.099s] Level 1:colcon.colcon_core.package_identification:_identify(src/parameters) by extensions ['colcon_meta']
[0.099s] Level 1:colcon.colcon_core.package_identification:_identify(src/parameters) by extension 'colcon_meta'
[0.099s] Level 1:colcon.colcon_core.package_identification:_identify(src/parameters) by extensions ['ros']
[0.100s] Level 1:colcon.colcon_core.package_identification:_identify(src/parameters) by extension 'ros'
[0.100s] DEBUG:colcon.colcon_core.package_identification:Package 'src/parameters' with type 'ros.ament_cmake' and name 'parameters'
[0.100s] Level 1:colcon.colcon_core.package_identification:_identify(src/px4_msgs) by extensions ['ignore', 'ignore_ament_install']
[0.100s] Level 1:colcon.colcon_core.package_identification:_identify(src/px4_msgs) by extension 'ignore'
[0.100s] Level 1:colcon.colcon_core.package_identification:_identify(src/px4_msgs) by extension 'ignore_ament_install'
[0.100s] Level 1:colcon.colcon_core.package_identification:_identify(src/px4_msgs) by extensions ['colcon_pkg']
[0.100s] Level 1:colcon.colcon_core.package_identification:_identify(src/px4_msgs) by extension 'colcon_pkg'
[0.100s] Level 1:colcon.colcon_core.package_identification:_identify(src/px4_msgs) by extensions ['colcon_meta']
[0.100s] Level 1:colcon.colcon_core.package_identification:_identify(src/px4_msgs) by extension 'colcon_meta'
[0.100s] Level 1:colcon.colcon_core.package_identification:_identify(src/px4_msgs) by extensions ['ros']
[0.100s] Level 1:colcon.colcon_core.package_identification:_identify(src/px4_msgs) by extension 'ros'
[0.100s] DEBUG:colcon.colcon_core.package_identification:Package 'src/px4_msgs' with type 'ros.ament_cmake' and name 'px4_msgs'
[0.100s] Level 1:colcon.colcon_core.package_identification:_identify(src/px4_ros_com) by extensions ['ignore', 'ignore_ament_install']
[0.100s] Level 1:colcon.colcon_core.package_identification:_identify(src/px4_ros_com) by extension 'ignore'
[0.100s] Level 1:colcon.colcon_core.package_identification:_identify(src/px4_ros_com) by extension 'ignore_ament_install'
[0.100s] Level 1:colcon.colcon_core.package_identification:_identify(src/px4_ros_com) by extensions ['colcon_pkg']
[0.100s] Level 1:colcon.colcon_core.package_identification:_identify(src/px4_ros_com) by extension 'colcon_pkg'
[0.100s] Level 1:colcon.colcon_core.package_identification:_identify(src/px4_ros_com) by extensions ['colcon_meta']
[0.101s] Level 1:colcon.colcon_core.package_identification:_identify(src/px4_ros_com) by extension 'colcon_meta'
[0.101s] Level 1:colcon.colcon_core.package_identification:_identify(src/px4_ros_com) by extensions ['ros']
[0.101s] Level 1:colcon.colcon_core.package_identification:_identify(src/px4_ros_com) by extension 'ros'
[0.101s] DEBUG:colcon.colcon_core.package_identification:Package 'src/px4_ros_com' with type 'ros.ament_cmake' and name 'px4_ros_com'
[0.101s] Level 1:colcon.colcon_core.package_identification:_identify(src/stigmergy) by extensions ['ignore', 'ignore_ament_install']
[0.101s] Level 1:colcon.colcon_core.package_identification:_identify(src/stigmergy) by extension 'ignore'
[0.101s] Level 1:colcon.colcon_core.package_identification:_identify(src/stigmergy) by extension 'ignore_ament_install'
[0.101s] Level 1:colcon.colcon_core.package_identification:_identify(src/stigmergy) by extensions ['colcon_pkg']
[0.101s] Level 1:colcon.colcon_core.package_identification:_identify(src/stigmergy) by extension 'colcon_pkg'
[0.101s] Level 1:colcon.colcon_core.package_identification:_identify(src/stigmergy) by extensions ['colcon_meta']
[0.101s] Level 1:colcon.colcon_core.package_identification:_identify(src/stigmergy) by extension 'colcon_meta'
[0.101s] Level 1:colcon.colcon_core.package_identification:_identify(src/stigmergy) by extensions ['ros']
[0.102s] Level 1:colcon.colcon_core.package_identification:_identify(src/stigmergy) by extension 'ros'
[0.102s] DEBUG:colcon.colcon_core.package_identification:Package 'src/stigmergy' with type 'ros.ament_cmake' and name 'stigmergy'
[0.102s] Level 1:colcon.colcon_core.package_identification:_identify(src/stigmergy_map) by extensions ['ignore', 'ignore_ament_install']
[0.102s] Level 1:colcon.colcon_core.package_identification:_identify(src/stigmergy_map) by extension 'ignore'
[0.102s] Level 1:colcon.colcon_core.package_identification:_identify(src/stigmergy_map) by extension 'ignore_ament_install'
[0.102s] Level 1:colcon.colcon_core.package_identification:_identify(src/stigmergy_map) by extensions ['colcon_pkg']
[0.102s] Level 1:colcon.colcon_core.package_identification:_identify(src/stigmergy_map) by extension 'colcon_pkg'
[0.102s] Level 1:colcon.colcon_core.package_identification:_identify(src/stigmergy_map) by extensions ['colcon_meta']
[0.102s] Level 1:colcon.colcon_core.package_identification:_identify(src/stigmergy_map) by extension 'colcon_meta'
[0.102s] Level 1:colcon.colcon_core.package_identification:_identify(src/stigmergy_map) by extensions ['ros']
[0.102s] Level 1:colcon.colcon_core.package_identification:_identify(src/stigmergy_map) by extension 'ros'
[0.102s] DEBUG:colcon.colcon_core.package_identification:Package 'src/stigmergy_map' with type 'ros.ament_cmake' and name 'stigmergy_map'
[0.103s] Level 1:colcon.colcon_core.package_identification:_identify(src/target_detection) by extensions ['ignore', 'ignore_ament_install']
[0.103s] Level 1:colcon.colcon_core.package_identification:_identify(src/target_detection) by extension 'ignore'
[0.103s] Level 1:colcon.colcon_core.package_identification:_identify(src/target_detection) by extension 'ignore_ament_install'
[0.103s] Level 1:colcon.colcon_core.package_identification:_identify(src/target_detection) by extensions ['colcon_pkg']
[0.103s] Level 1:colcon.colcon_core.package_identification:_identify(src/target_detection) by extension 'colcon_pkg'
[0.103s] Level 1:colcon.colcon_core.package_identification:_identify(src/target_detection) by extensions ['colcon_meta']
[0.103s] Level 1:colcon.colcon_core.package_identification:_identify(src/target_detection) by extension 'colcon_meta'
[0.103s] Level 1:colcon.colcon_core.package_identification:_identify(src/target_detection) by extensions ['ros']
[0.103s] Level 1:colcon.colcon_core.package_identification:_identify(src/target_detection) by extension 'ros'
[0.103s] DEBUG:colcon.colcon_core.package_identification:Package 'src/target_detection' with type 'ros.ament_cmake' and name 'target_detection'
[0.103s] Level 1:colcon.colcon_core.package_identification:_identify(src/uxv) by extensions ['ignore', 'ignore_ament_install']
[0.103s] Level 1:colcon.colcon_core.package_identification:_identify(src/uxv) by extension 'ignore'
[0.103s] Level 1:colcon.colcon_core.package_identification:_identify(src/uxv) by extension 'ignore_ament_install'
[0.103s] Level 1:colcon.colcon_core.package_identification:_identify(src/uxv) by extensions ['colcon_pkg']
[0.103s] Level 1:colcon.colcon_core.package_identification:_identify(src/uxv) by extension 'colcon_pkg'
[0.103s] Level 1:colcon.colcon_core.package_identification:_identify(src/uxv) by extensions ['colcon_meta']
[0.103s] Level 1:colcon.colcon_core.package_identification:_identify(src/uxv) by extension 'colcon_meta'
[0.103s] Level 1:colcon.colcon_core.package_identification:_identify(src/uxv) by extensions ['ros']
[0.103s] Level 1:colcon.colcon_core.package_identification:_identify(src/uxv) by extension 'ros'
[0.104s] DEBUG:colcon.colcon_core.package_identification:Package 'src/uxv' with type 'ros.ament_cmake' and name 'uxv'
[0.104s] Level 1:colcon.colcon_core.package_discovery:discover_packages(recursive) using defaults
[0.104s] Level 1:colcon.colcon_core.package_discovery:discover_packages(ignore) discover
[0.104s] Level 1:colcon.colcon_core.package_discovery:discover_packages(ignore) using defaults
[0.104s] Level 1:colcon.colcon_core.package_discovery:discover_packages(path) discover
[0.104s] Level 1:colcon.colcon_core.package_discovery:discover_packages(path) using defaults
[0.116s] INFO:colcon.colcon_core.package_selection:Skipping not selected package 'base_station' in 'src/base_station'
[0.117s] INFO:colcon.colcon_core.package_selection:Skipping not selected package 'fdds_messages' in 'src/fdds_messages'
[0.117s] INFO:colcon.colcon_core.package_selection:Skipping not selected package 'flocking' in 'src/flocking'
[0.117s] INFO:colcon.colcon_core.package_selection:Skipping not selected package 'parameters' in 'src/parameters'
[0.117s] INFO:colcon.colcon_core.package_selection:Skipping not selected package 'px4_msgs' in 'src/px4_msgs'
[0.117s] INFO:colcon.colcon_core.package_selection:Skipping not selected package 'stigmergy' in 'src/stigmergy'
[0.117s] INFO:colcon.colcon_core.package_selection:Skipping not selected package 'stigmergy_map' in 'src/stigmergy_map'
[0.117s] INFO:colcon.colcon_core.package_selection:Skipping not selected package 'uxv' in 'src/uxv'
[0.117s] INFO:colcon.colcon_core.package_selection:Skipping not selected package 'iris-logger' in 'src/iris-logger'
[0.117s] INFO:colcon.colcon_core.package_selection:Skipping not selected package 'logging' in 'src/logging'
[0.117s] INFO:colcon.colcon_core.package_selection:Skipping not selected package 'obstacle_avoidance' in 'src/obstacle_avoidance'
[0.117s] INFO:colcon.colcon_core.package_selection:Skipping not selected package 'px4_ros_com' in 'src/px4_ros_com'
[0.117s] INFO:colcon.colcon_core.package_selection:Skipping not selected package 'boids' in 'src/boids'
[0.117s] Level 1:colcon.colcon_core.package_discovery:discover_packages(prefix_path) check parameters
[0.117s] Level 1:colcon.colcon_core.package_discovery:discover_packages(prefix_path) discover
[0.118s] DEBUG:colcon.colcon_installed_package_information.package_discovery:Found 10 installed packages in /home/fourdds/ros2_ws/install
[0.119s] DEBUG:colcon.colcon_installed_package_information.package_discovery:Found 290 installed packages in /opt/ros/humble
[0.120s] Level 1:colcon.colcon_core.package_discovery:discover_packages(prefix_path) using defaults
[0.142s] Level 5:colcon.colcon_core.verb:set package 'target_detection' build argument 'cmake_args' from command line to 'None'
[0.142s] Level 5:colcon.colcon_core.verb:set package 'target_detection' build argument 'cmake_target' from command line to 'None'
[0.142s] Level 5:colcon.colcon_core.verb:set package 'target_detection' build argument 'cmake_target_skip_unavailable' from command line to 'False'
[0.142s] Level 5:colcon.colcon_core.verb:set package 'target_detection' build argument 'cmake_clean_cache' from command line to 'False'
[0.142s] Level 5:colcon.colcon_core.verb:set package 'target_detection' build argument 'cmake_clean_first' from command line to 'False'
[0.142s] Level 5:colcon.colcon_core.verb:set package 'target_detection' build argument 'cmake_force_configure' from command line to 'False'
[0.142s] Level 5:colcon.colcon_core.verb:set package 'target_detection' build argument 'ament_cmake_args' from command line to 'None'
[0.142s] Level 5:colcon.colcon_core.verb:set package 'target_detection' build argument 'catkin_cmake_args' from command line to 'None'
[0.142s] Level 5:colcon.colcon_core.verb:set package 'target_detection' build argument 'catkin_skip_building_tests' from command line to 'False'
[0.142s] DEBUG:colcon.colcon_core.verb:Building package 'target_detection' with the following arguments: {'ament_cmake_args': None, 'build_base': '/home/fourdds/ros2_ws/build/target_detection', 'catkin_cmake_args': None, 'catkin_skip_building_tests': False, 'cmake_args': None, 'cmake_clean_cache': False, 'cmake_clean_first': False, 'cmake_force_configure': False, 'cmake_target': None, 'cmake_target_skip_unavailable': False, 'install_base': '/home/fourdds/ros2_ws/install/target_detection', 'merge_install': False, 'path': '/home/fourdds/ros2_ws/src/target_detection', 'symlink_install': False, 'test_result_base': None}
[0.142s] INFO:colcon.colcon_core.executor:Executing jobs using 'parallel' executor
[0.143s] DEBUG:colcon.colcon_parallel_executor.executor.parallel:run_until_complete
[0.143s] INFO:colcon.colcon_ros.task.ament_cmake.build:Building ROS package in '/home/fourdds/ros2_ws/src/target_detection' with build type 'ament_cmake'
[0.143s] INFO:colcon.colcon_cmake.task.cmake.build:Building CMake package in '/home/fourdds/ros2_ws/src/target_detection'
[0.145s] INFO:colcon.colcon_core.plugin_system:Skipping extension 'colcon_core.shell.bat': Not used on non-Windows systems
[0.145s] INFO:colcon.colcon_core.shell:Skip shell extension 'powershell' for command environment: Not usable outside of PowerShell
[0.145s] DEBUG:colcon.colcon_core.shell:Skip shell extension 'dsv' for command environment
[0.151s] DEBUG:colcon.colcon_core.event_handler.log_command:Invoking command in '/home/fourdds/ros2_ws/build/target_detection': CMAKE_PREFIX_PATH=${CMAKE_PREFIX_PATH}:/opt/ros/humble /usr/bin/cmake --build /home/fourdds/ros2_ws/build/target_detection -- -j24 -l24
[4.433s] DEBUG:colcon.colcon_core.event_handler.log_command:Invoked command in '/home/fourdds/ros2_ws/build/target_detection' returned '0': CMAKE_PREFIX_PATH=${CMAKE_PREFIX_PATH}:/opt/ros/humble /usr/bin/cmake --build /home/fourdds/ros2_ws/build/target_detection -- -j24 -l24
[4.451s] DEBUG:colcon.colcon_core.event_handler.log_command:Invoking command in '/home/fourdds/ros2_ws/build/target_detection': CMAKE_PREFIX_PATH=${CMAKE_PREFIX_PATH}:/opt/ros/humble /usr/bin/cmake --install /home/fourdds/ros2_ws/build/target_detection
[4.457s] Level 1:colcon.colcon_core.environment:create_environment_scripts_only(target_detection)
[4.457s] DEBUG:colcon.colcon_core.event_handler.log_command:Invoked command in '/home/fourdds/ros2_ws/build/target_detection' returned '0': CMAKE_PREFIX_PATH=${CMAKE_PREFIX_PATH}:/opt/ros/humble /usr/bin/cmake --install /home/fourdds/ros2_ws/build/target_detection
[4.459s] Level 1:colcon.colcon_core.environment:checking '/home/fourdds/ros2_ws/install/target_detection' for CMake module files
[4.460s] Level 1:colcon.colcon_core.environment:checking '/home/fourdds/ros2_ws/install/target_detection' for CMake config files
[4.460s] Level 1:colcon.colcon_core.shell:create_environment_hook('target_detection', 'cmake_prefix_path')
[4.460s] INFO:colcon.colcon_core.shell:Creating environment hook '/home/fourdds/ros2_ws/install/target_detection/share/target_detection/hook/cmake_prefix_path.ps1'
[4.460s] INFO:colcon.colcon_core.shell:Creating environment descriptor '/home/fourdds/ros2_ws/install/target_detection/share/target_detection/hook/cmake_prefix_path.dsv'
[4.461s] INFO:colcon.colcon_core.shell:Creating environment hook '/home/fourdds/ros2_ws/install/target_detection/share/target_detection/hook/cmake_prefix_path.sh'
[4.461s] Level 1:colcon.colcon_core.environment:checking '/home/fourdds/ros2_ws/install/target_detection/lib'
[4.461s] Level 1:colcon.colcon_core.environment:checking '/home/fourdds/ros2_ws/install/target_detection/bin'
[4.461s] Level 1:colcon.colcon_core.environment:checking '/home/fourdds/ros2_ws/install/target_detection/lib/pkgconfig/target_detection.pc'
[4.462s] Level 1:colcon.colcon_core.environment:checking '/home/fourdds/ros2_ws/install/target_detection/lib/python3.10/site-packages'
[4.462s] Level 1:colcon.colcon_core.environment:checking '/home/fourdds/ros2_ws/install/target_detection/bin'
[4.462s] INFO:colcon.colcon_core.shell:Creating package script '/home/fourdds/ros2_ws/install/target_detection/share/target_detection/package.ps1'
[4.462s] INFO:colcon.colcon_core.shell:Creating package descriptor '/home/fourdds/ros2_ws/install/target_detection/share/target_detection/package.dsv'
[4.463s] INFO:colcon.colcon_core.shell:Creating package script '/home/fourdds/ros2_ws/install/target_detection/share/target_detection/package.sh'
[4.463s] INFO:colcon.colcon_core.shell:Creating package script '/home/fourdds/ros2_ws/install/target_detection/share/target_detection/package.bash'
[4.463s] INFO:colcon.colcon_core.shell:Creating package script '/home/fourdds/ros2_ws/install/target_detection/share/target_detection/package.zsh'
[4.464s] Level 1:colcon.colcon_core.environment:create_file_with_runtime_dependencies(/home/fourdds/ros2_ws/install/target_detection/share/colcon-core/packages/target_detection)
[4.477s] Level 1:colcon.colcon_core.environment:create_environment_scripts_only(target_detection)
[4.477s] Level 1:colcon.colcon_core.environment:checking '/home/fourdds/ros2_ws/install/target_detection' for CMake module files
[4.477s] Level 1:colcon.colcon_core.environment:checking '/home/fourdds/ros2_ws/install/target_detection' for CMake config files
[4.477s] Level 1:colcon.colcon_core.shell:create_environment_hook('target_detection', 'cmake_prefix_path')
[4.478s] INFO:colcon.colcon_core.shell:Creating environment hook '/home/fourdds/ros2_ws/install/target_detection/share/target_detection/hook/cmake_prefix_path.ps1'
[4.478s] INFO:colcon.colcon_core.shell:Creating environment descriptor '/home/fourdds/ros2_ws/install/target_detection/share/target_detection/hook/cmake_prefix_path.dsv'
[4.478s] INFO:colcon.colcon_core.shell:Creating environment hook '/home/fourdds/ros2_ws/install/target_detection/share/target_detection/hook/cmake_prefix_path.sh'
[4.478s] Level 1:colcon.colcon_core.environment:checking '/home/fourdds/ros2_ws/install/target_detection/lib'
[4.478s] Level 1:colcon.colcon_core.environment:checking '/home/fourdds/ros2_ws/install/target_detection/bin'
[4.478s] Level 1:colcon.colcon_core.environment:checking '/home/fourdds/ros2_ws/install/target_detection/lib/pkgconfig/target_detection.pc'
[4.479s] Level 1:colcon.colcon_core.environment:checking '/home/fourdds/ros2_ws/install/target_detection/lib/python3.10/site-packages'
[4.479s] Level 1:colcon.colcon_core.environment:checking '/home/fourdds/ros2_ws/install/target_detection/bin'
[4.479s] INFO:colcon.colcon_core.shell:Creating package script '/home/fourdds/ros2_ws/install/target_detection/share/target_detection/package.ps1'
[4.479s] INFO:colcon.colcon_core.shell:Creating package descriptor '/home/fourdds/ros2_ws/install/target_detection/share/target_detection/package.dsv'
[4.479s] INFO:colcon.colcon_core.shell:Creating package script '/home/fourdds/ros2_ws/install/target_detection/share/target_detection/package.sh'
[4.480s] INFO:colcon.colcon_core.shell:Creating package script '/home/fourdds/ros2_ws/install/target_detection/share/target_detection/package.bash'
[4.480s] INFO:colcon.colcon_core.shell:Creating package script '/home/fourdds/ros2_ws/install/target_detection/share/target_detection/package.zsh'
[4.480s] Level 1:colcon.colcon_core.environment:create_file_with_runtime_dependencies(/home/fourdds/ros2_ws/install/target_detection/share/colcon-core/packages/target_detection)
[4.480s] DEBUG:colcon.colcon_parallel_executor.executor.parallel:closing loop
[4.481s] DEBUG:colcon.colcon_parallel_executor.executor.parallel:loop closed
[4.481s] DEBUG:colcon.colcon_parallel_executor.executor.parallel:run_until_complete finished with '0'
[4.481s] DEBUG:colcon.colcon_core.event_reactor:joining thread
[4.484s] INFO:colcon.colcon_core.plugin_system:Skipping extension 'colcon_notification.desktop_notification.notify_send': Could not find 'notify-send'
[4.484s] INFO:colcon.colcon_core.plugin_system:Skipping extension 'colcon_notification.desktop_notification.terminal_notifier': Not used on non-Darwin systems
[4.484s] INFO:colcon.colcon_core.plugin_system:Skipping extension 'colcon_notification.desktop_notification.win32': Not used on non-Windows systems
[4.484s] INFO:colcon.colcon_notification.desktop_notification:Sending desktop notification using 'notify2'
[4.484s] DEBUG:colcon.colcon_notification.desktop_notification.notify2:Failed to initialize notify2: org.freedesktop.DBus.Error.FileNotFound: Failed to connect to socket /run/user/0/bus: No such file or directory
[4.484s] DEBUG:colcon.colcon_core.event_reactor:joined thread
[4.484s] INFO:colcon.colcon_core.shell:Creating prefix script '/home/fourdds/ros2_ws/install/local_setup.ps1'
[4.484s] INFO:colcon.colcon_core.shell:Creating prefix util module '/home/fourdds/ros2_ws/install/_local_setup_util_ps1.py'
[4.485s] INFO:colcon.colcon_core.shell:Creating prefix chain script '/home/fourdds/ros2_ws/install/setup.ps1'
[4.486s] INFO:colcon.colcon_core.shell:Creating prefix script '/home/fourdds/ros2_ws/install/local_setup.sh'
[4.486s] INFO:colcon.colcon_core.shell:Creating prefix util module '/home/fourdds/ros2_ws/install/_local_setup_util_sh.py'
[4.486s] INFO:colcon.colcon_core.shell:Creating prefix chain script '/home/fourdds/ros2_ws/install/setup.sh'
[4.487s] INFO:colcon.colcon_core.shell:Creating prefix script '/home/fourdds/ros2_ws/install/local_setup.bash'
[4.487s] INFO:colcon.colcon_core.shell:Creating prefix chain script '/home/fourdds/ros2_ws/install/setup.bash'
[4.488s] INFO:colcon.colcon_core.shell:Creating prefix script '/home/fourdds/ros2_ws/install/local_setup.zsh'
[4.488s] INFO:colcon.colcon_core.shell:Creating prefix chain script '/home/fourdds/ros2_ws/install/setup.zsh'
