[0.009s] Invoking command in '/home/fourdds/ros2_ws/build/iris-logger': CMAKE_PREFIX_PATH=/home/fourdds/ros2_ws/install/px4_msgs:/home/fourdds/ros2_ws/install/uuv_boids:/home/fourdds/ros2_ws/install/px4_ros_com:/home/fourdds/ros2_ws/install/iris-logger:/home/fourdds/ros2_ws/install/boids:/opt/ros/humble LD_LIBRARY_PATH=/home/fourdds/ros2_ws/install/px4_msgs/lib:/home/fourdds/ros2_ws/install/uuv_boids/lib:/home/fourdds/ros2_ws/install/px4_ros_com/lib:/home/fourdds/ros2_ws/install/boids/lib:/usr/lib/x86_64-linux-gnu/gazebo-11/plugins:/opt/ros/humble/opt/rviz_ogre_vendor/lib:/opt/ros/humble/lib/x86_64-linux-gnu:/opt/ros/humble/lib /usr/bin/cmake --build /home/fourdds/ros2_ws/build/iris-logger -- -j24 -l24
[0.028s] [35m[1mConsolidate compiler generated dependencies of target Logger[0m
[0.038s] [100%] Built target Logger
[0.044s] Invoked command in '/home/fourdds/ros2_ws/build/iris-logger' returned '0': CMAKE_PREFIX_PATH=/home/fourdds/ros2_ws/install/px4_msgs:/home/fourdds/ros2_ws/install/uuv_boids:/home/fourdds/ros2_ws/install/px4_ros_com:/home/fourdds/ros2_ws/install/iris-logger:/home/fourdds/ros2_ws/install/boids:/opt/ros/humble LD_LIBRARY_PATH=/home/fourdds/ros2_ws/install/px4_msgs/lib:/home/fourdds/ros2_ws/install/uuv_boids/lib:/home/fourdds/ros2_ws/install/px4_ros_com/lib:/home/fourdds/ros2_ws/install/boids/lib:/usr/lib/x86_64-linux-gnu/gazebo-11/plugins:/opt/ros/humble/opt/rviz_ogre_vendor/lib:/opt/ros/humble/lib/x86_64-linux-gnu:/opt/ros/humble/lib /usr/bin/cmake --build /home/fourdds/ros2_ws/build/iris-logger -- -j24 -l24
[0.061s] Invoking command in '/home/fourdds/ros2_ws/build/iris-logger': CMAKE_PREFIX_PATH=/home/fourdds/ros2_ws/install/px4_msgs:/home/fourdds/ros2_ws/install/uuv_boids:/home/fourdds/ros2_ws/install/px4_ros_com:/home/fourdds/ros2_ws/install/iris-logger:/home/fourdds/ros2_ws/install/boids:/opt/ros/humble LD_LIBRARY_PATH=/home/fourdds/ros2_ws/install/px4_msgs/lib:/home/fourdds/ros2_ws/install/uuv_boids/lib:/home/fourdds/ros2_ws/install/px4_ros_com/lib:/home/fourdds/ros2_ws/install/boids/lib:/usr/lib/x86_64-linux-gnu/gazebo-11/plugins:/opt/ros/humble/opt/rviz_ogre_vendor/lib:/opt/ros/humble/lib/x86_64-linux-gnu:/opt/ros/humble/lib /usr/bin/cmake --install /home/fourdds/ros2_ws/build/iris-logger
[0.064s] -- Install configuration: ""
[0.064s] -- Up-to-date: /home/fourdds/ros2_ws/install/iris-logger/lib/iris-logger/Logger
[0.064s] -- Up-to-date: /home/fourdds/ros2_ws/install/iris-logger/share/ament_index/resource_index/package_run_dependencies/iris-logger
[0.064s] -- Up-to-date: /home/fourdds/ros2_ws/install/iris-logger/share/ament_index/resource_index/parent_prefix_path/iris-logger
[0.065s] -- Up-to-date: /home/fourdds/ros2_ws/install/iris-logger/share/iris-logger/environment/ament_prefix_path.sh
[0.065s] -- Up-to-date: /home/fourdds/ros2_ws/install/iris-logger/share/iris-logger/environment/ament_prefix_path.dsv
[0.065s] -- Up-to-date: /home/fourdds/ros2_ws/install/iris-logger/share/iris-logger/environment/path.sh
[0.065s] -- Up-to-date: /home/fourdds/ros2_ws/install/iris-logger/share/iris-logger/environment/path.dsv
[0.065s] -- Up-to-date: /home/fourdds/ros2_ws/install/iris-logger/share/iris-logger/local_setup.bash
[0.065s] -- Up-to-date: /home/fourdds/ros2_ws/install/iris-logger/share/iris-logger/local_setup.sh
[0.065s] -- Up-to-date: /home/fourdds/ros2_ws/install/iris-logger/share/iris-logger/local_setup.zsh
[0.065s] -- Up-to-date: /home/fourdds/ros2_ws/install/iris-logger/share/iris-logger/local_setup.dsv
[0.065s] -- Installing: /home/fourdds/ros2_ws/install/iris-logger/share/iris-logger/package.dsv
[0.065s] -- Up-to-date: /home/fourdds/ros2_ws/install/iris-logger/share/ament_index/resource_index/packages/iris-logger
[0.065s] -- Up-to-date: /home/fourdds/ros2_ws/install/iris-logger/share/iris-logger/cmake/iris-loggerConfig.cmake
[0.065s] -- Up-to-date: /home/fourdds/ros2_ws/install/iris-logger/share/iris-logger/cmake/iris-loggerConfig-version.cmake
[0.065s] -- Up-to-date: /home/fourdds/ros2_ws/install/iris-logger/share/iris-logger/package.xml
[0.066s] Invoked command in '/home/fourdds/ros2_ws/build/iris-logger' returned '0': CMAKE_PREFIX_PATH=/home/fourdds/ros2_ws/install/px4_msgs:/home/fourdds/ros2_ws/install/uuv_boids:/home/fourdds/ros2_ws/install/px4_ros_com:/home/fourdds/ros2_ws/install/iris-logger:/home/fourdds/ros2_ws/install/boids:/opt/ros/humble LD_LIBRARY_PATH=/home/fourdds/ros2_ws/install/px4_msgs/lib:/home/fourdds/ros2_ws/install/uuv_boids/lib:/home/fourdds/ros2_ws/install/px4_ros_com/lib:/home/fourdds/ros2_ws/install/boids/lib:/usr/lib/x86_64-linux-gnu/gazebo-11/plugins:/opt/ros/humble/opt/rviz_ogre_vendor/lib:/opt/ros/humble/lib/x86_64-linux-gnu:/opt/ros/humble/lib /usr/bin/cmake --install /home/fourdds/ros2_ws/build/iris-logger
