[0.009s] Invoking command in '/home/fourdds/ros2_ws/build/uuv_boids': CMAKE_PREFIX_PATH=/home/fourdds/ros2_ws/install/px4_msgs:/home/fourdds/ros2_ws/install/uuv_boids:/home/fourdds/ros2_ws/install/px4_ros_com:/home/fourdds/ros2_ws/install/iris-logger:/home/fourdds/ros2_ws/install/boids:/opt/ros/humble LD_LIBRARY_PATH=/home/fourdds/ros2_ws/install/px4_msgs/lib:/home/fourdds/ros2_ws/install/uuv_boids/lib:/home/fourdds/ros2_ws/install/px4_ros_com/lib:/home/fourdds/ros2_ws/install/boids/lib:/usr/lib/x86_64-linux-gnu/gazebo-11/plugins:/opt/ros/humble/opt/rviz_ogre_vendor/lib:/opt/ros/humble/lib/x86_64-linux-gnu:/opt/ros/humble/lib /usr/bin/cmake --build /home/fourdds/ros2_ws/build/uuv_boids -- -j24 -l24
[0.032s] [35m[1mConsolidate compiler generated dependencies of target swarm_spawner[0m
[0.035s] [  8%] Built target uuv_boids__rosidl_generator_c
[0.035s] [ 10%] Built target uuv_boids__cpp
[0.036s] [ 15%] Built target frame_transforms
[0.040s] [ 15%] Built target ament_cmake_python_copy_uuv_boids
[0.046s] [ 32%] Built target uuv_boids__rosidl_typesupport_introspection_c
[0.046s] [ 32%] Built target uuv_boids__rosidl_typesupport_introspection_cpp
[0.047s] [ 41%] Built target uuv_boids__rosidl_typesupport_fastrtps_c
[0.047s] [ 50%] Built target uuv_boids__rosidl_typesupport_c
[0.047s] [ 58%] Built target uuv_boids__rosidl_typesupport_fastrtps_cpp
[0.048s] [ 67%] Built target uuv_boids__rosidl_typesupport_cpp
[0.048s] [ 69%] [32mBuilding CXX object CMakeFiles/swarm_spawner.dir/src/uav_node.cpp.o[0m
[0.059s] [ 69%] Built target uuv_boids
[0.068s] [ 71%] Built target uuv_boids__py
[0.081s] [ 78%] Built target uuv_boids__rosidl_generator_py
[0.094s] [ 91%] Built target uuv_boids__rosidl_typesupport_fastrtps_c__pyext
[0.094s] [ 91%] Built target uuv_boids__rosidl_typesupport_introspection_c__pyext
[0.094s] [ 91%] Built target uuv_boids__rosidl_typesupport_c__pyext
[0.147s] running egg_info
[0.155s] writing uuv_boids.egg-info/PKG-INFO
[0.155s] writing dependency_links to uuv_boids.egg-info/dependency_links.txt
[0.156s] writing top-level names to uuv_boids.egg-info/top_level.txt
[0.176s] reading manifest file 'uuv_boids.egg-info/SOURCES.txt'
[0.177s] writing manifest file 'uuv_boids.egg-info/SOURCES.txt'
[0.192s] [ 91%] Built target ament_cmake_python_build_uuv_boids_egg
[15.013s] [ 93%] [32m[1mLinking CXX executable swarm_spawner[0m
[15.202s] [100%] Built target swarm_spawner
[15.208s] Invoked command in '/home/fourdds/ros2_ws/build/uuv_boids' returned '0': CMAKE_PREFIX_PATH=/home/fourdds/ros2_ws/install/px4_msgs:/home/fourdds/ros2_ws/install/uuv_boids:/home/fourdds/ros2_ws/install/px4_ros_com:/home/fourdds/ros2_ws/install/iris-logger:/home/fourdds/ros2_ws/install/boids:/opt/ros/humble LD_LIBRARY_PATH=/home/fourdds/ros2_ws/install/px4_msgs/lib:/home/fourdds/ros2_ws/install/uuv_boids/lib:/home/fourdds/ros2_ws/install/px4_ros_com/lib:/home/fourdds/ros2_ws/install/boids/lib:/usr/lib/x86_64-linux-gnu/gazebo-11/plugins:/opt/ros/humble/opt/rviz_ogre_vendor/lib:/opt/ros/humble/lib/x86_64-linux-gnu:/opt/ros/humble/lib /usr/bin/cmake --build /home/fourdds/ros2_ws/build/uuv_boids -- -j24 -l24
[15.254s] Invoking command in '/home/fourdds/ros2_ws/build/uuv_boids': CMAKE_PREFIX_PATH=/home/fourdds/ros2_ws/install/px4_msgs:/home/fourdds/ros2_ws/install/uuv_boids:/home/fourdds/ros2_ws/install/px4_ros_com:/home/fourdds/ros2_ws/install/iris-logger:/home/fourdds/ros2_ws/install/boids:/opt/ros/humble LD_LIBRARY_PATH=/home/fourdds/ros2_ws/install/px4_msgs/lib:/home/fourdds/ros2_ws/install/uuv_boids/lib:/home/fourdds/ros2_ws/install/px4_ros_com/lib:/home/fourdds/ros2_ws/install/boids/lib:/usr/lib/x86_64-linux-gnu/gazebo-11/plugins:/opt/ros/humble/opt/rviz_ogre_vendor/lib:/opt/ros/humble/lib/x86_64-linux-gnu:/opt/ros/humble/lib /usr/bin/cmake --install /home/fourdds/ros2_ws/build/uuv_boids
[15.259s] -- Install configuration: ""
[15.259s] -- Up-to-date: /home/fourdds/ros2_ws/install/uuv_boids/share/ament_index/resource_index/rosidl_interfaces/uuv_boids
[15.259s] -- Up-to-date: /home/fourdds/ros2_ws/install/uuv_boids/include/uuv_boids/uuv_boids
[15.259s] -- Up-to-date: /home/fourdds/ros2_ws/install/uuv_boids/include/uuv_boids/uuv_boids/msg
[15.259s] -- Up-to-date: /home/fourdds/ros2_ws/install/uuv_boids/include/uuv_boids/uuv_boids/msg/rosidl_generator_c__visibility_control.h
[15.259s] -- Up-to-date: /home/fourdds/ros2_ws/install/uuv_boids/include/uuv_boids/uuv_boids/msg/detail
[15.259s] -- Up-to-date: /home/fourdds/ros2_ws/install/uuv_boids/include/uuv_boids/uuv_boids/msg/detail/flocking__functions.c
[15.259s] -- Up-to-date: /home/fourdds/ros2_ws/install/uuv_boids/include/uuv_boids/uuv_boids/msg/detail/geo_ping__type_support.h
[15.260s] -- Up-to-date: /home/fourdds/ros2_ws/install/uuv_boids/include/uuv_boids/uuv_boids/msg/detail/geo_ping__functions.c
[15.260s] -- Up-to-date: /home/fourdds/ros2_ws/install/uuv_boids/include/uuv_boids/uuv_boids/msg/detail/flocking__functions.h
[15.260s] -- Up-to-date: /home/fourdds/ros2_ws/install/uuv_boids/include/uuv_boids/uuv_boids/msg/detail/flocking__struct.h
[15.260s] -- Up-to-date: /home/fourdds/ros2_ws/install/uuv_boids/include/uuv_boids/uuv_boids/msg/detail/flocking__type_support.h
[15.260s] -- Up-to-date: /home/fourdds/ros2_ws/install/uuv_boids/include/uuv_boids/uuv_boids/msg/detail/geo_ping__struct.h
[15.260s] -- Up-to-date: /home/fourdds/ros2_ws/install/uuv_boids/include/uuv_boids/uuv_boids/msg/detail/geo_ping__functions.h
[15.260s] -- Up-to-date: /home/fourdds/ros2_ws/install/uuv_boids/include/uuv_boids/uuv_boids/msg/geo_ping.h
[15.260s] -- Up-to-date: /home/fourdds/ros2_ws/install/uuv_boids/include/uuv_boids/uuv_boids/msg/flocking.h
[15.260s] -- Up-to-date: /home/fourdds/ros2_ws/install/uuv_boids/share/uuv_boids/environment/library_path.sh
[15.260s] -- Up-to-date: /home/fourdds/ros2_ws/install/uuv_boids/share/uuv_boids/environment/library_path.dsv
[15.260s] -- Up-to-date: /home/fourdds/ros2_ws/install/uuv_boids/lib/libuuv_boids__rosidl_generator_c.so
[15.260s] -- Up-to-date: /home/fourdds/ros2_ws/install/uuv_boids/include/uuv_boids/uuv_boids
[15.261s] -- Up-to-date: /home/fourdds/ros2_ws/install/uuv_boids/include/uuv_boids/uuv_boids/msg
[15.261s] -- Up-to-date: /home/fourdds/ros2_ws/install/uuv_boids/include/uuv_boids/uuv_boids/msg/detail
[15.261s] -- Up-to-date: /home/fourdds/ros2_ws/install/uuv_boids/include/uuv_boids/uuv_boids/msg/detail/geo_ping__rosidl_typesupport_fastrtps_c.h
[15.261s] -- Up-to-date: /home/fourdds/ros2_ws/install/uuv_boids/include/uuv_boids/uuv_boids/msg/detail/flocking__rosidl_typesupport_fastrtps_c.h
[15.261s] -- Up-to-date: /home/fourdds/ros2_ws/install/uuv_boids/include/uuv_boids/uuv_boids/msg/rosidl_typesupport_fastrtps_c__visibility_control.h
[15.261s] -- Up-to-date: /home/fourdds/ros2_ws/install/uuv_boids/lib/libuuv_boids__rosidl_typesupport_fastrtps_c.so
[15.261s] -- Up-to-date: /home/fourdds/ros2_ws/install/uuv_boids/include/uuv_boids/uuv_boids
[15.261s] -- Up-to-date: /home/fourdds/ros2_ws/install/uuv_boids/include/uuv_boids/uuv_boids/msg
[15.261s] -- Up-to-date: /home/fourdds/ros2_ws/install/uuv_boids/include/uuv_boids/uuv_boids/msg/geo_ping.hpp
[15.261s] -- Up-to-date: /home/fourdds/ros2_ws/install/uuv_boids/include/uuv_boids/uuv_boids/msg/detail
[15.261s] -- Up-to-date: /home/fourdds/ros2_ws/install/uuv_boids/include/uuv_boids/uuv_boids/msg/detail/flocking__builder.hpp
[15.261s] -- Up-to-date: /home/fourdds/ros2_ws/install/uuv_boids/include/uuv_boids/uuv_boids/msg/detail/geo_ping__traits.hpp
[15.261s] -- Up-to-date: /home/fourdds/ros2_ws/install/uuv_boids/include/uuv_boids/uuv_boids/msg/detail/flocking__traits.hpp
[15.261s] -- Up-to-date: /home/fourdds/ros2_ws/install/uuv_boids/include/uuv_boids/uuv_boids/msg/detail/geo_ping__builder.hpp
[15.261s] -- Up-to-date: /home/fourdds/ros2_ws/install/uuv_boids/include/uuv_boids/uuv_boids/msg/detail/flocking__struct.hpp
[15.261s] -- Up-to-date: /home/fourdds/ros2_ws/install/uuv_boids/include/uuv_boids/uuv_boids/msg/detail/geo_ping__struct.hpp
[15.261s] -- Up-to-date: /home/fourdds/ros2_ws/install/uuv_boids/include/uuv_boids/uuv_boids/msg/flocking.hpp
[15.261s] -- Up-to-date: /home/fourdds/ros2_ws/install/uuv_boids/include/uuv_boids/uuv_boids
[15.261s] -- Up-to-date: /home/fourdds/ros2_ws/install/uuv_boids/include/uuv_boids/uuv_boids/msg
[15.261s] -- Up-to-date: /home/fourdds/ros2_ws/install/uuv_boids/include/uuv_boids/uuv_boids/msg/detail
[15.261s] -- Up-to-date: /home/fourdds/ros2_ws/install/uuv_boids/include/uuv_boids/uuv_boids/msg/detail/flocking__rosidl_typesupport_fastrtps_cpp.hpp
[15.261s] -- Up-to-date: /home/fourdds/ros2_ws/install/uuv_boids/include/uuv_boids/uuv_boids/msg/detail/geo_ping__rosidl_typesupport_fastrtps_cpp.hpp
[15.262s] -- Up-to-date: /home/fourdds/ros2_ws/install/uuv_boids/include/uuv_boids/uuv_boids/msg/detail/dds_fastrtps
[15.262s] -- Up-to-date: /home/fourdds/ros2_ws/install/uuv_boids/include/uuv_boids/uuv_boids/msg/rosidl_typesupport_fastrtps_cpp__visibility_control.h
[15.262s] -- Up-to-date: /home/fourdds/ros2_ws/install/uuv_boids/lib/libuuv_boids__rosidl_typesupport_fastrtps_cpp.so
[15.262s] -- Up-to-date: /home/fourdds/ros2_ws/install/uuv_boids/include/uuv_boids/uuv_boids
[15.262s] -- Up-to-date: /home/fourdds/ros2_ws/install/uuv_boids/include/uuv_boids/uuv_boids/msg
[15.262s] -- Up-to-date: /home/fourdds/ros2_ws/install/uuv_boids/include/uuv_boids/uuv_boids/msg/detail
[15.262s] -- Up-to-date: /home/fourdds/ros2_ws/install/uuv_boids/include/uuv_boids/uuv_boids/msg/detail/geo_ping__rosidl_typesupport_introspection_c.h
[15.262s] -- Up-to-date: /home/fourdds/ros2_ws/install/uuv_boids/include/uuv_boids/uuv_boids/msg/detail/geo_ping__type_support.c
[15.262s] -- Up-to-date: /home/fourdds/ros2_ws/install/uuv_boids/include/uuv_boids/uuv_boids/msg/detail/flocking__type_support.c
[15.262s] -- Up-to-date: /home/fourdds/ros2_ws/install/uuv_boids/include/uuv_boids/uuv_boids/msg/detail/flocking__rosidl_typesupport_introspection_c.h
[15.262s] -- Up-to-date: /home/fourdds/ros2_ws/install/uuv_boids/include/uuv_boids/uuv_boids/msg/rosidl_typesupport_introspection_c__visibility_control.h
[15.262s] -- Up-to-date: /home/fourdds/ros2_ws/install/uuv_boids/lib/libuuv_boids__rosidl_typesupport_introspection_c.so
[15.262s] -- Up-to-date: /home/fourdds/ros2_ws/install/uuv_boids/lib/libuuv_boids__rosidl_typesupport_c.so
[15.262s] -- Up-to-date: /home/fourdds/ros2_ws/install/uuv_boids/include/uuv_boids/uuv_boids
[15.262s] -- Up-to-date: /home/fourdds/ros2_ws/install/uuv_boids/include/uuv_boids/uuv_boids/msg
[15.262s] -- Up-to-date: /home/fourdds/ros2_ws/install/uuv_boids/include/uuv_boids/uuv_boids/msg/detail
[15.262s] -- Up-to-date: /home/fourdds/ros2_ws/install/uuv_boids/include/uuv_boids/uuv_boids/msg/detail/geo_ping__type_support.cpp
[15.262s] -- Up-to-date: /home/fourdds/ros2_ws/install/uuv_boids/include/uuv_boids/uuv_boids/msg/detail/flocking__rosidl_typesupport_introspection_cpp.hpp
[15.262s] -- Up-to-date: /home/fourdds/ros2_ws/install/uuv_boids/include/uuv_boids/uuv_boids/msg/detail/geo_ping__rosidl_typesupport_introspection_cpp.hpp
[15.262s] -- Up-to-date: /home/fourdds/ros2_ws/install/uuv_boids/include/uuv_boids/uuv_boids/msg/detail/flocking__type_support.cpp
[15.262s] -- Up-to-date: /home/fourdds/ros2_ws/install/uuv_boids/lib/libuuv_boids__rosidl_typesupport_introspection_cpp.so
[15.262s] -- Up-to-date: /home/fourdds/ros2_ws/install/uuv_boids/lib/libuuv_boids__rosidl_typesupport_cpp.so
[15.262s] -- Up-to-date: /home/fourdds/ros2_ws/install/uuv_boids/share/uuv_boids/environment/pythonpath.sh
[15.262s] -- Up-to-date: /home/fourdds/ros2_ws/install/uuv_boids/share/uuv_boids/environment/pythonpath.dsv
[15.262s] -- Up-to-date: /home/fourdds/ros2_ws/install/uuv_boids/local/lib/python3.10/dist-packages/uuv_boids-0.0.0-py3.10.egg-info
[15.262s] -- Installing: /home/fourdds/ros2_ws/install/uuv_boids/local/lib/python3.10/dist-packages/uuv_boids-0.0.0-py3.10.egg-info/dependency_links.txt
[15.262s] -- Installing: /home/fourdds/ros2_ws/install/uuv_boids/local/lib/python3.10/dist-packages/uuv_boids-0.0.0-py3.10.egg-info/SOURCES.txt
[15.262s] -- Installing: /home/fourdds/ros2_ws/install/uuv_boids/local/lib/python3.10/dist-packages/uuv_boids-0.0.0-py3.10.egg-info/PKG-INFO
[15.262s] -- Installing: /home/fourdds/ros2_ws/install/uuv_boids/local/lib/python3.10/dist-packages/uuv_boids-0.0.0-py3.10.egg-info/top_level.txt
[15.262s] -- Up-to-date: /home/fourdds/ros2_ws/install/uuv_boids/local/lib/python3.10/dist-packages/uuv_boids
[15.262s] -- Up-to-date: /home/fourdds/ros2_ws/install/uuv_boids/local/lib/python3.10/dist-packages/uuv_boids/_uuv_boids_s.ep.rosidl_typesupport_c.c
[15.262s] -- Up-to-date: /home/fourdds/ros2_ws/install/uuv_boids/local/lib/python3.10/dist-packages/uuv_boids/libuuv_boids__rosidl_generator_py.so
[15.262s] -- Up-to-date: /home/fourdds/ros2_ws/install/uuv_boids/local/lib/python3.10/dist-packages/uuv_boids/uuv_boids_s__rosidl_typesupport_c.cpython-310-x86_64-linux-gnu.so
[15.262s] -- Up-to-date: /home/fourdds/ros2_ws/install/uuv_boids/local/lib/python3.10/dist-packages/uuv_boids/msg
[15.262s] -- Up-to-date: /home/fourdds/ros2_ws/install/uuv_boids/local/lib/python3.10/dist-packages/uuv_boids/msg/_flocking.py
[15.262s] -- Up-to-date: /home/fourdds/ros2_ws/install/uuv_boids/local/lib/python3.10/dist-packages/uuv_boids/msg/_geo_ping_s.c
[15.262s] -- Up-to-date: /home/fourdds/ros2_ws/install/uuv_boids/local/lib/python3.10/dist-packages/uuv_boids/msg/_flocking_s.c
[15.262s] -- Up-to-date: /home/fourdds/ros2_ws/install/uuv_boids/local/lib/python3.10/dist-packages/uuv_boids/msg/_geo_ping.py
[15.262s] -- Up-to-date: /home/fourdds/ros2_ws/install/uuv_boids/local/lib/python3.10/dist-packages/uuv_boids/msg/__init__.py
[15.262s] -- Up-to-date: /home/fourdds/ros2_ws/install/uuv_boids/local/lib/python3.10/dist-packages/uuv_boids/_uuv_boids_s.ep.rosidl_typesupport_introspection_c.c
[15.262s] -- Up-to-date: /home/fourdds/ros2_ws/install/uuv_boids/local/lib/python3.10/dist-packages/uuv_boids/uuv_boids_s__rosidl_typesupport_introspection_c.cpython-310-x86_64-linux-gnu.so
[15.262s] -- Up-to-date: /home/fourdds/ros2_ws/install/uuv_boids/local/lib/python3.10/dist-packages/uuv_boids/_uuv_boids_s.ep.rosidl_typesupport_fastrtps_c.c
[15.262s] -- Up-to-date: /home/fourdds/ros2_ws/install/uuv_boids/local/lib/python3.10/dist-packages/uuv_boids/uuv_boids_s__rosidl_typesupport_fastrtps_c.cpython-310-x86_64-linux-gnu.so
[15.262s] -- Up-to-date: /home/fourdds/ros2_ws/install/uuv_boids/local/lib/python3.10/dist-packages/uuv_boids/__init__.py
[15.281s] Listing '/home/fourdds/ros2_ws/install/uuv_boids/local/lib/python3.10/dist-packages/uuv_boids'...
[15.281s] Listing '/home/fourdds/ros2_ws/install/uuv_boids/local/lib/python3.10/dist-packages/uuv_boids/msg'...
[15.283s] -- Up-to-date: /home/fourdds/ros2_ws/install/uuv_boids/local/lib/python3.10/dist-packages/uuv_boids/uuv_boids_s__rosidl_typesupport_fastrtps_c.cpython-310-x86_64-linux-gnu.so
[15.283s] -- Up-to-date: /home/fourdds/ros2_ws/install/uuv_boids/local/lib/python3.10/dist-packages/uuv_boids/uuv_boids_s__rosidl_typesupport_introspection_c.cpython-310-x86_64-linux-gnu.so
[15.284s] -- Up-to-date: /home/fourdds/ros2_ws/install/uuv_boids/local/lib/python3.10/dist-packages/uuv_boids/uuv_boids_s__rosidl_typesupport_c.cpython-310-x86_64-linux-gnu.so
[15.284s] -- Up-to-date: /home/fourdds/ros2_ws/install/uuv_boids/lib/libuuv_boids__rosidl_generator_py.so
[15.284s] -- Up-to-date: /home/fourdds/ros2_ws/install/uuv_boids/share/uuv_boids/msg/GeoPing.idl
[15.284s] -- Up-to-date: /home/fourdds/ros2_ws/install/uuv_boids/share/uuv_boids/msg/Flocking.idl
[15.284s] -- Up-to-date: /home/fourdds/ros2_ws/install/uuv_boids/share/uuv_boids/msg/GeoPing.msg
[15.284s] -- Up-to-date: /home/fourdds/ros2_ws/install/uuv_boids/share/uuv_boids/msg/Flocking.msg
[15.284s] -- Installing: /home/fourdds/ros2_ws/install/uuv_boids/lib/uuv_boids/swarm_spawner
[15.286s] -- Set runtime path of "/home/fourdds/ros2_ws/install/uuv_boids/lib/uuv_boids/swarm_spawner" to ""
[15.286s] -- Up-to-date: /home/fourdds/ros2_ws/install/uuv_boids/include/uuv_boids
[15.286s] -- Up-to-date: /home/fourdds/ros2_ws/install/uuv_boids/include/uuv_boids/placeholder.txt:Zone.Identifier
[15.286s] -- Up-to-date: /home/fourdds/ros2_ws/install/uuv_boids/include/uuv_boids/placeholder.txt
[15.286s] -- Up-to-date: /home/fourdds/ros2_ws/install/uuv_boids/include/uuv_boids/placeholder.txt:Zone.Identifier:Zone.Identifier
[15.286s] -- Up-to-date: /home/fourdds/ros2_ws/install/uuv_boids/lib/libframe_transforms.so
[15.286s] -- Up-to-date: /home/fourdds/ros2_ws/install/uuv_boids/share/uuv_boids//launch
[15.286s] -- Up-to-date: /home/fourdds/ros2_ws/install/uuv_boids/share/uuv_boids//launch/boids.launch.py
[15.286s] -- Up-to-date: /home/fourdds/ros2_ws/install/uuv_boids/share/uuv_boids//test
[15.287s] -- Up-to-date: /home/fourdds/ros2_ws/install/uuv_boids/share/uuv_boids//test/placeholder.txt:Zone.Identifier
[15.287s] -- Up-to-date: /home/fourdds/ros2_ws/install/uuv_boids/share/uuv_boids//test/placeholder.txt
[15.287s] -- Up-to-date: /home/fourdds/ros2_ws/install/uuv_boids/share/uuv_boids//test/placeholder.txt:Zone.Identifier:Zone.Identifier
[15.287s] -- Up-to-date: /home/fourdds/ros2_ws/install/uuv_boids/share/ament_index/resource_index/package_run_dependencies/uuv_boids
[15.287s] -- Up-to-date: /home/fourdds/ros2_ws/install/uuv_boids/share/ament_index/resource_index/parent_prefix_path/uuv_boids
[15.287s] -- Up-to-date: /home/fourdds/ros2_ws/install/uuv_boids/share/uuv_boids/environment/ament_prefix_path.sh
[15.287s] -- Up-to-date: /home/fourdds/ros2_ws/install/uuv_boids/share/uuv_boids/environment/ament_prefix_path.dsv
[15.287s] -- Up-to-date: /home/fourdds/ros2_ws/install/uuv_boids/share/uuv_boids/environment/path.sh
[15.287s] -- Up-to-date: /home/fourdds/ros2_ws/install/uuv_boids/share/uuv_boids/environment/path.dsv
[15.287s] -- Up-to-date: /home/fourdds/ros2_ws/install/uuv_boids/share/uuv_boids/local_setup.bash
[15.287s] -- Up-to-date: /home/fourdds/ros2_ws/install/uuv_boids/share/uuv_boids/local_setup.sh
[15.287s] -- Up-to-date: /home/fourdds/ros2_ws/install/uuv_boids/share/uuv_boids/local_setup.zsh
[15.287s] -- Up-to-date: /home/fourdds/ros2_ws/install/uuv_boids/share/uuv_boids/local_setup.dsv
[15.287s] -- Installing: /home/fourdds/ros2_ws/install/uuv_boids/share/uuv_boids/package.dsv
[15.287s] -- Up-to-date: /home/fourdds/ros2_ws/install/uuv_boids/share/ament_index/resource_index/packages/uuv_boids
[15.287s] -- Up-to-date: /home/fourdds/ros2_ws/install/uuv_boids/share/uuv_boids/cmake/export_uuv_boids__rosidl_generator_cExport.cmake
[15.287s] -- Up-to-date: /home/fourdds/ros2_ws/install/uuv_boids/share/uuv_boids/cmake/export_uuv_boids__rosidl_generator_cExport-noconfig.cmake
[15.287s] -- Up-to-date: /home/fourdds/ros2_ws/install/uuv_boids/share/uuv_boids/cmake/export_uuv_boids__rosidl_typesupport_fastrtps_cExport.cmake
[15.287s] -- Up-to-date: /home/fourdds/ros2_ws/install/uuv_boids/share/uuv_boids/cmake/export_uuv_boids__rosidl_typesupport_fastrtps_cExport-noconfig.cmake
[15.287s] -- Up-to-date: /home/fourdds/ros2_ws/install/uuv_boids/share/uuv_boids/cmake/export_uuv_boids__rosidl_generator_cppExport.cmake
[15.287s] -- Up-to-date: /home/fourdds/ros2_ws/install/uuv_boids/share/uuv_boids/cmake/export_uuv_boids__rosidl_typesupport_fastrtps_cppExport.cmake
[15.287s] -- Up-to-date: /home/fourdds/ros2_ws/install/uuv_boids/share/uuv_boids/cmake/export_uuv_boids__rosidl_typesupport_fastrtps_cppExport-noconfig.cmake
[15.288s] -- Up-to-date: /home/fourdds/ros2_ws/install/uuv_boids/share/uuv_boids/cmake/uuv_boids__rosidl_typesupport_introspection_cExport.cmake
[15.288s] -- Up-to-date: /home/fourdds/ros2_ws/install/uuv_boids/share/uuv_boids/cmake/uuv_boids__rosidl_typesupport_introspection_cExport-noconfig.cmake
[15.288s] -- Up-to-date: /home/fourdds/ros2_ws/install/uuv_boids/share/uuv_boids/cmake/uuv_boids__rosidl_typesupport_cExport.cmake
[15.288s] -- Up-to-date: /home/fourdds/ros2_ws/install/uuv_boids/share/uuv_boids/cmake/uuv_boids__rosidl_typesupport_cExport-noconfig.cmake
[15.288s] -- Up-to-date: /home/fourdds/ros2_ws/install/uuv_boids/share/uuv_boids/cmake/uuv_boids__rosidl_typesupport_introspection_cppExport.cmake
[15.288s] -- Up-to-date: /home/fourdds/ros2_ws/install/uuv_boids/share/uuv_boids/cmake/uuv_boids__rosidl_typesupport_introspection_cppExport-noconfig.cmake
[15.288s] -- Up-to-date: /home/fourdds/ros2_ws/install/uuv_boids/share/uuv_boids/cmake/uuv_boids__rosidl_typesupport_cppExport.cmake
[15.288s] -- Up-to-date: /home/fourdds/ros2_ws/install/uuv_boids/share/uuv_boids/cmake/uuv_boids__rosidl_typesupport_cppExport-noconfig.cmake
[15.288s] -- Up-to-date: /home/fourdds/ros2_ws/install/uuv_boids/share/uuv_boids/cmake/export_uuv_boids__rosidl_generator_pyExport.cmake
[15.288s] -- Up-to-date: /home/fourdds/ros2_ws/install/uuv_boids/share/uuv_boids/cmake/export_uuv_boids__rosidl_generator_pyExport-noconfig.cmake
[15.288s] -- Up-to-date: /home/fourdds/ros2_ws/install/uuv_boids/share/uuv_boids/cmake/export_frame_transformsExport.cmake
[15.288s] -- Up-to-date: /home/fourdds/ros2_ws/install/uuv_boids/share/uuv_boids/cmake/export_frame_transformsExport-noconfig.cmake
[15.288s] -- Up-to-date: /home/fourdds/ros2_ws/install/uuv_boids/share/uuv_boids/cmake/rosidl_cmake-extras.cmake
[15.288s] -- Up-to-date: /home/fourdds/ros2_ws/install/uuv_boids/share/uuv_boids/cmake/ament_cmake_export_include_directories-extras.cmake
[15.288s] -- Up-to-date: /home/fourdds/ros2_ws/install/uuv_boids/share/uuv_boids/cmake/ament_cmake_export_libraries-extras.cmake
[15.288s] -- Up-to-date: /home/fourdds/ros2_ws/install/uuv_boids/share/uuv_boids/cmake/ament_cmake_export_targets-extras.cmake
[15.288s] -- Up-to-date: /home/fourdds/ros2_ws/install/uuv_boids/share/uuv_boids/cmake/rosidl_cmake_export_typesupport_targets-extras.cmake
[15.288s] -- Up-to-date: /home/fourdds/ros2_ws/install/uuv_boids/share/uuv_boids/cmake/ament_cmake_export_dependencies-extras.cmake
[15.288s] -- Up-to-date: /home/fourdds/ros2_ws/install/uuv_boids/share/uuv_boids/cmake/rosidl_cmake_export_typesupport_libraries-extras.cmake
[15.288s] -- Up-to-date: /home/fourdds/ros2_ws/install/uuv_boids/share/uuv_boids/cmake/uuv_boidsConfig.cmake
[15.288s] -- Up-to-date: /home/fourdds/ros2_ws/install/uuv_boids/share/uuv_boids/cmake/uuv_boidsConfig-version.cmake
[15.288s] -- Up-to-date: /home/fourdds/ros2_ws/install/uuv_boids/share/uuv_boids/package.xml
[15.290s] Invoked command in '/home/fourdds/ros2_ws/build/uuv_boids' returned '0': CMAKE_PREFIX_PATH=/home/fourdds/ros2_ws/install/px4_msgs:/home/fourdds/ros2_ws/install/uuv_boids:/home/fourdds/ros2_ws/install/px4_ros_com:/home/fourdds/ros2_ws/install/iris-logger:/home/fourdds/ros2_ws/install/boids:/opt/ros/humble LD_LIBRARY_PATH=/home/fourdds/ros2_ws/install/px4_msgs/lib:/home/fourdds/ros2_ws/install/uuv_boids/lib:/home/fourdds/ros2_ws/install/px4_ros_com/lib:/home/fourdds/ros2_ws/install/boids/lib:/usr/lib/x86_64-linux-gnu/gazebo-11/plugins:/opt/ros/humble/opt/rviz_ogre_vendor/lib:/opt/ros/humble/lib/x86_64-linux-gnu:/opt/ros/humble/lib /usr/bin/cmake --install /home/fourdds/ros2_ws/build/uuv_boids
