[0.024s] Invoking command in '/home/fourdds/ws/build/gazebo_ros': AMENT_PREFIX_PATH=/home/fourdds/ws/install/gazebo_msgs:/home/fourdds/ws/install/gazebo_dev:${AMENT_PREFIX_PATH} CMAKE_PREFIX_PATH=/home/fourdds/ws/install/gazebo_msgs:/home/fourdds/ws/install/gazebo_dev:/opt/ros/humble LD_LIBRARY_PATH=/home/fourdds/ws/install/gazebo_msgs/lib:${LD_LIBRARY_PATH} PYTHONPATH=/home/fourdds/ws/install/gazebo_msgs/local/lib/python3.10/dist-packages:${PYTHONPATH} /usr/bin/cmake --build /home/fourdds/ws/build/gazebo_ros -- -j16 -l16
[0.131s] [  6%] Built target gtest_main
[0.132s] [  6%] Built target gtest
[0.134s] [  6%] Built target ament_cmake_python_symlink_scripts
[0.148s] [ 13%] Built target mock_gazebo_ros_factory
[0.149s] [ 13%] Built target mock_robot_state_publisher
[0.168s] [ 20%] Built target gazebo_ros_node
[0.169s] [ 23%] Built target gazebo_ros_utils
[0.223s] [ 26%] Built target test_conversions
[0.232s] [ 31%] Built target multiple_nodes
[0.232s] [ 33%] Built target args_init
[0.237s] [ 40%] Built target create_node_without_init
[0.237s] [ 40%] Built target ros_world_plugin
[0.243s] [ 43%] Built target gazebo_ros_state
[0.245s] [ 46%] Built target gazebo_ros_force_system
[0.247s] [ 50%] Built target sdf_node
[0.278s] [ 53%] Built target test_plugins
[0.283s] [ 56%] Built target test_qos
[0.283s] [ 60%] Built target test_sim_time
[0.285s] [ 63%] Built target test_node
[0.291s] [ 66%] Built target test_reject_duplicate_nodes
[0.299s] [ 70%] Built target test_utils
[0.311s] [ 76%] Built target gazebo_ros_factory
[0.311s] [ 76%] Built target gazebo_ros_properties
[0.313s] [ 80%] Built target gazebo_ros_init
[0.341s] [ 96%] Built target test_gazebo_ros_factory
[0.342s] [ 96%] Built target test_gazebo_ros_state
[0.342s] [ 96%] Built target test_gazebo_ros_link_wrench
[0.342s] [ 96%] Built target test_gazebo_ros_init
[0.342s] [ 96%] Built target test_gazebo_ros_joint_effort
[0.342s] [100%] Built target test_gazebo_ros_properties
[0.400s] running egg_info
[0.412s] writing scripts.egg-info/PKG-INFO
[0.413s] writing dependency_links to scripts.egg-info/dependency_links.txt
[0.413s] writing top-level names to scripts.egg-info/top_level.txt
[0.451s] reading manifest file 'scripts.egg-info/SOURCES.txt'
[0.452s] writing manifest file 'scripts.egg-info/SOURCES.txt'
[0.489s] [100%] Built target ament_cmake_python_build_scripts_egg
[0.504s] Invoked command in '/home/fourdds/ws/build/gazebo_ros' returned '0': AMENT_PREFIX_PATH=/home/fourdds/ws/install/gazebo_msgs:/home/fourdds/ws/install/gazebo_dev:${AMENT_PREFIX_PATH} CMAKE_PREFIX_PATH=/home/fourdds/ws/install/gazebo_msgs:/home/fourdds/ws/install/gazebo_dev:/opt/ros/humble LD_LIBRARY_PATH=/home/fourdds/ws/install/gazebo_msgs/lib:${LD_LIBRARY_PATH} PYTHONPATH=/home/fourdds/ws/install/gazebo_msgs/local/lib/python3.10/dist-packages:${PYTHONPATH} /usr/bin/cmake --build /home/fourdds/ws/build/gazebo_ros -- -j16 -l16
[0.595s] Invoking command in '/home/fourdds/ws/build/gazebo_ros': AMENT_PREFIX_PATH=/home/fourdds/ws/install/gazebo_msgs:/home/fourdds/ws/install/gazebo_dev:${AMENT_PREFIX_PATH} CMAKE_PREFIX_PATH=/home/fourdds/ws/install/gazebo_msgs:/home/fourdds/ws/install/gazebo_dev:/opt/ros/humble LD_LIBRARY_PATH=/home/fourdds/ws/install/gazebo_msgs/lib:${LD_LIBRARY_PATH} PYTHONPATH=/home/fourdds/ws/install/gazebo_msgs/local/lib/python3.10/dist-packages:${PYTHONPATH} /usr/bin/cmake --install /home/fourdds/ws/build/gazebo_ros
[0.602s] -- Install configuration: ""
[0.603s] -- Execute custom install script
[0.605s] -- Up-to-date symlink: /home/fourdds/ws/install/gazebo_ros/share/gazebo_ros/environment/pythonpath.sh
[0.606s] -- Up-to-date symlink: /home/fourdds/ws/install/gazebo_ros/share/gazebo_ros/environment/pythonpath.dsv
[0.608s] -- Up-to-date symlink: /home/fourdds/ws/install/gazebo_ros/local/lib/python3.10/dist-packages/scripts-3.7.0-py3.10.egg-info/PKG-INFO
[0.609s] -- Up-to-date symlink: /home/fourdds/ws/install/gazebo_ros/local/lib/python3.10/dist-packages/scripts-3.7.0-py3.10.egg-info/SOURCES.txt
[0.610s] -- Up-to-date symlink: /home/fourdds/ws/install/gazebo_ros/local/lib/python3.10/dist-packages/scripts-3.7.0-py3.10.egg-info/dependency_links.txt
[0.610s] -- Up-to-date symlink: /home/fourdds/ws/install/gazebo_ros/local/lib/python3.10/dist-packages/scripts-3.7.0-py3.10.egg-info/top_level.txt
[0.612s] -- Up-to-date symlink: /home/fourdds/ws/install/gazebo_ros/local/lib/python3.10/dist-packages/scripts/__init__.py
[0.612s] -- Up-to-date symlink: /home/fourdds/ws/install/gazebo_ros/local/lib/python3.10/dist-packages/scripts/gazebo_ros_paths.py
[0.612s] -- Up-to-date symlink: /home/fourdds/ws/install/gazebo_ros/local/lib/python3.10/dist-packages/scripts/spawn_entity.py
[0.613s] -- Up-to-date symlink: /home/fourdds/ws/install/gazebo_ros/share/gazebo_ros/environment/library_path.sh
[0.614s] -- Up-to-date symlink: /home/fourdds/ws/install/gazebo_ros/share/gazebo_ros/environment/library_path.dsv
[0.615s] -- Up-to-date symlink: /home/fourdds/ws/install/gazebo_ros/share/ament_index/resource_index/package_run_dependencies/gazebo_ros
[0.617s] -- Up-to-date symlink: /home/fourdds/ws/install/gazebo_ros/share/ament_index/resource_index/parent_prefix_path/gazebo_ros
[0.617s] -- Up-to-date symlink: /home/fourdds/ws/install/gazebo_ros/share/gazebo_ros/environment/ament_prefix_path.sh
[0.618s] -- Up-to-date symlink: /home/fourdds/ws/install/gazebo_ros/share/gazebo_ros/environment/ament_prefix_path.dsv
[0.619s] -- Up-to-date symlink: /home/fourdds/ws/install/gazebo_ros/share/gazebo_ros/environment/path.sh
[0.619s] -- Up-to-date symlink: /home/fourdds/ws/install/gazebo_ros/share/gazebo_ros/environment/path.dsv
[0.620s] -- Up-to-date symlink: /home/fourdds/ws/install/gazebo_ros/share/gazebo_ros/local_setup.bash
[0.621s] -- Up-to-date symlink: /home/fourdds/ws/install/gazebo_ros/share/gazebo_ros/local_setup.sh
[0.621s] -- Up-to-date symlink: /home/fourdds/ws/install/gazebo_ros/share/gazebo_ros/local_setup.zsh
[0.621s] -- Up-to-date symlink: /home/fourdds/ws/install/gazebo_ros/share/gazebo_ros/local_setup.dsv
[0.622s] -- Symlinking: /home/fourdds/ws/install/gazebo_ros/share/gazebo_ros/package.dsv
[0.632s] -- Up-to-date symlink: /home/fourdds/ws/install/gazebo_ros/share/ament_index/resource_index/packages/gazebo_ros
[0.633s] -- Up-to-date symlink: /home/fourdds/ws/install/gazebo_ros/share/gazebo_ros/cmake/ament_cmake_export_libraries-extras.cmake
[0.634s] -- Up-to-date symlink: /home/fourdds/ws/install/gazebo_ros/share/gazebo_ros/cmake/ament_cmake_export_include_directories-extras.cmake
[0.635s] -- Up-to-date symlink: /home/fourdds/ws/install/gazebo_ros/share/gazebo_ros/cmake/ament_cmake_export_dependencies-extras.cmake
[0.635s] -- Up-to-date symlink: /home/fourdds/ws/install/gazebo_ros/share/gazebo_ros/cmake/gazebo_rosConfig.cmake
[0.636s] -- Up-to-date symlink: /home/fourdds/ws/install/gazebo_ros/share/gazebo_ros/cmake/gazebo_rosConfig-version.cmake
[0.637s] -- Up-to-date symlink: /home/fourdds/ws/install/gazebo_ros/share/gazebo_ros/package.xml
[0.639s] -- Up-to-date symlink: /home/fourdds/ws/install/gazebo_ros/include/gazebo_ros/conversions/builtin_interfaces.hpp
[0.640s] -- Up-to-date symlink: /home/fourdds/ws/install/gazebo_ros/include/gazebo_ros/conversions/gazebo_msgs.hpp
[0.641s] -- Up-to-date symlink: /home/fourdds/ws/install/gazebo_ros/include/gazebo_ros/conversions/generic.hpp
[0.641s] -- Up-to-date symlink: /home/fourdds/ws/install/gazebo_ros/include/gazebo_ros/conversions/geometry_msgs.hpp
[0.642s] -- Up-to-date symlink: /home/fourdds/ws/install/gazebo_ros/include/gazebo_ros/conversions/sensor_msgs.hpp
[0.643s] -- Up-to-date symlink: /home/fourdds/ws/install/gazebo_ros/include/gazebo_ros/executor.hpp
[0.643s] -- Up-to-date symlink: /home/fourdds/ws/install/gazebo_ros/include/gazebo_ros/gazebo_ros_factory.hpp
[0.644s] -- Up-to-date symlink: /home/fourdds/ws/install/gazebo_ros/include/gazebo_ros/gazebo_ros_force_system.hpp
[0.645s] -- Up-to-date symlink: /home/fourdds/ws/install/gazebo_ros/include/gazebo_ros/gazebo_ros_init.hpp
[0.645s] -- Up-to-date symlink: /home/fourdds/ws/install/gazebo_ros/include/gazebo_ros/gazebo_ros_properties.hpp
[0.646s] -- Up-to-date symlink: /home/fourdds/ws/install/gazebo_ros/include/gazebo_ros/gazebo_ros_state.hpp
[0.647s] -- Up-to-date symlink: /home/fourdds/ws/install/gazebo_ros/include/gazebo_ros/node.hpp
[0.648s] -- Up-to-date symlink: /home/fourdds/ws/install/gazebo_ros/include/gazebo_ros/node_visibility_control.h
[0.648s] -- Up-to-date symlink: /home/fourdds/ws/install/gazebo_ros/include/gazebo_ros/qos.hpp
[0.649s] -- Up-to-date symlink: /home/fourdds/ws/install/gazebo_ros/include/gazebo_ros/testing_utils.hpp
[0.650s] -- Up-to-date symlink: /home/fourdds/ws/install/gazebo_ros/include/gazebo_ros/utils.hpp
[0.650s] -- Up-to-date symlink: /home/fourdds/ws/install/gazebo_ros/include/gazebo_ros/utils_visibility_control.h
[0.652s] -- Up-to-date symlink: /home/fourdds/ws/install/gazebo_ros/lib/gazebo_ros//gazebo_ros_paths.py
[0.653s] -- Up-to-date symlink: /home/fourdds/ws/install/gazebo_ros/lib/libgazebo_ros_factory.so
[0.653s] -- Up-to-date symlink: /home/fourdds/ws/install/gazebo_ros/lib/libgazebo_ros_force_system.so
[0.653s] -- Up-to-date symlink: /home/fourdds/ws/install/gazebo_ros/lib/libgazebo_ros_init.so
[0.653s] -- Up-to-date symlink: /home/fourdds/ws/install/gazebo_ros/lib/libgazebo_ros_node.so
[0.654s] -- Up-to-date symlink: /home/fourdds/ws/install/gazebo_ros/lib/libgazebo_ros_properties.so
[0.654s] -- Up-to-date symlink: /home/fourdds/ws/install/gazebo_ros/lib/libgazebo_ros_state.so
[0.654s] -- Up-to-date symlink: /home/fourdds/ws/install/gazebo_ros/lib/libgazebo_ros_utils.so
[0.654s] -- Up-to-date symlink: /home/fourdds/ws/install/gazebo_ros/lib/gazebo_ros//spawn_entity.py
[0.655s] -- Up-to-date symlink: /home/fourdds/ws/install/gazebo_ros/share/gazebo_ros//launch/gazebo.launch.py
[0.656s] -- Up-to-date symlink: /home/fourdds/ws/install/gazebo_ros/share/gazebo_ros//launch/gzclient.launch.py
[0.656s] -- Up-to-date symlink: /home/fourdds/ws/install/gazebo_ros/share/gazebo_ros//launch/gzserver.launch.py
[0.657s] -- Up-to-date symlink: /home/fourdds/ws/install/gazebo_ros/share/gazebo_ros//launch/spawn_entity_demo.launch.py
[0.658s] -- Up-to-date symlink: /home/fourdds/ws/install/gazebo_ros/share/gazebo_ros//worlds/empty.world
[0.659s] -- Up-to-date symlink: /home/fourdds/ws/install/gazebo_ros/share/gazebo_ros//worlds/gazebo_ros_force_system_demo.world
[0.660s] -- Up-to-date symlink: /home/fourdds/ws/install/gazebo_ros/share/gazebo_ros//worlds/gazebo_ros_properties_demo.world
[0.661s] -- Up-to-date symlink: /home/fourdds/ws/install/gazebo_ros/share/gazebo_ros//worlds/gazebo_ros_state_demo.world
[0.688s] Listing '/home/fourdds/ws/install/gazebo_ros/local/lib/python3.10/dist-packages/scripts'...
[0.700s] Invoked command in '/home/fourdds/ws/build/gazebo_ros' returned '0': AMENT_PREFIX_PATH=/home/fourdds/ws/install/gazebo_msgs:/home/fourdds/ws/install/gazebo_dev:${AMENT_PREFIX_PATH} CMAKE_PREFIX_PATH=/home/fourdds/ws/install/gazebo_msgs:/home/fourdds/ws/install/gazebo_dev:/opt/ros/humble LD_LIBRARY_PATH=/home/fourdds/ws/install/gazebo_msgs/lib:${LD_LIBRARY_PATH} PYTHONPATH=/home/fourdds/ws/install/gazebo_msgs/local/lib/python3.10/dist-packages:${PYTHONPATH} /usr/bin/cmake --install /home/fourdds/ws/build/gazebo_ros
