[0.006s] Invoking command in '/home/fourdds/ros2_ws/build/px4_ros_com': AMENT_PREFIX_PATH=/home/fourdds/ros2_ws/install/px4_msgs:${AMENT_PREFIX_PATH} CMAKE_PREFIX_PATH=/home/fourdds/ros2_ws/install/px4_msgs:/opt/ros/humble LD_LIBRARY_PATH=/home/fourdds/ros2_ws/install/px4_msgs/lib:${LD_LIBRARY_PATH} PYTHONPATH=/home/fourdds/ros2_ws/install/px4_msgs/local/lib/python3.10/dist-packages:${PYTHONPATH} /usr/bin/cmake --build /home/fourdds/ros2_ws/build/px4_ros_com -- -j24 -l24
[0.040s] [ 16%] Built target frame_transforms
[0.040s] [ 33%] Built target sensor_combined_listener
[0.041s] [ 50%] Built target offboard_control
[0.041s] [ 66%] Built target vehicle_gps_position_listener
[0.041s] [ 66%] Built target ament_cmake_python_copy_px4_ros_com
[0.042s] [100%] Built target offboard_control_srv
[0.042s] [100%] Built target debug_vect_advertiser
[0.136s] running egg_info
[0.142s] writing px4_ros_com.egg-info/PKG-INFO
[0.142s] writing dependency_links to px4_ros_com.egg-info/dependency_links.txt
[0.142s] writing top-level names to px4_ros_com.egg-info/top_level.txt
[0.160s] reading manifest file 'px4_ros_com.egg-info/SOURCES.txt'
[0.160s] writing manifest file 'px4_ros_com.egg-info/SOURCES.txt'
[0.173s] [100%] Built target ament_cmake_python_build_px4_ros_com_egg
[0.178s] Invoked command in '/home/fourdds/ros2_ws/build/px4_ros_com' returned '0': AMENT_PREFIX_PATH=/home/fourdds/ros2_ws/install/px4_msgs:${AMENT_PREFIX_PATH} CMAKE_PREFIX_PATH=/home/fourdds/ros2_ws/install/px4_msgs:/opt/ros/humble LD_LIBRARY_PATH=/home/fourdds/ros2_ws/install/px4_msgs/lib:${LD_LIBRARY_PATH} PYTHONPATH=/home/fourdds/ros2_ws/install/px4_msgs/local/lib/python3.10/dist-packages:${PYTHONPATH} /usr/bin/cmake --build /home/fourdds/ros2_ws/build/px4_ros_com -- -j24 -l24
[0.195s] Invoking command in '/home/fourdds/ros2_ws/build/px4_ros_com': AMENT_PREFIX_PATH=/home/fourdds/ros2_ws/install/px4_msgs:${AMENT_PREFIX_PATH} CMAKE_PREFIX_PATH=/home/fourdds/ros2_ws/install/px4_msgs:/opt/ros/humble LD_LIBRARY_PATH=/home/fourdds/ros2_ws/install/px4_msgs/lib:${LD_LIBRARY_PATH} PYTHONPATH=/home/fourdds/ros2_ws/install/px4_msgs/local/lib/python3.10/dist-packages:${PYTHONPATH} /usr/bin/cmake --install /home/fourdds/ros2_ws/build/px4_ros_com
[0.198s] -- Install configuration: ""
[0.199s] -- Up-to-date: /home/fourdds/ros2_ws/install/px4_ros_com/lib/px4_ros_com/sensor_combined_listener
[0.199s] -- Up-to-date: /home/fourdds/ros2_ws/install/px4_ros_com/lib/px4_ros_com/vehicle_gps_position_listener
[0.200s] -- Up-to-date: /home/fourdds/ros2_ws/install/px4_ros_com/lib/px4_ros_com/debug_vect_advertiser
[0.200s] -- Up-to-date: /home/fourdds/ros2_ws/install/px4_ros_com/lib/px4_ros_com/offboard_control
[0.201s] -- Up-to-date: /home/fourdds/ros2_ws/install/px4_ros_com/lib/px4_ros_com/offboard_control_srv
[0.201s] -- Up-to-date: /home/fourdds/ros2_ws/install/px4_ros_com/share/px4_ros_com/environment/library_path.sh
[0.201s] -- Up-to-date: /home/fourdds/ros2_ws/install/px4_ros_com/share/px4_ros_com/environment/library_path.dsv
[0.201s] -- Up-to-date: /home/fourdds/ros2_ws/install/px4_ros_com/include/px4_ros_com
[0.201s] -- Up-to-date: /home/fourdds/ros2_ws/install/px4_ros_com/include/px4_ros_com/frame_transforms.h
[0.202s] -- Up-to-date: /home/fourdds/ros2_ws/install/px4_ros_com/lib/libframe_transforms.so
[0.202s] -- Up-to-date: /home/fourdds/ros2_ws/install/px4_ros_com/share/px4_ros_com//launch
[0.202s] -- Up-to-date: /home/fourdds/ros2_ws/install/px4_ros_com/share/px4_ros_com//launch/sensor_combined_listener.launch.py
[0.202s] -- Up-to-date: /home/fourdds/ros2_ws/install/px4_ros_com/share/px4_ros_com//launch/offboard_control_launch.yaml
[0.202s] -- Up-to-date: /home/fourdds/ros2_ws/install/px4_ros_com/share/px4_ros_com//test
[0.202s] -- Up-to-date: /home/fourdds/ros2_ws/install/px4_ros_com/share/px4_ros_com//test/test_output.py
[0.202s] -- Up-to-date: /home/fourdds/ros2_ws/install/px4_ros_com/share/px4_ros_com//test/pipeline_io_test.py
[0.202s] -- Up-to-date: /home/fourdds/ros2_ws/install/px4_ros_com/share/px4_ros_com//test/test_input.py
[0.202s] -- Up-to-date: /home/fourdds/ros2_ws/install/px4_ros_com/share/px4_ros_com//test/__init__.py
[0.202s] -- Up-to-date: /home/fourdds/ros2_ws/install/px4_ros_com/share/px4_ros_com/environment/pythonpath.sh
[0.202s] -- Up-to-date: /home/fourdds/ros2_ws/install/px4_ros_com/share/px4_ros_com/environment/pythonpath.dsv
[0.202s] -- Up-to-date: /home/fourdds/ros2_ws/install/px4_ros_com/local/lib/python3.10/dist-packages/px4_ros_com-0.1.0-py3.10.egg-info
[0.202s] -- Installing: /home/fourdds/ros2_ws/install/px4_ros_com/local/lib/python3.10/dist-packages/px4_ros_com-0.1.0-py3.10.egg-info/dependency_links.txt
[0.202s] -- Installing: /home/fourdds/ros2_ws/install/px4_ros_com/local/lib/python3.10/dist-packages/px4_ros_com-0.1.0-py3.10.egg-info/SOURCES.txt
[0.202s] -- Installing: /home/fourdds/ros2_ws/install/px4_ros_com/local/lib/python3.10/dist-packages/px4_ros_com-0.1.0-py3.10.egg-info/PKG-INFO
[0.202s] -- Installing: /home/fourdds/ros2_ws/install/px4_ros_com/local/lib/python3.10/dist-packages/px4_ros_com-0.1.0-py3.10.egg-info/top_level.txt
[0.202s] -- Up-to-date: /home/fourdds/ros2_ws/install/px4_ros_com/local/lib/python3.10/dist-packages/px4_ros_com
[0.202s] -- Up-to-date: /home/fourdds/ros2_ws/install/px4_ros_com/local/lib/python3.10/dist-packages/px4_ros_com/module_to_import.py
[0.202s] -- Up-to-date: /home/fourdds/ros2_ws/install/px4_ros_com/local/lib/python3.10/dist-packages/px4_ros_com/__init__.py
[0.218s] Listing '/home/fourdds/ros2_ws/install/px4_ros_com/local/lib/python3.10/dist-packages/px4_ros_com'...
[0.221s] -- Up-to-date: /home/fourdds/ros2_ws/install/px4_ros_com/lib/px4_ros_com/offboard_control.py
[0.221s] -- Up-to-date: /home/fourdds/ros2_ws/install/px4_ros_com/share/ament_index/resource_index/package_run_dependencies/px4_ros_com
[0.221s] -- Up-to-date: /home/fourdds/ros2_ws/install/px4_ros_com/share/ament_index/resource_index/parent_prefix_path/px4_ros_com
[0.221s] -- Up-to-date: /home/fourdds/ros2_ws/install/px4_ros_com/share/px4_ros_com/environment/ament_prefix_path.sh
[0.221s] -- Up-to-date: /home/fourdds/ros2_ws/install/px4_ros_com/share/px4_ros_com/environment/ament_prefix_path.dsv
[0.221s] -- Up-to-date: /home/fourdds/ros2_ws/install/px4_ros_com/share/px4_ros_com/environment/path.sh
[0.221s] -- Up-to-date: /home/fourdds/ros2_ws/install/px4_ros_com/share/px4_ros_com/environment/path.dsv
[0.221s] -- Up-to-date: /home/fourdds/ros2_ws/install/px4_ros_com/share/px4_ros_com/local_setup.bash
[0.221s] -- Up-to-date: /home/fourdds/ros2_ws/install/px4_ros_com/share/px4_ros_com/local_setup.sh
[0.221s] -- Up-to-date: /home/fourdds/ros2_ws/install/px4_ros_com/share/px4_ros_com/local_setup.zsh
[0.221s] -- Up-to-date: /home/fourdds/ros2_ws/install/px4_ros_com/share/px4_ros_com/local_setup.dsv
[0.221s] -- Installing: /home/fourdds/ros2_ws/install/px4_ros_com/share/px4_ros_com/package.dsv
[0.221s] -- Up-to-date: /home/fourdds/ros2_ws/install/px4_ros_com/share/ament_index/resource_index/packages/px4_ros_com
[0.222s] -- Up-to-date: /home/fourdds/ros2_ws/install/px4_ros_com/share/px4_ros_com/cmake/export_frame_transformsExport.cmake
[0.222s] -- Up-to-date: /home/fourdds/ros2_ws/install/px4_ros_com/share/px4_ros_com/cmake/export_frame_transformsExport-noconfig.cmake
[0.222s] -- Up-to-date: /home/fourdds/ros2_ws/install/px4_ros_com/share/px4_ros_com/cmake/ament_cmake_export_dependencies-extras.cmake
[0.222s] -- Up-to-date: /home/fourdds/ros2_ws/install/px4_ros_com/share/px4_ros_com/cmake/ament_cmake_export_targets-extras.cmake
[0.222s] -- Up-to-date: /home/fourdds/ros2_ws/install/px4_ros_com/share/px4_ros_com/cmake/ament_cmake_export_include_directories-extras.cmake
[0.222s] -- Up-to-date: /home/fourdds/ros2_ws/install/px4_ros_com/share/px4_ros_com/cmake/ament_cmake_export_libraries-extras.cmake
[0.222s] -- Up-to-date: /home/fourdds/ros2_ws/install/px4_ros_com/share/px4_ros_com/cmake/px4_ros_comConfig.cmake
[0.222s] -- Up-to-date: /home/fourdds/ros2_ws/install/px4_ros_com/share/px4_ros_com/cmake/px4_ros_comConfig-version.cmake
[0.222s] -- Up-to-date: /home/fourdds/ros2_ws/install/px4_ros_com/share/px4_ros_com/package.xml
[0.223s] Invoked command in '/home/fourdds/ros2_ws/build/px4_ros_com' returned '0': AMENT_PREFIX_PATH=/home/fourdds/ros2_ws/install/px4_msgs:${AMENT_PREFIX_PATH} CMAKE_PREFIX_PATH=/home/fourdds/ros2_ws/install/px4_msgs:/opt/ros/humble LD_LIBRARY_PATH=/home/fourdds/ros2_ws/install/px4_msgs/lib:${LD_LIBRARY_PATH} PYTHONPATH=/home/fourdds/ros2_ws/install/px4_msgs/local/lib/python3.10/dist-packages:${PYTHONPATH} /usr/bin/cmake --install /home/fourdds/ros2_ws/build/px4_ros_com
