[0.782s] Invoking command in '/home/fourdds/ros2_ws/build/target_detection': CMAKE_PREFIX_PATH=/opt/ros/humble /usr/bin/cmake --build /home/fourdds/ros2_ws/build/target_detection -- -j16 -l16
[0.969s] [100%] Built target TargetDetection
[1.048s] Invoked command in '/home/fourdds/ros2_ws/build/target_detection' returned '0': CMAKE_PREFIX_PATH=/opt/ros/humble /usr/bin/cmake --build /home/fourdds/ros2_ws/build/target_detection -- -j16 -l16
[1.170s] Invoking command in '/home/fourdds/ros2_ws/build/target_detection': CMAKE_PREFIX_PATH=/opt/ros/humble /usr/bin/cmake --install /home/fourdds/ros2_ws/build/target_detection
[1.246s] -- Install configuration: ""
[1.252s] -- Execute custom install script
[1.255s] -- Up-to-date symlink: /home/fourdds/ros2_ws/install/target_detection/share/target_detection/environment/library_path.sh
[1.257s] -- Up-to-date symlink: /home/fourdds/ros2_ws/install/target_detection/share/target_detection/environment/library_path.dsv
[1.258s] -- Up-to-date symlink: /home/fourdds/ros2_ws/install/target_detection/include/target_detection/TargetDetection.hpp
[1.258s] -- Up-to-date symlink: /home/fourdds/ros2_ws/install/target_detection/share/ament_index/resource_index/package_run_dependencies/target_detection
[1.259s] -- Up-to-date symlink: /home/fourdds/ros2_ws/install/target_detection/share/ament_index/resource_index/parent_prefix_path/target_detection
[1.259s] -- Up-to-date symlink: /home/fourdds/ros2_ws/install/target_detection/share/target_detection/environment/ament_prefix_path.sh
[1.259s] -- Up-to-date symlink: /home/fourdds/ros2_ws/install/target_detection/share/target_detection/environment/ament_prefix_path.dsv
[1.261s] -- Up-to-date symlink: /home/fourdds/ros2_ws/install/target_detection/share/target_detection/environment/path.sh
[1.263s] -- Up-to-date symlink: /home/fourdds/ros2_ws/install/target_detection/share/target_detection/environment/path.dsv
[1.263s] -- Up-to-date symlink: /home/fourdds/ros2_ws/install/target_detection/share/target_detection/local_setup.bash
[1.264s] -- Up-to-date symlink: /home/fourdds/ros2_ws/install/target_detection/share/target_detection/local_setup.sh
[1.264s] -- Up-to-date symlink: /home/fourdds/ros2_ws/install/target_detection/share/target_detection/local_setup.zsh
[1.265s] -- Up-to-date symlink: /home/fourdds/ros2_ws/install/target_detection/share/target_detection/local_setup.dsv
[1.266s] -- Symlinking: /home/fourdds/ros2_ws/install/target_detection/share/target_detection/package.dsv
[1.267s] -- Up-to-date symlink: /home/fourdds/ros2_ws/install/target_detection/share/ament_index/resource_index/packages/target_detection
[1.268s] -- Up-to-date symlink: /home/fourdds/ros2_ws/install/target_detection/share/target_detection/cmake/ament_cmake_export_include_directories-extras.cmake
[1.269s] -- Up-to-date symlink: /home/fourdds/ros2_ws/install/target_detection/share/target_detection/cmake/ament_cmake_export_libraries-extras.cmake
[1.275s] -- Up-to-date symlink: /home/fourdds/ros2_ws/install/target_detection/share/target_detection/cmake/target_detectionConfig.cmake
[1.276s] -- Up-to-date symlink: /home/fourdds/ros2_ws/install/target_detection/share/target_detection/cmake/target_detectionConfig-version.cmake
[1.277s] -- Up-to-date symlink: /home/fourdds/ros2_ws/install/target_detection/share/target_detection/package.xml
[1.279s] -- Up-to-date: /home/fourdds/ros2_ws/install/target_detection/lib/libTargetDetection.a
[1.280s] Invoked command in '/home/fourdds/ros2_ws/build/target_detection' returned '0': CMAKE_PREFIX_PATH=/opt/ros/humble /usr/bin/cmake --install /home/fourdds/ros2_ws/build/target_detection
