[0.006s] Invoking command in '/home/fourdds/ros2_ws/build/uuv_boids': CMAKE_PREFIX_PATH=/home/fourdds/ros2_ws/install/px4_msgs:/home/fourdds/ros2_ws/install/uuv_boids:/home/fourdds/ros2_ws/install/px4_ros_com:/home/fourdds/ros2_ws/install/iris-logger:/home/fourdds/ros2_ws/install/boids:/opt/ros/humble LD_LIBRARY_PATH=/home/fourdds/ros2_ws/install/px4_msgs/lib:/home/fourdds/ros2_ws/install/uuv_boids/lib:/home/fourdds/ros2_ws/install/px4_ros_com/lib:/home/fourdds/ros2_ws/install/boids/lib:/usr/lib/x86_64-linux-gnu/gazebo-11/plugins:/opt/ros/humble/opt/rviz_ogre_vendor/lib:/opt/ros/humble/lib/x86_64-linux-gnu:/opt/ros/humble/lib /usr/bin/cmake --build /home/fourdds/ros2_ws/build/uuv_boids -- -j24 -l24
[0.031s] [35m[1mConsolidate compiler generated dependencies of target swarm_spawner[0m
[0.034s] [  2%] Built target uuv_boids__cpp
[0.034s] [ 10%] Built target uuv_boids__rosidl_generator_c
[0.036s] [ 15%] Built target frame_transforms
[0.039s] [ 15%] Built target ament_cmake_python_copy_uuv_boids
[0.045s] [ 17%] [32mBuilding CXX object CMakeFiles/swarm_spawner.dir/src/uav_node.cpp.o[0m
[0.046s] [ 30%] Built target uuv_boids__rosidl_typesupport_cpp
[0.046s] [ 36%] Built target uuv_boids__rosidl_typesupport_introspection_c
[0.046s] [ 43%] Built target uuv_boids__rosidl_typesupport_introspection_cpp
[0.047s] [ 52%] Built target uuv_boids__rosidl_typesupport_fastrtps_cpp
[0.047s] [ 69%] Built target uuv_boids__rosidl_typesupport_c
[0.047s] [ 69%] Built target uuv_boids__rosidl_typesupport_fastrtps_c
[0.056s] [ 69%] Built target uuv_boids
[0.067s] [ 71%] Built target uuv_boids__py
[0.078s] [ 78%] Built target uuv_boids__rosidl_generator_py
[0.089s] [ 91%] Built target uuv_boids__rosidl_typesupport_c__pyext
[0.089s] [ 91%] Built target uuv_boids__rosidl_typesupport_introspection_c__pyext
[0.089s] [ 91%] Built target uuv_boids__rosidl_typesupport_fastrtps_c__pyext
[0.143s] running egg_info
[0.151s] writing uuv_boids.egg-info/PKG-INFO
[0.151s] writing dependency_links to uuv_boids.egg-info/dependency_links.txt
[0.151s] writing top-level names to uuv_boids.egg-info/top_level.txt
[0.172s] reading manifest file 'uuv_boids.egg-info/SOURCES.txt'
[0.172s] writing manifest file 'uuv_boids.egg-info/SOURCES.txt'
[0.188s] [ 91%] Built target ament_cmake_python_build_uuv_boids_egg
[12.129s] [ 93%] [32m[1mLinking CXX executable swarm_spawner[0m
[12.288s] [100%] Built target swarm_spawner
[12.294s] Invoked command in '/home/fourdds/ros2_ws/build/uuv_boids' returned '0': CMAKE_PREFIX_PATH=/home/fourdds/ros2_ws/install/px4_msgs:/home/fourdds/ros2_ws/install/uuv_boids:/home/fourdds/ros2_ws/install/px4_ros_com:/home/fourdds/ros2_ws/install/iris-logger:/home/fourdds/ros2_ws/install/boids:/opt/ros/humble LD_LIBRARY_PATH=/home/fourdds/ros2_ws/install/px4_msgs/lib:/home/fourdds/ros2_ws/install/uuv_boids/lib:/home/fourdds/ros2_ws/install/px4_ros_com/lib:/home/fourdds/ros2_ws/install/boids/lib:/usr/lib/x86_64-linux-gnu/gazebo-11/plugins:/opt/ros/humble/opt/rviz_ogre_vendor/lib:/opt/ros/humble/lib/x86_64-linux-gnu:/opt/ros/humble/lib /usr/bin/cmake --build /home/fourdds/ros2_ws/build/uuv_boids -- -j24 -l24
[12.339s] Invoking command in '/home/fourdds/ros2_ws/build/uuv_boids': CMAKE_PREFIX_PATH=/home/fourdds/ros2_ws/install/px4_msgs:/home/fourdds/ros2_ws/install/uuv_boids:/home/fourdds/ros2_ws/install/px4_ros_com:/home/fourdds/ros2_ws/install/iris-logger:/home/fourdds/ros2_ws/install/boids:/opt/ros/humble LD_LIBRARY_PATH=/home/fourdds/ros2_ws/install/px4_msgs/lib:/home/fourdds/ros2_ws/install/uuv_boids/lib:/home/fourdds/ros2_ws/install/px4_ros_com/lib:/home/fourdds/ros2_ws/install/boids/lib:/usr/lib/x86_64-linux-gnu/gazebo-11/plugins:/opt/ros/humble/opt/rviz_ogre_vendor/lib:/opt/ros/humble/lib/x86_64-linux-gnu:/opt/ros/humble/lib /usr/bin/cmake --install /home/fourdds/ros2_ws/build/uuv_boids
[12.343s] -- Install configuration: ""
[12.343s] -- Up-to-date: /home/fourdds/ros2_ws/install/uuv_boids/share/ament_index/resource_index/rosidl_interfaces/uuv_boids
[12.344s] -- Up-to-date: /home/fourdds/ros2_ws/install/uuv_boids/include/uuv_boids/uuv_boids
[12.344s] -- Up-to-date: /home/fourdds/ros2_ws/install/uuv_boids/include/uuv_boids/uuv_boids/msg
[12.344s] -- Up-to-date: /home/fourdds/ros2_ws/install/uuv_boids/include/uuv_boids/uuv_boids/msg/rosidl_generator_c__visibility_control.h
[12.344s] -- Up-to-date: /home/fourdds/ros2_ws/install/uuv_boids/include/uuv_boids/uuv_boids/msg/detail
[12.344s] -- Up-to-date: /home/fourdds/ros2_ws/install/uuv_boids/include/uuv_boids/uuv_boids/msg/detail/flocking__functions.c
[12.344s] -- Up-to-date: /home/fourdds/ros2_ws/install/uuv_boids/include/uuv_boids/uuv_boids/msg/detail/geo_ping__type_support.h
[12.344s] -- Up-to-date: /home/fourdds/ros2_ws/install/uuv_boids/include/uuv_boids/uuv_boids/msg/detail/geo_ping__functions.c
[12.344s] -- Up-to-date: /home/fourdds/ros2_ws/install/uuv_boids/include/uuv_boids/uuv_boids/msg/detail/flocking__functions.h
[12.344s] -- Up-to-date: /home/fourdds/ros2_ws/install/uuv_boids/include/uuv_boids/uuv_boids/msg/detail/flocking__struct.h
[12.344s] -- Up-to-date: /home/fourdds/ros2_ws/install/uuv_boids/include/uuv_boids/uuv_boids/msg/detail/flocking__type_support.h
[12.344s] -- Up-to-date: /home/fourdds/ros2_ws/install/uuv_boids/include/uuv_boids/uuv_boids/msg/detail/geo_ping__struct.h
[12.344s] -- Up-to-date: /home/fourdds/ros2_ws/install/uuv_boids/include/uuv_boids/uuv_boids/msg/detail/geo_ping__functions.h
[12.345s] -- Up-to-date: /home/fourdds/ros2_ws/install/uuv_boids/include/uuv_boids/uuv_boids/msg/geo_ping.h
[12.345s] -- Up-to-date: /home/fourdds/ros2_ws/install/uuv_boids/include/uuv_boids/uuv_boids/msg/flocking.h
[12.345s] -- Up-to-date: /home/fourdds/ros2_ws/install/uuv_boids/share/uuv_boids/environment/library_path.sh
[12.345s] -- Up-to-date: /home/fourdds/ros2_ws/install/uuv_boids/share/uuv_boids/environment/library_path.dsv
[12.345s] -- Up-to-date: /home/fourdds/ros2_ws/install/uuv_boids/lib/libuuv_boids__rosidl_generator_c.so
[12.345s] -- Up-to-date: /home/fourdds/ros2_ws/install/uuv_boids/include/uuv_boids/uuv_boids
[12.345s] -- Up-to-date: /home/fourdds/ros2_ws/install/uuv_boids/include/uuv_boids/uuv_boids/msg
[12.345s] -- Up-to-date: /home/fourdds/ros2_ws/install/uuv_boids/include/uuv_boids/uuv_boids/msg/detail
[12.345s] -- Up-to-date: /home/fourdds/ros2_ws/install/uuv_boids/include/uuv_boids/uuv_boids/msg/detail/geo_ping__rosidl_typesupport_fastrtps_c.h
[12.345s] -- Up-to-date: /home/fourdds/ros2_ws/install/uuv_boids/include/uuv_boids/uuv_boids/msg/detail/flocking__rosidl_typesupport_fastrtps_c.h
[12.345s] -- Up-to-date: /home/fourdds/ros2_ws/install/uuv_boids/include/uuv_boids/uuv_boids/msg/rosidl_typesupport_fastrtps_c__visibility_control.h
[12.345s] -- Up-to-date: /home/fourdds/ros2_ws/install/uuv_boids/lib/libuuv_boids__rosidl_typesupport_fastrtps_c.so
[12.345s] -- Up-to-date: /home/fourdds/ros2_ws/install/uuv_boids/include/uuv_boids/uuv_boids
[12.345s] -- Up-to-date: /home/fourdds/ros2_ws/install/uuv_boids/include/uuv_boids/uuv_boids/msg
[12.345s] -- Up-to-date: /home/fourdds/ros2_ws/install/uuv_boids/include/uuv_boids/uuv_boids/msg/geo_ping.hpp
[12.345s] -- Up-to-date: /home/fourdds/ros2_ws/install/uuv_boids/include/uuv_boids/uuv_boids/msg/detail
[12.345s] -- Up-to-date: /home/fourdds/ros2_ws/install/uuv_boids/include/uuv_boids/uuv_boids/msg/detail/flocking__builder.hpp
[12.346s] -- Up-to-date: /home/fourdds/ros2_ws/install/uuv_boids/include/uuv_boids/uuv_boids/msg/detail/geo_ping__traits.hpp
[12.346s] -- Up-to-date: /home/fourdds/ros2_ws/install/uuv_boids/include/uuv_boids/uuv_boids/msg/detail/flocking__traits.hpp
[12.346s] -- Up-to-date: /home/fourdds/ros2_ws/install/uuv_boids/include/uuv_boids/uuv_boids/msg/detail/geo_ping__builder.hpp
[12.346s] -- Up-to-date: /home/fourdds/ros2_ws/install/uuv_boids/include/uuv_boids/uuv_boids/msg/detail/flocking__struct.hpp
[12.346s] -- Up-to-date: /home/fourdds/ros2_ws/install/uuv_boids/include/uuv_boids/uuv_boids/msg/detail/geo_ping__struct.hpp
[12.346s] -- Up-to-date: /home/fourdds/ros2_ws/install/uuv_boids/include/uuv_boids/uuv_boids/msg/flocking.hpp
[12.346s] -- Up-to-date: /home/fourdds/ros2_ws/install/uuv_boids/include/uuv_boids/uuv_boids
[12.346s] -- Up-to-date: /home/fourdds/ros2_ws/install/uuv_boids/include/uuv_boids/uuv_boids/msg
[12.346s] -- Up-to-date: /home/fourdds/ros2_ws/install/uuv_boids/include/uuv_boids/uuv_boids/msg/detail
[12.346s] -- Up-to-date: /home/fourdds/ros2_ws/install/uuv_boids/include/uuv_boids/uuv_boids/msg/detail/flocking__rosidl_typesupport_fastrtps_cpp.hpp
[12.346s] -- Up-to-date: /home/fourdds/ros2_ws/install/uuv_boids/include/uuv_boids/uuv_boids/msg/detail/geo_ping__rosidl_typesupport_fastrtps_cpp.hpp
[12.346s] -- Up-to-date: /home/fourdds/ros2_ws/install/uuv_boids/include/uuv_boids/uuv_boids/msg/detail/dds_fastrtps
[12.346s] -- Up-to-date: /home/fourdds/ros2_ws/install/uuv_boids/include/uuv_boids/uuv_boids/msg/rosidl_typesupport_fastrtps_cpp__visibility_control.h
[12.346s] -- Up-to-date: /home/fourdds/ros2_ws/install/uuv_boids/lib/libuuv_boids__rosidl_typesupport_fastrtps_cpp.so
[12.346s] -- Up-to-date: /home/fourdds/ros2_ws/install/uuv_boids/include/uuv_boids/uuv_boids
[12.346s] -- Up-to-date: /home/fourdds/ros2_ws/install/uuv_boids/include/uuv_boids/uuv_boids/msg
[12.346s] -- Up-to-date: /home/fourdds/ros2_ws/install/uuv_boids/include/uuv_boids/uuv_boids/msg/detail
[12.346s] -- Up-to-date: /home/fourdds/ros2_ws/install/uuv_boids/include/uuv_boids/uuv_boids/msg/detail/geo_ping__rosidl_typesupport_introspection_c.h
[12.347s] -- Up-to-date: /home/fourdds/ros2_ws/install/uuv_boids/include/uuv_boids/uuv_boids/msg/detail/geo_ping__type_support.c
[12.347s] -- Up-to-date: /home/fourdds/ros2_ws/install/uuv_boids/include/uuv_boids/uuv_boids/msg/detail/flocking__type_support.c
[12.347s] -- Up-to-date: /home/fourdds/ros2_ws/install/uuv_boids/include/uuv_boids/uuv_boids/msg/detail/flocking__rosidl_typesupport_introspection_c.h
[12.347s] -- Up-to-date: /home/fourdds/ros2_ws/install/uuv_boids/include/uuv_boids/uuv_boids/msg/rosidl_typesupport_introspection_c__visibility_control.h
[12.347s] -- Up-to-date: /home/fourdds/ros2_ws/install/uuv_boids/lib/libuuv_boids__rosidl_typesupport_introspection_c.so
[12.347s] -- Up-to-date: /home/fourdds/ros2_ws/install/uuv_boids/lib/libuuv_boids__rosidl_typesupport_c.so
[12.347s] -- Up-to-date: /home/fourdds/ros2_ws/install/uuv_boids/include/uuv_boids/uuv_boids
[12.347s] -- Up-to-date: /home/fourdds/ros2_ws/install/uuv_boids/include/uuv_boids/uuv_boids/msg
[12.347s] -- Up-to-date: /home/fourdds/ros2_ws/install/uuv_boids/include/uuv_boids/uuv_boids/msg/detail
[12.347s] -- Up-to-date: /home/fourdds/ros2_ws/install/uuv_boids/include/uuv_boids/uuv_boids/msg/detail/geo_ping__type_support.cpp
[12.347s] -- Up-to-date: /home/fourdds/ros2_ws/install/uuv_boids/include/uuv_boids/uuv_boids/msg/detail/flocking__rosidl_typesupport_introspection_cpp.hpp
[12.347s] -- Up-to-date: /home/fourdds/ros2_ws/install/uuv_boids/include/uuv_boids/uuv_boids/msg/detail/geo_ping__rosidl_typesupport_introspection_cpp.hpp
[12.347s] -- Up-to-date: /home/fourdds/ros2_ws/install/uuv_boids/include/uuv_boids/uuv_boids/msg/detail/flocking__type_support.cpp
[12.347s] -- Up-to-date: /home/fourdds/ros2_ws/install/uuv_boids/lib/libuuv_boids__rosidl_typesupport_introspection_cpp.so
[12.347s] -- Up-to-date: /home/fourdds/ros2_ws/install/uuv_boids/lib/libuuv_boids__rosidl_typesupport_cpp.so
[12.347s] -- Up-to-date: /home/fourdds/ros2_ws/install/uuv_boids/share/uuv_boids/environment/pythonpath.sh
[12.347s] -- Up-to-date: /home/fourdds/ros2_ws/install/uuv_boids/share/uuv_boids/environment/pythonpath.dsv
[12.347s] -- Up-to-date: /home/fourdds/ros2_ws/install/uuv_boids/local/lib/python3.10/dist-packages/uuv_boids-0.0.0-py3.10.egg-info
[12.347s] -- Installing: /home/fourdds/ros2_ws/install/uuv_boids/local/lib/python3.10/dist-packages/uuv_boids-0.0.0-py3.10.egg-info/dependency_links.txt
[12.347s] -- Installing: /home/fourdds/ros2_ws/install/uuv_boids/local/lib/python3.10/dist-packages/uuv_boids-0.0.0-py3.10.egg-info/SOURCES.txt
[12.347s] -- Installing: /home/fourdds/ros2_ws/install/uuv_boids/local/lib/python3.10/dist-packages/uuv_boids-0.0.0-py3.10.egg-info/PKG-INFO
[12.347s] -- Installing: /home/fourdds/ros2_ws/install/uuv_boids/local/lib/python3.10/dist-packages/uuv_boids-0.0.0-py3.10.egg-info/top_level.txt
[12.347s] -- Up-to-date: /home/fourdds/ros2_ws/install/uuv_boids/local/lib/python3.10/dist-packages/uuv_boids
[12.347s] -- Up-to-date: /home/fourdds/ros2_ws/install/uuv_boids/local/lib/python3.10/dist-packages/uuv_boids/_uuv_boids_s.ep.rosidl_typesupport_c.c
[12.347s] -- Up-to-date: /home/fourdds/ros2_ws/install/uuv_boids/local/lib/python3.10/dist-packages/uuv_boids/libuuv_boids__rosidl_generator_py.so
[12.347s] -- Up-to-date: /home/fourdds/ros2_ws/install/uuv_boids/local/lib/python3.10/dist-packages/uuv_boids/uuv_boids_s__rosidl_typesupport_c.cpython-310-x86_64-linux-gnu.so
[12.347s] -- Up-to-date: /home/fourdds/ros2_ws/install/uuv_boids/local/lib/python3.10/dist-packages/uuv_boids/msg
[12.347s] -- Up-to-date: /home/fourdds/ros2_ws/install/uuv_boids/local/lib/python3.10/dist-packages/uuv_boids/msg/_flocking.py
[12.347s] -- Up-to-date: /home/fourdds/ros2_ws/install/uuv_boids/local/lib/python3.10/dist-packages/uuv_boids/msg/_geo_ping_s.c
[12.347s] -- Up-to-date: /home/fourdds/ros2_ws/install/uuv_boids/local/lib/python3.10/dist-packages/uuv_boids/msg/_flocking_s.c
[12.347s] -- Up-to-date: /home/fourdds/ros2_ws/install/uuv_boids/local/lib/python3.10/dist-packages/uuv_boids/msg/_geo_ping.py
[12.347s] -- Up-to-date: /home/fourdds/ros2_ws/install/uuv_boids/local/lib/python3.10/dist-packages/uuv_boids/msg/__init__.py
[12.347s] -- Up-to-date: /home/fourdds/ros2_ws/install/uuv_boids/local/lib/python3.10/dist-packages/uuv_boids/_uuv_boids_s.ep.rosidl_typesupport_introspection_c.c
[12.347s] -- Up-to-date: /home/fourdds/ros2_ws/install/uuv_boids/local/lib/python3.10/dist-packages/uuv_boids/uuv_boids_s__rosidl_typesupport_introspection_c.cpython-310-x86_64-linux-gnu.so
[12.347s] -- Up-to-date: /home/fourdds/ros2_ws/install/uuv_boids/local/lib/python3.10/dist-packages/uuv_boids/_uuv_boids_s.ep.rosidl_typesupport_fastrtps_c.c
[12.347s] -- Up-to-date: /home/fourdds/ros2_ws/install/uuv_boids/local/lib/python3.10/dist-packages/uuv_boids/uuv_boids_s__rosidl_typesupport_fastrtps_c.cpython-310-x86_64-linux-gnu.so
[12.347s] -- Up-to-date: /home/fourdds/ros2_ws/install/uuv_boids/local/lib/python3.10/dist-packages/uuv_boids/__init__.py
[12.365s] Listing '/home/fourdds/ros2_ws/install/uuv_boids/local/lib/python3.10/dist-packages/uuv_boids'...
[12.365s] Listing '/home/fourdds/ros2_ws/install/uuv_boids/local/lib/python3.10/dist-packages/uuv_boids/msg'...
[12.367s] -- Up-to-date: /home/fourdds/ros2_ws/install/uuv_boids/local/lib/python3.10/dist-packages/uuv_boids/uuv_boids_s__rosidl_typesupport_fastrtps_c.cpython-310-x86_64-linux-gnu.so
[12.368s] -- Up-to-date: /home/fourdds/ros2_ws/install/uuv_boids/local/lib/python3.10/dist-packages/uuv_boids/uuv_boids_s__rosidl_typesupport_introspection_c.cpython-310-x86_64-linux-gnu.so
[12.368s] -- Up-to-date: /home/fourdds/ros2_ws/install/uuv_boids/local/lib/python3.10/dist-packages/uuv_boids/uuv_boids_s__rosidl_typesupport_c.cpython-310-x86_64-linux-gnu.so
[12.368s] -- Up-to-date: /home/fourdds/ros2_ws/install/uuv_boids/lib/libuuv_boids__rosidl_generator_py.so
[12.368s] -- Up-to-date: /home/fourdds/ros2_ws/install/uuv_boids/share/uuv_boids/msg/GeoPing.idl
[12.368s] -- Up-to-date: /home/fourdds/ros2_ws/install/uuv_boids/share/uuv_boids/msg/Flocking.idl
[12.368s] -- Up-to-date: /home/fourdds/ros2_ws/install/uuv_boids/share/uuv_boids/msg/GeoPing.msg
[12.368s] -- Up-to-date: /home/fourdds/ros2_ws/install/uuv_boids/share/uuv_boids/msg/Flocking.msg
[12.368s] -- Installing: /home/fourdds/ros2_ws/install/uuv_boids/lib/uuv_boids/swarm_spawner
[12.369s] -- Set runtime path of "/home/fourdds/ros2_ws/install/uuv_boids/lib/uuv_boids/swarm_spawner" to ""
[12.369s] -- Up-to-date: /home/fourdds/ros2_ws/install/uuv_boids/include/uuv_boids
[12.370s] -- Up-to-date: /home/fourdds/ros2_ws/install/uuv_boids/include/uuv_boids/placeholder.txt:Zone.Identifier
[12.370s] -- Up-to-date: /home/fourdds/ros2_ws/install/uuv_boids/include/uuv_boids/placeholder.txt
[12.370s] -- Up-to-date: /home/fourdds/ros2_ws/install/uuv_boids/include/uuv_boids/placeholder.txt:Zone.Identifier:Zone.Identifier
[12.370s] -- Up-to-date: /home/fourdds/ros2_ws/install/uuv_boids/lib/libframe_transforms.so
[12.370s] -- Up-to-date: /home/fourdds/ros2_ws/install/uuv_boids/share/uuv_boids//launch
[12.370s] -- Up-to-date: /home/fourdds/ros2_ws/install/uuv_boids/share/uuv_boids//launch/boids.launch.py
[12.370s] -- Up-to-date: /home/fourdds/ros2_ws/install/uuv_boids/share/uuv_boids//test
[12.370s] -- Up-to-date: /home/fourdds/ros2_ws/install/uuv_boids/share/uuv_boids//test/placeholder.txt:Zone.Identifier
[12.370s] -- Up-to-date: /home/fourdds/ros2_ws/install/uuv_boids/share/uuv_boids//test/placeholder.txt
[12.370s] -- Up-to-date: /home/fourdds/ros2_ws/install/uuv_boids/share/uuv_boids//test/placeholder.txt:Zone.Identifier:Zone.Identifier
[12.370s] -- Up-to-date: /home/fourdds/ros2_ws/install/uuv_boids/share/ament_index/resource_index/package_run_dependencies/uuv_boids
[12.371s] -- Up-to-date: /home/fourdds/ros2_ws/install/uuv_boids/share/ament_index/resource_index/parent_prefix_path/uuv_boids
[12.371s] -- Up-to-date: /home/fourdds/ros2_ws/install/uuv_boids/share/uuv_boids/environment/ament_prefix_path.sh
[12.371s] -- Up-to-date: /home/fourdds/ros2_ws/install/uuv_boids/share/uuv_boids/environment/ament_prefix_path.dsv
[12.371s] -- Up-to-date: /home/fourdds/ros2_ws/install/uuv_boids/share/uuv_boids/environment/path.sh
[12.371s] -- Up-to-date: /home/fourdds/ros2_ws/install/uuv_boids/share/uuv_boids/environment/path.dsv
[12.371s] -- Up-to-date: /home/fourdds/ros2_ws/install/uuv_boids/share/uuv_boids/local_setup.bash
[12.371s] -- Up-to-date: /home/fourdds/ros2_ws/install/uuv_boids/share/uuv_boids/local_setup.sh
[12.371s] -- Up-to-date: /home/fourdds/ros2_ws/install/uuv_boids/share/uuv_boids/local_setup.zsh
[12.371s] -- Up-to-date: /home/fourdds/ros2_ws/install/uuv_boids/share/uuv_boids/local_setup.dsv
[12.371s] -- Installing: /home/fourdds/ros2_ws/install/uuv_boids/share/uuv_boids/package.dsv
[12.371s] -- Up-to-date: /home/fourdds/ros2_ws/install/uuv_boids/share/ament_index/resource_index/packages/uuv_boids
[12.371s] -- Up-to-date: /home/fourdds/ros2_ws/install/uuv_boids/share/uuv_boids/cmake/export_uuv_boids__rosidl_generator_cExport.cmake
[12.372s] -- Up-to-date: /home/fourdds/ros2_ws/install/uuv_boids/share/uuv_boids/cmake/export_uuv_boids__rosidl_generator_cExport-noconfig.cmake
[12.372s] -- Up-to-date: /home/fourdds/ros2_ws/install/uuv_boids/share/uuv_boids/cmake/export_uuv_boids__rosidl_typesupport_fastrtps_cExport.cmake
[12.372s] -- Up-to-date: /home/fourdds/ros2_ws/install/uuv_boids/share/uuv_boids/cmake/export_uuv_boids__rosidl_typesupport_fastrtps_cExport-noconfig.cmake
[12.372s] -- Up-to-date: /home/fourdds/ros2_ws/install/uuv_boids/share/uuv_boids/cmake/export_uuv_boids__rosidl_generator_cppExport.cmake
[12.372s] -- Up-to-date: /home/fourdds/ros2_ws/install/uuv_boids/share/uuv_boids/cmake/export_uuv_boids__rosidl_typesupport_fastrtps_cppExport.cmake
[12.372s] -- Up-to-date: /home/fourdds/ros2_ws/install/uuv_boids/share/uuv_boids/cmake/export_uuv_boids__rosidl_typesupport_fastrtps_cppExport-noconfig.cmake
[12.372s] -- Up-to-date: /home/fourdds/ros2_ws/install/uuv_boids/share/uuv_boids/cmake/uuv_boids__rosidl_typesupport_introspection_cExport.cmake
[12.373s] -- Up-to-date: /home/fourdds/ros2_ws/install/uuv_boids/share/uuv_boids/cmake/uuv_boids__rosidl_typesupport_introspection_cExport-noconfig.cmake
[12.373s] -- Up-to-date: /home/fourdds/ros2_ws/install/uuv_boids/share/uuv_boids/cmake/uuv_boids__rosidl_typesupport_cExport.cmake
[12.373s] -- Up-to-date: /home/fourdds/ros2_ws/install/uuv_boids/share/uuv_boids/cmake/uuv_boids__rosidl_typesupport_cExport-noconfig.cmake
[12.373s] -- Up-to-date: /home/fourdds/ros2_ws/install/uuv_boids/share/uuv_boids/cmake/uuv_boids__rosidl_typesupport_introspection_cppExport.cmake
[12.373s] -- Up-to-date: /home/fourdds/ros2_ws/install/uuv_boids/share/uuv_boids/cmake/uuv_boids__rosidl_typesupport_introspection_cppExport-noconfig.cmake
[12.373s] -- Up-to-date: /home/fourdds/ros2_ws/install/uuv_boids/share/uuv_boids/cmake/uuv_boids__rosidl_typesupport_cppExport.cmake
[12.373s] -- Up-to-date: /home/fourdds/ros2_ws/install/uuv_boids/share/uuv_boids/cmake/uuv_boids__rosidl_typesupport_cppExport-noconfig.cmake
[12.373s] -- Up-to-date: /home/fourdds/ros2_ws/install/uuv_boids/share/uuv_boids/cmake/export_uuv_boids__rosidl_generator_pyExport.cmake
[12.373s] -- Up-to-date: /home/fourdds/ros2_ws/install/uuv_boids/share/uuv_boids/cmake/export_uuv_boids__rosidl_generator_pyExport-noconfig.cmake
[12.373s] -- Up-to-date: /home/fourdds/ros2_ws/install/uuv_boids/share/uuv_boids/cmake/export_frame_transformsExport.cmake
[12.374s] -- Up-to-date: /home/fourdds/ros2_ws/install/uuv_boids/share/uuv_boids/cmake/export_frame_transformsExport-noconfig.cmake
[12.374s] -- Up-to-date: /home/fourdds/ros2_ws/install/uuv_boids/share/uuv_boids/cmake/rosidl_cmake-extras.cmake
[12.374s] -- Up-to-date: /home/fourdds/ros2_ws/install/uuv_boids/share/uuv_boids/cmake/ament_cmake_export_include_directories-extras.cmake
[12.374s] -- Up-to-date: /home/fourdds/ros2_ws/install/uuv_boids/share/uuv_boids/cmake/ament_cmake_export_libraries-extras.cmake
[12.374s] -- Up-to-date: /home/fourdds/ros2_ws/install/uuv_boids/share/uuv_boids/cmake/ament_cmake_export_targets-extras.cmake
[12.374s] -- Up-to-date: /home/fourdds/ros2_ws/install/uuv_boids/share/uuv_boids/cmake/rosidl_cmake_export_typesupport_targets-extras.cmake
[12.374s] -- Up-to-date: /home/fourdds/ros2_ws/install/uuv_boids/share/uuv_boids/cmake/ament_cmake_export_dependencies-extras.cmake
[12.374s] -- Up-to-date: /home/fourdds/ros2_ws/install/uuv_boids/share/uuv_boids/cmake/rosidl_cmake_export_typesupport_libraries-extras.cmake
[12.374s] -- Up-to-date: /home/fourdds/ros2_ws/install/uuv_boids/share/uuv_boids/cmake/uuv_boidsConfig.cmake
[12.374s] -- Up-to-date: /home/fourdds/ros2_ws/install/uuv_boids/share/uuv_boids/cmake/uuv_boidsConfig-version.cmake
[12.374s] -- Up-to-date: /home/fourdds/ros2_ws/install/uuv_boids/share/uuv_boids/package.xml
[12.375s] Invoked command in '/home/fourdds/ros2_ws/build/uuv_boids' returned '0': CMAKE_PREFIX_PATH=/home/fourdds/ros2_ws/install/px4_msgs:/home/fourdds/ros2_ws/install/uuv_boids:/home/fourdds/ros2_ws/install/px4_ros_com:/home/fourdds/ros2_ws/install/iris-logger:/home/fourdds/ros2_ws/install/boids:/opt/ros/humble LD_LIBRARY_PATH=/home/fourdds/ros2_ws/install/px4_msgs/lib:/home/fourdds/ros2_ws/install/uuv_boids/lib:/home/fourdds/ros2_ws/install/px4_ros_com/lib:/home/fourdds/ros2_ws/install/boids/lib:/usr/lib/x86_64-linux-gnu/gazebo-11/plugins:/opt/ros/humble/opt/rviz_ogre_vendor/lib:/opt/ros/humble/lib/x86_64-linux-gnu:/opt/ros/humble/lib /usr/bin/cmake --install /home/fourdds/ros2_ws/build/uuv_boids
