[2.380s] Invoking command in '/home/fourdds/ros2_ws/src/analysis': PYTHONPATH=/home/fourdds/ros2_ws/build/analysis/prefix_override:/usr/lib/python3/dist-packages/colcon_core/task/python/colcon_distutils_commands:/home/fourdds/ros2_ws/install/analysis/lib/python3.10/site-packages:${PYTHONPATH} /usr/bin/python3 -W ignore:setup.py install is deprecated setup.py egg_info --egg-base ../../build/analysis build --build-base /home/fourdds/ros2_ws/build/analysis/build install --record /home/fourdds/ros2_ws/build/analysis/install.log --single-version-externally-managed install_data
[2.884s] running egg_info
[2.915s] writing ../../build/analysis/analysis.egg-info/PKG-INFO
[2.916s] writing dependency_links to ../../build/analysis/analysis.egg-info/dependency_links.txt
[2.917s] writing entry points to ../../build/analysis/analysis.egg-info/entry_points.txt
[2.918s] writing requirements to ../../build/analysis/analysis.egg-info/requires.txt
[2.919s] writing top-level names to ../../build/analysis/analysis.egg-info/top_level.txt
[2.991s] reading manifest file '../../build/analysis/analysis.egg-info/SOURCES.txt'
[2.992s] adding license file 'LICENSE'
[2.993s] writing manifest file '../../build/analysis/analysis.egg-info/SOURCES.txt'
[2.993s] running build
[2.994s] running build_py
[2.994s] running install
[3.005s] running install_lib
[3.044s] running install_data
[3.044s] running install_egg_info
[3.078s] removing '/home/fourdds/ros2_ws/install/analysis/lib/python3.10/site-packages/analysis-0.0.0-py3.10.egg-info' (and everything under it)
[3.079s] Copying ../../build/analysis/analysis.egg-info to /home/fourdds/ros2_ws/install/analysis/lib/python3.10/site-packages/analysis-0.0.0-py3.10.egg-info
[3.082s] running install_scripts
[3.378s] Installing ConvertToCSV script to /home/fourdds/ros2_ws/install/analysis/lib/analysis
[3.379s] writing list of installed files to '/home/fourdds/ros2_ws/build/analysis/install.log'
[3.474s] Invoked command in '/home/fourdds/ros2_ws/src/analysis' returned '0': PYTHONPATH=/home/fourdds/ros2_ws/build/analysis/prefix_override:/usr/lib/python3/dist-packages/colcon_core/task/python/colcon_distutils_commands:/home/fourdds/ros2_ws/install/analysis/lib/python3.10/site-packages:${PYTHONPATH} /usr/bin/python3 -W ignore:setup.py install is deprecated setup.py egg_info --egg-base ../../build/analysis build --build-base /home/fourdds/ros2_ws/build/analysis/build install --record /home/fourdds/ros2_ws/build/analysis/install.log --single-version-externally-managed install_data
