[0.007s] Invoking command in '/home/fourdds/ros2_ws/build/drone': CMAKE_PREFIX_PATH=${CMAKE_PREFIX_PATH}:/home/fourdds/ros2_ws/install/analysis:/home/fourdds/ws/install/opencv_tests:/opt/ros/humble /usr/bin/cmake --build /home/fourdds/ros2_ws/build/drone -- -j24 -l24
[0.028s] [35m[1mConsolidate compiler generated dependencies of target Drone[0m
[0.039s] [ 33%] [32m[1mLinking CXX executable Drone[0m
[0.343s] [100%] Built target Drone
[0.351s] Invoked command in '/home/fourdds/ros2_ws/build/drone' returned '0': CMAKE_PREFIX_PATH=${CMAKE_PREFIX_PATH}:/home/fourdds/ros2_ws/install/analysis:/home/fourdds/ws/install/opencv_tests:/opt/ros/humble /usr/bin/cmake --build /home/fourdds/ros2_ws/build/drone -- -j24 -l24
[0.366s] Invoking command in '/home/fourdds/ros2_ws/build/drone': CMAKE_PREFIX_PATH=${CMAKE_PREFIX_PATH}:/home/fourdds/ros2_ws/install/analysis:/home/fourdds/ws/install/opencv_tests:/opt/ros/humble /usr/bin/cmake --install /home/fourdds/ros2_ws/build/drone
[0.369s] -- Install configuration: ""
[0.370s] -- Installing: /home/fourdds/ros2_ws/install/drone/lib/drone/Drone
[0.371s] -- Set runtime path of "/home/fourdds/ros2_ws/install/drone/lib/drone/Drone" to ""
[0.371s] -- Up-to-date: /home/fourdds/ros2_ws/install/drone/share/ament_index/resource_index/package_run_dependencies/drone
[0.371s] -- Up-to-date: /home/fourdds/ros2_ws/install/drone/share/ament_index/resource_index/parent_prefix_path/drone
[0.371s] -- Up-to-date: /home/fourdds/ros2_ws/install/drone/share/drone/environment/ament_prefix_path.sh
[0.371s] -- Up-to-date: /home/fourdds/ros2_ws/install/drone/share/drone/environment/ament_prefix_path.dsv
[0.371s] -- Up-to-date: /home/fourdds/ros2_ws/install/drone/share/drone/environment/path.sh
[0.371s] -- Up-to-date: /home/fourdds/ros2_ws/install/drone/share/drone/environment/path.dsv
[0.371s] -- Up-to-date: /home/fourdds/ros2_ws/install/drone/share/drone/local_setup.bash
[0.371s] -- Up-to-date: /home/fourdds/ros2_ws/install/drone/share/drone/local_setup.sh
[0.371s] -- Up-to-date: /home/fourdds/ros2_ws/install/drone/share/drone/local_setup.zsh
[0.371s] -- Up-to-date: /home/fourdds/ros2_ws/install/drone/share/drone/local_setup.dsv
[0.371s] -- Installing: /home/fourdds/ros2_ws/install/drone/share/drone/package.dsv
[0.372s] -- Up-to-date: /home/fourdds/ros2_ws/install/drone/share/ament_index/resource_index/packages/drone
[0.372s] -- Up-to-date: /home/fourdds/ros2_ws/install/drone/share/drone/cmake/droneConfig.cmake
[0.372s] -- Up-to-date: /home/fourdds/ros2_ws/install/drone/share/drone/cmake/droneConfig-version.cmake
[0.372s] -- Up-to-date: /home/fourdds/ros2_ws/install/drone/share/drone/package.xml
[0.373s] Invoked command in '/home/fourdds/ros2_ws/build/drone' returned '0': CMAKE_PREFIX_PATH=${CMAKE_PREFIX_PATH}:/home/fourdds/ros2_ws/install/analysis:/home/fourdds/ws/install/opencv_tests:/opt/ros/humble /usr/bin/cmake --install /home/fourdds/ros2_ws/build/drone
