[0.181s] Invoking command in '/home/fourdds/ros2_ws/build/target_detection': CMAKE_PREFIX_PATH=${CMAKE_PREFIX_PATH}:/home/fourdds/ros2_ws/install/analysis:/home/fourdds/ws/install/opencv_tests:/opt/ros/humble /usr/bin/cmake /home/fourdds/ros2_ws/src/target_detection -DCMAKE_INSTALL_PREFIX=/home/fourdds/ros2_ws/install/target_detection
[0.246s] -- The C compiler identification is GNU 11.4.0
[0.478s] -- The CXX compiler identification is GNU 11.4.0
[0.639s] -- Detecting C compiler ABI info
[0.735s] -- Detecting C compiler ABI info - done
[0.741s] -- Check for working C compiler: /usr/bin/cc - skipped
[0.741s] -- Detecting C compile features
[0.742s] -- Detecting C compile features - done
[0.745s] -- Detecting CXX compiler ABI info
[0.845s] -- Detecting CXX compiler ABI info - done
[0.853s] -- Check for working CXX compiler: /usr/bin/c++ - skipped
[0.853s] -- Detecting CXX compile features
[0.853s] -- Detecting CXX compile features - done
[0.855s] -- Found ament_cmake: 1.3.9 (/opt/ros/humble/share/ament_cmake/cmake)
[1.250s] -- Found Python3: /usr/bin/python3 (found version "3.10.12") found components: Interpreter 
[1.341s] -- Found sensor_msgs: 4.2.4 (/opt/ros/humble/share/sensor_msgs/cmake)
[1.445s] -- Found rosidl_generator_c: 3.1.5 (/opt/ros/humble/share/rosidl_generator_c/cmake)
[1.450s] -- Found rosidl_adapter: 3.1.5 (/opt/ros/humble/share/rosidl_adapter/cmake)
[1.455s] -- Found rosidl_generator_cpp: 3.1.5 (/opt/ros/humble/share/rosidl_generator_cpp/cmake)
[1.466s] -- Using all available rosidl_typesupport_c: rosidl_typesupport_fastrtps_c;rosidl_typesupport_introspection_c
[1.483s] -- Using all available rosidl_typesupport_cpp: rosidl_typesupport_fastrtps_cpp;rosidl_typesupport_introspection_cpp
[2.128s] [31mCMake Error at CMakeLists.txt:11 (find_package):
[2.128s]   By not providing "Findparameters.cmake" in CMAKE_MODULE_PATH this project
[2.129s]   has asked CMake to find a package configuration file provided by
[2.129s]   "parameters", but CMake did not find one.
[2.130s] 
[2.130s]   Could not find a package configuration file provided by "parameters" with
[2.130s]   any of the following names:
[2.130s] 
[2.130s]     parametersConfig.cmake
[2.130s]     parameters-config.cmake
[2.130s] 
[2.131s]   Add the installation prefix of "parameters" to CMAKE_PREFIX_PATH or set
[2.131s]   "parameters_DIR" to a directory containing one of the above files.  If
[2.131s]   "parameters" provides a separate development package or SDK, be sure it has
[2.132s]   been installed.
[2.132s] 
[2.133s] -- Configuring incomplete, errors occurred!
[2.133s] See also "/home/fourdds/ros2_ws/build/target_detection/CMakeFiles/CMakeOutput.log".
[2.133s] [0m
[2.138s] Invoked command in '/home/fourdds/ros2_ws/build/target_detection' returned '1': CMAKE_PREFIX_PATH=${CMAKE_PREFIX_PATH}:/home/fourdds/ros2_ws/install/analysis:/home/fourdds/ws/install/opencv_tests:/opt/ros/humble /usr/bin/cmake /home/fourdds/ros2_ws/src/target_detection -DCMAKE_INSTALL_PREFIX=/home/fourdds/ros2_ws/install/target_detection
