[0.676s] Invoking command in '/home/fourdds/ros2_ws/build/drone': CMAKE_PREFIX_PATH=/opt/ros/humble /usr/bin/cmake --build /home/fourdds/ros2_ws/build/drone -- -j16 -l16
[0.803s] [35m[1mConsolidate compiler generated dependencies of target Drone[0m
[0.826s] [ 33%] [32mBuilding CXX object CMakeFiles/Drone.dir/src/Drone.cpp.o[0m
[34.772s] [ 66%] [32m[1mLinking CXX executable Drone[0m
[35.355s] [100%] Built target Drone
[35.367s] Invoked command in '/home/fourdds/ros2_ws/build/drone' returned '0': CMAKE_PREFIX_PATH=/opt/ros/humble /usr/bin/cmake --build /home/fourdds/ros2_ws/build/drone -- -j16 -l16
[35.401s] Invoking command in '/home/fourdds/ros2_ws/build/drone': CMAKE_PREFIX_PATH=/opt/ros/humble /usr/bin/cmake --install /home/fourdds/ros2_ws/build/drone
[35.406s] -- Install configuration: ""
[35.406s] -- Execute custom install script
[35.407s] -- Up-to-date symlink: /home/fourdds/ros2_ws/install/drone/lib/drone/Drone
[35.407s] -- Up-to-date symlink: /home/fourdds/ros2_ws/install/drone/share/ament_index/resource_index/package_run_dependencies/drone
[35.407s] -- Up-to-date symlink: /home/fourdds/ros2_ws/install/drone/share/ament_index/resource_index/parent_prefix_path/drone
[35.407s] -- Up-to-date symlink: /home/fourdds/ros2_ws/install/drone/share/drone/environment/ament_prefix_path.sh
[35.407s] -- Up-to-date symlink: /home/fourdds/ros2_ws/install/drone/share/drone/environment/ament_prefix_path.dsv
[35.407s] -- Up-to-date symlink: /home/fourdds/ros2_ws/install/drone/share/drone/environment/path.sh
[35.408s] -- Up-to-date symlink: /home/fourdds/ros2_ws/install/drone/share/drone/environment/path.dsv
[35.408s] -- Up-to-date symlink: /home/fourdds/ros2_ws/install/drone/share/drone/local_setup.bash
[35.408s] -- Up-to-date symlink: /home/fourdds/ros2_ws/install/drone/share/drone/local_setup.sh
[35.408s] -- Up-to-date symlink: /home/fourdds/ros2_ws/install/drone/share/drone/local_setup.zsh
[35.408s] -- Up-to-date symlink: /home/fourdds/ros2_ws/install/drone/share/drone/local_setup.dsv
[35.408s] -- Symlinking: /home/fourdds/ros2_ws/install/drone/share/drone/package.dsv
[35.417s] -- Up-to-date symlink: /home/fourdds/ros2_ws/install/drone/share/ament_index/resource_index/packages/drone
[35.417s] -- Up-to-date symlink: /home/fourdds/ros2_ws/install/drone/share/drone/cmake/droneConfig.cmake
[35.417s] -- Up-to-date symlink: /home/fourdds/ros2_ws/install/drone/share/drone/cmake/droneConfig-version.cmake
[35.417s] -- Up-to-date symlink: /home/fourdds/ros2_ws/install/drone/share/drone/package.xml
[35.420s] Invoked command in '/home/fourdds/ros2_ws/build/drone' returned '0': CMAKE_PREFIX_PATH=/opt/ros/humble /usr/bin/cmake --install /home/fourdds/ros2_ws/build/drone
