[0.590s] Invoking command in '/home/fourdds/ros2_ws/build/stigmergy': CMAKE_PREFIX_PATH=/opt/ros/humble /usr/bin/cmake /home/fourdds/ros2_ws/src/stigmergy -DAMENT_CMAKE_SYMLINK_INSTALL=1 -DCMAKE_INSTALL_PREFIX=/home/fourdds/ros2_ws/install/stigmergy
[0.685s] -- Found ament_cmake: 1.3.10 (/opt/ros/humble/share/ament_cmake/cmake)
[1.047s] -- Override CMake install command with custom implementation using symlinks instead of copying resources
[1.069s] -- Found rclcpp: 16.0.10 (/opt/ros/humble/share/rclcpp/cmake)
[1.151s] -- Found rosidl_generator_c: 3.1.5 (/opt/ros/humble/share/rosidl_generator_c/cmake)
[1.158s] -- Found rosidl_adapter: 3.1.5 (/opt/ros/humble/share/rosidl_adapter/cmake)
[1.174s] -- Found rosidl_generator_cpp: 3.1.5 (/opt/ros/humble/share/rosidl_generator_cpp/cmake)
[1.198s] -- Using all available rosidl_typesupport_c: rosidl_typesupport_fastrtps_c;rosidl_typesupport_introspection_c
[1.226s] -- Using all available rosidl_typesupport_cpp: rosidl_typesupport_fastrtps_cpp;rosidl_typesupport_introspection_cpp
[1.297s] -- Found rmw_implementation_cmake: 6.1.2 (/opt/ros/humble/share/rmw_implementation_cmake/cmake)
[1.301s] -- Found rmw_fastrtps_cpp: 6.2.7 (/opt/ros/humble/share/rmw_fastrtps_cpp/cmake)
[1.720s] -- Using RMW implementation 'rmw_fastrtps_cpp' as default
[1.848s] -- Found eigen3_cmake_module: 0.1.1 (/opt/ros/humble/share/eigen3_cmake_module/cmake)
[1.854s] -- Found rosidl_default_generators: 1.2.0 (/opt/ros/humble/share/rosidl_default_generators/cmake)
[1.917s] [31mCMake Error at CMakeLists.txt:15 (find_package):
[1.917s]   By not providing "Findstigmergy.cmake" in CMAKE_MODULE_PATH this project
[1.918s]   has asked CMake to find a package configuration file provided by
[1.918s]   "stigmergy", but CMake did not find one.
[1.918s] 
[1.918s]   Could not find a package configuration file provided by "stigmergy" with
[1.918s]   any of the following names:
[1.918s] 
[1.918s]     stigmergyConfig.cmake
[1.919s]     stigmergy-config.cmake
[1.919s] 
[1.919s]   Add the installation prefix of "stigmergy" to CMAKE_PREFIX_PATH or set
[1.919s]   "stigmergy_DIR" to a directory containing one of the above files.  If
[1.919s]   "stigmergy" provides a separate development package or SDK, be sure it has
[1.919s]   been installed.
[1.919s] 
[1.920s] [0m
[1.920s] -- Configuring incomplete, errors occurred!
[1.920s] See also "/home/fourdds/ros2_ws/build/stigmergy/CMakeFiles/CMakeOutput.log".
[1.937s] Invoked command in '/home/fourdds/ros2_ws/build/stigmergy' returned '1': CMAKE_PREFIX_PATH=/opt/ros/humble /usr/bin/cmake /home/fourdds/ros2_ws/src/stigmergy -DAMENT_CMAKE_SYMLINK_INSTALL=1 -DCMAKE_INSTALL_PREFIX=/home/fourdds/ros2_ws/install/stigmergy
