[2.576s] Invoking command in '/home/fourdds/ros2_ws/src/analysis': PYTHONPATH=/home/fourdds/ros2_ws/build/analysis/prefix_override:/usr/lib/python3/dist-packages/colcon_core/task/python/colcon_distutils_commands:/home/fourdds/ros2_ws/install/analysis/lib/python3.10/site-packages:${PYTHONPATH} /usr/bin/python3 -W ignore:setup.py install is deprecated setup.py egg_info --egg-base ../../build/analysis build --build-base /home/fourdds/ros2_ws/build/analysis/build install --record /home/fourdds/ros2_ws/build/analysis/install.log --single-version-externally-managed install_data
[3.051s] running egg_info
[3.084s] writing ../../build/analysis/analysis.egg-info/PKG-INFO
[3.086s] writing dependency_links to ../../build/analysis/analysis.egg-info/dependency_links.txt
[3.087s] writing entry points to ../../build/analysis/analysis.egg-info/entry_points.txt
[3.087s] writing requirements to ../../build/analysis/analysis.egg-info/requires.txt
[3.088s] writing top-level names to ../../build/analysis/analysis.egg-info/top_level.txt
[3.150s] reading manifest file '../../build/analysis/analysis.egg-info/SOURCES.txt'
[3.151s] adding license file 'LICENSE'
[3.152s] writing manifest file '../../build/analysis/analysis.egg-info/SOURCES.txt'
[3.153s] running build
[3.153s] running build_py
[3.154s] running install
[3.165s] running install_lib
[3.198s] running install_data
[3.199s] running install_egg_info
[3.240s] removing '/home/fourdds/ros2_ws/install/analysis/lib/python3.10/site-packages/analysis-0.0.0-py3.10.egg-info' (and everything under it)
[3.243s] Copying ../../build/analysis/analysis.egg-info to /home/fourdds/ros2_ws/install/analysis/lib/python3.10/site-packages/analysis-0.0.0-py3.10.egg-info
[3.246s] running install_scripts
[3.584s] Installing ConvertToCSV script to /home/fourdds/ros2_ws/install/analysis/lib/analysis
[3.585s] writing list of installed files to '/home/fourdds/ros2_ws/build/analysis/install.log'
[3.672s] Invoked command in '/home/fourdds/ros2_ws/src/analysis' returned '0': PYTHONPATH=/home/fourdds/ros2_ws/build/analysis/prefix_override:/usr/lib/python3/dist-packages/colcon_core/task/python/colcon_distutils_commands:/home/fourdds/ros2_ws/install/analysis/lib/python3.10/site-packages:${PYTHONPATH} /usr/bin/python3 -W ignore:setup.py install is deprecated setup.py egg_info --egg-base ../../build/analysis build --build-base /home/fourdds/ros2_ws/build/analysis/build install --record /home/fourdds/ros2_ws/build/analysis/install.log --single-version-externally-managed install_data
