[0.008s] Invoking command in '/home/fourdds/ros2_ws/build/target_detection': CMAKE_PREFIX_PATH=${CMAKE_PREFIX_PATH}:/opt/ros/humble /usr/bin/cmake --build /home/fourdds/ros2_ws/build/target_detection -- -j24 -l24
[0.021s] -- Found ament_cmake: 1.3.8 (/opt/ros/humble/share/ament_cmake/cmake)
[0.098s] -- Found sensor_msgs: 4.2.3 (/opt/ros/humble/share/sensor_msgs/cmake)
[0.112s] -- Found rosidl_generator_c: 3.1.5 (/opt/ros/humble/share/rosidl_generator_c/cmake)
[0.113s] -- Found rosidl_adapter: 3.1.5 (/opt/ros/humble/share/rosidl_adapter/cmake)
[0.116s] -- Found rosidl_generator_cpp: 3.1.5 (/opt/ros/humble/share/rosidl_generator_cpp/cmake)
[0.123s] -- Using all available rosidl_typesupport_c: rosidl_typesupport_fastrtps_c;rosidl_typesupport_introspection_c
[0.139s] -- Using all available rosidl_typesupport_cpp: rosidl_typesupport_fastrtps_cpp;rosidl_typesupport_introspection_cpp
[0.256s] -- Found parameters: 0.0.0 (/home/fourdds/ros2_ws/install/parameters/share/parameters/cmake)
[0.257s] -- Found rclcpp: 16.0.8 (/opt/ros/humble/share/rclcpp/cmake)
[0.285s] -- Found rmw_implementation_cmake: 6.1.1 (/opt/ros/humble/share/rmw_implementation_cmake/cmake)
[0.286s] -- Found rmw_fastrtps_cpp: 6.2.6 (/opt/ros/humble/share/rmw_fastrtps_cpp/cmake)
[0.350s] -- Using RMW implementation 'rmw_fastrtps_cpp' as default
[0.426s] -- Found OpenCV: /usr (found version "4.5.4") 
[0.430s] -- Found ament_lint_auto: 0.12.10 (/opt/ros/humble/share/ament_lint_auto/cmake)
[0.472s] -- Added test 'cppcheck' to perform static code analysis on C / C++ code
[0.472s] -- Configured cppcheck include dirs: $<BUILD_INTERFACE:/home/fourdds/ros2_ws/src/target_detection/include>
[0.472s] -- Configured cppcheck exclude dirs and/or files: 
[0.472s] -- Added test 'lint_cmake' to check CMake code style
[0.472s] -- Added test 'uncrustify' to check C / C++ code style
[0.472s] -- Configured uncrustify additional arguments: 
[0.473s] -- Added test 'xmllint' to check XML markup files
[0.473s] -- Configuring done
[0.480s] -- Generating done
[0.481s] -- Build files have been written to: /home/fourdds/ros2_ws/build/target_detection
[0.496s] [35m[1mConsolidate compiler generated dependencies of target TargetDetection[0m
[0.506s] [ 50%] [32mBuilding CXX object CMakeFiles/TargetDetection.dir/src/TargetDetection.cpp.o[0m
[2.339s] [01m[K/home/fourdds/ros2_ws/src/target_detection/src/TargetDetection.cpp:[m[K In member function ‘[01m[Kint fdds::TargetDetection::tick()[m[K’:
[2.339s] [01m[K/home/fourdds/ros2_ws/src/target_detection/src/TargetDetection.cpp:11:1:[m[K [01;35m[Kwarning: [m[Kno return statement in function returning non-void [[01;35m[K]8;;https://gcc.gnu.org/onlinedocs/gcc/Warning-Options.html#index-Wreturn-type-Wreturn-type]8;;[m[K]
[2.339s]    11 | [01;35m[K}[m[K
[2.339s]       | [01;35m[K^[m[K
[4.617s] [100%] [32m[1mLinking CXX static library libTargetDetection.a[0m
[4.632s] [100%] Built target TargetDetection
[4.638s] Invoked command in '/home/fourdds/ros2_ws/build/target_detection' returned '0': CMAKE_PREFIX_PATH=${CMAKE_PREFIX_PATH}:/opt/ros/humble /usr/bin/cmake --build /home/fourdds/ros2_ws/build/target_detection -- -j24 -l24
[4.656s] Invoking command in '/home/fourdds/ros2_ws/build/target_detection': CMAKE_PREFIX_PATH=${CMAKE_PREFIX_PATH}:/opt/ros/humble /usr/bin/cmake --install /home/fourdds/ros2_ws/build/target_detection
[4.659s] -- Install configuration: ""
[4.659s] -- Up-to-date: /home/fourdds/ros2_ws/install/target_detection/share/target_detection/environment/library_path.sh
[4.660s] -- Installing: /home/fourdds/ros2_ws/install/target_detection/share/target_detection/environment/library_path.dsv
[4.660s] -- Up-to-date: /home/fourdds/ros2_ws/install/target_detection/include/target_detection
[4.660s] -- Installing: /home/fourdds/ros2_ws/install/target_detection/include/target_detection/TargetDetection.hpp
[4.660s] -- Installing: /home/fourdds/ros2_ws/install/target_detection/lib/libTargetDetection.a
[4.660s] -- Up-to-date: /home/fourdds/ros2_ws/install/target_detection/share/ament_index/resource_index/package_run_dependencies/target_detection
[4.660s] -- Up-to-date: /home/fourdds/ros2_ws/install/target_detection/share/ament_index/resource_index/parent_prefix_path/target_detection
[4.660s] -- Up-to-date: /home/fourdds/ros2_ws/install/target_detection/share/target_detection/environment/ament_prefix_path.sh
[4.660s] -- Installing: /home/fourdds/ros2_ws/install/target_detection/share/target_detection/environment/ament_prefix_path.dsv
[4.660s] -- Up-to-date: /home/fourdds/ros2_ws/install/target_detection/share/target_detection/environment/path.sh
[4.660s] -- Installing: /home/fourdds/ros2_ws/install/target_detection/share/target_detection/environment/path.dsv
[4.660s] -- Up-to-date: /home/fourdds/ros2_ws/install/target_detection/share/target_detection/local_setup.bash
[4.660s] -- Up-to-date: /home/fourdds/ros2_ws/install/target_detection/share/target_detection/local_setup.sh
[4.660s] -- Up-to-date: /home/fourdds/ros2_ws/install/target_detection/share/target_detection/local_setup.zsh
[4.660s] -- Installing: /home/fourdds/ros2_ws/install/target_detection/share/target_detection/local_setup.dsv
[4.660s] -- Installing: /home/fourdds/ros2_ws/install/target_detection/share/target_detection/package.dsv
[4.660s] -- Up-to-date: /home/fourdds/ros2_ws/install/target_detection/share/ament_index/resource_index/packages/target_detection
[4.660s] -- Up-to-date: /home/fourdds/ros2_ws/install/target_detection/share/target_detection/cmake/ament_cmake_export_include_directories-extras.cmake
[4.661s] -- Up-to-date: /home/fourdds/ros2_ws/install/target_detection/share/target_detection/cmake/ament_cmake_export_libraries-extras.cmake
[4.661s] -- Up-to-date: /home/fourdds/ros2_ws/install/target_detection/share/target_detection/cmake/target_detectionConfig.cmake
[4.661s] -- Up-to-date: /home/fourdds/ros2_ws/install/target_detection/share/target_detection/cmake/target_detectionConfig-version.cmake
[4.661s] -- Up-to-date: /home/fourdds/ros2_ws/install/target_detection/share/target_detection/package.xml
[4.662s] Invoked command in '/home/fourdds/ros2_ws/build/target_detection' returned '0': CMAKE_PREFIX_PATH=${CMAKE_PREFIX_PATH}:/opt/ros/humble /usr/bin/cmake --install /home/fourdds/ros2_ws/build/target_detection
