[0.110s] Invoking command in '/home/fourdds/ros2_ws/build/parameters': CMAKE_PREFIX_PATH=/opt/ros/humble /usr/bin/cmake --build /home/fourdds/ros2_ws/build/parameters -- -j16 -l16
[0.830s] [100%] Built target Parameters
[0.969s] Invoked command in '/home/fourdds/ros2_ws/build/parameters' returned '0': CMAKE_PREFIX_PATH=/opt/ros/humble /usr/bin/cmake --build /home/fourdds/ros2_ws/build/parameters -- -j16 -l16
[1.096s] Invoking command in '/home/fourdds/ros2_ws/build/parameters': CMAKE_PREFIX_PATH=/opt/ros/humble /usr/bin/cmake --install /home/fourdds/ros2_ws/build/parameters
[1.113s] -- Install configuration: ""
[1.114s] -- Execute custom install script
[1.114s] -- Up-to-date symlink: /home/fourdds/ros2_ws/install/parameters/share/parameters/environment/library_path.sh
[1.127s] -- Up-to-date symlink: /home/fourdds/ros2_ws/install/parameters/share/parameters/environment/library_path.dsv
[1.127s] -- Up-to-date symlink: /home/fourdds/ros2_ws/install/parameters/include/parameters/Parameters.hpp
[1.130s] -- Up-to-date symlink: /home/fourdds/ros2_ws/install/parameters/include/parameters/yaml.hpp
[1.131s] -- Up-to-date symlink: /home/fourdds/ros2_ws/install/parameters/share/ament_index/resource_index/package_run_dependencies/parameters
[1.132s] -- Up-to-date symlink: /home/fourdds/ros2_ws/install/parameters/share/ament_index/resource_index/parent_prefix_path/parameters
[1.136s] -- Up-to-date symlink: /home/fourdds/ros2_ws/install/parameters/share/parameters/environment/ament_prefix_path.sh
[1.141s] -- Up-to-date symlink: /home/fourdds/ros2_ws/install/parameters/share/parameters/environment/ament_prefix_path.dsv
[1.143s] -- Up-to-date symlink: /home/fourdds/ros2_ws/install/parameters/share/parameters/environment/path.sh
[1.144s] -- Up-to-date symlink: /home/fourdds/ros2_ws/install/parameters/share/parameters/environment/path.dsv
[1.144s] -- Up-to-date symlink: /home/fourdds/ros2_ws/install/parameters/share/parameters/local_setup.bash
[1.144s] -- Up-to-date symlink: /home/fourdds/ros2_ws/install/parameters/share/parameters/local_setup.sh
[1.144s] -- Up-to-date symlink: /home/fourdds/ros2_ws/install/parameters/share/parameters/local_setup.zsh
[1.144s] -- Up-to-date symlink: /home/fourdds/ros2_ws/install/parameters/share/parameters/local_setup.dsv
[1.144s] -- Symlinking: /home/fourdds/ros2_ws/install/parameters/share/parameters/package.dsv
[1.166s] -- Up-to-date symlink: /home/fourdds/ros2_ws/install/parameters/share/ament_index/resource_index/packages/parameters
[1.167s] -- Up-to-date symlink: /home/fourdds/ros2_ws/install/parameters/share/parameters/cmake/ament_cmake_export_include_directories-extras.cmake
[1.168s] -- Up-to-date symlink: /home/fourdds/ros2_ws/install/parameters/share/parameters/cmake/ament_cmake_export_libraries-extras.cmake
[1.168s] -- Up-to-date symlink: /home/fourdds/ros2_ws/install/parameters/share/parameters/cmake/parametersConfig.cmake
[1.169s] -- Up-to-date symlink: /home/fourdds/ros2_ws/install/parameters/share/parameters/cmake/parametersConfig-version.cmake
[1.170s] -- Up-to-date symlink: /home/fourdds/ros2_ws/install/parameters/share/parameters/package.xml
[1.171s] -- Up-to-date: /home/fourdds/ros2_ws/install/parameters/lib/libParameters.a
[1.211s] Invoked command in '/home/fourdds/ros2_ws/build/parameters' returned '0': CMAKE_PREFIX_PATH=/opt/ros/humble /usr/bin/cmake --install /home/fourdds/ros2_ws/build/parameters
