[  1%] Built target boids__cpp
[ 11%] Built target boids__rosidl_generator_c
[ 14%] Built target frame_transforms
[ 18%] [32mBuilding CXX object CMakeFiles/swarm_spawner.dir/src/uav_node.cpp.o[0m
[ 18%] [32mBuilding CXX object CMakeFiles/swarm_spawner.dir/src/base_station.cpp.o[0m
[ 18%] Built target ament_cmake_python_copy_boids
[ 20%] [32mBuilding CXX object CMakeFiles/swarm_spawner.dir/src/main.cpp.o[0m
[ 51%] Built target boids__rosidl_typesupport_cpp
[ 51%] Built target boids__rosidl_typesupport_c
[ 51%] Built target boids__rosidl_typesupport_fastrtps_cpp
[ 57%] Built target boids__rosidl_typesupport_introspection_c
[ 66%] Built target boids__rosidl_typesupport_fastrtps_c
[ 75%] Built target boids__rosidl_typesupport_introspection_cpp
[ 75%] Built target boids
[ 77%] Built target boids__py
[ 85%] Built target boids__rosidl_generator_py
[ 88%] Built target boids__rosidl_typesupport_introspection_c__pyext
[ 92%] Built target boids__rosidl_typesupport_fastrtps_c__pyext
[ 96%] Built target boids__rosidl_typesupport_c__pyext
running egg_info
writing boids.egg-info/PKG-INFO
writing dependency_links to boids.egg-info/dependency_links.txt
writing top-level names to boids.egg-info/top_level.txt
reading manifest file 'boids.egg-info/SOURCES.txt'
writing manifest file 'boids.egg-info/SOURCES.txt'
[ 96%] Built target ament_cmake_python_build_boids_egg
