[0.622s] Invoking command in '/home/fourdds/ros2_ws/build/stigmergy_map': CMAKE_PREFIX_PATH=/opt/ros/humble /usr/bin/cmake --build /home/fourdds/ros2_ws/build/stigmergy_map -- -j16 -l16
[0.744s] [100%] Built target StigmergyMap
[0.824s] Invoked command in '/home/fourdds/ros2_ws/build/stigmergy_map' returned '0': CMAKE_PREFIX_PATH=/opt/ros/humble /usr/bin/cmake --build /home/fourdds/ros2_ws/build/stigmergy_map -- -j16 -l16
[0.952s] Invoking command in '/home/fourdds/ros2_ws/build/stigmergy_map': CMAKE_PREFIX_PATH=/opt/ros/humble /usr/bin/cmake --install /home/fourdds/ros2_ws/build/stigmergy_map
[0.981s] -- Install configuration: ""
[0.990s] -- Execute custom install script
[0.993s] -- Up-to-date symlink: /home/fourdds/ros2_ws/install/stigmergy_map/lib/stigmergy_map/StigmergyMap
[0.994s] -- Up-to-date symlink: /home/fourdds/ros2_ws/install/stigmergy_map/share/ament_index/resource_index/package_run_dependencies/stigmergy_map
[0.994s] -- Up-to-date symlink: /home/fourdds/ros2_ws/install/stigmergy_map/share/ament_index/resource_index/parent_prefix_path/stigmergy_map
[0.994s] -- Up-to-date symlink: /home/fourdds/ros2_ws/install/stigmergy_map/share/stigmergy_map/environment/ament_prefix_path.sh
[0.995s] -- Up-to-date symlink: /home/fourdds/ros2_ws/install/stigmergy_map/share/stigmergy_map/environment/ament_prefix_path.dsv
[0.996s] -- Up-to-date symlink: /home/fourdds/ros2_ws/install/stigmergy_map/share/stigmergy_map/environment/path.sh
[0.996s] -- Up-to-date symlink: /home/fourdds/ros2_ws/install/stigmergy_map/share/stigmergy_map/environment/path.dsv
[0.997s] -- Up-to-date symlink: /home/fourdds/ros2_ws/install/stigmergy_map/share/stigmergy_map/local_setup.bash
[0.997s] -- Up-to-date symlink: /home/fourdds/ros2_ws/install/stigmergy_map/share/stigmergy_map/local_setup.sh
[0.998s] -- Up-to-date symlink: /home/fourdds/ros2_ws/install/stigmergy_map/share/stigmergy_map/local_setup.zsh
[0.998s] -- Up-to-date symlink: /home/fourdds/ros2_ws/install/stigmergy_map/share/stigmergy_map/local_setup.dsv
[0.998s] -- Symlinking: /home/fourdds/ros2_ws/install/stigmergy_map/share/stigmergy_map/package.dsv
[1.007s] -- Up-to-date symlink: /home/fourdds/ros2_ws/install/stigmergy_map/share/ament_index/resource_index/packages/stigmergy_map
[1.007s] -- Up-to-date symlink: /home/fourdds/ros2_ws/install/stigmergy_map/share/stigmergy_map/cmake/stigmergy_mapConfig.cmake
[1.008s] -- Up-to-date symlink: /home/fourdds/ros2_ws/install/stigmergy_map/share/stigmergy_map/cmake/stigmergy_mapConfig-version.cmake
[1.013s] -- Up-to-date symlink: /home/fourdds/ros2_ws/install/stigmergy_map/share/stigmergy_map/package.xml
[1.018s] Invoked command in '/home/fourdds/ros2_ws/build/stigmergy_map' returned '0': CMAKE_PREFIX_PATH=/opt/ros/humble /usr/bin/cmake --install /home/fourdds/ros2_ws/build/stigmergy_map
