[0.034s] Invoking command in '/home/fourdds/ws/build/gazebo_plugins': AMENT_PREFIX_PATH=/home/fourdds/ws/install/gazebo_ros:/home/fourdds/ws/install/gazebo_msgs:/home/fourdds/ws/install/gazebo_dev:/home/fourdds/ws/install/cv_bridge:${AMENT_PREFIX_PATH} CMAKE_PREFIX_PATH=/home/fourdds/ws/install/gazebo_ros:/home/fourdds/ws/install/gazebo_msgs:/home/fourdds/ws/install/gazebo_dev:/home/fourdds/ws/install/cv_bridge:/opt/ros/humble LD_LIBRARY_PATH=/home/fourdds/ws/install/gazebo_ros/lib:/home/fourdds/ws/install/gazebo_msgs/lib:/home/fourdds/ws/install/cv_bridge/lib:${LD_LIBRARY_PATH} PYTHONPATH=/home/fourdds/ws/install/gazebo_ros/local/lib/python3.10/dist-packages:/home/fourdds/ws/install/gazebo_msgs/local/lib/python3.10/dist-packages:/home/fourdds/ws/install/cv_bridge/local/lib/python3.10/dist-packages:${PYTHONPATH} /usr/bin/cmake --build /home/fourdds/ws/build/gazebo_plugins -- -j16 -l16
[0.180s] [  2%] Built target gazebo_ros_imu_sensor
[0.196s] [  4%] Built target multi_camera_plugin
[0.203s] [  6%] Built target gazebo_ros_template
[0.206s] [  9%] Built target gazebo_ros_diff_drive
[0.206s] [ 11%] Built target gazebo_ros_gps_sensor
[0.207s] [ 13%] Built target gazebo_ros_ray_sensor
[0.210s] [ 16%] Built target gazebo_ros_harness
[0.213s] [ 18%] Built target gazebo_ros_ft_sensor
[0.215s] [ 20%] Built target gazebo_ros_ackermann_drive
[0.215s] [ 23%] Built target gazebo_ros_tricycle_drive
[0.216s] [ 25%] Built target gazebo_ros_joint_state_publisher
[0.217s] [ 27%] Built target gazebo_ros_hand_of_god
[0.226s] [ 31%] Built target gazebo_ros_force
[0.226s] [ 32%] Built target gazebo_ros_p3d
[0.227s] [ 34%] Built target gazebo_ros_bumper
[0.236s] [ 37%] Built target gazebo_ros_video
[0.261s] [ 39%] Built target gtest_main
[0.262s] [ 41%] Built target gtest
[0.275s] [ 44%] Built target gazebo_ros_elevator
[0.283s] [ 46%] Built target gazebo_ros_vacuum_gripper
[0.294s] [ 48%] Built target gazebo_ros_joint_pose_trajectory
[0.305s] [ 52%] Built target gazebo_ros_projector
[0.306s] [ 53%] Built target gazebo_ros_wheel_slip
[0.312s] [ 55%] Built target gazebo_ros_camera
[0.315s] [ 58%] Built target gazebo_ros_planar_move
[0.366s] [ 60%] Built target test_gazebo_ros_elevator
[0.368s] [ 62%] Built target test_gazebo_ros_bumper
[0.369s] [ 65%] Built target test_gazebo_ros_diff_drive
[0.371s] [ 67%] Built target test_gazebo_ros_force
[0.374s] [ 69%] Built target test_gazebo_ros_hand_of_god
[0.380s] [ 72%] Built target test_gazebo_ros_imu_sensor
[0.384s] [ 76%] Built target test_gazebo_ros_ft_sensor
[0.384s] [ 76%] Built target test_gazebo_ros_ackermann_drive
[0.387s] [ 79%] Built target test_gazebo_ros_harness
[0.392s] [ 81%] Built target test_gazebo_ros_gps_sensor
[0.399s] [ 83%] Built target test_gazebo_ros_joint_pose_trajectory
[0.408s] [ 86%] Built target test_gazebo_ros_joint_state_publisher
[0.411s] [ 88%] Built target test_gazebo_ros_p3d
[0.413s] [ 90%] Built target test_gazebo_ros_ray_sensor
[0.423s] [ 93%] Built target test_gazebo_ros_tricycle_drive
[0.427s] [ 95%] Built target test_gazebo_ros_planar_move
[0.443s] [ 97%] Built target test_gazebo_ros_vacuum_gripper
[0.447s] [100%] Built target test_gazebo_ros_wheelslip
[0.467s] Invoked command in '/home/fourdds/ws/build/gazebo_plugins' returned '0': AMENT_PREFIX_PATH=/home/fourdds/ws/install/gazebo_ros:/home/fourdds/ws/install/gazebo_msgs:/home/fourdds/ws/install/gazebo_dev:/home/fourdds/ws/install/cv_bridge:${AMENT_PREFIX_PATH} CMAKE_PREFIX_PATH=/home/fourdds/ws/install/gazebo_ros:/home/fourdds/ws/install/gazebo_msgs:/home/fourdds/ws/install/gazebo_dev:/home/fourdds/ws/install/cv_bridge:/opt/ros/humble LD_LIBRARY_PATH=/home/fourdds/ws/install/gazebo_ros/lib:/home/fourdds/ws/install/gazebo_msgs/lib:/home/fourdds/ws/install/cv_bridge/lib:${LD_LIBRARY_PATH} PYTHONPATH=/home/fourdds/ws/install/gazebo_ros/local/lib/python3.10/dist-packages:/home/fourdds/ws/install/gazebo_msgs/local/lib/python3.10/dist-packages:/home/fourdds/ws/install/cv_bridge/local/lib/python3.10/dist-packages:${PYTHONPATH} /usr/bin/cmake --build /home/fourdds/ws/build/gazebo_plugins -- -j16 -l16
[0.668s] Invoking command in '/home/fourdds/ws/build/gazebo_plugins': AMENT_PREFIX_PATH=/home/fourdds/ws/install/gazebo_ros:/home/fourdds/ws/install/gazebo_msgs:/home/fourdds/ws/install/gazebo_dev:/home/fourdds/ws/install/cv_bridge:${AMENT_PREFIX_PATH} CMAKE_PREFIX_PATH=/home/fourdds/ws/install/gazebo_ros:/home/fourdds/ws/install/gazebo_msgs:/home/fourdds/ws/install/gazebo_dev:/home/fourdds/ws/install/cv_bridge:/opt/ros/humble LD_LIBRARY_PATH=/home/fourdds/ws/install/gazebo_ros/lib:/home/fourdds/ws/install/gazebo_msgs/lib:/home/fourdds/ws/install/cv_bridge/lib:${LD_LIBRARY_PATH} PYTHONPATH=/home/fourdds/ws/install/gazebo_ros/local/lib/python3.10/dist-packages:/home/fourdds/ws/install/gazebo_msgs/local/lib/python3.10/dist-packages:/home/fourdds/ws/install/cv_bridge/local/lib/python3.10/dist-packages:${PYTHONPATH} /usr/bin/cmake --install /home/fourdds/ws/build/gazebo_plugins
[0.676s] -- Install configuration: ""
[0.677s] -- Execute custom install script
[0.678s] -- Up-to-date symlink: /home/fourdds/ws/install/gazebo_plugins/share/gazebo_plugins/environment/library_path.sh
[0.678s] -- Up-to-date symlink: /home/fourdds/ws/install/gazebo_plugins/share/gazebo_plugins/environment/library_path.dsv
[0.678s] -- Up-to-date symlink: /home/fourdds/ws/install/gazebo_plugins/share/gazebo_plugins/environment/gazebo_plugins.sh
[0.678s] -- Up-to-date symlink: /home/fourdds/ws/install/gazebo_plugins/share/gazebo_plugins/environment/gazebo_plugins.dsv
[0.678s] -- Up-to-date symlink: /home/fourdds/ws/install/gazebo_plugins/share/ament_index/resource_index/package_run_dependencies/gazebo_plugins
[0.679s] -- Up-to-date symlink: /home/fourdds/ws/install/gazebo_plugins/share/ament_index/resource_index/parent_prefix_path/gazebo_plugins
[0.679s] -- Up-to-date symlink: /home/fourdds/ws/install/gazebo_plugins/share/gazebo_plugins/environment/ament_prefix_path.sh
[0.680s] -- Up-to-date symlink: /home/fourdds/ws/install/gazebo_plugins/share/gazebo_plugins/environment/ament_prefix_path.dsv
[0.680s] -- Up-to-date symlink: /home/fourdds/ws/install/gazebo_plugins/share/gazebo_plugins/environment/path.sh
[0.681s] -- Up-to-date symlink: /home/fourdds/ws/install/gazebo_plugins/share/gazebo_plugins/environment/path.dsv
[0.681s] -- Up-to-date symlink: /home/fourdds/ws/install/gazebo_plugins/share/gazebo_plugins/local_setup.bash
[0.681s] -- Up-to-date symlink: /home/fourdds/ws/install/gazebo_plugins/share/gazebo_plugins/local_setup.sh
[0.682s] -- Up-to-date symlink: /home/fourdds/ws/install/gazebo_plugins/share/gazebo_plugins/local_setup.zsh
[0.682s] -- Up-to-date symlink: /home/fourdds/ws/install/gazebo_plugins/share/gazebo_plugins/local_setup.dsv
[0.682s] -- Symlinking: /home/fourdds/ws/install/gazebo_plugins/share/gazebo_plugins/package.dsv
[0.694s] -- Up-to-date symlink: /home/fourdds/ws/install/gazebo_plugins/share/ament_index/resource_index/packages/gazebo_plugins
[0.694s] -- Up-to-date symlink: /home/fourdds/ws/install/gazebo_plugins/share/gazebo_plugins/cmake/ament_cmake_export_libraries-extras.cmake
[0.694s] -- Up-to-date symlink: /home/fourdds/ws/install/gazebo_plugins/share/gazebo_plugins/cmake/ament_cmake_export_include_directories-extras.cmake
[0.695s] -- Up-to-date symlink: /home/fourdds/ws/install/gazebo_plugins/share/gazebo_plugins/cmake/ament_cmake_export_dependencies-extras.cmake
[0.695s] -- Up-to-date symlink: /home/fourdds/ws/install/gazebo_plugins/share/gazebo_plugins/cmake/gazebo_pluginsConfig.cmake
[0.696s] -- Up-to-date symlink: /home/fourdds/ws/install/gazebo_plugins/share/gazebo_plugins/cmake/gazebo_pluginsConfig-version.cmake
[0.696s] -- Up-to-date symlink: /home/fourdds/ws/install/gazebo_plugins/share/gazebo_plugins/package.xml
[0.697s] -- Up-to-date symlink: /home/fourdds/ws/install/gazebo_plugins/include/gazebo_plugins/gazebo_ros_ackermann_drive.hpp
[0.697s] -- Up-to-date symlink: /home/fourdds/ws/install/gazebo_plugins/include/gazebo_plugins/gazebo_ros_bumper.hpp
[0.698s] -- Up-to-date symlink: /home/fourdds/ws/install/gazebo_plugins/include/gazebo_plugins/gazebo_ros_camera.hpp
[0.698s] -- Up-to-date symlink: /home/fourdds/ws/install/gazebo_plugins/include/gazebo_plugins/gazebo_ros_diff_drive.hpp
[0.698s] -- Up-to-date symlink: /home/fourdds/ws/install/gazebo_plugins/include/gazebo_plugins/gazebo_ros_elevator.hpp
[0.699s] -- Up-to-date symlink: /home/fourdds/ws/install/gazebo_plugins/include/gazebo_plugins/gazebo_ros_force.hpp
[0.699s] -- Up-to-date symlink: /home/fourdds/ws/install/gazebo_plugins/include/gazebo_plugins/gazebo_ros_ft_sensor.hpp
[0.699s] -- Up-to-date symlink: /home/fourdds/ws/install/gazebo_plugins/include/gazebo_plugins/gazebo_ros_gps_sensor.hpp
[0.699s] -- Up-to-date symlink: /home/fourdds/ws/install/gazebo_plugins/include/gazebo_plugins/gazebo_ros_hand_of_god.hpp
[0.700s] -- Up-to-date symlink: /home/fourdds/ws/install/gazebo_plugins/include/gazebo_plugins/gazebo_ros_harness.hpp
[0.700s] -- Up-to-date symlink: /home/fourdds/ws/install/gazebo_plugins/include/gazebo_plugins/gazebo_ros_imu_sensor.hpp
[0.700s] -- Up-to-date symlink: /home/fourdds/ws/install/gazebo_plugins/include/gazebo_plugins/gazebo_ros_joint_pose_trajectory.hpp
[0.700s] -- Up-to-date symlink: /home/fourdds/ws/install/gazebo_plugins/include/gazebo_plugins/gazebo_ros_joint_state_publisher.hpp
[0.700s] -- Up-to-date symlink: /home/fourdds/ws/install/gazebo_plugins/include/gazebo_plugins/gazebo_ros_p3d.hpp
[0.701s] -- Up-to-date symlink: /home/fourdds/ws/install/gazebo_plugins/include/gazebo_plugins/gazebo_ros_planar_move.hpp
[0.701s] -- Up-to-date symlink: /home/fourdds/ws/install/gazebo_plugins/include/gazebo_plugins/gazebo_ros_projector.hpp
[0.702s] -- Up-to-date symlink: /home/fourdds/ws/install/gazebo_plugins/include/gazebo_plugins/gazebo_ros_ray_sensor.hpp
[0.702s] -- Up-to-date symlink: /home/fourdds/ws/install/gazebo_plugins/include/gazebo_plugins/gazebo_ros_template.hpp
[0.702s] -- Up-to-date symlink: /home/fourdds/ws/install/gazebo_plugins/include/gazebo_plugins/gazebo_ros_tricycle_drive.hpp
[0.703s] -- Up-to-date symlink: /home/fourdds/ws/install/gazebo_plugins/include/gazebo_plugins/gazebo_ros_vacuum_gripper.hpp
[0.703s] -- Up-to-date symlink: /home/fourdds/ws/install/gazebo_plugins/include/gazebo_plugins/gazebo_ros_video.hpp
[0.703s] -- Up-to-date symlink: /home/fourdds/ws/install/gazebo_plugins/include/gazebo_plugins/gazebo_ros_wheel_slip.hpp
[0.703s] -- Up-to-date symlink: /home/fourdds/ws/install/gazebo_plugins/include/gazebo_plugins/multi_camera_plugin.hpp
[0.704s] -- Up-to-date symlink: /home/fourdds/ws/install/gazebo_plugins/lib/libgazebo_ros_ackermann_drive.so
[0.704s] -- Up-to-date symlink: /home/fourdds/ws/install/gazebo_plugins/lib/libgazebo_ros_bumper.so
[0.705s] -- Up-to-date symlink: /home/fourdds/ws/install/gazebo_plugins/lib/libgazebo_ros_camera.so
[0.705s] -- Up-to-date symlink: /home/fourdds/ws/install/gazebo_plugins/lib/libgazebo_ros_diff_drive.so
[0.705s] -- Up-to-date symlink: /home/fourdds/ws/install/gazebo_plugins/lib/libgazebo_ros_elevator.so
[0.706s] -- Up-to-date symlink: /home/fourdds/ws/install/gazebo_plugins/lib/libgazebo_ros_force.so
[0.706s] -- Up-to-date symlink: /home/fourdds/ws/install/gazebo_plugins/lib/libgazebo_ros_ft_sensor.so
[0.706s] -- Up-to-date symlink: /home/fourdds/ws/install/gazebo_plugins/lib/libgazebo_ros_hand_of_god.so
[0.706s] -- Up-to-date symlink: /home/fourdds/ws/install/gazebo_plugins/lib/libgazebo_ros_harness.so
[0.707s] -- Up-to-date symlink: /home/fourdds/ws/install/gazebo_plugins/lib/libgazebo_ros_imu_sensor.so
[0.707s] -- Up-to-date symlink: /home/fourdds/ws/install/gazebo_plugins/lib/libgazebo_ros_gps_sensor.so
[0.707s] -- Up-to-date symlink: /home/fourdds/ws/install/gazebo_plugins/lib/libgazebo_ros_joint_pose_trajectory.so
[0.708s] -- Up-to-date symlink: /home/fourdds/ws/install/gazebo_plugins/lib/libgazebo_ros_joint_state_publisher.so
[0.708s] -- Up-to-date symlink: /home/fourdds/ws/install/gazebo_plugins/lib/libgazebo_ros_planar_move.so
[0.708s] -- Up-to-date symlink: /home/fourdds/ws/install/gazebo_plugins/lib/libgazebo_ros_projector.so
[0.709s] -- Up-to-date symlink: /home/fourdds/ws/install/gazebo_plugins/lib/libgazebo_ros_ray_sensor.so
[0.709s] -- Up-to-date symlink: /home/fourdds/ws/install/gazebo_plugins/lib/libgazebo_ros_p3d.so
[0.709s] -- Up-to-date symlink: /home/fourdds/ws/install/gazebo_plugins/lib/libgazebo_ros_template.so
[0.710s] -- Up-to-date symlink: /home/fourdds/ws/install/gazebo_plugins/lib/libgazebo_ros_tricycle_drive.so
[0.710s] -- Up-to-date symlink: /home/fourdds/ws/install/gazebo_plugins/lib/libgazebo_ros_vacuum_gripper.so
[0.710s] -- Up-to-date symlink: /home/fourdds/ws/install/gazebo_plugins/lib/libgazebo_ros_video.so
[0.711s] -- Up-to-date symlink: /home/fourdds/ws/install/gazebo_plugins/lib/libmulti_camera_plugin.so
[0.711s] -- Up-to-date symlink: /home/fourdds/ws/install/gazebo_plugins/lib/libgazebo_ros_wheel_slip.so
[0.712s] -- Up-to-date symlink: /home/fourdds/ws/install/gazebo_plugins/lib/gazebo_plugins//wheel_slip_drawbar_pull_publisher.py
[0.713s] -- Up-to-date symlink: /home/fourdds/ws/install/gazebo_plugins/share/gazebo_plugins//worlds/gazebo_ros_ackermann_drive_demo.world
[0.714s] -- Up-to-date symlink: /home/fourdds/ws/install/gazebo_plugins/share/gazebo_plugins//worlds/gazebo_ros_bumper_demo.world
[0.714s] -- Up-to-date symlink: /home/fourdds/ws/install/gazebo_plugins/share/gazebo_plugins//worlds/gazebo_ros_camera_demo.world
[0.714s] -- Up-to-date symlink: /home/fourdds/ws/install/gazebo_plugins/share/gazebo_plugins//worlds/gazebo_ros_camera_distortion_barrel_demo.world
[0.714s] -- Up-to-date symlink: /home/fourdds/ws/install/gazebo_plugins/share/gazebo_plugins//worlds/gazebo_ros_camera_distortion_pincushion_demo.world
[0.715s] -- Up-to-date symlink: /home/fourdds/ws/install/gazebo_plugins/share/gazebo_plugins//worlds/gazebo_ros_camera_triggered_demo.world
[0.715s] -- Up-to-date symlink: /home/fourdds/ws/install/gazebo_plugins/share/gazebo_plugins//worlds/gazebo_ros_depth_camera_demo.world
[0.715s] -- Up-to-date symlink: /home/fourdds/ws/install/gazebo_plugins/share/gazebo_plugins//worlds/gazebo_ros_diff_drive_demo.world
[0.716s] -- Up-to-date symlink: /home/fourdds/ws/install/gazebo_plugins/share/gazebo_plugins//worlds/gazebo_ros_elevator_demo.world
[0.716s] -- Up-to-date symlink: /home/fourdds/ws/install/gazebo_plugins/share/gazebo_plugins//worlds/gazebo_ros_force_demo.world
[0.716s] -- Up-to-date symlink: /home/fourdds/ws/install/gazebo_plugins/share/gazebo_plugins//worlds/gazebo_ros_ft_sensor_demo.world
[0.716s] -- Up-to-date symlink: /home/fourdds/ws/install/gazebo_plugins/share/gazebo_plugins//worlds/gazebo_ros_gps_sensor_demo.world
[0.717s] -- Up-to-date symlink: /home/fourdds/ws/install/gazebo_plugins/share/gazebo_plugins//worlds/gazebo_ros_hand_of_god_demo.world
[0.717s] -- Up-to-date symlink: /home/fourdds/ws/install/gazebo_plugins/share/gazebo_plugins//worlds/gazebo_ros_harness_demo.world
[0.718s] -- Up-to-date symlink: /home/fourdds/ws/install/gazebo_plugins/share/gazebo_plugins//worlds/gazebo_ros_joint_pose_trajectory_demo.world
[0.718s] -- Up-to-date symlink: /home/fourdds/ws/install/gazebo_plugins/share/gazebo_plugins//worlds/gazebo_ros_joint_state_publisher_demo.world
[0.718s] -- Up-to-date symlink: /home/fourdds/ws/install/gazebo_plugins/share/gazebo_plugins//worlds/gazebo_ros_multi_camera_demo.world
[0.719s] -- Up-to-date symlink: /home/fourdds/ws/install/gazebo_plugins/share/gazebo_plugins//worlds/gazebo_ros_multicamera_demo.world
[0.719s] -- Up-to-date symlink: /home/fourdds/ws/install/gazebo_plugins/share/gazebo_plugins//worlds/gazebo_ros_p3d_demo.world
[0.720s] -- Up-to-date symlink: /home/fourdds/ws/install/gazebo_plugins/share/gazebo_plugins//worlds/gazebo_ros_planar_move_demo.world
[0.720s] -- Up-to-date symlink: /home/fourdds/ws/install/gazebo_plugins/share/gazebo_plugins//worlds/gazebo_ros_projector_demo.world
[0.720s] -- Up-to-date symlink: /home/fourdds/ws/install/gazebo_plugins/share/gazebo_plugins//worlds/gazebo_ros_ray_sensor_demo.world
[0.720s] -- Up-to-date symlink: /home/fourdds/ws/install/gazebo_plugins/share/gazebo_plugins//worlds/gazebo_ros_skid_steer_drive_demo.world
[0.720s] -- Up-to-date symlink: /home/fourdds/ws/install/gazebo_plugins/share/gazebo_plugins//worlds/gazebo_ros_template_demo.world
[0.720s] -- Up-to-date symlink: /home/fourdds/ws/install/gazebo_plugins/share/gazebo_plugins//worlds/gazebo_ros_tricycle_drive_demo.world
[0.720s] -- Up-to-date symlink: /home/fourdds/ws/install/gazebo_plugins/share/gazebo_plugins//worlds/gazebo_ros_vacuum_gripper_demo.world
[0.720s] -- Up-to-date symlink: /home/fourdds/ws/install/gazebo_plugins/share/gazebo_plugins//worlds/gazebo_ros_video_demo.world
[0.720s] -- Up-to-date symlink: /home/fourdds/ws/install/gazebo_plugins/share/gazebo_plugins//worlds/gazebo_ros_wheel_slip_demo.world
[0.720s] -- Up-to-date symlink: /home/fourdds/ws/install/gazebo_plugins/share/gazebo_plugins//worlds/gazebo_ros_wheel_slip_drawbar_pull_demo.world
[0.723s] Invoked command in '/home/fourdds/ws/build/gazebo_plugins' returned '0': AMENT_PREFIX_PATH=/home/fourdds/ws/install/gazebo_ros:/home/fourdds/ws/install/gazebo_msgs:/home/fourdds/ws/install/gazebo_dev:/home/fourdds/ws/install/cv_bridge:${AMENT_PREFIX_PATH} CMAKE_PREFIX_PATH=/home/fourdds/ws/install/gazebo_ros:/home/fourdds/ws/install/gazebo_msgs:/home/fourdds/ws/install/gazebo_dev:/home/fourdds/ws/install/cv_bridge:/opt/ros/humble LD_LIBRARY_PATH=/home/fourdds/ws/install/gazebo_ros/lib:/home/fourdds/ws/install/gazebo_msgs/lib:/home/fourdds/ws/install/cv_bridge/lib:${LD_LIBRARY_PATH} PYTHONPATH=/home/fourdds/ws/install/gazebo_ros/local/lib/python3.10/dist-packages:/home/fourdds/ws/install/gazebo_msgs/local/lib/python3.10/dist-packages:/home/fourdds/ws/install/cv_bridge/local/lib/python3.10/dist-packages:${PYTHONPATH} /usr/bin/cmake --install /home/fourdds/ws/build/gazebo_plugins
