[0.011s] Invoking command in '/home/fourdds/ros2_ws/build/iris-logger': CMAKE_PREFIX_PATH=/home/fourdds/ros2_ws/install/px4_msgs:/home/fourdds/ros2_ws/install/iris-logger:/home/fourdds/ros2_ws/install/px4_ros_com:/home/fourdds/ros2_ws/install/boids:/opt/ros/humble LD_LIBRARY_PATH=/home/fourdds/ros2_ws/install/px4_msgs/lib:/home/fourdds/ros2_ws/install/px4_ros_com/lib:/home/fourdds/ros2_ws/install/boids/lib:/usr/lib/x86_64-linux-gnu/gazebo-11/plugins:/opt/ros/humble/opt/rviz_ogre_vendor/lib:/opt/ros/humble/lib/x86_64-linux-gnu:/opt/ros/humble/lib /usr/bin/cmake --build /home/fourdds/ros2_ws/build/iris-logger -- -j24 -l24
[0.031s] [35m[1mConsolidate compiler generated dependencies of target Logger[0m
[0.040s] [ 33%] [32mBuilding CXX object CMakeFiles/Logger.dir/src/LoggingNode.cpp.o[0m
[7.689s] [ 66%] [32m[1mLinking CXX executable Logger[0m
[7.785s] [100%] Built target Logger
[7.791s] Invoked command in '/home/fourdds/ros2_ws/build/iris-logger' returned '0': CMAKE_PREFIX_PATH=/home/fourdds/ros2_ws/install/px4_msgs:/home/fourdds/ros2_ws/install/iris-logger:/home/fourdds/ros2_ws/install/px4_ros_com:/home/fourdds/ros2_ws/install/boids:/opt/ros/humble LD_LIBRARY_PATH=/home/fourdds/ros2_ws/install/px4_msgs/lib:/home/fourdds/ros2_ws/install/px4_ros_com/lib:/home/fourdds/ros2_ws/install/boids/lib:/usr/lib/x86_64-linux-gnu/gazebo-11/plugins:/opt/ros/humble/opt/rviz_ogre_vendor/lib:/opt/ros/humble/lib/x86_64-linux-gnu:/opt/ros/humble/lib /usr/bin/cmake --build /home/fourdds/ros2_ws/build/iris-logger -- -j24 -l24
[7.809s] Invoking command in '/home/fourdds/ros2_ws/build/iris-logger': CMAKE_PREFIX_PATH=/home/fourdds/ros2_ws/install/px4_msgs:/home/fourdds/ros2_ws/install/iris-logger:/home/fourdds/ros2_ws/install/px4_ros_com:/home/fourdds/ros2_ws/install/boids:/opt/ros/humble LD_LIBRARY_PATH=/home/fourdds/ros2_ws/install/px4_msgs/lib:/home/fourdds/ros2_ws/install/px4_ros_com/lib:/home/fourdds/ros2_ws/install/boids/lib:/usr/lib/x86_64-linux-gnu/gazebo-11/plugins:/opt/ros/humble/opt/rviz_ogre_vendor/lib:/opt/ros/humble/lib/x86_64-linux-gnu:/opt/ros/humble/lib /usr/bin/cmake --install /home/fourdds/ros2_ws/build/iris-logger
[7.812s] -- Install configuration: ""
[7.812s] -- Installing: /home/fourdds/ros2_ws/install/iris-logger/lib/iris-logger/Logger
[7.813s] -- Set runtime path of "/home/fourdds/ros2_ws/install/iris-logger/lib/iris-logger/Logger" to ""
[7.813s] -- Up-to-date: /home/fourdds/ros2_ws/install/iris-logger/share/ament_index/resource_index/package_run_dependencies/iris-logger
[7.813s] -- Up-to-date: /home/fourdds/ros2_ws/install/iris-logger/share/ament_index/resource_index/parent_prefix_path/iris-logger
[7.813s] -- Up-to-date: /home/fourdds/ros2_ws/install/iris-logger/share/iris-logger/environment/ament_prefix_path.sh
[7.813s] -- Up-to-date: /home/fourdds/ros2_ws/install/iris-logger/share/iris-logger/environment/ament_prefix_path.dsv
[7.813s] -- Up-to-date: /home/fourdds/ros2_ws/install/iris-logger/share/iris-logger/environment/path.sh
[7.813s] -- Up-to-date: /home/fourdds/ros2_ws/install/iris-logger/share/iris-logger/environment/path.dsv
[7.813s] -- Up-to-date: /home/fourdds/ros2_ws/install/iris-logger/share/iris-logger/local_setup.bash
[7.813s] -- Up-to-date: /home/fourdds/ros2_ws/install/iris-logger/share/iris-logger/local_setup.sh
[7.813s] -- Up-to-date: /home/fourdds/ros2_ws/install/iris-logger/share/iris-logger/local_setup.zsh
[7.813s] -- Up-to-date: /home/fourdds/ros2_ws/install/iris-logger/share/iris-logger/local_setup.dsv
[7.813s] -- Installing: /home/fourdds/ros2_ws/install/iris-logger/share/iris-logger/package.dsv
[7.813s] -- Up-to-date: /home/fourdds/ros2_ws/install/iris-logger/share/ament_index/resource_index/packages/iris-logger
[7.813s] -- Up-to-date: /home/fourdds/ros2_ws/install/iris-logger/share/iris-logger/cmake/iris-loggerConfig.cmake
[7.813s] -- Up-to-date: /home/fourdds/ros2_ws/install/iris-logger/share/iris-logger/cmake/iris-loggerConfig-version.cmake
[7.813s] -- Up-to-date: /home/fourdds/ros2_ws/install/iris-logger/share/iris-logger/package.xml
[7.814s] Invoked command in '/home/fourdds/ros2_ws/build/iris-logger' returned '0': CMAKE_PREFIX_PATH=/home/fourdds/ros2_ws/install/px4_msgs:/home/fourdds/ros2_ws/install/iris-logger:/home/fourdds/ros2_ws/install/px4_ros_com:/home/fourdds/ros2_ws/install/boids:/opt/ros/humble LD_LIBRARY_PATH=/home/fourdds/ros2_ws/install/px4_msgs/lib:/home/fourdds/ros2_ws/install/px4_ros_com/lib:/home/fourdds/ros2_ws/install/boids/lib:/usr/lib/x86_64-linux-gnu/gazebo-11/plugins:/opt/ros/humble/opt/rviz_ogre_vendor/lib:/opt/ros/humble/lib/x86_64-linux-gnu:/opt/ros/humble/lib /usr/bin/cmake --install /home/fourdds/ros2_ws/build/iris-logger
