[0.020s] Invoking command in '/home/fourdds/ws/build/gazebo_ros': AMENT_PREFIX_PATH=/home/fourdds/ws/install/gazebo_msgs:/home/fourdds/ws/install/gazebo_dev:${AMENT_PREFIX_PATH} CMAKE_PREFIX_PATH=/home/fourdds/ws/install/gazebo_msgs:/home/fourdds/ws/install/gazebo_dev:/opt/ros/humble LD_LIBRARY_PATH=/home/fourdds/ws/install/gazebo_msgs/lib:${LD_LIBRARY_PATH} PYTHONPATH=/home/fourdds/ws/install/gazebo_msgs/local/lib/python3.10/dist-packages:${PYTHONPATH} /usr/bin/cmake /home/fourdds/ws/src/gazebo_ros_pkgs/gazebo_ros -DAMENT_CMAKE_SYMLINK_INSTALL=1 -DCMAKE_INSTALL_PREFIX=/home/fourdds/ws/install/gazebo_ros
[0.039s] -- Found ament_cmake: 1.3.10 (/opt/ros/humble/share/ament_cmake/cmake)
[0.210s] -- Override CMake install command with custom implementation using symlinks instead of copying resources
[0.223s] -- Found builtin_interfaces: 1.2.1 (/opt/ros/humble/share/builtin_interfaces/cmake)
[0.263s] -- Found rosidl_generator_c: 3.1.5 (/opt/ros/humble/share/rosidl_generator_c/cmake)
[0.267s] -- Found rosidl_adapter: 3.1.5 (/opt/ros/humble/share/rosidl_adapter/cmake)
[0.276s] -- Found rosidl_generator_cpp: 3.1.5 (/opt/ros/humble/share/rosidl_generator_cpp/cmake)
[0.290s] -- Using all available rosidl_typesupport_c: rosidl_typesupport_fastrtps_c;rosidl_typesupport_introspection_c
[0.307s] -- Using all available rosidl_typesupport_cpp: rosidl_typesupport_fastrtps_cpp;rosidl_typesupport_introspection_cpp
[0.324s] -- Found gazebo_dev: 3.7.0 (/home/fourdds/ws/install/gazebo_dev/share/gazebo_dev/cmake)
[0.393s] -- Found DART: /usr/include (Required is at least version "6.6") found components: dart 
[0.463s] -- Found Protobuf: /usr/lib/x86_64-linux-gnu/libprotobuf.so (found version "3.12.4") 
[0.468s] -- Looking for ignition-math6 -- found version 6.15.1
[0.483s] -- Searching for dependencies of ignition-math6
[0.487s] -- Looking for OGRE...
[0.497s] -- Found Ogre Ghadamon (1.9.0)
[0.498s] -- Found OGRE: optimized;/usr/lib/x86_64-linux-gnu/libOgreMain.so;debug;/usr/lib/x86_64-linux-gnu/libOgreMain.so
[0.512s] -- Looking for OGRE_Paging...
[0.512s] -- Found OGRE_Paging: optimized;/usr/lib/x86_64-linux-gnu/libOgrePaging.so;debug;/usr/lib/x86_64-linux-gnu/libOgrePaging.so
[0.513s] -- Looking for OGRE_Terrain...
[0.513s] -- Found OGRE_Terrain: optimized;/usr/lib/x86_64-linux-gnu/libOgreTerrain.so;debug;/usr/lib/x86_64-linux-gnu/libOgreTerrain.so
[0.513s] -- Looking for OGRE_Property...
[0.514s] -- Found OGRE_Property: optimized;/usr/lib/x86_64-linux-gnu/libOgreProperty.so;debug;/usr/lib/x86_64-linux-gnu/libOgreProperty.so
[0.515s] -- Looking for OGRE_RTShaderSystem...
[0.515s] -- Found OGRE_RTShaderSystem: optimized;/usr/lib/x86_64-linux-gnu/libOgreRTShaderSystem.so;debug;/usr/lib/x86_64-linux-gnu/libOgreRTShaderSystem.so
[0.515s] -- Looking for OGRE_Volume...
[0.515s] -- Found OGRE_Volume: optimized;/usr/lib/x86_64-linux-gnu/libOgreVolume.so;debug;/usr/lib/x86_64-linux-gnu/libOgreVolume.so
[0.516s] -- Looking for OGRE_Overlay...
[0.516s] -- Found OGRE_Overlay: optimized;/usr/lib/x86_64-linux-gnu/libOgreOverlay.so;debug;/usr/lib/x86_64-linux-gnu/libOgreOverlay.so
[1.359s] -- Looking for ignition-math6 -- found version 6.15.1
[1.367s] -- Looking for ignition-transport8 -- found version 8.2.1
[1.368s] -- Searching for dependencies of ignition-transport8
[1.416s] -- Found Protobuf: /usr/lib/x86_64-linux-gnu/libprotobuf.so (found suitable version "3.12.4", minimum required is "3") 
[1.453s] -- Config-file not installed for ZeroMQ -- checking for pkg-config
[1.461s] -- Checking for module 'libzmq >= 4'
[1.488s] --   Found libzmq , version 4.3.4
[1.559s] -- Checking for module 'uuid'
[1.583s] --   Found uuid, version 2.37.2
[1.642s] -- Looking for ignition-msgs5 -- found version 5.8.1
[1.642s] -- Searching for dependencies of ignition-msgs5
[1.692s] -- Looking for ignition-math6 -- found version 6.15.1
[1.701s] -- Checking for module 'tinyxml2'
[1.723s] --   Found tinyxml2, version 9.0.0
[1.783s] -- Looking for ignition-msgs5 -- found version 5.8.1
[1.785s] -- Looking for ignition-common3 -- found version 3.14.0
[1.786s] -- Searching for dependencies of ignition-common3
[1.787s] -- Looking for dlfcn.h - found
[1.787s] -- Looking for libdl - found
[1.810s] -- Searching for <ignition-common3> component [graphics]
[1.811s] -- Looking for ignition-common3-graphics -- found version 3.14.0
[1.812s] -- Searching for dependencies of ignition-common3-graphics
[1.813s] -- Looking for ignition-math6 -- found version 6.15.1
[1.817s] -- Looking for ignition-fuel_tools4 -- found version 4.4.0
[1.818s] -- Searching for dependencies of ignition-fuel_tools4
[1.914s] -- Checking for module 'jsoncpp'
[1.937s] --   Found jsoncpp, version 1.9.5
[2.009s] -- Checking for module 'libzip'
[2.033s] --   Found libzip, version 1.7.3
[2.088s] -- Looking for ignition-common3 -- found version 3.14.0
[2.088s] -- Looking for ignition-math6 -- found version 6.15.1
[2.089s] -- Looking for ignition-msgs5 -- found version 5.8.1
[2.094s] -- Gazebo version: 11.10
[2.095s] -- Found gazebo_msgs: 3.7.0 (/home/fourdds/ws/install/gazebo_msgs/share/gazebo_msgs/cmake)
[2.194s] -- Found rcl: 5.3.9 (/opt/ros/humble/share/rcl/cmake)
[2.253s] -- Found rmw_implementation_cmake: 6.1.2 (/opt/ros/humble/share/rmw_implementation_cmake/cmake)
[2.260s] -- Found rmw_fastrtps_cpp: 6.2.7 (/opt/ros/humble/share/rmw_fastrtps_cpp/cmake)
[2.530s] -- Using RMW implementation 'rmw_fastrtps_cpp' as default
[2.558s] -- Found rclcpp: 16.0.10 (/opt/ros/humble/share/rclcpp/cmake)
[2.649s] -- Found std_srvs: 4.2.4 (/opt/ros/humble/share/std_srvs/cmake)
[2.675s] -- Found tinyxml_vendor: 0.8.3 (/opt/ros/humble/share/tinyxml_vendor/cmake)
[2.814s] -- Found ament_cmake_gtest: 1.3.10 (/opt/ros/humble/share/ament_cmake_gtest/cmake)
[2.818s] -- Found launch_testing_ament_cmake: 1.0.6 (/opt/ros/humble/share/launch_testing_ament_cmake/cmake)
[2.819s] -- Found python_cmake_module: 0.10.0 (/opt/ros/humble/share/python_cmake_module/cmake)
[2.854s] -- Using PYTHON_EXECUTABLE: /usr/bin/python3
[2.854s] -- Using PYTHON_INCLUDE_DIRS: /usr/include/python3.10
[2.855s] -- Using PYTHON_LIBRARIES: /usr/lib/x86_64-linux-gnu/libpython3.10.so
[2.857s] -- Found sensor_msgs: 4.2.4 (/opt/ros/humble/share/sensor_msgs/cmake)
[2.903s] -- Found gtest sources under '/opt/ros/humble/src/gtest_vendor': C++ tests using 'Google Test' will be built
[3.042s] -- Found ament_lint_auto: 0.12.11 (/opt/ros/humble/share/ament_lint_auto/cmake)
[3.142s] -- Found python_cmake_module: 0.10.0 (/opt/ros/humble/share/python_cmake_module/cmake)
[3.177s] -- Using PYTHON_EXECUTABLE: /usr/bin/python3
[3.177s] -- Using PYTHON_INCLUDE_DIRS: /usr/include/python3.10
[3.177s] -- Using PYTHON_LIBRARIES: /usr/lib/x86_64-linux-gnu/libpython3.10.so
[3.255s] -- Added test 'copyright' to check source files copyright and LICENSE
[3.262s] -- Added test 'cppcheck' to perform static code analysis on C / C++ code
[3.264s] -- Configured cppcheck include dirs: $<BUILD_INTERFACE:/home/fourdds/ws/src/gazebo_ros_pkgs/gazebo_ros/include>
[3.264s] -- Configured cppcheck exclude dirs and/or files: 
[3.266s] -- Added test 'flake8' to check Python code syntax and style conventions
[3.268s] -- Added test 'lint_cmake' to check CMake code style
[3.270s] -- Added test 'pep257' to check Python code against some of the docstring style conventions in PEP 257
[3.276s] -- Added test 'uncrustify' to check C / C++ code style
[3.276s] -- Configured uncrustify additional arguments: 
[3.278s] -- Added test 'xmllint' to check XML markup files
[3.286s] -- Configuring done
[3.836s] -- Generating done
[3.853s] -- Build files have been written to: /home/fourdds/ws/build/gazebo_ros
[3.879s] Invoked command in '/home/fourdds/ws/build/gazebo_ros' returned '0': AMENT_PREFIX_PATH=/home/fourdds/ws/install/gazebo_msgs:/home/fourdds/ws/install/gazebo_dev:${AMENT_PREFIX_PATH} CMAKE_PREFIX_PATH=/home/fourdds/ws/install/gazebo_msgs:/home/fourdds/ws/install/gazebo_dev:/opt/ros/humble LD_LIBRARY_PATH=/home/fourdds/ws/install/gazebo_msgs/lib:${LD_LIBRARY_PATH} PYTHONPATH=/home/fourdds/ws/install/gazebo_msgs/local/lib/python3.10/dist-packages:${PYTHONPATH} /usr/bin/cmake /home/fourdds/ws/src/gazebo_ros_pkgs/gazebo_ros -DAMENT_CMAKE_SYMLINK_INSTALL=1 -DCMAKE_INSTALL_PREFIX=/home/fourdds/ws/install/gazebo_ros
[3.882s] Invoking command in '/home/fourdds/ws/build/gazebo_ros': AMENT_PREFIX_PATH=/home/fourdds/ws/install/gazebo_msgs:/home/fourdds/ws/install/gazebo_dev:${AMENT_PREFIX_PATH} CMAKE_PREFIX_PATH=/home/fourdds/ws/install/gazebo_msgs:/home/fourdds/ws/install/gazebo_dev:/opt/ros/humble LD_LIBRARY_PATH=/home/fourdds/ws/install/gazebo_msgs/lib:${LD_LIBRARY_PATH} PYTHONPATH=/home/fourdds/ws/install/gazebo_msgs/local/lib/python3.10/dist-packages:${PYTHONPATH} /usr/bin/cmake --build /home/fourdds/ws/build/gazebo_ros -- -j16 -l16
[3.952s] [35m[1mConsolidate compiler generated dependencies of target gtest_main[0m
[3.956s] [35m[1mConsolidate compiler generated dependencies of target gazebo_ros_utils[0m
[3.956s] [35m[1mConsolidate compiler generated dependencies of target mock_robot_state_publisher[0m
[3.959s] [35m[1mConsolidate compiler generated dependencies of target gtest[0m
[3.964s] [35m[1mConsolidate compiler generated dependencies of target mock_gazebo_ros_factory[0m
[3.965s] [35m[1mConsolidate compiler generated dependencies of target gazebo_ros_node[0m
[3.984s] [  3%] Built target gtest_main
[3.985s] [  3%] Built target ament_cmake_python_symlink_scripts
[3.991s] [  6%] Built target gtest
[3.999s] [ 10%] Built target mock_robot_state_publisher
[4.001s] [ 13%] Built target mock_gazebo_ros_factory
[4.020s] [ 16%] Built target gazebo_ros_utils
[4.038s] [ 23%] Built target gazebo_ros_node
[4.070s] [35m[1mConsolidate compiler generated dependencies of target gazebo_ros_init[0m
[4.071s] [35m[1mConsolidate compiler generated dependencies of target create_node_without_init[0m
[4.076s] [35m[1mConsolidate compiler generated dependencies of target gazebo_ros_force_system[0m
[4.088s] [35m[1mConsolidate compiler generated dependencies of target args_init[0m
[4.089s] [35m[1mConsolidate compiler generated dependencies of target gazebo_ros_properties[0m
[4.089s] [35m[1mConsolidate compiler generated dependencies of target gazebo_ros_state[0m
[4.089s] [35m[1mConsolidate compiler generated dependencies of target gazebo_ros_factory[0m
[4.089s] [35m[1mConsolidate compiler generated dependencies of target ros_world_plugin[0m
[4.096s] [35m[1mConsolidate compiler generated dependencies of target test_gazebo_ros_init[0m
[4.104s] [35m[1mConsolidate compiler generated dependencies of target test_conversions[0m
[4.104s] [35m[1mConsolidate compiler generated dependencies of target sdf_node[0m
[4.107s] [35m[1mConsolidate compiler generated dependencies of target test_gazebo_ros_joint_effort[0m
[4.113s] [35m[1mConsolidate compiler generated dependencies of target test_gazebo_ros_link_wrench[0m
[4.121s] [35m[1mConsolidate compiler generated dependencies of target test_gazebo_ros_factory[0m
[4.130s] [35m[1mConsolidate compiler generated dependencies of target multiple_nodes[0m
[4.172s] [ 26%] Built target create_node_without_init
[4.184s] [ 30%] Built target test_conversions
[4.192s] [ 33%] Built target args_init
[4.197s] [ 36%] Built target gazebo_ros_state
[4.211s] [ 40%] Built target gazebo_ros_force_system
[4.215s] [ 43%] Built target ros_world_plugin
[4.217s] [ 46%] Built target test_gazebo_ros_init
[4.219s] [ 50%] Built target gazebo_ros_init
[4.222s] [35m[1mConsolidate compiler generated dependencies of target test_node[0m
[4.226s] [35m[1mConsolidate compiler generated dependencies of target test_gazebo_ros_state[0m
[4.233s] [35m[1mConsolidate compiler generated dependencies of target test_gazebo_ros_properties[0m
[4.233s] [ 53%] Built target gazebo_ros_properties
[4.234s] [ 56%] Built target gazebo_ros_factory
[4.234s] [35m[1mConsolidate compiler generated dependencies of target test_reject_duplicate_nodes[0m
[4.246s] [35m[1mConsolidate compiler generated dependencies of target test_plugins[0m
[4.247s] [ 60%] Built target sdf_node
[4.251s] [35m[1mConsolidate compiler generated dependencies of target test_sim_time[0m
[4.252s] [35m[1mConsolidate compiler generated dependencies of target test_qos[0m
[4.256s] [ 63%] Built target test_gazebo_ros_joint_effort
[4.257s] [35m[1mConsolidate compiler generated dependencies of target test_utils[0m
[4.257s] [ 66%] Built target multiple_nodes
[4.277s] [ 70%] Built target test_gazebo_ros_link_wrench
[4.286s] [ 73%] Built target test_plugins
[4.290s] [ 76%] Built target test_qos
[4.291s] [ 80%] Built target test_node
[4.292s] [ 83%] Built target test_sim_time
[4.296s] [ 86%] Built target test_gazebo_ros_factory
[4.300s] [ 90%] Built target test_reject_duplicate_nodes
[4.320s] [ 93%] Built target test_utils
[4.329s] [ 96%] Built target test_gazebo_ros_state
[4.333s] [100%] Built target test_gazebo_ros_properties
[4.425s] running egg_info
[4.446s] writing scripts.egg-info/PKG-INFO
[4.447s] writing dependency_links to scripts.egg-info/dependency_links.txt
[4.447s] writing top-level names to scripts.egg-info/top_level.txt
[4.507s] reading manifest file 'scripts.egg-info/SOURCES.txt'
[4.508s] writing manifest file 'scripts.egg-info/SOURCES.txt'
[4.555s] [100%] Built target ament_cmake_python_build_scripts_egg
[4.578s] Invoked command in '/home/fourdds/ws/build/gazebo_ros' returned '0': AMENT_PREFIX_PATH=/home/fourdds/ws/install/gazebo_msgs:/home/fourdds/ws/install/gazebo_dev:${AMENT_PREFIX_PATH} CMAKE_PREFIX_PATH=/home/fourdds/ws/install/gazebo_msgs:/home/fourdds/ws/install/gazebo_dev:/opt/ros/humble LD_LIBRARY_PATH=/home/fourdds/ws/install/gazebo_msgs/lib:${LD_LIBRARY_PATH} PYTHONPATH=/home/fourdds/ws/install/gazebo_msgs/local/lib/python3.10/dist-packages:${PYTHONPATH} /usr/bin/cmake --build /home/fourdds/ws/build/gazebo_ros -- -j16 -l16
[4.708s] Invoking command in '/home/fourdds/ws/build/gazebo_ros': AMENT_PREFIX_PATH=/home/fourdds/ws/install/gazebo_msgs:/home/fourdds/ws/install/gazebo_dev:${AMENT_PREFIX_PATH} CMAKE_PREFIX_PATH=/home/fourdds/ws/install/gazebo_msgs:/home/fourdds/ws/install/gazebo_dev:/opt/ros/humble LD_LIBRARY_PATH=/home/fourdds/ws/install/gazebo_msgs/lib:${LD_LIBRARY_PATH} PYTHONPATH=/home/fourdds/ws/install/gazebo_msgs/local/lib/python3.10/dist-packages:${PYTHONPATH} /usr/bin/cmake --install /home/fourdds/ws/build/gazebo_ros
[4.718s] -- Install configuration: ""
[4.719s] -- Execute custom install script
[4.719s] -- Up-to-date symlink: /home/fourdds/ws/install/gazebo_ros/share/gazebo_ros/environment/pythonpath.sh
[4.720s] -- Up-to-date symlink: /home/fourdds/ws/install/gazebo_ros/share/gazebo_ros/environment/pythonpath.dsv
[4.720s] -- Up-to-date symlink: /home/fourdds/ws/install/gazebo_ros/local/lib/python3.10/dist-packages/scripts-3.7.0-py3.10.egg-info/PKG-INFO
[4.721s] -- Up-to-date symlink: /home/fourdds/ws/install/gazebo_ros/local/lib/python3.10/dist-packages/scripts-3.7.0-py3.10.egg-info/SOURCES.txt
[4.721s] -- Up-to-date symlink: /home/fourdds/ws/install/gazebo_ros/local/lib/python3.10/dist-packages/scripts-3.7.0-py3.10.egg-info/dependency_links.txt
[4.721s] -- Up-to-date symlink: /home/fourdds/ws/install/gazebo_ros/local/lib/python3.10/dist-packages/scripts-3.7.0-py3.10.egg-info/top_level.txt
[4.722s] -- Up-to-date symlink: /home/fourdds/ws/install/gazebo_ros/local/lib/python3.10/dist-packages/scripts/__init__.py
[4.722s] -- Up-to-date symlink: /home/fourdds/ws/install/gazebo_ros/local/lib/python3.10/dist-packages/scripts/gazebo_ros_paths.py
[4.723s] -- Up-to-date symlink: /home/fourdds/ws/install/gazebo_ros/local/lib/python3.10/dist-packages/scripts/spawn_entity.py
[4.723s] -- Up-to-date symlink: /home/fourdds/ws/install/gazebo_ros/share/gazebo_ros/environment/library_path.sh
[4.723s] -- Up-to-date symlink: /home/fourdds/ws/install/gazebo_ros/share/gazebo_ros/environment/library_path.dsv
[4.724s] -- Up-to-date symlink: /home/fourdds/ws/install/gazebo_ros/share/ament_index/resource_index/package_run_dependencies/gazebo_ros
[4.724s] -- Up-to-date symlink: /home/fourdds/ws/install/gazebo_ros/share/ament_index/resource_index/parent_prefix_path/gazebo_ros
[4.725s] -- Up-to-date symlink: /home/fourdds/ws/install/gazebo_ros/share/gazebo_ros/environment/ament_prefix_path.sh
[4.726s] -- Up-to-date symlink: /home/fourdds/ws/install/gazebo_ros/share/gazebo_ros/environment/ament_prefix_path.dsv
[4.726s] -- Up-to-date symlink: /home/fourdds/ws/install/gazebo_ros/share/gazebo_ros/environment/path.sh
[4.726s] -- Up-to-date symlink: /home/fourdds/ws/install/gazebo_ros/share/gazebo_ros/environment/path.dsv
[4.727s] -- Up-to-date symlink: /home/fourdds/ws/install/gazebo_ros/share/gazebo_ros/local_setup.bash
[4.727s] -- Up-to-date symlink: /home/fourdds/ws/install/gazebo_ros/share/gazebo_ros/local_setup.sh
[4.727s] -- Up-to-date symlink: /home/fourdds/ws/install/gazebo_ros/share/gazebo_ros/local_setup.zsh
[4.728s] -- Up-to-date symlink: /home/fourdds/ws/install/gazebo_ros/share/gazebo_ros/local_setup.dsv
[4.728s] -- Symlinking: /home/fourdds/ws/install/gazebo_ros/share/gazebo_ros/package.dsv
[4.741s] -- Up-to-date symlink: /home/fourdds/ws/install/gazebo_ros/share/ament_index/resource_index/packages/gazebo_ros
[4.741s] -- Up-to-date symlink: /home/fourdds/ws/install/gazebo_ros/share/gazebo_ros/cmake/ament_cmake_export_libraries-extras.cmake
[4.742s] -- Up-to-date symlink: /home/fourdds/ws/install/gazebo_ros/share/gazebo_ros/cmake/ament_cmake_export_include_directories-extras.cmake
[4.742s] -- Up-to-date symlink: /home/fourdds/ws/install/gazebo_ros/share/gazebo_ros/cmake/ament_cmake_export_dependencies-extras.cmake
[4.743s] -- Up-to-date symlink: /home/fourdds/ws/install/gazebo_ros/share/gazebo_ros/cmake/gazebo_rosConfig.cmake
[4.743s] -- Up-to-date symlink: /home/fourdds/ws/install/gazebo_ros/share/gazebo_ros/cmake/gazebo_rosConfig-version.cmake
[4.743s] -- Up-to-date symlink: /home/fourdds/ws/install/gazebo_ros/share/gazebo_ros/package.xml
[4.745s] -- Up-to-date symlink: /home/fourdds/ws/install/gazebo_ros/include/gazebo_ros/conversions/builtin_interfaces.hpp
[4.745s] -- Up-to-date symlink: /home/fourdds/ws/install/gazebo_ros/include/gazebo_ros/conversions/gazebo_msgs.hpp
[4.745s] -- Up-to-date symlink: /home/fourdds/ws/install/gazebo_ros/include/gazebo_ros/conversions/generic.hpp
[4.746s] -- Up-to-date symlink: /home/fourdds/ws/install/gazebo_ros/include/gazebo_ros/conversions/geometry_msgs.hpp
[4.746s] -- Up-to-date symlink: /home/fourdds/ws/install/gazebo_ros/include/gazebo_ros/conversions/sensor_msgs.hpp
[4.746s] -- Up-to-date symlink: /home/fourdds/ws/install/gazebo_ros/include/gazebo_ros/executor.hpp
[4.746s] -- Up-to-date symlink: /home/fourdds/ws/install/gazebo_ros/include/gazebo_ros/gazebo_ros_factory.hpp
[4.747s] -- Up-to-date symlink: /home/fourdds/ws/install/gazebo_ros/include/gazebo_ros/gazebo_ros_force_system.hpp
[4.747s] -- Up-to-date symlink: /home/fourdds/ws/install/gazebo_ros/include/gazebo_ros/gazebo_ros_init.hpp
[4.747s] -- Up-to-date symlink: /home/fourdds/ws/install/gazebo_ros/include/gazebo_ros/gazebo_ros_properties.hpp
[4.747s] -- Up-to-date symlink: /home/fourdds/ws/install/gazebo_ros/include/gazebo_ros/gazebo_ros_state.hpp
[4.748s] -- Up-to-date symlink: /home/fourdds/ws/install/gazebo_ros/include/gazebo_ros/node.hpp
[4.748s] -- Up-to-date symlink: /home/fourdds/ws/install/gazebo_ros/include/gazebo_ros/node_visibility_control.h
[4.748s] -- Up-to-date symlink: /home/fourdds/ws/install/gazebo_ros/include/gazebo_ros/qos.hpp
[4.749s] -- Up-to-date symlink: /home/fourdds/ws/install/gazebo_ros/include/gazebo_ros/testing_utils.hpp
[4.749s] -- Up-to-date symlink: /home/fourdds/ws/install/gazebo_ros/include/gazebo_ros/utils.hpp
[4.749s] -- Up-to-date symlink: /home/fourdds/ws/install/gazebo_ros/include/gazebo_ros/utils_visibility_control.h
[4.749s] -- Up-to-date symlink: /home/fourdds/ws/install/gazebo_ros/lib/gazebo_ros//gazebo_ros_paths.py
[4.750s] -- Up-to-date symlink: /home/fourdds/ws/install/gazebo_ros/lib/libgazebo_ros_factory.so
[4.750s] -- Up-to-date symlink: /home/fourdds/ws/install/gazebo_ros/lib/libgazebo_ros_force_system.so
[4.751s] -- Up-to-date symlink: /home/fourdds/ws/install/gazebo_ros/lib/libgazebo_ros_init.so
[4.752s] -- Up-to-date symlink: /home/fourdds/ws/install/gazebo_ros/lib/libgazebo_ros_node.so
[4.752s] -- Up-to-date symlink: /home/fourdds/ws/install/gazebo_ros/lib/libgazebo_ros_properties.so
[4.752s] -- Up-to-date symlink: /home/fourdds/ws/install/gazebo_ros/lib/libgazebo_ros_state.so
[4.753s] -- Up-to-date symlink: /home/fourdds/ws/install/gazebo_ros/lib/libgazebo_ros_utils.so
[4.753s] -- Up-to-date symlink: /home/fourdds/ws/install/gazebo_ros/lib/gazebo_ros//spawn_entity.py
[4.754s] -- Up-to-date symlink: /home/fourdds/ws/install/gazebo_ros/share/gazebo_ros//launch/gazebo.launch.py
[4.754s] -- Up-to-date symlink: /home/fourdds/ws/install/gazebo_ros/share/gazebo_ros//launch/gzclient.launch.py
[4.754s] -- Up-to-date symlink: /home/fourdds/ws/install/gazebo_ros/share/gazebo_ros//launch/gzserver.launch.py
[4.754s] -- Up-to-date symlink: /home/fourdds/ws/install/gazebo_ros/share/gazebo_ros//launch/spawn_entity_demo.launch.py
[4.755s] -- Up-to-date symlink: /home/fourdds/ws/install/gazebo_ros/share/gazebo_ros//worlds/empty.world
[4.755s] -- Up-to-date symlink: /home/fourdds/ws/install/gazebo_ros/share/gazebo_ros//worlds/gazebo_ros_force_system_demo.world
[4.755s] -- Up-to-date symlink: /home/fourdds/ws/install/gazebo_ros/share/gazebo_ros//worlds/gazebo_ros_properties_demo.world
[4.756s] -- Up-to-date symlink: /home/fourdds/ws/install/gazebo_ros/share/gazebo_ros//worlds/gazebo_ros_state_demo.world
[4.797s] Listing '/home/fourdds/ws/install/gazebo_ros/local/lib/python3.10/dist-packages/scripts'...
[4.809s] Invoked command in '/home/fourdds/ws/build/gazebo_ros' returned '0': AMENT_PREFIX_PATH=/home/fourdds/ws/install/gazebo_msgs:/home/fourdds/ws/install/gazebo_dev:${AMENT_PREFIX_PATH} CMAKE_PREFIX_PATH=/home/fourdds/ws/install/gazebo_msgs:/home/fourdds/ws/install/gazebo_dev:/opt/ros/humble LD_LIBRARY_PATH=/home/fourdds/ws/install/gazebo_msgs/lib:${LD_LIBRARY_PATH} PYTHONPATH=/home/fourdds/ws/install/gazebo_msgs/local/lib/python3.10/dist-packages:${PYTHONPATH} /usr/bin/cmake --install /home/fourdds/ws/build/gazebo_ros
