-- Found ament_cmake: 1.3.10 (/opt/ros/humble/share/ament_cmake/cmake)
-- Found rclcpp: 16.0.10 (/opt/ros/humble/share/rclcpp/cmake)
-- Found rosidl_generator_c: 3.1.5 (/opt/ros/humble/share/rosidl_generator_c/cmake)
-- Found rosidl_adapter: 3.1.5 (/opt/ros/humble/share/rosidl_adapter/cmake)
-- Found rosidl_generator_cpp: 3.1.5 (/opt/ros/humble/share/rosidl_generator_cpp/cmake)
-- Using all available rosidl_typesupport_c: rosidl_typesupport_fastrtps_c;rosidl_typesupport_introspection_c
-- Using all available rosidl_typesupport_cpp: rosidl_typesupport_fastrtps_cpp;rosidl_typesupport_introspection_cpp
-- Found rmw_implementation_cmake: 6.1.2 (/opt/ros/humble/share/rmw_implementation_cmake/cmake)
-- Found rmw_fastrtps_cpp: 6.2.7 (/opt/ros/humble/share/rmw_fastrtps_cpp/cmake)
-- Using RMW implementation 'rmw_fastrtps_cpp' as default
-- Found eigen3_cmake_module: 0.1.1 (/opt/ros/humble/share/eigen3_cmake_module/cmake)
-- Found rosidl_default_generators: 1.2.0 (/opt/ros/humble/share/rosidl_default_generators/cmake)
-- Found ament_cmake_ros: 0.10.0 (/opt/ros/humble/share/ament_cmake_ros/cmake)
-- Using all available rosidl_typesupport_c: rosidl_typesupport_fastrtps_c;rosidl_typesupport_introspection_c
-- Using all available rosidl_typesupport_cpp: rosidl_typesupport_fastrtps_cpp;rosidl_typesupport_introspection_cpp
-- Found python_cmake_module: 0.10.0 (/opt/ros/humble/share/python_cmake_module/cmake)
-- Using PYTHON_EXECUTABLE: /usr/bin/python3
-- Using PYTHON_INCLUDE_DIRS: /usr/include/python3.10
-- Using PYTHON_LIBRARIES: /usr/lib/x86_64-linux-gnu/libpython3.10.so
-- Found ament_lint_auto: 0.12.11 (/opt/ros/humble/share/ament_lint_auto/cmake)
-- Added test 'cppcheck' to perform static code analysis on C / C++ code
-- Configured cppcheck include dirs: 
-- Configured cppcheck exclude dirs and/or files: 
-- Added test 'lint_cmake' to check CMake code style
-- Added test 'uncrustify' to check C / C++ code style
-- Configured uncrustify additional arguments: 
-- Added test 'xmllint' to check XML markup files
-- Configuring done
-- Generating done
-- Build files have been written to: /home/fourdds/ros2_ws/build/stigmergy
[  2%] [34m[1mGenerating C code for ROS interfaces[0m
[  5%] [32mBuilding CXX object CMakeFiles/stigmergy_map.dir/src/StigmergyMap.cpp.o[0m
[ 11%] [32mBuilding CXX object CMakeFiles/stigmergy_map.dir/src/yaml.cpp.o[0m
[ 11%] [34m[1mGenerating C++ code for ROS interfaces[0m
[ 14%] [32mBuilding CXX object CMakeFiles/stigmergy_map.dir/src/main.cpp.o[0m
[ 14%] Built target ament_cmake_python_copy_stigmergy
running egg_info
creating stigmergy.egg-info
writing stigmergy.egg-info/PKG-INFO
writing dependency_links to stigmergy.egg-info/dependency_links.txt
writing top-level names to stigmergy.egg-info/top_level.txt
writing manifest file 'stigmergy.egg-info/SOURCES.txt'
[ 14%] Built target stigmergy__cpp
[ 22%] [34m[1mGenerating C++ type support for eProsima Fast-RTPS[0m
[ 22%] [34m[1mGenerating C++ introspection for ROS interfaces[0m
[ 22%] [34m[1mGenerating C++ type support dispatch for ROS interfaces[0m
[ 25%] [32mBuilding C object CMakeFiles/stigmergy__rosidl_generator_c.dir/rosidl_generator_c/stigmergy/msg/detail/pheromone_gradient__functions.c.o[0m
reading manifest file 'stigmergy.egg-info/SOURCES.txt'
writing manifest file 'stigmergy.egg-info/SOURCES.txt'
[ 25%] Built target ament_cmake_python_build_stigmergy_egg
[ 28%] [32m[1mLinking C shared library libstigmergy__rosidl_generator_c.so[0m
[ 28%] Built target stigmergy__rosidl_generator_c
[ 34%] [34m[1mGenerating C type support for eProsima Fast-RTPS[0m
[ 34%] [34m[1mGenerating C type support dispatch for ROS interfaces[0m
[ 37%] [34m[1mGenerating C introspection for ROS interfaces[0m
[ 40%] [32mBuilding CXX object CMakeFiles/stigmergy__rosidl_typesupport_cpp.dir/rosidl_typesupport_cpp/stigmergy/msg/pheromone_gradient__type_support.cpp.o[0m
[ 42%] [32mBuilding CXX object CMakeFiles/stigmergy__rosidl_typesupport_introspection_cpp.dir/rosidl_typesupport_introspection_cpp/stigmergy/msg/detail/pheromone_gradient__type_support.cpp.o[0m
[ 45%] [32mBuilding CXX object CMakeFiles/stigmergy__rosidl_typesupport_fastrtps_cpp.dir/rosidl_typesupport_fastrtps_cpp/stigmergy/msg/detail/dds_fastrtps/pheromone_gradient__type_support.cpp.o[0m
In file included from [01m[K/home/fourdds/ros2_ws/src/stigmergy/src/main.cpp:1[m[K:
[01m[K/home/fourdds/ros2_ws/src/stigmergy/src/StigmergyMap.hpp:5:10:[m[K [01;31m[Kfatal error: [m[Kboids/msg/geo_ping.hpp: No such file or directory
    5 | #include [01;31m[K<boids/msg/geo_ping.hpp>[m[K
      |          [01;31m[K^~~~~~~~~~~~~~~~~~~~~~~~[m[K
compilation terminated.
In file included from [01m[K/home/fourdds/ros2_ws/src/stigmergy/src/StigmergyMap.cpp:1[m[K:
[01m[K/home/fourdds/ros2_ws/src/stigmergy/src/StigmergyMap.hpp:5:10:[m[K [01;31m[Kfatal error: [m[Kboids/msg/geo_ping.hpp: No such file or directory
    5 | #include [01;31m[K<boids/msg/geo_ping.hpp>[m[K
      |          [01;31m[K^~~~~~~~~~~~~~~~~~~~~~~~[m[K
compilation terminated.
gmake[2]: *** [CMakeFiles/stigmergy_map.dir/build.make:104: CMakeFiles/stigmergy_map.dir/src/main.cpp.o] Error 1
gmake[2]: *** Waiting for unfinished jobs....
gmake[2]: *** [CMakeFiles/stigmergy_map.dir/build.make:76: CMakeFiles/stigmergy_map.dir/src/StigmergyMap.cpp.o] Error 1
[ 48%] [32mBuilding CXX object CMakeFiles/stigmergy__rosidl_typesupport_c.dir/rosidl_typesupport_c/stigmergy/msg/pheromone_gradient__type_support.cpp.o[0m
[ 51%] [32mBuilding C object CMakeFiles/stigmergy__rosidl_typesupport_introspection_c.dir/rosidl_typesupport_introspection_c/stigmergy/msg/detail/pheromone_gradient__type_support.c.o[0m
[ 54%] [32mBuilding CXX object CMakeFiles/stigmergy__rosidl_typesupport_fastrtps_c.dir/rosidl_typesupport_fastrtps_c/stigmergy/msg/detail/pheromone_gradient__type_support_c.cpp.o[0m
[ 57%] [32m[1mLinking CXX shared library libstigmergy__rosidl_typesupport_c.so[0m
[ 60%] [32m[1mLinking C shared library libstigmergy__rosidl_typesupport_introspection_c.so[0m
[ 60%] Built target stigmergy__rosidl_typesupport_introspection_c
[ 60%] Built target stigmergy__rosidl_typesupport_c
[ 62%] [32m[1mLinking CXX shared library libstigmergy__rosidl_typesupport_cpp.so[0m
[ 62%] Built target stigmergy__rosidl_typesupport_cpp
[ 65%] [32m[1mLinking CXX shared library libstigmergy__rosidl_typesupport_introspection_cpp.so[0m
[ 65%] Built target stigmergy__rosidl_typesupport_introspection_cpp
[ 68%] [32m[1mLinking CXX shared library libstigmergy__rosidl_typesupport_fastrtps_cpp.so[0m
[ 68%] Built target stigmergy__rosidl_typesupport_fastrtps_cpp
[ 71%] [32m[1mLinking CXX shared library libstigmergy__rosidl_typesupport_fastrtps_c.so[0m
[ 71%] Built target stigmergy__rosidl_typesupport_fastrtps_c
[ 71%] Built target stigmergy
[ 74%] [34m[1mGenerating Python code for ROS interfaces[0m
[ 74%] Built target stigmergy__py
[ 77%] [32mBuilding C object CMakeFiles/stigmergy__rosidl_generator_py.dir/rosidl_generator_py/stigmergy/msg/_pheromone_gradient_s.c.o[0m
[ 80%] [32m[1mLinking C shared library rosidl_generator_py/stigmergy/libstigmergy__rosidl_generator_py.so[0m
[ 80%] Built target stigmergy__rosidl_generator_py
[ 85%] [32mBuilding C object CMakeFiles/stigmergy__rosidl_typesupport_c__pyext.dir/rosidl_generator_py/stigmergy/_stigmergy_s.ep.rosidl_typesupport_c.c.o[0m
[ 85%] [32mBuilding C object CMakeFiles/stigmergy__rosidl_typesupport_introspection_c__pyext.dir/rosidl_generator_py/stigmergy/_stigmergy_s.ep.rosidl_typesupport_introspection_c.c.o[0m
[ 88%] [32mBuilding C object CMakeFiles/stigmergy__rosidl_typesupport_fastrtps_c__pyext.dir/rosidl_generator_py/stigmergy/_stigmergy_s.ep.rosidl_typesupport_fastrtps_c.c.o[0m
[ 94%] [32m[1mLinking C shared library rosidl_generator_py/stigmergy/stigmergy_s__rosidl_typesupport_c.cpython-310-x86_64-linux-gnu.so[0m
[ 94%] [32m[1mLinking C shared library rosidl_generator_py/stigmergy/stigmergy_s__rosidl_typesupport_fastrtps_c.cpython-310-x86_64-linux-gnu.so[0m
[ 97%] [32m[1mLinking C shared library rosidl_generator_py/stigmergy/stigmergy_s__rosidl_typesupport_introspection_c.cpython-310-x86_64-linux-gnu.so[0m
[ 97%] Built target stigmergy__rosidl_typesupport_c__pyext
[ 97%] Built target stigmergy__rosidl_typesupport_fastrtps_c__pyext
[ 97%] Built target stigmergy__rosidl_typesupport_introspection_c__pyext
gmake[1]: *** [CMakeFiles/Makefile2:592: CMakeFiles/stigmergy_map.dir/all] Error 2
gmake: *** [Makefile:146: all] Error 2
