[0.007s] Invoking command in '/home/fourdds/ros2_ws/build/iris-logger': CMAKE_PREFIX_PATH=${CMAKE_PREFIX_PATH}:/opt/ros/humble /usr/bin/cmake --build /home/fourdds/ros2_ws/build/iris-logger -- -j24 -l24
[0.026s] [100%] Built target Logger
[0.030s] Invoked command in '/home/fourdds/ros2_ws/build/iris-logger' returned '0': CMAKE_PREFIX_PATH=${CMAKE_PREFIX_PATH}:/opt/ros/humble /usr/bin/cmake --build /home/fourdds/ros2_ws/build/iris-logger -- -j24 -l24
[0.044s] Invoking command in '/home/fourdds/ros2_ws/build/iris-logger': CMAKE_PREFIX_PATH=${CMAKE_PREFIX_PATH}:/opt/ros/humble /usr/bin/cmake --install /home/fourdds/ros2_ws/build/iris-logger
[0.047s] -- Install configuration: ""
[0.047s] -- Up-to-date: /home/fourdds/ros2_ws/install/iris-logger/lib/iris-logger/Logger
[0.048s] -- Up-to-date: /home/fourdds/ros2_ws/install/iris-logger/share/ament_index/resource_index/package_run_dependencies/iris-logger
[0.048s] -- Up-to-date: /home/fourdds/ros2_ws/install/iris-logger/share/ament_index/resource_index/parent_prefix_path/iris-logger
[0.048s] -- Up-to-date: /home/fourdds/ros2_ws/install/iris-logger/share/iris-logger/environment/ament_prefix_path.sh
[0.048s] -- Up-to-date: /home/fourdds/ros2_ws/install/iris-logger/share/iris-logger/environment/ament_prefix_path.dsv
[0.048s] -- Up-to-date: /home/fourdds/ros2_ws/install/iris-logger/share/iris-logger/environment/path.sh
[0.048s] -- Up-to-date: /home/fourdds/ros2_ws/install/iris-logger/share/iris-logger/environment/path.dsv
[0.048s] -- Up-to-date: /home/fourdds/ros2_ws/install/iris-logger/share/iris-logger/local_setup.bash
[0.048s] -- Up-to-date: /home/fourdds/ros2_ws/install/iris-logger/share/iris-logger/local_setup.sh
[0.048s] -- Up-to-date: /home/fourdds/ros2_ws/install/iris-logger/share/iris-logger/local_setup.zsh
[0.048s] -- Up-to-date: /home/fourdds/ros2_ws/install/iris-logger/share/iris-logger/local_setup.dsv
[0.048s] -- Installing: /home/fourdds/ros2_ws/install/iris-logger/share/iris-logger/package.dsv
[0.048s] -- Up-to-date: /home/fourdds/ros2_ws/install/iris-logger/share/ament_index/resource_index/packages/iris-logger
[0.048s] -- Up-to-date: /home/fourdds/ros2_ws/install/iris-logger/share/iris-logger/cmake/iris-loggerConfig.cmake
[0.049s] -- Up-to-date: /home/fourdds/ros2_ws/install/iris-logger/share/iris-logger/cmake/iris-loggerConfig-version.cmake
[0.049s] -- Up-to-date: /home/fourdds/ros2_ws/install/iris-logger/share/iris-logger/package.xml
[0.049s] Invoked command in '/home/fourdds/ros2_ws/build/iris-logger' returned '0': CMAKE_PREFIX_PATH=${CMAKE_PREFIX_PATH}:/opt/ros/humble /usr/bin/cmake --install /home/fourdds/ros2_ws/build/iris-logger
