[0.142s] Invoking command in '/home/fourdds/ros2_ws/build/base_station': CMAKE_PREFIX_PATH=${CMAKE_PREFIX_PATH}:/home/fourdds/ws/install/opencv_tests:/home/fourdds/ros2_ws/install/analysis:/opt/ros/humble /usr/bin/cmake --build /home/fourdds/ros2_ws/build/base_station -- -j24 -l24
[0.166s] [35m[1mConsolidate compiler generated dependencies of target BaseStation[0m
[0.176s] [100%] Built target BaseStation
[0.187s] Invoked command in '/home/fourdds/ros2_ws/build/base_station' returned '0': CMAKE_PREFIX_PATH=${CMAKE_PREFIX_PATH}:/home/fourdds/ws/install/opencv_tests:/home/fourdds/ros2_ws/install/analysis:/opt/ros/humble /usr/bin/cmake --build /home/fourdds/ros2_ws/build/base_station -- -j24 -l24
[0.209s] Invoking command in '/home/fourdds/ros2_ws/build/base_station': CMAKE_PREFIX_PATH=${CMAKE_PREFIX_PATH}:/home/fourdds/ws/install/opencv_tests:/home/fourdds/ros2_ws/install/analysis:/opt/ros/humble /usr/bin/cmake --install /home/fourdds/ros2_ws/build/base_station
[0.214s] -- Install configuration: ""
[0.219s] -- Installing: /home/fourdds/ros2_ws/install/base_station/lib/base_station/BaseStation
[0.219s] -- Set runtime path of "/home/fourdds/ros2_ws/install/base_station/lib/base_station/BaseStation" to ""
[0.219s] -- Up-to-date: /home/fourdds/ros2_ws/install/base_station/share/ament_index/resource_index/package_run_dependencies/base_station
[0.219s] -- Installing: /home/fourdds/ros2_ws/install/base_station/share/ament_index/resource_index/parent_prefix_path/base_station
[0.219s] -- Installing: /home/fourdds/ros2_ws/install/base_station/share/base_station/environment/ament_prefix_path.sh
[0.221s] -- Installing: /home/fourdds/ros2_ws/install/base_station/share/base_station/environment/ament_prefix_path.dsv
[0.221s] -- Installing: /home/fourdds/ros2_ws/install/base_station/share/base_station/environment/path.sh
[0.222s] -- Installing: /home/fourdds/ros2_ws/install/base_station/share/base_station/environment/path.dsv
[0.222s] -- Up-to-date: /home/fourdds/ros2_ws/install/base_station/share/base_station/local_setup.bash
[0.222s] -- Up-to-date: /home/fourdds/ros2_ws/install/base_station/share/base_station/local_setup.sh
[0.222s] -- Up-to-date: /home/fourdds/ros2_ws/install/base_station/share/base_station/local_setup.zsh
[0.222s] -- Installing: /home/fourdds/ros2_ws/install/base_station/share/base_station/local_setup.dsv
[0.222s] -- Installing: /home/fourdds/ros2_ws/install/base_station/share/base_station/package.dsv
[0.223s] -- Up-to-date: /home/fourdds/ros2_ws/install/base_station/share/ament_index/resource_index/packages/base_station
[0.223s] -- Up-to-date: /home/fourdds/ros2_ws/install/base_station/share/base_station/cmake/base_stationConfig.cmake
[0.223s] -- Up-to-date: /home/fourdds/ros2_ws/install/base_station/share/base_station/cmake/base_stationConfig-version.cmake
[0.223s] -- Up-to-date: /home/fourdds/ros2_ws/install/base_station/share/base_station/package.xml
[0.229s] Invoked command in '/home/fourdds/ros2_ws/build/base_station' returned '0': CMAKE_PREFIX_PATH=${CMAKE_PREFIX_PATH}:/home/fourdds/ws/install/opencv_tests:/home/fourdds/ros2_ws/install/analysis:/opt/ros/humble /usr/bin/cmake --install /home/fourdds/ros2_ws/build/base_station
