[0.008s] Invoking command in '/home/fourdds/ros2_ws/build/drone': CMAKE_PREFIX_PATH=${CMAKE_PREFIX_PATH}:/home/fourdds/ws/install/opencv_tests:/opt/ros/humble /usr/bin/cmake --build /home/fourdds/ros2_ws/build/drone -- -j24 -l24
[0.027s] [35m[1mConsolidate compiler generated dependencies of target Drone[0m
[0.039s] [ 33%] [32mBuilding CXX object CMakeFiles/Drone.dir/src/Drone.cpp.o[0m
[2.204s] [01m[K/home/fourdds/ros2_ws/src/drone/src/Drone.cpp:[m[K In member function ‘[01m[Kvoid fdds::Drone::flockingLogic()[m[K’:
[2.204s] [01m[K/home/fourdds/ros2_ws/src/drone/src/Drone.cpp:181:40:[m[K [01;35m[Kwarning: [m[Knarrowing conversion of ‘[01m[K((fdds::Drone*)this)->fdds::Drone::yawRadians[m[K’ from ‘[01m[Kdouble[m[K’ to ‘[01m[KEigen::Rotation2D<float>::Scalar[m[K’ {aka ‘[01m[Kfloat[m[K’} [[01;35m[K]8;;https://gcc.gnu.org/onlinedocs/gcc/Warning-Options.html#index-Wnarrowing-Wnarrowing]8;;[m[K]
[2.204s]   181 |     Eigen::Rotation2Df rotation_matrix{[01;35m[KyawRadians[m[K};
[2.204s]       |                                        [01;35m[K^~~~~~~~~~[m[K
[12.711s] [ 66%] [32m[1mLinking CXX executable Drone[0m
[12.993s] [100%] Built target Drone
[12.998s] Invoked command in '/home/fourdds/ros2_ws/build/drone' returned '0': CMAKE_PREFIX_PATH=${CMAKE_PREFIX_PATH}:/home/fourdds/ws/install/opencv_tests:/opt/ros/humble /usr/bin/cmake --build /home/fourdds/ros2_ws/build/drone -- -j24 -l24
[13.015s] Invoking command in '/home/fourdds/ros2_ws/build/drone': CMAKE_PREFIX_PATH=${CMAKE_PREFIX_PATH}:/home/fourdds/ws/install/opencv_tests:/opt/ros/humble /usr/bin/cmake --install /home/fourdds/ros2_ws/build/drone
[13.018s] -- Install configuration: ""
[13.018s] -- Installing: /home/fourdds/ros2_ws/install/drone/lib/drone/Drone
[13.020s] -- Set runtime path of "/home/fourdds/ros2_ws/install/drone/lib/drone/Drone" to ""
[13.020s] -- Up-to-date: /home/fourdds/ros2_ws/install/drone/share/ament_index/resource_index/package_run_dependencies/drone
[13.020s] -- Up-to-date: /home/fourdds/ros2_ws/install/drone/share/ament_index/resource_index/parent_prefix_path/drone
[13.020s] -- Up-to-date: /home/fourdds/ros2_ws/install/drone/share/drone/environment/ament_prefix_path.sh
[13.020s] -- Up-to-date: /home/fourdds/ros2_ws/install/drone/share/drone/environment/ament_prefix_path.dsv
[13.020s] -- Up-to-date: /home/fourdds/ros2_ws/install/drone/share/drone/environment/path.sh
[13.020s] -- Up-to-date: /home/fourdds/ros2_ws/install/drone/share/drone/environment/path.dsv
[13.020s] -- Up-to-date: /home/fourdds/ros2_ws/install/drone/share/drone/local_setup.bash
[13.020s] -- Up-to-date: /home/fourdds/ros2_ws/install/drone/share/drone/local_setup.sh
[13.020s] -- Up-to-date: /home/fourdds/ros2_ws/install/drone/share/drone/local_setup.zsh
[13.020s] -- Up-to-date: /home/fourdds/ros2_ws/install/drone/share/drone/local_setup.dsv
[13.020s] -- Installing: /home/fourdds/ros2_ws/install/drone/share/drone/package.dsv
[13.020s] -- Up-to-date: /home/fourdds/ros2_ws/install/drone/share/ament_index/resource_index/packages/drone
[13.021s] -- Up-to-date: /home/fourdds/ros2_ws/install/drone/share/drone/cmake/droneConfig.cmake
[13.021s] -- Up-to-date: /home/fourdds/ros2_ws/install/drone/share/drone/cmake/droneConfig-version.cmake
[13.021s] -- Up-to-date: /home/fourdds/ros2_ws/install/drone/share/drone/package.xml
[13.022s] Invoked command in '/home/fourdds/ros2_ws/build/drone' returned '0': CMAKE_PREFIX_PATH=${CMAKE_PREFIX_PATH}:/home/fourdds/ws/install/opencv_tests:/opt/ros/humble /usr/bin/cmake --install /home/fourdds/ros2_ws/build/drone
