[0.014s] Invoking command in '/home/fourdds/ros2_ws/build/drone': CMAKE_PREFIX_PATH=${CMAKE_PREFIX_PATH}:/home/fourdds/ros2_ws/install/analysis:/home/fourdds/ws/install/opencv_tests:/opt/ros/humble /usr/bin/cmake --build /home/fourdds/ros2_ws/build/drone -- -j24 -l24
[0.030s] -- Found ament_cmake: 1.3.9 (/opt/ros/humble/share/ament_cmake/cmake)
[0.118s] -- Found builtin_interfaces: 1.2.1 (/opt/ros/humble/share/builtin_interfaces/cmake)
[0.186s] -- Found rosidl_generator_c: 3.1.5 (/opt/ros/humble/share/rosidl_generator_c/cmake)
[0.187s] -- Found rosidl_adapter: 3.1.5 (/opt/ros/humble/share/rosidl_adapter/cmake)
[0.191s] -- Found rosidl_generator_cpp: 3.1.5 (/opt/ros/humble/share/rosidl_generator_cpp/cmake)
[0.198s] -- Using all available rosidl_typesupport_c: rosidl_typesupport_fastrtps_c;rosidl_typesupport_introspection_c
[0.207s] -- Using all available rosidl_typesupport_cpp: rosidl_typesupport_fastrtps_cpp;rosidl_typesupport_introspection_cpp
[0.216s] -- Found eigen3_cmake_module: 0.1.1 (/opt/ros/humble/share/eigen3_cmake_module/cmake)
[0.217s] -- Found px4_msgs: 2.0.1 (/home/fourdds/ros2_ws/install/px4_msgs/share/px4_msgs/cmake)
[0.236s] -- Found rclcpp: 16.0.9 (/opt/ros/humble/share/rclcpp/cmake)
[0.264s] -- Found rmw_implementation_cmake: 6.1.2 (/opt/ros/humble/share/rmw_implementation_cmake/cmake)
[0.266s] -- Found rmw_fastrtps_cpp: 6.2.6 (/opt/ros/humble/share/rmw_fastrtps_cpp/cmake)
[2.901s] -- Using RMW implementation 'rmw_fastrtps_cpp' as default
[3.000s] -- Found sensor_msgs: 4.2.4 (/opt/ros/humble/share/sensor_msgs/cmake)
[3.081s] -- Found obstacle_avoidance: 0.0.0 (/home/fourdds/ros2_ws/install/obstacle_avoidance/share/obstacle_avoidance/cmake)
[3.082s] -- Found target_detection: 0.0.0 (/home/fourdds/ros2_ws/install/target_detection/share/target_detection/cmake)
[3.083s] -- Found parameters: 0.0.0 (/home/fourdds/ros2_ws/install/parameters/share/parameters/cmake)
[3.084s] -- Found fdds_messages: 0.0.0 (/home/fourdds/ros2_ws/install/fdds_messages/share/fdds_messages/cmake)
[3.096s] -- Found cv_bridge: 3.2.1 (/home/fourdds/ws/install/cv_bridge/share/cv_bridge/cmake)
[3.105s] -- Found image_transport: 3.1.9 (/opt/ros/humble/share/image_transport/cmake)
[3.741s] -- Found ament_lint_auto: 0.12.11 (/opt/ros/humble/share/ament_lint_auto/cmake)
[3.787s] -- Added test 'cppcheck' to perform static code analysis on C / C++ code
[3.787s] -- Configured cppcheck include dirs: $<BUILD_INTERFACE:/home/fourdds/ros2_ws/src/drone/include>
[3.787s] -- Configured cppcheck exclude dirs and/or files: 
[3.788s] -- Added test 'lint_cmake' to check CMake code style
[3.788s] -- Added test 'uncrustify' to check C / C++ code style
[3.788s] -- Configured uncrustify additional arguments: 
[3.788s] -- Added test 'xmllint' to check XML markup files
[3.789s] -- Configuring done
[3.799s] -- Generating done
[3.800s] -- Build files have been written to: /home/fourdds/ros2_ws/build/drone
[3.820s] [35m[1mConsolidate compiler generated dependencies of target Drone[0m
[3.834s] [ 66%] [32mBuilding CXX object CMakeFiles/Drone.dir/src/Drone.cpp.o[0m
[3.835s] [ 66%] [32mBuilding CXX object CMakeFiles/Drone.dir/src/main.cpp.o[0m
[7.061s] [01m[K/home/fourdds/ros2_ws/src/drone/src/Drone.cpp:[m[K In member function ‘[01m[Kvoid fdds::Drone::flockingLogic()[m[K’:
[7.061s] [01m[K/home/fourdds/ros2_ws/src/drone/src/Drone.cpp:188:40:[m[K [01;35m[Kwarning: [m[Knarrowing conversion of ‘[01m[K((fdds::Drone*)this)->fdds::Drone::yawRadians[m[K’ from ‘[01m[Kdouble[m[K’ to ‘[01m[KEigen::Rotation2D<float>::Scalar[m[K’ {aka ‘[01m[Kfloat[m[K’} [[01;35m[K]8;;https://gcc.gnu.org/onlinedocs/gcc/Warning-Options.html#index-Wnarrowing-Wnarrowing]8;;[m[K]
[7.061s]   188 |     Eigen::Rotation2Df rotation_matrix{[01;35m[KyawRadians[m[K};
[7.061s]       |                                        [01;35m[K^~~~~~~~~~[m[K
[22.810s] [100%] [32m[1mLinking CXX executable Drone[0m
[23.230s] [100%] Built target Drone
