[0.006s] Invoking command in '/home/fourdds/ros2_ws/build/base_station': CMAKE_PREFIX_PATH=${CMAKE_PREFIX_PATH}:/opt/ros/humble /usr/bin/cmake --build /home/fourdds/ros2_ws/build/base_station -- -j24 -l24
[0.018s] -- Found ament_cmake: 1.3.8 (/opt/ros/humble/share/ament_cmake/cmake)
[0.083s] -- Found fdds_messages: 0.0.0 (/home/fourdds/ros2_ws/install/fdds_messages/share/fdds_messages/cmake)
[0.095s] -- Found rosidl_generator_c: 3.1.5 (/opt/ros/humble/share/rosidl_generator_c/cmake)
[0.096s] -- Found rosidl_adapter: 3.1.5 (/opt/ros/humble/share/rosidl_adapter/cmake)
[0.100s] -- Found rosidl_generator_cpp: 3.1.5 (/opt/ros/humble/share/rosidl_generator_cpp/cmake)
[0.106s] -- Using all available rosidl_typesupport_c: rosidl_typesupport_fastrtps_c;rosidl_typesupport_introspection_c
[0.114s] -- Using all available rosidl_typesupport_cpp: rosidl_typesupport_fastrtps_cpp;rosidl_typesupport_introspection_cpp
[0.120s] -- Found ament_lint_auto: 0.12.10 (/opt/ros/humble/share/ament_lint_auto/cmake)
[0.156s] -- Added test 'cppcheck' to perform static code analysis on C / C++ code
[0.156s] -- Configured cppcheck include dirs: $<BUILD_INTERFACE:/home/fourdds/ros2_ws/src/base_station/include>
[0.156s] -- Configured cppcheck exclude dirs and/or files: 
[0.157s] -- Added test 'lint_cmake' to check CMake code style
[0.157s] -- Added test 'uncrustify' to check C / C++ code style
[0.157s] -- Configured uncrustify additional arguments: 
[0.157s] -- Added test 'xmllint' to check XML markup files
[0.157s] -- Configuring done
[0.160s] -- Generating done
[0.160s] -- Build files have been written to: /home/fourdds/ros2_ws/build/base_station
[0.171s] [35m[1mConsolidate compiler generated dependencies of target BaseStation[0m
[0.176s] [ 50%] [32mBuilding CXX object CMakeFiles/BaseStation.dir/src/BaseStation.cpp.o[0m
[0.420s] [100%] [32m[1mLinking CXX executable BaseStation[0m
[0.443s] [100%] Built target BaseStation
[0.452s] Invoked command in '/home/fourdds/ros2_ws/build/base_station' returned '0': CMAKE_PREFIX_PATH=${CMAKE_PREFIX_PATH}:/opt/ros/humble /usr/bin/cmake --build /home/fourdds/ros2_ws/build/base_station -- -j24 -l24
[0.464s] Invoking command in '/home/fourdds/ros2_ws/build/base_station': CMAKE_PREFIX_PATH=${CMAKE_PREFIX_PATH}:/opt/ros/humble /usr/bin/cmake --install /home/fourdds/ros2_ws/build/base_station
[0.467s] -- Install configuration: ""
[0.467s] -- Installing: /home/fourdds/ros2_ws/install/base_station/lib/base_station/BaseStation
[0.467s] -- Set runtime path of "/home/fourdds/ros2_ws/install/base_station/lib/base_station/BaseStation" to ""
[0.467s] -- Up-to-date: /home/fourdds/ros2_ws/install/base_station/share/ament_index/resource_index/package_run_dependencies/base_station
[0.467s] -- Up-to-date: /home/fourdds/ros2_ws/install/base_station/share/ament_index/resource_index/parent_prefix_path/base_station
[0.467s] -- Up-to-date: /home/fourdds/ros2_ws/install/base_station/share/base_station/environment/ament_prefix_path.sh
[0.467s] -- Installing: /home/fourdds/ros2_ws/install/base_station/share/base_station/environment/ament_prefix_path.dsv
[0.468s] -- Up-to-date: /home/fourdds/ros2_ws/install/base_station/share/base_station/environment/path.sh
[0.468s] -- Installing: /home/fourdds/ros2_ws/install/base_station/share/base_station/environment/path.dsv
[0.468s] -- Up-to-date: /home/fourdds/ros2_ws/install/base_station/share/base_station/local_setup.bash
[0.468s] -- Up-to-date: /home/fourdds/ros2_ws/install/base_station/share/base_station/local_setup.sh
[0.468s] -- Up-to-date: /home/fourdds/ros2_ws/install/base_station/share/base_station/local_setup.zsh
[0.468s] -- Installing: /home/fourdds/ros2_ws/install/base_station/share/base_station/local_setup.dsv
[0.468s] -- Installing: /home/fourdds/ros2_ws/install/base_station/share/base_station/package.dsv
[0.468s] -- Up-to-date: /home/fourdds/ros2_ws/install/base_station/share/ament_index/resource_index/packages/base_station
[0.468s] -- Up-to-date: /home/fourdds/ros2_ws/install/base_station/share/base_station/cmake/base_stationConfig.cmake
[0.468s] -- Up-to-date: /home/fourdds/ros2_ws/install/base_station/share/base_station/cmake/base_stationConfig-version.cmake
[0.468s] -- Up-to-date: /home/fourdds/ros2_ws/install/base_station/share/base_station/package.xml
[0.469s] Invoked command in '/home/fourdds/ros2_ws/build/base_station' returned '0': CMAKE_PREFIX_PATH=${CMAKE_PREFIX_PATH}:/opt/ros/humble /usr/bin/cmake --install /home/fourdds/ros2_ws/build/base_station
