[0.532s] Invoking command in '/home/fourdds/ros2_ws/build/stigmergy_map': CMAKE_PREFIX_PATH=/opt/ros/humble /usr/bin/cmake --build /home/fourdds/ros2_ws/build/stigmergy_map -- -j16 -l16
[0.697s] [100%] Built target StigmergyMap
[0.737s] Invoked command in '/home/fourdds/ros2_ws/build/stigmergy_map' returned '0': CMAKE_PREFIX_PATH=/opt/ros/humble /usr/bin/cmake --build /home/fourdds/ros2_ws/build/stigmergy_map -- -j16 -l16
[0.864s] Invoking command in '/home/fourdds/ros2_ws/build/stigmergy_map': CMAKE_PREFIX_PATH=/opt/ros/humble /usr/bin/cmake --install /home/fourdds/ros2_ws/build/stigmergy_map
[0.884s] -- Install configuration: ""
[0.885s] -- Execute custom install script
[0.886s] -- Up-to-date symlink: /home/fourdds/ros2_ws/install/stigmergy_map/lib/stigmergy_map/StigmergyMap
[0.888s] -- Up-to-date symlink: /home/fourdds/ros2_ws/install/stigmergy_map/share/ament_index/resource_index/package_run_dependencies/stigmergy_map
[0.888s] -- Up-to-date symlink: /home/fourdds/ros2_ws/install/stigmergy_map/share/ament_index/resource_index/parent_prefix_path/stigmergy_map
[0.890s] -- Up-to-date symlink: /home/fourdds/ros2_ws/install/stigmergy_map/share/stigmergy_map/environment/ament_prefix_path.sh
[0.891s] -- Up-to-date symlink: /home/fourdds/ros2_ws/install/stigmergy_map/share/stigmergy_map/environment/ament_prefix_path.dsv
[0.891s] -- Up-to-date symlink: /home/fourdds/ros2_ws/install/stigmergy_map/share/stigmergy_map/environment/path.sh
[0.894s] -- Up-to-date symlink: /home/fourdds/ros2_ws/install/stigmergy_map/share/stigmergy_map/environment/path.dsv
[0.897s] -- Up-to-date symlink: /home/fourdds/ros2_ws/install/stigmergy_map/share/stigmergy_map/local_setup.bash
[0.898s] -- Up-to-date symlink: /home/fourdds/ros2_ws/install/stigmergy_map/share/stigmergy_map/local_setup.sh
[0.899s] -- Up-to-date symlink: /home/fourdds/ros2_ws/install/stigmergy_map/share/stigmergy_map/local_setup.zsh
[0.900s] -- Up-to-date symlink: /home/fourdds/ros2_ws/install/stigmergy_map/share/stigmergy_map/local_setup.dsv
[0.902s] -- Symlinking: /home/fourdds/ros2_ws/install/stigmergy_map/share/stigmergy_map/package.dsv
[0.919s] -- Up-to-date symlink: /home/fourdds/ros2_ws/install/stigmergy_map/share/ament_index/resource_index/packages/stigmergy_map
[0.920s] -- Up-to-date symlink: /home/fourdds/ros2_ws/install/stigmergy_map/share/stigmergy_map/cmake/stigmergy_mapConfig.cmake
[0.922s] -- Up-to-date symlink: /home/fourdds/ros2_ws/install/stigmergy_map/share/stigmergy_map/cmake/stigmergy_mapConfig-version.cmake
[0.923s] -- Up-to-date symlink: /home/fourdds/ros2_ws/install/stigmergy_map/share/stigmergy_map/package.xml
[0.966s] Invoked command in '/home/fourdds/ros2_ws/build/stigmergy_map' returned '0': CMAKE_PREFIX_PATH=/opt/ros/humble /usr/bin/cmake --install /home/fourdds/ros2_ws/build/stigmergy_map
