[1.284s] Invoking command in '/home/fourdds/ros2_ws/build/analysis': PYTHONPATH=/home/fourdds/ros2_ws/build/analysis/prefix_override:/usr/lib/python3/dist-packages/colcon_core/task/python/colcon_distutils_commands:/home/fourdds/ros2_ws/install/analysis/lib/python3.10/site-packages:${PYTHONPATH} /usr/bin/python3 -W ignore:setup.py install is deprecated setup.py develop --editable --build-directory /home/fourdds/ros2_ws/build/analysis/build --no-deps symlink_data
[1.564s] running develop
[1.564s] /home/fourdds/.local/lib/python3.10/site-packages/setuptools/command/develop.py:42: EasyInstallDeprecationWarning: easy_install command is deprecated.
[1.564s] !!
[1.564s] 
[1.564s]         ********************************************************************************
[1.565s]         Please avoid running ``setup.py`` and ``easy_install``.
[1.565s]         Instead, use pypa/build, pypa/installer or other
[1.565s]         standards-based tools.
[1.565s] 
[1.565s]         See https://github.com/pypa/setuptools/issues/917 for details.
[1.565s]         ********************************************************************************
[1.566s] 
[1.566s] !!
[1.566s]   easy_install.initialize_options(self)
[1.763s] running egg_info
[1.776s] writing analysis.egg-info/PKG-INFO
[1.778s] writing dependency_links to analysis.egg-info/dependency_links.txt
[1.779s] writing entry points to analysis.egg-info/entry_points.txt
[1.779s] writing requirements to analysis.egg-info/requires.txt
[1.779s] writing top-level names to analysis.egg-info/top_level.txt
[1.808s] reading manifest file 'analysis.egg-info/SOURCES.txt'
[1.809s] writing manifest file 'analysis.egg-info/SOURCES.txt'
[1.825s] running build_ext
[1.825s] Creating /home/fourdds/ros2_ws/install/analysis/lib/python3.10/site-packages/analysis.egg-link (link to .)
[1.825s] Installing ConvertToCSV script to /home/fourdds/ros2_ws/install/analysis/lib/analysis
[1.826s] 
[1.826s] Installed /home/fourdds/ros2_ws/build/analysis
[1.826s] running symlink_data
[1.901s] Invoked command in '/home/fourdds/ros2_ws/build/analysis' returned '0': PYTHONPATH=/home/fourdds/ros2_ws/build/analysis/prefix_override:/usr/lib/python3/dist-packages/colcon_core/task/python/colcon_distutils_commands:/home/fourdds/ros2_ws/install/analysis/lib/python3.10/site-packages:${PYTHONPATH} /usr/bin/python3 -W ignore:setup.py install is deprecated setup.py develop --editable --build-directory /home/fourdds/ros2_ws/build/analysis/build --no-deps symlink_data
