[0.019s] Invoking command in '/home/fourdds/ros2_ws/build/px4_ros_com': AMENT_PREFIX_PATH=/home/fourdds/ros2_ws/install/px4_msgs:${AMENT_PREFIX_PATH} CMAKE_PREFIX_PATH=/home/fourdds/ros2_ws/install/px4_msgs:/opt/ros/humble LD_LIBRARY_PATH=/home/fourdds/ros2_ws/install/px4_msgs/lib:${LD_LIBRARY_PATH} PYTHONPATH=/home/fourdds/ros2_ws/install/px4_msgs/local/lib/python3.10/dist-packages:${PYTHONPATH} /usr/bin/cmake --build /home/fourdds/ros2_ws/build/px4_ros_com -- -j16 -l16
[0.135s] [ 16%] Built target debug_vect_advertiser
[0.137s] [ 33%] Built target frame_transforms
[0.139s] [ 50%] Built target sensor_combined_listener
[0.140s] [ 66%] Built target vehicle_gps_position_listener
[0.141s] [ 66%] Built target ament_cmake_python_symlink_px4_ros_com
[0.146s] [100%] Built target offboard_control_srv
[0.146s] [100%] Built target offboard_control
[0.394s] running egg_info
[0.411s] writing px4_ros_com.egg-info/PKG-INFO
[0.412s] writing dependency_links to px4_ros_com.egg-info/dependency_links.txt
[0.413s] writing top-level names to px4_ros_com.egg-info/top_level.txt
[0.463s] reading manifest file 'px4_ros_com.egg-info/SOURCES.txt'
[0.465s] writing manifest file 'px4_ros_com.egg-info/SOURCES.txt'
[0.522s] [100%] Built target ament_cmake_python_build_px4_ros_com_egg
[0.540s] Invoked command in '/home/fourdds/ros2_ws/build/px4_ros_com' returned '0': AMENT_PREFIX_PATH=/home/fourdds/ros2_ws/install/px4_msgs:${AMENT_PREFIX_PATH} CMAKE_PREFIX_PATH=/home/fourdds/ros2_ws/install/px4_msgs:/opt/ros/humble LD_LIBRARY_PATH=/home/fourdds/ros2_ws/install/px4_msgs/lib:${LD_LIBRARY_PATH} PYTHONPATH=/home/fourdds/ros2_ws/install/px4_msgs/local/lib/python3.10/dist-packages:${PYTHONPATH} /usr/bin/cmake --build /home/fourdds/ros2_ws/build/px4_ros_com -- -j16 -l16
[0.602s] Invoking command in '/home/fourdds/ros2_ws/build/px4_ros_com': AMENT_PREFIX_PATH=/home/fourdds/ros2_ws/install/px4_msgs:${AMENT_PREFIX_PATH} CMAKE_PREFIX_PATH=/home/fourdds/ros2_ws/install/px4_msgs:/opt/ros/humble LD_LIBRARY_PATH=/home/fourdds/ros2_ws/install/px4_msgs/lib:${LD_LIBRARY_PATH} PYTHONPATH=/home/fourdds/ros2_ws/install/px4_msgs/local/lib/python3.10/dist-packages:${PYTHONPATH} /usr/bin/cmake --install /home/fourdds/ros2_ws/build/px4_ros_com
[0.612s] -- Install configuration: ""
[0.614s] -- Execute custom install script
[0.616s] -- Up-to-date symlink: /home/fourdds/ros2_ws/install/px4_ros_com/lib/px4_ros_com/sensor_combined_listener
[0.617s] -- Up-to-date symlink: /home/fourdds/ros2_ws/install/px4_ros_com/lib/px4_ros_com/vehicle_gps_position_listener
[0.619s] -- Up-to-date symlink: /home/fourdds/ros2_ws/install/px4_ros_com/lib/px4_ros_com/debug_vect_advertiser
[0.619s] -- Up-to-date symlink: /home/fourdds/ros2_ws/install/px4_ros_com/lib/px4_ros_com/offboard_control
[0.621s] -- Up-to-date symlink: /home/fourdds/ros2_ws/install/px4_ros_com/lib/px4_ros_com/offboard_control_srv
[0.621s] -- Up-to-date symlink: /home/fourdds/ros2_ws/install/px4_ros_com/share/px4_ros_com/environment/library_path.sh
[0.622s] -- Up-to-date symlink: /home/fourdds/ros2_ws/install/px4_ros_com/share/px4_ros_com/environment/library_path.dsv
[0.624s] -- Up-to-date symlink: /home/fourdds/ros2_ws/install/px4_ros_com/include/px4_ros_com/frame_transforms.h
[0.625s] -- Up-to-date symlink: /home/fourdds/ros2_ws/install/px4_ros_com/share/px4_ros_com//launch/offboard_control_launch.yaml
[0.626s] -- Up-to-date symlink: /home/fourdds/ros2_ws/install/px4_ros_com/share/px4_ros_com//launch/sensor_combined_listener.launch.py
[0.627s] -- Up-to-date symlink: /home/fourdds/ros2_ws/install/px4_ros_com/share/px4_ros_com//test/__init__.py
[0.627s] -- Up-to-date symlink: /home/fourdds/ros2_ws/install/px4_ros_com/share/px4_ros_com//test/pipeline_io_test.py
[0.628s] -- Up-to-date symlink: /home/fourdds/ros2_ws/install/px4_ros_com/share/px4_ros_com//test/test_input.py
[0.628s] -- Up-to-date symlink: /home/fourdds/ros2_ws/install/px4_ros_com/share/px4_ros_com//test/test_output.py
[0.629s] -- Up-to-date symlink: /home/fourdds/ros2_ws/install/px4_ros_com/share/px4_ros_com/environment/pythonpath.sh
[0.630s] -- Up-to-date symlink: /home/fourdds/ros2_ws/install/px4_ros_com/share/px4_ros_com/environment/pythonpath.dsv
[0.631s] -- Up-to-date symlink: /home/fourdds/ros2_ws/install/px4_ros_com/local/lib/python3.10/dist-packages/px4_ros_com-0.1.0-py3.10.egg-info/PKG-INFO
[0.631s] -- Up-to-date symlink: /home/fourdds/ros2_ws/install/px4_ros_com/local/lib/python3.10/dist-packages/px4_ros_com-0.1.0-py3.10.egg-info/SOURCES.txt
[0.632s] -- Up-to-date symlink: /home/fourdds/ros2_ws/install/px4_ros_com/local/lib/python3.10/dist-packages/px4_ros_com-0.1.0-py3.10.egg-info/dependency_links.txt
[0.633s] -- Up-to-date symlink: /home/fourdds/ros2_ws/install/px4_ros_com/local/lib/python3.10/dist-packages/px4_ros_com-0.1.0-py3.10.egg-info/top_level.txt
[0.634s] -- Up-to-date symlink: /home/fourdds/ros2_ws/install/px4_ros_com/local/lib/python3.10/dist-packages/px4_ros_com/__init__.py
[0.634s] -- Up-to-date symlink: /home/fourdds/ros2_ws/install/px4_ros_com/local/lib/python3.10/dist-packages/px4_ros_com/module_to_import.py
[0.635s] -- Up-to-date symlink: /home/fourdds/ros2_ws/install/px4_ros_com/lib/px4_ros_com/offboard_control.py
[0.636s] -- Up-to-date symlink: /home/fourdds/ros2_ws/install/px4_ros_com/share/ament_index/resource_index/package_run_dependencies/px4_ros_com
[0.637s] -- Up-to-date symlink: /home/fourdds/ros2_ws/install/px4_ros_com/share/ament_index/resource_index/parent_prefix_path/px4_ros_com
[0.637s] -- Up-to-date symlink: /home/fourdds/ros2_ws/install/px4_ros_com/share/px4_ros_com/environment/ament_prefix_path.sh
[0.638s] -- Up-to-date symlink: /home/fourdds/ros2_ws/install/px4_ros_com/share/px4_ros_com/environment/ament_prefix_path.dsv
[0.639s] -- Up-to-date symlink: /home/fourdds/ros2_ws/install/px4_ros_com/share/px4_ros_com/environment/path.sh
[0.640s] -- Up-to-date symlink: /home/fourdds/ros2_ws/install/px4_ros_com/share/px4_ros_com/environment/path.dsv
[0.641s] -- Up-to-date symlink: /home/fourdds/ros2_ws/install/px4_ros_com/share/px4_ros_com/local_setup.bash
[0.641s] -- Up-to-date symlink: /home/fourdds/ros2_ws/install/px4_ros_com/share/px4_ros_com/local_setup.sh
[0.642s] -- Up-to-date symlink: /home/fourdds/ros2_ws/install/px4_ros_com/share/px4_ros_com/local_setup.zsh
[0.643s] -- Up-to-date symlink: /home/fourdds/ros2_ws/install/px4_ros_com/share/px4_ros_com/local_setup.dsv
[0.643s] -- Symlinking: /home/fourdds/ros2_ws/install/px4_ros_com/share/px4_ros_com/package.dsv
[0.655s] -- Up-to-date symlink: /home/fourdds/ros2_ws/install/px4_ros_com/share/ament_index/resource_index/packages/px4_ros_com
[0.655s] -- Up-to-date symlink: /home/fourdds/ros2_ws/install/px4_ros_com/share/px4_ros_com/cmake/ament_cmake_export_dependencies-extras.cmake
[0.656s] -- Up-to-date symlink: /home/fourdds/ros2_ws/install/px4_ros_com/share/px4_ros_com/cmake/ament_cmake_export_targets-extras.cmake
[0.657s] -- Up-to-date symlink: /home/fourdds/ros2_ws/install/px4_ros_com/share/px4_ros_com/cmake/ament_cmake_export_include_directories-extras.cmake
[0.657s] -- Up-to-date symlink: /home/fourdds/ros2_ws/install/px4_ros_com/share/px4_ros_com/cmake/ament_cmake_export_libraries-extras.cmake
[0.658s] -- Up-to-date symlink: /home/fourdds/ros2_ws/install/px4_ros_com/share/px4_ros_com/cmake/px4_ros_comConfig.cmake
[0.659s] -- Up-to-date symlink: /home/fourdds/ros2_ws/install/px4_ros_com/share/px4_ros_com/cmake/px4_ros_comConfig-version.cmake
[0.659s] -- Up-to-date symlink: /home/fourdds/ros2_ws/install/px4_ros_com/share/px4_ros_com/package.xml
[0.661s] -- Up-to-date: /home/fourdds/ros2_ws/install/px4_ros_com/lib/libframe_transforms.so
[0.698s] Listing '/home/fourdds/ros2_ws/install/px4_ros_com/local/lib/python3.10/dist-packages/px4_ros_com'...
[0.709s] -- Up-to-date: /home/fourdds/ros2_ws/install/px4_ros_com/share/px4_ros_com/cmake/export_frame_transformsExport.cmake
[0.709s] -- Up-to-date: /home/fourdds/ros2_ws/install/px4_ros_com/share/px4_ros_com/cmake/export_frame_transformsExport-noconfig.cmake
[0.712s] Invoked command in '/home/fourdds/ros2_ws/build/px4_ros_com' returned '0': AMENT_PREFIX_PATH=/home/fourdds/ros2_ws/install/px4_msgs:${AMENT_PREFIX_PATH} CMAKE_PREFIX_PATH=/home/fourdds/ros2_ws/install/px4_msgs:/opt/ros/humble LD_LIBRARY_PATH=/home/fourdds/ros2_ws/install/px4_msgs/lib:${LD_LIBRARY_PATH} PYTHONPATH=/home/fourdds/ros2_ws/install/px4_msgs/local/lib/python3.10/dist-packages:${PYTHONPATH} /usr/bin/cmake --install /home/fourdds/ros2_ws/build/px4_ros_com
