[0.009s] Invoking command in '/home/fourdds/ros2_ws/build/target_detection': CMAKE_PREFIX_PATH=${CMAKE_PREFIX_PATH}:/home/fourdds/ros2_ws/install/analysis:/home/fourdds/ws/install/opencv_tests:/opt/ros/humble /usr/bin/cmake --build /home/fourdds/ros2_ws/build/target_detection -- -j24 -l24
[0.036s] [35m[1mConsolidate compiler generated dependencies of target TargetDetection[0m
[0.046s] [ 50%] [32mBuilding CXX object CMakeFiles/TargetDetection.dir/src/TargetDetection.cpp.o[0m
[4.793s] [100%] [32m[1mLinking CXX static library libTargetDetection.a[0m
[4.812s] [100%] Built target TargetDetection
[4.819s] Invoked command in '/home/fourdds/ros2_ws/build/target_detection' returned '0': CMAKE_PREFIX_PATH=${CMAKE_PREFIX_PATH}:/home/fourdds/ros2_ws/install/analysis:/home/fourdds/ws/install/opencv_tests:/opt/ros/humble /usr/bin/cmake --build /home/fourdds/ros2_ws/build/target_detection -- -j24 -l24
[4.840s] Invoking command in '/home/fourdds/ros2_ws/build/target_detection': CMAKE_PREFIX_PATH=${CMAKE_PREFIX_PATH}:/home/fourdds/ros2_ws/install/analysis:/home/fourdds/ws/install/opencv_tests:/opt/ros/humble /usr/bin/cmake --install /home/fourdds/ros2_ws/build/target_detection
[4.845s] -- Install configuration: ""
[4.845s] -- Up-to-date: /home/fourdds/ros2_ws/install/target_detection/share/target_detection/environment/library_path.sh
[4.845s] -- Up-to-date: /home/fourdds/ros2_ws/install/target_detection/share/target_detection/environment/library_path.dsv
[4.845s] -- Up-to-date: /home/fourdds/ros2_ws/install/target_detection/include/target_detection
[4.845s] -- Up-to-date: /home/fourdds/ros2_ws/install/target_detection/include/target_detection/TargetDetection.hpp
[4.846s] -- Installing: /home/fourdds/ros2_ws/install/target_detection/lib/libTargetDetection.a
[4.846s] -- Up-to-date: /home/fourdds/ros2_ws/install/target_detection/share/ament_index/resource_index/package_run_dependencies/target_detection
[4.846s] -- Up-to-date: /home/fourdds/ros2_ws/install/target_detection/share/ament_index/resource_index/parent_prefix_path/target_detection
[4.846s] -- Up-to-date: /home/fourdds/ros2_ws/install/target_detection/share/target_detection/environment/ament_prefix_path.sh
[4.846s] -- Up-to-date: /home/fourdds/ros2_ws/install/target_detection/share/target_detection/environment/ament_prefix_path.dsv
[4.846s] -- Up-to-date: /home/fourdds/ros2_ws/install/target_detection/share/target_detection/environment/path.sh
[4.846s] -- Up-to-date: /home/fourdds/ros2_ws/install/target_detection/share/target_detection/environment/path.dsv
[4.846s] -- Up-to-date: /home/fourdds/ros2_ws/install/target_detection/share/target_detection/local_setup.bash
[4.846s] -- Up-to-date: /home/fourdds/ros2_ws/install/target_detection/share/target_detection/local_setup.sh
[4.846s] -- Up-to-date: /home/fourdds/ros2_ws/install/target_detection/share/target_detection/local_setup.zsh
[4.846s] -- Up-to-date: /home/fourdds/ros2_ws/install/target_detection/share/target_detection/local_setup.dsv
[4.847s] -- Installing: /home/fourdds/ros2_ws/install/target_detection/share/target_detection/package.dsv
[4.847s] -- Up-to-date: /home/fourdds/ros2_ws/install/target_detection/share/ament_index/resource_index/packages/target_detection
[4.847s] -- Up-to-date: /home/fourdds/ros2_ws/install/target_detection/share/target_detection/cmake/ament_cmake_export_include_directories-extras.cmake
[4.847s] -- Up-to-date: /home/fourdds/ros2_ws/install/target_detection/share/target_detection/cmake/ament_cmake_export_libraries-extras.cmake
[4.847s] -- Up-to-date: /home/fourdds/ros2_ws/install/target_detection/share/target_detection/cmake/target_detectionConfig.cmake
[4.847s] -- Up-to-date: /home/fourdds/ros2_ws/install/target_detection/share/target_detection/cmake/target_detectionConfig-version.cmake
[4.847s] -- Up-to-date: /home/fourdds/ros2_ws/install/target_detection/share/target_detection/package.xml
[4.848s] Invoked command in '/home/fourdds/ros2_ws/build/target_detection' returned '0': CMAKE_PREFIX_PATH=${CMAKE_PREFIX_PATH}:/home/fourdds/ros2_ws/install/analysis:/home/fourdds/ws/install/opencv_tests:/opt/ros/humble /usr/bin/cmake --install /home/fourdds/ros2_ws/build/target_detection
