[0.040s] Invoking command in '/home/fourdds/ws/build/gazebo_ros_pkgs': AMENT_PREFIX_PATH=/home/fourdds/ws/install/gazebo_plugins:/home/fourdds/ws/install/gazebo_ros:/home/fourdds/ws/install/gazebo_msgs:/home/fourdds/ws/install/gazebo_dev:/home/fourdds/ws/install/cv_bridge:${AMENT_PREFIX_PATH} CMAKE_PREFIX_PATH=/home/fourdds/ws/install/gazebo_plugins:/home/fourdds/ws/install/gazebo_ros:/home/fourdds/ws/install/gazebo_msgs:/home/fourdds/ws/install/gazebo_dev:/home/fourdds/ws/install/cv_bridge:/opt/ros/humble LD_LIBRARY_PATH=/home/fourdds/ws/install/gazebo_plugins/lib:/home/fourdds/ws/install/gazebo_ros/lib:/home/fourdds/ws/install/gazebo_msgs/lib:/home/fourdds/ws/install/cv_bridge/lib:${LD_LIBRARY_PATH} PYTHONPATH=/home/fourdds/ws/install/gazebo_ros/local/lib/python3.10/dist-packages:/home/fourdds/ws/install/gazebo_msgs/local/lib/python3.10/dist-packages:/home/fourdds/ws/install/cv_bridge/local/lib/python3.10/dist-packages:${PYTHONPATH} /usr/bin/cmake --build /home/fourdds/ws/build/gazebo_ros_pkgs -- -j16 -l16
[0.096s] Invoked command in '/home/fourdds/ws/build/gazebo_ros_pkgs' returned '0': AMENT_PREFIX_PATH=/home/fourdds/ws/install/gazebo_plugins:/home/fourdds/ws/install/gazebo_ros:/home/fourdds/ws/install/gazebo_msgs:/home/fourdds/ws/install/gazebo_dev:/home/fourdds/ws/install/cv_bridge:${AMENT_PREFIX_PATH} CMAKE_PREFIX_PATH=/home/fourdds/ws/install/gazebo_plugins:/home/fourdds/ws/install/gazebo_ros:/home/fourdds/ws/install/gazebo_msgs:/home/fourdds/ws/install/gazebo_dev:/home/fourdds/ws/install/cv_bridge:/opt/ros/humble LD_LIBRARY_PATH=/home/fourdds/ws/install/gazebo_plugins/lib:/home/fourdds/ws/install/gazebo_ros/lib:/home/fourdds/ws/install/gazebo_msgs/lib:/home/fourdds/ws/install/cv_bridge/lib:${LD_LIBRARY_PATH} PYTHONPATH=/home/fourdds/ws/install/gazebo_ros/local/lib/python3.10/dist-packages:/home/fourdds/ws/install/gazebo_msgs/local/lib/python3.10/dist-packages:/home/fourdds/ws/install/cv_bridge/local/lib/python3.10/dist-packages:${PYTHONPATH} /usr/bin/cmake --build /home/fourdds/ws/build/gazebo_ros_pkgs -- -j16 -l16
[0.133s] Invoking command in '/home/fourdds/ws/build/gazebo_ros_pkgs': AMENT_PREFIX_PATH=/home/fourdds/ws/install/gazebo_plugins:/home/fourdds/ws/install/gazebo_ros:/home/fourdds/ws/install/gazebo_msgs:/home/fourdds/ws/install/gazebo_dev:/home/fourdds/ws/install/cv_bridge:${AMENT_PREFIX_PATH} CMAKE_PREFIX_PATH=/home/fourdds/ws/install/gazebo_plugins:/home/fourdds/ws/install/gazebo_ros:/home/fourdds/ws/install/gazebo_msgs:/home/fourdds/ws/install/gazebo_dev:/home/fourdds/ws/install/cv_bridge:/opt/ros/humble LD_LIBRARY_PATH=/home/fourdds/ws/install/gazebo_plugins/lib:/home/fourdds/ws/install/gazebo_ros/lib:/home/fourdds/ws/install/gazebo_msgs/lib:/home/fourdds/ws/install/cv_bridge/lib:${LD_LIBRARY_PATH} PYTHONPATH=/home/fourdds/ws/install/gazebo_ros/local/lib/python3.10/dist-packages:/home/fourdds/ws/install/gazebo_msgs/local/lib/python3.10/dist-packages:/home/fourdds/ws/install/cv_bridge/local/lib/python3.10/dist-packages:${PYTHONPATH} /usr/bin/cmake --install /home/fourdds/ws/build/gazebo_ros_pkgs
[0.143s] -- Install configuration: ""
[0.144s] -- Execute custom install script
[0.145s] -- Up-to-date symlink: /home/fourdds/ws/install/gazebo_ros_pkgs/share/ament_index/resource_index/package_run_dependencies/gazebo_ros_pkgs
[0.146s] -- Up-to-date symlink: /home/fourdds/ws/install/gazebo_ros_pkgs/share/ament_index/resource_index/parent_prefix_path/gazebo_ros_pkgs
[0.146s] -- Up-to-date symlink: /home/fourdds/ws/install/gazebo_ros_pkgs/share/gazebo_ros_pkgs/environment/ament_prefix_path.sh
[0.147s] -- Up-to-date symlink: /home/fourdds/ws/install/gazebo_ros_pkgs/share/gazebo_ros_pkgs/environment/ament_prefix_path.dsv
[0.148s] -- Up-to-date symlink: /home/fourdds/ws/install/gazebo_ros_pkgs/share/gazebo_ros_pkgs/environment/path.sh
[0.148s] -- Up-to-date symlink: /home/fourdds/ws/install/gazebo_ros_pkgs/share/gazebo_ros_pkgs/environment/path.dsv
[0.148s] -- Up-to-date symlink: /home/fourdds/ws/install/gazebo_ros_pkgs/share/gazebo_ros_pkgs/local_setup.bash
[0.149s] -- Up-to-date symlink: /home/fourdds/ws/install/gazebo_ros_pkgs/share/gazebo_ros_pkgs/local_setup.sh
[0.149s] -- Up-to-date symlink: /home/fourdds/ws/install/gazebo_ros_pkgs/share/gazebo_ros_pkgs/local_setup.zsh
[0.149s] -- Up-to-date symlink: /home/fourdds/ws/install/gazebo_ros_pkgs/share/gazebo_ros_pkgs/local_setup.dsv
[0.149s] -- Symlinking: /home/fourdds/ws/install/gazebo_ros_pkgs/share/gazebo_ros_pkgs/package.dsv
[0.164s] -- Up-to-date symlink: /home/fourdds/ws/install/gazebo_ros_pkgs/share/ament_index/resource_index/packages/gazebo_ros_pkgs
[0.165s] -- Up-to-date symlink: /home/fourdds/ws/install/gazebo_ros_pkgs/share/gazebo_ros_pkgs/cmake/gazebo_ros_pkgsConfig.cmake
[0.165s] -- Up-to-date symlink: /home/fourdds/ws/install/gazebo_ros_pkgs/share/gazebo_ros_pkgs/cmake/gazebo_ros_pkgsConfig-version.cmake
[0.166s] -- Up-to-date symlink: /home/fourdds/ws/install/gazebo_ros_pkgs/share/gazebo_ros_pkgs/package.xml
[0.171s] Invoked command in '/home/fourdds/ws/build/gazebo_ros_pkgs' returned '0': AMENT_PREFIX_PATH=/home/fourdds/ws/install/gazebo_plugins:/home/fourdds/ws/install/gazebo_ros:/home/fourdds/ws/install/gazebo_msgs:/home/fourdds/ws/install/gazebo_dev:/home/fourdds/ws/install/cv_bridge:${AMENT_PREFIX_PATH} CMAKE_PREFIX_PATH=/home/fourdds/ws/install/gazebo_plugins:/home/fourdds/ws/install/gazebo_ros:/home/fourdds/ws/install/gazebo_msgs:/home/fourdds/ws/install/gazebo_dev:/home/fourdds/ws/install/cv_bridge:/opt/ros/humble LD_LIBRARY_PATH=/home/fourdds/ws/install/gazebo_plugins/lib:/home/fourdds/ws/install/gazebo_ros/lib:/home/fourdds/ws/install/gazebo_msgs/lib:/home/fourdds/ws/install/cv_bridge/lib:${LD_LIBRARY_PATH} PYTHONPATH=/home/fourdds/ws/install/gazebo_ros/local/lib/python3.10/dist-packages:/home/fourdds/ws/install/gazebo_msgs/local/lib/python3.10/dist-packages:/home/fourdds/ws/install/cv_bridge/local/lib/python3.10/dist-packages:${PYTHONPATH} /usr/bin/cmake --install /home/fourdds/ws/build/gazebo_ros_pkgs
