[0.006s] Invoking command in '/home/fourdds/ros2_ws/build/boids': CMAKE_PREFIX_PATH=/home/fourdds/ros2_ws/install/px4_msgs:/home/fourdds/ros2_ws/install/px4_ros_com:/home/fourdds/ros2_ws/install/boids:/opt/ros/humble LD_LIBRARY_PATH=/home/fourdds/ros2_ws/install/px4_msgs/lib:/home/fourdds/ros2_ws/install/px4_ros_com/lib:/home/fourdds/ros2_ws/install/boids/lib:/usr/lib/x86_64-linux-gnu/gazebo-11/plugins:/opt/ros/humble/opt/rviz_ogre_vendor/lib:/opt/ros/humble/lib/x86_64-linux-gnu:/opt/ros/humble/lib /usr/bin/cmake --build /home/fourdds/ros2_ws/build/boids -- -j24 -l24
[0.029s] [  2%] Built target boids__cpp
[0.029s] [ 10%] Built target boids__rosidl_generator_c
[0.032s] [ 16%] Built target frame_transforms
[0.034s] [ 16%] Built target ament_cmake_python_copy_boids
[0.036s] Consolidate compiler generated dependencies of target uavs_spawner
[0.039s] [ 24%] Built target boids__rosidl_typesupport_cpp
[0.039s] [ 32%] Built target boids__rosidl_typesupport_fastrtps_cpp
[0.039s] [ 40%] Built target boids__rosidl_typesupport_introspection_cpp
[0.042s] [ 48%] Built target boids__rosidl_typesupport_c
[0.042s] [ 56%] Built target boids__rosidl_typesupport_introspection_c
[0.042s] [ 64%] Built target boids__rosidl_typesupport_fastrtps_c
[0.043s] [ 67%] Building CXX object CMakeFiles/uavs_spawner.dir/src/swarm_master.cpp.o
[0.051s] [ 67%] Built target boids
[0.059s] [ 70%] Built target boids__py
[0.069s] [ 75%] Built target boids__rosidl_generator_py
[0.079s] [ 91%] Built target boids__rosidl_typesupport_introspection_c__pyext
[0.079s] [ 91%] Built target boids__rosidl_typesupport_fastrtps_c__pyext
[0.079s] [ 91%] Built target boids__rosidl_typesupport_c__pyext
[0.128s] running egg_info
[0.135s] writing boids.egg-info/PKG-INFO
[0.135s] writing dependency_links to boids.egg-info/dependency_links.txt
[0.135s] writing top-level names to boids.egg-info/top_level.txt
[0.154s] reading manifest file 'boids.egg-info/SOURCES.txt'
[0.154s] writing manifest file 'boids.egg-info/SOURCES.txt'
[0.168s] [ 91%] Built target ament_cmake_python_build_boids_egg
[1.402s] In file included from /usr/include/c++/11/pstl/glue_algorithm_defs.h:13,
[1.402s]                  from /usr/include/c++/11/algorithm:74,
[1.403s]                  from /opt/ros/humble/include/rclcpp/rclcpp/executor.hpp:18,
[1.403s]                  from /opt/ros/humble/include/rclcpp/rclcpp/executors/multi_threaded_executor.hpp:25,
[1.403s]                  from /opt/ros/humble/include/rclcpp/rclcpp/executors.hpp:21,
[1.403s]                  from /opt/ros/humble/include/rclcpp/rclcpp/rclcpp.hpp:155,
[1.403s]                  from /home/fourdds/ros2_ws/src/boids/src/swarm_master.hpp:3,
[1.403s]                  from /home/fourdds/ros2_ws/src/boids/src/swarm_master.cpp:1:
[1.403s] /usr/include/c++/11/functional: In instantiation of ‘struct std::_Bind_check_arity<void (swarm_master::*)(std::shared_ptr<boids::srv::GetNeighbors_Request_<std::allocator<void> > >, std::shared_ptr<boids::srv::GetNeighbors_Response_<std::allocator<void> > >), swarm_master*, const std::_Placeholder<2>&>’:
[1.403s] /usr/include/c++/11/functional:768:12:   required from ‘struct std::_Bind_helper<false, void (swarm_master::*)(std::shared_ptr<boids::srv::GetNeighbors_Request_<std::allocator<void> > >, std::shared_ptr<boids::srv::GetNeighbors_Response_<std::allocator<void> > >), swarm_master*, const std::_Placeholder<2>&>’
[1.403s] /usr/include/c++/11/functional:789:5:   required by substitution of ‘template<class _Func, class ... _BoundArgs> constexpr typename std::_Bind_helper<std::__is_socketlike<_Func>::value, _Func, _BoundArgs ...>::type std::bind(_Func&&, _BoundArgs&& ...) [with _Func = void (swarm_master::*)(std::shared_ptr<boids::srv::GetNeighbors_Request_<std::allocator<void> > >, std::shared_ptr<boids::srv::GetNeighbors_Response_<std::allocator<void> > >); _BoundArgs = {swarm_master*, const std::_Placeholder<2>&}]’
[1.403s] /home/fourdds/ros2_ws/src/boids/src/swarm_master.cpp:41:44:   required from here
[1.403s] /usr/include/c++/11/functional:756:21: error: static assertion failed: Wrong number of arguments for pointer-to-member
[1.403s]   755 |       static_assert(_Varargs::value
[1.403s]       |                               ~~~~~
[1.403s]   756 |                     ? sizeof...(_BoundArgs) >= _Arity::value + 1
[1.403s]       |                     ^~~~~~~~~~~~~~~~~~~~~~~~~~~~~~~~~~~~~~~~~~~~
[1.403s]   757 |                     : sizeof...(_BoundArgs) == _Arity::value + 1,
[1.403s]       |                     ~~~~~~~~~~~~~~~~~~~~~~~~~~~~~~~~~~~~~~~~~~~~
[1.403s] /usr/include/c++/11/functional:756:21: note: ‘(false ? (2 >= (((long unsigned int)std::integral_constant<long unsigned int, 2>::value) + 1)) : (2 == (((long unsigned int)std::integral_constant<long unsigned int, 2>::value) + 1)))’ evaluates to false
[1.575s] In file included from /opt/ros/humble/include/rclcpp/rclcpp/service.hpp:36,
[1.575s]                  from /opt/ros/humble/include/rclcpp/rclcpp/callback_group.hpp:28,
[1.575s]                  from /opt/ros/humble/include/rclcpp/rclcpp/any_executable.hpp:20,
[1.576s]                  from /opt/ros/humble/include/rclcpp/rclcpp/memory_strategy.hpp:25,
[1.576s]                  from /opt/ros/humble/include/rclcpp/rclcpp/memory_strategies.hpp:18,
[1.576s]                  from /opt/ros/humble/include/rclcpp/rclcpp/executor_options.hpp:20,
[1.576s]                  from /opt/ros/humble/include/rclcpp/rclcpp/executor.hpp:37,
[1.576s]                  from /opt/ros/humble/include/rclcpp/rclcpp/executors/multi_threaded_executor.hpp:25,
[1.576s]                  from /opt/ros/humble/include/rclcpp/rclcpp/executors.hpp:21,
[1.576s]                  from /opt/ros/humble/include/rclcpp/rclcpp/rclcpp.hpp:155,
[1.576s]                  from /home/fourdds/ros2_ws/src/boids/src/swarm_master.hpp:3,
[1.576s]                  from /home/fourdds/ros2_ws/src/boids/src/swarm_master.cpp:1:
[1.576s] /opt/ros/humble/include/rclcpp/rclcpp/any_service_callback.hpp: In instantiation of ‘void rclcpp::AnyServiceCallback<ServiceT>::set(CallbackT&&) [with CallbackT = std::_Bind<void (swarm_master::*(swarm_master*, std::_Placeholder<2>))(std::shared_ptr<boids::srv::GetNeighbors_Request_<std::allocator<void> > >, std::shared_ptr<boids::srv::GetNeighbors_Response_<std::allocator<void> > >)>&; typename std::enable_if<(! rclcpp::detail::can_be_nullptr<CallbackT>::value), int>::type <anonymous> = 0; ServiceT = boids::srv::GetNeighbors]’:
[1.576s] /opt/ros/humble/include/rclcpp/rclcpp/create_service.hpp:43:27:   required from ‘typename rclcpp::Service<ServiceT>::SharedPtr rclcpp::create_service(std::shared_ptr<rclcpp::node_interfaces::NodeBaseInterface>, std::shared_ptr<rclcpp::node_interfaces::NodeServicesInterface>, const string&, CallbackT&&, const rmw_qos_profile_t&, rclcpp::CallbackGroup::SharedPtr) [with ServiceT = boids::srv::GetNeighbors; CallbackT = std::_Bind<void (swarm_master::*(swarm_master*, std::_Placeholder<2>))(std::shared_ptr<boids::srv::GetNeighbors_Request_<std::allocator<void> > >, std::shared_ptr<boids::srv::GetNeighbors_Response_<std::allocator<void> > >)>&; typename rclcpp::Service<ServiceT>::SharedPtr = std::shared_ptr<rclcpp::Service<boids::srv::GetNeighbors> >; std::string = std::__cxx11::basic_string<char>; rmw_qos_profile_t = rmw_qos_profile_s; rclcpp::CallbackGroup::SharedPtr = std::shared_ptr<rclcpp::CallbackGroup>]’
[1.576s] /opt/ros/humble/include/rclcpp/rclcpp/node_impl.hpp:147:53:   required from ‘typename rclcpp::Service<ServiceT>::SharedPtr rclcpp::Node::create_service(const string&, CallbackT&&, const rmw_qos_profile_t&, rclcpp::CallbackGroup::SharedPtr) [with ServiceT = boids::srv::GetNeighbors; CallbackT = std::_Bind<void (swarm_master::*(swarm_master*, std::_Placeholder<2>))(std::shared_ptr<boids::srv::GetNeighbors_Request_<std::allocator<void> > >, std::shared_ptr<boids::srv::GetNeighbors_Response_<std::allocator<void> > >)>&; typename rclcpp::Service<ServiceT>::SharedPtr = std::shared_ptr<rclcpp::Service<boids::srv::GetNeighbors> >; std::string = std::__cxx11::basic_string<char>; rmw_qos_profile_t = rmw_qos_profile_s; rclcpp::CallbackGroup::SharedPtr = std::shared_ptr<rclcpp::CallbackGroup>]’
[1.576s] /home/fourdds/ros2_ws/src/boids/src/swarm_master.cpp:42:66:   required from here
[1.576s] /opt/ros/humble/include/rclcpp/rclcpp/any_service_callback.hpp:78:52: error: no matching function for call to ‘std::variant<std::monostate, std::function<void(std::shared_ptr<boids::srv::GetNeighbors_Request_<std::allocator<void> > >, std::shared_ptr<boids::srv::GetNeighbors_Response_<std::allocator<void> > >)>, std::function<void(std::shared_ptr<rmw_request_id_s>, std::shared_ptr<boids::srv::GetNeighbors_Request_<std::allocator<void> > >, std::shared_ptr<boids::srv::GetNeighbors_Response_<std::allocator<void> > >)>, std::function<void(std::shared_ptr<rmw_request_id_s>, std::shared_ptr<boids::srv::GetNeighbors_Request_<std::allocator<void> > >)>, std::function<void(std::shared_ptr<rclcpp::Service<boids::srv::GetNeighbors> >, std::shared_ptr<rmw_request_id_s>, std::shared_ptr<boids::srv::GetNeighbors_Request_<std::allocator<void> > >)> >::emplace<rclcpp::AnyServiceCallback<boids::srv::GetNeighbors>::SharedPtrCallback>(std::_Bind<void (swarm_master::*(swarm_master*, std::_Placeholder<2>))(std::shared_ptr<boids::srv::GetNeighbors_Request_<std::allocator<void> > >, std::shared_ptr<boids::srv::GetNeighbors_Response_<std::allocator<void> > >)>&)’
[1.576s]    78 |       callback_.template emplace<SharedPtrCallback>(callback);
[1.576s]       |       ~~~~~~~~~~~~~~~~~~~~~~~~~~~~~~~~~~~~~~~~~~~~~^~~~~~~~~~
[1.576s] In file included from /opt/ros/humble/include/rclcpp/rclcpp/client.hpp:28,
[1.576s]                  from /opt/ros/humble/include/rclcpp/rclcpp/callback_group.hpp:24,
[1.576s]                  from /opt/ros/humble/include/rclcpp/rclcpp/any_executable.hpp:20,
[1.576s]                  from /opt/ros/humble/include/rclcpp/rclcpp/memory_strategy.hpp:25,
[1.576s]                  from /opt/ros/humble/include/rclcpp/rclcpp/memory_strategies.hpp:18,
[1.576s]                  from /opt/ros/humble/include/rclcpp/rclcpp/executor_options.hpp:20,
[1.576s]                  from /opt/ros/humble/include/rclcpp/rclcpp/executor.hpp:37,
[1.576s]                  from /opt/ros/humble/include/rclcpp/rclcpp/executors/multi_threaded_executor.hpp:25,
[1.576s]                  from /opt/ros/humble/include/rclcpp/rclcpp/executors.hpp:21,
[1.576s]                  from /opt/ros/humble/include/rclcpp/rclcpp/rclcpp.hpp:155,
[1.576s]                  from /home/fourdds/ros2_ws/src/boids/src/swarm_master.hpp:3,
[1.576s]                  from /home/fourdds/ros2_ws/src/boids/src/swarm_master.cpp:1:
[1.576s] /usr/include/c++/11/variant:1485:9: note: candidate: ‘template<class _Tp, class ... _Args> std::enable_if_t<(is_constructible_v<_Tp, _Args ...> && __exactly_once<_Tp>), _Tp&> std::variant<_Types>::emplace(_Args&& ...) [with _Tp = _Tp; _Args = {_Args ...}; _Types = {std::monostate, std::function<void(std::shared_ptr<boids::srv::GetNeighbors_Request_<std::allocator<void> > >, std::shared_ptr<boids::srv::GetNeighbors_Response_<std::allocator<void> > >)>, std::function<void(std::shared_ptr<rmw_request_id_s>, std::shared_ptr<boids::srv::GetNeighbors_Request_<std::allocator<void> > >, std::shared_ptr<boids::srv::GetNeighbors_Response_<std::allocator<void> > >)>, std::function<void(std::shared_ptr<rmw_request_id_s>, std::shared_ptr<boids::srv::GetNeighbors_Request_<std::allocator<void> > >)>, std::function<void(std::shared_ptr<rclcpp::Service<boids::srv::GetNeighbors> >, std::shared_ptr<rmw_request_id_s>, std::shared_ptr<boids::srv::GetNeighbors_Request_<std::allocator<void> > >)>}]’
[1.576s]  1485 |         emplace(_Args&&... __args)
[1.576s]       |         ^~~~~~~
[1.576s] /usr/include/c++/11/variant:1485:9: note:   template argument deduction/substitution failed:
[1.577s] In file included from /usr/include/c++/11/bits/move.h:57,
[1.577s]                  from /usr/include/c++/11/bits/stl_pair.h:59,
[1.577s]                  from /usr/include/c++/11/bits/stl_algobase.h:64,
[1.577s]                  from /usr/include/c++/11/memory:63,
[1.577s]                  from /opt/ros/humble/include/rclcpp/rclcpp/rclcpp.hpp:153,
[1.577s]                  from /home/fourdds/ros2_ws/src/boids/src/swarm_master.hpp:3,
[1.577s]                  from /home/fourdds/ros2_ws/src/boids/src/swarm_master.cpp:1:
[1.577s] /usr/include/c++/11/type_traits: In substitution of ‘template<bool _Cond, class _Tp> using enable_if_t = typename std::enable_if::type [with bool _Cond = false; _Tp = std::function<void(std::shared_ptr<boids::srv::GetNeighbors_Request_<std::allocator<void> > >, std::shared_ptr<boids::srv::GetNeighbors_Response_<std::allocator<void> > >)>&]’:
[1.577s] /usr/include/c++/11/variant:1485:2:   required by substitution of ‘template<class _Tp, class ... _Args> std::enable_if_t<(is_constructible_v<_Tp, _Args ...> && __exactly_once<_Tp>), _Tp&> std::variant<std::monostate, std::function<void(std::shared_ptr<boids::srv::GetNeighbors_Request_<std::allocator<void> > >, std::shared_ptr<boids::srv::GetNeighbors_Response_<std::allocator<void> > >)>, std::function<void(std::shared_ptr<rmw_request_id_s>, std::shared_ptr<boids::srv::GetNeighbors_Request_<std::allocator<void> > >, std::shared_ptr<boids::srv::GetNeighbors_Response_<std::allocator<void> > >)>, std::function<void(std::shared_ptr<rmw_request_id_s>, std::shared_ptr<boids::srv::GetNeighbors_Request_<std::allocator<void> > >)>, std::function<void(std::shared_ptr<rclcpp::Service<boids::srv::GetNeighbors> >, std::shared_ptr<rmw_request_id_s>, std::shared_ptr<boids::srv::GetNeighbors_Request_<std::allocator<void> > >)> >::emplace<_Tp, _Args ...>(_Args&& ...) [with _Tp = std::function<void(std::shared_ptr<boids::srv::GetNeighbors_Request_<std::allocator<void> > >, std::shared_ptr<boids::srv::GetNeighbors_Response_<std::allocator<void> > >)>; _Args = {std::_Bind<void (swarm_master::*(swarm_master*, std::_Placeholder<2>))(std::shared_ptr<boids::srv::GetNeighbors_Request_<std::allocator<void> > >, std::shared_ptr<boids::srv::GetNeighbors_Response_<std::allocator<void> > >)>&}]’
[1.577s] /opt/ros/humble/include/rclcpp/rclcpp/any_service_callback.hpp:78:52:   required from ‘void rclcpp::AnyServiceCallback<ServiceT>::set(CallbackT&&) [with CallbackT = std::_Bind<void (swarm_master::*(swarm_master*, std::_Placeholder<2>))(std::shared_ptr<boids::srv::GetNeighbors_Request_<std::allocator<void> > >, std::shared_ptr<boids::srv::GetNeighbors_Response_<std::allocator<void> > >)>&; typename std::enable_if<(! rclcpp::detail::can_be_nullptr<CallbackT>::value), int>::type <anonymous> = 0; ServiceT = boids::srv::GetNeighbors]’
[1.577s] /opt/ros/humble/include/rclcpp/rclcpp/create_service.hpp:43:27:   required from ‘typename rclcpp::Service<ServiceT>::SharedPtr rclcpp::create_service(std::shared_ptr<rclcpp::node_interfaces::NodeBaseInterface>, std::shared_ptr<rclcpp::node_interfaces::NodeServicesInterface>, const string&, CallbackT&&, const rmw_qos_profile_t&, rclcpp::CallbackGroup::SharedPtr) [with ServiceT = boids::srv::GetNeighbors; CallbackT = std::_Bind<void (swarm_master::*(swarm_master*, std::_Placeholder<2>))(std::shared_ptr<boids::srv::GetNeighbors_Request_<std::allocator<void> > >, std::shared_ptr<boids::srv::GetNeighbors_Response_<std::allocator<void> > >)>&; typename rclcpp::Service<ServiceT>::SharedPtr = std::shared_ptr<rclcpp::Service<boids::srv::GetNeighbors> >; std::string = std::__cxx11::basic_string<char>; rmw_qos_profile_t = rmw_qos_profile_s; rclcpp::CallbackGroup::SharedPtr = std::shared_ptr<rclcpp::CallbackGroup>]’
[1.577s] /opt/ros/humble/include/rclcpp/rclcpp/node_impl.hpp:147:53:   required from ‘typename rclcpp::Service<ServiceT>::SharedPtr rclcpp::Node::create_service(const string&, CallbackT&&, const rmw_qos_profile_t&, rclcpp::CallbackGroup::SharedPtr) [with ServiceT = boids::srv::GetNeighbors; CallbackT = std::_Bind<void (swarm_master::*(swarm_master*, std::_Placeholder<2>))(std::shared_ptr<boids::srv::GetNeighbors_Request_<std::allocator<void> > >, std::shared_ptr<boids::srv::GetNeighbors_Response_<std::allocator<void> > >)>&; typename rclcpp::Service<ServiceT>::SharedPtr = std::shared_ptr<rclcpp::Service<boids::srv::GetNeighbors> >; std::string = std::__cxx11::basic_string<char>; rmw_qos_profile_t = rmw_qos_profile_s; rclcpp::CallbackGroup::SharedPtr = std::shared_ptr<rclcpp::CallbackGroup>]’
[1.577s] /home/fourdds/ros2_ws/src/boids/src/swarm_master.cpp:42:66:   required from here
[1.577s] /usr/include/c++/11/type_traits:2579:11: error: no type named ‘type’ in ‘struct std::enable_if<false, std::function<void(std::shared_ptr<boids::srv::GetNeighbors_Request_<std::allocator<void> > >, std::shared_ptr<boids::srv::GetNeighbors_Response_<std::allocator<void> > >)>&>’
[1.577s]  2579 |     using enable_if_t = typename enable_if<_Cond, _Tp>::type;
[1.577s]       |           ^~~~~~~~~~~
[1.577s] In file included from /opt/ros/humble/include/rclcpp/rclcpp/client.hpp:28,
[1.577s]                  from /opt/ros/humble/include/rclcpp/rclcpp/callback_group.hpp:24,
[1.577s]                  from /opt/ros/humble/include/rclcpp/rclcpp/any_executable.hpp:20,
[1.577s]                  from /opt/ros/humble/include/rclcpp/rclcpp/memory_strategy.hpp:25,
[1.577s]                  from /opt/ros/humble/include/rclcpp/rclcpp/memory_strategies.hpp:18,
[1.577s]                  from /opt/ros/humble/include/rclcpp/rclcpp/executor_options.hpp:20,
[1.577s]                  from /opt/ros/humble/include/rclcpp/rclcpp/executor.hpp:37,
[1.577s]                  from /opt/ros/humble/include/rclcpp/rclcpp/executors/multi_threaded_executor.hpp:25,
[1.577s]                  from /opt/ros/humble/include/rclcpp/rclcpp/executors.hpp:21,
[1.577s]                  from /opt/ros/humble/include/rclcpp/rclcpp/rclcpp.hpp:155,
[1.577s]                  from /home/fourdds/ros2_ws/src/boids/src/swarm_master.hpp:3,
[1.577s]                  from /home/fourdds/ros2_ws/src/boids/src/swarm_master.cpp:1:
[1.577s] /opt/ros/humble/include/rclcpp/rclcpp/any_service_callback.hpp: In instantiation of ‘void rclcpp::AnyServiceCallback<ServiceT>::set(CallbackT&&) [with CallbackT = std::_Bind<void (swarm_master::*(swarm_master*, std::_Placeholder<2>))(std::shared_ptr<boids::srv::GetNeighbors_Request_<std::allocator<void> > >, std::shared_ptr<boids::srv::GetNeighbors_Response_<std::allocator<void> > >)>&; typename std::enable_if<(! rclcpp::detail::can_be_nullptr<CallbackT>::value), int>::type <anonymous> = 0; ServiceT = boids::srv::GetNeighbors]’:
[1.577s] /opt/ros/humble/include/rclcpp/rclcpp/create_service.hpp:43:27:   required from ‘typename rclcpp::Service<ServiceT>::SharedPtr rclcpp::create_service(std::shared_ptr<rclcpp::node_interfaces::NodeBaseInterface>, std::shared_ptr<rclcpp::node_interfaces::NodeServicesInterface>, const string&, CallbackT&&, const rmw_qos_profile_t&, rclcpp::CallbackGroup::SharedPtr) [with ServiceT = boids::srv::GetNeighbors; CallbackT = std::_Bind<void (swarm_master::*(swarm_master*, std::_Placeholder<2>))(std::shared_ptr<boids::srv::GetNeighbors_Request_<std::allocator<void> > >, std::shared_ptr<boids::srv::GetNeighbors_Response_<std::allocator<void> > >)>&; typename rclcpp::Service<ServiceT>::SharedPtr = std::shared_ptr<rclcpp::Service<boids::srv::GetNeighbors> >; std::string = std::__cxx11::basic_string<char>; rmw_qos_profile_t = rmw_qos_profile_s; rclcpp::CallbackGroup::SharedPtr = std::shared_ptr<rclcpp::CallbackGroup>]’
[1.577s] /opt/ros/humble/include/rclcpp/rclcpp/node_impl.hpp:147:53:   required from ‘typename rclcpp::Service<ServiceT>::SharedPtr rclcpp::Node::create_service(const string&, CallbackT&&, const rmw_qos_profile_t&, rclcpp::CallbackGroup::SharedPtr) [with ServiceT = boids::srv::GetNeighbors; CallbackT = std::_Bind<void (swarm_master::*(swarm_master*, std::_Placeholder<2>))(std::shared_ptr<boids::srv::GetNeighbors_Request_<std::allocator<void> > >, std::shared_ptr<boids::srv::GetNeighbors_Response_<std::allocator<void> > >)>&; typename rclcpp::Service<ServiceT>::SharedPtr = std::shared_ptr<rclcpp::Service<boids::srv::GetNeighbors> >; std::string = std::__cxx11::basic_string<char>; rmw_qos_profile_t = rmw_qos_profile_s; rclcpp::CallbackGroup::SharedPtr = std::shared_ptr<rclcpp::CallbackGroup>]’
[1.577s] /home/fourdds/ros2_ws/src/boids/src/swarm_master.cpp:42:66:   required from here
[1.577s] /usr/include/c++/11/variant:1495:9: note: candidate: ‘template<class _Tp, class _Up, class ... _Args> std::enable_if_t<(is_constructible_v<_Tp, std::initializer_list<_Up>&, _Args ...> && __exactly_once<_Tp>), _Tp&> std::variant<_Types>::emplace(std::initializer_list<_Up>, _Args&& ...) [with _Tp = _Tp; _Up = _Up; _Args = {_Args ...}; _Types = {std::monostate, std::function<void(std::shared_ptr<boids::srv::GetNeighbors_Request_<std::allocator<void> > >, std::shared_ptr<boids::srv::GetNeighbors_Response_<std::allocator<void> > >)>, std::function<void(std::shared_ptr<rmw_request_id_s>, std::shared_ptr<boids::srv::GetNeighbors_Request_<std::allocator<void> > >, std::shared_ptr<boids::srv::GetNeighbors_Response_<std::allocator<void> > >)>, std::function<void(std::shared_ptr<rmw_request_id_s>, std::shared_ptr<boids::srv::GetNeighbors_Request_<std::allocator<void> > >)>, std::function<void(std::shared_ptr<rclcpp::Service<boids::srv::GetNeighbors> >, std::shared_ptr<rmw_request_id_s>, std::shared_ptr<boids::srv::GetNeighbors_Request_<std::allocator<void> > >)>}]’
[1.577s]  1495 |         emplace(initializer_list<_Up> __il, _Args&&... __args)
[1.577s]       |         ^~~~~~~
[1.578s] /usr/include/c++/11/variant:1495:9: note:   template argument deduction/substitution failed:
[1.578s] In file included from /opt/ros/humble/include/rclcpp/rclcpp/service.hpp:36,
[1.578s]                  from /opt/ros/humble/include/rclcpp/rclcpp/callback_group.hpp:28,
[1.578s]                  from /opt/ros/humble/include/rclcpp/rclcpp/any_executable.hpp:20,
[1.578s]                  from /opt/ros/humble/include/rclcpp/rclcpp/memory_strategy.hpp:25,
[1.578s]                  from /opt/ros/humble/include/rclcpp/rclcpp/memory_strategies.hpp:18,
[1.578s]                  from /opt/ros/humble/include/rclcpp/rclcpp/executor_options.hpp:20,
[1.578s]                  from /opt/ros/humble/include/rclcpp/rclcpp/executor.hpp:37,
[1.578s]                  from /opt/ros/humble/include/rclcpp/rclcpp/executors/multi_threaded_executor.hpp:25,
[1.578s]                  from /opt/ros/humble/include/rclcpp/rclcpp/executors.hpp:21,
[1.578s]                  from /opt/ros/humble/include/rclcpp/rclcpp/rclcpp.hpp:155,
[1.578s]                  from /home/fourdds/ros2_ws/src/boids/src/swarm_master.hpp:3,
[1.578s]                  from /home/fourdds/ros2_ws/src/boids/src/swarm_master.cpp:1:
[1.578s] /opt/ros/humble/include/rclcpp/rclcpp/any_service_callback.hpp:78:52: note:   ‘std::_Bind<void (swarm_master::*(swarm_master*, std::_Placeholder<2>))(std::shared_ptr<boids::srv::GetNeighbors_Request_<std::allocator<void> > >, std::shared_ptr<boids::srv::GetNeighbors_Response_<std::allocator<void> > >)>’ is not derived from ‘std::initializer_list<_Value>’
[1.578s]    78 |       callback_.template emplace<SharedPtrCallback>(callback);
[1.578s]       |       ~~~~~~~~~~~~~~~~~~~~~~~~~~~~~~~~~~~~~~~~~~~~~^~~~~~~~~~
[1.578s] In file included from /opt/ros/humble/include/rclcpp/rclcpp/client.hpp:28,
[1.578s]                  from /opt/ros/humble/include/rclcpp/rclcpp/callback_group.hpp:24,
[1.578s]                  from /opt/ros/humble/include/rclcpp/rclcpp/any_executable.hpp:20,
[1.578s]                  from /opt/ros/humble/include/rclcpp/rclcpp/memory_strategy.hpp:25,
[1.578s]                  from /opt/ros/humble/include/rclcpp/rclcpp/memory_strategies.hpp:18,
[1.578s]                  from /opt/ros/humble/include/rclcpp/rclcpp/executor_options.hpp:20,
[1.578s]                  from /opt/ros/humble/include/rclcpp/rclcpp/executor.hpp:37,
[1.578s]                  from /opt/ros/humble/include/rclcpp/rclcpp/executors/multi_threaded_executor.hpp:25,
[1.578s]                  from /opt/ros/humble/include/rclcpp/rclcpp/executors.hpp:21,
[1.578s]                  from /opt/ros/humble/include/rclcpp/rclcpp/rclcpp.hpp:155,
[1.578s]                  from /home/fourdds/ros2_ws/src/boids/src/swarm_master.hpp:3,
[1.578s]                  from /home/fourdds/ros2_ws/src/boids/src/swarm_master.cpp:1:
[1.578s] /usr/include/c++/11/variant:1505:9: note: candidate: ‘template<long unsigned int _Np, class ... _Args> std::enable_if_t<is_constructible_v<typename std::variant_alternative<_Np, std::variant<_Types> >::type, _Args ...>, typename std::variant_alternative<_Np, std::variant<_Types> >::type&> std::variant<_Types>::emplace(_Args&& ...) [with long unsigned int _Np = _Np; _Args = {_Args ...}; _Types = {std::monostate, std::function<void(std::shared_ptr<boids::srv::GetNeighbors_Request_<std::allocator<void> > >, std::shared_ptr<boids::srv::GetNeighbors_Response_<std::allocator<void> > >)>, std::function<void(std::shared_ptr<rmw_request_id_s>, std::shared_ptr<boids::srv::GetNeighbors_Request_<std::allocator<void> > >, std::shared_ptr<boids::srv::GetNeighbors_Response_<std::allocator<void> > >)>, std::function<void(std::shared_ptr<rmw_request_id_s>, std::shared_ptr<boids::srv::GetNeighbors_Request_<std::allocator<void> > >)>, std::function<void(std::shared_ptr<rclcpp::Service<boids::srv::GetNeighbors> >, std::shared_ptr<rmw_request_id_s>, std::shared_ptr<boids::srv::GetNeighbors_Request_<std::allocator<void> > >)>}]’
[1.578s]  1505 |         emplace(_Args&&... __args)
[1.578s]       |         ^~~~~~~
[1.579s] /usr/include/c++/11/variant:1505:9: note:   template argument deduction/substitution failed:
[1.579s] In file included from /opt/ros/humble/include/rclcpp/rclcpp/service.hpp:36,
[1.579s]                  from /opt/ros/humble/include/rclcpp/rclcpp/callback_group.hpp:28,
[1.579s]                  from /opt/ros/humble/include/rclcpp/rclcpp/any_executable.hpp:20,
[1.579s]                  from /opt/ros/humble/include/rclcpp/rclcpp/memory_strategy.hpp:25,
[1.579s]                  from /opt/ros/humble/include/rclcpp/rclcpp/memory_strategies.hpp:18,
[1.579s]                  from /opt/ros/humble/include/rclcpp/rclcpp/executor_options.hpp:20,
[1.579s]                  from /opt/ros/humble/include/rclcpp/rclcpp/executor.hpp:37,
[1.579s]                  from /opt/ros/humble/include/rclcpp/rclcpp/executors/multi_threaded_executor.hpp:25,
[1.579s]                  from /opt/ros/humble/include/rclcpp/rclcpp/executors.hpp:21,
[1.579s]                  from /opt/ros/humble/include/rclcpp/rclcpp/rclcpp.hpp:155,
[1.579s]                  from /home/fourdds/ros2_ws/src/boids/src/swarm_master.hpp:3,
[1.579s]                  from /home/fourdds/ros2_ws/src/boids/src/swarm_master.cpp:1:
[1.579s] /opt/ros/humble/include/rclcpp/rclcpp/any_service_callback.hpp:78:52: error: type/value mismatch at argument 1 in template parameter list for ‘template<long unsigned int _Np, class ... _Args> std::enable_if_t<is_constructible_v<typename std::variant_alternative<_Np, std::variant<_Types> >::type, _Args ...>, typename std::variant_alternative<_Np, std::variant<_Types> >::type&> std::variant<_Types>::emplace(_Args&& ...) [with long unsigned int _Np = _Np; _Args = {_Args ...}; _Types = {std::monostate, std::function<void(std::shared_ptr<boids::srv::GetNeighbors_Request_<std::allocator<void> > >, std::shared_ptr<boids::srv::GetNeighbors_Response_<std::allocator<void> > >)>, std::function<void(std::shared_ptr<rmw_request_id_s>, std::shared_ptr<boids::srv::GetNeighbors_Request_<std::allocator<void> > >, std::shared_ptr<boids::srv::GetNeighbors_Response_<std::allocator<void> > >)>, std::function<void(std::shared_ptr<rmw_request_id_s>, std::shared_ptr<boids::srv::GetNeighbors_Request_<std::allocator<void> > >)>, std::function<void(std::shared_ptr<rclcpp::Service<boids::srv::GetNeighbors> >, std::shared_ptr<rmw_request_id_s>, std::shared_ptr<boids::srv::GetNeighbors_Request_<std::allocator<void> > >)>}]’
[1.579s]    78 |       callback_.template emplace<SharedPtrCallback>(callback);
[1.579s]       |       ~~~~~~~~~~~~~~~~~~~~~~~~~~~~~~~~~~~~~~~~~~~~~^~~~~~~~~~
[1.579s] /opt/ros/humble/include/rclcpp/rclcpp/any_service_callback.hpp:78:52: note:   expected a constant of type ‘long unsigned int’, got ‘rclcpp::AnyServiceCallback<boids::srv::GetNeighbors>::SharedPtrCallback’ {aka ‘std::function<void(std::shared_ptr<boids::srv::GetNeighbors_Request_<std::allocator<void> > >, std::shared_ptr<boids::srv::GetNeighbors_Response_<std::allocator<void> > >)>’}
[1.579s] In file included from /opt/ros/humble/include/rclcpp/rclcpp/client.hpp:28,
[1.579s]                  from /opt/ros/humble/include/rclcpp/rclcpp/callback_group.hpp:24,
[1.579s]                  from /opt/ros/humble/include/rclcpp/rclcpp/any_executable.hpp:20,
[1.579s]                  from /opt/ros/humble/include/rclcpp/rclcpp/memory_strategy.hpp:25,
[1.579s]                  from /opt/ros/humble/include/rclcpp/rclcpp/memory_strategies.hpp:18,
[1.579s]                  from /opt/ros/humble/include/rclcpp/rclcpp/executor_options.hpp:20,
[1.579s]                  from /opt/ros/humble/include/rclcpp/rclcpp/executor.hpp:37,
[1.579s]                  from /opt/ros/humble/include/rclcpp/rclcpp/executors/multi_threaded_executor.hpp:25,
[1.579s]                  from /opt/ros/humble/include/rclcpp/rclcpp/executors.hpp:21,
[1.579s]                  from /opt/ros/humble/include/rclcpp/rclcpp/rclcpp.hpp:155,
[1.579s]                  from /home/fourdds/ros2_ws/src/boids/src/swarm_master.hpp:3,
[1.579s]                  from /home/fourdds/ros2_ws/src/boids/src/swarm_master.cpp:1:
[1.579s] /usr/include/c++/11/variant:1551:9: note: candidate: ‘template<long unsigned int _Np, class _Up, class ... _Args> std::enable_if_t<is_constructible_v<typename std::variant_alternative<_Np, std::variant<_Types> >::type, std::initializer_list<_Up>&, _Args ...>, typename std::variant_alternative<_Np, std::variant<_Types> >::type&> std::variant<_Types>::emplace(std::initializer_list<_Up>, _Args&& ...) [with long unsigned int _Np = _Np; _Up = _Up; _Args = {_Args ...}; _Types = {std::monostate, std::function<void(std::shared_ptr<boids::srv::GetNeighbors_Request_<std::allocator<void> > >, std::shared_ptr<boids::srv::GetNeighbors_Response_<std::allocator<void> > >)>, std::function<void(std::shared_ptr<rmw_request_id_s>, std::shared_ptr<boids::srv::GetNeighbors_Request_<std::allocator<void> > >, std::shared_ptr<boids::srv::GetNeighbors_Response_<std::allocator<void> > >)>, std::function<void(std::shared_ptr<rmw_request_id_s>, std::shared_ptr<boids::srv::GetNeighbors_Request_<std::allocator<void> > >)>, std::function<void(std::shared_ptr<rclcpp::Service<boids::srv::GetNeighbors> >, std::shared_ptr<rmw_request_id_s>, std::shared_ptr<boids::srv::GetNeighbors_Request_<std::allocator<void> > >)>}]’
[1.579s]  1551 |         emplace(initializer_list<_Up> __il, _Args&&... __args)
[1.579s]       |         ^~~~~~~
[1.579s] /usr/include/c++/11/variant:1551:9: note:   template argument deduction/substitution failed:
[1.579s] In file included from /opt/ros/humble/include/rclcpp/rclcpp/service.hpp:36,
[1.579s]                  from /opt/ros/humble/include/rclcpp/rclcpp/callback_group.hpp:28,
[1.579s]                  from /opt/ros/humble/include/rclcpp/rclcpp/any_executable.hpp:20,
[1.579s]                  from /opt/ros/humble/include/rclcpp/rclcpp/memory_strategy.hpp:25,
[1.579s]                  from /opt/ros/humble/include/rclcpp/rclcpp/memory_strategies.hpp:18,
[1.579s]                  from /opt/ros/humble/include/rclcpp/rclcpp/executor_options.hpp:20,
[1.579s]                  from /opt/ros/humble/include/rclcpp/rclcpp/executor.hpp:37,
[1.579s]                  from /opt/ros/humble/include/rclcpp/rclcpp/executors/multi_threaded_executor.hpp:25,
[1.579s]                  from /opt/ros/humble/include/rclcpp/rclcpp/executors.hpp:21,
[1.579s]                  from /opt/ros/humble/include/rclcpp/rclcpp/rclcpp.hpp:155,
[1.579s]                  from /home/fourdds/ros2_ws/src/boids/src/swarm_master.hpp:3,
[1.579s]                  from /home/fourdds/ros2_ws/src/boids/src/swarm_master.cpp:1:
[1.580s] /opt/ros/humble/include/rclcpp/rclcpp/any_service_callback.hpp:78:52: error: type/value mismatch at argument 1 in template parameter list for ‘template<long unsigned int _Np, class _Up, class ... _Args> std::enable_if_t<is_constructible_v<typename std::variant_alternative<_Np, std::variant<_Types> >::type, std::initializer_list<_Up>&, _Args ...>, typename std::variant_alternative<_Np, std::variant<_Types> >::type&> std::variant<_Types>::emplace(std::initializer_list<_Up>, _Args&& ...) [with long unsigned int _Np = _Np; _Up = _Up; _Args = {_Args ...}; _Types = {std::monostate, std::function<void(std::shared_ptr<boids::srv::GetNeighbors_Request_<std::allocator<void> > >, std::shared_ptr<boids::srv::GetNeighbors_Response_<std::allocator<void> > >)>, std::function<void(std::shared_ptr<rmw_request_id_s>, std::shared_ptr<boids::srv::GetNeighbors_Request_<std::allocator<void> > >, std::shared_ptr<boids::srv::GetNeighbors_Response_<std::allocator<void> > >)>, std::function<void(std::shared_ptr<rmw_request_id_s>, std::shared_ptr<boids::srv::GetNeighbors_Request_<std::allocator<void> > >)>, std::function<void(std::shared_ptr<rclcpp::Service<boids::srv::GetNeighbors> >, std::shared_ptr<rmw_request_id_s>, std::shared_ptr<boids::srv::GetNeighbors_Request_<std::allocator<void> > >)>}]’
[1.580s]    78 |       callback_.template emplace<SharedPtrCallback>(callback);
[1.580s]       |       ~~~~~~~~~~~~~~~~~~~~~~~~~~~~~~~~~~~~~~~~~~~~~^~~~~~~~~~
[1.580s] /opt/ros/humble/include/rclcpp/rclcpp/any_service_callback.hpp:78:52: note:   expected a constant of type ‘long unsigned int’, got ‘rclcpp::AnyServiceCallback<boids::srv::GetNeighbors>::SharedPtrCallback’ {aka ‘std::function<void(std::shared_ptr<boids::srv::GetNeighbors_Request_<std::allocator<void> > >, std::shared_ptr<boids::srv::GetNeighbors_Response_<std::allocator<void> > >)>’}
[1.752s] gmake[2]: *** [CMakeFiles/uavs_spawner.dir/build.make:90: CMakeFiles/uavs_spawner.dir/src/swarm_master.cpp.o] Error 1
[1.752s] gmake[1]: *** [CMakeFiles/Makefile2:620: CMakeFiles/uavs_spawner.dir/all] Error 2
[1.752s] gmake: *** [Makefile:146: all] Error 2
[1.754s] Invoked command in '/home/fourdds/ros2_ws/build/boids' returned '2': CMAKE_PREFIX_PATH=/home/fourdds/ros2_ws/install/px4_msgs:/home/fourdds/ros2_ws/install/px4_ros_com:/home/fourdds/ros2_ws/install/boids:/opt/ros/humble LD_LIBRARY_PATH=/home/fourdds/ros2_ws/install/px4_msgs/lib:/home/fourdds/ros2_ws/install/px4_ros_com/lib:/home/fourdds/ros2_ws/install/boids/lib:/usr/lib/x86_64-linux-gnu/gazebo-11/plugins:/opt/ros/humble/opt/rviz_ogre_vendor/lib:/opt/ros/humble/lib/x86_64-linux-gnu:/opt/ros/humble/lib /usr/bin/cmake --build /home/fourdds/ros2_ws/build/boids -- -j24 -l24
