[0.024s] Invoking command in '/home/fourdds/ws/build/vision_opencv': AMENT_PREFIX_PATH=/home/fourdds/ws/install/image_geometry:/home/fourdds/ws/install/cv_bridge:${AMENT_PREFIX_PATH} CMAKE_PREFIX_PATH=/home/fourdds/ws/install/image_geometry:/home/fourdds/ws/install/cv_bridge:/opt/ros/humble LD_LIBRARY_PATH=/home/fourdds/ws/install/image_geometry/lib:/home/fourdds/ws/install/cv_bridge/lib:${LD_LIBRARY_PATH} PYTHONPATH=/home/fourdds/ws/install/image_geometry/local/lib/python3.10/dist-packages:/home/fourdds/ws/install/cv_bridge/local/lib/python3.10/dist-packages:${PYTHONPATH} /usr/bin/cmake --build /home/fourdds/ws/build/vision_opencv -- -j16 -l16
[0.076s] Invoked command in '/home/fourdds/ws/build/vision_opencv' returned '0': AMENT_PREFIX_PATH=/home/fourdds/ws/install/image_geometry:/home/fourdds/ws/install/cv_bridge:${AMENT_PREFIX_PATH} CMAKE_PREFIX_PATH=/home/fourdds/ws/install/image_geometry:/home/fourdds/ws/install/cv_bridge:/opt/ros/humble LD_LIBRARY_PATH=/home/fourdds/ws/install/image_geometry/lib:/home/fourdds/ws/install/cv_bridge/lib:${LD_LIBRARY_PATH} PYTHONPATH=/home/fourdds/ws/install/image_geometry/local/lib/python3.10/dist-packages:/home/fourdds/ws/install/cv_bridge/local/lib/python3.10/dist-packages:${PYTHONPATH} /usr/bin/cmake --build /home/fourdds/ws/build/vision_opencv -- -j16 -l16
[0.114s] Invoking command in '/home/fourdds/ws/build/vision_opencv': AMENT_PREFIX_PATH=/home/fourdds/ws/install/image_geometry:/home/fourdds/ws/install/cv_bridge:${AMENT_PREFIX_PATH} CMAKE_PREFIX_PATH=/home/fourdds/ws/install/image_geometry:/home/fourdds/ws/install/cv_bridge:/opt/ros/humble LD_LIBRARY_PATH=/home/fourdds/ws/install/image_geometry/lib:/home/fourdds/ws/install/cv_bridge/lib:${LD_LIBRARY_PATH} PYTHONPATH=/home/fourdds/ws/install/image_geometry/local/lib/python3.10/dist-packages:/home/fourdds/ws/install/cv_bridge/local/lib/python3.10/dist-packages:${PYTHONPATH} /usr/bin/cmake --install /home/fourdds/ws/build/vision_opencv
[0.123s] -- Install configuration: ""
[0.123s] -- Execute custom install script
[0.124s] -- Up-to-date symlink: /home/fourdds/ws/install/vision_opencv/share/ament_index/resource_index/package_run_dependencies/vision_opencv
[0.125s] -- Up-to-date symlink: /home/fourdds/ws/install/vision_opencv/share/ament_index/resource_index/parent_prefix_path/vision_opencv
[0.125s] -- Up-to-date symlink: /home/fourdds/ws/install/vision_opencv/share/vision_opencv/environment/ament_prefix_path.sh
[0.125s] -- Up-to-date symlink: /home/fourdds/ws/install/vision_opencv/share/vision_opencv/environment/ament_prefix_path.dsv
[0.126s] -- Up-to-date symlink: /home/fourdds/ws/install/vision_opencv/share/vision_opencv/environment/path.sh
[0.127s] -- Up-to-date symlink: /home/fourdds/ws/install/vision_opencv/share/vision_opencv/environment/path.dsv
[0.127s] -- Up-to-date symlink: /home/fourdds/ws/install/vision_opencv/share/vision_opencv/local_setup.bash
[0.128s] -- Up-to-date symlink: /home/fourdds/ws/install/vision_opencv/share/vision_opencv/local_setup.sh
[0.128s] -- Up-to-date symlink: /home/fourdds/ws/install/vision_opencv/share/vision_opencv/local_setup.zsh
[0.128s] -- Up-to-date symlink: /home/fourdds/ws/install/vision_opencv/share/vision_opencv/local_setup.dsv
[0.128s] -- Symlinking: /home/fourdds/ws/install/vision_opencv/share/vision_opencv/package.dsv
[0.141s] -- Up-to-date symlink: /home/fourdds/ws/install/vision_opencv/share/ament_index/resource_index/packages/vision_opencv
[0.142s] -- Up-to-date symlink: /home/fourdds/ws/install/vision_opencv/share/vision_opencv/cmake/vision_opencvConfig.cmake
[0.143s] -- Up-to-date symlink: /home/fourdds/ws/install/vision_opencv/share/vision_opencv/cmake/vision_opencvConfig-version.cmake
[0.143s] -- Up-to-date symlink: /home/fourdds/ws/install/vision_opencv/share/vision_opencv/package.xml
[0.147s] Invoked command in '/home/fourdds/ws/build/vision_opencv' returned '0': AMENT_PREFIX_PATH=/home/fourdds/ws/install/image_geometry:/home/fourdds/ws/install/cv_bridge:${AMENT_PREFIX_PATH} CMAKE_PREFIX_PATH=/home/fourdds/ws/install/image_geometry:/home/fourdds/ws/install/cv_bridge:/opt/ros/humble LD_LIBRARY_PATH=/home/fourdds/ws/install/image_geometry/lib:/home/fourdds/ws/install/cv_bridge/lib:${LD_LIBRARY_PATH} PYTHONPATH=/home/fourdds/ws/install/image_geometry/local/lib/python3.10/dist-packages:/home/fourdds/ws/install/cv_bridge/local/lib/python3.10/dist-packages:${PYTHONPATH} /usr/bin/cmake --install /home/fourdds/ws/build/vision_opencv
