[0.348s] Invoking command in '/home/fourdds/ros2_ws/build/target_detection': CMAKE_PREFIX_PATH=/opt/ros/humble /usr/bin/cmake --build /home/fourdds/ros2_ws/build/target_detection -- -j16 -l16
[0.471s] [100%] Built target TargetDetection
[0.557s] Invoked command in '/home/fourdds/ros2_ws/build/target_detection' returned '0': CMAKE_PREFIX_PATH=/opt/ros/humble /usr/bin/cmake --build /home/fourdds/ros2_ws/build/target_detection -- -j16 -l16
[0.658s] Invoking command in '/home/fourdds/ros2_ws/build/target_detection': CMAKE_PREFIX_PATH=/opt/ros/humble /usr/bin/cmake --install /home/fourdds/ros2_ws/build/target_detection
[0.664s] -- Install configuration: ""
[0.667s] -- Execute custom install script
[0.669s] -- Up-to-date symlink: /home/fourdds/ros2_ws/install/target_detection/share/target_detection/environment/library_path.sh
[0.672s] -- Up-to-date symlink: /home/fourdds/ros2_ws/install/target_detection/share/target_detection/environment/library_path.dsv
[0.675s] -- Up-to-date symlink: /home/fourdds/ros2_ws/install/target_detection/include/target_detection/TargetDetection.hpp
[0.675s] -- Up-to-date symlink: /home/fourdds/ros2_ws/install/target_detection/share/ament_index/resource_index/package_run_dependencies/target_detection
[0.677s] -- Up-to-date symlink: /home/fourdds/ros2_ws/install/target_detection/share/ament_index/resource_index/parent_prefix_path/target_detection
[0.677s] -- Up-to-date symlink: /home/fourdds/ros2_ws/install/target_detection/share/target_detection/environment/ament_prefix_path.sh
[0.679s] -- Up-to-date symlink: /home/fourdds/ros2_ws/install/target_detection/share/target_detection/environment/ament_prefix_path.dsv
[0.680s] -- Up-to-date symlink: /home/fourdds/ros2_ws/install/target_detection/share/target_detection/environment/path.sh
[0.681s] -- Up-to-date symlink: /home/fourdds/ros2_ws/install/target_detection/share/target_detection/environment/path.dsv
[0.681s] -- Up-to-date symlink: /home/fourdds/ros2_ws/install/target_detection/share/target_detection/local_setup.bash
[0.683s] -- Up-to-date symlink: /home/fourdds/ros2_ws/install/target_detection/share/target_detection/local_setup.sh
[0.684s] -- Up-to-date symlink: /home/fourdds/ros2_ws/install/target_detection/share/target_detection/local_setup.zsh
[0.685s] -- Up-to-date symlink: /home/fourdds/ros2_ws/install/target_detection/share/target_detection/local_setup.dsv
[0.686s] -- Symlinking: /home/fourdds/ros2_ws/install/target_detection/share/target_detection/package.dsv
[0.686s] -- Up-to-date symlink: /home/fourdds/ros2_ws/install/target_detection/share/ament_index/resource_index/packages/target_detection
[0.688s] -- Up-to-date symlink: /home/fourdds/ros2_ws/install/target_detection/share/target_detection/cmake/ament_cmake_export_include_directories-extras.cmake
[0.689s] -- Up-to-date symlink: /home/fourdds/ros2_ws/install/target_detection/share/target_detection/cmake/ament_cmake_export_libraries-extras.cmake
[0.690s] -- Up-to-date symlink: /home/fourdds/ros2_ws/install/target_detection/share/target_detection/cmake/target_detectionConfig.cmake
[0.690s] -- Up-to-date symlink: /home/fourdds/ros2_ws/install/target_detection/share/target_detection/cmake/target_detectionConfig-version.cmake
[0.690s] -- Up-to-date symlink: /home/fourdds/ros2_ws/install/target_detection/share/target_detection/package.xml
[0.690s] -- Up-to-date: /home/fourdds/ros2_ws/install/target_detection/lib/libTargetDetection.a
[0.737s] Invoked command in '/home/fourdds/ros2_ws/build/target_detection' returned '0': CMAKE_PREFIX_PATH=/opt/ros/humble /usr/bin/cmake --install /home/fourdds/ros2_ws/build/target_detection
