[ 33%] [32mBuilding CXX object CMakeFiles/Drone.dir/src/Drone.cpp.o[0m
[ 66%] [32m[1mLinking CXX executable Drone[0m
[100%] Built target Drone
-- Install configuration: ""
-- Installing: /home/fourdds/ros2_ws/install/drone/lib/drone/Drone
-- Set runtime path of "/home/fourdds/ros2_ws/install/drone/lib/drone/Drone" to ""
-- Up-to-date: /home/fourdds/ros2_ws/install/drone/share/ament_index/resource_index/package_run_dependencies/drone
-- Up-to-date: /home/fourdds/ros2_ws/install/drone/share/ament_index/resource_index/parent_prefix_path/drone
-- Up-to-date: /home/fourdds/ros2_ws/install/drone/share/drone/environment/ament_prefix_path.sh
-- Up-to-date: /home/fourdds/ros2_ws/install/drone/share/drone/environment/ament_prefix_path.dsv
-- Up-to-date: /home/fourdds/ros2_ws/install/drone/share/drone/environment/path.sh
-- Up-to-date: /home/fourdds/ros2_ws/install/drone/share/drone/environment/path.dsv
-- Up-to-date: /home/fourdds/ros2_ws/install/drone/share/drone/local_setup.bash
-- Up-to-date: /home/fourdds/ros2_ws/install/drone/share/drone/local_setup.sh
-- Up-to-date: /home/fourdds/ros2_ws/install/drone/share/drone/local_setup.zsh
-- Up-to-date: /home/fourdds/ros2_ws/install/drone/share/drone/local_setup.dsv
-- Installing: /home/fourdds/ros2_ws/install/drone/share/drone/package.dsv
-- Up-to-date: /home/fourdds/ros2_ws/install/drone/share/ament_index/resource_index/packages/drone
-- Up-to-date: /home/fourdds/ros2_ws/install/drone/share/drone/cmake/droneConfig.cmake
-- Up-to-date: /home/fourdds/ros2_ws/install/drone/share/drone/cmake/droneConfig-version.cmake
-- Up-to-date: /home/fourdds/ros2_ws/install/drone/share/drone/package.xml
