[ 33%] [32mBuilding CXX object CMakeFiles/Drone.dir/src/Drone.cpp.o[0m
[01m[K/home/fourdds/ros2_ws/src/drone/src/Drone.cpp:[m[K In member function ‘[01m[Kvoid fdds::Drone::flockingLogic()[m[K’:
[01m[K/home/fourdds/ros2_ws/src/drone/src/Drone.cpp:189:40:[m[K [01;35m[Kwarning: [m[Knarrowing conversion of ‘[01m[K((fdds::Drone*)this)->fdds::Drone::yawRadians[m[K’ from ‘[01m[Kdouble[m[K’ to ‘[01m[KEigen::Rotation2D<float>::Scalar[m[K’ {aka ‘[01m[Kfloat[m[K’} [[01;35m[K]8;;https://gcc.gnu.org/onlinedocs/gcc/Warning-Options.html#index-Wnarrowing-Wnarrowing]8;;[m[K]
  189 |     Eigen::Rotation2Df rotation_matrix{[01;35m[KyawRadians[m[K};
      |                                        [01;35m[K^~~~~~~~~~[m[K
[ 66%] [32m[1mLinking CXX executable Drone[0m
[100%] Built target Drone
-- Install configuration: ""
-- Installing: /home/fourdds/ros2_ws/install/drone/lib/drone/Drone
-- Set runtime path of "/home/fourdds/ros2_ws/install/drone/lib/drone/Drone" to ""
-- Up-to-date: /home/fourdds/ros2_ws/install/drone/share/ament_index/resource_index/package_run_dependencies/drone
-- Up-to-date: /home/fourdds/ros2_ws/install/drone/share/ament_index/resource_index/parent_prefix_path/drone
-- Up-to-date: /home/fourdds/ros2_ws/install/drone/share/drone/environment/ament_prefix_path.sh
-- Up-to-date: /home/fourdds/ros2_ws/install/drone/share/drone/environment/ament_prefix_path.dsv
-- Up-to-date: /home/fourdds/ros2_ws/install/drone/share/drone/environment/path.sh
-- Up-to-date: /home/fourdds/ros2_ws/install/drone/share/drone/environment/path.dsv
-- Up-to-date: /home/fourdds/ros2_ws/install/drone/share/drone/local_setup.bash
-- Up-to-date: /home/fourdds/ros2_ws/install/drone/share/drone/local_setup.sh
-- Up-to-date: /home/fourdds/ros2_ws/install/drone/share/drone/local_setup.zsh
-- Up-to-date: /home/fourdds/ros2_ws/install/drone/share/drone/local_setup.dsv
-- Installing: /home/fourdds/ros2_ws/install/drone/share/drone/package.dsv
-- Up-to-date: /home/fourdds/ros2_ws/install/drone/share/ament_index/resource_index/packages/drone
-- Up-to-date: /home/fourdds/ros2_ws/install/drone/share/drone/cmake/droneConfig.cmake
-- Up-to-date: /home/fourdds/ros2_ws/install/drone/share/drone/cmake/droneConfig-version.cmake
-- Up-to-date: /home/fourdds/ros2_ws/install/drone/share/drone/package.xml
