[0.019s] Invoking command in '/home/fourdds/ros2_ws/build/boids': CMAKE_PREFIX_PATH=/home/fourdds/ros2_ws/install/px4_msgs:/home/fourdds/ros2_ws/install/px4_ros_com:/home/fourdds/ros2_ws/install/boids:/opt/ros/humble LD_LIBRARY_PATH=/home/fourdds/ros2_ws/install/px4_msgs/lib:/home/fourdds/ros2_ws/install/px4_ros_com/lib:/home/fourdds/ros2_ws/install/boids/lib:/usr/lib/x86_64-linux-gnu/gazebo-11/plugins:/opt/ros/humble/opt/rviz_ogre_vendor/lib:/opt/ros/humble/lib/x86_64-linux-gnu:/opt/ros/humble/lib /usr/bin/cmake --build /home/fourdds/ros2_ws/build/boids -- -j24 -l24
[0.123s] [  8%] Built target boids__rosidl_generator_c
[0.124s] [ 10%] Built target boids__cpp
[0.126s] [ 16%] Built target frame_transforms
[0.132s] [ 18%] [32mBuilding CXX object CMakeFiles/uavs_spawner.dir/src/uav_node.cpp.o[0m
[0.138s] [ 18%] Built target ament_cmake_python_copy_boids
[0.143s] [ 40%] Built target boids__rosidl_typesupport_fastrtps_c
[0.143s] [ 43%] Built target boids__rosidl_typesupport_cpp
[0.144s] [ 43%] Built target boids__rosidl_typesupport_c
[0.144s] [ 51%] Built target boids__rosidl_typesupport_introspection_c
[0.144s] [ 59%] Built target boids__rosidl_typesupport_fastrtps_cpp
[0.151s] [ 67%] Built target boids__rosidl_typesupport_introspection_cpp
[0.168s] [ 67%] Built target boids
[0.187s] [ 70%] Built target boids__py
[0.209s] [ 75%] Built target boids__rosidl_generator_py
[0.228s] [ 91%] Built target boids__rosidl_typesupport_introspection_c__pyext
[0.228s] [ 91%] Built target boids__rosidl_typesupport_fastrtps_c__pyext
[0.228s] [ 91%] Built target boids__rosidl_typesupport_c__pyext
[0.300s] running egg_info
[0.311s] writing boids.egg-info/PKG-INFO
[0.312s] writing dependency_links to boids.egg-info/dependency_links.txt
[0.312s] writing top-level names to boids.egg-info/top_level.txt
[0.343s] reading manifest file 'boids.egg-info/SOURCES.txt'
[0.343s] writing manifest file 'boids.egg-info/SOURCES.txt'
[0.371s] [ 91%] Built target ament_cmake_python_build_boids_egg
[22.575s] [ 94%] [32m[1mLinking CXX executable uavs_spawner[0m
[24.019s] [100%] Built target uavs_spawner
[24.029s] Invoked command in '/home/fourdds/ros2_ws/build/boids' returned '0': CMAKE_PREFIX_PATH=/home/fourdds/ros2_ws/install/px4_msgs:/home/fourdds/ros2_ws/install/px4_ros_com:/home/fourdds/ros2_ws/install/boids:/opt/ros/humble LD_LIBRARY_PATH=/home/fourdds/ros2_ws/install/px4_msgs/lib:/home/fourdds/ros2_ws/install/px4_ros_com/lib:/home/fourdds/ros2_ws/install/boids/lib:/usr/lib/x86_64-linux-gnu/gazebo-11/plugins:/opt/ros/humble/opt/rviz_ogre_vendor/lib:/opt/ros/humble/lib/x86_64-linux-gnu:/opt/ros/humble/lib /usr/bin/cmake --build /home/fourdds/ros2_ws/build/boids -- -j24 -l24
[24.091s] Invoking command in '/home/fourdds/ros2_ws/build/boids': CMAKE_PREFIX_PATH=/home/fourdds/ros2_ws/install/px4_msgs:/home/fourdds/ros2_ws/install/px4_ros_com:/home/fourdds/ros2_ws/install/boids:/opt/ros/humble LD_LIBRARY_PATH=/home/fourdds/ros2_ws/install/px4_msgs/lib:/home/fourdds/ros2_ws/install/px4_ros_com/lib:/home/fourdds/ros2_ws/install/boids/lib:/usr/lib/x86_64-linux-gnu/gazebo-11/plugins:/opt/ros/humble/opt/rviz_ogre_vendor/lib:/opt/ros/humble/lib/x86_64-linux-gnu:/opt/ros/humble/lib /usr/bin/cmake --install /home/fourdds/ros2_ws/build/boids
[24.097s] -- Install configuration: ""
[24.097s] -- Up-to-date: /home/fourdds/ros2_ws/install/boids/share/ament_index/resource_index/rosidl_interfaces/boids
[24.097s] -- Up-to-date: /home/fourdds/ros2_ws/install/boids/include/boids/boids
[24.098s] -- Up-to-date: /home/fourdds/ros2_ws/install/boids/include/boids/boids/msg
[24.098s] -- Up-to-date: /home/fourdds/ros2_ws/install/boids/include/boids/boids/msg/rosidl_generator_c__visibility_control.h
[24.098s] -- Up-to-date: /home/fourdds/ros2_ws/install/boids/include/boids/boids/srv
[24.098s] -- Up-to-date: /home/fourdds/ros2_ws/install/boids/include/boids/boids/srv/detail
[24.099s] -- Up-to-date: /home/fourdds/ros2_ws/install/boids/include/boids/boids/srv/detail/get_neighbors__struct.h
[24.099s] -- Up-to-date: /home/fourdds/ros2_ws/install/boids/include/boids/boids/srv/detail/get_neighbors__type_support.h
[24.099s] -- Up-to-date: /home/fourdds/ros2_ws/install/boids/include/boids/boids/srv/detail/get_neighbors__functions.h
[24.099s] -- Up-to-date: /home/fourdds/ros2_ws/install/boids/include/boids/boids/srv/detail/get_neighbors__functions.c
[24.099s] -- Up-to-date: /home/fourdds/ros2_ws/install/boids/include/boids/boids/srv/get_neighbors.h
[24.099s] -- Up-to-date: /home/fourdds/ros2_ws/install/boids/share/boids/environment/library_path.sh
[24.099s] -- Up-to-date: /home/fourdds/ros2_ws/install/boids/share/boids/environment/library_path.dsv
[24.099s] -- Up-to-date: /home/fourdds/ros2_ws/install/boids/lib/libboids__rosidl_generator_c.so
[24.100s] -- Up-to-date: /home/fourdds/ros2_ws/install/boids/include/boids/boids
[24.100s] -- Up-to-date: /home/fourdds/ros2_ws/install/boids/include/boids/boids/msg
[24.100s] -- Up-to-date: /home/fourdds/ros2_ws/install/boids/include/boids/boids/msg/rosidl_typesupport_fastrtps_c__visibility_control.h
[24.100s] -- Up-to-date: /home/fourdds/ros2_ws/install/boids/include/boids/boids/srv
[24.101s] -- Up-to-date: /home/fourdds/ros2_ws/install/boids/include/boids/boids/srv/detail
[24.101s] -- Up-to-date: /home/fourdds/ros2_ws/install/boids/include/boids/boids/srv/detail/get_neighbors__rosidl_typesupport_fastrtps_c.h
[24.102s] -- Up-to-date: /home/fourdds/ros2_ws/install/boids/lib/libboids__rosidl_typesupport_fastrtps_c.so
[24.102s] -- Up-to-date: /home/fourdds/ros2_ws/install/boids/include/boids/boids
[24.102s] -- Up-to-date: /home/fourdds/ros2_ws/install/boids/include/boids/boids/srv
[24.103s] -- Up-to-date: /home/fourdds/ros2_ws/install/boids/include/boids/boids/srv/detail
[24.103s] -- Up-to-date: /home/fourdds/ros2_ws/install/boids/include/boids/boids/srv/detail/get_neighbors__traits.hpp
[24.103s] -- Up-to-date: /home/fourdds/ros2_ws/install/boids/include/boids/boids/srv/detail/get_neighbors__struct.hpp
[24.103s] -- Up-to-date: /home/fourdds/ros2_ws/install/boids/include/boids/boids/srv/detail/get_neighbors__builder.hpp
[24.103s] -- Up-to-date: /home/fourdds/ros2_ws/install/boids/include/boids/boids/srv/get_neighbors.hpp
[24.103s] -- Up-to-date: /home/fourdds/ros2_ws/install/boids/include/boids/boids
[24.103s] -- Up-to-date: /home/fourdds/ros2_ws/install/boids/include/boids/boids/msg
[24.104s] -- Up-to-date: /home/fourdds/ros2_ws/install/boids/include/boids/boids/msg/rosidl_typesupport_fastrtps_cpp__visibility_control.h
[24.104s] -- Up-to-date: /home/fourdds/ros2_ws/install/boids/include/boids/boids/srv
[24.104s] -- Up-to-date: /home/fourdds/ros2_ws/install/boids/include/boids/boids/srv/detail
[24.105s] -- Up-to-date: /home/fourdds/ros2_ws/install/boids/include/boids/boids/srv/detail/dds_fastrtps
[24.105s] -- Up-to-date: /home/fourdds/ros2_ws/install/boids/include/boids/boids/srv/detail/get_neighbors__rosidl_typesupport_fastrtps_cpp.hpp
[24.105s] -- Up-to-date: /home/fourdds/ros2_ws/install/boids/lib/libboids__rosidl_typesupport_fastrtps_cpp.so
[24.105s] -- Up-to-date: /home/fourdds/ros2_ws/install/boids/include/boids/boids
[24.106s] -- Up-to-date: /home/fourdds/ros2_ws/install/boids/include/boids/boids/msg
[24.106s] -- Up-to-date: /home/fourdds/ros2_ws/install/boids/include/boids/boids/msg/rosidl_typesupport_introspection_c__visibility_control.h
[24.106s] -- Up-to-date: /home/fourdds/ros2_ws/install/boids/include/boids/boids/srv
[24.106s] -- Up-to-date: /home/fourdds/ros2_ws/install/boids/include/boids/boids/srv/detail
[24.107s] -- Up-to-date: /home/fourdds/ros2_ws/install/boids/include/boids/boids/srv/detail/get_neighbors__type_support.c
[24.107s] -- Up-to-date: /home/fourdds/ros2_ws/install/boids/include/boids/boids/srv/detail/get_neighbors__rosidl_typesupport_introspection_c.h
[24.107s] -- Up-to-date: /home/fourdds/ros2_ws/install/boids/lib/libboids__rosidl_typesupport_introspection_c.so
[24.107s] -- Up-to-date: /home/fourdds/ros2_ws/install/boids/lib/libboids__rosidl_typesupport_c.so
[24.108s] -- Up-to-date: /home/fourdds/ros2_ws/install/boids/include/boids/boids
[24.108s] -- Up-to-date: /home/fourdds/ros2_ws/install/boids/include/boids/boids/srv
[24.108s] -- Up-to-date: /home/fourdds/ros2_ws/install/boids/include/boids/boids/srv/detail
[24.109s] -- Up-to-date: /home/fourdds/ros2_ws/install/boids/include/boids/boids/srv/detail/get_neighbors__rosidl_typesupport_introspection_cpp.hpp
[24.109s] -- Up-to-date: /home/fourdds/ros2_ws/install/boids/include/boids/boids/srv/detail/get_neighbors__type_support.cpp
[24.109s] -- Up-to-date: /home/fourdds/ros2_ws/install/boids/lib/libboids__rosidl_typesupport_introspection_cpp.so
[24.109s] -- Up-to-date: /home/fourdds/ros2_ws/install/boids/lib/libboids__rosidl_typesupport_cpp.so
[24.109s] -- Up-to-date: /home/fourdds/ros2_ws/install/boids/share/boids/environment/pythonpath.sh
[24.110s] -- Up-to-date: /home/fourdds/ros2_ws/install/boids/share/boids/environment/pythonpath.dsv
[24.110s] -- Up-to-date: /home/fourdds/ros2_ws/install/boids/local/lib/python3.10/dist-packages/boids-0.0.0-py3.10.egg-info
[24.110s] -- Installing: /home/fourdds/ros2_ws/install/boids/local/lib/python3.10/dist-packages/boids-0.0.0-py3.10.egg-info/dependency_links.txt
[24.110s] -- Installing: /home/fourdds/ros2_ws/install/boids/local/lib/python3.10/dist-packages/boids-0.0.0-py3.10.egg-info/SOURCES.txt
[24.110s] -- Installing: /home/fourdds/ros2_ws/install/boids/local/lib/python3.10/dist-packages/boids-0.0.0-py3.10.egg-info/PKG-INFO
[24.110s] -- Installing: /home/fourdds/ros2_ws/install/boids/local/lib/python3.10/dist-packages/boids-0.0.0-py3.10.egg-info/top_level.txt
[24.110s] -- Up-to-date: /home/fourdds/ros2_ws/install/boids/local/lib/python3.10/dist-packages/boids
[24.110s] -- Up-to-date: /home/fourdds/ros2_ws/install/boids/local/lib/python3.10/dist-packages/boids/_boids_s.ep.rosidl_typesupport_fastrtps_c.c
[24.110s] -- Up-to-date: /home/fourdds/ros2_ws/install/boids/local/lib/python3.10/dist-packages/boids/boids_s__rosidl_typesupport_c.cpython-310-x86_64-linux-gnu.so
[24.111s] -- Up-to-date: /home/fourdds/ros2_ws/install/boids/local/lib/python3.10/dist-packages/boids/libboids__rosidl_generator_py.so
[24.111s] -- Up-to-date: /home/fourdds/ros2_ws/install/boids/local/lib/python3.10/dist-packages/boids/boids_s__rosidl_typesupport_introspection_c.cpython-310-x86_64-linux-gnu.so
[24.111s] -- Up-to-date: /home/fourdds/ros2_ws/install/boids/local/lib/python3.10/dist-packages/boids/srv
[24.111s] -- Up-to-date: /home/fourdds/ros2_ws/install/boids/local/lib/python3.10/dist-packages/boids/srv/_get_neighbors_s.c
[24.111s] -- Up-to-date: /home/fourdds/ros2_ws/install/boids/local/lib/python3.10/dist-packages/boids/srv/_get_neighbors.py
[24.111s] -- Up-to-date: /home/fourdds/ros2_ws/install/boids/local/lib/python3.10/dist-packages/boids/srv/__init__.py
[24.111s] -- Up-to-date: /home/fourdds/ros2_ws/install/boids/local/lib/python3.10/dist-packages/boids/_boids_s.ep.rosidl_typesupport_introspection_c.c
[24.111s] -- Up-to-date: /home/fourdds/ros2_ws/install/boids/local/lib/python3.10/dist-packages/boids/_boids_s.ep.rosidl_typesupport_c.c
[24.111s] -- Up-to-date: /home/fourdds/ros2_ws/install/boids/local/lib/python3.10/dist-packages/boids/boids_s__rosidl_typesupport_fastrtps_c.cpython-310-x86_64-linux-gnu.so
[24.111s] -- Up-to-date: /home/fourdds/ros2_ws/install/boids/local/lib/python3.10/dist-packages/boids/__init__.py
[24.139s] Listing '/home/fourdds/ros2_ws/install/boids/local/lib/python3.10/dist-packages/boids'...
[24.139s] Listing '/home/fourdds/ros2_ws/install/boids/local/lib/python3.10/dist-packages/boids/srv'...
[24.146s] -- Up-to-date: /home/fourdds/ros2_ws/install/boids/local/lib/python3.10/dist-packages/boids/boids_s__rosidl_typesupport_fastrtps_c.cpython-310-x86_64-linux-gnu.so
[24.146s] -- Up-to-date: /home/fourdds/ros2_ws/install/boids/local/lib/python3.10/dist-packages/boids/boids_s__rosidl_typesupport_introspection_c.cpython-310-x86_64-linux-gnu.so
[24.146s] -- Up-to-date: /home/fourdds/ros2_ws/install/boids/local/lib/python3.10/dist-packages/boids/boids_s__rosidl_typesupport_c.cpython-310-x86_64-linux-gnu.so
[24.147s] -- Up-to-date: /home/fourdds/ros2_ws/install/boids/lib/libboids__rosidl_generator_py.so
[24.147s] -- Up-to-date: /home/fourdds/ros2_ws/install/boids/share/boids/srv/GetNeighbors.idl
[24.147s] -- Up-to-date: /home/fourdds/ros2_ws/install/boids/share/boids/srv/GetNeighbors.srv
[24.147s] -- Up-to-date: /home/fourdds/ros2_ws/install/boids/share/boids/srv/GetNeighbors_Request.msg
[24.147s] -- Up-to-date: /home/fourdds/ros2_ws/install/boids/share/boids/srv/GetNeighbors_Response.msg
[24.147s] -- Installing: /home/fourdds/ros2_ws/install/boids/lib/boids/uavs_spawner
[24.159s] -- Set runtime path of "/home/fourdds/ros2_ws/install/boids/lib/boids/uavs_spawner" to ""
[24.159s] -- Up-to-date: /home/fourdds/ros2_ws/install/boids/include/boids
[24.159s] -- Up-to-date: /home/fourdds/ros2_ws/install/boids/include/boids/placeholder.txt:Zone.Identifier
[24.159s] -- Up-to-date: /home/fourdds/ros2_ws/install/boids/include/boids/placeholder.txt
[24.159s] -- Up-to-date: /home/fourdds/ros2_ws/install/boids/include/boids/placeholder.txt:Zone.Identifier:Zone.Identifier
[24.160s] -- Up-to-date: /home/fourdds/ros2_ws/install/boids/lib/libframe_transforms.so
[24.160s] -- Up-to-date: /home/fourdds/ros2_ws/install/boids/share/boids//launch
[24.160s] -- Up-to-date: /home/fourdds/ros2_ws/install/boids/share/boids//launch/boids.launch.py
[24.161s] -- Up-to-date: /home/fourdds/ros2_ws/install/boids/share/boids//test
[24.161s] -- Up-to-date: /home/fourdds/ros2_ws/install/boids/share/boids//test/placeholder.txt:Zone.Identifier
[24.161s] -- Up-to-date: /home/fourdds/ros2_ws/install/boids/share/boids//test/placeholder.txt
[24.161s] -- Up-to-date: /home/fourdds/ros2_ws/install/boids/share/boids//test/placeholder.txt:Zone.Identifier:Zone.Identifier
[24.161s] -- Up-to-date: /home/fourdds/ros2_ws/install/boids/share/ament_index/resource_index/package_run_dependencies/boids
[24.161s] -- Up-to-date: /home/fourdds/ros2_ws/install/boids/share/ament_index/resource_index/parent_prefix_path/boids
[24.161s] -- Up-to-date: /home/fourdds/ros2_ws/install/boids/share/boids/environment/ament_prefix_path.sh
[24.161s] -- Up-to-date: /home/fourdds/ros2_ws/install/boids/share/boids/environment/ament_prefix_path.dsv
[24.161s] -- Up-to-date: /home/fourdds/ros2_ws/install/boids/share/boids/environment/path.sh
[24.161s] -- Up-to-date: /home/fourdds/ros2_ws/install/boids/share/boids/environment/path.dsv
[24.161s] -- Up-to-date: /home/fourdds/ros2_ws/install/boids/share/boids/local_setup.bash
[24.161s] -- Up-to-date: /home/fourdds/ros2_ws/install/boids/share/boids/local_setup.sh
[24.161s] -- Up-to-date: /home/fourdds/ros2_ws/install/boids/share/boids/local_setup.zsh
[24.161s] -- Up-to-date: /home/fourdds/ros2_ws/install/boids/share/boids/local_setup.dsv
[24.161s] -- Installing: /home/fourdds/ros2_ws/install/boids/share/boids/package.dsv
[24.161s] -- Up-to-date: /home/fourdds/ros2_ws/install/boids/share/ament_index/resource_index/packages/boids
[24.162s] -- Up-to-date: /home/fourdds/ros2_ws/install/boids/share/boids/cmake/export_boids__rosidl_generator_cExport.cmake
[24.162s] -- Up-to-date: /home/fourdds/ros2_ws/install/boids/share/boids/cmake/export_boids__rosidl_generator_cExport-noconfig.cmake
[24.162s] -- Up-to-date: /home/fourdds/ros2_ws/install/boids/share/boids/cmake/export_boids__rosidl_typesupport_fastrtps_cExport.cmake
[24.162s] -- Up-to-date: /home/fourdds/ros2_ws/install/boids/share/boids/cmake/export_boids__rosidl_typesupport_fastrtps_cExport-noconfig.cmake
[24.163s] -- Up-to-date: /home/fourdds/ros2_ws/install/boids/share/boids/cmake/export_boids__rosidl_generator_cppExport.cmake
[24.163s] -- Up-to-date: /home/fourdds/ros2_ws/install/boids/share/boids/cmake/export_boids__rosidl_typesupport_fastrtps_cppExport.cmake
[24.163s] -- Up-to-date: /home/fourdds/ros2_ws/install/boids/share/boids/cmake/export_boids__rosidl_typesupport_fastrtps_cppExport-noconfig.cmake
[24.164s] -- Up-to-date: /home/fourdds/ros2_ws/install/boids/share/boids/cmake/boids__rosidl_typesupport_introspection_cExport.cmake
[24.164s] -- Up-to-date: /home/fourdds/ros2_ws/install/boids/share/boids/cmake/boids__rosidl_typesupport_introspection_cExport-noconfig.cmake
[24.164s] -- Up-to-date: /home/fourdds/ros2_ws/install/boids/share/boids/cmake/boids__rosidl_typesupport_cExport.cmake
[24.164s] -- Up-to-date: /home/fourdds/ros2_ws/install/boids/share/boids/cmake/boids__rosidl_typesupport_cExport-noconfig.cmake
[24.165s] -- Up-to-date: /home/fourdds/ros2_ws/install/boids/share/boids/cmake/boids__rosidl_typesupport_introspection_cppExport.cmake
[24.165s] -- Up-to-date: /home/fourdds/ros2_ws/install/boids/share/boids/cmake/boids__rosidl_typesupport_introspection_cppExport-noconfig.cmake
[24.165s] -- Up-to-date: /home/fourdds/ros2_ws/install/boids/share/boids/cmake/boids__rosidl_typesupport_cppExport.cmake
[24.165s] -- Up-to-date: /home/fourdds/ros2_ws/install/boids/share/boids/cmake/boids__rosidl_typesupport_cppExport-noconfig.cmake
[24.166s] -- Up-to-date: /home/fourdds/ros2_ws/install/boids/share/boids/cmake/export_boids__rosidl_generator_pyExport.cmake
[24.166s] -- Up-to-date: /home/fourdds/ros2_ws/install/boids/share/boids/cmake/export_boids__rosidl_generator_pyExport-noconfig.cmake
[24.167s] -- Up-to-date: /home/fourdds/ros2_ws/install/boids/share/boids/cmake/export_frame_transformsExport.cmake
[24.167s] -- Up-to-date: /home/fourdds/ros2_ws/install/boids/share/boids/cmake/export_frame_transformsExport-noconfig.cmake
[24.167s] -- Up-to-date: /home/fourdds/ros2_ws/install/boids/share/boids/cmake/rosidl_cmake-extras.cmake
[24.168s] -- Up-to-date: /home/fourdds/ros2_ws/install/boids/share/boids/cmake/ament_cmake_export_include_directories-extras.cmake
[24.168s] -- Up-to-date: /home/fourdds/ros2_ws/install/boids/share/boids/cmake/ament_cmake_export_libraries-extras.cmake
[24.168s] -- Up-to-date: /home/fourdds/ros2_ws/install/boids/share/boids/cmake/ament_cmake_export_targets-extras.cmake
[24.168s] -- Up-to-date: /home/fourdds/ros2_ws/install/boids/share/boids/cmake/rosidl_cmake_export_typesupport_targets-extras.cmake
[24.168s] -- Up-to-date: /home/fourdds/ros2_ws/install/boids/share/boids/cmake/ament_cmake_export_dependencies-extras.cmake
[24.168s] -- Up-to-date: /home/fourdds/ros2_ws/install/boids/share/boids/cmake/rosidl_cmake_export_typesupport_libraries-extras.cmake
[24.168s] -- Up-to-date: /home/fourdds/ros2_ws/install/boids/share/boids/cmake/boidsConfig.cmake
[24.168s] -- Up-to-date: /home/fourdds/ros2_ws/install/boids/share/boids/cmake/boidsConfig-version.cmake
[24.168s] -- Up-to-date: /home/fourdds/ros2_ws/install/boids/share/boids/package.xml
[24.171s] Invoked command in '/home/fourdds/ros2_ws/build/boids' returned '0': CMAKE_PREFIX_PATH=/home/fourdds/ros2_ws/install/px4_msgs:/home/fourdds/ros2_ws/install/px4_ros_com:/home/fourdds/ros2_ws/install/boids:/opt/ros/humble LD_LIBRARY_PATH=/home/fourdds/ros2_ws/install/px4_msgs/lib:/home/fourdds/ros2_ws/install/px4_ros_com/lib:/home/fourdds/ros2_ws/install/boids/lib:/usr/lib/x86_64-linux-gnu/gazebo-11/plugins:/opt/ros/humble/opt/rviz_ogre_vendor/lib:/opt/ros/humble/lib/x86_64-linux-gnu:/opt/ros/humble/lib /usr/bin/cmake --install /home/fourdds/ros2_ws/build/boids
