[0.066s] Invoking command in '/home/fourdds/ros2_ws/build/obstacle_avoidance': AMENT_PREFIX_PATH=/home/fourdds/ros2_ws/install/parameters:${AMENT_PREFIX_PATH} CMAKE_PREFIX_PATH=/home/fourdds/ros2_ws/install/parameters:/opt/ros/humble LD_LIBRARY_PATH=/home/fourdds/ros2_ws/install/parameters/lib:${LD_LIBRARY_PATH} /usr/bin/cmake --build /home/fourdds/ros2_ws/build/obstacle_avoidance -- -j16 -l16
[0.152s] [100%] Built target ObstacleAvoidance
[0.171s] Invoked command in '/home/fourdds/ros2_ws/build/obstacle_avoidance' returned '0': AMENT_PREFIX_PATH=/home/fourdds/ros2_ws/install/parameters:${AMENT_PREFIX_PATH} CMAKE_PREFIX_PATH=/home/fourdds/ros2_ws/install/parameters:/opt/ros/humble LD_LIBRARY_PATH=/home/fourdds/ros2_ws/install/parameters/lib:${LD_LIBRARY_PATH} /usr/bin/cmake --build /home/fourdds/ros2_ws/build/obstacle_avoidance -- -j16 -l16
[0.211s] Invoking command in '/home/fourdds/ros2_ws/build/obstacle_avoidance': AMENT_PREFIX_PATH=/home/fourdds/ros2_ws/install/parameters:${AMENT_PREFIX_PATH} CMAKE_PREFIX_PATH=/home/fourdds/ros2_ws/install/parameters:/opt/ros/humble LD_LIBRARY_PATH=/home/fourdds/ros2_ws/install/parameters/lib:${LD_LIBRARY_PATH} /usr/bin/cmake --install /home/fourdds/ros2_ws/build/obstacle_avoidance
[0.219s] -- Install configuration: ""
[0.220s] -- Execute custom install script
[0.221s] -- Up-to-date symlink: /home/fourdds/ros2_ws/install/obstacle_avoidance/share/obstacle_avoidance/environment/library_path.sh
[0.222s] -- Up-to-date symlink: /home/fourdds/ros2_ws/install/obstacle_avoidance/share/obstacle_avoidance/environment/library_path.dsv
[0.222s] -- Up-to-date symlink: /home/fourdds/ros2_ws/install/obstacle_avoidance/include/obstacle_avoidance/ObstacleAvoidance.hpp
[0.223s] -- Up-to-date symlink: /home/fourdds/ros2_ws/install/obstacle_avoidance/share/ament_index/resource_index/package_run_dependencies/obstacle_avoidance
[0.224s] -- Up-to-date symlink: /home/fourdds/ros2_ws/install/obstacle_avoidance/share/ament_index/resource_index/parent_prefix_path/obstacle_avoidance
[0.224s] -- Up-to-date symlink: /home/fourdds/ros2_ws/install/obstacle_avoidance/share/obstacle_avoidance/environment/ament_prefix_path.sh
[0.225s] -- Up-to-date symlink: /home/fourdds/ros2_ws/install/obstacle_avoidance/share/obstacle_avoidance/environment/ament_prefix_path.dsv
[0.226s] -- Up-to-date symlink: /home/fourdds/ros2_ws/install/obstacle_avoidance/share/obstacle_avoidance/environment/path.sh
[0.226s] -- Up-to-date symlink: /home/fourdds/ros2_ws/install/obstacle_avoidance/share/obstacle_avoidance/environment/path.dsv
[0.227s] -- Up-to-date symlink: /home/fourdds/ros2_ws/install/obstacle_avoidance/share/obstacle_avoidance/local_setup.bash
[0.227s] -- Up-to-date symlink: /home/fourdds/ros2_ws/install/obstacle_avoidance/share/obstacle_avoidance/local_setup.sh
[0.228s] -- Up-to-date symlink: /home/fourdds/ros2_ws/install/obstacle_avoidance/share/obstacle_avoidance/local_setup.zsh
[0.229s] -- Up-to-date symlink: /home/fourdds/ros2_ws/install/obstacle_avoidance/share/obstacle_avoidance/local_setup.dsv
[0.229s] -- Symlinking: /home/fourdds/ros2_ws/install/obstacle_avoidance/share/obstacle_avoidance/package.dsv
[0.243s] -- Up-to-date symlink: /home/fourdds/ros2_ws/install/obstacle_avoidance/share/ament_index/resource_index/packages/obstacle_avoidance
[0.243s] -- Up-to-date symlink: /home/fourdds/ros2_ws/install/obstacle_avoidance/share/obstacle_avoidance/cmake/ament_cmake_export_include_directories-extras.cmake
[0.244s] -- Up-to-date symlink: /home/fourdds/ros2_ws/install/obstacle_avoidance/share/obstacle_avoidance/cmake/ament_cmake_export_libraries-extras.cmake
[0.244s] -- Up-to-date symlink: /home/fourdds/ros2_ws/install/obstacle_avoidance/share/obstacle_avoidance/cmake/obstacle_avoidanceConfig.cmake
[0.246s] -- Up-to-date symlink: /home/fourdds/ros2_ws/install/obstacle_avoidance/share/obstacle_avoidance/cmake/obstacle_avoidanceConfig-version.cmake
[0.246s] -- Up-to-date symlink: /home/fourdds/ros2_ws/install/obstacle_avoidance/share/obstacle_avoidance/package.xml
[0.246s] -- Up-to-date: /home/fourdds/ros2_ws/install/obstacle_avoidance/lib/libObstacleAvoidance.a
[0.252s] Invoked command in '/home/fourdds/ros2_ws/build/obstacle_avoidance' returned '0': AMENT_PREFIX_PATH=/home/fourdds/ros2_ws/install/parameters:${AMENT_PREFIX_PATH} CMAKE_PREFIX_PATH=/home/fourdds/ros2_ws/install/parameters:/opt/ros/humble LD_LIBRARY_PATH=/home/fourdds/ros2_ws/install/parameters/lib:${LD_LIBRARY_PATH} /usr/bin/cmake --install /home/fourdds/ros2_ws/build/obstacle_avoidance
