[0.018s] Invoking command in '/home/fourdds/ws/build/gazebo_ros': AMENT_PREFIX_PATH=/home/fourdds/ws/install/gazebo_msgs:/home/fourdds/ws/install/gazebo_dev:${AMENT_PREFIX_PATH} CMAKE_PREFIX_PATH=/home/fourdds/ws/install/gazebo_msgs:/home/fourdds/ws/install/gazebo_dev:/opt/ros/humble LD_LIBRARY_PATH=/home/fourdds/ws/install/gazebo_msgs/lib:${LD_LIBRARY_PATH} PYTHONPATH=/home/fourdds/ws/install/gazebo_msgs/local/lib/python3.10/dist-packages:${PYTHONPATH} /usr/bin/cmake /home/fourdds/ws/src/gazebo_ros_pkgs/gazebo_ros -DCMAKE_INSTALL_PREFIX=/home/fourdds/ws/install/gazebo_ros
[0.033s] -- Found ament_cmake: 1.3.10 (/opt/ros/humble/share/ament_cmake/cmake)
[0.143s] -- Override CMake install command with custom implementation using symlinks instead of copying resources
[0.151s] -- Found builtin_interfaces: 1.2.1 (/opt/ros/humble/share/builtin_interfaces/cmake)
[0.173s] -- Found rosidl_generator_c: 3.1.5 (/opt/ros/humble/share/rosidl_generator_c/cmake)
[0.175s] -- Found rosidl_adapter: 3.1.5 (/opt/ros/humble/share/rosidl_adapter/cmake)
[0.180s] -- Found rosidl_generator_cpp: 3.1.5 (/opt/ros/humble/share/rosidl_generator_cpp/cmake)
[0.191s] -- Using all available rosidl_typesupport_c: rosidl_typesupport_fastrtps_c;rosidl_typesupport_introspection_c
[0.202s] -- Using all available rosidl_typesupport_cpp: rosidl_typesupport_fastrtps_cpp;rosidl_typesupport_introspection_cpp
[0.213s] -- Found gazebo_dev: 3.7.0 (/home/fourdds/ws/install/gazebo_dev/share/gazebo_dev/cmake)
[0.276s] -- Found DART: /usr/include (Required is at least version "6.6") found components: dart 
[0.343s] -- Found Protobuf: /usr/lib/x86_64-linux-gnu/libprotobuf.so (found version "3.12.4") 
[0.347s] -- Looking for ignition-math6 -- found version 6.15.1
[0.361s] -- Searching for dependencies of ignition-math6
[0.366s] -- Looking for OGRE...
[0.375s] -- Found Ogre Ghadamon (1.9.0)
[0.377s] -- Found OGRE: optimized;/usr/lib/x86_64-linux-gnu/libOgreMain.so;debug;/usr/lib/x86_64-linux-gnu/libOgreMain.so
[0.385s] -- Looking for OGRE_Paging...
[0.386s] -- Found OGRE_Paging: optimized;/usr/lib/x86_64-linux-gnu/libOgrePaging.so;debug;/usr/lib/x86_64-linux-gnu/libOgrePaging.so
[0.386s] -- Looking for OGRE_Terrain...
[0.386s] -- Found OGRE_Terrain: optimized;/usr/lib/x86_64-linux-gnu/libOgreTerrain.so;debug;/usr/lib/x86_64-linux-gnu/libOgreTerrain.so
[0.386s] -- Looking for OGRE_Property...
[0.386s] -- Found OGRE_Property: optimized;/usr/lib/x86_64-linux-gnu/libOgreProperty.so;debug;/usr/lib/x86_64-linux-gnu/libOgreProperty.so
[0.386s] -- Looking for OGRE_RTShaderSystem...
[0.387s] -- Found OGRE_RTShaderSystem: optimized;/usr/lib/x86_64-linux-gnu/libOgreRTShaderSystem.so;debug;/usr/lib/x86_64-linux-gnu/libOgreRTShaderSystem.so
[0.387s] -- Looking for OGRE_Volume...
[0.387s] -- Found OGRE_Volume: optimized;/usr/lib/x86_64-linux-gnu/libOgreVolume.so;debug;/usr/lib/x86_64-linux-gnu/libOgreVolume.so
[0.387s] -- Looking for OGRE_Overlay...
[0.387s] -- Found OGRE_Overlay: optimized;/usr/lib/x86_64-linux-gnu/libOgreOverlay.so;debug;/usr/lib/x86_64-linux-gnu/libOgreOverlay.so
[0.835s] -- Looking for ignition-math6 -- found version 6.15.1
[0.842s] -- Looking for ignition-transport8 -- found version 8.2.1
[0.843s] -- Searching for dependencies of ignition-transport8
[0.881s] -- Found Protobuf: /usr/lib/x86_64-linux-gnu/libprotobuf.so (found suitable version "3.12.4", minimum required is "3") 
[0.909s] -- Config-file not installed for ZeroMQ -- checking for pkg-config
[0.915s] -- Checking for module 'libzmq >= 4'
[0.939s] --   Found libzmq , version 4.3.4
[0.999s] -- Checking for module 'uuid'
[1.017s] --   Found uuid, version 2.37.2
[1.064s] -- Looking for ignition-msgs5 -- found version 5.8.1
[1.064s] -- Searching for dependencies of ignition-msgs5
[1.098s] -- Looking for ignition-math6 -- found version 6.15.1
[1.104s] -- Checking for module 'tinyxml2'
[1.122s] --   Found tinyxml2, version 9.0.0
[1.171s] -- Looking for ignition-msgs5 -- found version 5.8.1
[1.173s] -- Looking for ignition-common3 -- found version 3.14.0
[1.174s] -- Searching for dependencies of ignition-common3
[1.175s] -- Looking for dlfcn.h - found
[1.175s] -- Looking for libdl - found
[1.193s] -- Searching for <ignition-common3> component [graphics]
[1.195s] -- Looking for ignition-common3-graphics -- found version 3.14.0
[1.195s] -- Searching for dependencies of ignition-common3-graphics
[1.196s] -- Looking for ignition-math6 -- found version 6.15.1
[1.201s] -- Looking for ignition-fuel_tools4 -- found version 4.4.0
[1.201s] -- Searching for dependencies of ignition-fuel_tools4
[1.269s] -- Checking for module 'jsoncpp'
[1.286s] --   Found jsoncpp, version 1.9.5
[1.337s] -- Checking for module 'libzip'
[1.353s] --   Found libzip, version 1.7.3
[1.396s] -- Looking for ignition-common3 -- found version 3.14.0
[1.397s] -- Looking for ignition-math6 -- found version 6.15.1
[1.397s] -- Looking for ignition-msgs5 -- found version 5.8.1
[1.403s] -- Gazebo version: 11.10
[1.404s] -- Found gazebo_msgs: 3.7.0 (/home/fourdds/ws/install/gazebo_msgs/share/gazebo_msgs/cmake)
[1.476s] -- Found rcl: 5.3.9 (/opt/ros/humble/share/rcl/cmake)
[1.531s] -- Found rmw_implementation_cmake: 6.1.2 (/opt/ros/humble/share/rmw_implementation_cmake/cmake)
[1.538s] -- Found rmw_fastrtps_cpp: 6.2.7 (/opt/ros/humble/share/rmw_fastrtps_cpp/cmake)
[1.733s] -- Using RMW implementation 'rmw_fastrtps_cpp' as default
[1.758s] -- Found rclcpp: 16.0.10 (/opt/ros/humble/share/rclcpp/cmake)
[1.832s] -- Found std_srvs: 4.2.4 (/opt/ros/humble/share/std_srvs/cmake)
[1.853s] -- Found tinyxml_vendor: 0.8.3 (/opt/ros/humble/share/tinyxml_vendor/cmake)
[1.935s] -- Found ament_cmake_gtest: 1.3.10 (/opt/ros/humble/share/ament_cmake_gtest/cmake)
[1.938s] -- Found launch_testing_ament_cmake: 1.0.6 (/opt/ros/humble/share/launch_testing_ament_cmake/cmake)
[1.939s] -- Found python_cmake_module: 0.10.0 (/opt/ros/humble/share/python_cmake_module/cmake)
[1.959s] -- Using PYTHON_EXECUTABLE: /usr/bin/python3
[1.959s] -- Using PYTHON_INCLUDE_DIRS: /usr/include/python3.10
[1.959s] -- Using PYTHON_LIBRARIES: /usr/lib/x86_64-linux-gnu/libpython3.10.so
[1.961s] -- Found sensor_msgs: 4.2.4 (/opt/ros/humble/share/sensor_msgs/cmake)
[1.988s] -- Found gtest sources under '/opt/ros/humble/src/gtest_vendor': C++ tests using 'Google Test' will be built
[2.066s] -- Found ament_lint_auto: 0.12.11 (/opt/ros/humble/share/ament_lint_auto/cmake)
[2.125s] -- Found python_cmake_module: 0.10.0 (/opt/ros/humble/share/python_cmake_module/cmake)
[2.146s] -- Using PYTHON_EXECUTABLE: /usr/bin/python3
[2.147s] -- Using PYTHON_INCLUDE_DIRS: /usr/include/python3.10
[2.147s] -- Using PYTHON_LIBRARIES: /usr/lib/x86_64-linux-gnu/libpython3.10.so
[2.197s] -- Added test 'copyright' to check source files copyright and LICENSE
[2.206s] -- Added test 'cppcheck' to perform static code analysis on C / C++ code
[2.206s] -- Configured cppcheck include dirs: $<BUILD_INTERFACE:/home/fourdds/ws/src/gazebo_ros_pkgs/gazebo_ros/include>
[2.206s] -- Configured cppcheck exclude dirs and/or files: 
[2.207s] -- Added test 'flake8' to check Python code syntax and style conventions
[2.209s] -- Added test 'lint_cmake' to check CMake code style
[2.211s] -- Added test 'pep257' to check Python code against some of the docstring style conventions in PEP 257
[2.214s] -- Added test 'uncrustify' to check C / C++ code style
[2.214s] -- Configured uncrustify additional arguments: 
[2.216s] -- Added test 'xmllint' to check XML markup files
[2.224s] -- Configuring done
[2.639s] -- Generating done
[2.646s] -- Build files have been written to: /home/fourdds/ws/build/gazebo_ros
[2.668s] Invoked command in '/home/fourdds/ws/build/gazebo_ros' returned '0': AMENT_PREFIX_PATH=/home/fourdds/ws/install/gazebo_msgs:/home/fourdds/ws/install/gazebo_dev:${AMENT_PREFIX_PATH} CMAKE_PREFIX_PATH=/home/fourdds/ws/install/gazebo_msgs:/home/fourdds/ws/install/gazebo_dev:/opt/ros/humble LD_LIBRARY_PATH=/home/fourdds/ws/install/gazebo_msgs/lib:${LD_LIBRARY_PATH} PYTHONPATH=/home/fourdds/ws/install/gazebo_msgs/local/lib/python3.10/dist-packages:${PYTHONPATH} /usr/bin/cmake /home/fourdds/ws/src/gazebo_ros_pkgs/gazebo_ros -DCMAKE_INSTALL_PREFIX=/home/fourdds/ws/install/gazebo_ros
[2.671s] Invoking command in '/home/fourdds/ws/build/gazebo_ros': AMENT_PREFIX_PATH=/home/fourdds/ws/install/gazebo_msgs:/home/fourdds/ws/install/gazebo_dev:${AMENT_PREFIX_PATH} CMAKE_PREFIX_PATH=/home/fourdds/ws/install/gazebo_msgs:/home/fourdds/ws/install/gazebo_dev:/opt/ros/humble LD_LIBRARY_PATH=/home/fourdds/ws/install/gazebo_msgs/lib:${LD_LIBRARY_PATH} PYTHONPATH=/home/fourdds/ws/install/gazebo_msgs/local/lib/python3.10/dist-packages:${PYTHONPATH} /usr/bin/cmake --build /home/fourdds/ws/build/gazebo_ros -- -j16 -l16
[2.716s] [35m[1mConsolidate compiler generated dependencies of target gtest_main[0m
[2.716s] [35m[1mConsolidate compiler generated dependencies of target gtest[0m
[2.717s] [35m[1mConsolidate compiler generated dependencies of target mock_robot_state_publisher[0m
[2.717s] [35m[1mConsolidate compiler generated dependencies of target gazebo_ros_utils[0m
[2.720s] [35m[1mConsolidate compiler generated dependencies of target mock_gazebo_ros_factory[0m
[2.721s] [35m[1mConsolidate compiler generated dependencies of target gazebo_ros_node[0m
[2.735s] [  3%] Built target gtest_main
[2.736s] [  6%] Built target gtest
[2.737s] [  6%] Built target ament_cmake_python_symlink_scripts
[2.758s] [ 11%] Built target mock_robot_state_publisher
[2.759s] [ 13%] Built target mock_gazebo_ros_factory
[2.785s] [ 21%] Built target gazebo_ros_utils
[2.785s] [ 23%] Built target gazebo_ros_node
[2.806s] [35m[1mConsolidate compiler generated dependencies of target sdf_node[0m
[2.806s] [35m[1mConsolidate compiler generated dependencies of target create_node_without_init[0m
[2.806s] [35m[1mConsolidate compiler generated dependencies of target multiple_nodes[0m
[2.807s] [35m[1mConsolidate compiler generated dependencies of target gazebo_ros_state[0m
[2.807s] [35m[1mConsolidate compiler generated dependencies of target args_init[0m
[2.807s] [35m[1mConsolidate compiler generated dependencies of target gazebo_ros_init[0m
[2.807s] [35m[1mConsolidate compiler generated dependencies of target gazebo_ros_properties[0m
[2.808s] [35m[1mConsolidate compiler generated dependencies of target gazebo_ros_force_system[0m
[2.808s] [35m[1mConsolidate compiler generated dependencies of target gazebo_ros_factory[0m
[2.809s] [35m[1mConsolidate compiler generated dependencies of target test_conversions[0m
[2.810s] [35m[1mConsolidate compiler generated dependencies of target ros_world_plugin[0m
[2.816s] [35m[1mConsolidate compiler generated dependencies of target test_gazebo_ros_joint_effort[0m
[2.816s] [35m[1mConsolidate compiler generated dependencies of target test_gazebo_ros_factory[0m
[2.822s] [35m[1mConsolidate compiler generated dependencies of target test_gazebo_ros_link_wrench[0m
[2.824s] [35m[1mConsolidate compiler generated dependencies of target test_gazebo_ros_init[0m
[2.870s] [ 33%] Built target create_node_without_init
[2.870s] [ 33%] Built target test_conversions
[2.870s] [ 33%] Built target args_init
[2.871s] [ 36%] Built target multiple_nodes
[2.873s] [ 40%] Built target ros_world_plugin
[2.874s] [ 43%] Built target sdf_node
[2.886s] [ 46%] Built target gazebo_ros_state
[2.889s] [ 50%] Built target gazebo_ros_force_system
[2.893s] [35m[1mConsolidate compiler generated dependencies of target test_reject_duplicate_nodes[0m
[2.893s] [35m[1mConsolidate compiler generated dependencies of target test_node[0m
[2.894s] [35m[1mConsolidate compiler generated dependencies of target test_gazebo_ros_properties[0m
[2.894s] [35m[1mConsolidate compiler generated dependencies of target test_qos[0m
[2.895s] [35m[1mConsolidate compiler generated dependencies of target test_gazebo_ros_state[0m
[2.902s] [35m[1mConsolidate compiler generated dependencies of target test_plugins[0m
[2.904s] [35m[1mConsolidate compiler generated dependencies of target test_sim_time[0m
[2.908s] [35m[1mConsolidate compiler generated dependencies of target test_utils[0m
[2.924s] [ 53%] Built target test_qos
[2.935s] [ 56%] Built target test_plugins
[2.937s] [ 60%] Built target test_sim_time
[2.941s] [ 66%] Built target gazebo_ros_factory
[2.941s] [ 66%] Built target gazebo_ros_properties
[2.943s] [ 70%] Built target gazebo_ros_init
[2.944s] [ 73%] Built target test_reject_duplicate_nodes
[2.947s] [ 76%] Built target test_node
[2.961s] [ 83%] Built target test_gazebo_ros_joint_effort
[2.961s] [ 83%] Built target test_gazebo_ros_link_wrench
[2.962s] [ 86%] Built target test_gazebo_ros_factory
[2.963s] [ 93%] Built target test_gazebo_ros_init
[2.963s] [ 93%] Built target test_utils
[2.970s] [ 96%] Built target test_gazebo_ros_properties
[2.975s] [100%] Built target test_gazebo_ros_state
[3.008s] running egg_info
[3.021s] writing scripts.egg-info/PKG-INFO
[3.021s] writing dependency_links to scripts.egg-info/dependency_links.txt
[3.022s] writing top-level names to scripts.egg-info/top_level.txt
[3.065s] reading manifest file 'scripts.egg-info/SOURCES.txt'
[3.066s] writing manifest file 'scripts.egg-info/SOURCES.txt'
[3.103s] [100%] Built target ament_cmake_python_build_scripts_egg
[3.120s] Invoked command in '/home/fourdds/ws/build/gazebo_ros' returned '0': AMENT_PREFIX_PATH=/home/fourdds/ws/install/gazebo_msgs:/home/fourdds/ws/install/gazebo_dev:${AMENT_PREFIX_PATH} CMAKE_PREFIX_PATH=/home/fourdds/ws/install/gazebo_msgs:/home/fourdds/ws/install/gazebo_dev:/opt/ros/humble LD_LIBRARY_PATH=/home/fourdds/ws/install/gazebo_msgs/lib:${LD_LIBRARY_PATH} PYTHONPATH=/home/fourdds/ws/install/gazebo_msgs/local/lib/python3.10/dist-packages:${PYTHONPATH} /usr/bin/cmake --build /home/fourdds/ws/build/gazebo_ros -- -j16 -l16
[3.213s] Invoking command in '/home/fourdds/ws/build/gazebo_ros': AMENT_PREFIX_PATH=/home/fourdds/ws/install/gazebo_msgs:/home/fourdds/ws/install/gazebo_dev:${AMENT_PREFIX_PATH} CMAKE_PREFIX_PATH=/home/fourdds/ws/install/gazebo_msgs:/home/fourdds/ws/install/gazebo_dev:/opt/ros/humble LD_LIBRARY_PATH=/home/fourdds/ws/install/gazebo_msgs/lib:${LD_LIBRARY_PATH} PYTHONPATH=/home/fourdds/ws/install/gazebo_msgs/local/lib/python3.10/dist-packages:${PYTHONPATH} /usr/bin/cmake --install /home/fourdds/ws/build/gazebo_ros
[3.218s] -- Install configuration: ""
[3.218s] -- Execute custom install script
[3.220s] -- Up-to-date symlink: /home/fourdds/ws/install/gazebo_ros/share/gazebo_ros/environment/pythonpath.sh
[3.221s] -- Up-to-date symlink: /home/fourdds/ws/install/gazebo_ros/share/gazebo_ros/environment/pythonpath.dsv
[3.224s] -- Up-to-date symlink: /home/fourdds/ws/install/gazebo_ros/local/lib/python3.10/dist-packages/scripts-3.7.0-py3.10.egg-info/PKG-INFO
[3.225s] -- Up-to-date symlink: /home/fourdds/ws/install/gazebo_ros/local/lib/python3.10/dist-packages/scripts-3.7.0-py3.10.egg-info/SOURCES.txt
[3.225s] -- Up-to-date symlink: /home/fourdds/ws/install/gazebo_ros/local/lib/python3.10/dist-packages/scripts-3.7.0-py3.10.egg-info/dependency_links.txt
[3.226s] -- Up-to-date symlink: /home/fourdds/ws/install/gazebo_ros/local/lib/python3.10/dist-packages/scripts-3.7.0-py3.10.egg-info/top_level.txt
[3.227s] -- Up-to-date symlink: /home/fourdds/ws/install/gazebo_ros/local/lib/python3.10/dist-packages/scripts/__init__.py
[3.228s] -- Up-to-date symlink: /home/fourdds/ws/install/gazebo_ros/local/lib/python3.10/dist-packages/scripts/gazebo_ros_paths.py
[3.228s] -- Up-to-date symlink: /home/fourdds/ws/install/gazebo_ros/local/lib/python3.10/dist-packages/scripts/spawn_entity.py
[3.229s] -- Up-to-date symlink: /home/fourdds/ws/install/gazebo_ros/share/gazebo_ros/environment/library_path.sh
[3.230s] -- Up-to-date symlink: /home/fourdds/ws/install/gazebo_ros/share/gazebo_ros/environment/library_path.dsv
[3.231s] -- Up-to-date symlink: /home/fourdds/ws/install/gazebo_ros/share/ament_index/resource_index/package_run_dependencies/gazebo_ros
[3.232s] -- Up-to-date symlink: /home/fourdds/ws/install/gazebo_ros/share/ament_index/resource_index/parent_prefix_path/gazebo_ros
[3.232s] -- Up-to-date symlink: /home/fourdds/ws/install/gazebo_ros/share/gazebo_ros/environment/ament_prefix_path.sh
[3.233s] -- Up-to-date symlink: /home/fourdds/ws/install/gazebo_ros/share/gazebo_ros/environment/ament_prefix_path.dsv
[3.234s] -- Up-to-date symlink: /home/fourdds/ws/install/gazebo_ros/share/gazebo_ros/environment/path.sh
[3.234s] -- Up-to-date symlink: /home/fourdds/ws/install/gazebo_ros/share/gazebo_ros/environment/path.dsv
[3.235s] -- Up-to-date symlink: /home/fourdds/ws/install/gazebo_ros/share/gazebo_ros/local_setup.bash
[3.236s] -- Up-to-date symlink: /home/fourdds/ws/install/gazebo_ros/share/gazebo_ros/local_setup.sh
[3.237s] -- Up-to-date symlink: /home/fourdds/ws/install/gazebo_ros/share/gazebo_ros/local_setup.zsh
[3.238s] -- Up-to-date symlink: /home/fourdds/ws/install/gazebo_ros/share/gazebo_ros/local_setup.dsv
[3.238s] -- Symlinking: /home/fourdds/ws/install/gazebo_ros/share/gazebo_ros/package.dsv
[3.249s] -- Up-to-date symlink: /home/fourdds/ws/install/gazebo_ros/share/ament_index/resource_index/packages/gazebo_ros
[3.250s] -- Up-to-date symlink: /home/fourdds/ws/install/gazebo_ros/share/gazebo_ros/cmake/ament_cmake_export_libraries-extras.cmake
[3.251s] -- Up-to-date symlink: /home/fourdds/ws/install/gazebo_ros/share/gazebo_ros/cmake/ament_cmake_export_include_directories-extras.cmake
[3.251s] -- Up-to-date symlink: /home/fourdds/ws/install/gazebo_ros/share/gazebo_ros/cmake/ament_cmake_export_dependencies-extras.cmake
[3.252s] -- Up-to-date symlink: /home/fourdds/ws/install/gazebo_ros/share/gazebo_ros/cmake/gazebo_rosConfig.cmake
[3.253s] -- Up-to-date symlink: /home/fourdds/ws/install/gazebo_ros/share/gazebo_ros/cmake/gazebo_rosConfig-version.cmake
[3.253s] -- Up-to-date symlink: /home/fourdds/ws/install/gazebo_ros/share/gazebo_ros/package.xml
[3.255s] -- Up-to-date symlink: /home/fourdds/ws/install/gazebo_ros/include/gazebo_ros/conversions/builtin_interfaces.hpp
[3.255s] -- Up-to-date symlink: /home/fourdds/ws/install/gazebo_ros/include/gazebo_ros/conversions/gazebo_msgs.hpp
[3.256s] -- Up-to-date symlink: /home/fourdds/ws/install/gazebo_ros/include/gazebo_ros/conversions/generic.hpp
[3.257s] -- Up-to-date symlink: /home/fourdds/ws/install/gazebo_ros/include/gazebo_ros/conversions/geometry_msgs.hpp
[3.257s] -- Up-to-date symlink: /home/fourdds/ws/install/gazebo_ros/include/gazebo_ros/conversions/sensor_msgs.hpp
[3.258s] -- Up-to-date symlink: /home/fourdds/ws/install/gazebo_ros/include/gazebo_ros/executor.hpp
[3.259s] -- Up-to-date symlink: /home/fourdds/ws/install/gazebo_ros/include/gazebo_ros/gazebo_ros_factory.hpp
[3.259s] -- Up-to-date symlink: /home/fourdds/ws/install/gazebo_ros/include/gazebo_ros/gazebo_ros_force_system.hpp
[3.260s] -- Up-to-date symlink: /home/fourdds/ws/install/gazebo_ros/include/gazebo_ros/gazebo_ros_init.hpp
[3.261s] -- Up-to-date symlink: /home/fourdds/ws/install/gazebo_ros/include/gazebo_ros/gazebo_ros_properties.hpp
[3.262s] -- Up-to-date symlink: /home/fourdds/ws/install/gazebo_ros/include/gazebo_ros/gazebo_ros_state.hpp
[3.262s] -- Up-to-date symlink: /home/fourdds/ws/install/gazebo_ros/include/gazebo_ros/node.hpp
[3.263s] -- Up-to-date symlink: /home/fourdds/ws/install/gazebo_ros/include/gazebo_ros/node_visibility_control.h
[3.263s] -- Up-to-date symlink: /home/fourdds/ws/install/gazebo_ros/include/gazebo_ros/qos.hpp
[3.264s] -- Up-to-date symlink: /home/fourdds/ws/install/gazebo_ros/include/gazebo_ros/testing_utils.hpp
[3.264s] -- Up-to-date symlink: /home/fourdds/ws/install/gazebo_ros/include/gazebo_ros/utils.hpp
[3.265s] -- Up-to-date symlink: /home/fourdds/ws/install/gazebo_ros/include/gazebo_ros/utils_visibility_control.h
[3.266s] -- Up-to-date symlink: /home/fourdds/ws/install/gazebo_ros/lib/gazebo_ros//gazebo_ros_paths.py
[3.267s] -- Up-to-date symlink: /home/fourdds/ws/install/gazebo_ros/lib/libgazebo_ros_factory.so
[3.267s] -- Up-to-date symlink: /home/fourdds/ws/install/gazebo_ros/lib/libgazebo_ros_force_system.so
[3.267s] -- Up-to-date symlink: /home/fourdds/ws/install/gazebo_ros/lib/libgazebo_ros_init.so
[3.267s] -- Up-to-date symlink: /home/fourdds/ws/install/gazebo_ros/lib/libgazebo_ros_node.so
[3.267s] -- Up-to-date symlink: /home/fourdds/ws/install/gazebo_ros/lib/libgazebo_ros_properties.so
[3.268s] -- Up-to-date symlink: /home/fourdds/ws/install/gazebo_ros/lib/libgazebo_ros_state.so
[3.268s] -- Up-to-date symlink: /home/fourdds/ws/install/gazebo_ros/lib/libgazebo_ros_utils.so
[3.269s] -- Up-to-date symlink: /home/fourdds/ws/install/gazebo_ros/lib/gazebo_ros//spawn_entity.py
[3.270s] -- Up-to-date symlink: /home/fourdds/ws/install/gazebo_ros/share/gazebo_ros//launch/gazebo.launch.py
[3.270s] -- Up-to-date symlink: /home/fourdds/ws/install/gazebo_ros/share/gazebo_ros//launch/gzclient.launch.py
[3.272s] -- Up-to-date symlink: /home/fourdds/ws/install/gazebo_ros/share/gazebo_ros//launch/gzserver.launch.py
[3.272s] -- Up-to-date symlink: /home/fourdds/ws/install/gazebo_ros/share/gazebo_ros//launch/spawn_entity_demo.launch.py
[3.273s] -- Up-to-date symlink: /home/fourdds/ws/install/gazebo_ros/share/gazebo_ros//worlds/empty.world
[3.274s] -- Up-to-date symlink: /home/fourdds/ws/install/gazebo_ros/share/gazebo_ros//worlds/gazebo_ros_force_system_demo.world
[3.274s] -- Up-to-date symlink: /home/fourdds/ws/install/gazebo_ros/share/gazebo_ros//worlds/gazebo_ros_properties_demo.world
[3.275s] -- Up-to-date symlink: /home/fourdds/ws/install/gazebo_ros/share/gazebo_ros//worlds/gazebo_ros_state_demo.world
[3.304s] Listing '/home/fourdds/ws/install/gazebo_ros/local/lib/python3.10/dist-packages/scripts'...
[3.314s] Invoked command in '/home/fourdds/ws/build/gazebo_ros' returned '0': AMENT_PREFIX_PATH=/home/fourdds/ws/install/gazebo_msgs:/home/fourdds/ws/install/gazebo_dev:${AMENT_PREFIX_PATH} CMAKE_PREFIX_PATH=/home/fourdds/ws/install/gazebo_msgs:/home/fourdds/ws/install/gazebo_dev:/opt/ros/humble LD_LIBRARY_PATH=/home/fourdds/ws/install/gazebo_msgs/lib:${LD_LIBRARY_PATH} PYTHONPATH=/home/fourdds/ws/install/gazebo_msgs/local/lib/python3.10/dist-packages:${PYTHONPATH} /usr/bin/cmake --install /home/fourdds/ws/build/gazebo_ros
