[0.039s] Invoking command in '/home/fourdds/ws/build/cv_bridge': CMAKE_PREFIX_PATH=/opt/ros/humble /usr/bin/cmake --build /home/fourdds/ws/build/cv_bridge -- -j16 -l16
[0.203s] [ 12%] Built target gtest_main
[0.212s] [ 12%] Built target ament_cmake_python_symlink_cv_bridge
[0.214s] [ 25%] Built target gtest
[0.230s] [ 43%] Built target cv_bridge
[0.300s] [ 81%] Built target cv_bridge-utest
[0.397s] [100%] Built target cv_bridge_boost
[0.695s] running egg_info
[0.733s] writing cv_bridge.egg-info/PKG-INFO
[0.736s] writing dependency_links to cv_bridge.egg-info/dependency_links.txt
[0.738s] writing top-level names to cv_bridge.egg-info/top_level.txt
[0.832s] reading manifest file 'cv_bridge.egg-info/SOURCES.txt'
[0.835s] writing manifest file 'cv_bridge.egg-info/SOURCES.txt'
[0.995s] [100%] Built target ament_cmake_python_build_cv_bridge_egg
[1.022s] Invoked command in '/home/fourdds/ws/build/cv_bridge' returned '0': CMAKE_PREFIX_PATH=/opt/ros/humble /usr/bin/cmake --build /home/fourdds/ws/build/cv_bridge -- -j16 -l16
[1.093s] Invoking command in '/home/fourdds/ws/build/cv_bridge': CMAKE_PREFIX_PATH=/opt/ros/humble /usr/bin/cmake --install /home/fourdds/ws/build/cv_bridge
[1.104s] -- Install configuration: ""
[1.105s] -- Execute custom install script
[1.106s] -- Up-to-date symlink: /home/fourdds/ws/install/cv_bridge/share/cv_bridge/environment/pythonpath.sh
[1.106s] -- Up-to-date symlink: /home/fourdds/ws/install/cv_bridge/share/cv_bridge/environment/pythonpath.dsv
[1.106s] -- Up-to-date symlink: /home/fourdds/ws/install/cv_bridge/local/lib/python3.10/dist-packages/cv_bridge-3.2.1-py3.10.egg-info/PKG-INFO
[1.107s] -- Up-to-date symlink: /home/fourdds/ws/install/cv_bridge/local/lib/python3.10/dist-packages/cv_bridge-3.2.1-py3.10.egg-info/SOURCES.txt
[1.107s] -- Up-to-date symlink: /home/fourdds/ws/install/cv_bridge/local/lib/python3.10/dist-packages/cv_bridge-3.2.1-py3.10.egg-info/dependency_links.txt
[1.107s] -- Up-to-date symlink: /home/fourdds/ws/install/cv_bridge/local/lib/python3.10/dist-packages/cv_bridge-3.2.1-py3.10.egg-info/top_level.txt
[1.108s] -- Up-to-date symlink: /home/fourdds/ws/install/cv_bridge/local/lib/python3.10/dist-packages/cv_bridge/__init__.py
[1.110s] -- Up-to-date symlink: /home/fourdds/ws/install/cv_bridge/local/lib/python3.10/dist-packages/cv_bridge/core.py
[1.110s] -- Up-to-date symlink: /home/fourdds/ws/install/cv_bridge/include/cv_bridge/cv_bridge/cv_bridge_export.h
[1.111s] -- Up-to-date symlink: /home/fourdds/ws/install/cv_bridge/local/lib/python3.10/dist-packages/cv_bridge/boost//cv_bridge_boost.so
[1.112s] -- Up-to-date symlink: /home/fourdds/ws/install/cv_bridge/include/cv_bridge/cv_bridge/cv_bridge.h
[1.112s] -- Up-to-date symlink: /home/fourdds/ws/install/cv_bridge/include/cv_bridge/cv_bridge/rgb_colors.h
[1.114s] -- Up-to-date symlink: /home/fourdds/ws/install/cv_bridge/lib/libcv_bridge.so
[1.114s] -- Up-to-date symlink: /home/fourdds/ws/install/cv_bridge/share/ament_index/resource_index/package_run_dependencies/cv_bridge
[1.115s] -- Up-to-date symlink: /home/fourdds/ws/install/cv_bridge/share/ament_index/resource_index/parent_prefix_path/cv_bridge
[1.115s] -- Up-to-date symlink: /home/fourdds/ws/install/cv_bridge/share/cv_bridge/environment/ament_prefix_path.sh
[1.116s] -- Up-to-date symlink: /home/fourdds/ws/install/cv_bridge/share/cv_bridge/environment/ament_prefix_path.dsv
[1.116s] -- Up-to-date symlink: /home/fourdds/ws/install/cv_bridge/share/cv_bridge/environment/path.sh
[1.116s] -- Up-to-date symlink: /home/fourdds/ws/install/cv_bridge/share/cv_bridge/environment/path.dsv
[1.117s] -- Up-to-date symlink: /home/fourdds/ws/install/cv_bridge/share/cv_bridge/local_setup.bash
[1.117s] -- Up-to-date symlink: /home/fourdds/ws/install/cv_bridge/share/cv_bridge/local_setup.sh
[1.117s] -- Up-to-date symlink: /home/fourdds/ws/install/cv_bridge/share/cv_bridge/local_setup.zsh
[1.117s] -- Up-to-date symlink: /home/fourdds/ws/install/cv_bridge/share/cv_bridge/local_setup.dsv
[1.118s] -- Symlinking: /home/fourdds/ws/install/cv_bridge/share/cv_bridge/package.dsv
[1.137s] -- Up-to-date symlink: /home/fourdds/ws/install/cv_bridge/share/ament_index/resource_index/packages/cv_bridge
[1.137s] -- Up-to-date symlink: /home/fourdds/ws/install/cv_bridge/share/cv_bridge/cmake/cv_bridge-extras.cmake
[1.137s] -- Up-to-date symlink: /home/fourdds/ws/install/cv_bridge/share/cv_bridge/cmake/ament_cmake_export_dependencies-extras.cmake
[1.138s] -- Up-to-date symlink: /home/fourdds/ws/install/cv_bridge/share/cv_bridge/cmake/ament_cmake_export_targets-extras.cmake
[1.139s] -- Up-to-date symlink: /home/fourdds/ws/install/cv_bridge/share/cv_bridge/cmake/cv_bridgeConfig.cmake
[1.139s] -- Up-to-date symlink: /home/fourdds/ws/install/cv_bridge/share/cv_bridge/cmake/cv_bridgeConfig-version.cmake
[1.140s] -- Up-to-date symlink: /home/fourdds/ws/install/cv_bridge/share/cv_bridge/package.xml
[1.239s] Listing '/home/fourdds/ws/install/cv_bridge/local/lib/python3.10/dist-packages/cv_bridge'...
[1.239s] Listing '/home/fourdds/ws/install/cv_bridge/local/lib/python3.10/dist-packages/cv_bridge/boost'...
[1.269s] -- Up-to-date: /home/fourdds/ws/install/cv_bridge/share/cv_bridge/cmake/export_cv_bridgeExport.cmake
[1.274s] -- Up-to-date: /home/fourdds/ws/install/cv_bridge/share/cv_bridge/cmake/export_cv_bridgeExport-noconfig.cmake
[1.275s] Invoked command in '/home/fourdds/ws/build/cv_bridge' returned '0': CMAKE_PREFIX_PATH=/opt/ros/humble /usr/bin/cmake --install /home/fourdds/ws/build/cv_bridge
