[0.009s] Invoking command in '/home/fourdds/ros2_ws/build/drone': CMAKE_PREFIX_PATH=${CMAKE_PREFIX_PATH}:/home/fourdds/ros2_ws/install/analysis:/home/fourdds/ws/install/opencv_tests:/opt/ros/humble /usr/bin/cmake --build /home/fourdds/ros2_ws/build/drone -- -j24 -l24
[0.043s] [100%] Built target Drone
[0.051s] Invoked command in '/home/fourdds/ros2_ws/build/drone' returned '0': CMAKE_PREFIX_PATH=${CMAKE_PREFIX_PATH}:/home/fourdds/ros2_ws/install/analysis:/home/fourdds/ws/install/opencv_tests:/opt/ros/humble /usr/bin/cmake --build /home/fourdds/ros2_ws/build/drone -- -j24 -l24
[0.072s] Invoking command in '/home/fourdds/ros2_ws/build/drone': CMAKE_PREFIX_PATH=${CMAKE_PREFIX_PATH}:/home/fourdds/ros2_ws/install/analysis:/home/fourdds/ws/install/opencv_tests:/opt/ros/humble /usr/bin/cmake --install /home/fourdds/ros2_ws/build/drone
[0.078s] -- Install configuration: ""
[0.078s] -- Up-to-date: /home/fourdds/ros2_ws/install/drone/lib/drone/Drone
[0.078s] -- Up-to-date: /home/fourdds/ros2_ws/install/drone/share/ament_index/resource_index/package_run_dependencies/drone
[0.078s] -- Up-to-date: /home/fourdds/ros2_ws/install/drone/share/ament_index/resource_index/parent_prefix_path/drone
[0.079s] -- Up-to-date: /home/fourdds/ros2_ws/install/drone/share/drone/environment/ament_prefix_path.sh
[0.079s] -- Up-to-date: /home/fourdds/ros2_ws/install/drone/share/drone/environment/ament_prefix_path.dsv
[0.079s] -- Up-to-date: /home/fourdds/ros2_ws/install/drone/share/drone/environment/path.sh
[0.079s] -- Up-to-date: /home/fourdds/ros2_ws/install/drone/share/drone/environment/path.dsv
[0.079s] -- Up-to-date: /home/fourdds/ros2_ws/install/drone/share/drone/local_setup.bash
[0.080s] -- Up-to-date: /home/fourdds/ros2_ws/install/drone/share/drone/local_setup.sh
[0.080s] -- Up-to-date: /home/fourdds/ros2_ws/install/drone/share/drone/local_setup.zsh
[0.080s] -- Up-to-date: /home/fourdds/ros2_ws/install/drone/share/drone/local_setup.dsv
[0.080s] -- Installing: /home/fourdds/ros2_ws/install/drone/share/drone/package.dsv
[0.080s] -- Up-to-date: /home/fourdds/ros2_ws/install/drone/share/ament_index/resource_index/packages/drone
[0.080s] -- Up-to-date: /home/fourdds/ros2_ws/install/drone/share/drone/cmake/droneConfig.cmake
[0.080s] -- Up-to-date: /home/fourdds/ros2_ws/install/drone/share/drone/cmake/droneConfig-version.cmake
[0.081s] -- Up-to-date: /home/fourdds/ros2_ws/install/drone/share/drone/package.xml
[0.081s] Invoked command in '/home/fourdds/ros2_ws/build/drone' returned '0': CMAKE_PREFIX_PATH=${CMAKE_PREFIX_PATH}:/home/fourdds/ros2_ws/install/analysis:/home/fourdds/ws/install/opencv_tests:/opt/ros/humble /usr/bin/cmake --install /home/fourdds/ros2_ws/build/drone
