[0.008s] Invoking command in '/home/fourdds/ros2_ws/build/parameters': CMAKE_PREFIX_PATH=${CMAKE_PREFIX_PATH}:/opt/ros/humble /usr/bin/cmake --build /home/fourdds/ros2_ws/build/parameters -- -j24 -l24
[0.018s] -- Found ament_cmake: 1.3.8 (/opt/ros/humble/share/ament_cmake/cmake)
[0.085s] -- Found ament_lint_auto: 0.12.10 (/opt/ros/humble/share/ament_lint_auto/cmake)
[0.122s] -- Added test 'cppcheck' to perform static code analysis on C / C++ code
[0.122s] -- Configured cppcheck include dirs: $<BUILD_INTERFACE:/home/fourdds/ros2_ws/src/parameters/include>
[0.122s] -- Configured cppcheck exclude dirs and/or files: 
[0.122s] -- Added test 'lint_cmake' to check CMake code style
[0.122s] -- Added test 'uncrustify' to check C / C++ code style
[0.122s] -- Configured uncrustify additional arguments: 
[0.122s] -- Added test 'xmllint' to check XML markup files
[0.124s] -- Configuring done
[0.129s] -- Generating done
[0.129s] -- Build files have been written to: /home/fourdds/ros2_ws/build/parameters
[0.138s] [35m[1mConsolidate compiler generated dependencies of target Parameters[0m
[0.144s] [100%] Built target Parameters
[0.148s] Invoked command in '/home/fourdds/ros2_ws/build/parameters' returned '0': CMAKE_PREFIX_PATH=${CMAKE_PREFIX_PATH}:/opt/ros/humble /usr/bin/cmake --build /home/fourdds/ros2_ws/build/parameters -- -j24 -l24
[0.166s] Invoking command in '/home/fourdds/ros2_ws/build/parameters': CMAKE_PREFIX_PATH=${CMAKE_PREFIX_PATH}:/opt/ros/humble /usr/bin/cmake --install /home/fourdds/ros2_ws/build/parameters
[0.169s] -- Install configuration: ""
[0.169s] -- Up-to-date: /home/fourdds/ros2_ws/install/parameters/share/parameters/environment/library_path.sh
[0.169s] -- Installing: /home/fourdds/ros2_ws/install/parameters/share/parameters/environment/library_path.dsv
[0.169s] -- Up-to-date: /home/fourdds/ros2_ws/install/parameters/include/parameters
[0.170s] -- Up-to-date: /home/fourdds/ros2_ws/install/parameters/include/parameters/yaml.hpp
[0.170s] -- Up-to-date: /home/fourdds/ros2_ws/install/parameters/include/parameters/Parameters.hpp
[0.170s] -- Up-to-date: /home/fourdds/ros2_ws/install/parameters/lib/libParameters.a
[0.170s] -- Up-to-date: /home/fourdds/ros2_ws/install/parameters/share/ament_index/resource_index/package_run_dependencies/parameters
[0.170s] -- Installing: /home/fourdds/ros2_ws/install/parameters/share/ament_index/resource_index/parent_prefix_path/parameters
[0.170s] -- Up-to-date: /home/fourdds/ros2_ws/install/parameters/share/parameters/environment/ament_prefix_path.sh
[0.170s] -- Installing: /home/fourdds/ros2_ws/install/parameters/share/parameters/environment/ament_prefix_path.dsv
[0.170s] -- Up-to-date: /home/fourdds/ros2_ws/install/parameters/share/parameters/environment/path.sh
[0.170s] -- Installing: /home/fourdds/ros2_ws/install/parameters/share/parameters/environment/path.dsv
[0.170s] -- Up-to-date: /home/fourdds/ros2_ws/install/parameters/share/parameters/local_setup.bash
[0.170s] -- Up-to-date: /home/fourdds/ros2_ws/install/parameters/share/parameters/local_setup.sh
[0.170s] -- Up-to-date: /home/fourdds/ros2_ws/install/parameters/share/parameters/local_setup.zsh
[0.170s] -- Installing: /home/fourdds/ros2_ws/install/parameters/share/parameters/local_setup.dsv
[0.170s] -- Installing: /home/fourdds/ros2_ws/install/parameters/share/parameters/package.dsv
[0.170s] -- Up-to-date: /home/fourdds/ros2_ws/install/parameters/share/ament_index/resource_index/packages/parameters
[0.170s] -- Up-to-date: /home/fourdds/ros2_ws/install/parameters/share/parameters/cmake/ament_cmake_export_include_directories-extras.cmake
[0.171s] -- Up-to-date: /home/fourdds/ros2_ws/install/parameters/share/parameters/cmake/ament_cmake_export_libraries-extras.cmake
[0.171s] -- Up-to-date: /home/fourdds/ros2_ws/install/parameters/share/parameters/cmake/parametersConfig.cmake
[0.171s] -- Up-to-date: /home/fourdds/ros2_ws/install/parameters/share/parameters/cmake/parametersConfig-version.cmake
[0.171s] -- Up-to-date: /home/fourdds/ros2_ws/install/parameters/share/parameters/package.xml
[0.171s] Invoked command in '/home/fourdds/ros2_ws/build/parameters' returned '0': CMAKE_PREFIX_PATH=${CMAKE_PREFIX_PATH}:/opt/ros/humble /usr/bin/cmake --install /home/fourdds/ros2_ws/build/parameters
