[0.782s] Invoking command in '/home/fourdds/ros2_ws/build/stigmergy_map': CMAKE_PREFIX_PATH=/opt/ros/humble /usr/bin/cmake --build /home/fourdds/ros2_ws/build/stigmergy_map -- -j16 -l16
[0.919s] [100%] Built target StigmergyMap
[0.999s] Invoked command in '/home/fourdds/ros2_ws/build/stigmergy_map' returned '0': CMAKE_PREFIX_PATH=/opt/ros/humble /usr/bin/cmake --build /home/fourdds/ros2_ws/build/stigmergy_map -- -j16 -l16
[1.129s] Invoking command in '/home/fourdds/ros2_ws/build/stigmergy_map': CMAKE_PREFIX_PATH=/opt/ros/humble /usr/bin/cmake --install /home/fourdds/ros2_ws/build/stigmergy_map
[1.151s] -- Install configuration: ""
[1.151s] -- Execute custom install script
[1.151s] -- Up-to-date symlink: /home/fourdds/ros2_ws/install/stigmergy_map/lib/stigmergy_map/StigmergyMap
[1.151s] -- Up-to-date symlink: /home/fourdds/ros2_ws/install/stigmergy_map/share/ament_index/resource_index/package_run_dependencies/stigmergy_map
[1.152s] -- Up-to-date symlink: /home/fourdds/ros2_ws/install/stigmergy_map/share/ament_index/resource_index/parent_prefix_path/stigmergy_map
[1.152s] -- Up-to-date symlink: /home/fourdds/ros2_ws/install/stigmergy_map/share/stigmergy_map/environment/ament_prefix_path.sh
[1.153s] -- Up-to-date symlink: /home/fourdds/ros2_ws/install/stigmergy_map/share/stigmergy_map/environment/ament_prefix_path.dsv
[1.154s] -- Up-to-date symlink: /home/fourdds/ros2_ws/install/stigmergy_map/share/stigmergy_map/environment/path.sh
[1.165s] -- Up-to-date symlink: /home/fourdds/ros2_ws/install/stigmergy_map/share/stigmergy_map/environment/path.dsv
[1.166s] -- Up-to-date symlink: /home/fourdds/ros2_ws/install/stigmergy_map/share/stigmergy_map/local_setup.bash
[1.166s] -- Up-to-date symlink: /home/fourdds/ros2_ws/install/stigmergy_map/share/stigmergy_map/local_setup.sh
[1.166s] -- Up-to-date symlink: /home/fourdds/ros2_ws/install/stigmergy_map/share/stigmergy_map/local_setup.zsh
[1.166s] -- Up-to-date symlink: /home/fourdds/ros2_ws/install/stigmergy_map/share/stigmergy_map/local_setup.dsv
[1.166s] -- Symlinking: /home/fourdds/ros2_ws/install/stigmergy_map/share/stigmergy_map/package.dsv
[1.191s] -- Up-to-date symlink: /home/fourdds/ros2_ws/install/stigmergy_map/share/ament_index/resource_index/packages/stigmergy_map
[1.192s] -- Up-to-date symlink: /home/fourdds/ros2_ws/install/stigmergy_map/share/stigmergy_map/cmake/stigmergy_mapConfig.cmake
[1.192s] -- Up-to-date symlink: /home/fourdds/ros2_ws/install/stigmergy_map/share/stigmergy_map/cmake/stigmergy_mapConfig-version.cmake
[1.193s] -- Up-to-date symlink: /home/fourdds/ros2_ws/install/stigmergy_map/share/stigmergy_map/package.xml
[1.289s] Invoked command in '/home/fourdds/ros2_ws/build/stigmergy_map' returned '0': CMAKE_PREFIX_PATH=/opt/ros/humble /usr/bin/cmake --install /home/fourdds/ros2_ws/build/stigmergy_map
