[0.107s] Invoking command in '/home/fourdds/ros2_ws/build/parameters': CMAKE_PREFIX_PATH=/opt/ros/humble /usr/bin/cmake --build /home/fourdds/ros2_ws/build/parameters -- -j16 -l16
[0.649s] [ 33%] [32mBuilding CXX object CMakeFiles/Parameters.dir/src/Parameters.cpp.o[0m
[1.340s] [ 66%] [32m[1mLinking CXX static library libParameters.a[0m
[1.412s] [100%] Built target Parameters
[1.436s] Invoked command in '/home/fourdds/ros2_ws/build/parameters' returned '0': CMAKE_PREFIX_PATH=/opt/ros/humble /usr/bin/cmake --build /home/fourdds/ros2_ws/build/parameters -- -j16 -l16
[1.497s] Invoking command in '/home/fourdds/ros2_ws/build/parameters': CMAKE_PREFIX_PATH=/opt/ros/humble /usr/bin/cmake --install /home/fourdds/ros2_ws/build/parameters
[1.513s] -- Install configuration: ""
[1.514s] -- Execute custom install script
[1.515s] -- Up-to-date symlink: /home/fourdds/ros2_ws/install/parameters/share/parameters/environment/library_path.sh
[1.515s] -- Up-to-date symlink: /home/fourdds/ros2_ws/install/parameters/share/parameters/environment/library_path.dsv
[1.516s] -- Up-to-date symlink: /home/fourdds/ros2_ws/install/parameters/include/parameters/Parameters.hpp
[1.516s] -- Up-to-date symlink: /home/fourdds/ros2_ws/install/parameters/include/parameters/yaml.hpp
[1.517s] -- Up-to-date symlink: /home/fourdds/ros2_ws/install/parameters/share/ament_index/resource_index/package_run_dependencies/parameters
[1.518s] -- Up-to-date symlink: /home/fourdds/ros2_ws/install/parameters/share/ament_index/resource_index/parent_prefix_path/parameters
[1.519s] -- Up-to-date symlink: /home/fourdds/ros2_ws/install/parameters/share/parameters/environment/ament_prefix_path.sh
[1.520s] -- Up-to-date symlink: /home/fourdds/ros2_ws/install/parameters/share/parameters/environment/ament_prefix_path.dsv
[1.521s] -- Up-to-date symlink: /home/fourdds/ros2_ws/install/parameters/share/parameters/environment/path.sh
[1.521s] -- Up-to-date symlink: /home/fourdds/ros2_ws/install/parameters/share/parameters/environment/path.dsv
[1.521s] -- Up-to-date symlink: /home/fourdds/ros2_ws/install/parameters/share/parameters/local_setup.bash
[1.521s] -- Up-to-date symlink: /home/fourdds/ros2_ws/install/parameters/share/parameters/local_setup.sh
[1.522s] -- Up-to-date symlink: /home/fourdds/ros2_ws/install/parameters/share/parameters/local_setup.zsh
[1.522s] -- Up-to-date symlink: /home/fourdds/ros2_ws/install/parameters/share/parameters/local_setup.dsv
[1.522s] -- Symlinking: /home/fourdds/ros2_ws/install/parameters/share/parameters/package.dsv
[1.538s] -- Up-to-date symlink: /home/fourdds/ros2_ws/install/parameters/share/ament_index/resource_index/packages/parameters
[1.539s] -- Up-to-date symlink: /home/fourdds/ros2_ws/install/parameters/share/parameters/cmake/ament_cmake_export_include_directories-extras.cmake
[1.540s] -- Up-to-date symlink: /home/fourdds/ros2_ws/install/parameters/share/parameters/cmake/ament_cmake_export_libraries-extras.cmake
[1.541s] -- Up-to-date symlink: /home/fourdds/ros2_ws/install/parameters/share/parameters/cmake/parametersConfig.cmake
[1.541s] -- Up-to-date symlink: /home/fourdds/ros2_ws/install/parameters/share/parameters/cmake/parametersConfig-version.cmake
[1.541s] -- Up-to-date symlink: /home/fourdds/ros2_ws/install/parameters/share/parameters/package.xml
[1.541s] -- Installing: /home/fourdds/ros2_ws/install/parameters/lib/libParameters.a
[1.556s] Invoked command in '/home/fourdds/ros2_ws/build/parameters' returned '0': CMAKE_PREFIX_PATH=/opt/ros/humble /usr/bin/cmake --install /home/fourdds/ros2_ws/build/parameters
