[0.088s] DEBUG:colcon:Command line arguments: ['/usr/bin/colcon', 'build', '--continue-on-error', '--symlink-install', '--event-handlers', 'console_cohesion+']
[0.089s] DEBUG:colcon:Parsed command line arguments: Namespace(log_base=None, log_level=None, verb_name='build', build_base='build', install_base='install', merge_install=False, symlink_install=True, test_result_base=None, continue_on_error=True, executor='parallel', parallel_workers=16, event_handlers=['console_cohesion+'], ignore_user_meta=False, metas=['./colcon.meta'], base_paths=['.'], packages_ignore=None, packages_ignore_regex=None, paths=None, packages_up_to=None, packages_up_to_regex=None, packages_above=None, packages_above_and_dependencies=None, packages_above_depth=None, packages_select_by_dep=None, packages_skip_by_dep=None, packages_skip_up_to=None, packages_select_build_failed=False, packages_skip_build_finished=False, packages_select_test_failures=False, packages_skip_test_passed=False, packages_select=None, packages_skip=None, packages_select_regex=None, packages_skip_regex=None, packages_start=None, packages_end=None, allow_overriding=[], cmake_args=None, cmake_target=None, cmake_target_skip_unavailable=False, cmake_clean_cache=False, cmake_clean_first=False, cmake_force_configure=False, ament_cmake_args=None, catkin_cmake_args=None, catkin_skip_building_tests=False, mixin_files=None, mixin=None, verb_parser=<colcon_mixin.mixin.mixin_argument.MixinArgumentDecorator object at 0x7f4257cb2a70>, verb_extension=<colcon_core.verb.build.BuildVerb object at 0x7f4257dab310>, main=<bound method BuildVerb.main of <colcon_core.verb.build.BuildVerb object at 0x7f4257dab310>>, mixin_verb=('build',))
[0.119s] Level 1:colcon.colcon_core.package_discovery:discover_packages(colcon_meta) check parameters
[0.119s] Level 1:colcon.colcon_core.package_discovery:discover_packages(recursive) check parameters
[0.119s] Level 1:colcon.colcon_core.package_discovery:discover_packages(ignore) check parameters
[0.119s] Level 1:colcon.colcon_core.package_discovery:discover_packages(path) check parameters
[0.119s] Level 1:colcon.colcon_core.package_discovery:discover_packages(colcon_meta) discover
[0.119s] Level 1:colcon.colcon_core.package_discovery:discover_packages(recursive) discover
[0.119s] INFO:colcon.colcon_core.package_discovery:Crawling recursively for packages in '/home/fourdds/ros2_ws'
[0.119s] Level 1:colcon.colcon_core.package_identification:_identify(.) by extensions ['ignore', 'ignore_ament_install']
[0.119s] Level 1:colcon.colcon_core.package_identification:_identify(.) by extension 'ignore'
[0.119s] Level 1:colcon.colcon_core.package_identification:_identify(.) by extension 'ignore_ament_install'
[0.119s] Level 1:colcon.colcon_core.package_identification:_identify(.) by extensions ['colcon_pkg']
[0.119s] Level 1:colcon.colcon_core.package_identification:_identify(.) by extension 'colcon_pkg'
[0.119s] Level 1:colcon.colcon_core.package_identification:_identify(.) by extensions ['colcon_meta']
[0.119s] Level 1:colcon.colcon_core.package_identification:_identify(.) by extension 'colcon_meta'
[0.120s] Level 1:colcon.colcon_core.package_identification:_identify(.) by extensions ['ros']
[0.120s] Level 1:colcon.colcon_core.package_identification:_identify(.) by extension 'ros'
[0.131s] Level 1:colcon.colcon_core.package_identification:_identify(.) by extensions ['cmake', 'python']
[0.132s] Level 1:colcon.colcon_core.package_identification:_identify(.) by extension 'cmake'
[0.132s] Level 1:colcon.colcon_core.package_identification:_identify(.) by extension 'python'
[0.132s] Level 1:colcon.colcon_core.package_identification:_identify(.) by extensions ['python_setup_py']
[0.132s] Level 1:colcon.colcon_core.package_identification:_identify(.) by extension 'python_setup_py'
[0.132s] Level 1:colcon.colcon_core.package_identification:_identify(build) by extensions ['ignore', 'ignore_ament_install']
[0.132s] Level 1:colcon.colcon_core.package_identification:_identify(build) by extension 'ignore'
[0.132s] Level 1:colcon.colcon_core.package_identification:_identify(build) ignored
[0.132s] Level 1:colcon.colcon_core.package_identification:_identify(install) by extensions ['ignore', 'ignore_ament_install']
[0.132s] Level 1:colcon.colcon_core.package_identification:_identify(install) by extension 'ignore'
[0.132s] Level 1:colcon.colcon_core.package_identification:_identify(install) ignored
[0.133s] Level 1:colcon.colcon_core.package_identification:_identify(log) by extensions ['ignore', 'ignore_ament_install']
[0.133s] Level 1:colcon.colcon_core.package_identification:_identify(log) by extension 'ignore'
[0.133s] Level 1:colcon.colcon_core.package_identification:_identify(log) ignored
[0.133s] Level 1:colcon.colcon_core.package_identification:_identify(src) by extensions ['ignore', 'ignore_ament_install']
[0.133s] Level 1:colcon.colcon_core.package_identification:_identify(src) by extension 'ignore'
[0.133s] Level 1:colcon.colcon_core.package_identification:_identify(src) by extension 'ignore_ament_install'
[0.133s] Level 1:colcon.colcon_core.package_identification:_identify(src) by extensions ['colcon_pkg']
[0.134s] Level 1:colcon.colcon_core.package_identification:_identify(src) by extension 'colcon_pkg'
[0.134s] Level 1:colcon.colcon_core.package_identification:_identify(src) by extensions ['colcon_meta']
[0.134s] Level 1:colcon.colcon_core.package_identification:_identify(src) by extension 'colcon_meta'
[0.134s] Level 1:colcon.colcon_core.package_identification:_identify(src) by extensions ['ros']
[0.134s] Level 1:colcon.colcon_core.package_identification:_identify(src) by extension 'ros'
[0.134s] Level 1:colcon.colcon_core.package_identification:_identify(src) by extensions ['cmake', 'python']
[0.134s] Level 1:colcon.colcon_core.package_identification:_identify(src) by extension 'cmake'
[0.134s] Level 1:colcon.colcon_core.package_identification:_identify(src) by extension 'python'
[0.134s] Level 1:colcon.colcon_core.package_identification:_identify(src) by extensions ['python_setup_py']
[0.134s] Level 1:colcon.colcon_core.package_identification:_identify(src) by extension 'python_setup_py'
[0.134s] Level 1:colcon.colcon_core.package_identification:_identify(src/analysis) by extensions ['ignore', 'ignore_ament_install']
[0.134s] Level 1:colcon.colcon_core.package_identification:_identify(src/analysis) by extension 'ignore'
[0.134s] Level 1:colcon.colcon_core.package_identification:_identify(src/analysis) by extension 'ignore_ament_install'
[0.134s] Level 1:colcon.colcon_core.package_identification:_identify(src/analysis) by extensions ['colcon_pkg']
[0.134s] Level 1:colcon.colcon_core.package_identification:_identify(src/analysis) by extension 'colcon_pkg'
[0.134s] Level 1:colcon.colcon_core.package_identification:_identify(src/analysis) by extensions ['colcon_meta']
[0.134s] Level 1:colcon.colcon_core.package_identification:_identify(src/analysis) by extension 'colcon_meta'
[0.134s] Level 1:colcon.colcon_core.package_identification:_identify(src/analysis) by extensions ['ros']
[0.134s] Level 1:colcon.colcon_core.package_identification:_identify(src/analysis) by extension 'ros'
[0.136s] DEBUG:colcon.colcon_core.package_identification:Package 'src/analysis' with type 'ros.ament_python' and name 'analysis'
[0.136s] Level 1:colcon.colcon_core.package_identification:_identify(src/base_station) by extensions ['ignore', 'ignore_ament_install']
[0.136s] Level 1:colcon.colcon_core.package_identification:_identify(src/base_station) by extension 'ignore'
[0.136s] Level 1:colcon.colcon_core.package_identification:_identify(src/base_station) by extension 'ignore_ament_install'
[0.137s] Level 1:colcon.colcon_core.package_identification:_identify(src/base_station) by extensions ['colcon_pkg']
[0.137s] Level 1:colcon.colcon_core.package_identification:_identify(src/base_station) by extension 'colcon_pkg'
[0.137s] Level 1:colcon.colcon_core.package_identification:_identify(src/base_station) by extensions ['colcon_meta']
[0.137s] Level 1:colcon.colcon_core.package_identification:_identify(src/base_station) by extension 'colcon_meta'
[0.137s] Level 1:colcon.colcon_core.package_identification:_identify(src/base_station) by extensions ['ros']
[0.137s] Level 1:colcon.colcon_core.package_identification:_identify(src/base_station) by extension 'ros'
[0.137s] DEBUG:colcon.colcon_core.package_identification:Package 'src/base_station' with type 'ros.ament_cmake' and name 'base_station'
[0.137s] Level 1:colcon.colcon_core.package_identification:_identify(src/drone) by extensions ['ignore', 'ignore_ament_install']
[0.137s] Level 1:colcon.colcon_core.package_identification:_identify(src/drone) by extension 'ignore'
[0.137s] Level 1:colcon.colcon_core.package_identification:_identify(src/drone) by extension 'ignore_ament_install'
[0.137s] Level 1:colcon.colcon_core.package_identification:_identify(src/drone) by extensions ['colcon_pkg']
[0.137s] Level 1:colcon.colcon_core.package_identification:_identify(src/drone) by extension 'colcon_pkg'
[0.137s] Level 1:colcon.colcon_core.package_identification:_identify(src/drone) by extensions ['colcon_meta']
[0.138s] Level 1:colcon.colcon_core.package_identification:_identify(src/drone) by extension 'colcon_meta'
[0.138s] Level 1:colcon.colcon_core.package_identification:_identify(src/drone) by extensions ['ros']
[0.138s] Level 1:colcon.colcon_core.package_identification:_identify(src/drone) by extension 'ros'
[0.138s] DEBUG:colcon.colcon_core.package_identification:Package 'src/drone' with type 'ros.ament_cmake' and name 'drone'
[0.138s] Level 1:colcon.colcon_core.package_identification:_identify(src/fdds_messages) by extensions ['ignore', 'ignore_ament_install']
[0.138s] Level 1:colcon.colcon_core.package_identification:_identify(src/fdds_messages) by extension 'ignore'
[0.138s] Level 1:colcon.colcon_core.package_identification:_identify(src/fdds_messages) by extension 'ignore_ament_install'
[0.138s] Level 1:colcon.colcon_core.package_identification:_identify(src/fdds_messages) by extensions ['colcon_pkg']
[0.138s] Level 1:colcon.colcon_core.package_identification:_identify(src/fdds_messages) by extension 'colcon_pkg'
[0.138s] Level 1:colcon.colcon_core.package_identification:_identify(src/fdds_messages) by extensions ['colcon_meta']
[0.138s] Level 1:colcon.colcon_core.package_identification:_identify(src/fdds_messages) by extension 'colcon_meta'
[0.139s] Level 1:colcon.colcon_core.package_identification:_identify(src/fdds_messages) by extensions ['ros']
[0.139s] Level 1:colcon.colcon_core.package_identification:_identify(src/fdds_messages) by extension 'ros'
[0.139s] DEBUG:colcon.colcon_core.package_identification:Package 'src/fdds_messages' with type 'ros.ament_cmake' and name 'fdds_messages'
[0.139s] Level 1:colcon.colcon_core.package_identification:_identify(src/log) by extensions ['ignore', 'ignore_ament_install']
[0.139s] Level 1:colcon.colcon_core.package_identification:_identify(src/log) by extension 'ignore'
[0.139s] Level 1:colcon.colcon_core.package_identification:_identify(src/log) ignored
[0.139s] Level 1:colcon.colcon_core.package_identification:_identify(src/obstacle_avoidance) by extensions ['ignore', 'ignore_ament_install']
[0.139s] Level 1:colcon.colcon_core.package_identification:_identify(src/obstacle_avoidance) by extension 'ignore'
[0.139s] Level 1:colcon.colcon_core.package_identification:_identify(src/obstacle_avoidance) by extension 'ignore_ament_install'
[0.139s] Level 1:colcon.colcon_core.package_identification:_identify(src/obstacle_avoidance) by extensions ['colcon_pkg']
[0.139s] Level 1:colcon.colcon_core.package_identification:_identify(src/obstacle_avoidance) by extension 'colcon_pkg'
[0.139s] Level 1:colcon.colcon_core.package_identification:_identify(src/obstacle_avoidance) by extensions ['colcon_meta']
[0.140s] Level 1:colcon.colcon_core.package_identification:_identify(src/obstacle_avoidance) by extension 'colcon_meta'
[0.140s] Level 1:colcon.colcon_core.package_identification:_identify(src/obstacle_avoidance) by extensions ['ros']
[0.140s] Level 1:colcon.colcon_core.package_identification:_identify(src/obstacle_avoidance) by extension 'ros'
[0.140s] DEBUG:colcon.colcon_core.package_identification:Package 'src/obstacle_avoidance' with type 'ros.ament_cmake' and name 'obstacle_avoidance'
[0.140s] Level 1:colcon.colcon_core.package_identification:_identify(src/parameters) by extensions ['ignore', 'ignore_ament_install']
[0.141s] Level 1:colcon.colcon_core.package_identification:_identify(src/parameters) by extension 'ignore'
[0.141s] Level 1:colcon.colcon_core.package_identification:_identify(src/parameters) by extension 'ignore_ament_install'
[0.141s] Level 1:colcon.colcon_core.package_identification:_identify(src/parameters) by extensions ['colcon_pkg']
[0.141s] Level 1:colcon.colcon_core.package_identification:_identify(src/parameters) by extension 'colcon_pkg'
[0.141s] Level 1:colcon.colcon_core.package_identification:_identify(src/parameters) by extensions ['colcon_meta']
[0.141s] Level 1:colcon.colcon_core.package_identification:_identify(src/parameters) by extension 'colcon_meta'
[0.141s] Level 1:colcon.colcon_core.package_identification:_identify(src/parameters) by extensions ['ros']
[0.141s] Level 1:colcon.colcon_core.package_identification:_identify(src/parameters) by extension 'ros'
[0.141s] DEBUG:colcon.colcon_core.package_identification:Package 'src/parameters' with type 'ros.ament_cmake' and name 'parameters'
[0.141s] Level 1:colcon.colcon_core.package_identification:_identify(src/px4_msgs) by extensions ['ignore', 'ignore_ament_install']
[0.141s] Level 1:colcon.colcon_core.package_identification:_identify(src/px4_msgs) by extension 'ignore'
[0.142s] Level 1:colcon.colcon_core.package_identification:_identify(src/px4_msgs) by extension 'ignore_ament_install'
[0.142s] Level 1:colcon.colcon_core.package_identification:_identify(src/px4_msgs) by extensions ['colcon_pkg']
[0.142s] Level 1:colcon.colcon_core.package_identification:_identify(src/px4_msgs) by extension 'colcon_pkg'
[0.142s] Level 1:colcon.colcon_core.package_identification:_identify(src/px4_msgs) by extensions ['colcon_meta']
[0.142s] Level 1:colcon.colcon_core.package_identification:_identify(src/px4_msgs) by extension 'colcon_meta'
[0.142s] Level 1:colcon.colcon_core.package_identification:_identify(src/px4_msgs) by extensions ['ros']
[0.142s] Level 1:colcon.colcon_core.package_identification:_identify(src/px4_msgs) by extension 'ros'
[0.142s] DEBUG:colcon.colcon_core.package_identification:Package 'src/px4_msgs' with type 'ros.ament_cmake' and name 'px4_msgs'
[0.143s] Level 1:colcon.colcon_core.package_identification:_identify(src/px4_ros_com) by extensions ['ignore', 'ignore_ament_install']
[0.143s] Level 1:colcon.colcon_core.package_identification:_identify(src/px4_ros_com) by extension 'ignore'
[0.143s] Level 1:colcon.colcon_core.package_identification:_identify(src/px4_ros_com) by extension 'ignore_ament_install'
[0.143s] Level 1:colcon.colcon_core.package_identification:_identify(src/px4_ros_com) by extensions ['colcon_pkg']
[0.143s] Level 1:colcon.colcon_core.package_identification:_identify(src/px4_ros_com) by extension 'colcon_pkg'
[0.143s] Level 1:colcon.colcon_core.package_identification:_identify(src/px4_ros_com) by extensions ['colcon_meta']
[0.143s] Level 1:colcon.colcon_core.package_identification:_identify(src/px4_ros_com) by extension 'colcon_meta'
[0.143s] Level 1:colcon.colcon_core.package_identification:_identify(src/px4_ros_com) by extensions ['ros']
[0.143s] Level 1:colcon.colcon_core.package_identification:_identify(src/px4_ros_com) by extension 'ros'
[0.144s] DEBUG:colcon.colcon_core.package_identification:Package 'src/px4_ros_com' with type 'ros.ament_cmake' and name 'px4_ros_com'
[0.144s] Level 1:colcon.colcon_core.package_identification:_identify(src/stigmergy) by extensions ['ignore', 'ignore_ament_install']
[0.144s] Level 1:colcon.colcon_core.package_identification:_identify(src/stigmergy) by extension 'ignore'
[0.144s] Level 1:colcon.colcon_core.package_identification:_identify(src/stigmergy) by extension 'ignore_ament_install'
[0.144s] Level 1:colcon.colcon_core.package_identification:_identify(src/stigmergy) by extensions ['colcon_pkg']
[0.144s] Level 1:colcon.colcon_core.package_identification:_identify(src/stigmergy) by extension 'colcon_pkg'
[0.144s] Level 1:colcon.colcon_core.package_identification:_identify(src/stigmergy) by extensions ['colcon_meta']
[0.144s] Level 1:colcon.colcon_core.package_identification:_identify(src/stigmergy) by extension 'colcon_meta'
[0.145s] Level 1:colcon.colcon_core.package_identification:_identify(src/stigmergy) by extensions ['ros']
[0.145s] Level 1:colcon.colcon_core.package_identification:_identify(src/stigmergy) by extension 'ros'
[0.145s] DEBUG:colcon.colcon_core.package_identification:Package 'src/stigmergy' with type 'ros.ament_cmake' and name 'stigmergy'
[0.146s] Level 1:colcon.colcon_core.package_identification:_identify(src/stigmergy_map) by extensions ['ignore', 'ignore_ament_install']
[0.146s] Level 1:colcon.colcon_core.package_identification:_identify(src/stigmergy_map) by extension 'ignore'
[0.146s] Level 1:colcon.colcon_core.package_identification:_identify(src/stigmergy_map) by extension 'ignore_ament_install'
[0.146s] Level 1:colcon.colcon_core.package_identification:_identify(src/stigmergy_map) by extensions ['colcon_pkg']
[0.146s] Level 1:colcon.colcon_core.package_identification:_identify(src/stigmergy_map) by extension 'colcon_pkg'
[0.146s] Level 1:colcon.colcon_core.package_identification:_identify(src/stigmergy_map) by extensions ['colcon_meta']
[0.146s] Level 1:colcon.colcon_core.package_identification:_identify(src/stigmergy_map) by extension 'colcon_meta'
[0.146s] Level 1:colcon.colcon_core.package_identification:_identify(src/stigmergy_map) by extensions ['ros']
[0.146s] Level 1:colcon.colcon_core.package_identification:_identify(src/stigmergy_map) by extension 'ros'
[0.146s] DEBUG:colcon.colcon_core.package_identification:Package 'src/stigmergy_map' with type 'ros.ament_cmake' and name 'stigmergy_map'
[0.146s] Level 1:colcon.colcon_core.package_identification:_identify(src/target_detection) by extensions ['ignore', 'ignore_ament_install']
[0.147s] Level 1:colcon.colcon_core.package_identification:_identify(src/target_detection) by extension 'ignore'
[0.147s] Level 1:colcon.colcon_core.package_identification:_identify(src/target_detection) by extension 'ignore_ament_install'
[0.147s] Level 1:colcon.colcon_core.package_identification:_identify(src/target_detection) by extensions ['colcon_pkg']
[0.147s] Level 1:colcon.colcon_core.package_identification:_identify(src/target_detection) by extension 'colcon_pkg'
[0.147s] Level 1:colcon.colcon_core.package_identification:_identify(src/target_detection) by extensions ['colcon_meta']
[0.147s] Level 1:colcon.colcon_core.package_identification:_identify(src/target_detection) by extension 'colcon_meta'
[0.147s] Level 1:colcon.colcon_core.package_identification:_identify(src/target_detection) by extensions ['ros']
[0.147s] Level 1:colcon.colcon_core.package_identification:_identify(src/target_detection) by extension 'ros'
[0.147s] DEBUG:colcon.colcon_core.package_identification:Package 'src/target_detection' with type 'ros.ament_cmake' and name 'target_detection'
[0.147s] Level 1:colcon.colcon_core.package_discovery:discover_packages(recursive) using defaults
[0.147s] Level 1:colcon.colcon_core.package_discovery:discover_packages(ignore) discover
[0.148s] Level 1:colcon.colcon_core.package_discovery:discover_packages(ignore) using defaults
[0.148s] Level 1:colcon.colcon_core.package_discovery:discover_packages(path) discover
[0.148s] Level 1:colcon.colcon_core.package_discovery:discover_packages(path) using defaults
[0.164s] Level 1:colcon.colcon_core.package_discovery:discover_packages(prefix_path) check parameters
[0.164s] Level 1:colcon.colcon_core.package_discovery:discover_packages(prefix_path) discover
[0.166s] DEBUG:colcon.colcon_installed_package_information.package_discovery:Found 281 installed packages in /opt/ros/humble
[0.167s] Level 1:colcon.colcon_core.package_discovery:discover_packages(prefix_path) using defaults
[0.196s] Level 5:colcon.colcon_core.verb:set package 'analysis' build argument 'cmake_args' from command line to 'None'
[0.196s] Level 5:colcon.colcon_core.verb:set package 'analysis' build argument 'cmake_target' from command line to 'None'
[0.196s] Level 5:colcon.colcon_core.verb:set package 'analysis' build argument 'cmake_target_skip_unavailable' from command line to 'False'
[0.196s] Level 5:colcon.colcon_core.verb:set package 'analysis' build argument 'cmake_clean_cache' from command line to 'False'
[0.196s] Level 5:colcon.colcon_core.verb:set package 'analysis' build argument 'cmake_clean_first' from command line to 'False'
[0.196s] Level 5:colcon.colcon_core.verb:set package 'analysis' build argument 'cmake_force_configure' from command line to 'False'
[0.196s] Level 5:colcon.colcon_core.verb:set package 'analysis' build argument 'ament_cmake_args' from command line to 'None'
[0.196s] Level 5:colcon.colcon_core.verb:set package 'analysis' build argument 'catkin_cmake_args' from command line to 'None'
[0.196s] Level 5:colcon.colcon_core.verb:set package 'analysis' build argument 'catkin_skip_building_tests' from command line to 'False'
[0.196s] DEBUG:colcon.colcon_core.verb:Building package 'analysis' with the following arguments: {'ament_cmake_args': None, 'build_base': '/home/fourdds/ros2_ws/build/analysis', 'catkin_cmake_args': None, 'catkin_skip_building_tests': False, 'cmake_args': None, 'cmake_clean_cache': False, 'cmake_clean_first': False, 'cmake_force_configure': False, 'cmake_target': None, 'cmake_target_skip_unavailable': False, 'install_base': '/home/fourdds/ros2_ws/install/analysis', 'merge_install': False, 'path': '/home/fourdds/ros2_ws/src/analysis', 'symlink_install': True, 'test_result_base': None}
[0.196s] Level 5:colcon.colcon_core.verb:set package 'base_station' build argument 'cmake_args' from command line to 'None'
[0.196s] Level 5:colcon.colcon_core.verb:set package 'base_station' build argument 'cmake_target' from command line to 'None'
[0.196s] Level 5:colcon.colcon_core.verb:set package 'base_station' build argument 'cmake_target_skip_unavailable' from command line to 'False'
[0.196s] Level 5:colcon.colcon_core.verb:set package 'base_station' build argument 'cmake_clean_cache' from command line to 'False'
[0.196s] Level 5:colcon.colcon_core.verb:set package 'base_station' build argument 'cmake_clean_first' from command line to 'False'
[0.196s] Level 5:colcon.colcon_core.verb:set package 'base_station' build argument 'cmake_force_configure' from command line to 'False'
[0.196s] Level 5:colcon.colcon_core.verb:set package 'base_station' build argument 'ament_cmake_args' from command line to 'None'
[0.196s] Level 5:colcon.colcon_core.verb:set package 'base_station' build argument 'catkin_cmake_args' from command line to 'None'
[0.196s] Level 5:colcon.colcon_core.verb:set package 'base_station' build argument 'catkin_skip_building_tests' from command line to 'False'
[0.197s] DEBUG:colcon.colcon_core.verb:Building package 'base_station' with the following arguments: {'ament_cmake_args': None, 'build_base': '/home/fourdds/ros2_ws/build/base_station', 'catkin_cmake_args': None, 'catkin_skip_building_tests': False, 'cmake_args': None, 'cmake_clean_cache': False, 'cmake_clean_first': False, 'cmake_force_configure': False, 'cmake_target': None, 'cmake_target_skip_unavailable': False, 'install_base': '/home/fourdds/ros2_ws/install/base_station', 'merge_install': False, 'path': '/home/fourdds/ros2_ws/src/base_station', 'symlink_install': True, 'test_result_base': None}
[0.197s] Level 5:colcon.colcon_core.verb:set package 'drone' build argument 'cmake_args' from command line to 'None'
[0.197s] Level 5:colcon.colcon_core.verb:set package 'drone' build argument 'cmake_target' from command line to 'None'
[0.197s] Level 5:colcon.colcon_core.verb:set package 'drone' build argument 'cmake_target_skip_unavailable' from command line to 'False'
[0.197s] Level 5:colcon.colcon_core.verb:set package 'drone' build argument 'cmake_clean_cache' from command line to 'False'
[0.197s] Level 5:colcon.colcon_core.verb:set package 'drone' build argument 'cmake_clean_first' from command line to 'False'
[0.197s] Level 5:colcon.colcon_core.verb:set package 'drone' build argument 'cmake_force_configure' from command line to 'False'
[0.197s] Level 5:colcon.colcon_core.verb:set package 'drone' build argument 'ament_cmake_args' from command line to 'None'
[0.197s] Level 5:colcon.colcon_core.verb:set package 'drone' build argument 'catkin_cmake_args' from command line to 'None'
[0.197s] Level 5:colcon.colcon_core.verb:set package 'drone' build argument 'catkin_skip_building_tests' from command line to 'False'
[0.197s] DEBUG:colcon.colcon_core.verb:Building package 'drone' with the following arguments: {'ament_cmake_args': None, 'build_base': '/home/fourdds/ros2_ws/build/drone', 'catkin_cmake_args': None, 'catkin_skip_building_tests': False, 'cmake_args': None, 'cmake_clean_cache': False, 'cmake_clean_first': False, 'cmake_force_configure': False, 'cmake_target': None, 'cmake_target_skip_unavailable': False, 'install_base': '/home/fourdds/ros2_ws/install/drone', 'merge_install': False, 'path': '/home/fourdds/ros2_ws/src/drone', 'symlink_install': True, 'test_result_base': None}
[0.197s] Level 5:colcon.colcon_core.verb:set package 'fdds_messages' build argument 'cmake_args' from command line to 'None'
[0.197s] Level 5:colcon.colcon_core.verb:set package 'fdds_messages' build argument 'cmake_target' from command line to 'None'
[0.197s] Level 5:colcon.colcon_core.verb:set package 'fdds_messages' build argument 'cmake_target_skip_unavailable' from command line to 'False'
[0.197s] Level 5:colcon.colcon_core.verb:set package 'fdds_messages' build argument 'cmake_clean_cache' from command line to 'False'
[0.197s] Level 5:colcon.colcon_core.verb:set package 'fdds_messages' build argument 'cmake_clean_first' from command line to 'False'
[0.197s] Level 5:colcon.colcon_core.verb:set package 'fdds_messages' build argument 'cmake_force_configure' from command line to 'False'
[0.197s] Level 5:colcon.colcon_core.verb:set package 'fdds_messages' build argument 'ament_cmake_args' from command line to 'None'
[0.197s] Level 5:colcon.colcon_core.verb:set package 'fdds_messages' build argument 'catkin_cmake_args' from command line to 'None'
[0.197s] Level 5:colcon.colcon_core.verb:set package 'fdds_messages' build argument 'catkin_skip_building_tests' from command line to 'False'
[0.197s] DEBUG:colcon.colcon_core.verb:Building package 'fdds_messages' with the following arguments: {'ament_cmake_args': None, 'build_base': '/home/fourdds/ros2_ws/build/fdds_messages', 'catkin_cmake_args': None, 'catkin_skip_building_tests': False, 'cmake_args': None, 'cmake_clean_cache': False, 'cmake_clean_first': False, 'cmake_force_configure': False, 'cmake_target': None, 'cmake_target_skip_unavailable': False, 'install_base': '/home/fourdds/ros2_ws/install/fdds_messages', 'merge_install': False, 'path': '/home/fourdds/ros2_ws/src/fdds_messages', 'symlink_install': True, 'test_result_base': None}
[0.198s] Level 5:colcon.colcon_core.verb:set package 'parameters' build argument 'cmake_args' from command line to 'None'
[0.198s] Level 5:colcon.colcon_core.verb:set package 'parameters' build argument 'cmake_target' from command line to 'None'
[0.198s] Level 5:colcon.colcon_core.verb:set package 'parameters' build argument 'cmake_target_skip_unavailable' from command line to 'False'
[0.198s] Level 5:colcon.colcon_core.verb:set package 'parameters' build argument 'cmake_clean_cache' from command line to 'False'
[0.198s] Level 5:colcon.colcon_core.verb:set package 'parameters' build argument 'cmake_clean_first' from command line to 'False'
[0.198s] Level 5:colcon.colcon_core.verb:set package 'parameters' build argument 'cmake_force_configure' from command line to 'False'
[0.198s] Level 5:colcon.colcon_core.verb:set package 'parameters' build argument 'ament_cmake_args' from command line to 'None'
[0.198s] Level 5:colcon.colcon_core.verb:set package 'parameters' build argument 'catkin_cmake_args' from command line to 'None'
[0.198s] Level 5:colcon.colcon_core.verb:set package 'parameters' build argument 'catkin_skip_building_tests' from command line to 'False'
[0.198s] DEBUG:colcon.colcon_core.verb:Building package 'parameters' with the following arguments: {'ament_cmake_args': None, 'build_base': '/home/fourdds/ros2_ws/build/parameters', 'catkin_cmake_args': None, 'catkin_skip_building_tests': False, 'cmake_args': None, 'cmake_clean_cache': False, 'cmake_clean_first': False, 'cmake_force_configure': False, 'cmake_target': None, 'cmake_target_skip_unavailable': False, 'install_base': '/home/fourdds/ros2_ws/install/parameters', 'merge_install': False, 'path': '/home/fourdds/ros2_ws/src/parameters', 'symlink_install': True, 'test_result_base': None}
[0.198s] Level 5:colcon.colcon_core.verb:set package 'px4_msgs' build argument 'cmake_args' from command line to 'None'
[0.198s] Level 5:colcon.colcon_core.verb:set package 'px4_msgs' build argument 'cmake_target' from command line to 'None'
[0.198s] Level 5:colcon.colcon_core.verb:set package 'px4_msgs' build argument 'cmake_target_skip_unavailable' from command line to 'False'
[0.198s] Level 5:colcon.colcon_core.verb:set package 'px4_msgs' build argument 'cmake_clean_cache' from command line to 'False'
[0.198s] Level 5:colcon.colcon_core.verb:set package 'px4_msgs' build argument 'cmake_clean_first' from command line to 'False'
[0.198s] Level 5:colcon.colcon_core.verb:set package 'px4_msgs' build argument 'cmake_force_configure' from command line to 'False'
[0.198s] Level 5:colcon.colcon_core.verb:set package 'px4_msgs' build argument 'ament_cmake_args' from command line to 'None'
[0.198s] Level 5:colcon.colcon_core.verb:set package 'px4_msgs' build argument 'catkin_cmake_args' from command line to 'None'
[0.198s] Level 5:colcon.colcon_core.verb:set package 'px4_msgs' build argument 'catkin_skip_building_tests' from command line to 'False'
[0.198s] DEBUG:colcon.colcon_core.verb:Building package 'px4_msgs' with the following arguments: {'ament_cmake_args': None, 'build_base': '/home/fourdds/ros2_ws/build/px4_msgs', 'catkin_cmake_args': None, 'catkin_skip_building_tests': False, 'cmake_args': None, 'cmake_clean_cache': False, 'cmake_clean_first': False, 'cmake_force_configure': False, 'cmake_target': None, 'cmake_target_skip_unavailable': False, 'install_base': '/home/fourdds/ros2_ws/install/px4_msgs', 'merge_install': False, 'path': '/home/fourdds/ros2_ws/src/px4_msgs', 'symlink_install': True, 'test_result_base': None}
[0.199s] Level 5:colcon.colcon_core.verb:set package 'stigmergy' build argument 'cmake_args' from command line to 'None'
[0.199s] Level 5:colcon.colcon_core.verb:set package 'stigmergy' build argument 'cmake_target' from command line to 'None'
[0.199s] Level 5:colcon.colcon_core.verb:set package 'stigmergy' build argument 'cmake_target_skip_unavailable' from command line to 'False'
[0.199s] Level 5:colcon.colcon_core.verb:set package 'stigmergy' build argument 'cmake_clean_cache' from command line to 'False'
[0.199s] Level 5:colcon.colcon_core.verb:set package 'stigmergy' build argument 'cmake_clean_first' from command line to 'False'
[0.199s] Level 5:colcon.colcon_core.verb:set package 'stigmergy' build argument 'cmake_force_configure' from command line to 'False'
[0.199s] Level 5:colcon.colcon_core.verb:set package 'stigmergy' build argument 'ament_cmake_args' from command line to 'None'
[0.199s] Level 5:colcon.colcon_core.verb:set package 'stigmergy' build argument 'catkin_cmake_args' from command line to 'None'
[0.199s] Level 5:colcon.colcon_core.verb:set package 'stigmergy' build argument 'catkin_skip_building_tests' from command line to 'False'
[0.199s] DEBUG:colcon.colcon_core.verb:Building package 'stigmergy' with the following arguments: {'ament_cmake_args': None, 'build_base': '/home/fourdds/ros2_ws/build/stigmergy', 'catkin_cmake_args': None, 'catkin_skip_building_tests': False, 'cmake_args': None, 'cmake_clean_cache': False, 'cmake_clean_first': False, 'cmake_force_configure': False, 'cmake_target': None, 'cmake_target_skip_unavailable': False, 'install_base': '/home/fourdds/ros2_ws/install/stigmergy', 'merge_install': False, 'path': '/home/fourdds/ros2_ws/src/stigmergy', 'symlink_install': True, 'test_result_base': None}
[0.199s] Level 5:colcon.colcon_core.verb:set package 'stigmergy_map' build argument 'cmake_args' from command line to 'None'
[0.199s] Level 5:colcon.colcon_core.verb:set package 'stigmergy_map' build argument 'cmake_target' from command line to 'None'
[0.199s] Level 5:colcon.colcon_core.verb:set package 'stigmergy_map' build argument 'cmake_target_skip_unavailable' from command line to 'False'
[0.199s] Level 5:colcon.colcon_core.verb:set package 'stigmergy_map' build argument 'cmake_clean_cache' from command line to 'False'
[0.199s] Level 5:colcon.colcon_core.verb:set package 'stigmergy_map' build argument 'cmake_clean_first' from command line to 'False'
[0.199s] Level 5:colcon.colcon_core.verb:set package 'stigmergy_map' build argument 'cmake_force_configure' from command line to 'False'
[0.199s] Level 5:colcon.colcon_core.verb:set package 'stigmergy_map' build argument 'ament_cmake_args' from command line to 'None'
[0.199s] Level 5:colcon.colcon_core.verb:set package 'stigmergy_map' build argument 'catkin_cmake_args' from command line to 'None'
[0.199s] Level 5:colcon.colcon_core.verb:set package 'stigmergy_map' build argument 'catkin_skip_building_tests' from command line to 'False'
[0.199s] DEBUG:colcon.colcon_core.verb:Building package 'stigmergy_map' with the following arguments: {'ament_cmake_args': None, 'build_base': '/home/fourdds/ros2_ws/build/stigmergy_map', 'catkin_cmake_args': None, 'catkin_skip_building_tests': False, 'cmake_args': None, 'cmake_clean_cache': False, 'cmake_clean_first': False, 'cmake_force_configure': False, 'cmake_target': None, 'cmake_target_skip_unavailable': False, 'install_base': '/home/fourdds/ros2_ws/install/stigmergy_map', 'merge_install': False, 'path': '/home/fourdds/ros2_ws/src/stigmergy_map', 'symlink_install': True, 'test_result_base': None}
[0.200s] Level 5:colcon.colcon_core.verb:set package 'target_detection' build argument 'cmake_args' from command line to 'None'
[0.200s] Level 5:colcon.colcon_core.verb:set package 'target_detection' build argument 'cmake_target' from command line to 'None'
[0.200s] Level 5:colcon.colcon_core.verb:set package 'target_detection' build argument 'cmake_target_skip_unavailable' from command line to 'False'
[0.200s] Level 5:colcon.colcon_core.verb:set package 'target_detection' build argument 'cmake_clean_cache' from command line to 'False'
[0.200s] Level 5:colcon.colcon_core.verb:set package 'target_detection' build argument 'cmake_clean_first' from command line to 'False'
[0.200s] Level 5:colcon.colcon_core.verb:set package 'target_detection' build argument 'cmake_force_configure' from command line to 'False'
[0.200s] Level 5:colcon.colcon_core.verb:set package 'target_detection' build argument 'ament_cmake_args' from command line to 'None'
[0.200s] Level 5:colcon.colcon_core.verb:set package 'target_detection' build argument 'catkin_cmake_args' from command line to 'None'
[0.200s] Level 5:colcon.colcon_core.verb:set package 'target_detection' build argument 'catkin_skip_building_tests' from command line to 'False'
[0.200s] DEBUG:colcon.colcon_core.verb:Building package 'target_detection' with the following arguments: {'ament_cmake_args': None, 'build_base': '/home/fourdds/ros2_ws/build/target_detection', 'catkin_cmake_args': None, 'catkin_skip_building_tests': False, 'cmake_args': None, 'cmake_clean_cache': False, 'cmake_clean_first': False, 'cmake_force_configure': False, 'cmake_target': None, 'cmake_target_skip_unavailable': False, 'install_base': '/home/fourdds/ros2_ws/install/target_detection', 'merge_install': False, 'path': '/home/fourdds/ros2_ws/src/target_detection', 'symlink_install': True, 'test_result_base': None}
[0.200s] Level 5:colcon.colcon_core.verb:set package 'obstacle_avoidance' build argument 'cmake_args' from command line to 'None'
[0.200s] Level 5:colcon.colcon_core.verb:set package 'obstacle_avoidance' build argument 'cmake_target' from command line to 'None'
[0.200s] Level 5:colcon.colcon_core.verb:set package 'obstacle_avoidance' build argument 'cmake_target_skip_unavailable' from command line to 'False'
[0.200s] Level 5:colcon.colcon_core.verb:set package 'obstacle_avoidance' build argument 'cmake_clean_cache' from command line to 'False'
[0.200s] Level 5:colcon.colcon_core.verb:set package 'obstacle_avoidance' build argument 'cmake_clean_first' from command line to 'False'
[0.200s] Level 5:colcon.colcon_core.verb:set package 'obstacle_avoidance' build argument 'cmake_force_configure' from command line to 'False'
[0.200s] Level 5:colcon.colcon_core.verb:set package 'obstacle_avoidance' build argument 'ament_cmake_args' from command line to 'None'
[0.200s] Level 5:colcon.colcon_core.verb:set package 'obstacle_avoidance' build argument 'catkin_cmake_args' from command line to 'None'
[0.200s] Level 5:colcon.colcon_core.verb:set package 'obstacle_avoidance' build argument 'catkin_skip_building_tests' from command line to 'False'
[0.200s] DEBUG:colcon.colcon_core.verb:Building package 'obstacle_avoidance' with the following arguments: {'ament_cmake_args': None, 'build_base': '/home/fourdds/ros2_ws/build/obstacle_avoidance', 'catkin_cmake_args': None, 'catkin_skip_building_tests': False, 'cmake_args': None, 'cmake_clean_cache': False, 'cmake_clean_first': False, 'cmake_force_configure': False, 'cmake_target': None, 'cmake_target_skip_unavailable': False, 'install_base': '/home/fourdds/ros2_ws/install/obstacle_avoidance', 'merge_install': False, 'path': '/home/fourdds/ros2_ws/src/obstacle_avoidance', 'symlink_install': True, 'test_result_base': None}
[0.200s] Level 5:colcon.colcon_core.verb:set package 'px4_ros_com' build argument 'cmake_args' from command line to 'None'
[0.200s] Level 5:colcon.colcon_core.verb:set package 'px4_ros_com' build argument 'cmake_target' from command line to 'None'
[0.201s] Level 5:colcon.colcon_core.verb:set package 'px4_ros_com' build argument 'cmake_target_skip_unavailable' from command line to 'False'
[0.201s] Level 5:colcon.colcon_core.verb:set package 'px4_ros_com' build argument 'cmake_clean_cache' from command line to 'False'
[0.201s] Level 5:colcon.colcon_core.verb:set package 'px4_ros_com' build argument 'cmake_clean_first' from command line to 'False'
[0.201s] Level 5:colcon.colcon_core.verb:set package 'px4_ros_com' build argument 'cmake_force_configure' from command line to 'False'
[0.201s] Level 5:colcon.colcon_core.verb:set package 'px4_ros_com' build argument 'ament_cmake_args' from command line to 'None'
[0.201s] Level 5:colcon.colcon_core.verb:set package 'px4_ros_com' build argument 'catkin_cmake_args' from command line to 'None'
[0.201s] Level 5:colcon.colcon_core.verb:set package 'px4_ros_com' build argument 'catkin_skip_building_tests' from command line to 'False'
[0.201s] DEBUG:colcon.colcon_core.verb:Building package 'px4_ros_com' with the following arguments: {'ament_cmake_args': None, 'build_base': '/home/fourdds/ros2_ws/build/px4_ros_com', 'catkin_cmake_args': None, 'catkin_skip_building_tests': False, 'cmake_args': None, 'cmake_clean_cache': False, 'cmake_clean_first': False, 'cmake_force_configure': False, 'cmake_target': None, 'cmake_target_skip_unavailable': False, 'install_base': '/home/fourdds/ros2_ws/install/px4_ros_com', 'merge_install': False, 'path': '/home/fourdds/ros2_ws/src/px4_ros_com', 'symlink_install': True, 'test_result_base': None}
[0.201s] INFO:colcon.colcon_core.executor:Executing jobs using 'parallel' executor
[0.202s] DEBUG:colcon.colcon_parallel_executor.executor.parallel:run_until_complete
[0.202s] INFO:colcon.colcon_ros.task.ament_cmake.build:Building ROS package in '/home/fourdds/ros2_ws/src/parameters' with build type 'ament_cmake'
[0.202s] INFO:colcon.colcon_cmake.task.cmake.build:Building CMake package in '/home/fourdds/ros2_ws/src/parameters'
[0.206s] INFO:colcon.colcon_core.plugin_system:Skipping extension 'colcon_core.shell.bat': Not used on non-Windows systems
[0.206s] INFO:colcon.colcon_core.shell:Skip shell extension 'powershell' for command environment: Not usable outside of PowerShell
[0.206s] DEBUG:colcon.colcon_core.shell:Skip shell extension 'dsv' for command environment
[0.210s] INFO:colcon.colcon_ros.task.ament_cmake.build:Building ROS package in '/home/fourdds/ros2_ws/src/px4_msgs' with build type 'ament_cmake'
[0.210s] INFO:colcon.colcon_cmake.task.cmake.build:Building CMake package in '/home/fourdds/ros2_ws/src/px4_msgs'
[0.210s] INFO:colcon.colcon_core.shell:Skip shell extension 'powershell' for command environment: Not usable outside of PowerShell
[0.211s] DEBUG:colcon.colcon_core.shell:Skip shell extension 'dsv' for command environment
[0.214s] INFO:colcon.colcon_ros.task.ament_python.build:Building ROS package in '/home/fourdds/ros2_ws/src/analysis' with build type 'ament_python'
[0.214s] Level 1:colcon.colcon_core.shell:create_environment_hook('analysis', 'ament_prefix_path')
[0.215s] INFO:colcon.colcon_core.shell:Creating environment hook '/home/fourdds/ros2_ws/install/analysis/share/analysis/hook/ament_prefix_path.ps1'
[0.216s] INFO:colcon.colcon_core.shell:Creating environment descriptor '/home/fourdds/ros2_ws/install/analysis/share/analysis/hook/ament_prefix_path.dsv'
[0.217s] INFO:colcon.colcon_core.shell:Creating environment hook '/home/fourdds/ros2_ws/install/analysis/share/analysis/hook/ament_prefix_path.sh'
[0.218s] INFO:colcon.colcon_core.shell:Skip shell extension 'powershell' for command environment: Not usable outside of PowerShell
[0.218s] DEBUG:colcon.colcon_core.shell:Skip shell extension 'dsv' for command environment
[0.220s] INFO:colcon.colcon_ros.task.ament_cmake.build:Building ROS package in '/home/fourdds/ros2_ws/src/base_station' with build type 'ament_cmake'
[0.221s] INFO:colcon.colcon_cmake.task.cmake.build:Building CMake package in '/home/fourdds/ros2_ws/src/base_station'
[0.222s] INFO:colcon.colcon_core.shell:Skip shell extension 'powershell' for command environment: Not usable outside of PowerShell
[0.222s] DEBUG:colcon.colcon_core.shell:Skip shell extension 'dsv' for command environment
[0.226s] INFO:colcon.colcon_ros.task.ament_cmake.build:Building ROS package in '/home/fourdds/ros2_ws/src/drone' with build type 'ament_cmake'
[0.227s] INFO:colcon.colcon_cmake.task.cmake.build:Building CMake package in '/home/fourdds/ros2_ws/src/drone'
[0.227s] INFO:colcon.colcon_core.shell:Skip shell extension 'powershell' for command environment: Not usable outside of PowerShell
[0.228s] DEBUG:colcon.colcon_core.shell:Skip shell extension 'dsv' for command environment
[0.231s] INFO:colcon.colcon_ros.task.ament_cmake.build:Building ROS package in '/home/fourdds/ros2_ws/src/fdds_messages' with build type 'ament_cmake'
[0.231s] INFO:colcon.colcon_cmake.task.cmake.build:Building CMake package in '/home/fourdds/ros2_ws/src/fdds_messages'
[0.231s] INFO:colcon.colcon_core.shell:Skip shell extension 'powershell' for command environment: Not usable outside of PowerShell
[0.232s] DEBUG:colcon.colcon_core.shell:Skip shell extension 'dsv' for command environment
[0.235s] INFO:colcon.colcon_ros.task.ament_cmake.build:Building ROS package in '/home/fourdds/ros2_ws/src/stigmergy' with build type 'ament_cmake'
[0.235s] INFO:colcon.colcon_cmake.task.cmake.build:Building CMake package in '/home/fourdds/ros2_ws/src/stigmergy'
[0.236s] INFO:colcon.colcon_core.shell:Skip shell extension 'powershell' for command environment: Not usable outside of PowerShell
[0.236s] DEBUG:colcon.colcon_core.shell:Skip shell extension 'dsv' for command environment
[0.239s] INFO:colcon.colcon_ros.task.ament_cmake.build:Building ROS package in '/home/fourdds/ros2_ws/src/stigmergy_map' with build type 'ament_cmake'
[0.240s] INFO:colcon.colcon_cmake.task.cmake.build:Building CMake package in '/home/fourdds/ros2_ws/src/stigmergy_map'
[0.241s] INFO:colcon.colcon_core.shell:Skip shell extension 'powershell' for command environment: Not usable outside of PowerShell
[0.241s] DEBUG:colcon.colcon_core.shell:Skip shell extension 'dsv' for command environment
[0.244s] INFO:colcon.colcon_ros.task.ament_cmake.build:Building ROS package in '/home/fourdds/ros2_ws/src/target_detection' with build type 'ament_cmake'
[0.245s] INFO:colcon.colcon_cmake.task.cmake.build:Building CMake package in '/home/fourdds/ros2_ws/src/target_detection'
[0.245s] INFO:colcon.colcon_core.shell:Skip shell extension 'powershell' for command environment: Not usable outside of PowerShell
[0.246s] DEBUG:colcon.colcon_core.shell:Skip shell extension 'dsv' for command environment
[0.259s] DEBUG:colcon.colcon_core.event_handler.log_command:Invoking command in '/home/fourdds/ros2_ws/build/parameters': CMAKE_PREFIX_PATH=/opt/ros/humble /usr/bin/cmake --build /home/fourdds/ros2_ws/build/parameters -- -j16 -l16
[0.265s] DEBUG:colcon.colcon_core.event_handler.log_command:Invoking command in '/home/fourdds/ros2_ws/build/px4_msgs': CMAKE_PREFIX_PATH=/opt/ros/humble /usr/bin/cmake --build /home/fourdds/ros2_ws/build/px4_msgs -- -j16 -l16
[0.439s] INFO:colcon.colcon_core.task.python.build:Building Python package in '/home/fourdds/ros2_ws/src/analysis'
[0.439s] INFO:colcon.colcon_core.shell:Skip shell extension 'powershell' for command environment: Not usable outside of PowerShell
[0.439s] DEBUG:colcon.colcon_core.shell:Skip shell extension 'dsv' for command environment
[0.448s] DEBUG:colcon.colcon_core.event_handler.log_command:Invoking command in '/home/fourdds/ros2_ws/build/base_station': CMAKE_PREFIX_PATH=/opt/ros/humble /usr/bin/cmake --build /home/fourdds/ros2_ws/build/base_station -- -j16 -l16
[0.452s] DEBUG:colcon.colcon_core.event_handler.log_command:Invoking command in '/home/fourdds/ros2_ws/build/drone': CMAKE_PREFIX_PATH=/opt/ros/humble /usr/bin/cmake /home/fourdds/ros2_ws/src/drone -DAMENT_CMAKE_SYMLINK_INSTALL=1 -DCMAKE_INSTALL_PREFIX=/home/fourdds/ros2_ws/install/drone
[0.458s] DEBUG:colcon.colcon_core.event_handler.log_command:Invoking command in '/home/fourdds/ros2_ws/build/fdds_messages': CMAKE_PREFIX_PATH=/opt/ros/humble /usr/bin/cmake --build /home/fourdds/ros2_ws/build/fdds_messages -- -j16 -l16
[0.462s] DEBUG:colcon.colcon_core.event_handler.log_command:Invoking command in '/home/fourdds/ros2_ws/build/stigmergy': CMAKE_PREFIX_PATH=/opt/ros/humble /usr/bin/cmake /home/fourdds/ros2_ws/src/stigmergy -DAMENT_CMAKE_SYMLINK_INSTALL=1 -DCMAKE_INSTALL_PREFIX=/home/fourdds/ros2_ws/install/stigmergy
[0.483s] DEBUG:colcon.colcon_core.event_handler.log_command:Invoking command in '/home/fourdds/ros2_ws/build/stigmergy_map': CMAKE_PREFIX_PATH=/opt/ros/humble /usr/bin/cmake --build /home/fourdds/ros2_ws/build/stigmergy_map -- -j16 -l16
[0.497s] DEBUG:colcon.colcon_core.event_handler.log_command:Invoking command in '/home/fourdds/ros2_ws/build/target_detection': CMAKE_PREFIX_PATH=/opt/ros/humble /usr/bin/cmake --build /home/fourdds/ros2_ws/build/target_detection -- -j16 -l16
[0.498s] DEBUG:colcon.colcon_core.event_handler.log_command:Invoked command in '/home/fourdds/ros2_ws/build/parameters' returned '0': CMAKE_PREFIX_PATH=/opt/ros/humble /usr/bin/cmake --build /home/fourdds/ros2_ws/build/parameters -- -j16 -l16
[0.526s] DEBUG:colcon.colcon_core.event_handler.log_command:Invoked command in '/home/fourdds/ros2_ws/build/fdds_messages' returned '2': CMAKE_PREFIX_PATH=/opt/ros/humble /usr/bin/cmake --build /home/fourdds/ros2_ws/build/fdds_messages -- -j16 -l16
[0.530s] DEBUG:colcon.colcon_core.event_handler.log_command:Invoked command in '/home/fourdds/ros2_ws/build/base_station' returned '0': CMAKE_PREFIX_PATH=/opt/ros/humble /usr/bin/cmake --build /home/fourdds/ros2_ws/build/base_station -- -j16 -l16
[0.551s] DEBUG:colcon.colcon_core.event_handler.log_command:Invoking command in '/home/fourdds/ros2_ws/build/parameters': CMAKE_PREFIX_PATH=/opt/ros/humble /usr/bin/cmake --install /home/fourdds/ros2_ws/build/parameters
[0.554s] DEBUG:colcon.colcon_core.event_handler.log_command:Invoked command in '/home/fourdds/ros2_ws/build/stigmergy_map' returned '0': CMAKE_PREFIX_PATH=/opt/ros/humble /usr/bin/cmake --build /home/fourdds/ros2_ws/build/stigmergy_map -- -j16 -l16
[0.573s] DEBUG:colcon.colcon_core.event_handler.log_command:Invoking command in '/home/fourdds/ros2_ws/build/base_station': CMAKE_PREFIX_PATH=/opt/ros/humble /usr/bin/cmake --install /home/fourdds/ros2_ws/build/base_station
[0.590s] Level 1:colcon.colcon_core.environment:create_environment_scripts_only(parameters)
[0.597s] DEBUG:colcon.colcon_core.event_handler.log_command:Invoked command in '/home/fourdds/ros2_ws/build/target_detection' returned '0': CMAKE_PREFIX_PATH=/opt/ros/humble /usr/bin/cmake --build /home/fourdds/ros2_ws/build/target_detection -- -j16 -l16
[0.601s] DEBUG:colcon.colcon_core.event_handler.log_command:Invoked command in '/home/fourdds/ros2_ws/build/parameters' returned '0': CMAKE_PREFIX_PATH=/opt/ros/humble /usr/bin/cmake --install /home/fourdds/ros2_ws/build/parameters
[0.605s] Level 1:colcon.colcon_core.environment:checking '/home/fourdds/ros2_ws/install/parameters' for CMake module files
[0.606s] Level 1:colcon.colcon_core.environment:checking '/home/fourdds/ros2_ws/install/parameters' for CMake config files
[0.606s] Level 1:colcon.colcon_core.shell:create_environment_hook('parameters', 'cmake_prefix_path')
[0.607s] INFO:colcon.colcon_core.shell:Creating environment hook '/home/fourdds/ros2_ws/install/parameters/share/parameters/hook/cmake_prefix_path.ps1'
[0.607s] INFO:colcon.colcon_core.shell:Creating environment descriptor '/home/fourdds/ros2_ws/install/parameters/share/parameters/hook/cmake_prefix_path.dsv'
[0.608s] INFO:colcon.colcon_core.shell:Creating environment hook '/home/fourdds/ros2_ws/install/parameters/share/parameters/hook/cmake_prefix_path.sh'
[0.610s] Level 1:colcon.colcon_core.environment:checking '/home/fourdds/ros2_ws/install/parameters/lib'
[0.610s] Level 1:colcon.colcon_core.environment:checking '/home/fourdds/ros2_ws/install/parameters/bin'
[0.610s] Level 1:colcon.colcon_core.environment:checking '/home/fourdds/ros2_ws/install/parameters/lib/pkgconfig/parameters.pc'
[0.611s] Level 1:colcon.colcon_core.environment:checking '/home/fourdds/ros2_ws/install/parameters/lib/python3.10/site-packages'
[0.611s] Level 1:colcon.colcon_core.environment:checking '/home/fourdds/ros2_ws/install/parameters/bin'
[0.611s] INFO:colcon.colcon_core.shell:Creating package script '/home/fourdds/ros2_ws/install/parameters/share/parameters/package.ps1'
[0.613s] INFO:colcon.colcon_core.shell:Creating package descriptor '/home/fourdds/ros2_ws/install/parameters/share/parameters/package.dsv'
[0.614s] INFO:colcon.colcon_core.shell:Creating package script '/home/fourdds/ros2_ws/install/parameters/share/parameters/package.sh'
[0.616s] INFO:colcon.colcon_core.shell:Creating package script '/home/fourdds/ros2_ws/install/parameters/share/parameters/package.bash'
[0.617s] INFO:colcon.colcon_core.shell:Creating package script '/home/fourdds/ros2_ws/install/parameters/share/parameters/package.zsh'
[0.619s] Level 1:colcon.colcon_core.environment:create_file_with_runtime_dependencies(/home/fourdds/ros2_ws/install/parameters/share/colcon-core/packages/parameters)
[0.627s] DEBUG:colcon.colcon_core.event_handler.log_command:Invoking command in '/home/fourdds/ros2_ws/build/stigmergy_map': CMAKE_PREFIX_PATH=/opt/ros/humble /usr/bin/cmake --install /home/fourdds/ros2_ws/build/stigmergy_map
[0.631s] Level 1:colcon.colcon_core.environment:create_environment_scripts_only(base_station)
[0.632s] DEBUG:colcon.colcon_core.event_handler.log_command:Invoking command in '/home/fourdds/ros2_ws/build/target_detection': CMAKE_PREFIX_PATH=/opt/ros/humble /usr/bin/cmake --install /home/fourdds/ros2_ws/build/target_detection
[0.632s] Level 1:colcon.colcon_core.environment:checking '/home/fourdds/ros2_ws/install/base_station' for CMake module files
[0.635s] DEBUG:colcon.colcon_core.event_handler.log_command:Invoked command in '/home/fourdds/ros2_ws/build/base_station' returned '0': CMAKE_PREFIX_PATH=/opt/ros/humble /usr/bin/cmake --install /home/fourdds/ros2_ws/build/base_station
[0.640s] Level 1:colcon.colcon_core.environment:checking '/home/fourdds/ros2_ws/install/base_station' for CMake config files
[0.646s] Level 1:colcon.colcon_core.shell:create_environment_hook('base_station', 'cmake_prefix_path')
[0.646s] INFO:colcon.colcon_core.shell:Creating environment hook '/home/fourdds/ros2_ws/install/base_station/share/base_station/hook/cmake_prefix_path.ps1'
[0.648s] INFO:colcon.colcon_core.shell:Creating environment descriptor '/home/fourdds/ros2_ws/install/base_station/share/base_station/hook/cmake_prefix_path.dsv'
[0.649s] INFO:colcon.colcon_core.shell:Creating environment hook '/home/fourdds/ros2_ws/install/base_station/share/base_station/hook/cmake_prefix_path.sh'
[0.650s] Level 1:colcon.colcon_core.environment:checking '/home/fourdds/ros2_ws/install/base_station/lib'
[0.650s] Level 1:colcon.colcon_core.environment:checking '/home/fourdds/ros2_ws/install/base_station/bin'
[0.651s] Level 1:colcon.colcon_core.environment:checking '/home/fourdds/ros2_ws/install/base_station/lib/pkgconfig/base_station.pc'
[0.651s] Level 1:colcon.colcon_core.environment:checking '/home/fourdds/ros2_ws/install/base_station/lib/python3.10/site-packages'
[0.651s] Level 1:colcon.colcon_core.environment:checking '/home/fourdds/ros2_ws/install/base_station/bin'
[0.652s] INFO:colcon.colcon_core.shell:Creating package script '/home/fourdds/ros2_ws/install/base_station/share/base_station/package.ps1'
[0.653s] INFO:colcon.colcon_core.shell:Creating package descriptor '/home/fourdds/ros2_ws/install/base_station/share/base_station/package.dsv'
[0.656s] INFO:colcon.colcon_core.shell:Creating package script '/home/fourdds/ros2_ws/install/base_station/share/base_station/package.sh'
[0.657s] INFO:colcon.colcon_core.shell:Creating package script '/home/fourdds/ros2_ws/install/base_station/share/base_station/package.bash'
[0.659s] INFO:colcon.colcon_core.shell:Creating package script '/home/fourdds/ros2_ws/install/base_station/share/base_station/package.zsh'
[0.660s] Level 1:colcon.colcon_core.environment:create_file_with_runtime_dependencies(/home/fourdds/ros2_ws/install/base_station/share/colcon-core/packages/base_station)
[0.667s] Level 1:colcon.colcon_core.environment:create_environment_scripts_only(stigmergy_map)
[0.668s] Level 1:colcon.colcon_core.environment:checking '/home/fourdds/ros2_ws/install/stigmergy_map' for CMake module files
[0.671s] Level 1:colcon.colcon_core.environment:checking '/home/fourdds/ros2_ws/install/stigmergy_map' for CMake config files
[0.674s] Level 1:colcon.colcon_core.shell:create_environment_hook('stigmergy_map', 'cmake_prefix_path')
[0.674s] INFO:colcon.colcon_core.shell:Creating environment hook '/home/fourdds/ros2_ws/install/stigmergy_map/share/stigmergy_map/hook/cmake_prefix_path.ps1'
[0.676s] INFO:colcon.colcon_core.shell:Creating environment descriptor '/home/fourdds/ros2_ws/install/stigmergy_map/share/stigmergy_map/hook/cmake_prefix_path.dsv'
[0.678s] INFO:colcon.colcon_core.shell:Creating environment hook '/home/fourdds/ros2_ws/install/stigmergy_map/share/stigmergy_map/hook/cmake_prefix_path.sh'
[0.681s] Level 1:colcon.colcon_core.environment:checking '/home/fourdds/ros2_ws/install/stigmergy_map/lib'
[0.682s] Level 1:colcon.colcon_core.environment:checking '/home/fourdds/ros2_ws/install/stigmergy_map/bin'
[0.682s] Level 1:colcon.colcon_core.environment:checking '/home/fourdds/ros2_ws/install/stigmergy_map/lib/pkgconfig/stigmergy_map.pc'
[0.683s] Level 1:colcon.colcon_core.environment:checking '/home/fourdds/ros2_ws/install/stigmergy_map/lib/python3.10/site-packages'
[0.683s] Level 1:colcon.colcon_core.environment:checking '/home/fourdds/ros2_ws/install/stigmergy_map/bin'
[0.684s] INFO:colcon.colcon_core.shell:Creating package script '/home/fourdds/ros2_ws/install/stigmergy_map/share/stigmergy_map/package.ps1'
[0.686s] DEBUG:colcon.colcon_core.event_handler.log_command:Invoked command in '/home/fourdds/ros2_ws/build/stigmergy_map' returned '0': CMAKE_PREFIX_PATH=/opt/ros/humble /usr/bin/cmake --install /home/fourdds/ros2_ws/build/stigmergy_map
[0.686s] INFO:colcon.colcon_core.shell:Creating package descriptor '/home/fourdds/ros2_ws/install/stigmergy_map/share/stigmergy_map/package.dsv'
[0.688s] INFO:colcon.colcon_core.shell:Creating package script '/home/fourdds/ros2_ws/install/stigmergy_map/share/stigmergy_map/package.sh'
[0.689s] INFO:colcon.colcon_core.shell:Creating package script '/home/fourdds/ros2_ws/install/stigmergy_map/share/stigmergy_map/package.bash'
[0.689s] INFO:colcon.colcon_core.shell:Creating package script '/home/fourdds/ros2_ws/install/stigmergy_map/share/stigmergy_map/package.zsh'
[0.690s] Level 1:colcon.colcon_core.environment:create_file_with_runtime_dependencies(/home/fourdds/ros2_ws/install/stigmergy_map/share/colcon-core/packages/stigmergy_map)
[0.693s] Level 1:colcon.colcon_core.environment:create_environment_scripts_only(fdds_messages)
[0.694s] Level 1:colcon.colcon_core.environment:checking '/home/fourdds/ros2_ws/install/fdds_messages' for CMake module files
[0.696s] Level 1:colcon.colcon_core.environment:checking '/home/fourdds/ros2_ws/install/fdds_messages' for CMake config files
[0.696s] Level 1:colcon.colcon_core.shell:create_environment_hook('fdds_messages', 'cmake_prefix_path')
[0.696s] INFO:colcon.colcon_core.shell:Creating environment hook '/home/fourdds/ros2_ws/install/fdds_messages/share/fdds_messages/hook/cmake_prefix_path.ps1'
[0.697s] INFO:colcon.colcon_core.shell:Creating environment descriptor '/home/fourdds/ros2_ws/install/fdds_messages/share/fdds_messages/hook/cmake_prefix_path.dsv'
[0.698s] INFO:colcon.colcon_core.shell:Creating environment hook '/home/fourdds/ros2_ws/install/fdds_messages/share/fdds_messages/hook/cmake_prefix_path.sh'
[0.699s] Level 1:colcon.colcon_core.environment:checking '/home/fourdds/ros2_ws/install/fdds_messages/lib'
[0.699s] Level 1:colcon.colcon_core.shell:create_environment_hook('fdds_messages', 'ld_library_path_lib')
[0.699s] INFO:colcon.colcon_core.shell:Creating environment hook '/home/fourdds/ros2_ws/install/fdds_messages/share/fdds_messages/hook/ld_library_path_lib.ps1'
[0.700s] INFO:colcon.colcon_core.shell:Creating environment descriptor '/home/fourdds/ros2_ws/install/fdds_messages/share/fdds_messages/hook/ld_library_path_lib.dsv'
[0.700s] INFO:colcon.colcon_core.shell:Creating environment hook '/home/fourdds/ros2_ws/install/fdds_messages/share/fdds_messages/hook/ld_library_path_lib.sh'
[0.701s] Level 1:colcon.colcon_core.environment:checking '/home/fourdds/ros2_ws/install/fdds_messages/bin'
[0.701s] Level 1:colcon.colcon_core.environment:checking '/home/fourdds/ros2_ws/install/fdds_messages/lib/pkgconfig/fdds_messages.pc'
[0.701s] Level 1:colcon.colcon_core.environment:checking '/home/fourdds/ros2_ws/install/fdds_messages/lib/python3.10/site-packages'
[0.702s] Level 1:colcon.colcon_core.environment:checking '/home/fourdds/ros2_ws/install/fdds_messages/bin'
[0.702s] INFO:colcon.colcon_core.shell:Creating package script '/home/fourdds/ros2_ws/install/fdds_messages/share/fdds_messages/package.ps1'
[0.704s] INFO:colcon.colcon_core.shell:Creating package descriptor '/home/fourdds/ros2_ws/install/fdds_messages/share/fdds_messages/package.dsv'
[0.706s] INFO:colcon.colcon_core.shell:Creating package script '/home/fourdds/ros2_ws/install/fdds_messages/share/fdds_messages/package.sh'
[0.707s] INFO:colcon.colcon_core.shell:Creating package script '/home/fourdds/ros2_ws/install/fdds_messages/share/fdds_messages/package.bash'
[0.708s] INFO:colcon.colcon_core.shell:Creating package script '/home/fourdds/ros2_ws/install/fdds_messages/share/fdds_messages/package.zsh'
[0.709s] Level 1:colcon.colcon_core.environment:create_file_with_runtime_dependencies(/home/fourdds/ros2_ws/install/fdds_messages/share/colcon-core/packages/fdds_messages)
[0.710s] Level 1:colcon.colcon_core.environment:create_environment_scripts_only(parameters)
[0.711s] Level 1:colcon.colcon_core.environment:checking '/home/fourdds/ros2_ws/install/parameters' for CMake module files
[0.715s] Level 1:colcon.colcon_core.environment:checking '/home/fourdds/ros2_ws/install/parameters' for CMake config files
[0.717s] Level 1:colcon.colcon_core.shell:create_environment_hook('parameters', 'cmake_prefix_path')
[0.717s] INFO:colcon.colcon_core.shell:Creating environment hook '/home/fourdds/ros2_ws/install/parameters/share/parameters/hook/cmake_prefix_path.ps1'
[0.718s] INFO:colcon.colcon_core.shell:Creating environment descriptor '/home/fourdds/ros2_ws/install/parameters/share/parameters/hook/cmake_prefix_path.dsv'
[0.718s] INFO:colcon.colcon_core.shell:Creating environment hook '/home/fourdds/ros2_ws/install/parameters/share/parameters/hook/cmake_prefix_path.sh'
[0.719s] Level 1:colcon.colcon_core.environment:checking '/home/fourdds/ros2_ws/install/parameters/lib'
[0.719s] Level 1:colcon.colcon_core.environment:checking '/home/fourdds/ros2_ws/install/parameters/bin'
[0.719s] Level 1:colcon.colcon_core.environment:checking '/home/fourdds/ros2_ws/install/parameters/lib/pkgconfig/parameters.pc'
[0.719s] Level 1:colcon.colcon_core.environment:checking '/home/fourdds/ros2_ws/install/parameters/lib/python3.10/site-packages'
[0.720s] Level 1:colcon.colcon_core.environment:checking '/home/fourdds/ros2_ws/install/parameters/bin'
[0.720s] INFO:colcon.colcon_core.shell:Creating package script '/home/fourdds/ros2_ws/install/parameters/share/parameters/package.ps1'
[0.721s] INFO:colcon.colcon_core.shell:Creating package descriptor '/home/fourdds/ros2_ws/install/parameters/share/parameters/package.dsv'
[0.722s] INFO:colcon.colcon_core.shell:Creating package script '/home/fourdds/ros2_ws/install/parameters/share/parameters/package.sh'
[0.722s] INFO:colcon.colcon_core.shell:Creating package script '/home/fourdds/ros2_ws/install/parameters/share/parameters/package.bash'
[0.723s] INFO:colcon.colcon_core.shell:Creating package script '/home/fourdds/ros2_ws/install/parameters/share/parameters/package.zsh'
[0.724s] Level 1:colcon.colcon_core.environment:create_file_with_runtime_dependencies(/home/fourdds/ros2_ws/install/parameters/share/colcon-core/packages/parameters)
[0.728s] Level 1:colcon.colcon_core.environment:create_environment_scripts_only(target_detection)
[0.729s] Level 1:colcon.colcon_core.environment:checking '/home/fourdds/ros2_ws/install/target_detection' for CMake module files
[0.731s] DEBUG:colcon.colcon_core.event_handler.log_command:Invoked command in '/home/fourdds/ros2_ws/build/target_detection' returned '0': CMAKE_PREFIX_PATH=/opt/ros/humble /usr/bin/cmake --install /home/fourdds/ros2_ws/build/target_detection
[0.732s] Level 1:colcon.colcon_core.environment:checking '/home/fourdds/ros2_ws/install/target_detection' for CMake config files
[0.733s] Level 1:colcon.colcon_core.shell:create_environment_hook('target_detection', 'cmake_prefix_path')
[0.734s] INFO:colcon.colcon_core.shell:Creating environment hook '/home/fourdds/ros2_ws/install/target_detection/share/target_detection/hook/cmake_prefix_path.ps1'
[0.734s] INFO:colcon.colcon_core.shell:Creating environment descriptor '/home/fourdds/ros2_ws/install/target_detection/share/target_detection/hook/cmake_prefix_path.dsv'
[0.736s] INFO:colcon.colcon_core.shell:Creating environment hook '/home/fourdds/ros2_ws/install/target_detection/share/target_detection/hook/cmake_prefix_path.sh'
[0.737s] Level 1:colcon.colcon_core.environment:checking '/home/fourdds/ros2_ws/install/target_detection/lib'
[0.737s] Level 1:colcon.colcon_core.environment:checking '/home/fourdds/ros2_ws/install/target_detection/bin'
[0.737s] Level 1:colcon.colcon_core.environment:checking '/home/fourdds/ros2_ws/install/target_detection/lib/pkgconfig/target_detection.pc'
[0.737s] Level 1:colcon.colcon_core.environment:checking '/home/fourdds/ros2_ws/install/target_detection/lib/python3.10/site-packages'
[0.737s] Level 1:colcon.colcon_core.environment:checking '/home/fourdds/ros2_ws/install/target_detection/bin'
[0.738s] INFO:colcon.colcon_core.shell:Creating package script '/home/fourdds/ros2_ws/install/target_detection/share/target_detection/package.ps1'
[0.739s] INFO:colcon.colcon_core.shell:Creating package descriptor '/home/fourdds/ros2_ws/install/target_detection/share/target_detection/package.dsv'
[0.741s] INFO:colcon.colcon_core.shell:Creating package script '/home/fourdds/ros2_ws/install/target_detection/share/target_detection/package.sh'
[0.742s] INFO:colcon.colcon_core.shell:Creating package script '/home/fourdds/ros2_ws/install/target_detection/share/target_detection/package.bash'
[0.743s] INFO:colcon.colcon_core.shell:Creating package script '/home/fourdds/ros2_ws/install/target_detection/share/target_detection/package.zsh'
[0.744s] Level 1:colcon.colcon_core.environment:create_file_with_runtime_dependencies(/home/fourdds/ros2_ws/install/target_detection/share/colcon-core/packages/target_detection)
[0.746s] INFO:colcon.colcon_ros.task.ament_cmake.build:Building ROS package in '/home/fourdds/ros2_ws/src/obstacle_avoidance' with build type 'ament_cmake'
[0.746s] INFO:colcon.colcon_cmake.task.cmake.build:Building CMake package in '/home/fourdds/ros2_ws/src/obstacle_avoidance'
[0.746s] INFO:colcon.colcon_core.shell:Skip shell extension 'powershell' for command environment: Not usable outside of PowerShell
[0.747s] DEBUG:colcon.colcon_core.shell:Skip shell extension 'dsv' for command environment
[0.753s] Level 1:colcon.colcon_core.environment:create_environment_scripts_only(base_station)
[0.754s] Level 1:colcon.colcon_core.environment:checking '/home/fourdds/ros2_ws/install/base_station' for CMake module files
[0.755s] Level 1:colcon.colcon_core.environment:checking '/home/fourdds/ros2_ws/install/base_station' for CMake config files
[0.757s] Level 1:colcon.colcon_core.shell:create_environment_hook('base_station', 'cmake_prefix_path')
[0.757s] INFO:colcon.colcon_core.shell:Creating environment hook '/home/fourdds/ros2_ws/install/base_station/share/base_station/hook/cmake_prefix_path.ps1'
[0.758s] INFO:colcon.colcon_core.shell:Creating environment descriptor '/home/fourdds/ros2_ws/install/base_station/share/base_station/hook/cmake_prefix_path.dsv'
[0.759s] INFO:colcon.colcon_core.shell:Creating environment hook '/home/fourdds/ros2_ws/install/base_station/share/base_station/hook/cmake_prefix_path.sh'
[0.760s] Level 1:colcon.colcon_core.environment:checking '/home/fourdds/ros2_ws/install/base_station/lib'
[0.760s] Level 1:colcon.colcon_core.environment:checking '/home/fourdds/ros2_ws/install/base_station/bin'
[0.760s] Level 1:colcon.colcon_core.environment:checking '/home/fourdds/ros2_ws/install/base_station/lib/pkgconfig/base_station.pc'
[0.760s] Level 1:colcon.colcon_core.environment:checking '/home/fourdds/ros2_ws/install/base_station/lib/python3.10/site-packages'
[0.760s] Level 1:colcon.colcon_core.environment:checking '/home/fourdds/ros2_ws/install/base_station/bin'
[0.761s] INFO:colcon.colcon_core.shell:Creating package script '/home/fourdds/ros2_ws/install/base_station/share/base_station/package.ps1'
[0.761s] INFO:colcon.colcon_core.shell:Creating package descriptor '/home/fourdds/ros2_ws/install/base_station/share/base_station/package.dsv'
[0.762s] INFO:colcon.colcon_core.shell:Creating package script '/home/fourdds/ros2_ws/install/base_station/share/base_station/package.sh'
[0.763s] INFO:colcon.colcon_core.shell:Creating package script '/home/fourdds/ros2_ws/install/base_station/share/base_station/package.bash'
[0.763s] INFO:colcon.colcon_core.shell:Creating package script '/home/fourdds/ros2_ws/install/base_station/share/base_station/package.zsh'
[0.764s] Level 1:colcon.colcon_core.environment:create_file_with_runtime_dependencies(/home/fourdds/ros2_ws/install/base_station/share/colcon-core/packages/base_station)
[0.766s] Level 1:colcon.colcon_core.environment:create_environment_scripts_only(stigmergy_map)
[0.767s] Level 1:colcon.colcon_core.environment:checking '/home/fourdds/ros2_ws/install/stigmergy_map' for CMake module files
[0.768s] Level 1:colcon.colcon_core.environment:checking '/home/fourdds/ros2_ws/install/stigmergy_map' for CMake config files
[0.768s] Level 1:colcon.colcon_core.shell:create_environment_hook('stigmergy_map', 'cmake_prefix_path')
[0.769s] INFO:colcon.colcon_core.shell:Creating environment hook '/home/fourdds/ros2_ws/install/stigmergy_map/share/stigmergy_map/hook/cmake_prefix_path.ps1'
[0.770s] INFO:colcon.colcon_core.shell:Creating environment descriptor '/home/fourdds/ros2_ws/install/stigmergy_map/share/stigmergy_map/hook/cmake_prefix_path.dsv'
[0.771s] INFO:colcon.colcon_core.shell:Creating environment hook '/home/fourdds/ros2_ws/install/stigmergy_map/share/stigmergy_map/hook/cmake_prefix_path.sh'
[0.772s] Level 1:colcon.colcon_core.environment:checking '/home/fourdds/ros2_ws/install/stigmergy_map/lib'
[0.772s] Level 1:colcon.colcon_core.environment:checking '/home/fourdds/ros2_ws/install/stigmergy_map/bin'
[0.772s] Level 1:colcon.colcon_core.environment:checking '/home/fourdds/ros2_ws/install/stigmergy_map/lib/pkgconfig/stigmergy_map.pc'
[0.772s] Level 1:colcon.colcon_core.environment:checking '/home/fourdds/ros2_ws/install/stigmergy_map/lib/python3.10/site-packages'
[0.773s] Level 1:colcon.colcon_core.environment:checking '/home/fourdds/ros2_ws/install/stigmergy_map/bin'
[0.773s] INFO:colcon.colcon_core.shell:Creating package script '/home/fourdds/ros2_ws/install/stigmergy_map/share/stigmergy_map/package.ps1'
[0.774s] INFO:colcon.colcon_core.shell:Creating package descriptor '/home/fourdds/ros2_ws/install/stigmergy_map/share/stigmergy_map/package.dsv'
[0.775s] INFO:colcon.colcon_core.shell:Creating package script '/home/fourdds/ros2_ws/install/stigmergy_map/share/stigmergy_map/package.sh'
[0.776s] INFO:colcon.colcon_core.shell:Creating package script '/home/fourdds/ros2_ws/install/stigmergy_map/share/stigmergy_map/package.bash'
[0.776s] INFO:colcon.colcon_core.shell:Creating package script '/home/fourdds/ros2_ws/install/stigmergy_map/share/stigmergy_map/package.zsh'
[0.777s] Level 1:colcon.colcon_core.environment:create_file_with_runtime_dependencies(/home/fourdds/ros2_ws/install/stigmergy_map/share/colcon-core/packages/stigmergy_map)
[0.783s] Level 1:colcon.colcon_core.environment:create_environment_scripts_only(target_detection)
[0.784s] Level 1:colcon.colcon_core.environment:checking '/home/fourdds/ros2_ws/install/target_detection' for CMake module files
[0.785s] Level 1:colcon.colcon_core.environment:checking '/home/fourdds/ros2_ws/install/target_detection' for CMake config files
[0.786s] DEBUG:colcon.colcon_core.event_handler.log_command:Invoking command in '/home/fourdds/ros2_ws/build/obstacle_avoidance': AMENT_PREFIX_PATH=/home/fourdds/ros2_ws/install/parameters:${AMENT_PREFIX_PATH} CMAKE_PREFIX_PATH=/home/fourdds/ros2_ws/install/parameters:/opt/ros/humble LD_LIBRARY_PATH=/home/fourdds/ros2_ws/install/parameters/lib:${LD_LIBRARY_PATH} /usr/bin/cmake --build /home/fourdds/ros2_ws/build/obstacle_avoidance -- -j16 -l16
[0.787s] Level 1:colcon.colcon_core.shell:create_environment_hook('target_detection', 'cmake_prefix_path')
[0.787s] INFO:colcon.colcon_core.shell:Creating environment hook '/home/fourdds/ros2_ws/install/target_detection/share/target_detection/hook/cmake_prefix_path.ps1'
[0.788s] INFO:colcon.colcon_core.shell:Creating environment descriptor '/home/fourdds/ros2_ws/install/target_detection/share/target_detection/hook/cmake_prefix_path.dsv'
[0.788s] INFO:colcon.colcon_core.shell:Creating environment hook '/home/fourdds/ros2_ws/install/target_detection/share/target_detection/hook/cmake_prefix_path.sh'
[0.789s] Level 1:colcon.colcon_core.environment:checking '/home/fourdds/ros2_ws/install/target_detection/lib'
[0.789s] Level 1:colcon.colcon_core.environment:checking '/home/fourdds/ros2_ws/install/target_detection/bin'
[0.790s] Level 1:colcon.colcon_core.environment:checking '/home/fourdds/ros2_ws/install/target_detection/lib/pkgconfig/target_detection.pc'
[0.790s] Level 1:colcon.colcon_core.environment:checking '/home/fourdds/ros2_ws/install/target_detection/lib/python3.10/site-packages'
[0.790s] Level 1:colcon.colcon_core.environment:checking '/home/fourdds/ros2_ws/install/target_detection/bin'
[0.790s] INFO:colcon.colcon_core.shell:Creating package script '/home/fourdds/ros2_ws/install/target_detection/share/target_detection/package.ps1'
[0.791s] INFO:colcon.colcon_core.shell:Creating package descriptor '/home/fourdds/ros2_ws/install/target_detection/share/target_detection/package.dsv'
[0.792s] INFO:colcon.colcon_core.shell:Creating package script '/home/fourdds/ros2_ws/install/target_detection/share/target_detection/package.sh'
[0.793s] INFO:colcon.colcon_core.shell:Creating package script '/home/fourdds/ros2_ws/install/target_detection/share/target_detection/package.bash'
[0.794s] INFO:colcon.colcon_core.shell:Creating package script '/home/fourdds/ros2_ws/install/target_detection/share/target_detection/package.zsh'
[0.795s] Level 1:colcon.colcon_core.environment:create_file_with_runtime_dependencies(/home/fourdds/ros2_ws/install/target_detection/share/colcon-core/packages/target_detection)
[0.803s] DEBUG:colcon.colcon_core.event_handler.log_command:Invoked command in '/home/fourdds/ros2_ws/build/px4_msgs' returned '2': CMAKE_PREFIX_PATH=/opt/ros/humble /usr/bin/cmake --build /home/fourdds/ros2_ws/build/px4_msgs -- -j16 -l16
[0.852s] DEBUG:colcon.colcon_core.event_handler.log_command:Invoked command in '/home/fourdds/ros2_ws/build/obstacle_avoidance' returned '0': AMENT_PREFIX_PATH=/home/fourdds/ros2_ws/install/parameters:${AMENT_PREFIX_PATH} CMAKE_PREFIX_PATH=/home/fourdds/ros2_ws/install/parameters:/opt/ros/humble LD_LIBRARY_PATH=/home/fourdds/ros2_ws/install/parameters/lib:${LD_LIBRARY_PATH} /usr/bin/cmake --build /home/fourdds/ros2_ws/build/obstacle_avoidance -- -j16 -l16
[0.884s] DEBUG:colcon.colcon_core.event_handler.log_command:Invoking command in '/home/fourdds/ros2_ws/build/obstacle_avoidance': AMENT_PREFIX_PATH=/home/fourdds/ros2_ws/install/parameters:${AMENT_PREFIX_PATH} CMAKE_PREFIX_PATH=/home/fourdds/ros2_ws/install/parameters:/opt/ros/humble LD_LIBRARY_PATH=/home/fourdds/ros2_ws/install/parameters/lib:${LD_LIBRARY_PATH} /usr/bin/cmake --install /home/fourdds/ros2_ws/build/obstacle_avoidance
[0.908s] Level 1:colcon.colcon_core.environment:create_environment_scripts_only(obstacle_avoidance)
[0.909s] Level 1:colcon.colcon_core.environment:checking '/home/fourdds/ros2_ws/install/obstacle_avoidance' for CMake module files
[0.909s] DEBUG:colcon.colcon_core.event_handler.log_command:Invoked command in '/home/fourdds/ros2_ws/build/obstacle_avoidance' returned '0': AMENT_PREFIX_PATH=/home/fourdds/ros2_ws/install/parameters:${AMENT_PREFIX_PATH} CMAKE_PREFIX_PATH=/home/fourdds/ros2_ws/install/parameters:/opt/ros/humble LD_LIBRARY_PATH=/home/fourdds/ros2_ws/install/parameters/lib:${LD_LIBRARY_PATH} /usr/bin/cmake --install /home/fourdds/ros2_ws/build/obstacle_avoidance
[0.910s] Level 1:colcon.colcon_core.environment:checking '/home/fourdds/ros2_ws/install/obstacle_avoidance' for CMake config files
[0.910s] Level 1:colcon.colcon_core.shell:create_environment_hook('obstacle_avoidance', 'cmake_prefix_path')
[0.910s] INFO:colcon.colcon_core.shell:Creating environment hook '/home/fourdds/ros2_ws/install/obstacle_avoidance/share/obstacle_avoidance/hook/cmake_prefix_path.ps1'
[0.911s] INFO:colcon.colcon_core.shell:Creating environment descriptor '/home/fourdds/ros2_ws/install/obstacle_avoidance/share/obstacle_avoidance/hook/cmake_prefix_path.dsv'
[0.912s] INFO:colcon.colcon_core.shell:Creating environment hook '/home/fourdds/ros2_ws/install/obstacle_avoidance/share/obstacle_avoidance/hook/cmake_prefix_path.sh'
[0.913s] Level 1:colcon.colcon_core.environment:checking '/home/fourdds/ros2_ws/install/obstacle_avoidance/lib'
[0.913s] Level 1:colcon.colcon_core.environment:checking '/home/fourdds/ros2_ws/install/obstacle_avoidance/bin'
[0.913s] Level 1:colcon.colcon_core.environment:checking '/home/fourdds/ros2_ws/install/obstacle_avoidance/lib/pkgconfig/obstacle_avoidance.pc'
[0.913s] Level 1:colcon.colcon_core.environment:checking '/home/fourdds/ros2_ws/install/obstacle_avoidance/lib/python3.10/site-packages'
[0.914s] Level 1:colcon.colcon_core.environment:checking '/home/fourdds/ros2_ws/install/obstacle_avoidance/bin'
[0.914s] INFO:colcon.colcon_core.shell:Creating package script '/home/fourdds/ros2_ws/install/obstacle_avoidance/share/obstacle_avoidance/package.ps1'
[0.915s] INFO:colcon.colcon_core.shell:Creating package descriptor '/home/fourdds/ros2_ws/install/obstacle_avoidance/share/obstacle_avoidance/package.dsv'
[0.916s] INFO:colcon.colcon_core.shell:Creating package script '/home/fourdds/ros2_ws/install/obstacle_avoidance/share/obstacle_avoidance/package.sh'
[0.917s] INFO:colcon.colcon_core.shell:Creating package script '/home/fourdds/ros2_ws/install/obstacle_avoidance/share/obstacle_avoidance/package.bash'
[0.917s] INFO:colcon.colcon_core.shell:Creating package script '/home/fourdds/ros2_ws/install/obstacle_avoidance/share/obstacle_avoidance/package.zsh'
[0.918s] Level 1:colcon.colcon_core.environment:create_file_with_runtime_dependencies(/home/fourdds/ros2_ws/install/obstacle_avoidance/share/colcon-core/packages/obstacle_avoidance)
[0.947s] Level 1:colcon.colcon_core.environment:create_environment_scripts_only(obstacle_avoidance)
[0.947s] Level 1:colcon.colcon_core.environment:checking '/home/fourdds/ros2_ws/install/obstacle_avoidance' for CMake module files
[0.947s] Level 1:colcon.colcon_core.environment:checking '/home/fourdds/ros2_ws/install/obstacle_avoidance' for CMake config files
[0.948s] Level 1:colcon.colcon_core.shell:create_environment_hook('obstacle_avoidance', 'cmake_prefix_path')
[0.948s] INFO:colcon.colcon_core.shell:Creating environment hook '/home/fourdds/ros2_ws/install/obstacle_avoidance/share/obstacle_avoidance/hook/cmake_prefix_path.ps1'
[0.949s] INFO:colcon.colcon_core.shell:Creating environment descriptor '/home/fourdds/ros2_ws/install/obstacle_avoidance/share/obstacle_avoidance/hook/cmake_prefix_path.dsv'
[0.949s] INFO:colcon.colcon_core.shell:Creating environment hook '/home/fourdds/ros2_ws/install/obstacle_avoidance/share/obstacle_avoidance/hook/cmake_prefix_path.sh'
[0.951s] Level 1:colcon.colcon_core.environment:checking '/home/fourdds/ros2_ws/install/obstacle_avoidance/lib'
[0.951s] Level 1:colcon.colcon_core.environment:checking '/home/fourdds/ros2_ws/install/obstacle_avoidance/bin'
[0.951s] Level 1:colcon.colcon_core.environment:checking '/home/fourdds/ros2_ws/install/obstacle_avoidance/lib/pkgconfig/obstacle_avoidance.pc'
[0.951s] Level 1:colcon.colcon_core.environment:checking '/home/fourdds/ros2_ws/install/obstacle_avoidance/lib/python3.10/site-packages'
[0.951s] Level 1:colcon.colcon_core.environment:checking '/home/fourdds/ros2_ws/install/obstacle_avoidance/bin'
[0.952s] INFO:colcon.colcon_core.shell:Creating package script '/home/fourdds/ros2_ws/install/obstacle_avoidance/share/obstacle_avoidance/package.ps1'
[0.952s] INFO:colcon.colcon_core.shell:Creating package descriptor '/home/fourdds/ros2_ws/install/obstacle_avoidance/share/obstacle_avoidance/package.dsv'
[0.953s] INFO:colcon.colcon_core.shell:Creating package script '/home/fourdds/ros2_ws/install/obstacle_avoidance/share/obstacle_avoidance/package.sh'
[0.954s] INFO:colcon.colcon_core.shell:Creating package script '/home/fourdds/ros2_ws/install/obstacle_avoidance/share/obstacle_avoidance/package.bash'
[0.955s] INFO:colcon.colcon_core.shell:Creating package script '/home/fourdds/ros2_ws/install/obstacle_avoidance/share/obstacle_avoidance/package.zsh'
[0.956s] Level 1:colcon.colcon_core.environment:create_file_with_runtime_dependencies(/home/fourdds/ros2_ws/install/obstacle_avoidance/share/colcon-core/packages/obstacle_avoidance)
[1.071s] DEBUG:colcon.colcon_core.event_handler.log_command:Invoked command in '/home/fourdds/ros2_ws/build/stigmergy' returned '1': CMAKE_PREFIX_PATH=/opt/ros/humble /usr/bin/cmake /home/fourdds/ros2_ws/src/stigmergy -DAMENT_CMAKE_SYMLINK_INSTALL=1 -DCMAKE_INSTALL_PREFIX=/home/fourdds/ros2_ws/install/stigmergy
[1.084s] Level 1:colcon.colcon_core.environment:create_environment_scripts_only(stigmergy)
[1.085s] Level 1:colcon.colcon_core.environment:checking '/home/fourdds/ros2_ws/install/stigmergy' for CMake module files
[1.085s] Level 1:colcon.colcon_core.environment:checking '/home/fourdds/ros2_ws/install/stigmergy' for CMake config files
[1.086s] Level 1:colcon.colcon_core.environment:checking '/home/fourdds/ros2_ws/install/stigmergy/bin'
[1.086s] Level 1:colcon.colcon_core.environment:checking '/home/fourdds/ros2_ws/install/stigmergy/lib/pkgconfig/stigmergy.pc'
[1.086s] Level 1:colcon.colcon_core.environment:checking '/home/fourdds/ros2_ws/install/stigmergy/lib/python3.10/site-packages'
[1.086s] Level 1:colcon.colcon_core.environment:checking '/home/fourdds/ros2_ws/install/stigmergy/bin'
[1.086s] INFO:colcon.colcon_core.shell:Creating package script '/home/fourdds/ros2_ws/install/stigmergy/share/stigmergy/package.ps1'
[1.087s] INFO:colcon.colcon_core.shell:Creating package descriptor '/home/fourdds/ros2_ws/install/stigmergy/share/stigmergy/package.dsv'
[1.087s] INFO:colcon.colcon_core.shell:Creating package script '/home/fourdds/ros2_ws/install/stigmergy/share/stigmergy/package.sh'
[1.088s] INFO:colcon.colcon_core.shell:Creating package script '/home/fourdds/ros2_ws/install/stigmergy/share/stigmergy/package.bash'
[1.088s] INFO:colcon.colcon_core.shell:Creating package script '/home/fourdds/ros2_ws/install/stigmergy/share/stigmergy/package.zsh'
[1.089s] Level 1:colcon.colcon_core.environment:create_file_with_runtime_dependencies(/home/fourdds/ros2_ws/install/stigmergy/share/colcon-core/packages/stigmergy)
[1.115s] DEBUG:colcon.colcon_core.event_handler.log_command:Invoking command in '/home/fourdds/ros2_ws/build/analysis': PYTHONPATH=/home/fourdds/ros2_ws/build/analysis/prefix_override:/usr/lib/python3/dist-packages/colcon_core/task/python/colcon_distutils_commands:/home/fourdds/ros2_ws/install/analysis/lib/python3.10/site-packages:${PYTHONPATH} /usr/bin/python3 -W ignore:setup.py install is deprecated setup.py develop --editable --build-directory /home/fourdds/ros2_ws/build/analysis/build --no-deps symlink_data
[1.174s] DEBUG:colcon.colcon_core.event_handler.log_command:Invoked command in '/home/fourdds/ros2_ws/build/drone' returned '0': CMAKE_PREFIX_PATH=/opt/ros/humble /usr/bin/cmake /home/fourdds/ros2_ws/src/drone -DAMENT_CMAKE_SYMLINK_INSTALL=1 -DCMAKE_INSTALL_PREFIX=/home/fourdds/ros2_ws/install/drone
[1.176s] DEBUG:colcon.colcon_core.event_handler.log_command:Invoking command in '/home/fourdds/ros2_ws/build/drone': CMAKE_PREFIX_PATH=/opt/ros/humble /usr/bin/cmake --build /home/fourdds/ros2_ws/build/drone -- -j16 -l16
[1.705s] Level 1:colcon.colcon_core.shell:create_environment_hook('analysis', 'pythonpath_develop')
[1.705s] DEBUG:colcon.colcon_core.event_handler.log_command:Invoked command in '/home/fourdds/ros2_ws/build/analysis' returned '0': PYTHONPATH=/home/fourdds/ros2_ws/build/analysis/prefix_override:/usr/lib/python3/dist-packages/colcon_core/task/python/colcon_distutils_commands:/home/fourdds/ros2_ws/install/analysis/lib/python3.10/site-packages:${PYTHONPATH} /usr/bin/python3 -W ignore:setup.py install is deprecated setup.py develop --editable --build-directory /home/fourdds/ros2_ws/build/analysis/build --no-deps symlink_data
[1.706s] INFO:colcon.colcon_core.shell:Creating environment hook '/home/fourdds/ros2_ws/build/analysis/share/analysis/hook/pythonpath_develop.ps1'
[1.708s] INFO:colcon.colcon_core.shell:Creating environment descriptor '/home/fourdds/ros2_ws/build/analysis/share/analysis/hook/pythonpath_develop.dsv'
[1.709s] INFO:colcon.colcon_core.shell:Creating environment hook '/home/fourdds/ros2_ws/build/analysis/share/analysis/hook/pythonpath_develop.sh'
[1.710s] Level 1:colcon.colcon_core.environment:checking '/home/fourdds/ros2_ws/install/analysis' for CMake module files
[1.711s] Level 1:colcon.colcon_core.environment:checking '/home/fourdds/ros2_ws/install/analysis' for CMake config files
[1.711s] Level 1:colcon.colcon_core.environment:checking '/home/fourdds/ros2_ws/install/analysis/lib'
[1.711s] Level 1:colcon.colcon_core.environment:checking '/home/fourdds/ros2_ws/install/analysis/bin'
[1.711s] Level 1:colcon.colcon_core.environment:checking '/home/fourdds/ros2_ws/install/analysis/lib/pkgconfig/analysis.pc'
[1.711s] Level 1:colcon.colcon_core.environment:checking '/home/fourdds/ros2_ws/install/analysis/lib/python3.10/site-packages'
[1.712s] Level 1:colcon.colcon_core.shell:create_environment_hook('analysis', 'pythonpath')
[1.712s] INFO:colcon.colcon_core.shell:Creating environment hook '/home/fourdds/ros2_ws/install/analysis/share/analysis/hook/pythonpath.ps1'
[1.712s] INFO:colcon.colcon_core.shell:Creating environment descriptor '/home/fourdds/ros2_ws/install/analysis/share/analysis/hook/pythonpath.dsv'
[1.713s] INFO:colcon.colcon_core.shell:Creating environment hook '/home/fourdds/ros2_ws/install/analysis/share/analysis/hook/pythonpath.sh'
[1.714s] Level 1:colcon.colcon_core.environment:checking '/home/fourdds/ros2_ws/install/analysis/bin'
[1.714s] Level 1:colcon.colcon_core.environment:create_environment_scripts_only(analysis)
[1.714s] INFO:colcon.colcon_core.shell:Creating package script '/home/fourdds/ros2_ws/install/analysis/share/analysis/package.ps1'
[1.715s] INFO:colcon.colcon_core.shell:Creating package descriptor '/home/fourdds/ros2_ws/install/analysis/share/analysis/package.dsv'
[1.716s] INFO:colcon.colcon_core.shell:Creating package script '/home/fourdds/ros2_ws/install/analysis/share/analysis/package.sh'
[1.716s] INFO:colcon.colcon_core.shell:Creating package script '/home/fourdds/ros2_ws/install/analysis/share/analysis/package.bash'
[1.717s] INFO:colcon.colcon_core.shell:Creating package script '/home/fourdds/ros2_ws/install/analysis/share/analysis/package.zsh'
[1.717s] Level 1:colcon.colcon_core.environment:create_file_with_runtime_dependencies(/home/fourdds/ros2_ws/install/analysis/share/colcon-core/packages/analysis)
[8.286s] Level 1:colcon.colcon_core.environment:create_environment_scripts_only(px4_msgs)
[8.286s] Level 1:colcon.colcon_core.environment:checking '/home/fourdds/ros2_ws/install/px4_msgs' for CMake module files
[8.287s] Level 1:colcon.colcon_core.environment:checking '/home/fourdds/ros2_ws/install/px4_msgs' for CMake config files
[8.287s] Level 1:colcon.colcon_core.shell:create_environment_hook('px4_msgs', 'cmake_prefix_path')
[8.288s] INFO:colcon.colcon_core.shell:Creating environment hook '/home/fourdds/ros2_ws/install/px4_msgs/share/px4_msgs/hook/cmake_prefix_path.ps1'
[8.288s] INFO:colcon.colcon_core.shell:Creating environment descriptor '/home/fourdds/ros2_ws/install/px4_msgs/share/px4_msgs/hook/cmake_prefix_path.dsv'
[8.289s] INFO:colcon.colcon_core.shell:Creating environment hook '/home/fourdds/ros2_ws/install/px4_msgs/share/px4_msgs/hook/cmake_prefix_path.sh'
[8.290s] Level 1:colcon.colcon_core.environment:checking '/home/fourdds/ros2_ws/install/px4_msgs/lib'
[8.290s] Level 1:colcon.colcon_core.shell:create_environment_hook('px4_msgs', 'ld_library_path_lib')
[8.290s] INFO:colcon.colcon_core.shell:Creating environment hook '/home/fourdds/ros2_ws/install/px4_msgs/share/px4_msgs/hook/ld_library_path_lib.ps1'
[8.291s] INFO:colcon.colcon_core.shell:Creating environment descriptor '/home/fourdds/ros2_ws/install/px4_msgs/share/px4_msgs/hook/ld_library_path_lib.dsv'
[8.291s] INFO:colcon.colcon_core.shell:Creating environment hook '/home/fourdds/ros2_ws/install/px4_msgs/share/px4_msgs/hook/ld_library_path_lib.sh'
[8.292s] Level 1:colcon.colcon_core.environment:checking '/home/fourdds/ros2_ws/install/px4_msgs/bin'
[8.292s] Level 1:colcon.colcon_core.environment:checking '/home/fourdds/ros2_ws/install/px4_msgs/lib/pkgconfig/px4_msgs.pc'
[8.293s] Level 1:colcon.colcon_core.environment:checking '/home/fourdds/ros2_ws/install/px4_msgs/lib/python3.10/site-packages'
[8.293s] Level 1:colcon.colcon_core.environment:checking '/home/fourdds/ros2_ws/install/px4_msgs/bin'
[8.293s] INFO:colcon.colcon_core.shell:Creating package script '/home/fourdds/ros2_ws/install/px4_msgs/share/px4_msgs/package.ps1'
[8.294s] INFO:colcon.colcon_core.shell:Creating package descriptor '/home/fourdds/ros2_ws/install/px4_msgs/share/px4_msgs/package.dsv'
[8.295s] INFO:colcon.colcon_core.shell:Creating package script '/home/fourdds/ros2_ws/install/px4_msgs/share/px4_msgs/package.sh'
[8.295s] INFO:colcon.colcon_core.shell:Creating package script '/home/fourdds/ros2_ws/install/px4_msgs/share/px4_msgs/package.bash'
[8.296s] INFO:colcon.colcon_core.shell:Creating package script '/home/fourdds/ros2_ws/install/px4_msgs/share/px4_msgs/package.zsh'
[8.297s] Level 1:colcon.colcon_core.environment:create_file_with_runtime_dependencies(/home/fourdds/ros2_ws/install/px4_msgs/share/colcon-core/packages/px4_msgs)
[29.462s] DEBUG:colcon.colcon_core.event_handler.log_command:Invoked command in '/home/fourdds/ros2_ws/build/drone' returned '0': CMAKE_PREFIX_PATH=/opt/ros/humble /usr/bin/cmake --build /home/fourdds/ros2_ws/build/drone -- -j16 -l16
[29.501s] DEBUG:colcon.colcon_core.event_handler.log_command:Invoking command in '/home/fourdds/ros2_ws/build/drone': CMAKE_PREFIX_PATH=/opt/ros/humble /usr/bin/cmake --install /home/fourdds/ros2_ws/build/drone
[29.521s] Level 1:colcon.colcon_core.environment:create_environment_scripts_only(drone)
[29.522s] Level 1:colcon.colcon_core.environment:checking '/home/fourdds/ros2_ws/install/drone' for CMake module files
[29.522s] DEBUG:colcon.colcon_core.event_handler.log_command:Invoked command in '/home/fourdds/ros2_ws/build/drone' returned '0': CMAKE_PREFIX_PATH=/opt/ros/humble /usr/bin/cmake --install /home/fourdds/ros2_ws/build/drone
[29.523s] Level 1:colcon.colcon_core.environment:checking '/home/fourdds/ros2_ws/install/drone' for CMake config files
[29.523s] Level 1:colcon.colcon_core.shell:create_environment_hook('drone', 'cmake_prefix_path')
[29.524s] INFO:colcon.colcon_core.shell:Creating environment hook '/home/fourdds/ros2_ws/install/drone/share/drone/hook/cmake_prefix_path.ps1'
[29.525s] INFO:colcon.colcon_core.shell:Creating environment descriptor '/home/fourdds/ros2_ws/install/drone/share/drone/hook/cmake_prefix_path.dsv'
[29.525s] INFO:colcon.colcon_core.shell:Creating environment hook '/home/fourdds/ros2_ws/install/drone/share/drone/hook/cmake_prefix_path.sh'
[29.526s] Level 1:colcon.colcon_core.environment:checking '/home/fourdds/ros2_ws/install/drone/lib'
[29.526s] Level 1:colcon.colcon_core.environment:checking '/home/fourdds/ros2_ws/install/drone/bin'
[29.526s] Level 1:colcon.colcon_core.environment:checking '/home/fourdds/ros2_ws/install/drone/lib/pkgconfig/drone.pc'
[29.527s] Level 1:colcon.colcon_core.environment:checking '/home/fourdds/ros2_ws/install/drone/lib/python3.10/site-packages'
[29.527s] Level 1:colcon.colcon_core.environment:checking '/home/fourdds/ros2_ws/install/drone/bin'
[29.527s] INFO:colcon.colcon_core.shell:Creating package script '/home/fourdds/ros2_ws/install/drone/share/drone/package.ps1'
[29.528s] INFO:colcon.colcon_core.shell:Creating package descriptor '/home/fourdds/ros2_ws/install/drone/share/drone/package.dsv'
[29.529s] INFO:colcon.colcon_core.shell:Creating package script '/home/fourdds/ros2_ws/install/drone/share/drone/package.sh'
[29.529s] INFO:colcon.colcon_core.shell:Creating package script '/home/fourdds/ros2_ws/install/drone/share/drone/package.bash'
[29.530s] INFO:colcon.colcon_core.shell:Creating package script '/home/fourdds/ros2_ws/install/drone/share/drone/package.zsh'
[29.530s] Level 1:colcon.colcon_core.environment:create_file_with_runtime_dependencies(/home/fourdds/ros2_ws/install/drone/share/colcon-core/packages/drone)
[29.567s] Level 1:colcon.colcon_core.environment:create_environment_scripts_only(drone)
[29.568s] Level 1:colcon.colcon_core.environment:checking '/home/fourdds/ros2_ws/install/drone' for CMake module files
[29.568s] Level 1:colcon.colcon_core.environment:checking '/home/fourdds/ros2_ws/install/drone' for CMake config files
[29.568s] Level 1:colcon.colcon_core.shell:create_environment_hook('drone', 'cmake_prefix_path')
[29.569s] INFO:colcon.colcon_core.shell:Creating environment hook '/home/fourdds/ros2_ws/install/drone/share/drone/hook/cmake_prefix_path.ps1'
[29.569s] INFO:colcon.colcon_core.shell:Creating environment descriptor '/home/fourdds/ros2_ws/install/drone/share/drone/hook/cmake_prefix_path.dsv'
[29.570s] INFO:colcon.colcon_core.shell:Creating environment hook '/home/fourdds/ros2_ws/install/drone/share/drone/hook/cmake_prefix_path.sh'
[29.570s] Level 1:colcon.colcon_core.environment:checking '/home/fourdds/ros2_ws/install/drone/lib'
[29.570s] Level 1:colcon.colcon_core.environment:checking '/home/fourdds/ros2_ws/install/drone/bin'
[29.571s] Level 1:colcon.colcon_core.environment:checking '/home/fourdds/ros2_ws/install/drone/lib/pkgconfig/drone.pc'
[29.571s] Level 1:colcon.colcon_core.environment:checking '/home/fourdds/ros2_ws/install/drone/lib/python3.10/site-packages'
[29.571s] Level 1:colcon.colcon_core.environment:checking '/home/fourdds/ros2_ws/install/drone/bin'
[29.571s] INFO:colcon.colcon_core.shell:Creating package script '/home/fourdds/ros2_ws/install/drone/share/drone/package.ps1'
[29.572s] INFO:colcon.colcon_core.shell:Creating package descriptor '/home/fourdds/ros2_ws/install/drone/share/drone/package.dsv'
[29.572s] INFO:colcon.colcon_core.shell:Creating package script '/home/fourdds/ros2_ws/install/drone/share/drone/package.sh'
[29.573s] INFO:colcon.colcon_core.shell:Creating package script '/home/fourdds/ros2_ws/install/drone/share/drone/package.bash'
[29.573s] INFO:colcon.colcon_core.shell:Creating package script '/home/fourdds/ros2_ws/install/drone/share/drone/package.zsh'
[29.574s] Level 1:colcon.colcon_core.environment:create_file_with_runtime_dependencies(/home/fourdds/ros2_ws/install/drone/share/colcon-core/packages/drone)
[29.574s] DEBUG:colcon.colcon_parallel_executor.executor.parallel:closing loop
[29.575s] DEBUG:colcon.colcon_parallel_executor.executor.parallel:loop closed
[29.575s] DEBUG:colcon.colcon_parallel_executor.executor.parallel:run_until_complete finished with '2'
[29.575s] DEBUG:colcon.colcon_core.event_reactor:joining thread
[29.587s] INFO:colcon.colcon_core.plugin_system:Skipping extension 'colcon_notification.desktop_notification.notify_send': Could not find 'notify-send'
[29.588s] INFO:colcon.colcon_core.plugin_system:Skipping extension 'colcon_notification.desktop_notification.terminal_notifier': Not used on non-Darwin systems
[29.588s] INFO:colcon.colcon_core.plugin_system:Skipping extension 'colcon_notification.desktop_notification.win32': Not used on non-Windows systems
[29.588s] INFO:colcon.colcon_notification.desktop_notification:Sending desktop notification using 'notify2'
[29.590s] DEBUG:colcon.colcon_notification.desktop_notification.notify2:Failed to initialize notify2: org.freedesktop.DBus.Error.ServiceUnknown: The name org.freedesktop.Notifications was not provided by any .service files
[29.591s] DEBUG:colcon.colcon_core.event_reactor:joined thread
[29.591s] INFO:colcon.colcon_core.shell:Creating prefix script '/home/fourdds/ros2_ws/install/local_setup.ps1'
[29.592s] INFO:colcon.colcon_core.shell:Creating prefix util module '/home/fourdds/ros2_ws/install/_local_setup_util_ps1.py'
[29.594s] INFO:colcon.colcon_core.shell:Creating prefix chain script '/home/fourdds/ros2_ws/install/setup.ps1'
[29.595s] INFO:colcon.colcon_core.shell:Creating prefix script '/home/fourdds/ros2_ws/install/local_setup.sh'
[29.595s] INFO:colcon.colcon_core.shell:Creating prefix util module '/home/fourdds/ros2_ws/install/_local_setup_util_sh.py'
[29.596s] INFO:colcon.colcon_core.shell:Creating prefix chain script '/home/fourdds/ros2_ws/install/setup.sh'
[29.597s] INFO:colcon.colcon_core.shell:Creating prefix script '/home/fourdds/ros2_ws/install/local_setup.bash'
[29.598s] INFO:colcon.colcon_core.shell:Creating prefix chain script '/home/fourdds/ros2_ws/install/setup.bash'
[29.598s] INFO:colcon.colcon_core.shell:Creating prefix script '/home/fourdds/ros2_ws/install/local_setup.zsh'
[29.599s] INFO:colcon.colcon_core.shell:Creating prefix chain script '/home/fourdds/ros2_ws/install/setup.zsh'
