[0.016s] Invoking command in '/home/fourdds/ros2_ws/build/drone': CMAKE_PREFIX_PATH=/opt/ros/humble /usr/bin/cmake --build /home/fourdds/ros2_ws/build/drone -- -j16 -l16
[0.062s] [35m[1mConsolidate compiler generated dependencies of target Drone[0m
[0.093s] [ 33%] [32mBuilding CXX object CMakeFiles/Drone.dir/src/Drone.cpp.o[0m
[31.687s] [ 66%] [32m[1mLinking CXX executable Drone[0m
[32.405s] [100%] Built target Drone
[32.419s] Invoked command in '/home/fourdds/ros2_ws/build/drone' returned '0': CMAKE_PREFIX_PATH=/opt/ros/humble /usr/bin/cmake --build /home/fourdds/ros2_ws/build/drone -- -j16 -l16
[32.463s] Invoking command in '/home/fourdds/ros2_ws/build/drone': CMAKE_PREFIX_PATH=/opt/ros/humble /usr/bin/cmake --install /home/fourdds/ros2_ws/build/drone
[32.470s] -- Install configuration: ""
[32.471s] -- Execute custom install script
[32.472s] -- Up-to-date symlink: /home/fourdds/ros2_ws/install/drone/lib/drone/Drone
[32.472s] -- Up-to-date symlink: /home/fourdds/ros2_ws/install/drone/share/ament_index/resource_index/package_run_dependencies/drone
[32.472s] -- Up-to-date symlink: /home/fourdds/ros2_ws/install/drone/share/ament_index/resource_index/parent_prefix_path/drone
[32.472s] -- Up-to-date symlink: /home/fourdds/ros2_ws/install/drone/share/drone/environment/ament_prefix_path.sh
[32.473s] -- Up-to-date symlink: /home/fourdds/ros2_ws/install/drone/share/drone/environment/ament_prefix_path.dsv
[32.473s] -- Up-to-date symlink: /home/fourdds/ros2_ws/install/drone/share/drone/environment/path.sh
[32.473s] -- Up-to-date symlink: /home/fourdds/ros2_ws/install/drone/share/drone/environment/path.dsv
[32.473s] -- Up-to-date symlink: /home/fourdds/ros2_ws/install/drone/share/drone/local_setup.bash
[32.474s] -- Up-to-date symlink: /home/fourdds/ros2_ws/install/drone/share/drone/local_setup.sh
[32.474s] -- Up-to-date symlink: /home/fourdds/ros2_ws/install/drone/share/drone/local_setup.zsh
[32.475s] -- Up-to-date symlink: /home/fourdds/ros2_ws/install/drone/share/drone/local_setup.dsv
[32.475s] -- Symlinking: /home/fourdds/ros2_ws/install/drone/share/drone/package.dsv
[32.485s] -- Up-to-date symlink: /home/fourdds/ros2_ws/install/drone/share/ament_index/resource_index/packages/drone
[32.486s] -- Up-to-date symlink: /home/fourdds/ros2_ws/install/drone/share/drone/cmake/droneConfig.cmake
[32.486s] -- Up-to-date symlink: /home/fourdds/ros2_ws/install/drone/share/drone/cmake/droneConfig-version.cmake
[32.486s] -- Up-to-date symlink: /home/fourdds/ros2_ws/install/drone/share/drone/package.xml
[32.490s] Invoked command in '/home/fourdds/ros2_ws/build/drone' returned '0': CMAKE_PREFIX_PATH=/opt/ros/humble /usr/bin/cmake --install /home/fourdds/ros2_ws/build/drone
