[0.241s] Invoking command in '/home/fourdds/ros2_ws/build/target_detection': CMAKE_PREFIX_PATH=/opt/ros/humble /usr/bin/cmake --build /home/fourdds/ros2_ws/build/target_detection -- -j16 -l16
[0.319s] [100%] Built target TargetDetection
[0.333s] Invoked command in '/home/fourdds/ros2_ws/build/target_detection' returned '0': CMAKE_PREFIX_PATH=/opt/ros/humble /usr/bin/cmake --build /home/fourdds/ros2_ws/build/target_detection -- -j16 -l16
[0.381s] Invoking command in '/home/fourdds/ros2_ws/build/target_detection': CMAKE_PREFIX_PATH=/opt/ros/humble /usr/bin/cmake --install /home/fourdds/ros2_ws/build/target_detection
[0.401s] -- Install configuration: ""
[0.402s] -- Execute custom install script
[0.403s] -- Up-to-date symlink: /home/fourdds/ros2_ws/install/target_detection/share/target_detection/environment/library_path.sh
[0.403s] -- Up-to-date symlink: /home/fourdds/ros2_ws/install/target_detection/share/target_detection/environment/library_path.dsv
[0.404s] -- Up-to-date symlink: /home/fourdds/ros2_ws/install/target_detection/include/target_detection/TargetDetection.hpp
[0.405s] -- Up-to-date symlink: /home/fourdds/ros2_ws/install/target_detection/share/ament_index/resource_index/package_run_dependencies/target_detection
[0.405s] -- Up-to-date symlink: /home/fourdds/ros2_ws/install/target_detection/share/ament_index/resource_index/parent_prefix_path/target_detection
[0.406s] -- Up-to-date symlink: /home/fourdds/ros2_ws/install/target_detection/share/target_detection/environment/ament_prefix_path.sh
[0.406s] -- Up-to-date symlink: /home/fourdds/ros2_ws/install/target_detection/share/target_detection/environment/ament_prefix_path.dsv
[0.406s] -- Up-to-date symlink: /home/fourdds/ros2_ws/install/target_detection/share/target_detection/environment/path.sh
[0.406s] -- Up-to-date symlink: /home/fourdds/ros2_ws/install/target_detection/share/target_detection/environment/path.dsv
[0.408s] -- Up-to-date symlink: /home/fourdds/ros2_ws/install/target_detection/share/target_detection/local_setup.bash
[0.409s] -- Up-to-date symlink: /home/fourdds/ros2_ws/install/target_detection/share/target_detection/local_setup.sh
[0.409s] -- Up-to-date symlink: /home/fourdds/ros2_ws/install/target_detection/share/target_detection/local_setup.zsh
[0.409s] -- Up-to-date symlink: /home/fourdds/ros2_ws/install/target_detection/share/target_detection/local_setup.dsv
[0.410s] -- Symlinking: /home/fourdds/ros2_ws/install/target_detection/share/target_detection/package.dsv
[0.414s] -- Up-to-date symlink: /home/fourdds/ros2_ws/install/target_detection/share/ament_index/resource_index/packages/target_detection
[0.415s] -- Up-to-date symlink: /home/fourdds/ros2_ws/install/target_detection/share/target_detection/cmake/ament_cmake_export_include_directories-extras.cmake
[0.415s] -- Up-to-date symlink: /home/fourdds/ros2_ws/install/target_detection/share/target_detection/cmake/ament_cmake_export_libraries-extras.cmake
[0.415s] -- Up-to-date symlink: /home/fourdds/ros2_ws/install/target_detection/share/target_detection/cmake/target_detectionConfig.cmake
[0.416s] -- Up-to-date symlink: /home/fourdds/ros2_ws/install/target_detection/share/target_detection/cmake/target_detectionConfig-version.cmake
[0.418s] -- Up-to-date symlink: /home/fourdds/ros2_ws/install/target_detection/share/target_detection/package.xml
[0.419s] -- Up-to-date: /home/fourdds/ros2_ws/install/target_detection/lib/libTargetDetection.a
[0.461s] Invoked command in '/home/fourdds/ros2_ws/build/target_detection' returned '0': CMAKE_PREFIX_PATH=/opt/ros/humble /usr/bin/cmake --install /home/fourdds/ros2_ws/build/target_detection
