[0.047s] Invoking command in '/home/fourdds/ros2_ws/build/parameters': CMAKE_PREFIX_PATH=/opt/ros/humble /usr/bin/cmake --build /home/fourdds/ros2_ws/build/parameters -- -j16 -l16
[0.432s] [100%] Built target Parameters
[0.458s] Invoked command in '/home/fourdds/ros2_ws/build/parameters' returned '0': CMAKE_PREFIX_PATH=/opt/ros/humble /usr/bin/cmake --build /home/fourdds/ros2_ws/build/parameters -- -j16 -l16
[0.523s] Invoking command in '/home/fourdds/ros2_ws/build/parameters': CMAKE_PREFIX_PATH=/opt/ros/humble /usr/bin/cmake --install /home/fourdds/ros2_ws/build/parameters
[0.535s] -- Install configuration: ""
[0.536s] -- Execute custom install script
[0.536s] -- Up-to-date symlink: /home/fourdds/ros2_ws/install/parameters/share/parameters/environment/library_path.sh
[0.536s] -- Up-to-date symlink: /home/fourdds/ros2_ws/install/parameters/share/parameters/environment/library_path.dsv
[0.540s] -- Up-to-date symlink: /home/fourdds/ros2_ws/install/parameters/include/parameters/Parameters.hpp
[0.541s] -- Up-to-date symlink: /home/fourdds/ros2_ws/install/parameters/include/parameters/yaml.hpp
[0.541s] -- Up-to-date symlink: /home/fourdds/ros2_ws/install/parameters/share/ament_index/resource_index/package_run_dependencies/parameters
[0.541s] -- Up-to-date symlink: /home/fourdds/ros2_ws/install/parameters/share/ament_index/resource_index/parent_prefix_path/parameters
[0.541s] -- Up-to-date symlink: /home/fourdds/ros2_ws/install/parameters/share/parameters/environment/ament_prefix_path.sh
[0.541s] -- Up-to-date symlink: /home/fourdds/ros2_ws/install/parameters/share/parameters/environment/ament_prefix_path.dsv
[0.541s] -- Up-to-date symlink: /home/fourdds/ros2_ws/install/parameters/share/parameters/environment/path.sh
[0.541s] -- Up-to-date symlink: /home/fourdds/ros2_ws/install/parameters/share/parameters/environment/path.dsv
[0.543s] -- Up-to-date symlink: /home/fourdds/ros2_ws/install/parameters/share/parameters/local_setup.bash
[0.543s] -- Up-to-date symlink: /home/fourdds/ros2_ws/install/parameters/share/parameters/local_setup.sh
[0.544s] -- Up-to-date symlink: /home/fourdds/ros2_ws/install/parameters/share/parameters/local_setup.zsh
[0.544s] -- Up-to-date symlink: /home/fourdds/ros2_ws/install/parameters/share/parameters/local_setup.dsv
[0.544s] -- Symlinking: /home/fourdds/ros2_ws/install/parameters/share/parameters/package.dsv
[0.561s] -- Up-to-date symlink: /home/fourdds/ros2_ws/install/parameters/share/ament_index/resource_index/packages/parameters
[0.561s] -- Up-to-date symlink: /home/fourdds/ros2_ws/install/parameters/share/parameters/cmake/ament_cmake_export_include_directories-extras.cmake
[0.561s] -- Up-to-date symlink: /home/fourdds/ros2_ws/install/parameters/share/parameters/cmake/ament_cmake_export_libraries-extras.cmake
[0.562s] -- Up-to-date symlink: /home/fourdds/ros2_ws/install/parameters/share/parameters/cmake/parametersConfig.cmake
[0.562s] -- Up-to-date symlink: /home/fourdds/ros2_ws/install/parameters/share/parameters/cmake/parametersConfig-version.cmake
[0.566s] -- Up-to-date symlink: /home/fourdds/ros2_ws/install/parameters/share/parameters/package.xml
[0.566s] -- Up-to-date: /home/fourdds/ros2_ws/install/parameters/lib/libParameters.a
[0.576s] Invoked command in '/home/fourdds/ros2_ws/build/parameters' returned '0': CMAKE_PREFIX_PATH=/opt/ros/humble /usr/bin/cmake --install /home/fourdds/ros2_ws/build/parameters
