[0.687s] Invoking command in '/home/fourdds/ros2_ws/build/stigmergy_map': CMAKE_PREFIX_PATH=/opt/ros/humble /usr/bin/cmake --build /home/fourdds/ros2_ws/build/stigmergy_map -- -j16 -l16
[0.943s] [100%] Built target StigmergyMap
[0.997s] Invoked command in '/home/fourdds/ros2_ws/build/stigmergy_map' returned '0': CMAKE_PREFIX_PATH=/opt/ros/humble /usr/bin/cmake --build /home/fourdds/ros2_ws/build/stigmergy_map -- -j16 -l16
[1.206s] Invoking command in '/home/fourdds/ros2_ws/build/stigmergy_map': CMAKE_PREFIX_PATH=/opt/ros/humble /usr/bin/cmake --install /home/fourdds/ros2_ws/build/stigmergy_map
[1.215s] -- Install configuration: ""
[1.218s] -- Execute custom install script
[1.220s] -- Up-to-date symlink: /home/fourdds/ros2_ws/install/stigmergy_map/lib/stigmergy_map/StigmergyMap
[1.221s] -- Up-to-date symlink: /home/fourdds/ros2_ws/install/stigmergy_map/share/ament_index/resource_index/package_run_dependencies/stigmergy_map
[1.221s] -- Up-to-date symlink: /home/fourdds/ros2_ws/install/stigmergy_map/share/ament_index/resource_index/parent_prefix_path/stigmergy_map
[1.222s] -- Up-to-date symlink: /home/fourdds/ros2_ws/install/stigmergy_map/share/stigmergy_map/environment/ament_prefix_path.sh
[1.222s] -- Up-to-date symlink: /home/fourdds/ros2_ws/install/stigmergy_map/share/stigmergy_map/environment/ament_prefix_path.dsv
[1.222s] -- Up-to-date symlink: /home/fourdds/ros2_ws/install/stigmergy_map/share/stigmergy_map/environment/path.sh
[1.222s] -- Up-to-date symlink: /home/fourdds/ros2_ws/install/stigmergy_map/share/stigmergy_map/environment/path.dsv
[1.223s] -- Up-to-date symlink: /home/fourdds/ros2_ws/install/stigmergy_map/share/stigmergy_map/local_setup.bash
[1.223s] -- Up-to-date symlink: /home/fourdds/ros2_ws/install/stigmergy_map/share/stigmergy_map/local_setup.sh
[1.224s] -- Up-to-date symlink: /home/fourdds/ros2_ws/install/stigmergy_map/share/stigmergy_map/local_setup.zsh
[1.225s] -- Up-to-date symlink: /home/fourdds/ros2_ws/install/stigmergy_map/share/stigmergy_map/local_setup.dsv
[1.226s] -- Symlinking: /home/fourdds/ros2_ws/install/stigmergy_map/share/stigmergy_map/package.dsv
[1.227s] -- Up-to-date symlink: /home/fourdds/ros2_ws/install/stigmergy_map/share/ament_index/resource_index/packages/stigmergy_map
[1.227s] -- Up-to-date symlink: /home/fourdds/ros2_ws/install/stigmergy_map/share/stigmergy_map/cmake/stigmergy_mapConfig.cmake
[1.228s] -- Up-to-date symlink: /home/fourdds/ros2_ws/install/stigmergy_map/share/stigmergy_map/cmake/stigmergy_mapConfig-version.cmake
[1.228s] -- Up-to-date symlink: /home/fourdds/ros2_ws/install/stigmergy_map/share/stigmergy_map/package.xml
[1.297s] Invoked command in '/home/fourdds/ros2_ws/build/stigmergy_map' returned '0': CMAKE_PREFIX_PATH=/opt/ros/humble /usr/bin/cmake --install /home/fourdds/ros2_ws/build/stigmergy_map
