-- Found ament_cmake: 1.3.8 (/opt/ros/humble/share/ament_cmake/cmake)
-- Found builtin_interfaces: 1.2.1 (/opt/ros/humble/share/builtin_interfaces/cmake)
-- Found rosidl_generator_c: 3.1.5 (/opt/ros/humble/share/rosidl_generator_c/cmake)
-- Found rosidl_adapter: 3.1.5 (/opt/ros/humble/share/rosidl_adapter/cmake)
-- Found rosidl_generator_cpp: 3.1.5 (/opt/ros/humble/share/rosidl_generator_cpp/cmake)
-- Using all available rosidl_typesupport_c: rosidl_typesupport_fastrtps_c;rosidl_typesupport_introspection_c
-- Using all available rosidl_typesupport_cpp: rosidl_typesupport_fastrtps_cpp;rosidl_typesupport_introspection_cpp
-- Found eigen3_cmake_module: 0.1.1 (/opt/ros/humble/share/eigen3_cmake_module/cmake)
-- Found geometry_msgs: 4.2.3 (/opt/ros/humble/share/geometry_msgs/cmake)
-- Found px4_msgs: 2.0.1 (/home/fourdds/ros2_ws/install/px4_msgs/share/px4_msgs/cmake)
-- Found rclcpp: 16.0.8 (/opt/ros/humble/share/rclcpp/cmake)
-- Found rmw_implementation_cmake: 6.1.1 (/opt/ros/humble/share/rmw_implementation_cmake/cmake)
-- Found rmw_fastrtps_cpp: 6.2.6 (/opt/ros/humble/share/rmw_fastrtps_cpp/cmake)
-- Using RMW implementation 'rmw_fastrtps_cpp' as default
-- Found sensor_msgs: 4.2.3 (/opt/ros/humble/share/sensor_msgs/cmake)
-- Found rclpy: 3.3.12 (/opt/ros/humble/share/rclpy/cmake)
-- Found ament_lint_auto: 0.12.10 (/opt/ros/humble/share/ament_lint_auto/cmake)
-- Added test 'copyright' to check source files copyright and LICENSE
-- Added test 'cppcheck' to perform static code analysis on C / C++ code
-- Configured cppcheck include dirs: /home/fourdds/ros2_ws/src/boids/include;$<BUILD_INTERFACE:/home/fourdds/ros2_ws/src/boids/include/boids>
-- Configured cppcheck exclude dirs and/or files: 
-- Added test 'cpplint' to check C / C++ code against the Google style
-- Configured cpplint exclude dirs and/or files: 
-- Added test 'flake8' to check Python code syntax and style conventions
-- Added test 'lint_cmake' to check CMake code style
-- Added test 'pep257' to check Python code against some of the docstring style conventions in PEP 257
-- Added test 'uncrustify' to check C / C++ code style
-- Configured uncrustify additional arguments: 
-- Added test 'xmllint' to check XML markup files
-- Configuring done
-- Generating done
-- Build files have been written to: /home/fourdds/ros2_ws/build/boids
[35m[1mConsolidate compiler generated dependencies of target frame_transforms[0m
[ 20%] [32mBuilding CXX object CMakeFiles/uavs_spawner.dir/src/uav_node.cpp.o[0m
[ 40%] [32mBuilding CXX object CMakeFiles/uavs_spawner.dir/src/main.cpp.o[0m
[ 80%] Built target frame_transforms
In file included from [01m[K/home/fourdds/ros2_ws/src/boids/src/main.cpp:1[m[K:
[01m[K/home/fourdds/ros2_ws/src/boids/src/uav_node.hpp:70:10:[m[K [01;31m[Kerror: [m[K‘[01m[Kvoid uav_node::disarm_sync()[m[K’ cannot be overloaded with ‘[01m[Kvoid uav_node::disarm_sync()[m[K’
   70 |     void [01;31m[Kdisarm_sync[m[K();
      |          [01;31m[K^~~~~~~~~~~[m[K
[01m[K/home/fourdds/ros2_ws/src/boids/src/uav_node.hpp:69:10:[m[K [01;36m[Knote: [m[Kprevious declaration ‘[01m[Kvoid uav_node::disarm_sync()[m[K’
   69 |     void [01;36m[Kdisarm_sync[m[K();
      |          [01;36m[K^~~~~~~~~~~[m[K
In file included from [01m[K/home/fourdds/ros2_ws/src/boids/src/uav_node.cpp:1[m[K:
[01m[K/home/fourdds/ros2_ws/src/boids/src/uav_node.hpp:70:10:[m[K [01;31m[Kerror: [m[K‘[01m[Kvoid uav_node::disarm_sync()[m[K’ cannot be overloaded with ‘[01m[Kvoid uav_node::disarm_sync()[m[K’
   70 |     void [01;31m[Kdisarm_sync[m[K();
      |          [01;31m[K^~~~~~~~~~~[m[K
[01m[K/home/fourdds/ros2_ws/src/boids/src/uav_node.hpp:69:10:[m[K [01;36m[Knote: [m[Kprevious declaration ‘[01m[Kvoid uav_node::disarm_sync()[m[K’
   69 |     void [01;36m[Kdisarm_sync[m[K();
      |          [01;36m[K^~~~~~~~~~~[m[K
[01m[K/home/fourdds/ros2_ws/src/boids/src/uav_node.cpp:3:1:[m[K [01;31m[Kerror: [m[K‘[01m[Kexplicit[m[K’ outside class declaration
    3 | [01;31m[Kexplicit[m[K uav_node::uav_node(const uint8_t vehicle_id) noexcept : Node("uav_node"), vehicle_id_(vehicle_id)
      | [01;31m[K^~~~~~~~[m[K
[01m[K/home/fourdds/ros2_ws/src/boids/src/uav_node.cpp:72:6:[m[K [01;31m[Kerror: [m[Kdeclaration of ‘[01m[Kvoid uav_node::takeoff(float) noexcept[m[K’ has a different exception specifier
   72 | void [01;31m[Kuav_node[m[K::takeoff(const float altitude_m) noexcept
      |      [01;31m[K^~~~~~~~[m[K
In file included from [01m[K/home/fourdds/ros2_ws/src/boids/src/uav_node.cpp:1[m[K:
[01m[K/home/fourdds/ros2_ws/src/boids/src/uav_node.hpp:71:10:[m[K [01;36m[Knote: [m[Kfrom previous declaration ‘[01m[Kvoid uav_node::takeoff(float)[m[K’
   71 |     void [01;36m[Ktakeoff[m[K(const float altitude_m);
      |          [01;36m[K^~~~~~~[m[K
gmake[2]: *** [CMakeFiles/uavs_spawner.dir/build.make:90: CMakeFiles/uavs_spawner.dir/src/main.cpp.o] Error 1
gmake[2]: *** Waiting for unfinished jobs....
In file included from [01m[K/opt/ros/humble/include/rclcpp/rclcpp/client.hpp:39[m[K,
                 from [01m[K/opt/ros/humble/include/rclcpp/rclcpp/callback_group.hpp:24[m[K,
                 from [01m[K/opt/ros/humble/include/rclcpp/rclcpp/any_executable.hpp:20[m[K,
                 from [01m[K/opt/ros/humble/include/rclcpp/rclcpp/memory_strategy.hpp:25[m[K,
                 from [01m[K/opt/ros/humble/include/rclcpp/rclcpp/memory_strategies.hpp:18[m[K,
                 from [01m[K/opt/ros/humble/include/rclcpp/rclcpp/executor_options.hpp:20[m[K,
                 from [01m[K/opt/ros/humble/include/rclcpp/rclcpp/executor.hpp:37[m[K,
                 from [01m[K/opt/ros/humble/include/rclcpp/rclcpp/executors/multi_threaded_executor.hpp:25[m[K,
                 from [01m[K/opt/ros/humble/include/rclcpp/rclcpp/executors.hpp:21[m[K,
                 from [01m[K/opt/ros/humble/include/rclcpp/rclcpp/rclcpp.hpp:155[m[K,
                 from [01m[K/home/fourdds/ros2_ws/src/boids/src/uav_node.hpp:3[m[K,
                 from [01m[K/home/fourdds/ros2_ws/src/boids/src/uav_node.cpp:1[m[K:
/opt/ros/humble/include/rclcpp/rclcpp/function_traits.hpp: In instantiation of ‘[01m[Kstruct rclcpp::function_traits::function_traits<std::_Bind<void (uav_node::*(uav_node*, std::_Placeholder<1>))(std::shared_ptr<const px4_msgs::msg::SensorGps_<std::allocator<void> > >) noexcept> >[m[K’:
[01m[K/opt/ros/humble/include/rclcpp/rclcpp/any_subscription_callback.hpp:380:10:[m[K   recursively required by substitution of ‘[01m[Ktemplate<class MessageT, class CallbackT> struct rclcpp::detail::SubscriptionCallbackTypeHelper<MessageT, CallbackT, typename std::enable_if<rclcpp::function_traits::same_arguments<CallbackT, std::function<void(std::shared_ptr<_Tp>, const rclcpp::MessageInfo&)> >::value, void>::type> [with MessageT = px4_msgs::msg::SensorGps_<std::allocator<void> >; CallbackT = std::_Bind<void (uav_node::*(uav_node*, std::_Placeholder<1>))(std::shared_ptr<const px4_msgs::msg::SensorGps_<std::allocator<void> > >) noexcept>][m[K’
[01m[K/opt/ros/humble/include/rclcpp/rclcpp/any_subscription_callback.hpp:380:10:[m[K   required from ‘[01m[Krclcpp::AnySubscriptionCallback<MessageT, AllocatorT> rclcpp::AnySubscriptionCallback<MessageT, AllocatorT>::set(CallbackT) [with CallbackT = std::_Bind<void (uav_node::*(uav_node*, std::_Placeholder<1>))(std::shared_ptr<const px4_msgs::msg::SensorGps_<std::allocator<void> > >) noexcept>; MessageT = px4_msgs::msg::SensorGps_<std::allocator<void> >; AllocatorT = std::allocator<void>][m[K’
[01m[K/opt/ros/humble/include/rclcpp/rclcpp/subscription_factory.hpp:94:32:[m[K   required from ‘[01m[Krclcpp::SubscriptionFactory rclcpp::create_subscription_factory(CallbackT&&, const rclcpp::SubscriptionOptionsWithAllocator<AllocatorT>&, typename MessageMemoryStrategyT::SharedPtr, std::shared_ptr<rclcpp::topic_statistics::SubscriptionTopicStatistics<ROSMessageType> >) [with MessageT = px4_msgs::msg::SensorGps_<std::allocator<void> >; CallbackT = const std::_Bind<void (uav_node::*(uav_node*, std::_Placeholder<1>))(std::shared_ptr<const px4_msgs::msg::SensorGps_<std::allocator<void> > >) noexcept>&; AllocatorT = std::allocator<void>; SubscriptionT = rclcpp::Subscription<px4_msgs::msg::SensorGps_<std::allocator<void> > >; MessageMemoryStrategyT = rclcpp::message_memory_strategy::MessageMemoryStrategy<px4_msgs::msg::SensorGps_<std::allocator<void> >, std::allocator<void> >; ROSMessageType = px4_msgs::msg::SensorGps_<std::allocator<void> >; typename MessageMemoryStrategyT::SharedPtr = std::shared_ptr<rclcpp::message_memory_strategy::MessageMemoryStrategy<px4_msgs::msg::SensorGps_<std::allocator<void> >, std::allocator<void> > >][m[K’
[01m[K/opt/ros/humble/include/rclcpp/rclcpp/create_subscription.hpp:122:63:[m[K   required from ‘[01m[Kstd::shared_ptr<ROSMessageT> rclcpp::detail::create_subscription(NodeParametersT&, NodeTopicsT&, const string&, const rclcpp::QoS&, CallbackT&&, const rclcpp::SubscriptionOptionsWithAllocator<AllocatorT>&, typename MessageMemoryStrategyT::SharedPtr) [with MessageT = px4_msgs::msg::SensorGps_<std::allocator<void> >; CallbackT = const std::_Bind<void (uav_node::*(uav_node*, std::_Placeholder<1>))(std::shared_ptr<const px4_msgs::msg::SensorGps_<std::allocator<void> > >) noexcept>&; AllocatorT = std::allocator<void>; SubscriptionT = rclcpp::Subscription<px4_msgs::msg::SensorGps_<std::allocator<void> > >; MessageMemoryStrategyT = rclcpp::message_memory_strategy::MessageMemoryStrategy<px4_msgs::msg::SensorGps_<std::allocator<void> >, std::allocator<void> >; NodeParametersT = rclcpp::Node; NodeTopicsT = rclcpp::Node; ROSMessageType = px4_msgs::msg::SensorGps_<std::allocator<void> >; std::string = std::__cxx11::basic_string<char>; typename MessageMemoryStrategyT::SharedPtr = std::shared_ptr<rclcpp::message_memory_strategy::MessageMemoryStrategy<px4_msgs::msg::SensorGps_<std::allocator<void> >, std::allocator<void> > >][m[K’
[01m[K/opt/ros/humble/include/rclcpp/rclcpp/create_subscription.hpp:191:76:[m[K   required from ‘[01m[Kstd::shared_ptr<ROSMessageT> rclcpp::create_subscription(NodeT&, const string&, const rclcpp::QoS&, CallbackT&&, const rclcpp::SubscriptionOptionsWithAllocator<AllocatorT>&, typename MessageMemoryStrategyT::SharedPtr) [with MessageT = px4_msgs::msg::SensorGps_<std::allocator<void> >; CallbackT = const std::_Bind<void (uav_node::*(uav_node*, std::_Placeholder<1>))(std::shared_ptr<const px4_msgs::msg::SensorGps_<std::allocator<void> > >) noexcept>&; AllocatorT = std::allocator<void>; SubscriptionT = rclcpp::Subscription<px4_msgs::msg::SensorGps_<std::allocator<void> > >; MessageMemoryStrategyT = rclcpp::message_memory_strategy::MessageMemoryStrategy<px4_msgs::msg::SensorGps_<std::allocator<void> >, std::allocator<void> >; NodeT = rclcpp::Node; std::string = std::__cxx11::basic_string<char>; typename MessageMemoryStrategyT::SharedPtr = std::shared_ptr<rclcpp::message_memory_strategy::MessageMemoryStrategy<px4_msgs::msg::SensorGps_<std::allocator<void> >, std::allocator<void> > >][m[K’
[01m[K/opt/ros/humble/include/rclcpp/rclcpp/node_impl.hpp:99:47:[m[K   required from ‘[01m[Kstd::shared_ptr<ROSMessageT> rclcpp::Node::create_subscription(const string&, const rclcpp::QoS&, CallbackT&&, const rclcpp::SubscriptionOptionsWithAllocator<AllocatorT>&, typename MessageMemoryStrategyT::SharedPtr) [with MessageT = px4_msgs::msg::SensorGps_<std::allocator<void> >; CallbackT = const std::_Bind<void (uav_node::*(uav_node*, std::_Placeholder<1>))(std::shared_ptr<const px4_msgs::msg::SensorGps_<std::allocator<void> > >) noexcept>&; AllocatorT = std::allocator<void>; SubscriptionT = rclcpp::Subscription<px4_msgs::msg::SensorGps_<std::allocator<void> > >; MessageMemoryStrategyT = rclcpp::message_memory_strategy::MessageMemoryStrategy<px4_msgs::msg::SensorGps_<std::allocator<void> >, std::allocator<void> >; std::string = std::__cxx11::basic_string<char>; typename MessageMemoryStrategyT::SharedPtr = std::shared_ptr<rclcpp::message_memory_strategy::MessageMemoryStrategy<px4_msgs::msg::SensorGps_<std::allocator<void> >, std::allocator<void> > >][m[K’
[01m[K/home/fourdds/ros2_ws/src/boids/src/uav_node.cpp:13:63:[m[K   required from here
[01m[K/opt/ros/humble/include/rclcpp/rclcpp/function_traits.hpp:51:9:[m[K [01;31m[Kerror: [m[K‘[01m[Kdecltype[m[K’ cannot resolve address of overloaded function
   51 |   using [01;31m[Karguments[m[K = typename tuple_tail<
      |         [01;31m[K^~~~~~~~~[m[K
[01m[K/opt/ros/humble/include/rclcpp/rclcpp/function_traits.hpp:57:9:[m[K [01;31m[Kerror: [m[K‘[01m[Kdecltype[m[K’ cannot resolve address of overloaded function
   57 |   using [01;31m[Kargument_type[m[K = typename std::tuple_element<N, arguments>::type;
      |         [01;31m[K^~~~~~~~~~~~~[m[K
[01m[K/opt/ros/humble/include/rclcpp/rclcpp/function_traits.hpp:59:9:[m[K [01;31m[Kerror: [m[K‘[01m[Kdecltype[m[K’ cannot resolve address of overloaded function
   59 |   using [01;31m[Kreturn_type[m[K = typename function_traits<decltype( &FunctionT::operator())>::return_type;
      |         [01;31m[K^~~~~~~~~~~[m[K
/opt/ros/humble/include/rclcpp/rclcpp/function_traits.hpp: In instantiation of ‘[01m[Kstruct rclcpp::function_traits::function_traits<std::_Bind<void (uav_node::*(uav_node*, std::_Placeholder<1>))(std::shared_ptr<const px4_msgs::msg::TimesyncStatus_<std::allocator<void> > >) noexcept> >[m[K’:
[01m[K/opt/ros/humble/include/rclcpp/rclcpp/any_subscription_callback.hpp:380:10:[m[K   recursively required by substitution of ‘[01m[Ktemplate<class MessageT, class CallbackT> struct rclcpp::detail::SubscriptionCallbackTypeHelper<MessageT, CallbackT, typename std::enable_if<rclcpp::function_traits::same_arguments<CallbackT, std::function<void(std::shared_ptr<_Tp>, const rclcpp::MessageInfo&)> >::value, void>::type> [with MessageT = px4_msgs::msg::TimesyncStatus_<std::allocator<void> >; CallbackT = std::_Bind<void (uav_node::*(uav_node*, std::_Placeholder<1>))(std::shared_ptr<const px4_msgs::msg::TimesyncStatus_<std::allocator<void> > >) noexcept>][m[K’
[01m[K/opt/ros/humble/include/rclcpp/rclcpp/any_subscription_callback.hpp:380:10:[m[K   required from ‘[01m[Krclcpp::AnySubscriptionCallback<MessageT, AllocatorT> rclcpp::AnySubscriptionCallback<MessageT, AllocatorT>::set(CallbackT) [with CallbackT = std::_Bind<void (uav_node::*(uav_node*, std::_Placeholder<1>))(std::shared_ptr<const px4_msgs::msg::TimesyncStatus_<std::allocator<void> > >) noexcept>; MessageT = px4_msgs::msg::TimesyncStatus_<std::allocator<void> >; AllocatorT = std::allocator<void>][m[K’
[01m[K/opt/ros/humble/include/rclcpp/rclcpp/subscription_factory.hpp:94:32:[m[K   required from ‘[01m[Krclcpp::SubscriptionFactory rclcpp::create_subscription_factory(CallbackT&&, const rclcpp::SubscriptionOptionsWithAllocator<AllocatorT>&, typename MessageMemoryStrategyT::SharedPtr, std::shared_ptr<rclcpp::topic_statistics::SubscriptionTopicStatistics<ROSMessageType> >) [with MessageT = px4_msgs::msg::TimesyncStatus_<std::allocator<void> >; CallbackT = const std::_Bind<void (uav_node::*(uav_node*, std::_Placeholder<1>))(std::shared_ptr<const px4_msgs::msg::TimesyncStatus_<std::allocator<void> > >) noexcept>&; AllocatorT = std::allocator<void>; SubscriptionT = rclcpp::Subscription<px4_msgs::msg::TimesyncStatus_<std::allocator<void> > >; MessageMemoryStrategyT = rclcpp::message_memory_strategy::MessageMemoryStrategy<px4_msgs::msg::TimesyncStatus_<std::allocator<void> >, std::allocator<void> >; ROSMessageType = px4_msgs::msg::TimesyncStatus_<std::allocator<void> >; typename MessageMemoryStrategyT::SharedPtr = std::shared_ptr<rclcpp::message_memory_strategy::MessageMemoryStrategy<px4_msgs::msg::TimesyncStatus_<std::allocator<void> >, std::allocator<void> > >][m[K’
[01m[K/opt/ros/humble/include/rclcpp/rclcpp/create_subscription.hpp:122:63:[m[K   required from ‘[01m[Kstd::shared_ptr<ROSMessageT> rclcpp::detail::create_subscription(NodeParametersT&, NodeTopicsT&, const string&, const rclcpp::QoS&, CallbackT&&, const rclcpp::SubscriptionOptionsWithAllocator<AllocatorT>&, typename MessageMemoryStrategyT::SharedPtr) [with MessageT = px4_msgs::msg::TimesyncStatus_<std::allocator<void> >; CallbackT = const std::_Bind<void (uav_node::*(uav_node*, std::_Placeholder<1>))(std::shared_ptr<const px4_msgs::msg::TimesyncStatus_<std::allocator<void> > >) noexcept>&; AllocatorT = std::allocator<void>; SubscriptionT = rclcpp::Subscription<px4_msgs::msg::TimesyncStatus_<std::allocator<void> > >; MessageMemoryStrategyT = rclcpp::message_memory_strategy::MessageMemoryStrategy<px4_msgs::msg::TimesyncStatus_<std::allocator<void> >, std::allocator<void> >; NodeParametersT = rclcpp::Node; NodeTopicsT = rclcpp::Node; ROSMessageType = px4_msgs::msg::TimesyncStatus_<std::allocator<void> >; std::string = std::__cxx11::basic_string<char>; typename MessageMemoryStrategyT::SharedPtr = std::shared_ptr<rclcpp::message_memory_strategy::MessageMemoryStrategy<px4_msgs::msg::TimesyncStatus_<std::allocator<void> >, std::allocator<void> > >][m[K’
[01m[K/opt/ros/humble/include/rclcpp/rclcpp/create_subscription.hpp:191:76:[m[K   required from ‘[01m[Kstd::shared_ptr<ROSMessageT> rclcpp::create_subscription(NodeT&, const string&, const rclcpp::QoS&, CallbackT&&, const rclcpp::SubscriptionOptionsWithAllocator<AllocatorT>&, typename MessageMemoryStrategyT::SharedPtr) [with MessageT = px4_msgs::msg::TimesyncStatus_<std::allocator<void> >; CallbackT = const std::_Bind<void (uav_node::*(uav_node*, std::_Placeholder<1>))(std::shared_ptr<const px4_msgs::msg::TimesyncStatus_<std::allocator<void> > >) noexcept>&; AllocatorT = std::allocator<void>; SubscriptionT = rclcpp::Subscription<px4_msgs::msg::TimesyncStatus_<std::allocator<void> > >; MessageMemoryStrategyT = rclcpp::message_memory_strategy::MessageMemoryStrategy<px4_msgs::msg::TimesyncStatus_<std::allocator<void> >, std::allocator<void> >; NodeT = rclcpp::Node; std::string = std::__cxx11::basic_string<char>; typename MessageMemoryStrategyT::SharedPtr = std::shared_ptr<rclcpp::message_memory_strategy::MessageMemoryStrategy<px4_msgs::msg::TimesyncStatus_<std::allocator<void> >, std::allocator<void> > >][m[K’
[01m[K/opt/ros/humble/include/rclcpp/rclcpp/node_impl.hpp:99:47:[m[K   required from ‘[01m[Kstd::shared_ptr<ROSMessageT> rclcpp::Node::create_subscription(const string&, const rclcpp::QoS&, CallbackT&&, const rclcpp::SubscriptionOptionsWithAllocator<AllocatorT>&, typename MessageMemoryStrategyT::SharedPtr) [with MessageT = px4_msgs::msg::TimesyncStatus_<std::allocator<void> >; CallbackT = const std::_Bind<void (uav_node::*(uav_node*, std::_Placeholder<1>))(std::shared_ptr<const px4_msgs::msg::TimesyncStatus_<std::allocator<void> > >) noexcept>&; AllocatorT = std::allocator<void>; SubscriptionT = rclcpp::Subscription<px4_msgs::msg::TimesyncStatus_<std::allocator<void> > >; MessageMemoryStrategyT = rclcpp::message_memory_strategy::MessageMemoryStrategy<px4_msgs::msg::TimesyncStatus_<std::allocator<void> >, std::allocator<void> >; std::string = std::__cxx11::basic_string<char>; typename MessageMemoryStrategyT::SharedPtr = std::shared_ptr<rclcpp::message_memory_strategy::MessageMemoryStrategy<px4_msgs::msg::TimesyncStatus_<std::allocator<void> >, std::allocator<void> > >][m[K’
[01m[K/home/fourdds/ros2_ws/src/boids/src/uav_node.cpp:18:73:[m[K   required from here
[01m[K/opt/ros/humble/include/rclcpp/rclcpp/function_traits.hpp:51:9:[m[K [01;31m[Kerror: [m[K‘[01m[Kdecltype[m[K’ cannot resolve address of overloaded function
   51 |   using [01;31m[Karguments[m[K = typename tuple_tail<
      |         [01;31m[K^~~~~~~~~[m[K
[01m[K/opt/ros/humble/include/rclcpp/rclcpp/function_traits.hpp:57:9:[m[K [01;31m[Kerror: [m[K‘[01m[Kdecltype[m[K’ cannot resolve address of overloaded function
   57 |   using [01;31m[Kargument_type[m[K = typename std::tuple_element<N, arguments>::type;
      |         [01;31m[K^~~~~~~~~~~~~[m[K
[01m[K/opt/ros/humble/include/rclcpp/rclcpp/function_traits.hpp:59:9:[m[K [01;31m[Kerror: [m[K‘[01m[Kdecltype[m[K’ cannot resolve address of overloaded function
   59 |   using [01;31m[Kreturn_type[m[K = typename function_traits<decltype( &FunctionT::operator())>::return_type;
      |         [01;31m[K^~~~~~~~~~~[m[K
/opt/ros/humble/include/rclcpp/rclcpp/function_traits.hpp: In instantiation of ‘[01m[Kstruct rclcpp::function_traits::function_traits<std::_Bind<void (uav_node::*(uav_node*, std::_Placeholder<1>))(std::shared_ptr<const px4_msgs::msg::VehicleStatus_<std::allocator<void> > >) noexcept> >[m[K’:
[01m[K/opt/ros/humble/include/rclcpp/rclcpp/any_subscription_callback.hpp:380:10:[m[K   recursively required by substitution of ‘[01m[Ktemplate<class MessageT, class CallbackT> struct rclcpp::detail::SubscriptionCallbackTypeHelper<MessageT, CallbackT, typename std::enable_if<rclcpp::function_traits::same_arguments<CallbackT, std::function<void(std::shared_ptr<_Tp>, const rclcpp::MessageInfo&)> >::value, void>::type> [with MessageT = px4_msgs::msg::VehicleStatus_<std::allocator<void> >; CallbackT = std::_Bind<void (uav_node::*(uav_node*, std::_Placeholder<1>))(std::shared_ptr<const px4_msgs::msg::VehicleStatus_<std::allocator<void> > >) noexcept>][m[K’
[01m[K/opt/ros/humble/include/rclcpp/rclcpp/any_subscription_callback.hpp:380:10:[m[K   required from ‘[01m[Krclcpp::AnySubscriptionCallback<MessageT, AllocatorT> rclcpp::AnySubscriptionCallback<MessageT, AllocatorT>::set(CallbackT) [with CallbackT = std::_Bind<void (uav_node::*(uav_node*, std::_Placeholder<1>))(std::shared_ptr<const px4_msgs::msg::VehicleStatus_<std::allocator<void> > >) noexcept>; MessageT = px4_msgs::msg::VehicleStatus_<std::allocator<void> >; AllocatorT = std::allocator<void>][m[K’
[01m[K/opt/ros/humble/include/rclcpp/rclcpp/subscription_factory.hpp:94:32:[m[K   required from ‘[01m[Krclcpp::SubscriptionFactory rclcpp::create_subscription_factory(CallbackT&&, const rclcpp::SubscriptionOptionsWithAllocator<AllocatorT>&, typename MessageMemoryStrategyT::SharedPtr, std::shared_ptr<rclcpp::topic_statistics::SubscriptionTopicStatistics<ROSMessageType> >) [with MessageT = px4_msgs::msg::VehicleStatus_<std::allocator<void> >; CallbackT = const std::_Bind<void (uav_node::*(uav_node*, std::_Placeholder<1>))(std::shared_ptr<const px4_msgs::msg::VehicleStatus_<std::allocator<void> > >) noexcept>&; AllocatorT = std::allocator<void>; SubscriptionT = rclcpp::Subscription<px4_msgs::msg::VehicleStatus_<std::allocator<void> > >; MessageMemoryStrategyT = rclcpp::message_memory_strategy::MessageMemoryStrategy<px4_msgs::msg::VehicleStatus_<std::allocator<void> >, std::allocator<void> >; ROSMessageType = px4_msgs::msg::VehicleStatus_<std::allocator<void> >; typename MessageMemoryStrategyT::SharedPtr = std::shared_ptr<rclcpp::message_memory_strategy::MessageMemoryStrategy<px4_msgs::msg::VehicleStatus_<std::allocator<void> >, std::allocator<void> > >][m[K’
[01m[K/opt/ros/humble/include/rclcpp/rclcpp/create_subscription.hpp:122:63:[m[K   required from ‘[01m[Kstd::shared_ptr<ROSMessageT> rclcpp::detail::create_subscription(NodeParametersT&, NodeTopicsT&, const string&, const rclcpp::QoS&, CallbackT&&, const rclcpp::SubscriptionOptionsWithAllocator<AllocatorT>&, typename MessageMemoryStrategyT::SharedPtr) [with MessageT = px4_msgs::msg::VehicleStatus_<std::allocator<void> >; CallbackT = const std::_Bind<void (uav_node::*(uav_node*, std::_Placeholder<1>))(std::shared_ptr<const px4_msgs::msg::VehicleStatus_<std::allocator<void> > >) noexcept>&; AllocatorT = std::allocator<void>; SubscriptionT = rclcpp::Subscription<px4_msgs::msg::VehicleStatus_<std::allocator<void> > >; MessageMemoryStrategyT = rclcpp::message_memory_strategy::MessageMemoryStrategy<px4_msgs::msg::VehicleStatus_<std::allocator<void> >, std::allocator<void> >; NodeParametersT = rclcpp::Node; NodeTopicsT = rclcpp::Node; ROSMessageType = px4_msgs::msg::VehicleStatus_<std::allocator<void> >; std::string = std::__cxx11::basic_string<char>; typename MessageMemoryStrategyT::SharedPtr = std::shared_ptr<rclcpp::message_memory_strategy::MessageMemoryStrategy<px4_msgs::msg::VehicleStatus_<std::allocator<void> >, std::allocator<void> > >][m[K’
[01m[K/opt/ros/humble/include/rclcpp/rclcpp/create_subscription.hpp:191:76:[m[K   required from ‘[01m[Kstd::shared_ptr<ROSMessageT> rclcpp::create_subscription(NodeT&, const string&, const rclcpp::QoS&, CallbackT&&, const rclcpp::SubscriptionOptionsWithAllocator<AllocatorT>&, typename MessageMemoryStrategyT::SharedPtr) [with MessageT = px4_msgs::msg::VehicleStatus_<std::allocator<void> >; CallbackT = const std::_Bind<void (uav_node::*(uav_node*, std::_Placeholder<1>))(std::shared_ptr<const px4_msgs::msg::VehicleStatus_<std::allocator<void> > >) noexcept>&; AllocatorT = std::allocator<void>; SubscriptionT = rclcpp::Subscription<px4_msgs::msg::VehicleStatus_<std::allocator<void> > >; MessageMemoryStrategyT = rclcpp::message_memory_strategy::MessageMemoryStrategy<px4_msgs::msg::VehicleStatus_<std::allocator<void> >, std::allocator<void> >; NodeT = rclcpp::Node; std::string = std::__cxx11::basic_string<char>; typename MessageMemoryStrategyT::SharedPtr = std::shared_ptr<rclcpp::message_memory_strategy::MessageMemoryStrategy<px4_msgs::msg::VehicleStatus_<std::allocator<void> >, std::allocator<void> > >][m[K’
[01m[K/opt/ros/humble/include/rclcpp/rclcpp/node_impl.hpp:99:47:[m[K   required from ‘[01m[Kstd::shared_ptr<ROSMessageT> rclcpp::Node::create_subscription(const string&, const rclcpp::QoS&, CallbackT&&, const rclcpp::SubscriptionOptionsWithAllocator<AllocatorT>&, typename MessageMemoryStrategyT::SharedPtr) [with MessageT = px4_msgs::msg::VehicleStatus_<std::allocator<void> >; CallbackT = const std::_Bind<void (uav_node::*(uav_node*, std::_Placeholder<1>))(std::shared_ptr<const px4_msgs::msg::VehicleStatus_<std::allocator<void> > >) noexcept>&; AllocatorT = std::allocator<void>; SubscriptionT = rclcpp::Subscription<px4_msgs::msg::VehicleStatus_<std::allocator<void> > >; MessageMemoryStrategyT = rclcpp::message_memory_strategy::MessageMemoryStrategy<px4_msgs::msg::VehicleStatus_<std::allocator<void> >, std::allocator<void> >; std::string = std::__cxx11::basic_string<char>; typename MessageMemoryStrategyT::SharedPtr = std::shared_ptr<rclcpp::message_memory_strategy::MessageMemoryStrategy<px4_msgs::msg::VehicleStatus_<std::allocator<void> >, std::allocator<void> > >][m[K’
[01m[K/home/fourdds/ros2_ws/src/boids/src/uav_node.cpp:23:70:[m[K   required from here
[01m[K/opt/ros/humble/include/rclcpp/rclcpp/function_traits.hpp:51:9:[m[K [01;31m[Kerror: [m[K‘[01m[Kdecltype[m[K’ cannot resolve address of overloaded function
   51 |   using [01;31m[Karguments[m[K = typename tuple_tail<
      |         [01;31m[K^~~~~~~~~[m[K
[01m[K/opt/ros/humble/include/rclcpp/rclcpp/function_traits.hpp:57:9:[m[K [01;31m[Kerror: [m[K‘[01m[Kdecltype[m[K’ cannot resolve address of overloaded function
   57 |   using [01;31m[Kargument_type[m[K = typename std::tuple_element<N, arguments>::type;
      |         [01;31m[K^~~~~~~~~~~~~[m[K
[01m[K/opt/ros/humble/include/rclcpp/rclcpp/function_traits.hpp:59:9:[m[K [01;31m[Kerror: [m[K‘[01m[Kdecltype[m[K’ cannot resolve address of overloaded function
   59 |   using [01;31m[Kreturn_type[m[K = typename function_traits<decltype( &FunctionT::operator())>::return_type;
      |         [01;31m[K^~~~~~~~~~~[m[K
gmake[2]: *** [CMakeFiles/uavs_spawner.dir/build.make:76: CMakeFiles/uavs_spawner.dir/src/uav_node.cpp.o] Error 1
gmake[1]: *** [CMakeFiles/Makefile2:165: CMakeFiles/uavs_spawner.dir/all] Error 2
gmake: *** [Makefile:146: all] Error 2
