[0.443s] Invoking command in '/home/fourdds/ws/build/vision_opencv': AMENT_PREFIX_PATH=/home/fourdds/ws/install/image_geometry:/home/fourdds/ws/install/cv_bridge:${AMENT_PREFIX_PATH} CMAKE_PREFIX_PATH=/home/fourdds/ws/install/image_geometry:/home/fourdds/ws/install/cv_bridge:/opt/ros/humble LD_LIBRARY_PATH=/home/fourdds/ws/install/image_geometry/lib:/home/fourdds/ws/install/cv_bridge/lib:${LD_LIBRARY_PATH} PYTHONPATH=/home/fourdds/ws/install/image_geometry/local/lib/python3.10/dist-packages:/home/fourdds/ws/install/cv_bridge/local/lib/python3.10/dist-packages:${PYTHONPATH} /usr/bin/cmake --build /home/fourdds/ws/build/vision_opencv -- -j16 -l16
[0.527s] Invoked command in '/home/fourdds/ws/build/vision_opencv' returned '0': AMENT_PREFIX_PATH=/home/fourdds/ws/install/image_geometry:/home/fourdds/ws/install/cv_bridge:${AMENT_PREFIX_PATH} CMAKE_PREFIX_PATH=/home/fourdds/ws/install/image_geometry:/home/fourdds/ws/install/cv_bridge:/opt/ros/humble LD_LIBRARY_PATH=/home/fourdds/ws/install/image_geometry/lib:/home/fourdds/ws/install/cv_bridge/lib:${LD_LIBRARY_PATH} PYTHONPATH=/home/fourdds/ws/install/image_geometry/local/lib/python3.10/dist-packages:/home/fourdds/ws/install/cv_bridge/local/lib/python3.10/dist-packages:${PYTHONPATH} /usr/bin/cmake --build /home/fourdds/ws/build/vision_opencv -- -j16 -l16
[0.576s] Invoking command in '/home/fourdds/ws/build/vision_opencv': AMENT_PREFIX_PATH=/home/fourdds/ws/install/image_geometry:/home/fourdds/ws/install/cv_bridge:${AMENT_PREFIX_PATH} CMAKE_PREFIX_PATH=/home/fourdds/ws/install/image_geometry:/home/fourdds/ws/install/cv_bridge:/opt/ros/humble LD_LIBRARY_PATH=/home/fourdds/ws/install/image_geometry/lib:/home/fourdds/ws/install/cv_bridge/lib:${LD_LIBRARY_PATH} PYTHONPATH=/home/fourdds/ws/install/image_geometry/local/lib/python3.10/dist-packages:/home/fourdds/ws/install/cv_bridge/local/lib/python3.10/dist-packages:${PYTHONPATH} /usr/bin/cmake --install /home/fourdds/ws/build/vision_opencv
[0.589s] -- Install configuration: ""
[0.591s] -- Execute custom install script
[0.592s] -- Up-to-date symlink: /home/fourdds/ws/install/vision_opencv/share/ament_index/resource_index/package_run_dependencies/vision_opencv
[0.593s] -- Up-to-date symlink: /home/fourdds/ws/install/vision_opencv/share/ament_index/resource_index/parent_prefix_path/vision_opencv
[0.594s] -- Up-to-date symlink: /home/fourdds/ws/install/vision_opencv/share/vision_opencv/environment/ament_prefix_path.sh
[0.596s] -- Up-to-date symlink: /home/fourdds/ws/install/vision_opencv/share/vision_opencv/environment/ament_prefix_path.dsv
[0.597s] -- Up-to-date symlink: /home/fourdds/ws/install/vision_opencv/share/vision_opencv/environment/path.sh
[0.599s] -- Up-to-date symlink: /home/fourdds/ws/install/vision_opencv/share/vision_opencv/environment/path.dsv
[0.600s] -- Up-to-date symlink: /home/fourdds/ws/install/vision_opencv/share/vision_opencv/local_setup.bash
[0.601s] -- Up-to-date symlink: /home/fourdds/ws/install/vision_opencv/share/vision_opencv/local_setup.sh
[0.601s] -- Up-to-date symlink: /home/fourdds/ws/install/vision_opencv/share/vision_opencv/local_setup.zsh
[0.602s] -- Up-to-date symlink: /home/fourdds/ws/install/vision_opencv/share/vision_opencv/local_setup.dsv
[0.603s] -- Symlinking: /home/fourdds/ws/install/vision_opencv/share/vision_opencv/package.dsv
[0.622s] -- Up-to-date symlink: /home/fourdds/ws/install/vision_opencv/share/ament_index/resource_index/packages/vision_opencv
[0.624s] -- Up-to-date symlink: /home/fourdds/ws/install/vision_opencv/share/vision_opencv/cmake/vision_opencvConfig.cmake
[0.625s] -- Up-to-date symlink: /home/fourdds/ws/install/vision_opencv/share/vision_opencv/cmake/vision_opencvConfig-version.cmake
[0.625s] -- Up-to-date symlink: /home/fourdds/ws/install/vision_opencv/share/vision_opencv/package.xml
[0.631s] Invoked command in '/home/fourdds/ws/build/vision_opencv' returned '0': AMENT_PREFIX_PATH=/home/fourdds/ws/install/image_geometry:/home/fourdds/ws/install/cv_bridge:${AMENT_PREFIX_PATH} CMAKE_PREFIX_PATH=/home/fourdds/ws/install/image_geometry:/home/fourdds/ws/install/cv_bridge:/opt/ros/humble LD_LIBRARY_PATH=/home/fourdds/ws/install/image_geometry/lib:/home/fourdds/ws/install/cv_bridge/lib:${LD_LIBRARY_PATH} PYTHONPATH=/home/fourdds/ws/install/image_geometry/local/lib/python3.10/dist-packages:/home/fourdds/ws/install/cv_bridge/local/lib/python3.10/dist-packages:${PYTHONPATH} /usr/bin/cmake --install /home/fourdds/ws/build/vision_opencv
