[35m[1mConsolidate compiler generated dependencies of target Parameters[0m
[100%] Built target Parameters
-- Install configuration: ""
-- Installing: /home/fourdds/ros2_ws/install/parameters/share/parameters/environment/library_path.sh
-- Installing: /home/fourdds/ros2_ws/install/parameters/share/parameters/environment/library_path.dsv
-- Installing: /home/fourdds/ros2_ws/install/parameters/include/parameters
-- Installing: /home/fourdds/ros2_ws/install/parameters/include/parameters/yaml.hpp
-- Installing: /home/fourdds/ros2_ws/install/parameters/include/parameters/Parameters.hpp
-- Installing: /home/fourdds/ros2_ws/install/parameters/lib/libParameters.a
-- Installing: /home/fourdds/ros2_ws/install/parameters/share/ament_index/resource_index/package_run_dependencies/parameters
-- Installing: /home/fourdds/ros2_ws/install/parameters/share/ament_index/resource_index/parent_prefix_path/parameters
-- Installing: /home/fourdds/ros2_ws/install/parameters/share/parameters/environment/ament_prefix_path.sh
-- Installing: /home/fourdds/ros2_ws/install/parameters/share/parameters/environment/ament_prefix_path.dsv
-- Installing: /home/fourdds/ros2_ws/install/parameters/share/parameters/environment/path.sh
-- Installing: /home/fourdds/ros2_ws/install/parameters/share/parameters/environment/path.dsv
-- Installing: /home/fourdds/ros2_ws/install/parameters/share/parameters/local_setup.bash
-- Installing: /home/fourdds/ros2_ws/install/parameters/share/parameters/local_setup.sh
-- Installing: /home/fourdds/ros2_ws/install/parameters/share/parameters/local_setup.zsh
-- Installing: /home/fourdds/ros2_ws/install/parameters/share/parameters/local_setup.dsv
-- Installing: /home/fourdds/ros2_ws/install/parameters/share/parameters/package.dsv
-- Installing: /home/fourdds/ros2_ws/install/parameters/share/ament_index/resource_index/packages/parameters
-- Installing: /home/fourdds/ros2_ws/install/parameters/share/parameters/cmake/ament_cmake_export_include_directories-extras.cmake
-- Installing: /home/fourdds/ros2_ws/install/parameters/share/parameters/cmake/ament_cmake_export_libraries-extras.cmake
-- Installing: /home/fourdds/ros2_ws/install/parameters/share/parameters/cmake/parametersConfig.cmake
-- Installing: /home/fourdds/ros2_ws/install/parameters/share/parameters/cmake/parametersConfig-version.cmake
-- Installing: /home/fourdds/ros2_ws/install/parameters/share/parameters/package.xml
