[0.085s] Invoking command in '/home/fourdds/ros2_ws/build/parameters': CMAKE_PREFIX_PATH=/opt/ros/humble /usr/bin/cmake --build /home/fourdds/ros2_ws/build/parameters -- -j16 -l16
[0.524s] [100%] Built target Parameters
[0.648s] Invoked command in '/home/fourdds/ros2_ws/build/parameters' returned '0': CMAKE_PREFIX_PATH=/opt/ros/humble /usr/bin/cmake --build /home/fourdds/ros2_ws/build/parameters -- -j16 -l16
[0.747s] Invoking command in '/home/fourdds/ros2_ws/build/parameters': CMAKE_PREFIX_PATH=/opt/ros/humble /usr/bin/cmake --install /home/fourdds/ros2_ws/build/parameters
[0.763s] -- Install configuration: ""
[0.769s] -- Execute custom install script
[0.777s] -- Up-to-date symlink: /home/fourdds/ros2_ws/install/parameters/share/parameters/environment/library_path.sh
[0.778s] -- Up-to-date symlink: /home/fourdds/ros2_ws/install/parameters/share/parameters/environment/library_path.dsv
[0.778s] -- Up-to-date symlink: /home/fourdds/ros2_ws/install/parameters/include/parameters/Parameters.hpp
[0.779s] -- Up-to-date symlink: /home/fourdds/ros2_ws/install/parameters/include/parameters/yaml.hpp
[0.779s] -- Up-to-date symlink: /home/fourdds/ros2_ws/install/parameters/share/ament_index/resource_index/package_run_dependencies/parameters
[0.780s] -- Up-to-date symlink: /home/fourdds/ros2_ws/install/parameters/share/ament_index/resource_index/parent_prefix_path/parameters
[0.781s] -- Up-to-date symlink: /home/fourdds/ros2_ws/install/parameters/share/parameters/environment/ament_prefix_path.sh
[0.783s] -- Up-to-date symlink: /home/fourdds/ros2_ws/install/parameters/share/parameters/environment/ament_prefix_path.dsv
[0.783s] -- Up-to-date symlink: /home/fourdds/ros2_ws/install/parameters/share/parameters/environment/path.sh
[0.784s] -- Up-to-date symlink: /home/fourdds/ros2_ws/install/parameters/share/parameters/environment/path.dsv
[0.784s] -- Up-to-date symlink: /home/fourdds/ros2_ws/install/parameters/share/parameters/local_setup.bash
[0.784s] -- Up-to-date symlink: /home/fourdds/ros2_ws/install/parameters/share/parameters/local_setup.sh
[0.784s] -- Up-to-date symlink: /home/fourdds/ros2_ws/install/parameters/share/parameters/local_setup.zsh
[0.784s] -- Up-to-date symlink: /home/fourdds/ros2_ws/install/parameters/share/parameters/local_setup.dsv
[0.784s] -- Symlinking: /home/fourdds/ros2_ws/install/parameters/share/parameters/package.dsv
[0.814s] -- Up-to-date symlink: /home/fourdds/ros2_ws/install/parameters/share/ament_index/resource_index/packages/parameters
[0.815s] -- Up-to-date symlink: /home/fourdds/ros2_ws/install/parameters/share/parameters/cmake/ament_cmake_export_include_directories-extras.cmake
[0.815s] -- Up-to-date symlink: /home/fourdds/ros2_ws/install/parameters/share/parameters/cmake/ament_cmake_export_libraries-extras.cmake
[0.815s] -- Up-to-date symlink: /home/fourdds/ros2_ws/install/parameters/share/parameters/cmake/parametersConfig.cmake
[0.816s] -- Up-to-date symlink: /home/fourdds/ros2_ws/install/parameters/share/parameters/cmake/parametersConfig-version.cmake
[0.817s] -- Up-to-date symlink: /home/fourdds/ros2_ws/install/parameters/share/parameters/package.xml
[0.817s] -- Up-to-date: /home/fourdds/ros2_ws/install/parameters/lib/libParameters.a
[0.827s] Invoked command in '/home/fourdds/ros2_ws/build/parameters' returned '0': CMAKE_PREFIX_PATH=/opt/ros/humble /usr/bin/cmake --install /home/fourdds/ros2_ws/build/parameters
