[0.037s] Invoking command in '/home/fourdds/ros2_ws/build/base_station': CMAKE_PREFIX_PATH=/opt/ros/humble /usr/bin/cmake --build /home/fourdds/ros2_ws/build/base_station -- -j16 -l16
[0.085s] [100%] Built target BaseStation
[0.099s] Invoked command in '/home/fourdds/ros2_ws/build/base_station' returned '0': CMAKE_PREFIX_PATH=/opt/ros/humble /usr/bin/cmake --build /home/fourdds/ros2_ws/build/base_station -- -j16 -l16
[0.136s] Invoking command in '/home/fourdds/ros2_ws/build/base_station': CMAKE_PREFIX_PATH=/opt/ros/humble /usr/bin/cmake --install /home/fourdds/ros2_ws/build/base_station
[0.152s] -- Install configuration: ""
[0.152s] -- Execute custom install script
[0.154s] -- Up-to-date symlink: /home/fourdds/ros2_ws/install/base_station/lib/base_station/BaseStation
[0.154s] -- Up-to-date symlink: /home/fourdds/ros2_ws/install/base_station/share/ament_index/resource_index/package_run_dependencies/base_station
[0.155s] -- Up-to-date symlink: /home/fourdds/ros2_ws/install/base_station/share/ament_index/resource_index/parent_prefix_path/base_station
[0.158s] -- Up-to-date symlink: /home/fourdds/ros2_ws/install/base_station/share/base_station/environment/ament_prefix_path.sh
[0.158s] -- Up-to-date symlink: /home/fourdds/ros2_ws/install/base_station/share/base_station/environment/ament_prefix_path.dsv
[0.159s] -- Up-to-date symlink: /home/fourdds/ros2_ws/install/base_station/share/base_station/environment/path.sh
[0.160s] -- Up-to-date symlink: /home/fourdds/ros2_ws/install/base_station/share/base_station/environment/path.dsv
[0.161s] -- Up-to-date symlink: /home/fourdds/ros2_ws/install/base_station/share/base_station/local_setup.bash
[0.162s] -- Up-to-date symlink: /home/fourdds/ros2_ws/install/base_station/share/base_station/local_setup.sh
[0.162s] -- Up-to-date symlink: /home/fourdds/ros2_ws/install/base_station/share/base_station/local_setup.zsh
[0.163s] -- Up-to-date symlink: /home/fourdds/ros2_ws/install/base_station/share/base_station/local_setup.dsv
[0.163s] -- Symlinking: /home/fourdds/ros2_ws/install/base_station/share/base_station/package.dsv
[0.173s] -- Up-to-date symlink: /home/fourdds/ros2_ws/install/base_station/share/ament_index/resource_index/packages/base_station
[0.173s] -- Up-to-date symlink: /home/fourdds/ros2_ws/install/base_station/share/base_station/cmake/base_stationConfig.cmake
[0.173s] -- Up-to-date symlink: /home/fourdds/ros2_ws/install/base_station/share/base_station/cmake/base_stationConfig-version.cmake
[0.174s] -- Up-to-date symlink: /home/fourdds/ros2_ws/install/base_station/share/base_station/package.xml
[0.189s] Invoked command in '/home/fourdds/ros2_ws/build/base_station' returned '0': CMAKE_PREFIX_PATH=/opt/ros/humble /usr/bin/cmake --install /home/fourdds/ros2_ws/build/base_station
