[0.658s] Invoking command in '/home/fourdds/ros2_ws/build/fdds_messages': CMAKE_PREFIX_PATH=/opt/ros/humble /usr/bin/cmake --build /home/fourdds/ros2_ws/build/fdds_messages -- -j16 -l16
[0.789s] [ 10%] Built target fdds_messages__rosidl_generator_c
[0.789s] [ 12%] Built target fdds_messages__cpp
[0.803s] [ 12%] Built target ament_cmake_python_symlink_fdds_messages
[0.847s] [ 23%] Built target fdds_messages__rosidl_typesupport_fastrtps_c
[0.847s] [ 33%] Built target fdds_messages__rosidl_typesupport_c
[0.847s] [ 43%] Built target fdds_messages__rosidl_typesupport_introspection_cpp
[0.852s] [ 53%] Built target fdds_messages__rosidl_typesupport_cpp
[0.858s] [ 64%] Built target fdds_messages__rosidl_typesupport_introspection_c
[0.863s] [ 74%] Built target fdds_messages__rosidl_typesupport_fastrtps_cpp
[0.917s] [ 74%] Built target fdds_messages
[0.983s] [ 76%] Built target fdds_messages__py
[1.029s] [ 84%] Built target fdds_messages__rosidl_generator_py
[1.065s] [ 89%] Built target fdds_messages__rosidl_typesupport_fastrtps_c__pyext
[1.068s] [ 94%] Built target fdds_messages__rosidl_typesupport_introspection_c__pyext
[1.073s] [100%] Built target fdds_messages__rosidl_typesupport_c__pyext
[1.307s] running egg_info
[1.337s] writing fdds_messages.egg-info/PKG-INFO
[1.339s] writing dependency_links to fdds_messages.egg-info/dependency_links.txt
[1.340s] writing top-level names to fdds_messages.egg-info/top_level.txt
[1.437s] reading manifest file 'fdds_messages.egg-info/SOURCES.txt'
[1.439s] writing manifest file 'fdds_messages.egg-info/SOURCES.txt'
[1.541s] [100%] Built target ament_cmake_python_build_fdds_messages_egg
[1.565s] Invoked command in '/home/fourdds/ros2_ws/build/fdds_messages' returned '0': CMAKE_PREFIX_PATH=/opt/ros/humble /usr/bin/cmake --build /home/fourdds/ros2_ws/build/fdds_messages -- -j16 -l16
[1.731s] Invoking command in '/home/fourdds/ros2_ws/build/fdds_messages': CMAKE_PREFIX_PATH=/opt/ros/humble /usr/bin/cmake --install /home/fourdds/ros2_ws/build/fdds_messages
[1.741s] -- Install configuration: ""
[1.742s] -- Execute custom install script
[1.743s] -- Up-to-date symlink: /home/fourdds/ros2_ws/install/fdds_messages/share/ament_index/resource_index/rosidl_interfaces/fdds_messages
[1.744s] -- Up-to-date symlink: /home/fourdds/ros2_ws/install/fdds_messages/include/fdds_messages/fdds_messages/msg/detail/flocking__functions.h
[1.744s] -- Up-to-date symlink: /home/fourdds/ros2_ws/install/fdds_messages/include/fdds_messages/fdds_messages/msg/detail/flocking__struct.h
[1.744s] -- Up-to-date symlink: /home/fourdds/ros2_ws/install/fdds_messages/include/fdds_messages/fdds_messages/msg/detail/flocking__type_support.h
[1.745s] -- Up-to-date symlink: /home/fourdds/ros2_ws/install/fdds_messages/include/fdds_messages/fdds_messages/msg/detail/geo_ping__functions.h
[1.745s] -- Up-to-date symlink: /home/fourdds/ros2_ws/install/fdds_messages/include/fdds_messages/fdds_messages/msg/detail/geo_ping__struct.h
[1.746s] -- Up-to-date symlink: /home/fourdds/ros2_ws/install/fdds_messages/include/fdds_messages/fdds_messages/msg/detail/geo_ping__type_support.h
[1.746s] -- Up-to-date symlink: /home/fourdds/ros2_ws/install/fdds_messages/include/fdds_messages/fdds_messages/msg/flocking.h
[1.746s] -- Up-to-date symlink: /home/fourdds/ros2_ws/install/fdds_messages/include/fdds_messages/fdds_messages/msg/geo_ping.h
[1.746s] -- Up-to-date symlink: /home/fourdds/ros2_ws/install/fdds_messages/include/fdds_messages/fdds_messages/msg/rosidl_generator_c__visibility_control.h
[1.746s] -- Up-to-date symlink: /home/fourdds/ros2_ws/install/fdds_messages/share/fdds_messages/environment/library_path.sh
[1.747s] -- Up-to-date symlink: /home/fourdds/ros2_ws/install/fdds_messages/share/fdds_messages/environment/library_path.dsv
[1.748s] -- Up-to-date symlink: /home/fourdds/ros2_ws/install/fdds_messages/include/fdds_messages/fdds_messages/msg/detail/flocking__rosidl_typesupport_fastrtps_c.h
[1.748s] -- Up-to-date symlink: /home/fourdds/ros2_ws/install/fdds_messages/include/fdds_messages/fdds_messages/msg/detail/geo_ping__rosidl_typesupport_fastrtps_c.h
[1.748s] -- Up-to-date symlink: /home/fourdds/ros2_ws/install/fdds_messages/include/fdds_messages/fdds_messages/msg/rosidl_typesupport_fastrtps_c__visibility_control.h
[1.749s] -- Up-to-date symlink: /home/fourdds/ros2_ws/install/fdds_messages/include/fdds_messages/fdds_messages/msg/detail/flocking__rosidl_typesupport_introspection_c.h
[1.749s] -- Up-to-date symlink: /home/fourdds/ros2_ws/install/fdds_messages/include/fdds_messages/fdds_messages/msg/detail/geo_ping__rosidl_typesupport_introspection_c.h
[1.749s] -- Up-to-date symlink: /home/fourdds/ros2_ws/install/fdds_messages/include/fdds_messages/fdds_messages/msg/rosidl_typesupport_introspection_c__visibility_control.h
[1.750s] -- Up-to-date symlink: /home/fourdds/ros2_ws/install/fdds_messages/include/fdds_messages/fdds_messages/msg/detail/flocking__builder.hpp
[1.751s] -- Up-to-date symlink: /home/fourdds/ros2_ws/install/fdds_messages/include/fdds_messages/fdds_messages/msg/detail/flocking__struct.hpp
[1.751s] -- Up-to-date symlink: /home/fourdds/ros2_ws/install/fdds_messages/include/fdds_messages/fdds_messages/msg/detail/flocking__traits.hpp
[1.752s] -- Up-to-date symlink: /home/fourdds/ros2_ws/install/fdds_messages/include/fdds_messages/fdds_messages/msg/detail/geo_ping__builder.hpp
[1.752s] -- Up-to-date symlink: /home/fourdds/ros2_ws/install/fdds_messages/include/fdds_messages/fdds_messages/msg/detail/geo_ping__struct.hpp
[1.752s] -- Up-to-date symlink: /home/fourdds/ros2_ws/install/fdds_messages/include/fdds_messages/fdds_messages/msg/detail/geo_ping__traits.hpp
[1.752s] -- Up-to-date symlink: /home/fourdds/ros2_ws/install/fdds_messages/include/fdds_messages/fdds_messages/msg/flocking.hpp
[1.752s] -- Up-to-date symlink: /home/fourdds/ros2_ws/install/fdds_messages/include/fdds_messages/fdds_messages/msg/geo_ping.hpp
[1.753s] -- Up-to-date symlink: /home/fourdds/ros2_ws/install/fdds_messages/include/fdds_messages/fdds_messages/msg/detail/flocking__rosidl_typesupport_fastrtps_cpp.hpp
[1.754s] -- Up-to-date symlink: /home/fourdds/ros2_ws/install/fdds_messages/include/fdds_messages/fdds_messages/msg/detail/geo_ping__rosidl_typesupport_fastrtps_cpp.hpp
[1.754s] -- Up-to-date symlink: /home/fourdds/ros2_ws/install/fdds_messages/include/fdds_messages/fdds_messages/msg/rosidl_typesupport_fastrtps_cpp__visibility_control.h
[1.755s] -- Up-to-date symlink: /home/fourdds/ros2_ws/install/fdds_messages/include/fdds_messages/fdds_messages/msg/detail/flocking__rosidl_typesupport_introspection_cpp.hpp
[1.755s] -- Up-to-date symlink: /home/fourdds/ros2_ws/install/fdds_messages/include/fdds_messages/fdds_messages/msg/detail/geo_ping__rosidl_typesupport_introspection_cpp.hpp
[1.756s] -- Up-to-date symlink: /home/fourdds/ros2_ws/install/fdds_messages/share/fdds_messages/environment/pythonpath.sh
[1.756s] -- Up-to-date symlink: /home/fourdds/ros2_ws/install/fdds_messages/share/fdds_messages/environment/pythonpath.dsv
[1.757s] -- Up-to-date symlink: /home/fourdds/ros2_ws/install/fdds_messages/local/lib/python3.10/dist-packages/fdds_messages-0.0.0-py3.10.egg-info/PKG-INFO
[1.757s] -- Up-to-date symlink: /home/fourdds/ros2_ws/install/fdds_messages/local/lib/python3.10/dist-packages/fdds_messages-0.0.0-py3.10.egg-info/SOURCES.txt
[1.758s] -- Up-to-date symlink: /home/fourdds/ros2_ws/install/fdds_messages/local/lib/python3.10/dist-packages/fdds_messages-0.0.0-py3.10.egg-info/dependency_links.txt
[1.758s] -- Up-to-date symlink: /home/fourdds/ros2_ws/install/fdds_messages/local/lib/python3.10/dist-packages/fdds_messages-0.0.0-py3.10.egg-info/top_level.txt
[1.760s] -- Up-to-date symlink: /home/fourdds/ros2_ws/install/fdds_messages/local/lib/python3.10/dist-packages/fdds_messages/__init__.py
[1.760s] -- Up-to-date symlink: /home/fourdds/ros2_ws/install/fdds_messages/local/lib/python3.10/dist-packages/fdds_messages/_fdds_messages_s.ep.rosidl_typesupport_c.c
[1.761s] -- Up-to-date symlink: /home/fourdds/ros2_ws/install/fdds_messages/local/lib/python3.10/dist-packages/fdds_messages/_fdds_messages_s.ep.rosidl_typesupport_fastrtps_c.c
[1.761s] -- Up-to-date symlink: /home/fourdds/ros2_ws/install/fdds_messages/local/lib/python3.10/dist-packages/fdds_messages/_fdds_messages_s.ep.rosidl_typesupport_introspection_c.c
[1.762s] -- Up-to-date symlink: /home/fourdds/ros2_ws/install/fdds_messages/local/lib/python3.10/dist-packages/fdds_messages/fdds_messages_s__rosidl_typesupport_c.cpython-310-x86_64-linux-gnu.so
[1.762s] -- Up-to-date symlink: /home/fourdds/ros2_ws/install/fdds_messages/local/lib/python3.10/dist-packages/fdds_messages/fdds_messages_s__rosidl_typesupport_fastrtps_c.cpython-310-x86_64-linux-gnu.so
[1.762s] -- Up-to-date symlink: /home/fourdds/ros2_ws/install/fdds_messages/local/lib/python3.10/dist-packages/fdds_messages/fdds_messages_s__rosidl_typesupport_introspection_c.cpython-310-x86_64-linux-gnu.so
[1.763s] -- Up-to-date symlink: /home/fourdds/ros2_ws/install/fdds_messages/local/lib/python3.10/dist-packages/fdds_messages/libfdds_messages__rosidl_generator_py.so
[1.763s] -- Up-to-date symlink: /home/fourdds/ros2_ws/install/fdds_messages/local/lib/python3.10/dist-packages/fdds_messages/msg/__init__.py
[1.764s] -- Up-to-date symlink: /home/fourdds/ros2_ws/install/fdds_messages/local/lib/python3.10/dist-packages/fdds_messages/msg/_flocking.py
[1.764s] -- Up-to-date symlink: /home/fourdds/ros2_ws/install/fdds_messages/local/lib/python3.10/dist-packages/fdds_messages/msg/_flocking_s.c
[1.764s] -- Up-to-date symlink: /home/fourdds/ros2_ws/install/fdds_messages/local/lib/python3.10/dist-packages/fdds_messages/msg/_geo_ping.py
[1.765s] -- Up-to-date symlink: /home/fourdds/ros2_ws/install/fdds_messages/local/lib/python3.10/dist-packages/fdds_messages/msg/_geo_ping_s.c
[1.765s] -- Up-to-date symlink: /home/fourdds/ros2_ws/install/fdds_messages/local/lib/python3.10/dist-packages/fdds_messages/fdds_messages_s__rosidl_typesupport_fastrtps_c.cpython-310-x86_64-linux-gnu.so
[1.766s] -- Up-to-date symlink: /home/fourdds/ros2_ws/install/fdds_messages/local/lib/python3.10/dist-packages/fdds_messages/fdds_messages_s__rosidl_typesupport_introspection_c.cpython-310-x86_64-linux-gnu.so
[1.767s] -- Up-to-date symlink: /home/fourdds/ros2_ws/install/fdds_messages/local/lib/python3.10/dist-packages/fdds_messages/fdds_messages_s__rosidl_typesupport_c.cpython-310-x86_64-linux-gnu.so
[1.767s] -- Up-to-date symlink: /home/fourdds/ros2_ws/install/fdds_messages/share/fdds_messages/msg/GeoPing.idl
[1.768s] -- Up-to-date symlink: /home/fourdds/ros2_ws/install/fdds_messages/share/fdds_messages/msg/Flocking.idl
[1.768s] -- Up-to-date symlink: /home/fourdds/ros2_ws/install/fdds_messages/share/fdds_messages/msg/GeoPing.msg
[1.769s] -- Up-to-date symlink: /home/fourdds/ros2_ws/install/fdds_messages/share/fdds_messages/msg/Flocking.msg
[1.769s] -- Up-to-date symlink: /home/fourdds/ros2_ws/install/fdds_messages/share/ament_index/resource_index/package_run_dependencies/fdds_messages
[1.770s] -- Up-to-date symlink: /home/fourdds/ros2_ws/install/fdds_messages/share/ament_index/resource_index/parent_prefix_path/fdds_messages
[1.770s] -- Up-to-date symlink: /home/fourdds/ros2_ws/install/fdds_messages/share/fdds_messages/environment/ament_prefix_path.sh
[1.771s] -- Up-to-date symlink: /home/fourdds/ros2_ws/install/fdds_messages/share/fdds_messages/environment/ament_prefix_path.dsv
[1.771s] -- Up-to-date symlink: /home/fourdds/ros2_ws/install/fdds_messages/share/fdds_messages/environment/path.sh
[1.772s] -- Up-to-date symlink: /home/fourdds/ros2_ws/install/fdds_messages/share/fdds_messages/environment/path.dsv
[1.772s] -- Up-to-date symlink: /home/fourdds/ros2_ws/install/fdds_messages/share/fdds_messages/local_setup.bash
[1.773s] -- Up-to-date symlink: /home/fourdds/ros2_ws/install/fdds_messages/share/fdds_messages/local_setup.sh
[1.773s] -- Up-to-date symlink: /home/fourdds/ros2_ws/install/fdds_messages/share/fdds_messages/local_setup.zsh
[1.774s] -- Up-to-date symlink: /home/fourdds/ros2_ws/install/fdds_messages/share/fdds_messages/local_setup.dsv
[1.774s] -- Symlinking: /home/fourdds/ros2_ws/install/fdds_messages/share/fdds_messages/package.dsv
[1.788s] -- Up-to-date symlink: /home/fourdds/ros2_ws/install/fdds_messages/share/ament_index/resource_index/packages/fdds_messages
[1.789s] -- Up-to-date symlink: /home/fourdds/ros2_ws/install/fdds_messages/share/fdds_messages/cmake/rosidl_cmake-extras.cmake
[1.789s] -- Up-to-date symlink: /home/fourdds/ros2_ws/install/fdds_messages/share/fdds_messages/cmake/ament_cmake_export_include_directories-extras.cmake
[1.790s] -- Up-to-date symlink: /home/fourdds/ros2_ws/install/fdds_messages/share/fdds_messages/cmake/ament_cmake_export_libraries-extras.cmake
[1.790s] -- Up-to-date symlink: /home/fourdds/ros2_ws/install/fdds_messages/share/fdds_messages/cmake/ament_cmake_export_targets-extras.cmake
[1.791s] -- Up-to-date symlink: /home/fourdds/ros2_ws/install/fdds_messages/share/fdds_messages/cmake/rosidl_cmake_export_typesupport_targets-extras.cmake
[1.791s] -- Up-to-date symlink: /home/fourdds/ros2_ws/install/fdds_messages/share/fdds_messages/cmake/ament_cmake_export_dependencies-extras.cmake
[1.791s] -- Up-to-date symlink: /home/fourdds/ros2_ws/install/fdds_messages/share/fdds_messages/cmake/rosidl_cmake_export_typesupport_libraries-extras.cmake
[1.792s] -- Up-to-date symlink: /home/fourdds/ros2_ws/install/fdds_messages/share/fdds_messages/cmake/fdds_messagesConfig.cmake
[1.792s] -- Up-to-date symlink: /home/fourdds/ros2_ws/install/fdds_messages/share/fdds_messages/cmake/fdds_messagesConfig-version.cmake
[1.793s] -- Up-to-date symlink: /home/fourdds/ros2_ws/install/fdds_messages/share/fdds_messages/package.xml
[1.793s] -- Up-to-date: /home/fourdds/ros2_ws/install/fdds_messages/lib/libfdds_messages__rosidl_generator_c.so
[1.793s] -- Up-to-date: /home/fourdds/ros2_ws/install/fdds_messages/lib/libfdds_messages__rosidl_typesupport_fastrtps_c.so
[1.794s] -- Up-to-date: /home/fourdds/ros2_ws/install/fdds_messages/lib/libfdds_messages__rosidl_typesupport_introspection_c.so
[1.794s] -- Up-to-date: /home/fourdds/ros2_ws/install/fdds_messages/lib/libfdds_messages__rosidl_typesupport_c.so
[1.794s] -- Up-to-date: /home/fourdds/ros2_ws/install/fdds_messages/lib/libfdds_messages__rosidl_typesupport_fastrtps_cpp.so
[1.794s] -- Up-to-date: /home/fourdds/ros2_ws/install/fdds_messages/lib/libfdds_messages__rosidl_typesupport_introspection_cpp.so
[1.794s] -- Up-to-date: /home/fourdds/ros2_ws/install/fdds_messages/lib/libfdds_messages__rosidl_typesupport_cpp.so
[1.844s] Listing '/home/fourdds/ros2_ws/install/fdds_messages/local/lib/python3.10/dist-packages/fdds_messages'...
[1.844s] Listing '/home/fourdds/ros2_ws/install/fdds_messages/local/lib/python3.10/dist-packages/fdds_messages/msg'...
[1.851s] -- Up-to-date: /home/fourdds/ros2_ws/install/fdds_messages/lib/libfdds_messages__rosidl_generator_py.so
[1.852s] -- Up-to-date: /home/fourdds/ros2_ws/install/fdds_messages/share/fdds_messages/cmake/export_fdds_messages__rosidl_generator_cExport.cmake
[1.852s] -- Up-to-date: /home/fourdds/ros2_ws/install/fdds_messages/share/fdds_messages/cmake/export_fdds_messages__rosidl_generator_cExport-noconfig.cmake
[1.853s] -- Up-to-date: /home/fourdds/ros2_ws/install/fdds_messages/share/fdds_messages/cmake/export_fdds_messages__rosidl_typesupport_fastrtps_cExport.cmake
[1.853s] -- Up-to-date: /home/fourdds/ros2_ws/install/fdds_messages/share/fdds_messages/cmake/export_fdds_messages__rosidl_typesupport_fastrtps_cExport-noconfig.cmake
[1.853s] -- Up-to-date: /home/fourdds/ros2_ws/install/fdds_messages/share/fdds_messages/cmake/fdds_messages__rosidl_typesupport_introspection_cExport.cmake
[1.854s] -- Up-to-date: /home/fourdds/ros2_ws/install/fdds_messages/share/fdds_messages/cmake/fdds_messages__rosidl_typesupport_introspection_cExport-noconfig.cmake
[1.854s] -- Up-to-date: /home/fourdds/ros2_ws/install/fdds_messages/share/fdds_messages/cmake/fdds_messages__rosidl_typesupport_cExport.cmake
[1.855s] -- Up-to-date: /home/fourdds/ros2_ws/install/fdds_messages/share/fdds_messages/cmake/fdds_messages__rosidl_typesupport_cExport-noconfig.cmake
[1.855s] -- Up-to-date: /home/fourdds/ros2_ws/install/fdds_messages/share/fdds_messages/cmake/export_fdds_messages__rosidl_generator_cppExport.cmake
[1.855s] -- Up-to-date: /home/fourdds/ros2_ws/install/fdds_messages/share/fdds_messages/cmake/export_fdds_messages__rosidl_typesupport_fastrtps_cppExport.cmake
[1.855s] -- Up-to-date: /home/fourdds/ros2_ws/install/fdds_messages/share/fdds_messages/cmake/export_fdds_messages__rosidl_typesupport_fastrtps_cppExport-noconfig.cmake
[1.855s] -- Up-to-date: /home/fourdds/ros2_ws/install/fdds_messages/share/fdds_messages/cmake/fdds_messages__rosidl_typesupport_introspection_cppExport.cmake
[1.855s] -- Up-to-date: /home/fourdds/ros2_ws/install/fdds_messages/share/fdds_messages/cmake/fdds_messages__rosidl_typesupport_introspection_cppExport-noconfig.cmake
[1.855s] -- Up-to-date: /home/fourdds/ros2_ws/install/fdds_messages/share/fdds_messages/cmake/fdds_messages__rosidl_typesupport_cppExport.cmake
[1.855s] -- Up-to-date: /home/fourdds/ros2_ws/install/fdds_messages/share/fdds_messages/cmake/fdds_messages__rosidl_typesupport_cppExport-noconfig.cmake
[1.855s] -- Up-to-date: /home/fourdds/ros2_ws/install/fdds_messages/share/fdds_messages/cmake/export_fdds_messages__rosidl_generator_pyExport.cmake
[1.855s] -- Up-to-date: /home/fourdds/ros2_ws/install/fdds_messages/share/fdds_messages/cmake/export_fdds_messages__rosidl_generator_pyExport-noconfig.cmake
[1.860s] Invoked command in '/home/fourdds/ros2_ws/build/fdds_messages' returned '0': CMAKE_PREFIX_PATH=/opt/ros/humble /usr/bin/cmake --install /home/fourdds/ros2_ws/build/fdds_messages
