[2.267s] Invoking command in '/home/fourdds/ros2_ws/src/analysis': PYTHONPATH=/home/fourdds/ros2_ws/build/analysis/prefix_override:/usr/lib/python3/dist-packages/colcon_core/task/python/colcon_distutils_commands:/home/fourdds/ros2_ws/install/analysis/lib/python3.10/site-packages:${PYTHONPATH} /usr/bin/python3 -W ignore:setup.py install is deprecated setup.py egg_info --egg-base ../../build/analysis build --build-base /home/fourdds/ros2_ws/build/analysis/build install --record /home/fourdds/ros2_ws/build/analysis/install.log --single-version-externally-managed install_data
[2.676s] running egg_info
[2.697s] writing ../../build/analysis/analysis.egg-info/PKG-INFO
[2.698s] writing dependency_links to ../../build/analysis/analysis.egg-info/dependency_links.txt
[2.699s] writing entry points to ../../build/analysis/analysis.egg-info/entry_points.txt
[2.700s] writing requirements to ../../build/analysis/analysis.egg-info/requires.txt
[2.701s] writing top-level names to ../../build/analysis/analysis.egg-info/top_level.txt
[2.767s] reading manifest file '../../build/analysis/analysis.egg-info/SOURCES.txt'
[2.768s] adding license file 'LICENSE'
[2.769s] writing manifest file '../../build/analysis/analysis.egg-info/SOURCES.txt'
[2.770s] running build
[2.770s] running build_py
[2.771s] running install
[2.779s] running install_lib
[2.809s] running install_data
[2.809s] running install_egg_info
[2.839s] removing '/home/fourdds/ros2_ws/install/analysis/lib/python3.10/site-packages/analysis-0.0.0-py3.10.egg-info' (and everything under it)
[2.841s] Copying ../../build/analysis/analysis.egg-info to /home/fourdds/ros2_ws/install/analysis/lib/python3.10/site-packages/analysis-0.0.0-py3.10.egg-info
[2.845s] running install_scripts
[3.099s] Installing ConvertToCSV script to /home/fourdds/ros2_ws/install/analysis/lib/analysis
[3.100s] writing list of installed files to '/home/fourdds/ros2_ws/build/analysis/install.log'
[3.176s] Invoked command in '/home/fourdds/ros2_ws/src/analysis' returned '0': PYTHONPATH=/home/fourdds/ros2_ws/build/analysis/prefix_override:/usr/lib/python3/dist-packages/colcon_core/task/python/colcon_distutils_commands:/home/fourdds/ros2_ws/install/analysis/lib/python3.10/site-packages:${PYTHONPATH} /usr/bin/python3 -W ignore:setup.py install is deprecated setup.py egg_info --egg-base ../../build/analysis build --build-base /home/fourdds/ros2_ws/build/analysis/build install --record /home/fourdds/ros2_ws/build/analysis/install.log --single-version-externally-managed install_data
