[0.010s] Invoking command in '/home/fourdds/ros2_ws/build/boids': CMAKE_PREFIX_PATH=/home/fourdds/ros2_ws/install/px4_msgs:/home/fourdds/ros2_ws/install/px4_ros_com:/home/fourdds/ros2_ws/install/boids:/opt/ros/humble LD_LIBRARY_PATH=/home/fourdds/ros2_ws/install/px4_msgs/lib:/home/fourdds/ros2_ws/install/px4_ros_com/lib:/home/fourdds/ros2_ws/install/boids/lib:/usr/lib/x86_64-linux-gnu/gazebo-11/plugins:/opt/ros/humble/opt/rviz_ogre_vendor/lib:/opt/ros/humble/lib/x86_64-linux-gnu:/opt/ros/humble/lib /usr/bin/cmake --build /home/fourdds/ros2_ws/build/boids -- -j24 -l24
[0.033s] [  8%] Built target boids__rosidl_generator_c
[0.033s] [ 10%] Built target boids__cpp
[0.036s] [ 16%] Built target frame_transforms
[0.037s] [ 16%] Built target ament_cmake_python_copy_boids
[0.038s] [ 18%] [32mBuilding CXX object CMakeFiles/uavs_spawner.dir/src/uav_node.cpp.o[0m
[0.044s] [ 27%] Built target boids__rosidl_typesupport_introspection_c
[0.045s] [ 35%] Built target boids__rosidl_typesupport_introspection_cpp
[0.045s] [ 43%] Built target boids__rosidl_typesupport_c
[0.047s] [ 51%] Built target boids__rosidl_typesupport_fastrtps_c
[0.049s] [ 59%] Built target boids__rosidl_typesupport_cpp
[0.049s] [ 67%] Built target boids__rosidl_typesupport_fastrtps_cpp
[0.058s] [ 67%] Built target boids
[0.068s] [ 70%] Built target boids__py
[0.079s] [ 75%] Built target boids__rosidl_generator_py
[0.090s] [ 91%] Built target boids__rosidl_typesupport_c__pyext
[0.090s] [ 91%] Built target boids__rosidl_typesupport_fastrtps_c__pyext
[0.090s] [ 91%] Built target boids__rosidl_typesupport_introspection_c__pyext
[0.148s] running egg_info
[0.155s] writing boids.egg-info/PKG-INFO
[0.155s] writing dependency_links to boids.egg-info/dependency_links.txt
[0.155s] writing top-level names to boids.egg-info/top_level.txt
[0.177s] reading manifest file 'boids.egg-info/SOURCES.txt'
[0.177s] writing manifest file 'boids.egg-info/SOURCES.txt'
[0.194s] [ 91%] Built target ament_cmake_python_build_boids_egg
[14.631s] [ 94%] [32m[1mLinking CXX executable uavs_spawner[0m
[15.385s] [100%] Built target uavs_spawner
[15.391s] Invoked command in '/home/fourdds/ros2_ws/build/boids' returned '0': CMAKE_PREFIX_PATH=/home/fourdds/ros2_ws/install/px4_msgs:/home/fourdds/ros2_ws/install/px4_ros_com:/home/fourdds/ros2_ws/install/boids:/opt/ros/humble LD_LIBRARY_PATH=/home/fourdds/ros2_ws/install/px4_msgs/lib:/home/fourdds/ros2_ws/install/px4_ros_com/lib:/home/fourdds/ros2_ws/install/boids/lib:/usr/lib/x86_64-linux-gnu/gazebo-11/plugins:/opt/ros/humble/opt/rviz_ogre_vendor/lib:/opt/ros/humble/lib/x86_64-linux-gnu:/opt/ros/humble/lib /usr/bin/cmake --build /home/fourdds/ros2_ws/build/boids -- -j24 -l24
[15.427s] Invoking command in '/home/fourdds/ros2_ws/build/boids': CMAKE_PREFIX_PATH=/home/fourdds/ros2_ws/install/px4_msgs:/home/fourdds/ros2_ws/install/px4_ros_com:/home/fourdds/ros2_ws/install/boids:/opt/ros/humble LD_LIBRARY_PATH=/home/fourdds/ros2_ws/install/px4_msgs/lib:/home/fourdds/ros2_ws/install/px4_ros_com/lib:/home/fourdds/ros2_ws/install/boids/lib:/usr/lib/x86_64-linux-gnu/gazebo-11/plugins:/opt/ros/humble/opt/rviz_ogre_vendor/lib:/opt/ros/humble/lib/x86_64-linux-gnu:/opt/ros/humble/lib /usr/bin/cmake --install /home/fourdds/ros2_ws/build/boids
[15.430s] -- Install configuration: ""
[15.430s] -- Up-to-date: /home/fourdds/ros2_ws/install/boids/share/ament_index/resource_index/rosidl_interfaces/boids
[15.430s] -- Up-to-date: /home/fourdds/ros2_ws/install/boids/include/boids/boids
[15.430s] -- Up-to-date: /home/fourdds/ros2_ws/install/boids/include/boids/boids/msg
[15.430s] -- Up-to-date: /home/fourdds/ros2_ws/install/boids/include/boids/boids/msg/rosidl_generator_c__visibility_control.h
[15.430s] -- Up-to-date: /home/fourdds/ros2_ws/install/boids/include/boids/boids/srv
[15.430s] -- Up-to-date: /home/fourdds/ros2_ws/install/boids/include/boids/boids/srv/detail
[15.431s] -- Up-to-date: /home/fourdds/ros2_ws/install/boids/include/boids/boids/srv/detail/get_neighbors__struct.h
[15.431s] -- Up-to-date: /home/fourdds/ros2_ws/install/boids/include/boids/boids/srv/detail/get_neighbors__type_support.h
[15.431s] -- Up-to-date: /home/fourdds/ros2_ws/install/boids/include/boids/boids/srv/detail/get_neighbors__functions.h
[15.431s] -- Up-to-date: /home/fourdds/ros2_ws/install/boids/include/boids/boids/srv/detail/get_neighbors__functions.c
[15.431s] -- Up-to-date: /home/fourdds/ros2_ws/install/boids/include/boids/boids/srv/get_neighbors.h
[15.431s] -- Up-to-date: /home/fourdds/ros2_ws/install/boids/share/boids/environment/library_path.sh
[15.431s] -- Up-to-date: /home/fourdds/ros2_ws/install/boids/share/boids/environment/library_path.dsv
[15.431s] -- Up-to-date: /home/fourdds/ros2_ws/install/boids/lib/libboids__rosidl_generator_c.so
[15.431s] -- Up-to-date: /home/fourdds/ros2_ws/install/boids/include/boids/boids
[15.431s] -- Up-to-date: /home/fourdds/ros2_ws/install/boids/include/boids/boids/msg
[15.431s] -- Up-to-date: /home/fourdds/ros2_ws/install/boids/include/boids/boids/msg/rosidl_typesupport_fastrtps_c__visibility_control.h
[15.431s] -- Up-to-date: /home/fourdds/ros2_ws/install/boids/include/boids/boids/srv
[15.431s] -- Up-to-date: /home/fourdds/ros2_ws/install/boids/include/boids/boids/srv/detail
[15.431s] -- Up-to-date: /home/fourdds/ros2_ws/install/boids/include/boids/boids/srv/detail/get_neighbors__rosidl_typesupport_fastrtps_c.h
[15.431s] -- Up-to-date: /home/fourdds/ros2_ws/install/boids/lib/libboids__rosidl_typesupport_fastrtps_c.so
[15.432s] -- Up-to-date: /home/fourdds/ros2_ws/install/boids/include/boids/boids
[15.432s] -- Up-to-date: /home/fourdds/ros2_ws/install/boids/include/boids/boids/srv
[15.432s] -- Up-to-date: /home/fourdds/ros2_ws/install/boids/include/boids/boids/srv/detail
[15.432s] -- Up-to-date: /home/fourdds/ros2_ws/install/boids/include/boids/boids/srv/detail/get_neighbors__traits.hpp
[15.432s] -- Up-to-date: /home/fourdds/ros2_ws/install/boids/include/boids/boids/srv/detail/get_neighbors__struct.hpp
[15.432s] -- Up-to-date: /home/fourdds/ros2_ws/install/boids/include/boids/boids/srv/detail/get_neighbors__builder.hpp
[15.432s] -- Up-to-date: /home/fourdds/ros2_ws/install/boids/include/boids/boids/srv/get_neighbors.hpp
[15.432s] -- Up-to-date: /home/fourdds/ros2_ws/install/boids/include/boids/boids
[15.432s] -- Up-to-date: /home/fourdds/ros2_ws/install/boids/include/boids/boids/msg
[15.432s] -- Up-to-date: /home/fourdds/ros2_ws/install/boids/include/boids/boids/msg/rosidl_typesupport_fastrtps_cpp__visibility_control.h
[15.432s] -- Up-to-date: /home/fourdds/ros2_ws/install/boids/include/boids/boids/srv
[15.432s] -- Up-to-date: /home/fourdds/ros2_ws/install/boids/include/boids/boids/srv/detail
[15.432s] -- Up-to-date: /home/fourdds/ros2_ws/install/boids/include/boids/boids/srv/detail/dds_fastrtps
[15.433s] -- Up-to-date: /home/fourdds/ros2_ws/install/boids/include/boids/boids/srv/detail/get_neighbors__rosidl_typesupport_fastrtps_cpp.hpp
[15.433s] -- Up-to-date: /home/fourdds/ros2_ws/install/boids/lib/libboids__rosidl_typesupport_fastrtps_cpp.so
[15.433s] -- Up-to-date: /home/fourdds/ros2_ws/install/boids/include/boids/boids
[15.433s] -- Up-to-date: /home/fourdds/ros2_ws/install/boids/include/boids/boids/msg
[15.433s] -- Up-to-date: /home/fourdds/ros2_ws/install/boids/include/boids/boids/msg/rosidl_typesupport_introspection_c__visibility_control.h
[15.433s] -- Up-to-date: /home/fourdds/ros2_ws/install/boids/include/boids/boids/srv
[15.433s] -- Up-to-date: /home/fourdds/ros2_ws/install/boids/include/boids/boids/srv/detail
[15.433s] -- Up-to-date: /home/fourdds/ros2_ws/install/boids/include/boids/boids/srv/detail/get_neighbors__type_support.c
[15.433s] -- Up-to-date: /home/fourdds/ros2_ws/install/boids/include/boids/boids/srv/detail/get_neighbors__rosidl_typesupport_introspection_c.h
[15.433s] -- Up-to-date: /home/fourdds/ros2_ws/install/boids/lib/libboids__rosidl_typesupport_introspection_c.so
[15.433s] -- Up-to-date: /home/fourdds/ros2_ws/install/boids/lib/libboids__rosidl_typesupport_c.so
[15.433s] -- Up-to-date: /home/fourdds/ros2_ws/install/boids/include/boids/boids
[15.433s] -- Up-to-date: /home/fourdds/ros2_ws/install/boids/include/boids/boids/srv
[15.433s] -- Up-to-date: /home/fourdds/ros2_ws/install/boids/include/boids/boids/srv/detail
[15.433s] -- Up-to-date: /home/fourdds/ros2_ws/install/boids/include/boids/boids/srv/detail/get_neighbors__rosidl_typesupport_introspection_cpp.hpp
[15.433s] -- Up-to-date: /home/fourdds/ros2_ws/install/boids/include/boids/boids/srv/detail/get_neighbors__type_support.cpp
[15.433s] -- Up-to-date: /home/fourdds/ros2_ws/install/boids/lib/libboids__rosidl_typesupport_introspection_cpp.so
[15.433s] -- Up-to-date: /home/fourdds/ros2_ws/install/boids/lib/libboids__rosidl_typesupport_cpp.so
[15.433s] -- Up-to-date: /home/fourdds/ros2_ws/install/boids/share/boids/environment/pythonpath.sh
[15.433s] -- Up-to-date: /home/fourdds/ros2_ws/install/boids/share/boids/environment/pythonpath.dsv
[15.433s] -- Up-to-date: /home/fourdds/ros2_ws/install/boids/local/lib/python3.10/dist-packages/boids-0.0.0-py3.10.egg-info
[15.433s] -- Installing: /home/fourdds/ros2_ws/install/boids/local/lib/python3.10/dist-packages/boids-0.0.0-py3.10.egg-info/dependency_links.txt
[15.433s] -- Installing: /home/fourdds/ros2_ws/install/boids/local/lib/python3.10/dist-packages/boids-0.0.0-py3.10.egg-info/SOURCES.txt
[15.433s] -- Installing: /home/fourdds/ros2_ws/install/boids/local/lib/python3.10/dist-packages/boids-0.0.0-py3.10.egg-info/PKG-INFO
[15.433s] -- Installing: /home/fourdds/ros2_ws/install/boids/local/lib/python3.10/dist-packages/boids-0.0.0-py3.10.egg-info/top_level.txt
[15.433s] -- Up-to-date: /home/fourdds/ros2_ws/install/boids/local/lib/python3.10/dist-packages/boids
[15.433s] -- Up-to-date: /home/fourdds/ros2_ws/install/boids/local/lib/python3.10/dist-packages/boids/_boids_s.ep.rosidl_typesupport_fastrtps_c.c
[15.433s] -- Up-to-date: /home/fourdds/ros2_ws/install/boids/local/lib/python3.10/dist-packages/boids/boids_s__rosidl_typesupport_c.cpython-310-x86_64-linux-gnu.so
[15.433s] -- Up-to-date: /home/fourdds/ros2_ws/install/boids/local/lib/python3.10/dist-packages/boids/libboids__rosidl_generator_py.so
[15.433s] -- Up-to-date: /home/fourdds/ros2_ws/install/boids/local/lib/python3.10/dist-packages/boids/boids_s__rosidl_typesupport_introspection_c.cpython-310-x86_64-linux-gnu.so
[15.433s] -- Up-to-date: /home/fourdds/ros2_ws/install/boids/local/lib/python3.10/dist-packages/boids/srv
[15.433s] -- Up-to-date: /home/fourdds/ros2_ws/install/boids/local/lib/python3.10/dist-packages/boids/srv/_get_neighbors_s.c
[15.433s] -- Up-to-date: /home/fourdds/ros2_ws/install/boids/local/lib/python3.10/dist-packages/boids/srv/_get_neighbors.py
[15.433s] -- Up-to-date: /home/fourdds/ros2_ws/install/boids/local/lib/python3.10/dist-packages/boids/srv/__init__.py
[15.433s] -- Up-to-date: /home/fourdds/ros2_ws/install/boids/local/lib/python3.10/dist-packages/boids/_boids_s.ep.rosidl_typesupport_introspection_c.c
[15.433s] -- Up-to-date: /home/fourdds/ros2_ws/install/boids/local/lib/python3.10/dist-packages/boids/_boids_s.ep.rosidl_typesupport_c.c
[15.433s] -- Up-to-date: /home/fourdds/ros2_ws/install/boids/local/lib/python3.10/dist-packages/boids/boids_s__rosidl_typesupport_fastrtps_c.cpython-310-x86_64-linux-gnu.so
[15.433s] -- Up-to-date: /home/fourdds/ros2_ws/install/boids/local/lib/python3.10/dist-packages/boids/__init__.py
[15.451s] Listing '/home/fourdds/ros2_ws/install/boids/local/lib/python3.10/dist-packages/boids'...
[15.451s] Listing '/home/fourdds/ros2_ws/install/boids/local/lib/python3.10/dist-packages/boids/srv'...
[15.454s] -- Up-to-date: /home/fourdds/ros2_ws/install/boids/local/lib/python3.10/dist-packages/boids/boids_s__rosidl_typesupport_fastrtps_c.cpython-310-x86_64-linux-gnu.so
[15.454s] -- Up-to-date: /home/fourdds/ros2_ws/install/boids/local/lib/python3.10/dist-packages/boids/boids_s__rosidl_typesupport_introspection_c.cpython-310-x86_64-linux-gnu.so
[15.454s] -- Up-to-date: /home/fourdds/ros2_ws/install/boids/local/lib/python3.10/dist-packages/boids/boids_s__rosidl_typesupport_c.cpython-310-x86_64-linux-gnu.so
[15.454s] -- Up-to-date: /home/fourdds/ros2_ws/install/boids/lib/libboids__rosidl_generator_py.so
[15.454s] -- Up-to-date: /home/fourdds/ros2_ws/install/boids/share/boids/srv/GetNeighbors.idl
[15.454s] -- Up-to-date: /home/fourdds/ros2_ws/install/boids/share/boids/srv/GetNeighbors.srv
[15.455s] -- Up-to-date: /home/fourdds/ros2_ws/install/boids/share/boids/srv/GetNeighbors_Request.msg
[15.455s] -- Up-to-date: /home/fourdds/ros2_ws/install/boids/share/boids/srv/GetNeighbors_Response.msg
[15.455s] -- Installing: /home/fourdds/ros2_ws/install/boids/lib/boids/uavs_spawner
[15.460s] -- Set runtime path of "/home/fourdds/ros2_ws/install/boids/lib/boids/uavs_spawner" to ""
[15.460s] -- Up-to-date: /home/fourdds/ros2_ws/install/boids/include/boids
[15.460s] -- Up-to-date: /home/fourdds/ros2_ws/install/boids/include/boids/placeholder.txt:Zone.Identifier
[15.460s] -- Up-to-date: /home/fourdds/ros2_ws/install/boids/include/boids/placeholder.txt
[15.461s] -- Up-to-date: /home/fourdds/ros2_ws/install/boids/include/boids/placeholder.txt:Zone.Identifier:Zone.Identifier
[15.461s] -- Up-to-date: /home/fourdds/ros2_ws/install/boids/lib/libframe_transforms.so
[15.461s] -- Up-to-date: /home/fourdds/ros2_ws/install/boids/share/boids//launch
[15.461s] -- Up-to-date: /home/fourdds/ros2_ws/install/boids/share/boids//launch/boids.launch.py
[15.461s] -- Up-to-date: /home/fourdds/ros2_ws/install/boids/share/boids//test
[15.461s] -- Up-to-date: /home/fourdds/ros2_ws/install/boids/share/boids//test/placeholder.txt:Zone.Identifier
[15.461s] -- Up-to-date: /home/fourdds/ros2_ws/install/boids/share/boids//test/placeholder.txt
[15.461s] -- Up-to-date: /home/fourdds/ros2_ws/install/boids/share/boids//test/placeholder.txt:Zone.Identifier:Zone.Identifier
[15.461s] -- Up-to-date: /home/fourdds/ros2_ws/install/boids/share/ament_index/resource_index/package_run_dependencies/boids
[15.461s] -- Up-to-date: /home/fourdds/ros2_ws/install/boids/share/ament_index/resource_index/parent_prefix_path/boids
[15.461s] -- Up-to-date: /home/fourdds/ros2_ws/install/boids/share/boids/environment/ament_prefix_path.sh
[15.462s] -- Up-to-date: /home/fourdds/ros2_ws/install/boids/share/boids/environment/ament_prefix_path.dsv
[15.462s] -- Up-to-date: /home/fourdds/ros2_ws/install/boids/share/boids/environment/path.sh
[15.462s] -- Up-to-date: /home/fourdds/ros2_ws/install/boids/share/boids/environment/path.dsv
[15.462s] -- Up-to-date: /home/fourdds/ros2_ws/install/boids/share/boids/local_setup.bash
[15.462s] -- Up-to-date: /home/fourdds/ros2_ws/install/boids/share/boids/local_setup.sh
[15.462s] -- Up-to-date: /home/fourdds/ros2_ws/install/boids/share/boids/local_setup.zsh
[15.462s] -- Up-to-date: /home/fourdds/ros2_ws/install/boids/share/boids/local_setup.dsv
[15.462s] -- Installing: /home/fourdds/ros2_ws/install/boids/share/boids/package.dsv
[15.462s] -- Up-to-date: /home/fourdds/ros2_ws/install/boids/share/ament_index/resource_index/packages/boids
[15.462s] -- Up-to-date: /home/fourdds/ros2_ws/install/boids/share/boids/cmake/export_boids__rosidl_generator_cExport.cmake
[15.462s] -- Up-to-date: /home/fourdds/ros2_ws/install/boids/share/boids/cmake/export_boids__rosidl_generator_cExport-noconfig.cmake
[15.462s] -- Up-to-date: /home/fourdds/ros2_ws/install/boids/share/boids/cmake/export_boids__rosidl_typesupport_fastrtps_cExport.cmake
[15.462s] -- Up-to-date: /home/fourdds/ros2_ws/install/boids/share/boids/cmake/export_boids__rosidl_typesupport_fastrtps_cExport-noconfig.cmake
[15.462s] -- Up-to-date: /home/fourdds/ros2_ws/install/boids/share/boids/cmake/export_boids__rosidl_generator_cppExport.cmake
[15.462s] -- Up-to-date: /home/fourdds/ros2_ws/install/boids/share/boids/cmake/export_boids__rosidl_typesupport_fastrtps_cppExport.cmake
[15.462s] -- Up-to-date: /home/fourdds/ros2_ws/install/boids/share/boids/cmake/export_boids__rosidl_typesupport_fastrtps_cppExport-noconfig.cmake
[15.462s] -- Up-to-date: /home/fourdds/ros2_ws/install/boids/share/boids/cmake/boids__rosidl_typesupport_introspection_cExport.cmake
[15.462s] -- Up-to-date: /home/fourdds/ros2_ws/install/boids/share/boids/cmake/boids__rosidl_typesupport_introspection_cExport-noconfig.cmake
[15.462s] -- Up-to-date: /home/fourdds/ros2_ws/install/boids/share/boids/cmake/boids__rosidl_typesupport_cExport.cmake
[15.463s] -- Up-to-date: /home/fourdds/ros2_ws/install/boids/share/boids/cmake/boids__rosidl_typesupport_cExport-noconfig.cmake
[15.463s] -- Up-to-date: /home/fourdds/ros2_ws/install/boids/share/boids/cmake/boids__rosidl_typesupport_introspection_cppExport.cmake
[15.463s] -- Up-to-date: /home/fourdds/ros2_ws/install/boids/share/boids/cmake/boids__rosidl_typesupport_introspection_cppExport-noconfig.cmake
[15.463s] -- Up-to-date: /home/fourdds/ros2_ws/install/boids/share/boids/cmake/boids__rosidl_typesupport_cppExport.cmake
[15.463s] -- Up-to-date: /home/fourdds/ros2_ws/install/boids/share/boids/cmake/boids__rosidl_typesupport_cppExport-noconfig.cmake
[15.463s] -- Up-to-date: /home/fourdds/ros2_ws/install/boids/share/boids/cmake/export_boids__rosidl_generator_pyExport.cmake
[15.463s] -- Up-to-date: /home/fourdds/ros2_ws/install/boids/share/boids/cmake/export_boids__rosidl_generator_pyExport-noconfig.cmake
[15.463s] -- Up-to-date: /home/fourdds/ros2_ws/install/boids/share/boids/cmake/export_frame_transformsExport.cmake
[15.463s] -- Up-to-date: /home/fourdds/ros2_ws/install/boids/share/boids/cmake/export_frame_transformsExport-noconfig.cmake
[15.463s] -- Up-to-date: /home/fourdds/ros2_ws/install/boids/share/boids/cmake/rosidl_cmake-extras.cmake
[15.463s] -- Up-to-date: /home/fourdds/ros2_ws/install/boids/share/boids/cmake/ament_cmake_export_include_directories-extras.cmake
[15.463s] -- Up-to-date: /home/fourdds/ros2_ws/install/boids/share/boids/cmake/ament_cmake_export_libraries-extras.cmake
[15.463s] -- Up-to-date: /home/fourdds/ros2_ws/install/boids/share/boids/cmake/ament_cmake_export_targets-extras.cmake
[15.463s] -- Up-to-date: /home/fourdds/ros2_ws/install/boids/share/boids/cmake/rosidl_cmake_export_typesupport_targets-extras.cmake
[15.463s] -- Up-to-date: /home/fourdds/ros2_ws/install/boids/share/boids/cmake/ament_cmake_export_dependencies-extras.cmake
[15.463s] -- Up-to-date: /home/fourdds/ros2_ws/install/boids/share/boids/cmake/rosidl_cmake_export_typesupport_libraries-extras.cmake
[15.463s] -- Up-to-date: /home/fourdds/ros2_ws/install/boids/share/boids/cmake/boidsConfig.cmake
[15.463s] -- Up-to-date: /home/fourdds/ros2_ws/install/boids/share/boids/cmake/boidsConfig-version.cmake
[15.463s] -- Up-to-date: /home/fourdds/ros2_ws/install/boids/share/boids/package.xml
[15.464s] Invoked command in '/home/fourdds/ros2_ws/build/boids' returned '0': CMAKE_PREFIX_PATH=/home/fourdds/ros2_ws/install/px4_msgs:/home/fourdds/ros2_ws/install/px4_ros_com:/home/fourdds/ros2_ws/install/boids:/opt/ros/humble LD_LIBRARY_PATH=/home/fourdds/ros2_ws/install/px4_msgs/lib:/home/fourdds/ros2_ws/install/px4_ros_com/lib:/home/fourdds/ros2_ws/install/boids/lib:/usr/lib/x86_64-linux-gnu/gazebo-11/plugins:/opt/ros/humble/opt/rviz_ogre_vendor/lib:/opt/ros/humble/lib/x86_64-linux-gnu:/opt/ros/humble/lib /usr/bin/cmake --install /home/fourdds/ros2_ws/build/boids
