[0.006s] Invoking command in '/home/fourdds/ros2_ws/build/parameters': CMAKE_PREFIX_PATH=${CMAKE_PREFIX_PATH}:/opt/ros/humble /usr/bin/cmake /home/fourdds/ros2_ws/src/parameters -DCMAKE_INSTALL_PREFIX=/home/fourdds/ros2_ws/install/parameters
[0.030s] -- The C compiler identification is GNU 11.4.0
[0.056s] -- The CXX compiler identification is GNU 11.4.0
[0.059s] -- Detecting C compiler ABI info
[0.090s] -- Detecting C compiler ABI info - done
[0.094s] -- Check for working C compiler: /usr/bin/cc - skipped
[0.094s] -- Detecting C compile features
[0.094s] -- Detecting C compile features - done
[0.095s] -- Detecting CXX compiler ABI info
[0.133s] -- Detecting CXX compiler ABI info - done
[0.137s] -- Check for working CXX compiler: /usr/bin/c++ - skipped
[0.137s] -- Detecting CXX compile features
[0.138s] -- Detecting CXX compile features - done
[0.139s] -- Found ament_cmake: 1.3.8 (/opt/ros/humble/share/ament_cmake/cmake)
[0.322s] -- Found Python3: /usr/bin/python3 (found version "3.10.12") found components: Interpreter 
[0.368s] -- Found ament_lint_auto: 0.12.10 (/opt/ros/humble/share/ament_lint_auto/cmake)
[0.409s] -- Added test 'cppcheck' to perform static code analysis on C / C++ code
[0.409s] -- Configured cppcheck include dirs: $<BUILD_INTERFACE:/home/fourdds/ros2_ws/src/parameters/include>
[0.409s] -- Configured cppcheck exclude dirs and/or files: 
[0.411s] -- Added test 'lint_cmake' to check CMake code style
[0.411s] -- Added test 'uncrustify' to check C / C++ code style
[0.411s] -- Configured uncrustify additional arguments: 
[0.411s] -- Added test 'xmllint' to check XML markup files
[0.412s] -- Configuring done
[0.414s] -- Generating done
[0.415s] -- Build files have been written to: /home/fourdds/ros2_ws/build/parameters
[0.417s] Invoked command in '/home/fourdds/ros2_ws/build/parameters' returned '0': CMAKE_PREFIX_PATH=${CMAKE_PREFIX_PATH}:/opt/ros/humble /usr/bin/cmake /home/fourdds/ros2_ws/src/parameters -DCMAKE_INSTALL_PREFIX=/home/fourdds/ros2_ws/install/parameters
[0.418s] Invoking command in '/home/fourdds/ros2_ws/build/parameters': CMAKE_PREFIX_PATH=${CMAKE_PREFIX_PATH}:/opt/ros/humble /usr/bin/cmake --build /home/fourdds/ros2_ws/build/parameters -- -j24 -l24
[0.437s] [ 50%] [32mBuilding CXX object CMakeFiles/Parameters.dir/src/Parameters.cpp.o[0m
[0.445s] [100%] [32m[1mLinking CXX static library libParameters.a[0m
[0.460s] [100%] Built target Parameters
[0.465s] Invoked command in '/home/fourdds/ros2_ws/build/parameters' returned '0': CMAKE_PREFIX_PATH=${CMAKE_PREFIX_PATH}:/opt/ros/humble /usr/bin/cmake --build /home/fourdds/ros2_ws/build/parameters -- -j24 -l24
[0.480s] Invoking command in '/home/fourdds/ros2_ws/build/parameters': CMAKE_PREFIX_PATH=${CMAKE_PREFIX_PATH}:/opt/ros/humble /usr/bin/cmake --install /home/fourdds/ros2_ws/build/parameters
[0.483s] -- Install configuration: ""
[0.483s] -- Installing: /home/fourdds/ros2_ws/install/parameters/lib/parameters/libParameters.a
[0.483s] -- Installing: /home/fourdds/ros2_ws/install/parameters/share/parameters/environment/library_path.sh
[0.484s] -- Installing: /home/fourdds/ros2_ws/install/parameters/share/parameters/environment/library_path.dsv
[0.484s] -- Installing: /home/fourdds/ros2_ws/install/parameters/share/ament_index/resource_index/package_run_dependencies/parameters
[0.484s] -- Installing: /home/fourdds/ros2_ws/install/parameters/share/ament_index/resource_index/parent_prefix_path/parameters
[0.484s] -- Installing: /home/fourdds/ros2_ws/install/parameters/share/parameters/environment/ament_prefix_path.sh
[0.484s] -- Installing: /home/fourdds/ros2_ws/install/parameters/share/parameters/environment/ament_prefix_path.dsv
[0.484s] -- Installing: /home/fourdds/ros2_ws/install/parameters/share/parameters/environment/path.sh
[0.484s] -- Installing: /home/fourdds/ros2_ws/install/parameters/share/parameters/environment/path.dsv
[0.484s] -- Installing: /home/fourdds/ros2_ws/install/parameters/share/parameters/local_setup.bash
[0.484s] -- Installing: /home/fourdds/ros2_ws/install/parameters/share/parameters/local_setup.sh
[0.484s] -- Installing: /home/fourdds/ros2_ws/install/parameters/share/parameters/local_setup.zsh
[0.484s] -- Installing: /home/fourdds/ros2_ws/install/parameters/share/parameters/local_setup.dsv
[0.484s] -- Installing: /home/fourdds/ros2_ws/install/parameters/share/parameters/package.dsv
[0.485s] -- Installing: /home/fourdds/ros2_ws/install/parameters/share/ament_index/resource_index/packages/parameters
[0.485s] -- Installing: /home/fourdds/ros2_ws/install/parameters/share/parameters/cmake/ament_cmake_export_libraries-extras.cmake
[0.485s] -- Installing: /home/fourdds/ros2_ws/install/parameters/share/parameters/cmake/parametersConfig.cmake
[0.485s] -- Installing: /home/fourdds/ros2_ws/install/parameters/share/parameters/cmake/parametersConfig-version.cmake
[0.485s] -- Installing: /home/fourdds/ros2_ws/install/parameters/share/parameters/package.xml
[0.485s] Invoked command in '/home/fourdds/ros2_ws/build/parameters' returned '0': CMAKE_PREFIX_PATH=${CMAKE_PREFIX_PATH}:/opt/ros/humble /usr/bin/cmake --install /home/fourdds/ros2_ws/build/parameters
