[0.069s] DEBUG:colcon:Command line arguments: ['/usr/bin/colcon', 'build', '--packages-select', 'obstacle_avoidance']
[0.069s] DEBUG:colcon:Parsed command line arguments: Namespace(log_base=None, log_level=None, verb_name='build', build_base='build', install_base='install', merge_install=False, symlink_install=False, test_result_base=None, continue_on_error=False, executor='parallel', parallel_workers=24, event_handlers=None, ignore_user_meta=False, metas=['./colcon.meta'], base_paths=['.'], packages_ignore=None, packages_ignore_regex=None, paths=None, packages_up_to=None, packages_up_to_regex=None, packages_above=None, packages_above_and_dependencies=None, packages_above_depth=None, packages_select_by_dep=None, packages_skip_by_dep=None, packages_skip_up_to=None, packages_select_build_failed=False, packages_skip_build_finished=False, packages_select_test_failures=False, packages_skip_test_passed=False, packages_select=['obstacle_avoidance'], packages_skip=None, packages_select_regex=None, packages_skip_regex=None, packages_start=None, packages_end=None, allow_overriding=[], cmake_args=None, cmake_target=None, cmake_target_skip_unavailable=False, cmake_clean_cache=False, cmake_clean_first=False, cmake_force_configure=False, ament_cmake_args=None, catkin_cmake_args=None, catkin_skip_building_tests=False, mixin_files=None, mixin=None, verb_parser=<colcon_mixin.mixin.mixin_argument.MixinArgumentDecorator object at 0x7f74c28af070>, verb_extension=<colcon_core.verb.build.BuildVerb object at 0x7f74c28aeaa0>, main=<bound method BuildVerb.main of <colcon_core.verb.build.BuildVerb object at 0x7f74c28aeaa0>>, mixin_verb=('build',))
[0.088s] Level 1:colcon.colcon_core.package_discovery:discover_packages(colcon_meta) check parameters
[0.088s] Level 1:colcon.colcon_core.package_discovery:discover_packages(recursive) check parameters
[0.088s] Level 1:colcon.colcon_core.package_discovery:discover_packages(ignore) check parameters
[0.088s] Level 1:colcon.colcon_core.package_discovery:discover_packages(path) check parameters
[0.088s] Level 1:colcon.colcon_core.package_discovery:discover_packages(colcon_meta) discover
[0.088s] Level 1:colcon.colcon_core.package_discovery:discover_packages(recursive) discover
[0.088s] INFO:colcon.colcon_core.package_discovery:Crawling recursively for packages in '/home/fourdds/ros2_ws'
[0.088s] Level 1:colcon.colcon_core.package_identification:_identify(.) by extensions ['ignore', 'ignore_ament_install']
[0.088s] Level 1:colcon.colcon_core.package_identification:_identify(.) by extension 'ignore'
[0.088s] Level 1:colcon.colcon_core.package_identification:_identify(.) by extension 'ignore_ament_install'
[0.088s] Level 1:colcon.colcon_core.package_identification:_identify(.) by extensions ['colcon_pkg']
[0.088s] Level 1:colcon.colcon_core.package_identification:_identify(.) by extension 'colcon_pkg'
[0.088s] Level 1:colcon.colcon_core.package_identification:_identify(.) by extensions ['colcon_meta']
[0.088s] Level 1:colcon.colcon_core.package_identification:_identify(.) by extension 'colcon_meta'
[0.088s] Level 1:colcon.colcon_core.package_identification:_identify(.) by extensions ['ros']
[0.088s] Level 1:colcon.colcon_core.package_identification:_identify(.) by extension 'ros'
[0.096s] Level 1:colcon.colcon_core.package_identification:_identify(.) by extensions ['cmake', 'python']
[0.096s] Level 1:colcon.colcon_core.package_identification:_identify(.) by extension 'cmake'
[0.096s] Level 1:colcon.colcon_core.package_identification:_identify(.) by extension 'python'
[0.096s] Level 1:colcon.colcon_core.package_identification:_identify(.) by extensions ['python_setup_py']
[0.096s] Level 1:colcon.colcon_core.package_identification:_identify(.) by extension 'python_setup_py'
[0.096s] Level 1:colcon.colcon_core.package_identification:_identify(build) by extensions ['ignore', 'ignore_ament_install']
[0.096s] Level 1:colcon.colcon_core.package_identification:_identify(build) by extension 'ignore'
[0.096s] Level 1:colcon.colcon_core.package_identification:_identify(build) ignored
[0.096s] Level 1:colcon.colcon_core.package_identification:_identify(install) by extensions ['ignore', 'ignore_ament_install']
[0.096s] Level 1:colcon.colcon_core.package_identification:_identify(install) by extension 'ignore'
[0.096s] Level 1:colcon.colcon_core.package_identification:_identify(install) ignored
[0.097s] Level 1:colcon.colcon_core.package_identification:_identify(log) by extensions ['ignore', 'ignore_ament_install']
[0.097s] Level 1:colcon.colcon_core.package_identification:_identify(log) by extension 'ignore'
[0.097s] Level 1:colcon.colcon_core.package_identification:_identify(log) ignored
[0.097s] Level 1:colcon.colcon_core.package_identification:_identify(log_1719243302) by extensions ['ignore', 'ignore_ament_install']
[0.097s] Level 1:colcon.colcon_core.package_identification:_identify(log_1719243302) by extension 'ignore'
[0.097s] Level 1:colcon.colcon_core.package_identification:_identify(log_1719243302) by extension 'ignore_ament_install'
[0.097s] Level 1:colcon.colcon_core.package_identification:_identify(log_1719243302) by extensions ['colcon_pkg']
[0.097s] Level 1:colcon.colcon_core.package_identification:_identify(log_1719243302) by extension 'colcon_pkg'
[0.097s] Level 1:colcon.colcon_core.package_identification:_identify(log_1719243302) by extensions ['colcon_meta']
[0.097s] Level 1:colcon.colcon_core.package_identification:_identify(log_1719243302) by extension 'colcon_meta'
[0.097s] Level 1:colcon.colcon_core.package_identification:_identify(log_1719243302) by extensions ['ros']
[0.097s] Level 1:colcon.colcon_core.package_identification:_identify(log_1719243302) by extension 'ros'
[0.097s] Level 1:colcon.colcon_core.package_identification:_identify(log_1719243302) by extensions ['cmake', 'python']
[0.097s] Level 1:colcon.colcon_core.package_identification:_identify(log_1719243302) by extension 'cmake'
[0.097s] Level 1:colcon.colcon_core.package_identification:_identify(log_1719243302) by extension 'python'
[0.097s] Level 1:colcon.colcon_core.package_identification:_identify(log_1719243302) by extensions ['python_setup_py']
[0.097s] Level 1:colcon.colcon_core.package_identification:_identify(log_1719243302) by extension 'python_setup_py'
[0.097s] Level 1:colcon.colcon_core.package_identification:_identify(src) by extensions ['ignore', 'ignore_ament_install']
[0.097s] Level 1:colcon.colcon_core.package_identification:_identify(src) by extension 'ignore'
[0.097s] Level 1:colcon.colcon_core.package_identification:_identify(src) by extension 'ignore_ament_install'
[0.097s] Level 1:colcon.colcon_core.package_identification:_identify(src) by extensions ['colcon_pkg']
[0.097s] Level 1:colcon.colcon_core.package_identification:_identify(src) by extension 'colcon_pkg'
[0.097s] Level 1:colcon.colcon_core.package_identification:_identify(src) by extensions ['colcon_meta']
[0.097s] Level 1:colcon.colcon_core.package_identification:_identify(src) by extension 'colcon_meta'
[0.098s] Level 1:colcon.colcon_core.package_identification:_identify(src) by extensions ['ros']
[0.098s] Level 1:colcon.colcon_core.package_identification:_identify(src) by extension 'ros'
[0.098s] Level 1:colcon.colcon_core.package_identification:_identify(src) by extensions ['cmake', 'python']
[0.098s] Level 1:colcon.colcon_core.package_identification:_identify(src) by extension 'cmake'
[0.098s] Level 1:colcon.colcon_core.package_identification:_identify(src) by extension 'python'
[0.098s] Level 1:colcon.colcon_core.package_identification:_identify(src) by extensions ['python_setup_py']
[0.098s] Level 1:colcon.colcon_core.package_identification:_identify(src) by extension 'python_setup_py'
[0.098s] Level 1:colcon.colcon_core.package_identification:_identify(src/analysis) by extensions ['ignore', 'ignore_ament_install']
[0.098s] Level 1:colcon.colcon_core.package_identification:_identify(src/analysis) by extension 'ignore'
[0.098s] Level 1:colcon.colcon_core.package_identification:_identify(src/analysis) by extension 'ignore_ament_install'
[0.098s] Level 1:colcon.colcon_core.package_identification:_identify(src/analysis) by extensions ['colcon_pkg']
[0.098s] Level 1:colcon.colcon_core.package_identification:_identify(src/analysis) by extension 'colcon_pkg'
[0.098s] Level 1:colcon.colcon_core.package_identification:_identify(src/analysis) by extensions ['colcon_meta']
[0.098s] Level 1:colcon.colcon_core.package_identification:_identify(src/analysis) by extension 'colcon_meta'
[0.098s] Level 1:colcon.colcon_core.package_identification:_identify(src/analysis) by extensions ['ros']
[0.098s] Level 1:colcon.colcon_core.package_identification:_identify(src/analysis) by extension 'ros'
[0.099s] DEBUG:colcon.colcon_core.package_identification:Package 'src/analysis' with type 'ros.ament_python' and name 'analysis'
[0.099s] Level 1:colcon.colcon_core.package_identification:_identify(src/base_station) by extensions ['ignore', 'ignore_ament_install']
[0.099s] Level 1:colcon.colcon_core.package_identification:_identify(src/base_station) by extension 'ignore'
[0.099s] Level 1:colcon.colcon_core.package_identification:_identify(src/base_station) by extension 'ignore_ament_install'
[0.099s] Level 1:colcon.colcon_core.package_identification:_identify(src/base_station) by extensions ['colcon_pkg']
[0.099s] Level 1:colcon.colcon_core.package_identification:_identify(src/base_station) by extension 'colcon_pkg'
[0.099s] Level 1:colcon.colcon_core.package_identification:_identify(src/base_station) by extensions ['colcon_meta']
[0.099s] Level 1:colcon.colcon_core.package_identification:_identify(src/base_station) by extension 'colcon_meta'
[0.099s] Level 1:colcon.colcon_core.package_identification:_identify(src/base_station) by extensions ['ros']
[0.099s] Level 1:colcon.colcon_core.package_identification:_identify(src/base_station) by extension 'ros'
[0.100s] DEBUG:colcon.colcon_core.package_identification:Package 'src/base_station' with type 'ros.ament_cmake' and name 'base_station'
[0.100s] Level 1:colcon.colcon_core.package_identification:_identify(src/drone) by extensions ['ignore', 'ignore_ament_install']
[0.100s] Level 1:colcon.colcon_core.package_identification:_identify(src/drone) by extension 'ignore'
[0.100s] Level 1:colcon.colcon_core.package_identification:_identify(src/drone) by extension 'ignore_ament_install'
[0.100s] Level 1:colcon.colcon_core.package_identification:_identify(src/drone) by extensions ['colcon_pkg']
[0.100s] Level 1:colcon.colcon_core.package_identification:_identify(src/drone) by extension 'colcon_pkg'
[0.100s] Level 1:colcon.colcon_core.package_identification:_identify(src/drone) by extensions ['colcon_meta']
[0.100s] Level 1:colcon.colcon_core.package_identification:_identify(src/drone) by extension 'colcon_meta'
[0.100s] Level 1:colcon.colcon_core.package_identification:_identify(src/drone) by extensions ['ros']
[0.100s] Level 1:colcon.colcon_core.package_identification:_identify(src/drone) by extension 'ros'
[0.100s] DEBUG:colcon.colcon_core.package_identification:Package 'src/drone' with type 'ros.ament_cmake' and name 'drone'
[0.100s] Level 1:colcon.colcon_core.package_identification:_identify(src/fdds_messages) by extensions ['ignore', 'ignore_ament_install']
[0.100s] Level 1:colcon.colcon_core.package_identification:_identify(src/fdds_messages) by extension 'ignore'
[0.100s] Level 1:colcon.colcon_core.package_identification:_identify(src/fdds_messages) by extension 'ignore_ament_install'
[0.100s] Level 1:colcon.colcon_core.package_identification:_identify(src/fdds_messages) by extensions ['colcon_pkg']
[0.100s] Level 1:colcon.colcon_core.package_identification:_identify(src/fdds_messages) by extension 'colcon_pkg'
[0.100s] Level 1:colcon.colcon_core.package_identification:_identify(src/fdds_messages) by extensions ['colcon_meta']
[0.100s] Level 1:colcon.colcon_core.package_identification:_identify(src/fdds_messages) by extension 'colcon_meta'
[0.100s] Level 1:colcon.colcon_core.package_identification:_identify(src/fdds_messages) by extensions ['ros']
[0.100s] Level 1:colcon.colcon_core.package_identification:_identify(src/fdds_messages) by extension 'ros'
[0.100s] DEBUG:colcon.colcon_core.package_identification:Package 'src/fdds_messages' with type 'ros.ament_cmake' and name 'fdds_messages'
[0.101s] Level 1:colcon.colcon_core.package_identification:_identify(src/log) by extensions ['ignore', 'ignore_ament_install']
[0.101s] Level 1:colcon.colcon_core.package_identification:_identify(src/log) by extension 'ignore'
[0.101s] Level 1:colcon.colcon_core.package_identification:_identify(src/log) ignored
[0.101s] Level 1:colcon.colcon_core.package_identification:_identify(src/obstacle_avoidance) by extensions ['ignore', 'ignore_ament_install']
[0.101s] Level 1:colcon.colcon_core.package_identification:_identify(src/obstacle_avoidance) by extension 'ignore'
[0.101s] Level 1:colcon.colcon_core.package_identification:_identify(src/obstacle_avoidance) by extension 'ignore_ament_install'
[0.101s] Level 1:colcon.colcon_core.package_identification:_identify(src/obstacle_avoidance) by extensions ['colcon_pkg']
[0.101s] Level 1:colcon.colcon_core.package_identification:_identify(src/obstacle_avoidance) by extension 'colcon_pkg'
[0.101s] Level 1:colcon.colcon_core.package_identification:_identify(src/obstacle_avoidance) by extensions ['colcon_meta']
[0.101s] Level 1:colcon.colcon_core.package_identification:_identify(src/obstacle_avoidance) by extension 'colcon_meta'
[0.101s] Level 1:colcon.colcon_core.package_identification:_identify(src/obstacle_avoidance) by extensions ['ros']
[0.101s] Level 1:colcon.colcon_core.package_identification:_identify(src/obstacle_avoidance) by extension 'ros'
[0.101s] DEBUG:colcon.colcon_core.package_identification:Package 'src/obstacle_avoidance' with type 'ros.ament_cmake' and name 'obstacle_avoidance'
[0.101s] Level 1:colcon.colcon_core.package_identification:_identify(src/parameters) by extensions ['ignore', 'ignore_ament_install']
[0.102s] Level 1:colcon.colcon_core.package_identification:_identify(src/parameters) by extension 'ignore'
[0.102s] Level 1:colcon.colcon_core.package_identification:_identify(src/parameters) by extension 'ignore_ament_install'
[0.102s] Level 1:colcon.colcon_core.package_identification:_identify(src/parameters) by extensions ['colcon_pkg']
[0.102s] Level 1:colcon.colcon_core.package_identification:_identify(src/parameters) by extension 'colcon_pkg'
[0.102s] Level 1:colcon.colcon_core.package_identification:_identify(src/parameters) by extensions ['colcon_meta']
[0.102s] Level 1:colcon.colcon_core.package_identification:_identify(src/parameters) by extension 'colcon_meta'
[0.102s] Level 1:colcon.colcon_core.package_identification:_identify(src/parameters) by extensions ['ros']
[0.102s] Level 1:colcon.colcon_core.package_identification:_identify(src/parameters) by extension 'ros'
[0.102s] DEBUG:colcon.colcon_core.package_identification:Package 'src/parameters' with type 'ros.ament_cmake' and name 'parameters'
[0.102s] Level 1:colcon.colcon_core.package_identification:_identify(src/px4_msgs) by extensions ['ignore', 'ignore_ament_install']
[0.102s] Level 1:colcon.colcon_core.package_identification:_identify(src/px4_msgs) by extension 'ignore'
[0.102s] Level 1:colcon.colcon_core.package_identification:_identify(src/px4_msgs) by extension 'ignore_ament_install'
[0.102s] Level 1:colcon.colcon_core.package_identification:_identify(src/px4_msgs) by extensions ['colcon_pkg']
[0.102s] Level 1:colcon.colcon_core.package_identification:_identify(src/px4_msgs) by extension 'colcon_pkg'
[0.102s] Level 1:colcon.colcon_core.package_identification:_identify(src/px4_msgs) by extensions ['colcon_meta']
[0.102s] Level 1:colcon.colcon_core.package_identification:_identify(src/px4_msgs) by extension 'colcon_meta'
[0.102s] Level 1:colcon.colcon_core.package_identification:_identify(src/px4_msgs) by extensions ['ros']
[0.102s] Level 1:colcon.colcon_core.package_identification:_identify(src/px4_msgs) by extension 'ros'
[0.102s] DEBUG:colcon.colcon_core.package_identification:Package 'src/px4_msgs' with type 'ros.ament_cmake' and name 'px4_msgs'
[0.103s] Level 1:colcon.colcon_core.package_identification:_identify(src/px4_ros_com) by extensions ['ignore', 'ignore_ament_install']
[0.103s] Level 1:colcon.colcon_core.package_identification:_identify(src/px4_ros_com) by extension 'ignore'
[0.103s] Level 1:colcon.colcon_core.package_identification:_identify(src/px4_ros_com) by extension 'ignore_ament_install'
[0.103s] Level 1:colcon.colcon_core.package_identification:_identify(src/px4_ros_com) by extensions ['colcon_pkg']
[0.103s] Level 1:colcon.colcon_core.package_identification:_identify(src/px4_ros_com) by extension 'colcon_pkg'
[0.103s] Level 1:colcon.colcon_core.package_identification:_identify(src/px4_ros_com) by extensions ['colcon_meta']
[0.103s] Level 1:colcon.colcon_core.package_identification:_identify(src/px4_ros_com) by extension 'colcon_meta'
[0.103s] Level 1:colcon.colcon_core.package_identification:_identify(src/px4_ros_com) by extensions ['ros']
[0.103s] Level 1:colcon.colcon_core.package_identification:_identify(src/px4_ros_com) by extension 'ros'
[0.103s] DEBUG:colcon.colcon_core.package_identification:Package 'src/px4_ros_com' with type 'ros.ament_cmake' and name 'px4_ros_com'
[0.103s] Level 1:colcon.colcon_core.package_identification:_identify(src/stigmergy) by extensions ['ignore', 'ignore_ament_install']
[0.103s] Level 1:colcon.colcon_core.package_identification:_identify(src/stigmergy) by extension 'ignore'
[0.103s] Level 1:colcon.colcon_core.package_identification:_identify(src/stigmergy) by extension 'ignore_ament_install'
[0.103s] Level 1:colcon.colcon_core.package_identification:_identify(src/stigmergy) by extensions ['colcon_pkg']
[0.103s] Level 1:colcon.colcon_core.package_identification:_identify(src/stigmergy) by extension 'colcon_pkg'
[0.103s] Level 1:colcon.colcon_core.package_identification:_identify(src/stigmergy) by extensions ['colcon_meta']
[0.103s] Level 1:colcon.colcon_core.package_identification:_identify(src/stigmergy) by extension 'colcon_meta'
[0.103s] Level 1:colcon.colcon_core.package_identification:_identify(src/stigmergy) by extensions ['ros']
[0.104s] Level 1:colcon.colcon_core.package_identification:_identify(src/stigmergy) by extension 'ros'
[0.104s] DEBUG:colcon.colcon_core.package_identification:Package 'src/stigmergy' with type 'ros.ament_cmake' and name 'stigmergy'
[0.104s] Level 1:colcon.colcon_core.package_identification:_identify(src/stigmergy_map) by extensions ['ignore', 'ignore_ament_install']
[0.104s] Level 1:colcon.colcon_core.package_identification:_identify(src/stigmergy_map) by extension 'ignore'
[0.104s] Level 1:colcon.colcon_core.package_identification:_identify(src/stigmergy_map) by extension 'ignore_ament_install'
[0.104s] Level 1:colcon.colcon_core.package_identification:_identify(src/stigmergy_map) by extensions ['colcon_pkg']
[0.104s] Level 1:colcon.colcon_core.package_identification:_identify(src/stigmergy_map) by extension 'colcon_pkg'
[0.104s] Level 1:colcon.colcon_core.package_identification:_identify(src/stigmergy_map) by extensions ['colcon_meta']
[0.104s] Level 1:colcon.colcon_core.package_identification:_identify(src/stigmergy_map) by extension 'colcon_meta'
[0.104s] Level 1:colcon.colcon_core.package_identification:_identify(src/stigmergy_map) by extensions ['ros']
[0.104s] Level 1:colcon.colcon_core.package_identification:_identify(src/stigmergy_map) by extension 'ros'
[0.104s] DEBUG:colcon.colcon_core.package_identification:Package 'src/stigmergy_map' with type 'ros.ament_cmake' and name 'stigmergy_map'
[0.105s] Level 1:colcon.colcon_core.package_identification:_identify(src/target_detection) by extensions ['ignore', 'ignore_ament_install']
[0.105s] Level 1:colcon.colcon_core.package_identification:_identify(src/target_detection) by extension 'ignore'
[0.105s] Level 1:colcon.colcon_core.package_identification:_identify(src/target_detection) by extension 'ignore_ament_install'
[0.105s] Level 1:colcon.colcon_core.package_identification:_identify(src/target_detection) by extensions ['colcon_pkg']
[0.105s] Level 1:colcon.colcon_core.package_identification:_identify(src/target_detection) by extension 'colcon_pkg'
[0.105s] Level 1:colcon.colcon_core.package_identification:_identify(src/target_detection) by extensions ['colcon_meta']
[0.105s] Level 1:colcon.colcon_core.package_identification:_identify(src/target_detection) by extension 'colcon_meta'
[0.105s] Level 1:colcon.colcon_core.package_identification:_identify(src/target_detection) by extensions ['ros']
[0.105s] Level 1:colcon.colcon_core.package_identification:_identify(src/target_detection) by extension 'ros'
[0.105s] DEBUG:colcon.colcon_core.package_identification:Package 'src/target_detection' with type 'ros.ament_cmake' and name 'target_detection'
[0.105s] Level 1:colcon.colcon_core.package_identification:_identify(subset) by extensions ['ignore', 'ignore_ament_install']
[0.105s] Level 1:colcon.colcon_core.package_identification:_identify(subset) by extension 'ignore'
[0.105s] Level 1:colcon.colcon_core.package_identification:_identify(subset) by extension 'ignore_ament_install'
[0.105s] Level 1:colcon.colcon_core.package_identification:_identify(subset) by extensions ['colcon_pkg']
[0.105s] Level 1:colcon.colcon_core.package_identification:_identify(subset) by extension 'colcon_pkg'
[0.105s] Level 1:colcon.colcon_core.package_identification:_identify(subset) by extensions ['colcon_meta']
[0.105s] Level 1:colcon.colcon_core.package_identification:_identify(subset) by extension 'colcon_meta'
[0.105s] Level 1:colcon.colcon_core.package_identification:_identify(subset) by extensions ['ros']
[0.105s] Level 1:colcon.colcon_core.package_identification:_identify(subset) by extension 'ros'
[0.105s] Level 1:colcon.colcon_core.package_identification:_identify(subset) by extensions ['cmake', 'python']
[0.105s] Level 1:colcon.colcon_core.package_identification:_identify(subset) by extension 'cmake'
[0.105s] Level 1:colcon.colcon_core.package_identification:_identify(subset) by extension 'python'
[0.105s] Level 1:colcon.colcon_core.package_identification:_identify(subset) by extensions ['python_setup_py']
[0.105s] Level 1:colcon.colcon_core.package_identification:_identify(subset) by extension 'python_setup_py'
[0.106s] Level 1:colcon.colcon_core.package_discovery:discover_packages(recursive) using defaults
[0.106s] Level 1:colcon.colcon_core.package_discovery:discover_packages(ignore) discover
[0.106s] Level 1:colcon.colcon_core.package_discovery:discover_packages(ignore) using defaults
[0.106s] Level 1:colcon.colcon_core.package_discovery:discover_packages(path) discover
[0.106s] Level 1:colcon.colcon_core.package_discovery:discover_packages(path) using defaults
[0.117s] INFO:colcon.colcon_core.package_selection:Skipping not selected package 'analysis' in 'src/analysis'
[0.117s] INFO:colcon.colcon_core.package_selection:Skipping not selected package 'base_station' in 'src/base_station'
[0.117s] INFO:colcon.colcon_core.package_selection:Skipping not selected package 'drone' in 'src/drone'
[0.117s] INFO:colcon.colcon_core.package_selection:Skipping not selected package 'fdds_messages' in 'src/fdds_messages'
[0.117s] INFO:colcon.colcon_core.package_selection:Skipping not selected package 'parameters' in 'src/parameters'
[0.117s] INFO:colcon.colcon_core.package_selection:Skipping not selected package 'px4_msgs' in 'src/px4_msgs'
[0.117s] INFO:colcon.colcon_core.package_selection:Skipping not selected package 'stigmergy' in 'src/stigmergy'
[0.117s] INFO:colcon.colcon_core.package_selection:Skipping not selected package 'stigmergy_map' in 'src/stigmergy_map'
[0.117s] INFO:colcon.colcon_core.package_selection:Skipping not selected package 'target_detection' in 'src/target_detection'
[0.117s] INFO:colcon.colcon_core.package_selection:Skipping not selected package 'px4_ros_com' in 'src/px4_ros_com'
[0.117s] Level 1:colcon.colcon_core.package_discovery:discover_packages(prefix_path) check parameters
[0.117s] Level 1:colcon.colcon_core.package_discovery:discover_packages(prefix_path) discover
[0.118s] DEBUG:colcon.colcon_installed_package_information.package_discovery:Found 16 installed packages in /home/fourdds/ros2_ws/install
[0.118s] DEBUG:colcon.colcon_installed_package_information.package_discovery:Found 9 installed packages in /home/fourdds/ws/install
[0.119s] DEBUG:colcon.colcon_installed_package_information.package_discovery:Found 277 installed packages in /opt/ros/humble
[0.120s] Level 1:colcon.colcon_core.package_discovery:discover_packages(prefix_path) using defaults
[0.137s] WARNING:colcon.colcon_core.package_selection:Some selected packages are already built in one or more underlay workspaces:
	'obstacle_avoidance' is in: /home/fourdds/ros2_ws/install/obstacle_avoidance
If a package in a merged underlay workspace is overridden and it installs headers, then all packages in the overlay must sort their include directories by workspace order. Failure to do so may result in build failures or undefined behavior at run time.
If the overridden package is used by another package in any underlay, then the overriding package in the overlay must be API and ABI compatible or undefined behavior at run time may occur.

If you understand the risks and want to override a package anyways, add the following to the command line:
	--allow-overriding obstacle_avoidance

This may be promoted to an error in a future release of colcon-override-check.
[0.137s] Level 5:colcon.colcon_core.verb:set package 'obstacle_avoidance' build argument 'cmake_args' from command line to 'None'
[0.137s] Level 5:colcon.colcon_core.verb:set package 'obstacle_avoidance' build argument 'cmake_target' from command line to 'None'
[0.137s] Level 5:colcon.colcon_core.verb:set package 'obstacle_avoidance' build argument 'cmake_target_skip_unavailable' from command line to 'False'
[0.137s] Level 5:colcon.colcon_core.verb:set package 'obstacle_avoidance' build argument 'cmake_clean_cache' from command line to 'False'
[0.137s] Level 5:colcon.colcon_core.verb:set package 'obstacle_avoidance' build argument 'cmake_clean_first' from command line to 'False'
[0.137s] Level 5:colcon.colcon_core.verb:set package 'obstacle_avoidance' build argument 'cmake_force_configure' from command line to 'False'
[0.137s] Level 5:colcon.colcon_core.verb:set package 'obstacle_avoidance' build argument 'ament_cmake_args' from command line to 'None'
[0.137s] Level 5:colcon.colcon_core.verb:set package 'obstacle_avoidance' build argument 'catkin_cmake_args' from command line to 'None'
[0.137s] Level 5:colcon.colcon_core.verb:set package 'obstacle_avoidance' build argument 'catkin_skip_building_tests' from command line to 'False'
[0.137s] DEBUG:colcon.colcon_core.verb:Building package 'obstacle_avoidance' with the following arguments: {'ament_cmake_args': None, 'build_base': '/home/fourdds/ros2_ws/build/obstacle_avoidance', 'catkin_cmake_args': None, 'catkin_skip_building_tests': False, 'cmake_args': None, 'cmake_clean_cache': False, 'cmake_clean_first': False, 'cmake_force_configure': False, 'cmake_target': None, 'cmake_target_skip_unavailable': False, 'install_base': '/home/fourdds/ros2_ws/install/obstacle_avoidance', 'merge_install': False, 'path': '/home/fourdds/ros2_ws/src/obstacle_avoidance', 'symlink_install': False, 'test_result_base': None}
[0.137s] INFO:colcon.colcon_core.executor:Executing jobs using 'parallel' executor
[0.138s] DEBUG:colcon.colcon_parallel_executor.executor.parallel:run_until_complete
[0.138s] INFO:colcon.colcon_ros.task.ament_cmake.build:Building ROS package in '/home/fourdds/ros2_ws/src/obstacle_avoidance' with build type 'ament_cmake'
[0.138s] INFO:colcon.colcon_cmake.task.cmake.build:Building CMake package in '/home/fourdds/ros2_ws/src/obstacle_avoidance'
[0.140s] INFO:colcon.colcon_core.plugin_system:Skipping extension 'colcon_core.shell.bat': Not used on non-Windows systems
[0.140s] INFO:colcon.colcon_core.shell:Skip shell extension 'powershell' for command environment: Not usable outside of PowerShell
[0.140s] DEBUG:colcon.colcon_core.shell:Skip shell extension 'dsv' for command environment
[0.159s] DEBUG:colcon.colcon_core.event_handler.log_command:Invoking command in '/home/fourdds/ros2_ws/build/obstacle_avoidance': CMAKE_PREFIX_PATH=/home/fourdds/ros2_ws/install/parameters:/home/fourdds/ros2_ws/install/uuv_boids:/home/fourdds/ros2_ws/install/target_detection:/home/fourdds/ros2_ws/install/stigmergy_map:/home/fourdds/ros2_ws/install/stigmergy:/home/fourdds/ros2_ws/install/px4_ros_com:/home/fourdds/ros2_ws/install/iris-logger:/home/fourdds/ros2_ws/install/boids:/home/fourdds/ros2_ws/install/px4_msgs:/home/fourdds/ros2_ws/install/obstacle_avoidance:/home/fourdds/ros2_ws/install/logging:/home/fourdds/ros2_ws/install/flocking:/home/fourdds/ros2_ws/install/fdds_messages:/home/fourdds/ros2_ws/install/drone:/home/fourdds/ros2_ws/install/base_station:/home/fourdds/ws/install/vision_opencv:/home/fourdds/ws/install/image_geometry:/home/fourdds/ws/install/gazebo_ros_pkgs:/home/fourdds/ws/install/gazebo_plugins:/home/fourdds/ws/install/gazebo_ros:/home/fourdds/ws/install/gazebo_msgs:/home/fourdds/ws/install/gazebo_dev:/home/fourdds/ws/install/cv_bridge:/home/fourdds/ros2_ws/install/analysis:/home/fourdds/ws/install/opencv_tests:/opt/ros/humble /usr/bin/cmake --build /home/fourdds/ros2_ws/build/obstacle_avoidance -- -j24 -l24
[0.199s] DEBUG:colcon.colcon_core.event_handler.log_command:Invoked command in '/home/fourdds/ros2_ws/build/obstacle_avoidance' returned '0': CMAKE_PREFIX_PATH=/home/fourdds/ros2_ws/install/parameters:/home/fourdds/ros2_ws/install/uuv_boids:/home/fourdds/ros2_ws/install/target_detection:/home/fourdds/ros2_ws/install/stigmergy_map:/home/fourdds/ros2_ws/install/stigmergy:/home/fourdds/ros2_ws/install/px4_ros_com:/home/fourdds/ros2_ws/install/iris-logger:/home/fourdds/ros2_ws/install/boids:/home/fourdds/ros2_ws/install/px4_msgs:/home/fourdds/ros2_ws/install/obstacle_avoidance:/home/fourdds/ros2_ws/install/logging:/home/fourdds/ros2_ws/install/flocking:/home/fourdds/ros2_ws/install/fdds_messages:/home/fourdds/ros2_ws/install/drone:/home/fourdds/ros2_ws/install/base_station:/home/fourdds/ws/install/vision_opencv:/home/fourdds/ws/install/image_geometry:/home/fourdds/ws/install/gazebo_ros_pkgs:/home/fourdds/ws/install/gazebo_plugins:/home/fourdds/ws/install/gazebo_ros:/home/fourdds/ws/install/gazebo_msgs:/home/fourdds/ws/install/gazebo_dev:/home/fourdds/ws/install/cv_bridge:/home/fourdds/ros2_ws/install/analysis:/home/fourdds/ws/install/opencv_tests:/opt/ros/humble /usr/bin/cmake --build /home/fourdds/ros2_ws/build/obstacle_avoidance -- -j24 -l24
[0.215s] DEBUG:colcon.colcon_core.event_handler.log_command:Invoking command in '/home/fourdds/ros2_ws/build/obstacle_avoidance': CMAKE_PREFIX_PATH=/home/fourdds/ros2_ws/install/parameters:/home/fourdds/ros2_ws/install/uuv_boids:/home/fourdds/ros2_ws/install/target_detection:/home/fourdds/ros2_ws/install/stigmergy_map:/home/fourdds/ros2_ws/install/stigmergy:/home/fourdds/ros2_ws/install/px4_ros_com:/home/fourdds/ros2_ws/install/iris-logger:/home/fourdds/ros2_ws/install/boids:/home/fourdds/ros2_ws/install/px4_msgs:/home/fourdds/ros2_ws/install/obstacle_avoidance:/home/fourdds/ros2_ws/install/logging:/home/fourdds/ros2_ws/install/flocking:/home/fourdds/ros2_ws/install/fdds_messages:/home/fourdds/ros2_ws/install/drone:/home/fourdds/ros2_ws/install/base_station:/home/fourdds/ws/install/vision_opencv:/home/fourdds/ws/install/image_geometry:/home/fourdds/ws/install/gazebo_ros_pkgs:/home/fourdds/ws/install/gazebo_plugins:/home/fourdds/ws/install/gazebo_ros:/home/fourdds/ws/install/gazebo_msgs:/home/fourdds/ws/install/gazebo_dev:/home/fourdds/ws/install/cv_bridge:/home/fourdds/ros2_ws/install/analysis:/home/fourdds/ws/install/opencv_tests:/opt/ros/humble /usr/bin/cmake --install /home/fourdds/ros2_ws/build/obstacle_avoidance
[0.220s] Level 1:colcon.colcon_core.environment:create_environment_scripts_only(obstacle_avoidance)
[0.221s] DEBUG:colcon.colcon_core.event_handler.log_command:Invoked command in '/home/fourdds/ros2_ws/build/obstacle_avoidance' returned '0': CMAKE_PREFIX_PATH=/home/fourdds/ros2_ws/install/parameters:/home/fourdds/ros2_ws/install/uuv_boids:/home/fourdds/ros2_ws/install/target_detection:/home/fourdds/ros2_ws/install/stigmergy_map:/home/fourdds/ros2_ws/install/stigmergy:/home/fourdds/ros2_ws/install/px4_ros_com:/home/fourdds/ros2_ws/install/iris-logger:/home/fourdds/ros2_ws/install/boids:/home/fourdds/ros2_ws/install/px4_msgs:/home/fourdds/ros2_ws/install/obstacle_avoidance:/home/fourdds/ros2_ws/install/logging:/home/fourdds/ros2_ws/install/flocking:/home/fourdds/ros2_ws/install/fdds_messages:/home/fourdds/ros2_ws/install/drone:/home/fourdds/ros2_ws/install/base_station:/home/fourdds/ws/install/vision_opencv:/home/fourdds/ws/install/image_geometry:/home/fourdds/ws/install/gazebo_ros_pkgs:/home/fourdds/ws/install/gazebo_plugins:/home/fourdds/ws/install/gazebo_ros:/home/fourdds/ws/install/gazebo_msgs:/home/fourdds/ws/install/gazebo_dev:/home/fourdds/ws/install/cv_bridge:/home/fourdds/ros2_ws/install/analysis:/home/fourdds/ws/install/opencv_tests:/opt/ros/humble /usr/bin/cmake --install /home/fourdds/ros2_ws/build/obstacle_avoidance
[0.222s] Level 1:colcon.colcon_core.environment:checking '/home/fourdds/ros2_ws/install/obstacle_avoidance' for CMake module files
[0.223s] Level 1:colcon.colcon_core.environment:checking '/home/fourdds/ros2_ws/install/obstacle_avoidance' for CMake config files
[0.224s] Level 1:colcon.colcon_core.shell:create_environment_hook('obstacle_avoidance', 'cmake_prefix_path')
[0.224s] INFO:colcon.colcon_core.shell:Creating environment hook '/home/fourdds/ros2_ws/install/obstacle_avoidance/share/obstacle_avoidance/hook/cmake_prefix_path.ps1'
[0.224s] INFO:colcon.colcon_core.shell:Creating environment descriptor '/home/fourdds/ros2_ws/install/obstacle_avoidance/share/obstacle_avoidance/hook/cmake_prefix_path.dsv'
[0.225s] INFO:colcon.colcon_core.shell:Creating environment hook '/home/fourdds/ros2_ws/install/obstacle_avoidance/share/obstacle_avoidance/hook/cmake_prefix_path.sh'
[0.225s] Level 1:colcon.colcon_core.environment:checking '/home/fourdds/ros2_ws/install/obstacle_avoidance/lib'
[0.225s] Level 1:colcon.colcon_core.environment:checking '/home/fourdds/ros2_ws/install/obstacle_avoidance/bin'
[0.225s] Level 1:colcon.colcon_core.environment:checking '/home/fourdds/ros2_ws/install/obstacle_avoidance/lib/pkgconfig/obstacle_avoidance.pc'
[0.225s] Level 1:colcon.colcon_core.environment:checking '/home/fourdds/ros2_ws/install/obstacle_avoidance/lib/python3.10/site-packages'
[0.225s] Level 1:colcon.colcon_core.environment:checking '/home/fourdds/ros2_ws/install/obstacle_avoidance/bin'
[0.226s] INFO:colcon.colcon_core.shell:Creating package script '/home/fourdds/ros2_ws/install/obstacle_avoidance/share/obstacle_avoidance/package.ps1'
[0.226s] INFO:colcon.colcon_core.shell:Creating package descriptor '/home/fourdds/ros2_ws/install/obstacle_avoidance/share/obstacle_avoidance/package.dsv'
[0.226s] INFO:colcon.colcon_core.shell:Creating package script '/home/fourdds/ros2_ws/install/obstacle_avoidance/share/obstacle_avoidance/package.sh'
[0.226s] INFO:colcon.colcon_core.shell:Creating package script '/home/fourdds/ros2_ws/install/obstacle_avoidance/share/obstacle_avoidance/package.bash'
[0.227s] INFO:colcon.colcon_core.shell:Creating package script '/home/fourdds/ros2_ws/install/obstacle_avoidance/share/obstacle_avoidance/package.zsh'
[0.227s] Level 1:colcon.colcon_core.environment:create_file_with_runtime_dependencies(/home/fourdds/ros2_ws/install/obstacle_avoidance/share/colcon-core/packages/obstacle_avoidance)
[0.239s] Level 1:colcon.colcon_core.environment:create_environment_scripts_only(obstacle_avoidance)
[0.239s] Level 1:colcon.colcon_core.environment:checking '/home/fourdds/ros2_ws/install/obstacle_avoidance' for CMake module files
[0.239s] Level 1:colcon.colcon_core.environment:checking '/home/fourdds/ros2_ws/install/obstacle_avoidance' for CMake config files
[0.240s] Level 1:colcon.colcon_core.shell:create_environment_hook('obstacle_avoidance', 'cmake_prefix_path')
[0.240s] INFO:colcon.colcon_core.shell:Creating environment hook '/home/fourdds/ros2_ws/install/obstacle_avoidance/share/obstacle_avoidance/hook/cmake_prefix_path.ps1'
[0.240s] INFO:colcon.colcon_core.shell:Creating environment descriptor '/home/fourdds/ros2_ws/install/obstacle_avoidance/share/obstacle_avoidance/hook/cmake_prefix_path.dsv'
[0.240s] INFO:colcon.colcon_core.shell:Creating environment hook '/home/fourdds/ros2_ws/install/obstacle_avoidance/share/obstacle_avoidance/hook/cmake_prefix_path.sh'
[0.240s] Level 1:colcon.colcon_core.environment:checking '/home/fourdds/ros2_ws/install/obstacle_avoidance/lib'
[0.240s] Level 1:colcon.colcon_core.environment:checking '/home/fourdds/ros2_ws/install/obstacle_avoidance/bin'
[0.240s] Level 1:colcon.colcon_core.environment:checking '/home/fourdds/ros2_ws/install/obstacle_avoidance/lib/pkgconfig/obstacle_avoidance.pc'
[0.241s] Level 1:colcon.colcon_core.environment:checking '/home/fourdds/ros2_ws/install/obstacle_avoidance/lib/python3.10/site-packages'
[0.241s] Level 1:colcon.colcon_core.environment:checking '/home/fourdds/ros2_ws/install/obstacle_avoidance/bin'
[0.241s] INFO:colcon.colcon_core.shell:Creating package script '/home/fourdds/ros2_ws/install/obstacle_avoidance/share/obstacle_avoidance/package.ps1'
[0.241s] INFO:colcon.colcon_core.shell:Creating package descriptor '/home/fourdds/ros2_ws/install/obstacle_avoidance/share/obstacle_avoidance/package.dsv'
[0.241s] INFO:colcon.colcon_core.shell:Creating package script '/home/fourdds/ros2_ws/install/obstacle_avoidance/share/obstacle_avoidance/package.sh'
[0.241s] INFO:colcon.colcon_core.shell:Creating package script '/home/fourdds/ros2_ws/install/obstacle_avoidance/share/obstacle_avoidance/package.bash'
[0.242s] INFO:colcon.colcon_core.shell:Creating package script '/home/fourdds/ros2_ws/install/obstacle_avoidance/share/obstacle_avoidance/package.zsh'
[0.242s] Level 1:colcon.colcon_core.environment:create_file_with_runtime_dependencies(/home/fourdds/ros2_ws/install/obstacle_avoidance/share/colcon-core/packages/obstacle_avoidance)
[0.242s] DEBUG:colcon.colcon_parallel_executor.executor.parallel:closing loop
[0.242s] DEBUG:colcon.colcon_parallel_executor.executor.parallel:loop closed
[0.242s] DEBUG:colcon.colcon_parallel_executor.executor.parallel:run_until_complete finished with '0'
[0.242s] DEBUG:colcon.colcon_core.event_reactor:joining thread
[0.254s] INFO:colcon.colcon_core.plugin_system:Skipping extension 'colcon_notification.desktop_notification.notify_send': Could not find 'notify-send'
[0.254s] INFO:colcon.colcon_core.plugin_system:Skipping extension 'colcon_notification.desktop_notification.terminal_notifier': Not used on non-Darwin systems
[0.254s] INFO:colcon.colcon_core.plugin_system:Skipping extension 'colcon_notification.desktop_notification.win32': Not used on non-Windows systems
[0.254s] INFO:colcon.colcon_notification.desktop_notification:Sending desktop notification using 'notify2'
[0.254s] DEBUG:colcon.colcon_notification.desktop_notification.notify2:Failed to initialize notify2: org.freedesktop.DBus.Error.FileNotFound: Failed to connect to socket /run/user/1000/bus: No such file or directory
[0.254s] DEBUG:colcon.colcon_core.event_reactor:joined thread
[0.255s] INFO:colcon.colcon_core.shell:Creating prefix script '/home/fourdds/ros2_ws/install/local_setup.ps1'
[0.255s] INFO:colcon.colcon_core.shell:Creating prefix util module '/home/fourdds/ros2_ws/install/_local_setup_util_ps1.py'
[0.256s] INFO:colcon.colcon_core.shell:Creating prefix chain script '/home/fourdds/ros2_ws/install/setup.ps1'
[0.256s] INFO:colcon.colcon_core.shell:Creating prefix script '/home/fourdds/ros2_ws/install/local_setup.sh'
[0.257s] INFO:colcon.colcon_core.shell:Creating prefix util module '/home/fourdds/ros2_ws/install/_local_setup_util_sh.py'
[0.257s] INFO:colcon.colcon_core.shell:Creating prefix chain script '/home/fourdds/ros2_ws/install/setup.sh'
[0.258s] INFO:colcon.colcon_core.shell:Creating prefix script '/home/fourdds/ros2_ws/install/local_setup.bash'
[0.258s] INFO:colcon.colcon_core.shell:Creating prefix chain script '/home/fourdds/ros2_ws/install/setup.bash'
[0.258s] INFO:colcon.colcon_core.shell:Creating prefix script '/home/fourdds/ros2_ws/install/local_setup.zsh'
[0.259s] INFO:colcon.colcon_core.shell:Creating prefix chain script '/home/fourdds/ros2_ws/install/setup.zsh'
