[  2%] [34m[1mGenerating C code for ROS interfaces[0m
[  5%] [34m[1mGenerating C++ code for ROS interfaces[0m
[  5%] Built target ament_cmake_python_copy_fdds_messages
running egg_info
creating fdds_messages.egg-info
writing fdds_messages.egg-info/PKG-INFO
writing dependency_links to fdds_messages.egg-info/dependency_links.txt
writing top-level names to fdds_messages.egg-info/top_level.txt
writing manifest file 'fdds_messages.egg-info/SOURCES.txt'
reading manifest file 'fdds_messages.egg-info/SOURCES.txt'
writing manifest file 'fdds_messages.egg-info/SOURCES.txt'
[  5%] Built target fdds_messages__cpp
[  7%] [32mBuilding C object CMakeFiles/fdds_messages__rosidl_generator_c.dir/rosidl_generator_c/fdds_messages/msg/detail/geo_ping__functions.c.o[0m
[ 10%] [32mBuilding C object CMakeFiles/fdds_messages__rosidl_generator_c.dir/rosidl_generator_c/fdds_messages/msg/detail/flocking__functions.c.o[0m
[ 17%] [34m[1mGenerating C++ introspection for ROS interfaces[0m
[ 17%] [34m[1mGenerating C++ type support dispatch for ROS interfaces[0m
[ 17%] [34m[1mGenerating C++ type support for eProsima Fast-RTPS[0m
[ 17%] Built target ament_cmake_python_build_fdds_messages_egg
[ 20%] [32m[1mLinking C shared library libfdds_messages__rosidl_generator_c.so[0m
[ 20%] Built target fdds_messages__rosidl_generator_c
[ 28%] [34m[1mGenerating C type support dispatch for ROS interfaces[0m
[ 28%] [34m[1mGenerating C introspection for ROS interfaces[0m
[ 28%] [34m[1mGenerating C type support for eProsima Fast-RTPS[0m
[ 30%] [32mBuilding CXX object CMakeFiles/fdds_messages__rosidl_typesupport_cpp.dir/rosidl_typesupport_cpp/fdds_messages/msg/geo_ping__type_support.cpp.o[0m
[ 33%] [32mBuilding CXX object CMakeFiles/fdds_messages__rosidl_typesupport_cpp.dir/rosidl_typesupport_cpp/fdds_messages/msg/flocking__type_support.cpp.o[0m
[ 35%] [32mBuilding CXX object CMakeFiles/fdds_messages__rosidl_typesupport_introspection_cpp.dir/rosidl_typesupport_introspection_cpp/fdds_messages/msg/detail/flocking__type_support.cpp.o[0m
[ 38%] [32mBuilding CXX object CMakeFiles/fdds_messages__rosidl_typesupport_introspection_cpp.dir/rosidl_typesupport_introspection_cpp/fdds_messages/msg/detail/geo_ping__type_support.cpp.o[0m
[ 41%] [32mBuilding CXX object CMakeFiles/fdds_messages__rosidl_typesupport_fastrtps_cpp.dir/rosidl_typesupport_fastrtps_cpp/fdds_messages/msg/detail/dds_fastrtps/geo_ping__type_support.cpp.o[0m
[ 43%] [32mBuilding CXX object CMakeFiles/fdds_messages__rosidl_typesupport_fastrtps_cpp.dir/rosidl_typesupport_fastrtps_cpp/fdds_messages/msg/detail/dds_fastrtps/flocking__type_support.cpp.o[0m
[ 46%] [32mBuilding CXX object CMakeFiles/fdds_messages__rosidl_typesupport_c.dir/rosidl_typesupport_c/fdds_messages/msg/geo_ping__type_support.cpp.o[0m
[ 48%] [32mBuilding CXX object CMakeFiles/fdds_messages__rosidl_typesupport_c.dir/rosidl_typesupport_c/fdds_messages/msg/flocking__type_support.cpp.o[0m
[ 53%] [32mBuilding C object CMakeFiles/fdds_messages__rosidl_typesupport_introspection_c.dir/rosidl_typesupport_introspection_c/fdds_messages/msg/detail/flocking__type_support.c.o[0m
[ 53%] [32mBuilding C object CMakeFiles/fdds_messages__rosidl_typesupport_introspection_c.dir/rosidl_typesupport_introspection_c/fdds_messages/msg/detail/geo_ping__type_support.c.o[0m
[ 56%] [32m[1mLinking CXX shared library libfdds_messages__rosidl_typesupport_c.so[0m
[ 58%] [32mBuilding CXX object CMakeFiles/fdds_messages__rosidl_typesupport_fastrtps_c.dir/rosidl_typesupport_fastrtps_c/fdds_messages/msg/detail/geo_ping__type_support_c.cpp.o[0m
[ 61%] [32mBuilding CXX object CMakeFiles/fdds_messages__rosidl_typesupport_fastrtps_c.dir/rosidl_typesupport_fastrtps_c/fdds_messages/msg/detail/flocking__type_support_c.cpp.o[0m
[ 64%] [32m[1mLinking C shared library libfdds_messages__rosidl_typesupport_introspection_c.so[0m
[ 66%] [32m[1mLinking CXX shared library libfdds_messages__rosidl_typesupport_cpp.so[0m
[ 66%] Built target fdds_messages__rosidl_typesupport_c
[ 66%] Built target fdds_messages__rosidl_typesupport_introspection_c
[ 66%] Built target fdds_messages__rosidl_typesupport_cpp
[ 69%] [32m[1mLinking CXX shared library libfdds_messages__rosidl_typesupport_introspection_cpp.so[0m
[ 71%] [32m[1mLinking CXX shared library libfdds_messages__rosidl_typesupport_fastrtps_cpp.so[0m
[ 71%] Built target fdds_messages__rosidl_typesupport_introspection_cpp
[ 74%] [32m[1mLinking CXX shared library libfdds_messages__rosidl_typesupport_fastrtps_c.so[0m
[ 74%] Built target fdds_messages__rosidl_typesupport_fastrtps_cpp
[ 74%] Built target fdds_messages__rosidl_typesupport_fastrtps_c
[ 74%] Built target fdds_messages
[ 76%] [34m[1mGenerating Python code for ROS interfaces[0m
[ 76%] Built target fdds_messages__py
[ 82%] [32mBuilding C object CMakeFiles/fdds_messages__rosidl_generator_py.dir/rosidl_generator_py/fdds_messages/msg/_flocking_s.c.o[0m
[ 82%] [32mBuilding C object CMakeFiles/fdds_messages__rosidl_generator_py.dir/rosidl_generator_py/fdds_messages/msg/_geo_ping_s.c.o[0m
[ 84%] [32m[1mLinking C shared library rosidl_generator_py/fdds_messages/libfdds_messages__rosidl_generator_py.so[0m
[ 84%] Built target fdds_messages__rosidl_generator_py
[ 92%] [32mBuilding C object CMakeFiles/fdds_messages__rosidl_typesupport_introspection_c__pyext.dir/rosidl_generator_py/fdds_messages/_fdds_messages_s.ep.rosidl_typesupport_introspection_c.c.o[0m
[ 92%] [32mBuilding C object CMakeFiles/fdds_messages__rosidl_typesupport_c__pyext.dir/rosidl_generator_py/fdds_messages/_fdds_messages_s.ep.rosidl_typesupport_c.c.o[0m
[ 92%] [32mBuilding C object CMakeFiles/fdds_messages__rosidl_typesupport_fastrtps_c__pyext.dir/rosidl_generator_py/fdds_messages/_fdds_messages_s.ep.rosidl_typesupport_fastrtps_c.c.o[0m
[ 97%] [32m[1mLinking C shared library rosidl_generator_py/fdds_messages/fdds_messages_s__rosidl_typesupport_introspection_c.cpython-310-x86_64-linux-gnu.so[0m
[ 97%] [32m[1mLinking C shared library rosidl_generator_py/fdds_messages/fdds_messages_s__rosidl_typesupport_c.cpython-310-x86_64-linux-gnu.so[0m
[100%] [32m[1mLinking C shared library rosidl_generator_py/fdds_messages/fdds_messages_s__rosidl_typesupport_fastrtps_c.cpython-310-x86_64-linux-gnu.so[0m
[100%] Built target fdds_messages__rosidl_typesupport_introspection_c__pyext
[100%] Built target fdds_messages__rosidl_typesupport_c__pyext
[100%] Built target fdds_messages__rosidl_typesupport_fastrtps_c__pyext
-- Install configuration: ""
-- Installing: /home/fourdds/ros2_ws/install/fdds_messages/share/ament_index/resource_index/rosidl_interfaces/fdds_messages
-- Installing: /home/fourdds/ros2_ws/install/fdds_messages/include/fdds_messages/fdds_messages
-- Installing: /home/fourdds/ros2_ws/install/fdds_messages/include/fdds_messages/fdds_messages/msg
-- Installing: /home/fourdds/ros2_ws/install/fdds_messages/include/fdds_messages/fdds_messages/msg/rosidl_generator_c__visibility_control.h
-- Installing: /home/fourdds/ros2_ws/install/fdds_messages/include/fdds_messages/fdds_messages/msg/flocking.h
-- Installing: /home/fourdds/ros2_ws/install/fdds_messages/include/fdds_messages/fdds_messages/msg/geo_ping.h
-- Installing: /home/fourdds/ros2_ws/install/fdds_messages/include/fdds_messages/fdds_messages/msg/detail
-- Installing: /home/fourdds/ros2_ws/install/fdds_messages/include/fdds_messages/fdds_messages/msg/detail/geo_ping__struct.h
-- Installing: /home/fourdds/ros2_ws/install/fdds_messages/include/fdds_messages/fdds_messages/msg/detail/geo_ping__functions.c
-- Installing: /home/fourdds/ros2_ws/install/fdds_messages/include/fdds_messages/fdds_messages/msg/detail/flocking__struct.h
-- Installing: /home/fourdds/ros2_ws/install/fdds_messages/include/fdds_messages/fdds_messages/msg/detail/flocking__type_support.h
-- Installing: /home/fourdds/ros2_ws/install/fdds_messages/include/fdds_messages/fdds_messages/msg/detail/flocking__functions.h
-- Installing: /home/fourdds/ros2_ws/install/fdds_messages/include/fdds_messages/fdds_messages/msg/detail/geo_ping__type_support.h
-- Installing: /home/fourdds/ros2_ws/install/fdds_messages/include/fdds_messages/fdds_messages/msg/detail/geo_ping__functions.h
-- Installing: /home/fourdds/ros2_ws/install/fdds_messages/include/fdds_messages/fdds_messages/msg/detail/flocking__functions.c
-- Installing: /home/fourdds/ros2_ws/install/fdds_messages/share/fdds_messages/environment/library_path.sh
-- Installing: /home/fourdds/ros2_ws/install/fdds_messages/share/fdds_messages/environment/library_path.dsv
-- Installing: /home/fourdds/ros2_ws/install/fdds_messages/lib/libfdds_messages__rosidl_generator_c.so
-- Set runtime path of "/home/fourdds/ros2_ws/install/fdds_messages/lib/libfdds_messages__rosidl_generator_c.so" to ""
-- Up-to-date: /home/fourdds/ros2_ws/install/fdds_messages/include/fdds_messages/fdds_messages
-- Up-to-date: /home/fourdds/ros2_ws/install/fdds_messages/include/fdds_messages/fdds_messages/msg
-- Installing: /home/fourdds/ros2_ws/install/fdds_messages/include/fdds_messages/fdds_messages/msg/rosidl_typesupport_fastrtps_c__visibility_control.h
-- Up-to-date: /home/fourdds/ros2_ws/install/fdds_messages/include/fdds_messages/fdds_messages/msg/detail
-- Installing: /home/fourdds/ros2_ws/install/fdds_messages/include/fdds_messages/fdds_messages/msg/detail/flocking__rosidl_typesupport_fastrtps_c.h
-- Installing: /home/fourdds/ros2_ws/install/fdds_messages/include/fdds_messages/fdds_messages/msg/detail/geo_ping__rosidl_typesupport_fastrtps_c.h
-- Installing: /home/fourdds/ros2_ws/install/fdds_messages/lib/libfdds_messages__rosidl_typesupport_fastrtps_c.so
-- Set runtime path of "/home/fourdds/ros2_ws/install/fdds_messages/lib/libfdds_messages__rosidl_typesupport_fastrtps_c.so" to ""
-- Up-to-date: /home/fourdds/ros2_ws/install/fdds_messages/include/fdds_messages/fdds_messages
-- Up-to-date: /home/fourdds/ros2_ws/install/fdds_messages/include/fdds_messages/fdds_messages/msg
-- Installing: /home/fourdds/ros2_ws/install/fdds_messages/include/fdds_messages/fdds_messages/msg/rosidl_typesupport_introspection_c__visibility_control.h
-- Up-to-date: /home/fourdds/ros2_ws/install/fdds_messages/include/fdds_messages/fdds_messages/msg/detail
-- Installing: /home/fourdds/ros2_ws/install/fdds_messages/include/fdds_messages/fdds_messages/msg/detail/flocking__type_support.c
-- Installing: /home/fourdds/ros2_ws/install/fdds_messages/include/fdds_messages/fdds_messages/msg/detail/geo_ping__type_support.c
-- Installing: /home/fourdds/ros2_ws/install/fdds_messages/include/fdds_messages/fdds_messages/msg/detail/geo_ping__rosidl_typesupport_introspection_c.h
-- Installing: /home/fourdds/ros2_ws/install/fdds_messages/include/fdds_messages/fdds_messages/msg/detail/flocking__rosidl_typesupport_introspection_c.h
-- Installing: /home/fourdds/ros2_ws/install/fdds_messages/lib/libfdds_messages__rosidl_typesupport_introspection_c.so
-- Set runtime path of "/home/fourdds/ros2_ws/install/fdds_messages/lib/libfdds_messages__rosidl_typesupport_introspection_c.so" to ""
-- Installing: /home/fourdds/ros2_ws/install/fdds_messages/lib/libfdds_messages__rosidl_typesupport_c.so
-- Set runtime path of "/home/fourdds/ros2_ws/install/fdds_messages/lib/libfdds_messages__rosidl_typesupport_c.so" to ""
-- Up-to-date: /home/fourdds/ros2_ws/install/fdds_messages/include/fdds_messages/fdds_messages
-- Up-to-date: /home/fourdds/ros2_ws/install/fdds_messages/include/fdds_messages/fdds_messages/msg
-- Installing: /home/fourdds/ros2_ws/install/fdds_messages/include/fdds_messages/fdds_messages/msg/geo_ping.hpp
-- Installing: /home/fourdds/ros2_ws/install/fdds_messages/include/fdds_messages/fdds_messages/msg/flocking.hpp
-- Up-to-date: /home/fourdds/ros2_ws/install/fdds_messages/include/fdds_messages/fdds_messages/msg/detail
-- Installing: /home/fourdds/ros2_ws/install/fdds_messages/include/fdds_messages/fdds_messages/msg/detail/flocking__traits.hpp
-- Installing: /home/fourdds/ros2_ws/install/fdds_messages/include/fdds_messages/fdds_messages/msg/detail/geo_ping__traits.hpp
-- Installing: /home/fourdds/ros2_ws/install/fdds_messages/include/fdds_messages/fdds_messages/msg/detail/geo_ping__builder.hpp
-- Installing: /home/fourdds/ros2_ws/install/fdds_messages/include/fdds_messages/fdds_messages/msg/detail/flocking__struct.hpp
-- Installing: /home/fourdds/ros2_ws/install/fdds_messages/include/fdds_messages/fdds_messages/msg/detail/flocking__builder.hpp
-- Installing: /home/fourdds/ros2_ws/install/fdds_messages/include/fdds_messages/fdds_messages/msg/detail/geo_ping__struct.hpp
-- Up-to-date: /home/fourdds/ros2_ws/install/fdds_messages/include/fdds_messages/fdds_messages
-- Up-to-date: /home/fourdds/ros2_ws/install/fdds_messages/include/fdds_messages/fdds_messages/msg
-- Installing: /home/fourdds/ros2_ws/install/fdds_messages/include/fdds_messages/fdds_messages/msg/rosidl_typesupport_fastrtps_cpp__visibility_control.h
-- Up-to-date: /home/fourdds/ros2_ws/install/fdds_messages/include/fdds_messages/fdds_messages/msg/detail
-- Installing: /home/fourdds/ros2_ws/install/fdds_messages/include/fdds_messages/fdds_messages/msg/detail/dds_fastrtps
-- Installing: /home/fourdds/ros2_ws/install/fdds_messages/include/fdds_messages/fdds_messages/msg/detail/flocking__rosidl_typesupport_fastrtps_cpp.hpp
-- Installing: /home/fourdds/ros2_ws/install/fdds_messages/include/fdds_messages/fdds_messages/msg/detail/geo_ping__rosidl_typesupport_fastrtps_cpp.hpp
-- Installing: /home/fourdds/ros2_ws/install/fdds_messages/lib/libfdds_messages__rosidl_typesupport_fastrtps_cpp.so
-- Set runtime path of "/home/fourdds/ros2_ws/install/fdds_messages/lib/libfdds_messages__rosidl_typesupport_fastrtps_cpp.so" to ""
-- Up-to-date: /home/fourdds/ros2_ws/install/fdds_messages/include/fdds_messages/fdds_messages
-- Up-to-date: /home/fourdds/ros2_ws/install/fdds_messages/include/fdds_messages/fdds_messages/msg
-- Up-to-date: /home/fourdds/ros2_ws/install/fdds_messages/include/fdds_messages/fdds_messages/msg/detail
-- Installing: /home/fourdds/ros2_ws/install/fdds_messages/include/fdds_messages/fdds_messages/msg/detail/flocking__rosidl_typesupport_introspection_cpp.hpp
-- Installing: /home/fourdds/ros2_ws/install/fdds_messages/include/fdds_messages/fdds_messages/msg/detail/flocking__type_support.cpp
-- Installing: /home/fourdds/ros2_ws/install/fdds_messages/include/fdds_messages/fdds_messages/msg/detail/geo_ping__type_support.cpp
-- Installing: /home/fourdds/ros2_ws/install/fdds_messages/include/fdds_messages/fdds_messages/msg/detail/geo_ping__rosidl_typesupport_introspection_cpp.hpp
-- Installing: /home/fourdds/ros2_ws/install/fdds_messages/lib/libfdds_messages__rosidl_typesupport_introspection_cpp.so
-- Set runtime path of "/home/fourdds/ros2_ws/install/fdds_messages/lib/libfdds_messages__rosidl_typesupport_introspection_cpp.so" to ""
-- Installing: /home/fourdds/ros2_ws/install/fdds_messages/lib/libfdds_messages__rosidl_typesupport_cpp.so
-- Set runtime path of "/home/fourdds/ros2_ws/install/fdds_messages/lib/libfdds_messages__rosidl_typesupport_cpp.so" to ""
-- Installing: /home/fourdds/ros2_ws/install/fdds_messages/share/fdds_messages/environment/pythonpath.sh
-- Installing: /home/fourdds/ros2_ws/install/fdds_messages/share/fdds_messages/environment/pythonpath.dsv
-- Installing: /home/fourdds/ros2_ws/install/fdds_messages/local/lib/python3.10/dist-packages/fdds_messages-0.0.0-py3.10.egg-info
-- Installing: /home/fourdds/ros2_ws/install/fdds_messages/local/lib/python3.10/dist-packages/fdds_messages-0.0.0-py3.10.egg-info/top_level.txt
-- Installing: /home/fourdds/ros2_ws/install/fdds_messages/local/lib/python3.10/dist-packages/fdds_messages-0.0.0-py3.10.egg-info/dependency_links.txt
-- Installing: /home/fourdds/ros2_ws/install/fdds_messages/local/lib/python3.10/dist-packages/fdds_messages-0.0.0-py3.10.egg-info/SOURCES.txt
-- Installing: /home/fourdds/ros2_ws/install/fdds_messages/local/lib/python3.10/dist-packages/fdds_messages-0.0.0-py3.10.egg-info/PKG-INFO
-- Installing: /home/fourdds/ros2_ws/install/fdds_messages/local/lib/python3.10/dist-packages/fdds_messages
-- Installing: /home/fourdds/ros2_ws/install/fdds_messages/local/lib/python3.10/dist-packages/fdds_messages/libfdds_messages__rosidl_generator_py.so
-- Installing: /home/fourdds/ros2_ws/install/fdds_messages/local/lib/python3.10/dist-packages/fdds_messages/msg
-- Installing: /home/fourdds/ros2_ws/install/fdds_messages/local/lib/python3.10/dist-packages/fdds_messages/msg/_geo_ping_s.c
-- Installing: /home/fourdds/ros2_ws/install/fdds_messages/local/lib/python3.10/dist-packages/fdds_messages/msg/_geo_ping.py
-- Installing: /home/fourdds/ros2_ws/install/fdds_messages/local/lib/python3.10/dist-packages/fdds_messages/msg/_flocking.py
-- Installing: /home/fourdds/ros2_ws/install/fdds_messages/local/lib/python3.10/dist-packages/fdds_messages/msg/_flocking_s.c
-- Installing: /home/fourdds/ros2_ws/install/fdds_messages/local/lib/python3.10/dist-packages/fdds_messages/msg/__init__.py
-- Installing: /home/fourdds/ros2_ws/install/fdds_messages/local/lib/python3.10/dist-packages/fdds_messages/_fdds_messages_s.ep.rosidl_typesupport_c.c
-- Installing: /home/fourdds/ros2_ws/install/fdds_messages/local/lib/python3.10/dist-packages/fdds_messages/fdds_messages_s__rosidl_typesupport_c.cpython-310-x86_64-linux-gnu.so
-- Installing: /home/fourdds/ros2_ws/install/fdds_messages/local/lib/python3.10/dist-packages/fdds_messages/_fdds_messages_s.ep.rosidl_typesupport_introspection_c.c
-- Installing: /home/fourdds/ros2_ws/install/fdds_messages/local/lib/python3.10/dist-packages/fdds_messages/fdds_messages_s__rosidl_typesupport_introspection_c.cpython-310-x86_64-linux-gnu.so
-- Installing: /home/fourdds/ros2_ws/install/fdds_messages/local/lib/python3.10/dist-packages/fdds_messages/__init__.py
-- Installing: /home/fourdds/ros2_ws/install/fdds_messages/local/lib/python3.10/dist-packages/fdds_messages/_fdds_messages_s.ep.rosidl_typesupport_fastrtps_c.c
-- Installing: /home/fourdds/ros2_ws/install/fdds_messages/local/lib/python3.10/dist-packages/fdds_messages/fdds_messages_s__rosidl_typesupport_fastrtps_c.cpython-310-x86_64-linux-gnu.so
Listing '/home/fourdds/ros2_ws/install/fdds_messages/local/lib/python3.10/dist-packages/fdds_messages'...
Compiling '/home/fourdds/ros2_ws/install/fdds_messages/local/lib/python3.10/dist-packages/fdds_messages/__init__.py'...
Listing '/home/fourdds/ros2_ws/install/fdds_messages/local/lib/python3.10/dist-packages/fdds_messages/msg'...
Compiling '/home/fourdds/ros2_ws/install/fdds_messages/local/lib/python3.10/dist-packages/fdds_messages/msg/__init__.py'...
Compiling '/home/fourdds/ros2_ws/install/fdds_messages/local/lib/python3.10/dist-packages/fdds_messages/msg/_flocking.py'...
Compiling '/home/fourdds/ros2_ws/install/fdds_messages/local/lib/python3.10/dist-packages/fdds_messages/msg/_geo_ping.py'...
-- Installing: /home/fourdds/ros2_ws/install/fdds_messages/local/lib/python3.10/dist-packages/fdds_messages/fdds_messages_s__rosidl_typesupport_fastrtps_c.cpython-310-x86_64-linux-gnu.so
-- Set runtime path of "/home/fourdds/ros2_ws/install/fdds_messages/local/lib/python3.10/dist-packages/fdds_messages/fdds_messages_s__rosidl_typesupport_fastrtps_c.cpython-310-x86_64-linux-gnu.so" to ""
-- Installing: /home/fourdds/ros2_ws/install/fdds_messages/local/lib/python3.10/dist-packages/fdds_messages/fdds_messages_s__rosidl_typesupport_introspection_c.cpython-310-x86_64-linux-gnu.so
-- Set runtime path of "/home/fourdds/ros2_ws/install/fdds_messages/local/lib/python3.10/dist-packages/fdds_messages/fdds_messages_s__rosidl_typesupport_introspection_c.cpython-310-x86_64-linux-gnu.so" to ""
-- Installing: /home/fourdds/ros2_ws/install/fdds_messages/local/lib/python3.10/dist-packages/fdds_messages/fdds_messages_s__rosidl_typesupport_c.cpython-310-x86_64-linux-gnu.so
-- Set runtime path of "/home/fourdds/ros2_ws/install/fdds_messages/local/lib/python3.10/dist-packages/fdds_messages/fdds_messages_s__rosidl_typesupport_c.cpython-310-x86_64-linux-gnu.so" to ""
-- Installing: /home/fourdds/ros2_ws/install/fdds_messages/lib/libfdds_messages__rosidl_generator_py.so
-- Set runtime path of "/home/fourdds/ros2_ws/install/fdds_messages/lib/libfdds_messages__rosidl_generator_py.so" to ""
-- Installing: /home/fourdds/ros2_ws/install/fdds_messages/share/fdds_messages/msg/GeoPing.idl
-- Installing: /home/fourdds/ros2_ws/install/fdds_messages/share/fdds_messages/msg/Flocking.idl
-- Installing: /home/fourdds/ros2_ws/install/fdds_messages/share/fdds_messages/msg/GeoPing.msg
-- Installing: /home/fourdds/ros2_ws/install/fdds_messages/share/fdds_messages/msg/Flocking.msg
-- Installing: /home/fourdds/ros2_ws/install/fdds_messages/share/ament_index/resource_index/package_run_dependencies/fdds_messages
-- Installing: /home/fourdds/ros2_ws/install/fdds_messages/share/ament_index/resource_index/parent_prefix_path/fdds_messages
-- Installing: /home/fourdds/ros2_ws/install/fdds_messages/share/fdds_messages/environment/ament_prefix_path.sh
-- Installing: /home/fourdds/ros2_ws/install/fdds_messages/share/fdds_messages/environment/ament_prefix_path.dsv
-- Installing: /home/fourdds/ros2_ws/install/fdds_messages/share/fdds_messages/environment/path.sh
-- Installing: /home/fourdds/ros2_ws/install/fdds_messages/share/fdds_messages/environment/path.dsv
-- Installing: /home/fourdds/ros2_ws/install/fdds_messages/share/fdds_messages/local_setup.bash
-- Installing: /home/fourdds/ros2_ws/install/fdds_messages/share/fdds_messages/local_setup.sh
-- Installing: /home/fourdds/ros2_ws/install/fdds_messages/share/fdds_messages/local_setup.zsh
-- Installing: /home/fourdds/ros2_ws/install/fdds_messages/share/fdds_messages/local_setup.dsv
-- Installing: /home/fourdds/ros2_ws/install/fdds_messages/share/fdds_messages/package.dsv
-- Installing: /home/fourdds/ros2_ws/install/fdds_messages/share/ament_index/resource_index/packages/fdds_messages
-- Installing: /home/fourdds/ros2_ws/install/fdds_messages/share/fdds_messages/cmake/export_fdds_messages__rosidl_generator_cExport.cmake
-- Installing: /home/fourdds/ros2_ws/install/fdds_messages/share/fdds_messages/cmake/export_fdds_messages__rosidl_generator_cExport-noconfig.cmake
-- Installing: /home/fourdds/ros2_ws/install/fdds_messages/share/fdds_messages/cmake/export_fdds_messages__rosidl_typesupport_fastrtps_cExport.cmake
-- Installing: /home/fourdds/ros2_ws/install/fdds_messages/share/fdds_messages/cmake/export_fdds_messages__rosidl_typesupport_fastrtps_cExport-noconfig.cmake
-- Installing: /home/fourdds/ros2_ws/install/fdds_messages/share/fdds_messages/cmake/fdds_messages__rosidl_typesupport_introspection_cExport.cmake
-- Installing: /home/fourdds/ros2_ws/install/fdds_messages/share/fdds_messages/cmake/fdds_messages__rosidl_typesupport_introspection_cExport-noconfig.cmake
-- Installing: /home/fourdds/ros2_ws/install/fdds_messages/share/fdds_messages/cmake/fdds_messages__rosidl_typesupport_cExport.cmake
-- Installing: /home/fourdds/ros2_ws/install/fdds_messages/share/fdds_messages/cmake/fdds_messages__rosidl_typesupport_cExport-noconfig.cmake
-- Installing: /home/fourdds/ros2_ws/install/fdds_messages/share/fdds_messages/cmake/export_fdds_messages__rosidl_generator_cppExport.cmake
-- Installing: /home/fourdds/ros2_ws/install/fdds_messages/share/fdds_messages/cmake/export_fdds_messages__rosidl_typesupport_fastrtps_cppExport.cmake
-- Installing: /home/fourdds/ros2_ws/install/fdds_messages/share/fdds_messages/cmake/export_fdds_messages__rosidl_typesupport_fastrtps_cppExport-noconfig.cmake
-- Installing: /home/fourdds/ros2_ws/install/fdds_messages/share/fdds_messages/cmake/fdds_messages__rosidl_typesupport_introspection_cppExport.cmake
-- Installing: /home/fourdds/ros2_ws/install/fdds_messages/share/fdds_messages/cmake/fdds_messages__rosidl_typesupport_introspection_cppExport-noconfig.cmake
-- Installing: /home/fourdds/ros2_ws/install/fdds_messages/share/fdds_messages/cmake/fdds_messages__rosidl_typesupport_cppExport.cmake
-- Installing: /home/fourdds/ros2_ws/install/fdds_messages/share/fdds_messages/cmake/fdds_messages__rosidl_typesupport_cppExport-noconfig.cmake
-- Installing: /home/fourdds/ros2_ws/install/fdds_messages/share/fdds_messages/cmake/export_fdds_messages__rosidl_generator_pyExport.cmake
-- Installing: /home/fourdds/ros2_ws/install/fdds_messages/share/fdds_messages/cmake/export_fdds_messages__rosidl_generator_pyExport-noconfig.cmake
-- Installing: /home/fourdds/ros2_ws/install/fdds_messages/share/fdds_messages/cmake/rosidl_cmake-extras.cmake
-- Installing: /home/fourdds/ros2_ws/install/fdds_messages/share/fdds_messages/cmake/ament_cmake_export_include_directories-extras.cmake
-- Installing: /home/fourdds/ros2_ws/install/fdds_messages/share/fdds_messages/cmake/ament_cmake_export_libraries-extras.cmake
-- Installing: /home/fourdds/ros2_ws/install/fdds_messages/share/fdds_messages/cmake/ament_cmake_export_targets-extras.cmake
-- Installing: /home/fourdds/ros2_ws/install/fdds_messages/share/fdds_messages/cmake/rosidl_cmake_export_typesupport_targets-extras.cmake
-- Installing: /home/fourdds/ros2_ws/install/fdds_messages/share/fdds_messages/cmake/ament_cmake_export_dependencies-extras.cmake
-- Installing: /home/fourdds/ros2_ws/install/fdds_messages/share/fdds_messages/cmake/rosidl_cmake_export_typesupport_libraries-extras.cmake
-- Installing: /home/fourdds/ros2_ws/install/fdds_messages/share/fdds_messages/cmake/fdds_messagesConfig.cmake
-- Installing: /home/fourdds/ros2_ws/install/fdds_messages/share/fdds_messages/cmake/fdds_messagesConfig-version.cmake
-- Installing: /home/fourdds/ros2_ws/install/fdds_messages/share/fdds_messages/package.xml
