[ 50%] [32mBuilding CXX object CMakeFiles/BaseStation.dir/src/BaseStation.cpp.o[0m
[100%] [32m[1mLinking CXX executable BaseStation[0m
[100%] Built target BaseStation
-- Install configuration: ""
-- Installing: /home/fourdds/ros2_ws/install/base_station/lib/base_station/BaseStation
-- Set runtime path of "/home/fourdds/ros2_ws/install/base_station/lib/base_station/BaseStation" to ""
-- Installing: /home/fourdds/ros2_ws/install/base_station/share/ament_index/resource_index/package_run_dependencies/base_station
-- Installing: /home/fourdds/ros2_ws/install/base_station/share/ament_index/resource_index/parent_prefix_path/base_station
-- Installing: /home/fourdds/ros2_ws/install/base_station/share/base_station/environment/ament_prefix_path.sh
-- Installing: /home/fourdds/ros2_ws/install/base_station/share/base_station/environment/ament_prefix_path.dsv
-- Installing: /home/fourdds/ros2_ws/install/base_station/share/base_station/environment/path.sh
-- Installing: /home/fourdds/ros2_ws/install/base_station/share/base_station/environment/path.dsv
-- Installing: /home/fourdds/ros2_ws/install/base_station/share/base_station/local_setup.bash
-- Installing: /home/fourdds/ros2_ws/install/base_station/share/base_station/local_setup.sh
-- Installing: /home/fourdds/ros2_ws/install/base_station/share/base_station/local_setup.zsh
-- Installing: /home/fourdds/ros2_ws/install/base_station/share/base_station/local_setup.dsv
-- Up-to-date: /home/fourdds/ros2_ws/install/base_station/share/base_station/package.dsv
-- Installing: /home/fourdds/ros2_ws/install/base_station/share/ament_index/resource_index/packages/base_station
-- Installing: /home/fourdds/ros2_ws/install/base_station/share/base_station/cmake/base_stationConfig.cmake
-- Installing: /home/fourdds/ros2_ws/install/base_station/share/base_station/cmake/base_stationConfig-version.cmake
-- Installing: /home/fourdds/ros2_ws/install/base_station/share/base_station/package.xml
