[0.006s] Invoking command in '/home/fourdds/ros2_ws/build/boids': CMAKE_PREFIX_PATH=/home/fourdds/ros2_ws/install/px4_msgs:/home/fourdds/ros2_ws/install/px4_ros_com:/home/fourdds/ros2_ws/install/boids:/opt/ros/humble LD_LIBRARY_PATH=/home/fourdds/ros2_ws/install/px4_msgs/lib:/home/fourdds/ros2_ws/install/px4_ros_com/lib:/home/fourdds/ros2_ws/install/boids/lib:/usr/lib/x86_64-linux-gnu/gazebo-11/plugins:/opt/ros/humble/opt/rviz_ogre_vendor/lib:/opt/ros/humble/lib/x86_64-linux-gnu:/opt/ros/humble/lib /usr/bin/cmake --build /home/fourdds/ros2_ws/build/boids -- -j24 -l24
[0.030s] [35m[1mConsolidate compiler generated dependencies of target uavs_spawner[0m
[0.030s] [  2%] Built target boids__cpp
[0.030s] [ 11%] Built target boids__rosidl_generator_c
[0.033s] [ 15%] Built target frame_transforms
[0.035s] [ 15%] Built target ament_cmake_python_copy_boids
[0.040s] [ 24%] Built target boids__rosidl_typesupport_cpp
[0.040s] [ 33%] Built target boids__rosidl_typesupport_fastrtps_cpp
[0.040s] [ 42%] Built target boids__rosidl_typesupport_introspection_cpp
[0.040s] [ 51%] Built target boids__rosidl_typesupport_c
[0.041s] [ 53%] [32mBuilding CXX object CMakeFiles/uavs_spawner.dir/src/uav_node.cpp.o[0m
[0.042s] [ 62%] Built target boids__rosidl_typesupport_introspection_c
[0.043s] [ 71%] Built target boids__rosidl_typesupport_fastrtps_c
[0.051s] [ 71%] Built target boids
[0.059s] [ 73%] Built target boids__py
[0.067s] [ 80%] Built target boids__rosidl_generator_py
[0.077s] [ 88%] Built target boids__rosidl_typesupport_fastrtps_c__pyext
[0.077s] [ 88%] Built target boids__rosidl_typesupport_introspection_c__pyext
[0.077s] [ 93%] Built target boids__rosidl_typesupport_c__pyext
[0.130s] running egg_info
[0.136s] writing boids.egg-info/PKG-INFO
[0.137s] writing dependency_links to boids.egg-info/dependency_links.txt
[0.137s] writing top-level names to boids.egg-info/top_level.txt
[0.154s] reading manifest file 'boids.egg-info/SOURCES.txt'
[0.155s] writing manifest file 'boids.egg-info/SOURCES.txt'
[0.168s] [ 93%] Built target ament_cmake_python_build_boids_egg
[14.392s] [ 95%] [32m[1mLinking CXX executable uavs_spawner[0m
[15.643s] [100%] Built target uavs_spawner
[15.650s] Invoked command in '/home/fourdds/ros2_ws/build/boids' returned '0': CMAKE_PREFIX_PATH=/home/fourdds/ros2_ws/install/px4_msgs:/home/fourdds/ros2_ws/install/px4_ros_com:/home/fourdds/ros2_ws/install/boids:/opt/ros/humble LD_LIBRARY_PATH=/home/fourdds/ros2_ws/install/px4_msgs/lib:/home/fourdds/ros2_ws/install/px4_ros_com/lib:/home/fourdds/ros2_ws/install/boids/lib:/usr/lib/x86_64-linux-gnu/gazebo-11/plugins:/opt/ros/humble/opt/rviz_ogre_vendor/lib:/opt/ros/humble/lib/x86_64-linux-gnu:/opt/ros/humble/lib /usr/bin/cmake --build /home/fourdds/ros2_ws/build/boids -- -j24 -l24
[15.698s] Invoking command in '/home/fourdds/ros2_ws/build/boids': CMAKE_PREFIX_PATH=/home/fourdds/ros2_ws/install/px4_msgs:/home/fourdds/ros2_ws/install/px4_ros_com:/home/fourdds/ros2_ws/install/boids:/opt/ros/humble LD_LIBRARY_PATH=/home/fourdds/ros2_ws/install/px4_msgs/lib:/home/fourdds/ros2_ws/install/px4_ros_com/lib:/home/fourdds/ros2_ws/install/boids/lib:/usr/lib/x86_64-linux-gnu/gazebo-11/plugins:/opt/ros/humble/opt/rviz_ogre_vendor/lib:/opt/ros/humble/lib/x86_64-linux-gnu:/opt/ros/humble/lib /usr/bin/cmake --install /home/fourdds/ros2_ws/build/boids
[15.702s] -- Install configuration: ""
[15.702s] -- Up-to-date: /home/fourdds/ros2_ws/install/boids/share/ament_index/resource_index/rosidl_interfaces/boids
[15.702s] -- Up-to-date: /home/fourdds/ros2_ws/install/boids/include/boids/boids
[15.702s] -- Up-to-date: /home/fourdds/ros2_ws/install/boids/include/boids/boids/msg
[15.702s] -- Up-to-date: /home/fourdds/ros2_ws/install/boids/include/boids/boids/msg/rosidl_generator_c__visibility_control.h
[15.702s] -- Up-to-date: /home/fourdds/ros2_ws/install/boids/include/boids/boids/msg/detail
[15.703s] -- Up-to-date: /home/fourdds/ros2_ws/install/boids/include/boids/boids/msg/detail/neighbors_com__type_support.h
[15.703s] -- Up-to-date: /home/fourdds/ros2_ws/install/boids/include/boids/boids/msg/detail/neighbors_com__functions.h
[15.703s] -- Up-to-date: /home/fourdds/ros2_ws/install/boids/include/boids/boids/msg/detail/neighbors_com__functions.c
[15.703s] -- Up-to-date: /home/fourdds/ros2_ws/install/boids/include/boids/boids/msg/detail/geo_ping__type_support.h
[15.703s] -- Up-to-date: /home/fourdds/ros2_ws/install/boids/include/boids/boids/msg/detail/geo_ping__functions.c
[15.703s] -- Up-to-date: /home/fourdds/ros2_ws/install/boids/include/boids/boids/msg/detail/neighbors_com__struct.h
[15.703s] -- Up-to-date: /home/fourdds/ros2_ws/install/boids/include/boids/boids/msg/detail/geo_ping__struct.h
[15.703s] -- Up-to-date: /home/fourdds/ros2_ws/install/boids/include/boids/boids/msg/detail/geo_ping__functions.h
[15.703s] -- Up-to-date: /home/fourdds/ros2_ws/install/boids/include/boids/boids/msg/neighbors_com.h
[15.703s] -- Up-to-date: /home/fourdds/ros2_ws/install/boids/include/boids/boids/msg/geo_ping.h
[15.704s] -- Up-to-date: /home/fourdds/ros2_ws/install/boids/include/boids/boids/srv
[15.704s] -- Up-to-date: /home/fourdds/ros2_ws/install/boids/include/boids/boids/srv/detail
[15.704s] -- Up-to-date: /home/fourdds/ros2_ws/install/boids/include/boids/boids/srv/detail/get_neighbors__struct.h
[15.704s] -- Up-to-date: /home/fourdds/ros2_ws/install/boids/include/boids/boids/srv/detail/get_neighbors__type_support.h
[15.704s] -- Up-to-date: /home/fourdds/ros2_ws/install/boids/include/boids/boids/srv/detail/get_neighbors__functions.h
[15.704s] -- Up-to-date: /home/fourdds/ros2_ws/install/boids/include/boids/boids/srv/detail/get_neighbors__functions.c
[15.704s] -- Up-to-date: /home/fourdds/ros2_ws/install/boids/include/boids/boids/srv/get_neighbors.h
[15.704s] -- Up-to-date: /home/fourdds/ros2_ws/install/boids/share/boids/environment/library_path.sh
[15.704s] -- Up-to-date: /home/fourdds/ros2_ws/install/boids/share/boids/environment/library_path.dsv
[15.704s] -- Up-to-date: /home/fourdds/ros2_ws/install/boids/lib/libboids__rosidl_generator_c.so
[15.704s] -- Up-to-date: /home/fourdds/ros2_ws/install/boids/include/boids/boids
[15.704s] -- Up-to-date: /home/fourdds/ros2_ws/install/boids/include/boids/boids/msg
[15.705s] -- Up-to-date: /home/fourdds/ros2_ws/install/boids/include/boids/boids/msg/detail
[15.705s] -- Up-to-date: /home/fourdds/ros2_ws/install/boids/include/boids/boids/msg/detail/neighbors_com__rosidl_typesupport_fastrtps_c.h
[15.705s] -- Up-to-date: /home/fourdds/ros2_ws/install/boids/include/boids/boids/msg/detail/geo_ping__rosidl_typesupport_fastrtps_c.h
[15.705s] -- Up-to-date: /home/fourdds/ros2_ws/install/boids/include/boids/boids/msg/rosidl_typesupport_fastrtps_c__visibility_control.h
[15.705s] -- Up-to-date: /home/fourdds/ros2_ws/install/boids/include/boids/boids/srv
[15.705s] -- Up-to-date: /home/fourdds/ros2_ws/install/boids/include/boids/boids/srv/detail
[15.705s] -- Up-to-date: /home/fourdds/ros2_ws/install/boids/include/boids/boids/srv/detail/get_neighbors__rosidl_typesupport_fastrtps_c.h
[15.705s] -- Up-to-date: /home/fourdds/ros2_ws/install/boids/lib/libboids__rosidl_typesupport_fastrtps_c.so
[15.705s] -- Up-to-date: /home/fourdds/ros2_ws/install/boids/include/boids/boids
[15.705s] -- Up-to-date: /home/fourdds/ros2_ws/install/boids/include/boids/boids/msg
[15.705s] -- Up-to-date: /home/fourdds/ros2_ws/install/boids/include/boids/boids/msg/neighbors_com.hpp
[15.705s] -- Up-to-date: /home/fourdds/ros2_ws/install/boids/include/boids/boids/msg/geo_ping.hpp
[15.705s] -- Up-to-date: /home/fourdds/ros2_ws/install/boids/include/boids/boids/msg/detail
[15.705s] -- Up-to-date: /home/fourdds/ros2_ws/install/boids/include/boids/boids/msg/detail/neighbors_com__builder.hpp
[15.705s] -- Up-to-date: /home/fourdds/ros2_ws/install/boids/include/boids/boids/msg/detail/neighbors_com__struct.hpp
[15.705s] -- Up-to-date: /home/fourdds/ros2_ws/install/boids/include/boids/boids/msg/detail/geo_ping__traits.hpp
[15.705s] -- Up-to-date: /home/fourdds/ros2_ws/install/boids/include/boids/boids/msg/detail/neighbors_com__traits.hpp
[15.705s] -- Up-to-date: /home/fourdds/ros2_ws/install/boids/include/boids/boids/msg/detail/geo_ping__builder.hpp
[15.705s] -- Up-to-date: /home/fourdds/ros2_ws/install/boids/include/boids/boids/msg/detail/geo_ping__struct.hpp
[15.705s] -- Up-to-date: /home/fourdds/ros2_ws/install/boids/include/boids/boids/srv
[15.705s] -- Up-to-date: /home/fourdds/ros2_ws/install/boids/include/boids/boids/srv/detail
[15.706s] -- Up-to-date: /home/fourdds/ros2_ws/install/boids/include/boids/boids/srv/detail/get_neighbors__traits.hpp
[15.706s] -- Up-to-date: /home/fourdds/ros2_ws/install/boids/include/boids/boids/srv/detail/get_neighbors__struct.hpp
[15.706s] -- Up-to-date: /home/fourdds/ros2_ws/install/boids/include/boids/boids/srv/detail/get_neighbors__builder.hpp
[15.706s] -- Up-to-date: /home/fourdds/ros2_ws/install/boids/include/boids/boids/srv/get_neighbors.hpp
[15.706s] -- Up-to-date: /home/fourdds/ros2_ws/install/boids/include/boids/boids
[15.706s] -- Up-to-date: /home/fourdds/ros2_ws/install/boids/include/boids/boids/msg
[15.706s] -- Up-to-date: /home/fourdds/ros2_ws/install/boids/include/boids/boids/msg/detail
[15.706s] -- Up-to-date: /home/fourdds/ros2_ws/install/boids/include/boids/boids/msg/detail/geo_ping__rosidl_typesupport_fastrtps_cpp.hpp
[15.706s] -- Up-to-date: /home/fourdds/ros2_ws/install/boids/include/boids/boids/msg/detail/dds_fastrtps
[15.706s] -- Up-to-date: /home/fourdds/ros2_ws/install/boids/include/boids/boids/msg/detail/neighbors_com__rosidl_typesupport_fastrtps_cpp.hpp
[15.706s] -- Up-to-date: /home/fourdds/ros2_ws/install/boids/include/boids/boids/msg/rosidl_typesupport_fastrtps_cpp__visibility_control.h
[15.706s] -- Up-to-date: /home/fourdds/ros2_ws/install/boids/include/boids/boids/srv
[15.706s] -- Up-to-date: /home/fourdds/ros2_ws/install/boids/include/boids/boids/srv/detail
[15.706s] -- Up-to-date: /home/fourdds/ros2_ws/install/boids/include/boids/boids/srv/detail/dds_fastrtps
[15.706s] -- Up-to-date: /home/fourdds/ros2_ws/install/boids/include/boids/boids/srv/detail/get_neighbors__rosidl_typesupport_fastrtps_cpp.hpp
[15.706s] -- Up-to-date: /home/fourdds/ros2_ws/install/boids/lib/libboids__rosidl_typesupport_fastrtps_cpp.so
[15.706s] -- Up-to-date: /home/fourdds/ros2_ws/install/boids/include/boids/boids
[15.706s] -- Up-to-date: /home/fourdds/ros2_ws/install/boids/include/boids/boids/msg
[15.706s] -- Up-to-date: /home/fourdds/ros2_ws/install/boids/include/boids/boids/msg/detail
[15.706s] -- Up-to-date: /home/fourdds/ros2_ws/install/boids/include/boids/boids/msg/detail/neighbors_com__rosidl_typesupport_introspection_c.h
[15.706s] -- Up-to-date: /home/fourdds/ros2_ws/install/boids/include/boids/boids/msg/detail/geo_ping__rosidl_typesupport_introspection_c.h
[15.706s] -- Up-to-date: /home/fourdds/ros2_ws/install/boids/include/boids/boids/msg/detail/geo_ping__type_support.c
[15.706s] -- Up-to-date: /home/fourdds/ros2_ws/install/boids/include/boids/boids/msg/detail/neighbors_com__type_support.c
[15.706s] -- Up-to-date: /home/fourdds/ros2_ws/install/boids/include/boids/boids/msg/rosidl_typesupport_introspection_c__visibility_control.h
[15.706s] -- Up-to-date: /home/fourdds/ros2_ws/install/boids/include/boids/boids/srv
[15.706s] -- Up-to-date: /home/fourdds/ros2_ws/install/boids/include/boids/boids/srv/detail
[15.706s] -- Up-to-date: /home/fourdds/ros2_ws/install/boids/include/boids/boids/srv/detail/get_neighbors__type_support.c
[15.706s] -- Up-to-date: /home/fourdds/ros2_ws/install/boids/include/boids/boids/srv/detail/get_neighbors__rosidl_typesupport_introspection_c.h
[15.706s] -- Up-to-date: /home/fourdds/ros2_ws/install/boids/lib/libboids__rosidl_typesupport_introspection_c.so
[15.706s] -- Up-to-date: /home/fourdds/ros2_ws/install/boids/lib/libboids__rosidl_typesupport_c.so
[15.706s] -- Up-to-date: /home/fourdds/ros2_ws/install/boids/include/boids/boids
[15.707s] -- Up-to-date: /home/fourdds/ros2_ws/install/boids/include/boids/boids/msg
[15.707s] -- Up-to-date: /home/fourdds/ros2_ws/install/boids/include/boids/boids/msg/detail
[15.707s] -- Up-to-date: /home/fourdds/ros2_ws/install/boids/include/boids/boids/msg/detail/geo_ping__type_support.cpp
[15.707s] -- Up-to-date: /home/fourdds/ros2_ws/install/boids/include/boids/boids/msg/detail/neighbors_com__type_support.cpp
[15.707s] -- Up-to-date: /home/fourdds/ros2_ws/install/boids/include/boids/boids/msg/detail/geo_ping__rosidl_typesupport_introspection_cpp.hpp
[15.707s] -- Up-to-date: /home/fourdds/ros2_ws/install/boids/include/boids/boids/msg/detail/neighbors_com__rosidl_typesupport_introspection_cpp.hpp
[15.707s] -- Up-to-date: /home/fourdds/ros2_ws/install/boids/include/boids/boids/srv
[15.707s] -- Up-to-date: /home/fourdds/ros2_ws/install/boids/include/boids/boids/srv/detail
[15.707s] -- Up-to-date: /home/fourdds/ros2_ws/install/boids/include/boids/boids/srv/detail/get_neighbors__rosidl_typesupport_introspection_cpp.hpp
[15.707s] -- Up-to-date: /home/fourdds/ros2_ws/install/boids/include/boids/boids/srv/detail/get_neighbors__type_support.cpp
[15.707s] -- Up-to-date: /home/fourdds/ros2_ws/install/boids/lib/libboids__rosidl_typesupport_introspection_cpp.so
[15.707s] -- Up-to-date: /home/fourdds/ros2_ws/install/boids/lib/libboids__rosidl_typesupport_cpp.so
[15.707s] -- Up-to-date: /home/fourdds/ros2_ws/install/boids/share/boids/environment/pythonpath.sh
[15.707s] -- Up-to-date: /home/fourdds/ros2_ws/install/boids/share/boids/environment/pythonpath.dsv
[15.707s] -- Up-to-date: /home/fourdds/ros2_ws/install/boids/local/lib/python3.10/dist-packages/boids-0.0.0-py3.10.egg-info
[15.707s] -- Installing: /home/fourdds/ros2_ws/install/boids/local/lib/python3.10/dist-packages/boids-0.0.0-py3.10.egg-info/dependency_links.txt
[15.707s] -- Installing: /home/fourdds/ros2_ws/install/boids/local/lib/python3.10/dist-packages/boids-0.0.0-py3.10.egg-info/SOURCES.txt
[15.707s] -- Installing: /home/fourdds/ros2_ws/install/boids/local/lib/python3.10/dist-packages/boids-0.0.0-py3.10.egg-info/PKG-INFO
[15.707s] -- Installing: /home/fourdds/ros2_ws/install/boids/local/lib/python3.10/dist-packages/boids-0.0.0-py3.10.egg-info/top_level.txt
[15.707s] -- Up-to-date: /home/fourdds/ros2_ws/install/boids/local/lib/python3.10/dist-packages/boids
[15.707s] -- Up-to-date: /home/fourdds/ros2_ws/install/boids/local/lib/python3.10/dist-packages/boids/_boids_s.ep.rosidl_typesupport_fastrtps_c.c
[15.707s] -- Up-to-date: /home/fourdds/ros2_ws/install/boids/local/lib/python3.10/dist-packages/boids/boids_s__rosidl_typesupport_c.cpython-310-x86_64-linux-gnu.so
[15.707s] -- Up-to-date: /home/fourdds/ros2_ws/install/boids/local/lib/python3.10/dist-packages/boids/libboids__rosidl_generator_py.so
[15.707s] -- Up-to-date: /home/fourdds/ros2_ws/install/boids/local/lib/python3.10/dist-packages/boids/msg
[15.707s] -- Up-to-date: /home/fourdds/ros2_ws/install/boids/local/lib/python3.10/dist-packages/boids/msg/_geo_ping_s.c
[15.707s] -- Up-to-date: /home/fourdds/ros2_ws/install/boids/local/lib/python3.10/dist-packages/boids/msg/_neighbors_com.py
[15.707s] -- Up-to-date: /home/fourdds/ros2_ws/install/boids/local/lib/python3.10/dist-packages/boids/msg/_neighbors_com_s.c
[15.707s] -- Up-to-date: /home/fourdds/ros2_ws/install/boids/local/lib/python3.10/dist-packages/boids/msg/_geo_ping.py
[15.707s] -- Up-to-date: /home/fourdds/ros2_ws/install/boids/local/lib/python3.10/dist-packages/boids/msg/__init__.py
[15.707s] -- Up-to-date: /home/fourdds/ros2_ws/install/boids/local/lib/python3.10/dist-packages/boids/boids_s__rosidl_typesupport_introspection_c.cpython-310-x86_64-linux-gnu.so
[15.707s] -- Up-to-date: /home/fourdds/ros2_ws/install/boids/local/lib/python3.10/dist-packages/boids/srv
[15.707s] -- Up-to-date: /home/fourdds/ros2_ws/install/boids/local/lib/python3.10/dist-packages/boids/srv/_get_neighbors_s.c
[15.707s] -- Up-to-date: /home/fourdds/ros2_ws/install/boids/local/lib/python3.10/dist-packages/boids/srv/_get_neighbors.py
[15.707s] -- Up-to-date: /home/fourdds/ros2_ws/install/boids/local/lib/python3.10/dist-packages/boids/srv/__init__.py
[15.708s] -- Up-to-date: /home/fourdds/ros2_ws/install/boids/local/lib/python3.10/dist-packages/boids/_boids_s.ep.rosidl_typesupport_introspection_c.c
[15.708s] -- Up-to-date: /home/fourdds/ros2_ws/install/boids/local/lib/python3.10/dist-packages/boids/_boids_s.ep.rosidl_typesupport_c.c
[15.708s] -- Up-to-date: /home/fourdds/ros2_ws/install/boids/local/lib/python3.10/dist-packages/boids/boids_s__rosidl_typesupport_fastrtps_c.cpython-310-x86_64-linux-gnu.so
[15.708s] -- Up-to-date: /home/fourdds/ros2_ws/install/boids/local/lib/python3.10/dist-packages/boids/__init__.py
[15.726s] Listing '/home/fourdds/ros2_ws/install/boids/local/lib/python3.10/dist-packages/boids'...
[15.726s] Listing '/home/fourdds/ros2_ws/install/boids/local/lib/python3.10/dist-packages/boids/msg'...
[15.726s] Listing '/home/fourdds/ros2_ws/install/boids/local/lib/python3.10/dist-packages/boids/srv'...
[15.729s] -- Up-to-date: /home/fourdds/ros2_ws/install/boids/local/lib/python3.10/dist-packages/boids/boids_s__rosidl_typesupport_fastrtps_c.cpython-310-x86_64-linux-gnu.so
[15.729s] -- Up-to-date: /home/fourdds/ros2_ws/install/boids/local/lib/python3.10/dist-packages/boids/boids_s__rosidl_typesupport_introspection_c.cpython-310-x86_64-linux-gnu.so
[15.729s] -- Up-to-date: /home/fourdds/ros2_ws/install/boids/local/lib/python3.10/dist-packages/boids/boids_s__rosidl_typesupport_c.cpython-310-x86_64-linux-gnu.so
[15.729s] -- Up-to-date: /home/fourdds/ros2_ws/install/boids/lib/libboids__rosidl_generator_py.so
[15.729s] -- Up-to-date: /home/fourdds/ros2_ws/install/boids/share/boids/msg/GeoPing.idl
[15.729s] -- Up-to-date: /home/fourdds/ros2_ws/install/boids/share/boids/msg/NeighborsCOM.idl
[15.729s] -- Up-to-date: /home/fourdds/ros2_ws/install/boids/share/boids/msg/GeoPing.msg
[15.729s] -- Up-to-date: /home/fourdds/ros2_ws/install/boids/share/boids/msg/NeighborsCOM.msg
[15.730s] -- Installing: /home/fourdds/ros2_ws/install/boids/lib/boids/uavs_spawner
[15.740s] -- Set runtime path of "/home/fourdds/ros2_ws/install/boids/lib/boids/uavs_spawner" to ""
[15.740s] -- Up-to-date: /home/fourdds/ros2_ws/install/boids/include/boids
[15.740s] -- Up-to-date: /home/fourdds/ros2_ws/install/boids/include/boids/placeholder.txt:Zone.Identifier
[15.740s] -- Up-to-date: /home/fourdds/ros2_ws/install/boids/include/boids/placeholder.txt
[15.740s] -- Up-to-date: /home/fourdds/ros2_ws/install/boids/include/boids/placeholder.txt:Zone.Identifier:Zone.Identifier
[15.740s] -- Up-to-date: /home/fourdds/ros2_ws/install/boids/lib/libframe_transforms.so
[15.740s] -- Up-to-date: /home/fourdds/ros2_ws/install/boids/share/boids//launch
[15.740s] -- Up-to-date: /home/fourdds/ros2_ws/install/boids/share/boids//launch/boids.launch.py
[15.740s] -- Up-to-date: /home/fourdds/ros2_ws/install/boids/share/boids//test
[15.740s] -- Up-to-date: /home/fourdds/ros2_ws/install/boids/share/boids//test/placeholder.txt:Zone.Identifier
[15.740s] -- Up-to-date: /home/fourdds/ros2_ws/install/boids/share/boids//test/placeholder.txt
[15.740s] -- Up-to-date: /home/fourdds/ros2_ws/install/boids/share/boids//test/placeholder.txt:Zone.Identifier:Zone.Identifier
[15.741s] -- Up-to-date: /home/fourdds/ros2_ws/install/boids/share/ament_index/resource_index/package_run_dependencies/boids
[15.741s] -- Up-to-date: /home/fourdds/ros2_ws/install/boids/share/ament_index/resource_index/parent_prefix_path/boids
[15.741s] -- Up-to-date: /home/fourdds/ros2_ws/install/boids/share/boids/environment/ament_prefix_path.sh
[15.741s] -- Up-to-date: /home/fourdds/ros2_ws/install/boids/share/boids/environment/ament_prefix_path.dsv
[15.741s] -- Up-to-date: /home/fourdds/ros2_ws/install/boids/share/boids/environment/path.sh
[15.741s] -- Up-to-date: /home/fourdds/ros2_ws/install/boids/share/boids/environment/path.dsv
[15.742s] -- Up-to-date: /home/fourdds/ros2_ws/install/boids/share/boids/local_setup.bash
[15.742s] -- Up-to-date: /home/fourdds/ros2_ws/install/boids/share/boids/local_setup.sh
[15.742s] -- Up-to-date: /home/fourdds/ros2_ws/install/boids/share/boids/local_setup.zsh
[15.742s] -- Up-to-date: /home/fourdds/ros2_ws/install/boids/share/boids/local_setup.dsv
[15.742s] -- Installing: /home/fourdds/ros2_ws/install/boids/share/boids/package.dsv
[15.742s] -- Up-to-date: /home/fourdds/ros2_ws/install/boids/share/ament_index/resource_index/packages/boids
[15.742s] -- Up-to-date: /home/fourdds/ros2_ws/install/boids/share/boids/cmake/export_boids__rosidl_generator_cExport.cmake
[15.742s] -- Up-to-date: /home/fourdds/ros2_ws/install/boids/share/boids/cmake/export_boids__rosidl_generator_cExport-noconfig.cmake
[15.742s] -- Up-to-date: /home/fourdds/ros2_ws/install/boids/share/boids/cmake/export_boids__rosidl_typesupport_fastrtps_cExport.cmake
[15.742s] -- Up-to-date: /home/fourdds/ros2_ws/install/boids/share/boids/cmake/export_boids__rosidl_typesupport_fastrtps_cExport-noconfig.cmake
[15.742s] -- Up-to-date: /home/fourdds/ros2_ws/install/boids/share/boids/cmake/export_boids__rosidl_generator_cppExport.cmake
[15.742s] -- Up-to-date: /home/fourdds/ros2_ws/install/boids/share/boids/cmake/export_boids__rosidl_typesupport_fastrtps_cppExport.cmake
[15.743s] -- Up-to-date: /home/fourdds/ros2_ws/install/boids/share/boids/cmake/export_boids__rosidl_typesupport_fastrtps_cppExport-noconfig.cmake
[15.743s] -- Up-to-date: /home/fourdds/ros2_ws/install/boids/share/boids/cmake/boids__rosidl_typesupport_introspection_cExport.cmake
[15.743s] -- Up-to-date: /home/fourdds/ros2_ws/install/boids/share/boids/cmake/boids__rosidl_typesupport_introspection_cExport-noconfig.cmake
[15.743s] -- Up-to-date: /home/fourdds/ros2_ws/install/boids/share/boids/cmake/boids__rosidl_typesupport_cExport.cmake
[15.743s] -- Up-to-date: /home/fourdds/ros2_ws/install/boids/share/boids/cmake/boids__rosidl_typesupport_cExport-noconfig.cmake
[15.743s] -- Up-to-date: /home/fourdds/ros2_ws/install/boids/share/boids/cmake/boids__rosidl_typesupport_introspection_cppExport.cmake
[15.743s] -- Up-to-date: /home/fourdds/ros2_ws/install/boids/share/boids/cmake/boids__rosidl_typesupport_introspection_cppExport-noconfig.cmake
[15.743s] -- Up-to-date: /home/fourdds/ros2_ws/install/boids/share/boids/cmake/boids__rosidl_typesupport_cppExport.cmake
[15.743s] -- Up-to-date: /home/fourdds/ros2_ws/install/boids/share/boids/cmake/boids__rosidl_typesupport_cppExport-noconfig.cmake
[15.743s] -- Up-to-date: /home/fourdds/ros2_ws/install/boids/share/boids/cmake/export_boids__rosidl_generator_pyExport.cmake
[15.743s] -- Up-to-date: /home/fourdds/ros2_ws/install/boids/share/boids/cmake/export_boids__rosidl_generator_pyExport-noconfig.cmake
[15.743s] -- Up-to-date: /home/fourdds/ros2_ws/install/boids/share/boids/cmake/export_frame_transformsExport.cmake
[15.743s] -- Up-to-date: /home/fourdds/ros2_ws/install/boids/share/boids/cmake/export_frame_transformsExport-noconfig.cmake
[15.743s] -- Up-to-date: /home/fourdds/ros2_ws/install/boids/share/boids/cmake/rosidl_cmake-extras.cmake
[15.743s] -- Up-to-date: /home/fourdds/ros2_ws/install/boids/share/boids/cmake/ament_cmake_export_include_directories-extras.cmake
[15.743s] -- Up-to-date: /home/fourdds/ros2_ws/install/boids/share/boids/cmake/ament_cmake_export_libraries-extras.cmake
[15.743s] -- Up-to-date: /home/fourdds/ros2_ws/install/boids/share/boids/cmake/ament_cmake_export_targets-extras.cmake
[15.743s] -- Up-to-date: /home/fourdds/ros2_ws/install/boids/share/boids/cmake/rosidl_cmake_export_typesupport_targets-extras.cmake
[15.743s] -- Up-to-date: /home/fourdds/ros2_ws/install/boids/share/boids/cmake/ament_cmake_export_dependencies-extras.cmake
[15.743s] -- Up-to-date: /home/fourdds/ros2_ws/install/boids/share/boids/cmake/rosidl_cmake_export_typesupport_libraries-extras.cmake
[15.743s] -- Up-to-date: /home/fourdds/ros2_ws/install/boids/share/boids/cmake/boidsConfig.cmake
[15.743s] -- Up-to-date: /home/fourdds/ros2_ws/install/boids/share/boids/cmake/boidsConfig-version.cmake
[15.743s] -- Up-to-date: /home/fourdds/ros2_ws/install/boids/share/boids/package.xml
[15.745s] Invoked command in '/home/fourdds/ros2_ws/build/boids' returned '0': CMAKE_PREFIX_PATH=/home/fourdds/ros2_ws/install/px4_msgs:/home/fourdds/ros2_ws/install/px4_ros_com:/home/fourdds/ros2_ws/install/boids:/opt/ros/humble LD_LIBRARY_PATH=/home/fourdds/ros2_ws/install/px4_msgs/lib:/home/fourdds/ros2_ws/install/px4_ros_com/lib:/home/fourdds/ros2_ws/install/boids/lib:/usr/lib/x86_64-linux-gnu/gazebo-11/plugins:/opt/ros/humble/opt/rviz_ogre_vendor/lib:/opt/ros/humble/lib/x86_64-linux-gnu:/opt/ros/humble/lib /usr/bin/cmake --install /home/fourdds/ros2_ws/build/boids
