[0.792s] Invoking command in '/home/fourdds/ros2_ws/build/target_detection': CMAKE_PREFIX_PATH=/opt/ros/humble /usr/bin/cmake --build /home/fourdds/ros2_ws/build/target_detection -- -j16 -l16
[0.893s] [100%] Built target TargetDetection
[0.929s] Invoked command in '/home/fourdds/ros2_ws/build/target_detection' returned '0': CMAKE_PREFIX_PATH=/opt/ros/humble /usr/bin/cmake --build /home/fourdds/ros2_ws/build/target_detection -- -j16 -l16
[0.997s] Invoking command in '/home/fourdds/ros2_ws/build/target_detection': CMAKE_PREFIX_PATH=/opt/ros/humble /usr/bin/cmake --install /home/fourdds/ros2_ws/build/target_detection
[1.013s] -- Install configuration: ""
[1.014s] -- Execute custom install script
[1.015s] -- Up-to-date symlink: /home/fourdds/ros2_ws/install/target_detection/share/target_detection/environment/library_path.sh
[1.017s] -- Up-to-date symlink: /home/fourdds/ros2_ws/install/target_detection/share/target_detection/environment/library_path.dsv
[1.019s] -- Up-to-date symlink: /home/fourdds/ros2_ws/install/target_detection/include/target_detection/TargetDetection.hpp
[1.020s] -- Up-to-date symlink: /home/fourdds/ros2_ws/install/target_detection/share/ament_index/resource_index/package_run_dependencies/target_detection
[1.020s] -- Up-to-date symlink: /home/fourdds/ros2_ws/install/target_detection/share/ament_index/resource_index/parent_prefix_path/target_detection
[1.022s] -- Up-to-date symlink: /home/fourdds/ros2_ws/install/target_detection/share/target_detection/environment/ament_prefix_path.sh
[1.023s] -- Up-to-date symlink: /home/fourdds/ros2_ws/install/target_detection/share/target_detection/environment/ament_prefix_path.dsv
[1.023s] -- Up-to-date symlink: /home/fourdds/ros2_ws/install/target_detection/share/target_detection/environment/path.sh
[1.023s] -- Up-to-date symlink: /home/fourdds/ros2_ws/install/target_detection/share/target_detection/environment/path.dsv
[1.024s] -- Up-to-date symlink: /home/fourdds/ros2_ws/install/target_detection/share/target_detection/local_setup.bash
[1.024s] -- Up-to-date symlink: /home/fourdds/ros2_ws/install/target_detection/share/target_detection/local_setup.sh
[1.024s] -- Up-to-date symlink: /home/fourdds/ros2_ws/install/target_detection/share/target_detection/local_setup.zsh
[1.024s] -- Up-to-date symlink: /home/fourdds/ros2_ws/install/target_detection/share/target_detection/local_setup.dsv
[1.024s] -- Symlinking: /home/fourdds/ros2_ws/install/target_detection/share/target_detection/package.dsv
[1.045s] -- Up-to-date symlink: /home/fourdds/ros2_ws/install/target_detection/share/ament_index/resource_index/packages/target_detection
[1.046s] -- Up-to-date symlink: /home/fourdds/ros2_ws/install/target_detection/share/target_detection/cmake/ament_cmake_export_include_directories-extras.cmake
[1.046s] -- Up-to-date symlink: /home/fourdds/ros2_ws/install/target_detection/share/target_detection/cmake/ament_cmake_export_libraries-extras.cmake
[1.047s] -- Up-to-date symlink: /home/fourdds/ros2_ws/install/target_detection/share/target_detection/cmake/target_detectionConfig.cmake
[1.047s] -- Up-to-date symlink: /home/fourdds/ros2_ws/install/target_detection/share/target_detection/cmake/target_detectionConfig-version.cmake
[1.047s] -- Up-to-date symlink: /home/fourdds/ros2_ws/install/target_detection/share/target_detection/package.xml
[1.048s] -- Up-to-date: /home/fourdds/ros2_ws/install/target_detection/lib/libTargetDetection.a
[1.105s] Invoked command in '/home/fourdds/ros2_ws/build/target_detection' returned '0': CMAKE_PREFIX_PATH=/opt/ros/humble /usr/bin/cmake --install /home/fourdds/ros2_ws/build/target_detection
