[35m[1mConsolidate compiler generated dependencies of target gazebo_ros_force[0m
[  1%] [32mBuilding CXX object CMakeFiles/multi_camera_plugin.dir/src/multi_camera_plugin.cpp.o[0m
[  2%] [32mBuilding CXX object CMakeFiles/gazebo_ros_ray_sensor.dir/src/gazebo_ros_ray_sensor.cpp.o[0m
[  3%] [32mBuilding CXX object CMakeFiles/gazebo_ros_ackermann_drive.dir/src/gazebo_ros_ackermann_drive.cpp.o[0m
[  8%] [32mBuilding CXX object CMakeFiles/gazebo_ros_projector.dir/src/gazebo_ros_projector.cpp.o[0m
[  9%] Built target gazebo_ros_template
[  9%] Built target gazebo_ros_imu_sensor
[ 11%] Built target gtest
[ 13%] Built target gazebo_ros_joint_state_publisher
[ 18%] Built target gazebo_ros_ft_sensor
[ 18%] Built target gazebo_ros_elevator
[ 20%] Built target gazebo_ros_gps_sensor
[ 32%] Built target gazebo_ros_harness
[ 32%] Built target gazebo_ros_diff_drive
[ 32%] Built target gtest_main
[ 32%] Built target gazebo_ros_p3d
[ 32%] Built target gazebo_ros_joint_pose_trajectory
[ 34%] Built target gazebo_ros_force
[ 40%] Built target gazebo_ros_vacuum_gripper
[ 41%] Built target gazebo_ros_hand_of_god
[ 41%] Built target gazebo_ros_planar_move
[ 44%] Built target gazebo_ros_tricycle_drive
[ 46%] Built target gazebo_ros_bumper
[ 51%] Built target gazebo_ros_wheel_slip
[ 51%] Built target gazebo_ros_video
[35m[1mConsolidate compiler generated dependencies of target test_gazebo_ros_ackermann_drive[0m
[35m[1mConsolidate compiler generated dependencies of target test_gazebo_ros_ft_sensor[0m
[35m[1mConsolidate compiler generated dependencies of target test_gazebo_ros_force[0m
[35m[1mConsolidate compiler generated dependencies of target test_gazebo_ros_imu_sensor[0m
[35m[1mConsolidate compiler generated dependencies of target test_gazebo_ros_joint_pose_trajectory[0m
[35m[1mConsolidate compiler generated dependencies of target test_gazebo_ros_p3d[0m
[35m[1mConsolidate compiler generated dependencies of target test_gazebo_ros_joint_state_publisher[0m
[35m[1mConsolidate compiler generated dependencies of target test_gazebo_ros_tricycle_drive[0m
[35m[1mConsolidate compiler generated dependencies of target test_gazebo_ros_vacuum_gripper[0m
[ 52%] [32mBuilding CXX object test/CMakeFiles/test_gazebo_ros_elevator.dir/test_gazebo_ros_elevator.cpp.o[0m
[ 53%] [32mBuilding CXX object test/CMakeFiles/test_gazebo_ros_diff_drive.dir/test_gazebo_ros_diff_drive.cpp.o[0m
[35m[1mConsolidate compiler generated dependencies of target test_gazebo_ros_wheelslip[0m
[ 54%] [32mBuilding CXX object test/CMakeFiles/test_gazebo_ros_harness.dir/test_gazebo_ros_harness.cpp.o[0m
[ 56%] [32mBuilding CXX object test/CMakeFiles/test_gazebo_ros_hand_of_god.dir/test_gazebo_ros_hand_of_god.cpp.o[0m
[ 56%] [32mBuilding CXX object test/CMakeFiles/test_gazebo_ros_gps_sensor.dir/test_gazebo_ros_gps_sensor.cpp.o[0m
[ 58%] [32mBuilding CXX object test/CMakeFiles/test_gazebo_ros_ray_sensor.dir/test_gazebo_ros_ray_sensor.cpp.o[0m
[ 59%] [32mBuilding CXX object test/CMakeFiles/test_gazebo_ros_planar_move.dir/test_gazebo_ros_planar_move.cpp.o[0m
[ 61%] Built target test_gazebo_ros_ackermann_drive
[ 63%] Built target test_gazebo_ros_ft_sensor
[ 66%] Built target test_gazebo_ros_bumper
[ 68%] Built target test_gazebo_ros_imu_sensor
[ 73%] Built target test_gazebo_ros_joint_state_publisher
[ 73%] Built target test_gazebo_ros_vacuum_gripper
[ 75%] Built target test_gazebo_ros_tricycle_drive
[ 77%] Built target test_gazebo_ros_joint_pose_trajectory
[ 80%] Built target test_gazebo_ros_force
[ 82%] Built target test_gazebo_ros_p3d
[ 84%] Built target test_gazebo_ros_wheelslip
[ 86%] [32m[1mLinking CXX shared library libgazebo_ros_ray_sensor.so[0m
[ 87%] [32m[1mLinking CXX shared library libmulti_camera_plugin.so[0m
[ 87%] Built target multi_camera_plugin
[ 88%] [32mBuilding CXX object CMakeFiles/gazebo_ros_camera.dir/src/gazebo_ros_camera.cpp.o[0m
[ 88%] Built target gazebo_ros_ray_sensor
[ 89%] [32m[1mLinking CXX shared library libgazebo_ros_projector.so[0m
[ 90%] [32m[1mLinking CXX shared library libgazebo_ros_ackermann_drive.so[0m
[ 90%] Built target gazebo_ros_ackermann_drive
[ 90%] Built target gazebo_ros_projector
[ 91%] [32m[1mLinking CXX executable test_gazebo_ros_hand_of_god[0m
[ 93%] [32m[1mLinking CXX executable test_gazebo_ros_elevator[0m
[ 94%] [32m[1mLinking CXX executable test_gazebo_ros_harness[0m
[ 94%] Built target test_gazebo_ros_hand_of_god
[ 94%] Built target test_gazebo_ros_elevator
[ 94%] Built target test_gazebo_ros_harness
[ 95%] [32m[1mLinking CXX executable test_gazebo_ros_planar_move[0m
[ 96%] [32m[1mLinking CXX executable test_gazebo_ros_diff_drive[0m
[ 96%] Built target test_gazebo_ros_planar_move
[ 96%] Built target test_gazebo_ros_diff_drive
[ 97%] [32m[1mLinking CXX executable test_gazebo_ros_gps_sensor[0m
[ 97%] Built target test_gazebo_ros_gps_sensor
[ 98%] [32m[1mLinking CXX executable test_gazebo_ros_ray_sensor[0m
[ 98%] Built target test_gazebo_ros_ray_sensor
[100%] [32m[1mLinking CXX shared library libgazebo_ros_camera.so[0m
[100%] Built target gazebo_ros_camera
-- Install configuration: ""
-- Execute custom install script
-- Symlinking: /home/fourdds/ws/install/gazebo_plugins/share/gazebo_plugins/environment/library_path.sh
-- Symlinking: /home/fourdds/ws/install/gazebo_plugins/share/gazebo_plugins/environment/library_path.dsv
-- Symlinking: /home/fourdds/ws/install/gazebo_plugins/share/gazebo_plugins/environment/gazebo_plugins.sh
-- Symlinking: /home/fourdds/ws/install/gazebo_plugins/share/gazebo_plugins/environment/gazebo_plugins.dsv
-- Symlinking: /home/fourdds/ws/install/gazebo_plugins/share/ament_index/resource_index/package_run_dependencies/gazebo_plugins
-- Symlinking: /home/fourdds/ws/install/gazebo_plugins/share/ament_index/resource_index/parent_prefix_path/gazebo_plugins
-- Symlinking: /home/fourdds/ws/install/gazebo_plugins/share/gazebo_plugins/environment/ament_prefix_path.sh
-- Symlinking: /home/fourdds/ws/install/gazebo_plugins/share/gazebo_plugins/environment/ament_prefix_path.dsv
-- Symlinking: /home/fourdds/ws/install/gazebo_plugins/share/gazebo_plugins/environment/path.sh
-- Symlinking: /home/fourdds/ws/install/gazebo_plugins/share/gazebo_plugins/environment/path.dsv
-- Symlinking: /home/fourdds/ws/install/gazebo_plugins/share/gazebo_plugins/local_setup.bash
-- Symlinking: /home/fourdds/ws/install/gazebo_plugins/share/gazebo_plugins/local_setup.sh
-- Symlinking: /home/fourdds/ws/install/gazebo_plugins/share/gazebo_plugins/local_setup.zsh
-- Symlinking: /home/fourdds/ws/install/gazebo_plugins/share/gazebo_plugins/local_setup.dsv
-- Symlinking: /home/fourdds/ws/install/gazebo_plugins/share/gazebo_plugins/package.dsv
-- Symlinking: /home/fourdds/ws/install/gazebo_plugins/share/ament_index/resource_index/packages/gazebo_plugins
-- Symlinking: /home/fourdds/ws/install/gazebo_plugins/share/gazebo_plugins/cmake/ament_cmake_export_libraries-extras.cmake
-- Symlinking: /home/fourdds/ws/install/gazebo_plugins/share/gazebo_plugins/cmake/ament_cmake_export_include_directories-extras.cmake
-- Symlinking: /home/fourdds/ws/install/gazebo_plugins/share/gazebo_plugins/cmake/ament_cmake_export_dependencies-extras.cmake
-- Symlinking: /home/fourdds/ws/install/gazebo_plugins/share/gazebo_plugins/cmake/gazebo_pluginsConfig.cmake
-- Symlinking: /home/fourdds/ws/install/gazebo_plugins/share/gazebo_plugins/cmake/gazebo_pluginsConfig-version.cmake
-- Symlinking: /home/fourdds/ws/install/gazebo_plugins/share/gazebo_plugins/package.xml
-- Symlinking: /home/fourdds/ws/install/gazebo_plugins/include/gazebo_plugins/gazebo_ros_ackermann_drive.hpp
-- Symlinking: /home/fourdds/ws/install/gazebo_plugins/include/gazebo_plugins/gazebo_ros_bumper.hpp
-- Symlinking: /home/fourdds/ws/install/gazebo_plugins/include/gazebo_plugins/gazebo_ros_camera.hpp
-- Symlinking: /home/fourdds/ws/install/gazebo_plugins/include/gazebo_plugins/gazebo_ros_diff_drive.hpp
-- Symlinking: /home/fourdds/ws/install/gazebo_plugins/include/gazebo_plugins/gazebo_ros_elevator.hpp
-- Symlinking: /home/fourdds/ws/install/gazebo_plugins/include/gazebo_plugins/gazebo_ros_force.hpp
-- Symlinking: /home/fourdds/ws/install/gazebo_plugins/include/gazebo_plugins/gazebo_ros_ft_sensor.hpp
-- Symlinking: /home/fourdds/ws/install/gazebo_plugins/include/gazebo_plugins/gazebo_ros_gps_sensor.hpp
-- Symlinking: /home/fourdds/ws/install/gazebo_plugins/include/gazebo_plugins/gazebo_ros_hand_of_god.hpp
-- Symlinking: /home/fourdds/ws/install/gazebo_plugins/include/gazebo_plugins/gazebo_ros_harness.hpp
-- Symlinking: /home/fourdds/ws/install/gazebo_plugins/include/gazebo_plugins/gazebo_ros_imu_sensor.hpp
-- Symlinking: /home/fourdds/ws/install/gazebo_plugins/include/gazebo_plugins/gazebo_ros_joint_pose_trajectory.hpp
-- Symlinking: /home/fourdds/ws/install/gazebo_plugins/include/gazebo_plugins/gazebo_ros_joint_state_publisher.hpp
-- Symlinking: /home/fourdds/ws/install/gazebo_plugins/include/gazebo_plugins/gazebo_ros_p3d.hpp
-- Symlinking: /home/fourdds/ws/install/gazebo_plugins/include/gazebo_plugins/gazebo_ros_planar_move.hpp
-- Symlinking: /home/fourdds/ws/install/gazebo_plugins/include/gazebo_plugins/gazebo_ros_projector.hpp
-- Symlinking: /home/fourdds/ws/install/gazebo_plugins/include/gazebo_plugins/gazebo_ros_ray_sensor.hpp
-- Symlinking: /home/fourdds/ws/install/gazebo_plugins/include/gazebo_plugins/gazebo_ros_template.hpp
-- Symlinking: /home/fourdds/ws/install/gazebo_plugins/include/gazebo_plugins/gazebo_ros_tricycle_drive.hpp
-- Symlinking: /home/fourdds/ws/install/gazebo_plugins/include/gazebo_plugins/gazebo_ros_vacuum_gripper.hpp
-- Symlinking: /home/fourdds/ws/install/gazebo_plugins/include/gazebo_plugins/gazebo_ros_video.hpp
-- Symlinking: /home/fourdds/ws/install/gazebo_plugins/include/gazebo_plugins/gazebo_ros_wheel_slip.hpp
-- Symlinking: /home/fourdds/ws/install/gazebo_plugins/include/gazebo_plugins/multi_camera_plugin.hpp
-- Symlinking: /home/fourdds/ws/install/gazebo_plugins/lib/libgazebo_ros_ackermann_drive.so
-- Symlinking: /home/fourdds/ws/install/gazebo_plugins/lib/libgazebo_ros_bumper.so
-- Symlinking: /home/fourdds/ws/install/gazebo_plugins/lib/libgazebo_ros_camera.so
-- Symlinking: /home/fourdds/ws/install/gazebo_plugins/lib/libgazebo_ros_diff_drive.so
-- Symlinking: /home/fourdds/ws/install/gazebo_plugins/lib/libgazebo_ros_elevator.so
-- Symlinking: /home/fourdds/ws/install/gazebo_plugins/lib/libgazebo_ros_force.so
-- Symlinking: /home/fourdds/ws/install/gazebo_plugins/lib/libgazebo_ros_ft_sensor.so
-- Symlinking: /home/fourdds/ws/install/gazebo_plugins/lib/libgazebo_ros_hand_of_god.so
-- Symlinking: /home/fourdds/ws/install/gazebo_plugins/lib/libgazebo_ros_harness.so
-- Symlinking: /home/fourdds/ws/install/gazebo_plugins/lib/libgazebo_ros_imu_sensor.so
-- Symlinking: /home/fourdds/ws/install/gazebo_plugins/lib/libgazebo_ros_gps_sensor.so
-- Symlinking: /home/fourdds/ws/install/gazebo_plugins/lib/libgazebo_ros_joint_pose_trajectory.so
-- Symlinking: /home/fourdds/ws/install/gazebo_plugins/lib/libgazebo_ros_joint_state_publisher.so
-- Symlinking: /home/fourdds/ws/install/gazebo_plugins/lib/libgazebo_ros_planar_move.so
-- Symlinking: /home/fourdds/ws/install/gazebo_plugins/lib/libgazebo_ros_projector.so
-- Symlinking: /home/fourdds/ws/install/gazebo_plugins/lib/libgazebo_ros_ray_sensor.so
-- Symlinking: /home/fourdds/ws/install/gazebo_plugins/lib/libgazebo_ros_p3d.so
-- Symlinking: /home/fourdds/ws/install/gazebo_plugins/lib/libgazebo_ros_template.so
-- Symlinking: /home/fourdds/ws/install/gazebo_plugins/lib/libgazebo_ros_tricycle_drive.so
-- Symlinking: /home/fourdds/ws/install/gazebo_plugins/lib/libgazebo_ros_vacuum_gripper.so
-- Symlinking: /home/fourdds/ws/install/gazebo_plugins/lib/libgazebo_ros_video.so
-- Symlinking: /home/fourdds/ws/install/gazebo_plugins/lib/libmulti_camera_plugin.so
-- Symlinking: /home/fourdds/ws/install/gazebo_plugins/lib/libgazebo_ros_wheel_slip.so
-- Symlinking: /home/fourdds/ws/install/gazebo_plugins/lib/gazebo_plugins//wheel_slip_drawbar_pull_publisher.py
-- Symlinking: /home/fourdds/ws/install/gazebo_plugins/share/gazebo_plugins//worlds/gazebo_ros_ackermann_drive_demo.world
-- Symlinking: /home/fourdds/ws/install/gazebo_plugins/share/gazebo_plugins//worlds/gazebo_ros_bumper_demo.world
-- Symlinking: /home/fourdds/ws/install/gazebo_plugins/share/gazebo_plugins//worlds/gazebo_ros_camera_demo.world
-- Symlinking: /home/fourdds/ws/install/gazebo_plugins/share/gazebo_plugins//worlds/gazebo_ros_camera_distortion_barrel_demo.world
-- Symlinking: /home/fourdds/ws/install/gazebo_plugins/share/gazebo_plugins//worlds/gazebo_ros_camera_distortion_pincushion_demo.world
-- Symlinking: /home/fourdds/ws/install/gazebo_plugins/share/gazebo_plugins//worlds/gazebo_ros_camera_triggered_demo.world
-- Symlinking: /home/fourdds/ws/install/gazebo_plugins/share/gazebo_plugins//worlds/gazebo_ros_depth_camera_demo.world
-- Symlinking: /home/fourdds/ws/install/gazebo_plugins/share/gazebo_plugins//worlds/gazebo_ros_diff_drive_demo.world
-- Symlinking: /home/fourdds/ws/install/gazebo_plugins/share/gazebo_plugins//worlds/gazebo_ros_elevator_demo.world
-- Symlinking: /home/fourdds/ws/install/gazebo_plugins/share/gazebo_plugins//worlds/gazebo_ros_force_demo.world
-- Symlinking: /home/fourdds/ws/install/gazebo_plugins/share/gazebo_plugins//worlds/gazebo_ros_ft_sensor_demo.world
-- Symlinking: /home/fourdds/ws/install/gazebo_plugins/share/gazebo_plugins//worlds/gazebo_ros_gps_sensor_demo.world
-- Symlinking: /home/fourdds/ws/install/gazebo_plugins/share/gazebo_plugins//worlds/gazebo_ros_hand_of_god_demo.world
-- Symlinking: /home/fourdds/ws/install/gazebo_plugins/share/gazebo_plugins//worlds/gazebo_ros_harness_demo.world
-- Symlinking: /home/fourdds/ws/install/gazebo_plugins/share/gazebo_plugins//worlds/gazebo_ros_joint_pose_trajectory_demo.world
-- Symlinking: /home/fourdds/ws/install/gazebo_plugins/share/gazebo_plugins//worlds/gazebo_ros_joint_state_publisher_demo.world
-- Symlinking: /home/fourdds/ws/install/gazebo_plugins/share/gazebo_plugins//worlds/gazebo_ros_multi_camera_demo.world
-- Symlinking: /home/fourdds/ws/install/gazebo_plugins/share/gazebo_plugins//worlds/gazebo_ros_multicamera_demo.world
-- Symlinking: /home/fourdds/ws/install/gazebo_plugins/share/gazebo_plugins//worlds/gazebo_ros_p3d_demo.world
-- Symlinking: /home/fourdds/ws/install/gazebo_plugins/share/gazebo_plugins//worlds/gazebo_ros_planar_move_demo.world
-- Symlinking: /home/fourdds/ws/install/gazebo_plugins/share/gazebo_plugins//worlds/gazebo_ros_projector_demo.world
-- Symlinking: /home/fourdds/ws/install/gazebo_plugins/share/gazebo_plugins//worlds/gazebo_ros_ray_sensor_demo.world
-- Symlinking: /home/fourdds/ws/install/gazebo_plugins/share/gazebo_plugins//worlds/gazebo_ros_skid_steer_drive_demo.world
-- Symlinking: /home/fourdds/ws/install/gazebo_plugins/share/gazebo_plugins//worlds/gazebo_ros_template_demo.world
-- Symlinking: /home/fourdds/ws/install/gazebo_plugins/share/gazebo_plugins//worlds/gazebo_ros_tricycle_drive_demo.world
-- Symlinking: /home/fourdds/ws/install/gazebo_plugins/share/gazebo_plugins//worlds/gazebo_ros_vacuum_gripper_demo.world
-- Symlinking: /home/fourdds/ws/install/gazebo_plugins/share/gazebo_plugins//worlds/gazebo_ros_video_demo.world
-- Symlinking: /home/fourdds/ws/install/gazebo_plugins/share/gazebo_plugins//worlds/gazebo_ros_wheel_slip_demo.world
-- Symlinking: /home/fourdds/ws/install/gazebo_plugins/share/gazebo_plugins//worlds/gazebo_ros_wheel_slip_drawbar_pull_demo.world
