[0.100s] DEBUG:colcon:Command line arguments: ['/usr/bin/colcon', 'build', '--continue-on-error', '--symlink-install', '--event-handlers', 'console_cohesion+']
[0.100s] DEBUG:colcon:Parsed command line arguments: Namespace(log_base=None, log_level=None, verb_name='build', build_base='build', install_base='install', merge_install=False, symlink_install=True, test_result_base=None, continue_on_error=True, executor='parallel', parallel_workers=16, event_handlers=['console_cohesion+'], ignore_user_meta=False, metas=['./colcon.meta'], base_paths=['.'], packages_ignore=None, packages_ignore_regex=None, paths=None, packages_up_to=None, packages_up_to_regex=None, packages_above=None, packages_above_and_dependencies=None, packages_above_depth=None, packages_select_by_dep=None, packages_skip_by_dep=None, packages_skip_up_to=None, packages_select_build_failed=False, packages_skip_build_finished=False, packages_select_test_failures=False, packages_skip_test_passed=False, packages_select=None, packages_skip=None, packages_select_regex=None, packages_skip_regex=None, packages_start=None, packages_end=None, allow_overriding=[], cmake_args=None, cmake_target=None, cmake_target_skip_unavailable=False, cmake_clean_cache=False, cmake_clean_first=False, cmake_force_configure=False, ament_cmake_args=None, catkin_cmake_args=None, catkin_skip_building_tests=False, mixin_files=None, mixin=None, verb_parser=<colcon_mixin.mixin.mixin_argument.MixinArgumentDecorator object at 0x7fad74d06a70>, verb_extension=<colcon_core.verb.build.BuildVerb object at 0x7fad74e03310>, main=<bound method BuildVerb.main of <colcon_core.verb.build.BuildVerb object at 0x7fad74e03310>>, mixin_verb=('build',))
[0.132s] Level 1:colcon.colcon_core.package_discovery:discover_packages(colcon_meta) check parameters
[0.133s] Level 1:colcon.colcon_core.package_discovery:discover_packages(recursive) check parameters
[0.133s] Level 1:colcon.colcon_core.package_discovery:discover_packages(ignore) check parameters
[0.133s] Level 1:colcon.colcon_core.package_discovery:discover_packages(path) check parameters
[0.133s] Level 1:colcon.colcon_core.package_discovery:discover_packages(colcon_meta) discover
[0.133s] Level 1:colcon.colcon_core.package_discovery:discover_packages(recursive) discover
[0.133s] INFO:colcon.colcon_core.package_discovery:Crawling recursively for packages in '/home/fourdds/ros2_ws'
[0.133s] Level 1:colcon.colcon_core.package_identification:_identify(.) by extensions ['ignore', 'ignore_ament_install']
[0.133s] Level 1:colcon.colcon_core.package_identification:_identify(.) by extension 'ignore'
[0.133s] Level 1:colcon.colcon_core.package_identification:_identify(.) by extension 'ignore_ament_install'
[0.133s] Level 1:colcon.colcon_core.package_identification:_identify(.) by extensions ['colcon_pkg']
[0.133s] Level 1:colcon.colcon_core.package_identification:_identify(.) by extension 'colcon_pkg'
[0.133s] Level 1:colcon.colcon_core.package_identification:_identify(.) by extensions ['colcon_meta']
[0.133s] Level 1:colcon.colcon_core.package_identification:_identify(.) by extension 'colcon_meta'
[0.133s] Level 1:colcon.colcon_core.package_identification:_identify(.) by extensions ['ros']
[0.133s] Level 1:colcon.colcon_core.package_identification:_identify(.) by extension 'ros'
[0.147s] Level 1:colcon.colcon_core.package_identification:_identify(.) by extensions ['cmake', 'python']
[0.147s] Level 1:colcon.colcon_core.package_identification:_identify(.) by extension 'cmake'
[0.147s] Level 1:colcon.colcon_core.package_identification:_identify(.) by extension 'python'
[0.147s] Level 1:colcon.colcon_core.package_identification:_identify(.) by extensions ['python_setup_py']
[0.147s] Level 1:colcon.colcon_core.package_identification:_identify(.) by extension 'python_setup_py'
[0.147s] Level 1:colcon.colcon_core.package_identification:_identify(build) by extensions ['ignore', 'ignore_ament_install']
[0.147s] Level 1:colcon.colcon_core.package_identification:_identify(build) by extension 'ignore'
[0.147s] Level 1:colcon.colcon_core.package_identification:_identify(build) ignored
[0.147s] Level 1:colcon.colcon_core.package_identification:_identify(install) by extensions ['ignore', 'ignore_ament_install']
[0.148s] Level 1:colcon.colcon_core.package_identification:_identify(install) by extension 'ignore'
[0.148s] Level 1:colcon.colcon_core.package_identification:_identify(install) ignored
[0.148s] Level 1:colcon.colcon_core.package_identification:_identify(log) by extensions ['ignore', 'ignore_ament_install']
[0.149s] Level 1:colcon.colcon_core.package_identification:_identify(log) by extension 'ignore'
[0.149s] Level 1:colcon.colcon_core.package_identification:_identify(log) ignored
[0.149s] Level 1:colcon.colcon_core.package_identification:_identify(src) by extensions ['ignore', 'ignore_ament_install']
[0.149s] Level 1:colcon.colcon_core.package_identification:_identify(src) by extension 'ignore'
[0.149s] Level 1:colcon.colcon_core.package_identification:_identify(src) by extension 'ignore_ament_install'
[0.149s] Level 1:colcon.colcon_core.package_identification:_identify(src) by extensions ['colcon_pkg']
[0.149s] Level 1:colcon.colcon_core.package_identification:_identify(src) by extension 'colcon_pkg'
[0.149s] Level 1:colcon.colcon_core.package_identification:_identify(src) by extensions ['colcon_meta']
[0.149s] Level 1:colcon.colcon_core.package_identification:_identify(src) by extension 'colcon_meta'
[0.149s] Level 1:colcon.colcon_core.package_identification:_identify(src) by extensions ['ros']
[0.149s] Level 1:colcon.colcon_core.package_identification:_identify(src) by extension 'ros'
[0.149s] Level 1:colcon.colcon_core.package_identification:_identify(src) by extensions ['cmake', 'python']
[0.149s] Level 1:colcon.colcon_core.package_identification:_identify(src) by extension 'cmake'
[0.149s] Level 1:colcon.colcon_core.package_identification:_identify(src) by extension 'python'
[0.149s] Level 1:colcon.colcon_core.package_identification:_identify(src) by extensions ['python_setup_py']
[0.149s] Level 1:colcon.colcon_core.package_identification:_identify(src) by extension 'python_setup_py'
[0.149s] Level 1:colcon.colcon_core.package_identification:_identify(src/analysis) by extensions ['ignore', 'ignore_ament_install']
[0.149s] Level 1:colcon.colcon_core.package_identification:_identify(src/analysis) by extension 'ignore'
[0.149s] Level 1:colcon.colcon_core.package_identification:_identify(src/analysis) by extension 'ignore_ament_install'
[0.150s] Level 1:colcon.colcon_core.package_identification:_identify(src/analysis) by extensions ['colcon_pkg']
[0.150s] Level 1:colcon.colcon_core.package_identification:_identify(src/analysis) by extension 'colcon_pkg'
[0.150s] Level 1:colcon.colcon_core.package_identification:_identify(src/analysis) by extensions ['colcon_meta']
[0.150s] Level 1:colcon.colcon_core.package_identification:_identify(src/analysis) by extension 'colcon_meta'
[0.150s] Level 1:colcon.colcon_core.package_identification:_identify(src/analysis) by extensions ['ros']
[0.150s] Level 1:colcon.colcon_core.package_identification:_identify(src/analysis) by extension 'ros'
[0.152s] DEBUG:colcon.colcon_core.package_identification:Package 'src/analysis' with type 'ros.ament_python' and name 'analysis'
[0.152s] Level 1:colcon.colcon_core.package_identification:_identify(src/base_station) by extensions ['ignore', 'ignore_ament_install']
[0.152s] Level 1:colcon.colcon_core.package_identification:_identify(src/base_station) by extension 'ignore'
[0.152s] Level 1:colcon.colcon_core.package_identification:_identify(src/base_station) by extension 'ignore_ament_install'
[0.152s] Level 1:colcon.colcon_core.package_identification:_identify(src/base_station) by extensions ['colcon_pkg']
[0.152s] Level 1:colcon.colcon_core.package_identification:_identify(src/base_station) by extension 'colcon_pkg'
[0.152s] Level 1:colcon.colcon_core.package_identification:_identify(src/base_station) by extensions ['colcon_meta']
[0.152s] Level 1:colcon.colcon_core.package_identification:_identify(src/base_station) by extension 'colcon_meta'
[0.152s] Level 1:colcon.colcon_core.package_identification:_identify(src/base_station) by extensions ['ros']
[0.152s] Level 1:colcon.colcon_core.package_identification:_identify(src/base_station) by extension 'ros'
[0.153s] DEBUG:colcon.colcon_core.package_identification:Package 'src/base_station' with type 'ros.ament_cmake' and name 'base_station'
[0.153s] Level 1:colcon.colcon_core.package_identification:_identify(src/drone) by extensions ['ignore', 'ignore_ament_install']
[0.153s] Level 1:colcon.colcon_core.package_identification:_identify(src/drone) by extension 'ignore'
[0.153s] Level 1:colcon.colcon_core.package_identification:_identify(src/drone) by extension 'ignore_ament_install'
[0.153s] Level 1:colcon.colcon_core.package_identification:_identify(src/drone) by extensions ['colcon_pkg']
[0.153s] Level 1:colcon.colcon_core.package_identification:_identify(src/drone) by extension 'colcon_pkg'
[0.153s] Level 1:colcon.colcon_core.package_identification:_identify(src/drone) by extensions ['colcon_meta']
[0.153s] Level 1:colcon.colcon_core.package_identification:_identify(src/drone) by extension 'colcon_meta'
[0.153s] Level 1:colcon.colcon_core.package_identification:_identify(src/drone) by extensions ['ros']
[0.153s] Level 1:colcon.colcon_core.package_identification:_identify(src/drone) by extension 'ros'
[0.154s] DEBUG:colcon.colcon_core.package_identification:Package 'src/drone' with type 'ros.ament_cmake' and name 'drone'
[0.154s] Level 1:colcon.colcon_core.package_identification:_identify(src/fdds_messages) by extensions ['ignore', 'ignore_ament_install']
[0.154s] Level 1:colcon.colcon_core.package_identification:_identify(src/fdds_messages) by extension 'ignore'
[0.154s] Level 1:colcon.colcon_core.package_identification:_identify(src/fdds_messages) by extension 'ignore_ament_install'
[0.154s] Level 1:colcon.colcon_core.package_identification:_identify(src/fdds_messages) by extensions ['colcon_pkg']
[0.154s] Level 1:colcon.colcon_core.package_identification:_identify(src/fdds_messages) by extension 'colcon_pkg'
[0.154s] Level 1:colcon.colcon_core.package_identification:_identify(src/fdds_messages) by extensions ['colcon_meta']
[0.154s] Level 1:colcon.colcon_core.package_identification:_identify(src/fdds_messages) by extension 'colcon_meta'
[0.154s] Level 1:colcon.colcon_core.package_identification:_identify(src/fdds_messages) by extensions ['ros']
[0.154s] Level 1:colcon.colcon_core.package_identification:_identify(src/fdds_messages) by extension 'ros'
[0.155s] DEBUG:colcon.colcon_core.package_identification:Package 'src/fdds_messages' with type 'ros.ament_cmake' and name 'fdds_messages'
[0.155s] Level 1:colcon.colcon_core.package_identification:_identify(src/log) by extensions ['ignore', 'ignore_ament_install']
[0.155s] Level 1:colcon.colcon_core.package_identification:_identify(src/log) by extension 'ignore'
[0.155s] Level 1:colcon.colcon_core.package_identification:_identify(src/log) ignored
[0.155s] Level 1:colcon.colcon_core.package_identification:_identify(src/obstacle_avoidance) by extensions ['ignore', 'ignore_ament_install']
[0.155s] Level 1:colcon.colcon_core.package_identification:_identify(src/obstacle_avoidance) by extension 'ignore'
[0.155s] Level 1:colcon.colcon_core.package_identification:_identify(src/obstacle_avoidance) by extension 'ignore_ament_install'
[0.155s] Level 1:colcon.colcon_core.package_identification:_identify(src/obstacle_avoidance) by extensions ['colcon_pkg']
[0.155s] Level 1:colcon.colcon_core.package_identification:_identify(src/obstacle_avoidance) by extension 'colcon_pkg'
[0.155s] Level 1:colcon.colcon_core.package_identification:_identify(src/obstacle_avoidance) by extensions ['colcon_meta']
[0.155s] Level 1:colcon.colcon_core.package_identification:_identify(src/obstacle_avoidance) by extension 'colcon_meta'
[0.155s] Level 1:colcon.colcon_core.package_identification:_identify(src/obstacle_avoidance) by extensions ['ros']
[0.155s] Level 1:colcon.colcon_core.package_identification:_identify(src/obstacle_avoidance) by extension 'ros'
[0.156s] DEBUG:colcon.colcon_core.package_identification:Package 'src/obstacle_avoidance' with type 'ros.ament_cmake' and name 'obstacle_avoidance'
[0.156s] Level 1:colcon.colcon_core.package_identification:_identify(src/parameters) by extensions ['ignore', 'ignore_ament_install']
[0.157s] Level 1:colcon.colcon_core.package_identification:_identify(src/parameters) by extension 'ignore'
[0.157s] Level 1:colcon.colcon_core.package_identification:_identify(src/parameters) by extension 'ignore_ament_install'
[0.157s] Level 1:colcon.colcon_core.package_identification:_identify(src/parameters) by extensions ['colcon_pkg']
[0.157s] Level 1:colcon.colcon_core.package_identification:_identify(src/parameters) by extension 'colcon_pkg'
[0.157s] Level 1:colcon.colcon_core.package_identification:_identify(src/parameters) by extensions ['colcon_meta']
[0.157s] Level 1:colcon.colcon_core.package_identification:_identify(src/parameters) by extension 'colcon_meta'
[0.157s] Level 1:colcon.colcon_core.package_identification:_identify(src/parameters) by extensions ['ros']
[0.157s] Level 1:colcon.colcon_core.package_identification:_identify(src/parameters) by extension 'ros'
[0.157s] DEBUG:colcon.colcon_core.package_identification:Package 'src/parameters' with type 'ros.ament_cmake' and name 'parameters'
[0.157s] Level 1:colcon.colcon_core.package_identification:_identify(src/px4_msgs) by extensions ['ignore', 'ignore_ament_install']
[0.157s] Level 1:colcon.colcon_core.package_identification:_identify(src/px4_msgs) by extension 'ignore'
[0.158s] Level 1:colcon.colcon_core.package_identification:_identify(src/px4_msgs) by extension 'ignore_ament_install'
[0.158s] Level 1:colcon.colcon_core.package_identification:_identify(src/px4_msgs) by extensions ['colcon_pkg']
[0.158s] Level 1:colcon.colcon_core.package_identification:_identify(src/px4_msgs) by extension 'colcon_pkg'
[0.158s] Level 1:colcon.colcon_core.package_identification:_identify(src/px4_msgs) by extensions ['colcon_meta']
[0.158s] Level 1:colcon.colcon_core.package_identification:_identify(src/px4_msgs) by extension 'colcon_meta'
[0.158s] Level 1:colcon.colcon_core.package_identification:_identify(src/px4_msgs) by extensions ['ros']
[0.158s] Level 1:colcon.colcon_core.package_identification:_identify(src/px4_msgs) by extension 'ros'
[0.158s] DEBUG:colcon.colcon_core.package_identification:Package 'src/px4_msgs' with type 'ros.ament_cmake' and name 'px4_msgs'
[0.158s] Level 1:colcon.colcon_core.package_identification:_identify(src/px4_ros_com) by extensions ['ignore', 'ignore_ament_install']
[0.158s] Level 1:colcon.colcon_core.package_identification:_identify(src/px4_ros_com) by extension 'ignore'
[0.159s] Level 1:colcon.colcon_core.package_identification:_identify(src/px4_ros_com) by extension 'ignore_ament_install'
[0.159s] Level 1:colcon.colcon_core.package_identification:_identify(src/px4_ros_com) by extensions ['colcon_pkg']
[0.159s] Level 1:colcon.colcon_core.package_identification:_identify(src/px4_ros_com) by extension 'colcon_pkg'
[0.159s] Level 1:colcon.colcon_core.package_identification:_identify(src/px4_ros_com) by extensions ['colcon_meta']
[0.159s] Level 1:colcon.colcon_core.package_identification:_identify(src/px4_ros_com) by extension 'colcon_meta'
[0.159s] Level 1:colcon.colcon_core.package_identification:_identify(src/px4_ros_com) by extensions ['ros']
[0.159s] Level 1:colcon.colcon_core.package_identification:_identify(src/px4_ros_com) by extension 'ros'
[0.160s] DEBUG:colcon.colcon_core.package_identification:Package 'src/px4_ros_com' with type 'ros.ament_cmake' and name 'px4_ros_com'
[0.160s] Level 1:colcon.colcon_core.package_identification:_identify(src/stigmergy) by extensions ['ignore', 'ignore_ament_install']
[0.160s] Level 1:colcon.colcon_core.package_identification:_identify(src/stigmergy) by extension 'ignore'
[0.160s] Level 1:colcon.colcon_core.package_identification:_identify(src/stigmergy) by extension 'ignore_ament_install'
[0.160s] Level 1:colcon.colcon_core.package_identification:_identify(src/stigmergy) by extensions ['colcon_pkg']
[0.160s] Level 1:colcon.colcon_core.package_identification:_identify(src/stigmergy) by extension 'colcon_pkg'
[0.160s] Level 1:colcon.colcon_core.package_identification:_identify(src/stigmergy) by extensions ['colcon_meta']
[0.160s] Level 1:colcon.colcon_core.package_identification:_identify(src/stigmergy) by extension 'colcon_meta'
[0.160s] Level 1:colcon.colcon_core.package_identification:_identify(src/stigmergy) by extensions ['ros']
[0.160s] Level 1:colcon.colcon_core.package_identification:_identify(src/stigmergy) by extension 'ros'
[0.161s] DEBUG:colcon.colcon_core.package_identification:Package 'src/stigmergy' with type 'ros.ament_cmake' and name 'stigmergy'
[0.161s] Level 1:colcon.colcon_core.package_identification:_identify(src/stigmergy_map) by extensions ['ignore', 'ignore_ament_install']
[0.161s] Level 1:colcon.colcon_core.package_identification:_identify(src/stigmergy_map) by extension 'ignore'
[0.161s] Level 1:colcon.colcon_core.package_identification:_identify(src/stigmergy_map) by extension 'ignore_ament_install'
[0.161s] Level 1:colcon.colcon_core.package_identification:_identify(src/stigmergy_map) by extensions ['colcon_pkg']
[0.161s] Level 1:colcon.colcon_core.package_identification:_identify(src/stigmergy_map) by extension 'colcon_pkg'
[0.162s] Level 1:colcon.colcon_core.package_identification:_identify(src/stigmergy_map) by extensions ['colcon_meta']
[0.162s] Level 1:colcon.colcon_core.package_identification:_identify(src/stigmergy_map) by extension 'colcon_meta'
[0.162s] Level 1:colcon.colcon_core.package_identification:_identify(src/stigmergy_map) by extensions ['ros']
[0.162s] Level 1:colcon.colcon_core.package_identification:_identify(src/stigmergy_map) by extension 'ros'
[0.162s] DEBUG:colcon.colcon_core.package_identification:Package 'src/stigmergy_map' with type 'ros.ament_cmake' and name 'stigmergy_map'
[0.162s] Level 1:colcon.colcon_core.package_identification:_identify(src/target_detection) by extensions ['ignore', 'ignore_ament_install']
[0.162s] Level 1:colcon.colcon_core.package_identification:_identify(src/target_detection) by extension 'ignore'
[0.162s] Level 1:colcon.colcon_core.package_identification:_identify(src/target_detection) by extension 'ignore_ament_install'
[0.162s] Level 1:colcon.colcon_core.package_identification:_identify(src/target_detection) by extensions ['colcon_pkg']
[0.162s] Level 1:colcon.colcon_core.package_identification:_identify(src/target_detection) by extension 'colcon_pkg'
[0.162s] Level 1:colcon.colcon_core.package_identification:_identify(src/target_detection) by extensions ['colcon_meta']
[0.162s] Level 1:colcon.colcon_core.package_identification:_identify(src/target_detection) by extension 'colcon_meta'
[0.162s] Level 1:colcon.colcon_core.package_identification:_identify(src/target_detection) by extensions ['ros']
[0.162s] Level 1:colcon.colcon_core.package_identification:_identify(src/target_detection) by extension 'ros'
[0.163s] DEBUG:colcon.colcon_core.package_identification:Package 'src/target_detection' with type 'ros.ament_cmake' and name 'target_detection'
[0.163s] Level 1:colcon.colcon_core.package_discovery:discover_packages(recursive) using defaults
[0.163s] Level 1:colcon.colcon_core.package_discovery:discover_packages(ignore) discover
[0.163s] Level 1:colcon.colcon_core.package_discovery:discover_packages(ignore) using defaults
[0.163s] Level 1:colcon.colcon_core.package_discovery:discover_packages(path) discover
[0.163s] Level 1:colcon.colcon_core.package_discovery:discover_packages(path) using defaults
[0.186s] Level 1:colcon.colcon_core.package_discovery:discover_packages(prefix_path) check parameters
[0.186s] Level 1:colcon.colcon_core.package_discovery:discover_packages(prefix_path) discover
[0.189s] DEBUG:colcon.colcon_installed_package_information.package_discovery:Found 281 installed packages in /opt/ros/humble
[0.190s] Level 1:colcon.colcon_core.package_discovery:discover_packages(prefix_path) using defaults
[0.221s] Level 5:colcon.colcon_core.verb:set package 'analysis' build argument 'cmake_args' from command line to 'None'
[0.221s] Level 5:colcon.colcon_core.verb:set package 'analysis' build argument 'cmake_target' from command line to 'None'
[0.221s] Level 5:colcon.colcon_core.verb:set package 'analysis' build argument 'cmake_target_skip_unavailable' from command line to 'False'
[0.221s] Level 5:colcon.colcon_core.verb:set package 'analysis' build argument 'cmake_clean_cache' from command line to 'False'
[0.221s] Level 5:colcon.colcon_core.verb:set package 'analysis' build argument 'cmake_clean_first' from command line to 'False'
[0.221s] Level 5:colcon.colcon_core.verb:set package 'analysis' build argument 'cmake_force_configure' from command line to 'False'
[0.221s] Level 5:colcon.colcon_core.verb:set package 'analysis' build argument 'ament_cmake_args' from command line to 'None'
[0.221s] Level 5:colcon.colcon_core.verb:set package 'analysis' build argument 'catkin_cmake_args' from command line to 'None'
[0.221s] Level 5:colcon.colcon_core.verb:set package 'analysis' build argument 'catkin_skip_building_tests' from command line to 'False'
[0.221s] DEBUG:colcon.colcon_core.verb:Building package 'analysis' with the following arguments: {'ament_cmake_args': None, 'build_base': '/home/fourdds/ros2_ws/build/analysis', 'catkin_cmake_args': None, 'catkin_skip_building_tests': False, 'cmake_args': None, 'cmake_clean_cache': False, 'cmake_clean_first': False, 'cmake_force_configure': False, 'cmake_target': None, 'cmake_target_skip_unavailable': False, 'install_base': '/home/fourdds/ros2_ws/install/analysis', 'merge_install': False, 'path': '/home/fourdds/ros2_ws/src/analysis', 'symlink_install': True, 'test_result_base': None}
[0.221s] Level 5:colcon.colcon_core.verb:set package 'base_station' build argument 'cmake_args' from command line to 'None'
[0.221s] Level 5:colcon.colcon_core.verb:set package 'base_station' build argument 'cmake_target' from command line to 'None'
[0.222s] Level 5:colcon.colcon_core.verb:set package 'base_station' build argument 'cmake_target_skip_unavailable' from command line to 'False'
[0.222s] Level 5:colcon.colcon_core.verb:set package 'base_station' build argument 'cmake_clean_cache' from command line to 'False'
[0.222s] Level 5:colcon.colcon_core.verb:set package 'base_station' build argument 'cmake_clean_first' from command line to 'False'
[0.222s] Level 5:colcon.colcon_core.verb:set package 'base_station' build argument 'cmake_force_configure' from command line to 'False'
[0.222s] Level 5:colcon.colcon_core.verb:set package 'base_station' build argument 'ament_cmake_args' from command line to 'None'
[0.222s] Level 5:colcon.colcon_core.verb:set package 'base_station' build argument 'catkin_cmake_args' from command line to 'None'
[0.222s] Level 5:colcon.colcon_core.verb:set package 'base_station' build argument 'catkin_skip_building_tests' from command line to 'False'
[0.222s] DEBUG:colcon.colcon_core.verb:Building package 'base_station' with the following arguments: {'ament_cmake_args': None, 'build_base': '/home/fourdds/ros2_ws/build/base_station', 'catkin_cmake_args': None, 'catkin_skip_building_tests': False, 'cmake_args': None, 'cmake_clean_cache': False, 'cmake_clean_first': False, 'cmake_force_configure': False, 'cmake_target': None, 'cmake_target_skip_unavailable': False, 'install_base': '/home/fourdds/ros2_ws/install/base_station', 'merge_install': False, 'path': '/home/fourdds/ros2_ws/src/base_station', 'symlink_install': True, 'test_result_base': None}
[0.222s] Level 5:colcon.colcon_core.verb:set package 'drone' build argument 'cmake_args' from command line to 'None'
[0.222s] Level 5:colcon.colcon_core.verb:set package 'drone' build argument 'cmake_target' from command line to 'None'
[0.222s] Level 5:colcon.colcon_core.verb:set package 'drone' build argument 'cmake_target_skip_unavailable' from command line to 'False'
[0.222s] Level 5:colcon.colcon_core.verb:set package 'drone' build argument 'cmake_clean_cache' from command line to 'False'
[0.222s] Level 5:colcon.colcon_core.verb:set package 'drone' build argument 'cmake_clean_first' from command line to 'False'
[0.222s] Level 5:colcon.colcon_core.verb:set package 'drone' build argument 'cmake_force_configure' from command line to 'False'
[0.222s] Level 5:colcon.colcon_core.verb:set package 'drone' build argument 'ament_cmake_args' from command line to 'None'
[0.222s] Level 5:colcon.colcon_core.verb:set package 'drone' build argument 'catkin_cmake_args' from command line to 'None'
[0.222s] Level 5:colcon.colcon_core.verb:set package 'drone' build argument 'catkin_skip_building_tests' from command line to 'False'
[0.222s] DEBUG:colcon.colcon_core.verb:Building package 'drone' with the following arguments: {'ament_cmake_args': None, 'build_base': '/home/fourdds/ros2_ws/build/drone', 'catkin_cmake_args': None, 'catkin_skip_building_tests': False, 'cmake_args': None, 'cmake_clean_cache': False, 'cmake_clean_first': False, 'cmake_force_configure': False, 'cmake_target': None, 'cmake_target_skip_unavailable': False, 'install_base': '/home/fourdds/ros2_ws/install/drone', 'merge_install': False, 'path': '/home/fourdds/ros2_ws/src/drone', 'symlink_install': True, 'test_result_base': None}
[0.223s] Level 5:colcon.colcon_core.verb:set package 'fdds_messages' build argument 'cmake_args' from command line to 'None'
[0.223s] Level 5:colcon.colcon_core.verb:set package 'fdds_messages' build argument 'cmake_target' from command line to 'None'
[0.223s] Level 5:colcon.colcon_core.verb:set package 'fdds_messages' build argument 'cmake_target_skip_unavailable' from command line to 'False'
[0.223s] Level 5:colcon.colcon_core.verb:set package 'fdds_messages' build argument 'cmake_clean_cache' from command line to 'False'
[0.223s] Level 5:colcon.colcon_core.verb:set package 'fdds_messages' build argument 'cmake_clean_first' from command line to 'False'
[0.223s] Level 5:colcon.colcon_core.verb:set package 'fdds_messages' build argument 'cmake_force_configure' from command line to 'False'
[0.223s] Level 5:colcon.colcon_core.verb:set package 'fdds_messages' build argument 'ament_cmake_args' from command line to 'None'
[0.223s] Level 5:colcon.colcon_core.verb:set package 'fdds_messages' build argument 'catkin_cmake_args' from command line to 'None'
[0.223s] Level 5:colcon.colcon_core.verb:set package 'fdds_messages' build argument 'catkin_skip_building_tests' from command line to 'False'
[0.223s] DEBUG:colcon.colcon_core.verb:Building package 'fdds_messages' with the following arguments: {'ament_cmake_args': None, 'build_base': '/home/fourdds/ros2_ws/build/fdds_messages', 'catkin_cmake_args': None, 'catkin_skip_building_tests': False, 'cmake_args': None, 'cmake_clean_cache': False, 'cmake_clean_first': False, 'cmake_force_configure': False, 'cmake_target': None, 'cmake_target_skip_unavailable': False, 'install_base': '/home/fourdds/ros2_ws/install/fdds_messages', 'merge_install': False, 'path': '/home/fourdds/ros2_ws/src/fdds_messages', 'symlink_install': True, 'test_result_base': None}
[0.223s] Level 5:colcon.colcon_core.verb:set package 'parameters' build argument 'cmake_args' from command line to 'None'
[0.223s] Level 5:colcon.colcon_core.verb:set package 'parameters' build argument 'cmake_target' from command line to 'None'
[0.223s] Level 5:colcon.colcon_core.verb:set package 'parameters' build argument 'cmake_target_skip_unavailable' from command line to 'False'
[0.223s] Level 5:colcon.colcon_core.verb:set package 'parameters' build argument 'cmake_clean_cache' from command line to 'False'
[0.223s] Level 5:colcon.colcon_core.verb:set package 'parameters' build argument 'cmake_clean_first' from command line to 'False'
[0.223s] Level 5:colcon.colcon_core.verb:set package 'parameters' build argument 'cmake_force_configure' from command line to 'False'
[0.223s] Level 5:colcon.colcon_core.verb:set package 'parameters' build argument 'ament_cmake_args' from command line to 'None'
[0.223s] Level 5:colcon.colcon_core.verb:set package 'parameters' build argument 'catkin_cmake_args' from command line to 'None'
[0.223s] Level 5:colcon.colcon_core.verb:set package 'parameters' build argument 'catkin_skip_building_tests' from command line to 'False'
[0.223s] DEBUG:colcon.colcon_core.verb:Building package 'parameters' with the following arguments: {'ament_cmake_args': None, 'build_base': '/home/fourdds/ros2_ws/build/parameters', 'catkin_cmake_args': None, 'catkin_skip_building_tests': False, 'cmake_args': None, 'cmake_clean_cache': False, 'cmake_clean_first': False, 'cmake_force_configure': False, 'cmake_target': None, 'cmake_target_skip_unavailable': False, 'install_base': '/home/fourdds/ros2_ws/install/parameters', 'merge_install': False, 'path': '/home/fourdds/ros2_ws/src/parameters', 'symlink_install': True, 'test_result_base': None}
[0.224s] Level 5:colcon.colcon_core.verb:set package 'px4_msgs' build argument 'cmake_args' from command line to 'None'
[0.224s] Level 5:colcon.colcon_core.verb:set package 'px4_msgs' build argument 'cmake_target' from command line to 'None'
[0.224s] Level 5:colcon.colcon_core.verb:set package 'px4_msgs' build argument 'cmake_target_skip_unavailable' from command line to 'False'
[0.224s] Level 5:colcon.colcon_core.verb:set package 'px4_msgs' build argument 'cmake_clean_cache' from command line to 'False'
[0.224s] Level 5:colcon.colcon_core.verb:set package 'px4_msgs' build argument 'cmake_clean_first' from command line to 'False'
[0.224s] Level 5:colcon.colcon_core.verb:set package 'px4_msgs' build argument 'cmake_force_configure' from command line to 'False'
[0.224s] Level 5:colcon.colcon_core.verb:set package 'px4_msgs' build argument 'ament_cmake_args' from command line to 'None'
[0.224s] Level 5:colcon.colcon_core.verb:set package 'px4_msgs' build argument 'catkin_cmake_args' from command line to 'None'
[0.224s] Level 5:colcon.colcon_core.verb:set package 'px4_msgs' build argument 'catkin_skip_building_tests' from command line to 'False'
[0.224s] DEBUG:colcon.colcon_core.verb:Building package 'px4_msgs' with the following arguments: {'ament_cmake_args': None, 'build_base': '/home/fourdds/ros2_ws/build/px4_msgs', 'catkin_cmake_args': None, 'catkin_skip_building_tests': False, 'cmake_args': None, 'cmake_clean_cache': False, 'cmake_clean_first': False, 'cmake_force_configure': False, 'cmake_target': None, 'cmake_target_skip_unavailable': False, 'install_base': '/home/fourdds/ros2_ws/install/px4_msgs', 'merge_install': False, 'path': '/home/fourdds/ros2_ws/src/px4_msgs', 'symlink_install': True, 'test_result_base': None}
[0.224s] Level 5:colcon.colcon_core.verb:set package 'stigmergy' build argument 'cmake_args' from command line to 'None'
[0.224s] Level 5:colcon.colcon_core.verb:set package 'stigmergy' build argument 'cmake_target' from command line to 'None'
[0.224s] Level 5:colcon.colcon_core.verb:set package 'stigmergy' build argument 'cmake_target_skip_unavailable' from command line to 'False'
[0.224s] Level 5:colcon.colcon_core.verb:set package 'stigmergy' build argument 'cmake_clean_cache' from command line to 'False'
[0.224s] Level 5:colcon.colcon_core.verb:set package 'stigmergy' build argument 'cmake_clean_first' from command line to 'False'
[0.224s] Level 5:colcon.colcon_core.verb:set package 'stigmergy' build argument 'cmake_force_configure' from command line to 'False'
[0.224s] Level 5:colcon.colcon_core.verb:set package 'stigmergy' build argument 'ament_cmake_args' from command line to 'None'
[0.224s] Level 5:colcon.colcon_core.verb:set package 'stigmergy' build argument 'catkin_cmake_args' from command line to 'None'
[0.224s] Level 5:colcon.colcon_core.verb:set package 'stigmergy' build argument 'catkin_skip_building_tests' from command line to 'False'
[0.224s] DEBUG:colcon.colcon_core.verb:Building package 'stigmergy' with the following arguments: {'ament_cmake_args': None, 'build_base': '/home/fourdds/ros2_ws/build/stigmergy', 'catkin_cmake_args': None, 'catkin_skip_building_tests': False, 'cmake_args': None, 'cmake_clean_cache': False, 'cmake_clean_first': False, 'cmake_force_configure': False, 'cmake_target': None, 'cmake_target_skip_unavailable': False, 'install_base': '/home/fourdds/ros2_ws/install/stigmergy', 'merge_install': False, 'path': '/home/fourdds/ros2_ws/src/stigmergy', 'symlink_install': True, 'test_result_base': None}
[0.225s] Level 5:colcon.colcon_core.verb:set package 'stigmergy_map' build argument 'cmake_args' from command line to 'None'
[0.225s] Level 5:colcon.colcon_core.verb:set package 'stigmergy_map' build argument 'cmake_target' from command line to 'None'
[0.225s] Level 5:colcon.colcon_core.verb:set package 'stigmergy_map' build argument 'cmake_target_skip_unavailable' from command line to 'False'
[0.225s] Level 5:colcon.colcon_core.verb:set package 'stigmergy_map' build argument 'cmake_clean_cache' from command line to 'False'
[0.225s] Level 5:colcon.colcon_core.verb:set package 'stigmergy_map' build argument 'cmake_clean_first' from command line to 'False'
[0.225s] Level 5:colcon.colcon_core.verb:set package 'stigmergy_map' build argument 'cmake_force_configure' from command line to 'False'
[0.225s] Level 5:colcon.colcon_core.verb:set package 'stigmergy_map' build argument 'ament_cmake_args' from command line to 'None'
[0.225s] Level 5:colcon.colcon_core.verb:set package 'stigmergy_map' build argument 'catkin_cmake_args' from command line to 'None'
[0.225s] Level 5:colcon.colcon_core.verb:set package 'stigmergy_map' build argument 'catkin_skip_building_tests' from command line to 'False'
[0.225s] DEBUG:colcon.colcon_core.verb:Building package 'stigmergy_map' with the following arguments: {'ament_cmake_args': None, 'build_base': '/home/fourdds/ros2_ws/build/stigmergy_map', 'catkin_cmake_args': None, 'catkin_skip_building_tests': False, 'cmake_args': None, 'cmake_clean_cache': False, 'cmake_clean_first': False, 'cmake_force_configure': False, 'cmake_target': None, 'cmake_target_skip_unavailable': False, 'install_base': '/home/fourdds/ros2_ws/install/stigmergy_map', 'merge_install': False, 'path': '/home/fourdds/ros2_ws/src/stigmergy_map', 'symlink_install': True, 'test_result_base': None}
[0.225s] Level 5:colcon.colcon_core.verb:set package 'target_detection' build argument 'cmake_args' from command line to 'None'
[0.225s] Level 5:colcon.colcon_core.verb:set package 'target_detection' build argument 'cmake_target' from command line to 'None'
[0.225s] Level 5:colcon.colcon_core.verb:set package 'target_detection' build argument 'cmake_target_skip_unavailable' from command line to 'False'
[0.225s] Level 5:colcon.colcon_core.verb:set package 'target_detection' build argument 'cmake_clean_cache' from command line to 'False'
[0.225s] Level 5:colcon.colcon_core.verb:set package 'target_detection' build argument 'cmake_clean_first' from command line to 'False'
[0.225s] Level 5:colcon.colcon_core.verb:set package 'target_detection' build argument 'cmake_force_configure' from command line to 'False'
[0.225s] Level 5:colcon.colcon_core.verb:set package 'target_detection' build argument 'ament_cmake_args' from command line to 'None'
[0.225s] Level 5:colcon.colcon_core.verb:set package 'target_detection' build argument 'catkin_cmake_args' from command line to 'None'
[0.225s] Level 5:colcon.colcon_core.verb:set package 'target_detection' build argument 'catkin_skip_building_tests' from command line to 'False'
[0.225s] DEBUG:colcon.colcon_core.verb:Building package 'target_detection' with the following arguments: {'ament_cmake_args': None, 'build_base': '/home/fourdds/ros2_ws/build/target_detection', 'catkin_cmake_args': None, 'catkin_skip_building_tests': False, 'cmake_args': None, 'cmake_clean_cache': False, 'cmake_clean_first': False, 'cmake_force_configure': False, 'cmake_target': None, 'cmake_target_skip_unavailable': False, 'install_base': '/home/fourdds/ros2_ws/install/target_detection', 'merge_install': False, 'path': '/home/fourdds/ros2_ws/src/target_detection', 'symlink_install': True, 'test_result_base': None}
[0.226s] Level 5:colcon.colcon_core.verb:set package 'obstacle_avoidance' build argument 'cmake_args' from command line to 'None'
[0.226s] Level 5:colcon.colcon_core.verb:set package 'obstacle_avoidance' build argument 'cmake_target' from command line to 'None'
[0.226s] Level 5:colcon.colcon_core.verb:set package 'obstacle_avoidance' build argument 'cmake_target_skip_unavailable' from command line to 'False'
[0.226s] Level 5:colcon.colcon_core.verb:set package 'obstacle_avoidance' build argument 'cmake_clean_cache' from command line to 'False'
[0.226s] Level 5:colcon.colcon_core.verb:set package 'obstacle_avoidance' build argument 'cmake_clean_first' from command line to 'False'
[0.226s] Level 5:colcon.colcon_core.verb:set package 'obstacle_avoidance' build argument 'cmake_force_configure' from command line to 'False'
[0.226s] Level 5:colcon.colcon_core.verb:set package 'obstacle_avoidance' build argument 'ament_cmake_args' from command line to 'None'
[0.226s] Level 5:colcon.colcon_core.verb:set package 'obstacle_avoidance' build argument 'catkin_cmake_args' from command line to 'None'
[0.226s] Level 5:colcon.colcon_core.verb:set package 'obstacle_avoidance' build argument 'catkin_skip_building_tests' from command line to 'False'
[0.226s] DEBUG:colcon.colcon_core.verb:Building package 'obstacle_avoidance' with the following arguments: {'ament_cmake_args': None, 'build_base': '/home/fourdds/ros2_ws/build/obstacle_avoidance', 'catkin_cmake_args': None, 'catkin_skip_building_tests': False, 'cmake_args': None, 'cmake_clean_cache': False, 'cmake_clean_first': False, 'cmake_force_configure': False, 'cmake_target': None, 'cmake_target_skip_unavailable': False, 'install_base': '/home/fourdds/ros2_ws/install/obstacle_avoidance', 'merge_install': False, 'path': '/home/fourdds/ros2_ws/src/obstacle_avoidance', 'symlink_install': True, 'test_result_base': None}
[0.226s] Level 5:colcon.colcon_core.verb:set package 'px4_ros_com' build argument 'cmake_args' from command line to 'None'
[0.226s] Level 5:colcon.colcon_core.verb:set package 'px4_ros_com' build argument 'cmake_target' from command line to 'None'
[0.226s] Level 5:colcon.colcon_core.verb:set package 'px4_ros_com' build argument 'cmake_target_skip_unavailable' from command line to 'False'
[0.226s] Level 5:colcon.colcon_core.verb:set package 'px4_ros_com' build argument 'cmake_clean_cache' from command line to 'False'
[0.226s] Level 5:colcon.colcon_core.verb:set package 'px4_ros_com' build argument 'cmake_clean_first' from command line to 'False'
[0.226s] Level 5:colcon.colcon_core.verb:set package 'px4_ros_com' build argument 'cmake_force_configure' from command line to 'False'
[0.226s] Level 5:colcon.colcon_core.verb:set package 'px4_ros_com' build argument 'ament_cmake_args' from command line to 'None'
[0.226s] Level 5:colcon.colcon_core.verb:set package 'px4_ros_com' build argument 'catkin_cmake_args' from command line to 'None'
[0.226s] Level 5:colcon.colcon_core.verb:set package 'px4_ros_com' build argument 'catkin_skip_building_tests' from command line to 'False'
[0.226s] DEBUG:colcon.colcon_core.verb:Building package 'px4_ros_com' with the following arguments: {'ament_cmake_args': None, 'build_base': '/home/fourdds/ros2_ws/build/px4_ros_com', 'catkin_cmake_args': None, 'catkin_skip_building_tests': False, 'cmake_args': None, 'cmake_clean_cache': False, 'cmake_clean_first': False, 'cmake_force_configure': False, 'cmake_target': None, 'cmake_target_skip_unavailable': False, 'install_base': '/home/fourdds/ros2_ws/install/px4_ros_com', 'merge_install': False, 'path': '/home/fourdds/ros2_ws/src/px4_ros_com', 'symlink_install': True, 'test_result_base': None}
[0.226s] INFO:colcon.colcon_core.executor:Executing jobs using 'parallel' executor
[0.228s] DEBUG:colcon.colcon_parallel_executor.executor.parallel:run_until_complete
[0.229s] INFO:colcon.colcon_ros.task.ament_cmake.build:Building ROS package in '/home/fourdds/ros2_ws/src/parameters' with build type 'ament_cmake'
[0.229s] INFO:colcon.colcon_cmake.task.cmake.build:Building CMake package in '/home/fourdds/ros2_ws/src/parameters'
[0.232s] INFO:colcon.colcon_core.plugin_system:Skipping extension 'colcon_core.shell.bat': Not used on non-Windows systems
[0.232s] INFO:colcon.colcon_core.shell:Skip shell extension 'powershell' for command environment: Not usable outside of PowerShell
[0.232s] DEBUG:colcon.colcon_core.shell:Skip shell extension 'dsv' for command environment
[0.236s] INFO:colcon.colcon_ros.task.ament_cmake.build:Building ROS package in '/home/fourdds/ros2_ws/src/px4_msgs' with build type 'ament_cmake'
[0.236s] INFO:colcon.colcon_cmake.task.cmake.build:Building CMake package in '/home/fourdds/ros2_ws/src/px4_msgs'
[0.237s] INFO:colcon.colcon_core.shell:Skip shell extension 'powershell' for command environment: Not usable outside of PowerShell
[0.237s] DEBUG:colcon.colcon_core.shell:Skip shell extension 'dsv' for command environment
[0.241s] INFO:colcon.colcon_ros.task.ament_python.build:Building ROS package in '/home/fourdds/ros2_ws/src/analysis' with build type 'ament_python'
[0.241s] Level 1:colcon.colcon_core.shell:create_environment_hook('analysis', 'ament_prefix_path')
[0.242s] INFO:colcon.colcon_core.shell:Creating environment hook '/home/fourdds/ros2_ws/install/analysis/share/analysis/hook/ament_prefix_path.ps1'
[0.244s] INFO:colcon.colcon_core.shell:Creating environment descriptor '/home/fourdds/ros2_ws/install/analysis/share/analysis/hook/ament_prefix_path.dsv'
[0.244s] INFO:colcon.colcon_core.shell:Creating environment hook '/home/fourdds/ros2_ws/install/analysis/share/analysis/hook/ament_prefix_path.sh'
[0.245s] INFO:colcon.colcon_core.shell:Skip shell extension 'powershell' for command environment: Not usable outside of PowerShell
[0.245s] DEBUG:colcon.colcon_core.shell:Skip shell extension 'dsv' for command environment
[0.248s] INFO:colcon.colcon_ros.task.ament_cmake.build:Building ROS package in '/home/fourdds/ros2_ws/src/base_station' with build type 'ament_cmake'
[0.248s] INFO:colcon.colcon_cmake.task.cmake.build:Building CMake package in '/home/fourdds/ros2_ws/src/base_station'
[0.248s] INFO:colcon.colcon_core.shell:Skip shell extension 'powershell' for command environment: Not usable outside of PowerShell
[0.248s] DEBUG:colcon.colcon_core.shell:Skip shell extension 'dsv' for command environment
[0.252s] INFO:colcon.colcon_ros.task.ament_cmake.build:Building ROS package in '/home/fourdds/ros2_ws/src/drone' with build type 'ament_cmake'
[0.253s] INFO:colcon.colcon_cmake.task.cmake.build:Building CMake package in '/home/fourdds/ros2_ws/src/drone'
[0.253s] INFO:colcon.colcon_core.shell:Skip shell extension 'powershell' for command environment: Not usable outside of PowerShell
[0.253s] DEBUG:colcon.colcon_core.shell:Skip shell extension 'dsv' for command environment
[0.258s] INFO:colcon.colcon_ros.task.ament_cmake.build:Building ROS package in '/home/fourdds/ros2_ws/src/fdds_messages' with build type 'ament_cmake'
[0.259s] INFO:colcon.colcon_cmake.task.cmake.build:Building CMake package in '/home/fourdds/ros2_ws/src/fdds_messages'
[0.259s] INFO:colcon.colcon_core.shell:Skip shell extension 'powershell' for command environment: Not usable outside of PowerShell
[0.260s] DEBUG:colcon.colcon_core.shell:Skip shell extension 'dsv' for command environment
[0.263s] INFO:colcon.colcon_ros.task.ament_cmake.build:Building ROS package in '/home/fourdds/ros2_ws/src/stigmergy' with build type 'ament_cmake'
[0.263s] INFO:colcon.colcon_cmake.task.cmake.build:Building CMake package in '/home/fourdds/ros2_ws/src/stigmergy'
[0.264s] INFO:colcon.colcon_core.shell:Skip shell extension 'powershell' for command environment: Not usable outside of PowerShell
[0.264s] DEBUG:colcon.colcon_core.shell:Skip shell extension 'dsv' for command environment
[0.267s] INFO:colcon.colcon_ros.task.ament_cmake.build:Building ROS package in '/home/fourdds/ros2_ws/src/stigmergy_map' with build type 'ament_cmake'
[0.268s] INFO:colcon.colcon_cmake.task.cmake.build:Building CMake package in '/home/fourdds/ros2_ws/src/stigmergy_map'
[0.268s] INFO:colcon.colcon_core.shell:Skip shell extension 'powershell' for command environment: Not usable outside of PowerShell
[0.268s] DEBUG:colcon.colcon_core.shell:Skip shell extension 'dsv' for command environment
[0.273s] INFO:colcon.colcon_ros.task.ament_cmake.build:Building ROS package in '/home/fourdds/ros2_ws/src/target_detection' with build type 'ament_cmake'
[0.273s] INFO:colcon.colcon_cmake.task.cmake.build:Building CMake package in '/home/fourdds/ros2_ws/src/target_detection'
[0.274s] INFO:colcon.colcon_core.shell:Skip shell extension 'powershell' for command environment: Not usable outside of PowerShell
[0.274s] DEBUG:colcon.colcon_core.shell:Skip shell extension 'dsv' for command environment
[0.291s] DEBUG:colcon.colcon_core.event_handler.log_command:Invoking command in '/home/fourdds/ros2_ws/build/parameters': CMAKE_PREFIX_PATH=/opt/ros/humble /usr/bin/cmake --build /home/fourdds/ros2_ws/build/parameters -- -j16 -l16
[0.298s] DEBUG:colcon.colcon_core.event_handler.log_command:Invoking command in '/home/fourdds/ros2_ws/build/px4_msgs': CMAKE_PREFIX_PATH=/opt/ros/humble /usr/bin/cmake --build /home/fourdds/ros2_ws/build/px4_msgs -- -j16 -l16
[0.487s] INFO:colcon.colcon_core.task.python.build:Building Python package in '/home/fourdds/ros2_ws/src/analysis'
[0.487s] INFO:colcon.colcon_core.shell:Skip shell extension 'powershell' for command environment: Not usable outside of PowerShell
[0.487s] DEBUG:colcon.colcon_core.shell:Skip shell extension 'dsv' for command environment
[0.501s] DEBUG:colcon.colcon_core.event_handler.log_command:Invoking command in '/home/fourdds/ros2_ws/build/base_station': CMAKE_PREFIX_PATH=/opt/ros/humble /usr/bin/cmake --build /home/fourdds/ros2_ws/build/base_station -- -j16 -l16
[0.507s] DEBUG:colcon.colcon_core.event_handler.log_command:Invoking command in '/home/fourdds/ros2_ws/build/drone': CMAKE_PREFIX_PATH=/opt/ros/humble /usr/bin/cmake /home/fourdds/ros2_ws/src/drone -DAMENT_CMAKE_SYMLINK_INSTALL=1 -DCMAKE_INSTALL_PREFIX=/home/fourdds/ros2_ws/install/drone
[0.509s] DEBUG:colcon.colcon_core.event_handler.log_command:Invoking command in '/home/fourdds/ros2_ws/build/fdds_messages': CMAKE_PREFIX_PATH=/opt/ros/humble /usr/bin/cmake --build /home/fourdds/ros2_ws/build/fdds_messages -- -j16 -l16
[0.515s] DEBUG:colcon.colcon_core.event_handler.log_command:Invoking command in '/home/fourdds/ros2_ws/build/stigmergy': CMAKE_PREFIX_PATH=/opt/ros/humble /usr/bin/cmake /home/fourdds/ros2_ws/src/stigmergy -DAMENT_CMAKE_SYMLINK_INSTALL=1 -DCMAKE_INSTALL_PREFIX=/home/fourdds/ros2_ws/install/stigmergy
[0.523s] DEBUG:colcon.colcon_core.event_handler.log_command:Invoking command in '/home/fourdds/ros2_ws/build/stigmergy_map': CMAKE_PREFIX_PATH=/opt/ros/humble /usr/bin/cmake --build /home/fourdds/ros2_ws/build/stigmergy_map -- -j16 -l16
[0.544s] DEBUG:colcon.colcon_core.event_handler.log_command:Invoking command in '/home/fourdds/ros2_ws/build/target_detection': CMAKE_PREFIX_PATH=/opt/ros/humble /usr/bin/cmake --build /home/fourdds/ros2_ws/build/target_detection -- -j16 -l16
[0.558s] DEBUG:colcon.colcon_core.event_handler.log_command:Invoked command in '/home/fourdds/ros2_ws/build/parameters' returned '0': CMAKE_PREFIX_PATH=/opt/ros/humble /usr/bin/cmake --build /home/fourdds/ros2_ws/build/parameters -- -j16 -l16
[0.592s] DEBUG:colcon.colcon_core.event_handler.log_command:Invoked command in '/home/fourdds/ros2_ws/build/base_station' returned '0': CMAKE_PREFIX_PATH=/opt/ros/humble /usr/bin/cmake --build /home/fourdds/ros2_ws/build/base_station -- -j16 -l16
[0.623s] DEBUG:colcon.colcon_core.event_handler.log_command:Invoking command in '/home/fourdds/ros2_ws/build/parameters': CMAKE_PREFIX_PATH=/opt/ros/humble /usr/bin/cmake --install /home/fourdds/ros2_ws/build/parameters
[0.624s] DEBUG:colcon.colcon_core.event_handler.log_command:Invoked command in '/home/fourdds/ros2_ws/build/stigmergy_map' returned '0': CMAKE_PREFIX_PATH=/opt/ros/humble /usr/bin/cmake --build /home/fourdds/ros2_ws/build/stigmergy_map -- -j16 -l16
[0.660s] DEBUG:colcon.colcon_core.event_handler.log_command:Invoking command in '/home/fourdds/ros2_ws/build/base_station': CMAKE_PREFIX_PATH=/opt/ros/humble /usr/bin/cmake --install /home/fourdds/ros2_ws/build/base_station
[0.664s] Level 1:colcon.colcon_core.environment:create_environment_scripts_only(parameters)
[0.669s] DEBUG:colcon.colcon_core.event_handler.log_command:Invoked command in '/home/fourdds/ros2_ws/build/target_detection' returned '0': CMAKE_PREFIX_PATH=/opt/ros/humble /usr/bin/cmake --build /home/fourdds/ros2_ws/build/target_detection -- -j16 -l16
[0.681s] DEBUG:colcon.colcon_core.event_handler.log_command:Invoked command in '/home/fourdds/ros2_ws/build/parameters' returned '0': CMAKE_PREFIX_PATH=/opt/ros/humble /usr/bin/cmake --install /home/fourdds/ros2_ws/build/parameters
[0.686s] Level 1:colcon.colcon_core.environment:checking '/home/fourdds/ros2_ws/install/parameters' for CMake module files
[0.687s] Level 1:colcon.colcon_core.environment:checking '/home/fourdds/ros2_ws/install/parameters' for CMake config files
[0.688s] Level 1:colcon.colcon_core.shell:create_environment_hook('parameters', 'cmake_prefix_path')
[0.689s] INFO:colcon.colcon_core.shell:Creating environment hook '/home/fourdds/ros2_ws/install/parameters/share/parameters/hook/cmake_prefix_path.ps1'
[0.690s] INFO:colcon.colcon_core.shell:Creating environment descriptor '/home/fourdds/ros2_ws/install/parameters/share/parameters/hook/cmake_prefix_path.dsv'
[0.691s] INFO:colcon.colcon_core.shell:Creating environment hook '/home/fourdds/ros2_ws/install/parameters/share/parameters/hook/cmake_prefix_path.sh'
[0.692s] Level 1:colcon.colcon_core.environment:checking '/home/fourdds/ros2_ws/install/parameters/lib'
[0.693s] Level 1:colcon.colcon_core.environment:checking '/home/fourdds/ros2_ws/install/parameters/bin'
[0.693s] Level 1:colcon.colcon_core.environment:checking '/home/fourdds/ros2_ws/install/parameters/lib/pkgconfig/parameters.pc'
[0.693s] Level 1:colcon.colcon_core.environment:checking '/home/fourdds/ros2_ws/install/parameters/lib/python3.10/site-packages'
[0.693s] Level 1:colcon.colcon_core.environment:checking '/home/fourdds/ros2_ws/install/parameters/bin'
[0.694s] INFO:colcon.colcon_core.shell:Creating package script '/home/fourdds/ros2_ws/install/parameters/share/parameters/package.ps1'
[0.695s] INFO:colcon.colcon_core.shell:Creating package descriptor '/home/fourdds/ros2_ws/install/parameters/share/parameters/package.dsv'
[0.697s] INFO:colcon.colcon_core.shell:Creating package script '/home/fourdds/ros2_ws/install/parameters/share/parameters/package.sh'
[0.698s] INFO:colcon.colcon_core.shell:Creating package script '/home/fourdds/ros2_ws/install/parameters/share/parameters/package.bash'
[0.699s] INFO:colcon.colcon_core.shell:Creating package script '/home/fourdds/ros2_ws/install/parameters/share/parameters/package.zsh'
[0.700s] Level 1:colcon.colcon_core.environment:create_file_with_runtime_dependencies(/home/fourdds/ros2_ws/install/parameters/share/colcon-core/packages/parameters)
[0.709s] DEBUG:colcon.colcon_core.event_handler.log_command:Invoking command in '/home/fourdds/ros2_ws/build/stigmergy_map': CMAKE_PREFIX_PATH=/opt/ros/humble /usr/bin/cmake --install /home/fourdds/ros2_ws/build/stigmergy_map
[0.715s] Level 1:colcon.colcon_core.environment:create_environment_scripts_only(base_station)
[0.716s] Level 1:colcon.colcon_core.environment:checking '/home/fourdds/ros2_ws/install/base_station' for CMake module files
[0.718s] DEBUG:colcon.colcon_core.event_handler.log_command:Invoking command in '/home/fourdds/ros2_ws/build/target_detection': CMAKE_PREFIX_PATH=/opt/ros/humble /usr/bin/cmake --install /home/fourdds/ros2_ws/build/target_detection
[0.720s] DEBUG:colcon.colcon_core.event_handler.log_command:Invoked command in '/home/fourdds/ros2_ws/build/base_station' returned '0': CMAKE_PREFIX_PATH=/opt/ros/humble /usr/bin/cmake --install /home/fourdds/ros2_ws/build/base_station
[0.727s] Level 1:colcon.colcon_core.environment:checking '/home/fourdds/ros2_ws/install/base_station' for CMake config files
[0.739s] Level 1:colcon.colcon_core.shell:create_environment_hook('base_station', 'cmake_prefix_path')
[0.740s] INFO:colcon.colcon_core.shell:Creating environment hook '/home/fourdds/ros2_ws/install/base_station/share/base_station/hook/cmake_prefix_path.ps1'
[0.743s] INFO:colcon.colcon_core.shell:Creating environment descriptor '/home/fourdds/ros2_ws/install/base_station/share/base_station/hook/cmake_prefix_path.dsv'
[0.746s] INFO:colcon.colcon_core.shell:Creating environment hook '/home/fourdds/ros2_ws/install/base_station/share/base_station/hook/cmake_prefix_path.sh'
[0.752s] Level 1:colcon.colcon_core.environment:checking '/home/fourdds/ros2_ws/install/base_station/lib'
[0.754s] Level 1:colcon.colcon_core.environment:checking '/home/fourdds/ros2_ws/install/base_station/bin'
[0.754s] Level 1:colcon.colcon_core.environment:checking '/home/fourdds/ros2_ws/install/base_station/lib/pkgconfig/base_station.pc'
[0.755s] Level 1:colcon.colcon_core.environment:checking '/home/fourdds/ros2_ws/install/base_station/lib/python3.10/site-packages'
[0.756s] Level 1:colcon.colcon_core.environment:checking '/home/fourdds/ros2_ws/install/base_station/bin'
[0.757s] INFO:colcon.colcon_core.shell:Creating package script '/home/fourdds/ros2_ws/install/base_station/share/base_station/package.ps1'
[0.758s] INFO:colcon.colcon_core.shell:Creating package descriptor '/home/fourdds/ros2_ws/install/base_station/share/base_station/package.dsv'
[0.759s] INFO:colcon.colcon_core.shell:Creating package script '/home/fourdds/ros2_ws/install/base_station/share/base_station/package.sh'
[0.760s] INFO:colcon.colcon_core.shell:Creating package script '/home/fourdds/ros2_ws/install/base_station/share/base_station/package.bash'
[0.762s] INFO:colcon.colcon_core.shell:Creating package script '/home/fourdds/ros2_ws/install/base_station/share/base_station/package.zsh'
[0.763s] Level 1:colcon.colcon_core.environment:create_file_with_runtime_dependencies(/home/fourdds/ros2_ws/install/base_station/share/colcon-core/packages/base_station)
[0.769s] Level 1:colcon.colcon_core.environment:create_environment_scripts_only(stigmergy_map)
[0.770s] DEBUG:colcon.colcon_core.event_handler.log_command:Invoked command in '/home/fourdds/ros2_ws/build/stigmergy_map' returned '0': CMAKE_PREFIX_PATH=/opt/ros/humble /usr/bin/cmake --install /home/fourdds/ros2_ws/build/stigmergy_map
[0.771s] Level 1:colcon.colcon_core.environment:checking '/home/fourdds/ros2_ws/install/stigmergy_map' for CMake module files
[0.773s] Level 1:colcon.colcon_core.environment:checking '/home/fourdds/ros2_ws/install/stigmergy_map' for CMake config files
[0.774s] Level 1:colcon.colcon_core.shell:create_environment_hook('stigmergy_map', 'cmake_prefix_path')
[0.775s] INFO:colcon.colcon_core.shell:Creating environment hook '/home/fourdds/ros2_ws/install/stigmergy_map/share/stigmergy_map/hook/cmake_prefix_path.ps1'
[0.777s] INFO:colcon.colcon_core.shell:Creating environment descriptor '/home/fourdds/ros2_ws/install/stigmergy_map/share/stigmergy_map/hook/cmake_prefix_path.dsv'
[0.778s] INFO:colcon.colcon_core.shell:Creating environment hook '/home/fourdds/ros2_ws/install/stigmergy_map/share/stigmergy_map/hook/cmake_prefix_path.sh'
[0.780s] Level 1:colcon.colcon_core.environment:checking '/home/fourdds/ros2_ws/install/stigmergy_map/lib'
[0.780s] Level 1:colcon.colcon_core.environment:checking '/home/fourdds/ros2_ws/install/stigmergy_map/bin'
[0.781s] Level 1:colcon.colcon_core.environment:checking '/home/fourdds/ros2_ws/install/stigmergy_map/lib/pkgconfig/stigmergy_map.pc'
[0.781s] Level 1:colcon.colcon_core.environment:checking '/home/fourdds/ros2_ws/install/stigmergy_map/lib/python3.10/site-packages'
[0.782s] Level 1:colcon.colcon_core.environment:checking '/home/fourdds/ros2_ws/install/stigmergy_map/bin'
[0.783s] INFO:colcon.colcon_core.shell:Creating package script '/home/fourdds/ros2_ws/install/stigmergy_map/share/stigmergy_map/package.ps1'
[0.786s] INFO:colcon.colcon_core.shell:Creating package descriptor '/home/fourdds/ros2_ws/install/stigmergy_map/share/stigmergy_map/package.dsv'
[0.788s] INFO:colcon.colcon_core.shell:Creating package script '/home/fourdds/ros2_ws/install/stigmergy_map/share/stigmergy_map/package.sh'
[0.789s] INFO:colcon.colcon_core.shell:Creating package script '/home/fourdds/ros2_ws/install/stigmergy_map/share/stigmergy_map/package.bash'
[0.791s] INFO:colcon.colcon_core.shell:Creating package script '/home/fourdds/ros2_ws/install/stigmergy_map/share/stigmergy_map/package.zsh'
[0.793s] Level 1:colcon.colcon_core.environment:create_file_with_runtime_dependencies(/home/fourdds/ros2_ws/install/stigmergy_map/share/colcon-core/packages/stigmergy_map)
[0.796s] Level 1:colcon.colcon_core.environment:create_environment_scripts_only(parameters)
[0.797s] Level 1:colcon.colcon_core.environment:checking '/home/fourdds/ros2_ws/install/parameters' for CMake module files
[0.798s] Level 1:colcon.colcon_core.environment:checking '/home/fourdds/ros2_ws/install/parameters' for CMake config files
[0.799s] Level 1:colcon.colcon_core.shell:create_environment_hook('parameters', 'cmake_prefix_path')
[0.799s] INFO:colcon.colcon_core.shell:Creating environment hook '/home/fourdds/ros2_ws/install/parameters/share/parameters/hook/cmake_prefix_path.ps1'
[0.800s] INFO:colcon.colcon_core.shell:Creating environment descriptor '/home/fourdds/ros2_ws/install/parameters/share/parameters/hook/cmake_prefix_path.dsv'
[0.801s] INFO:colcon.colcon_core.shell:Creating environment hook '/home/fourdds/ros2_ws/install/parameters/share/parameters/hook/cmake_prefix_path.sh'
[0.803s] Level 1:colcon.colcon_core.environment:checking '/home/fourdds/ros2_ws/install/parameters/lib'
[0.803s] Level 1:colcon.colcon_core.environment:checking '/home/fourdds/ros2_ws/install/parameters/bin'
[0.803s] Level 1:colcon.colcon_core.environment:checking '/home/fourdds/ros2_ws/install/parameters/lib/pkgconfig/parameters.pc'
[0.804s] Level 1:colcon.colcon_core.environment:checking '/home/fourdds/ros2_ws/install/parameters/lib/python3.10/site-packages'
[0.804s] Level 1:colcon.colcon_core.environment:checking '/home/fourdds/ros2_ws/install/parameters/bin'
[0.805s] INFO:colcon.colcon_core.shell:Creating package script '/home/fourdds/ros2_ws/install/parameters/share/parameters/package.ps1'
[0.806s] INFO:colcon.colcon_core.shell:Creating package descriptor '/home/fourdds/ros2_ws/install/parameters/share/parameters/package.dsv'
[0.807s] INFO:colcon.colcon_core.shell:Creating package script '/home/fourdds/ros2_ws/install/parameters/share/parameters/package.sh'
[0.809s] INFO:colcon.colcon_core.shell:Creating package script '/home/fourdds/ros2_ws/install/parameters/share/parameters/package.bash'
[0.810s] INFO:colcon.colcon_core.shell:Creating package script '/home/fourdds/ros2_ws/install/parameters/share/parameters/package.zsh'
[0.812s] Level 1:colcon.colcon_core.environment:create_file_with_runtime_dependencies(/home/fourdds/ros2_ws/install/parameters/share/colcon-core/packages/parameters)
[0.814s] Level 1:colcon.colcon_core.environment:create_environment_scripts_only(target_detection)
[0.815s] Level 1:colcon.colcon_core.environment:checking '/home/fourdds/ros2_ws/install/target_detection' for CMake module files
[0.818s] DEBUG:colcon.colcon_core.event_handler.log_command:Invoked command in '/home/fourdds/ros2_ws/build/target_detection' returned '0': CMAKE_PREFIX_PATH=/opt/ros/humble /usr/bin/cmake --install /home/fourdds/ros2_ws/build/target_detection
[0.819s] Level 1:colcon.colcon_core.environment:checking '/home/fourdds/ros2_ws/install/target_detection' for CMake config files
[0.820s] Level 1:colcon.colcon_core.shell:create_environment_hook('target_detection', 'cmake_prefix_path')
[0.821s] INFO:colcon.colcon_core.shell:Creating environment hook '/home/fourdds/ros2_ws/install/target_detection/share/target_detection/hook/cmake_prefix_path.ps1'
[0.822s] INFO:colcon.colcon_core.shell:Creating environment descriptor '/home/fourdds/ros2_ws/install/target_detection/share/target_detection/hook/cmake_prefix_path.dsv'
[0.824s] INFO:colcon.colcon_core.shell:Creating environment hook '/home/fourdds/ros2_ws/install/target_detection/share/target_detection/hook/cmake_prefix_path.sh'
[0.826s] Level 1:colcon.colcon_core.environment:checking '/home/fourdds/ros2_ws/install/target_detection/lib'
[0.826s] Level 1:colcon.colcon_core.environment:checking '/home/fourdds/ros2_ws/install/target_detection/bin'
[0.826s] Level 1:colcon.colcon_core.environment:checking '/home/fourdds/ros2_ws/install/target_detection/lib/pkgconfig/target_detection.pc'
[0.827s] Level 1:colcon.colcon_core.environment:checking '/home/fourdds/ros2_ws/install/target_detection/lib/python3.10/site-packages'
[0.827s] Level 1:colcon.colcon_core.environment:checking '/home/fourdds/ros2_ws/install/target_detection/bin'
[0.828s] INFO:colcon.colcon_core.shell:Creating package script '/home/fourdds/ros2_ws/install/target_detection/share/target_detection/package.ps1'
[0.829s] INFO:colcon.colcon_core.shell:Creating package descriptor '/home/fourdds/ros2_ws/install/target_detection/share/target_detection/package.dsv'
[0.830s] INFO:colcon.colcon_core.shell:Creating package script '/home/fourdds/ros2_ws/install/target_detection/share/target_detection/package.sh'
[0.832s] INFO:colcon.colcon_core.shell:Creating package script '/home/fourdds/ros2_ws/install/target_detection/share/target_detection/package.bash'
[0.834s] INFO:colcon.colcon_core.shell:Creating package script '/home/fourdds/ros2_ws/install/target_detection/share/target_detection/package.zsh'
[0.835s] Level 1:colcon.colcon_core.environment:create_file_with_runtime_dependencies(/home/fourdds/ros2_ws/install/target_detection/share/colcon-core/packages/target_detection)
[0.840s] INFO:colcon.colcon_ros.task.ament_cmake.build:Building ROS package in '/home/fourdds/ros2_ws/src/obstacle_avoidance' with build type 'ament_cmake'
[0.841s] INFO:colcon.colcon_cmake.task.cmake.build:Building CMake package in '/home/fourdds/ros2_ws/src/obstacle_avoidance'
[0.842s] INFO:colcon.colcon_core.shell:Skip shell extension 'powershell' for command environment: Not usable outside of PowerShell
[0.842s] DEBUG:colcon.colcon_core.shell:Skip shell extension 'dsv' for command environment
[0.854s] Level 1:colcon.colcon_core.environment:create_environment_scripts_only(base_station)
[0.855s] Level 1:colcon.colcon_core.environment:checking '/home/fourdds/ros2_ws/install/base_station' for CMake module files
[0.856s] Level 1:colcon.colcon_core.environment:checking '/home/fourdds/ros2_ws/install/base_station' for CMake config files
[0.857s] Level 1:colcon.colcon_core.shell:create_environment_hook('base_station', 'cmake_prefix_path')
[0.858s] INFO:colcon.colcon_core.shell:Creating environment hook '/home/fourdds/ros2_ws/install/base_station/share/base_station/hook/cmake_prefix_path.ps1'
[0.860s] INFO:colcon.colcon_core.shell:Creating environment descriptor '/home/fourdds/ros2_ws/install/base_station/share/base_station/hook/cmake_prefix_path.dsv'
[0.861s] INFO:colcon.colcon_core.shell:Creating environment hook '/home/fourdds/ros2_ws/install/base_station/share/base_station/hook/cmake_prefix_path.sh'
[0.863s] Level 1:colcon.colcon_core.environment:checking '/home/fourdds/ros2_ws/install/base_station/lib'
[0.864s] Level 1:colcon.colcon_core.environment:checking '/home/fourdds/ros2_ws/install/base_station/bin'
[0.864s] Level 1:colcon.colcon_core.environment:checking '/home/fourdds/ros2_ws/install/base_station/lib/pkgconfig/base_station.pc'
[0.864s] Level 1:colcon.colcon_core.environment:checking '/home/fourdds/ros2_ws/install/base_station/lib/python3.10/site-packages'
[0.864s] Level 1:colcon.colcon_core.environment:checking '/home/fourdds/ros2_ws/install/base_station/bin'
[0.865s] INFO:colcon.colcon_core.shell:Creating package script '/home/fourdds/ros2_ws/install/base_station/share/base_station/package.ps1'
[0.866s] INFO:colcon.colcon_core.shell:Creating package descriptor '/home/fourdds/ros2_ws/install/base_station/share/base_station/package.dsv'
[0.867s] INFO:colcon.colcon_core.shell:Creating package script '/home/fourdds/ros2_ws/install/base_station/share/base_station/package.sh'
[0.869s] INFO:colcon.colcon_core.shell:Creating package script '/home/fourdds/ros2_ws/install/base_station/share/base_station/package.bash'
[0.871s] INFO:colcon.colcon_core.shell:Creating package script '/home/fourdds/ros2_ws/install/base_station/share/base_station/package.zsh'
[0.872s] Level 1:colcon.colcon_core.environment:create_file_with_runtime_dependencies(/home/fourdds/ros2_ws/install/base_station/share/colcon-core/packages/base_station)
[0.877s] Level 1:colcon.colcon_core.environment:create_environment_scripts_only(stigmergy_map)
[0.878s] Level 1:colcon.colcon_core.environment:checking '/home/fourdds/ros2_ws/install/stigmergy_map' for CMake module files
[0.880s] Level 1:colcon.colcon_core.environment:checking '/home/fourdds/ros2_ws/install/stigmergy_map' for CMake config files
[0.881s] Level 1:colcon.colcon_core.shell:create_environment_hook('stigmergy_map', 'cmake_prefix_path')
[0.881s] INFO:colcon.colcon_core.shell:Creating environment hook '/home/fourdds/ros2_ws/install/stigmergy_map/share/stigmergy_map/hook/cmake_prefix_path.ps1'
[0.882s] INFO:colcon.colcon_core.shell:Creating environment descriptor '/home/fourdds/ros2_ws/install/stigmergy_map/share/stigmergy_map/hook/cmake_prefix_path.dsv'
[0.884s] INFO:colcon.colcon_core.shell:Creating environment hook '/home/fourdds/ros2_ws/install/stigmergy_map/share/stigmergy_map/hook/cmake_prefix_path.sh'
[0.886s] Level 1:colcon.colcon_core.environment:checking '/home/fourdds/ros2_ws/install/stigmergy_map/lib'
[0.886s] Level 1:colcon.colcon_core.environment:checking '/home/fourdds/ros2_ws/install/stigmergy_map/bin'
[0.886s] Level 1:colcon.colcon_core.environment:checking '/home/fourdds/ros2_ws/install/stigmergy_map/lib/pkgconfig/stigmergy_map.pc'
[0.886s] Level 1:colcon.colcon_core.environment:checking '/home/fourdds/ros2_ws/install/stigmergy_map/lib/python3.10/site-packages'
[0.887s] Level 1:colcon.colcon_core.environment:checking '/home/fourdds/ros2_ws/install/stigmergy_map/bin'
[0.888s] INFO:colcon.colcon_core.shell:Creating package script '/home/fourdds/ros2_ws/install/stigmergy_map/share/stigmergy_map/package.ps1'
[0.889s] INFO:colcon.colcon_core.shell:Creating package descriptor '/home/fourdds/ros2_ws/install/stigmergy_map/share/stigmergy_map/package.dsv'
[0.890s] INFO:colcon.colcon_core.shell:Creating package script '/home/fourdds/ros2_ws/install/stigmergy_map/share/stigmergy_map/package.sh'
[0.892s] INFO:colcon.colcon_core.shell:Creating package script '/home/fourdds/ros2_ws/install/stigmergy_map/share/stigmergy_map/package.bash'
[0.894s] INFO:colcon.colcon_core.shell:Creating package script '/home/fourdds/ros2_ws/install/stigmergy_map/share/stigmergy_map/package.zsh'
[0.896s] Level 1:colcon.colcon_core.environment:create_file_with_runtime_dependencies(/home/fourdds/ros2_ws/install/stigmergy_map/share/colcon-core/packages/stigmergy_map)
[0.905s] Level 1:colcon.colcon_core.environment:create_environment_scripts_only(target_detection)
[0.906s] Level 1:colcon.colcon_core.environment:checking '/home/fourdds/ros2_ws/install/target_detection' for CMake module files
[0.908s] Level 1:colcon.colcon_core.environment:checking '/home/fourdds/ros2_ws/install/target_detection' for CMake config files
[0.910s] DEBUG:colcon.colcon_core.event_handler.log_command:Invoking command in '/home/fourdds/ros2_ws/build/obstacle_avoidance': AMENT_PREFIX_PATH=/home/fourdds/ros2_ws/install/parameters:${AMENT_PREFIX_PATH} CMAKE_PREFIX_PATH=/home/fourdds/ros2_ws/install/parameters:/opt/ros/humble LD_LIBRARY_PATH=/home/fourdds/ros2_ws/install/parameters/lib:${LD_LIBRARY_PATH} /usr/bin/cmake --build /home/fourdds/ros2_ws/build/obstacle_avoidance -- -j16 -l16
[0.912s] Level 1:colcon.colcon_core.shell:create_environment_hook('target_detection', 'cmake_prefix_path')
[0.912s] INFO:colcon.colcon_core.shell:Creating environment hook '/home/fourdds/ros2_ws/install/target_detection/share/target_detection/hook/cmake_prefix_path.ps1'
[0.914s] INFO:colcon.colcon_core.shell:Creating environment descriptor '/home/fourdds/ros2_ws/install/target_detection/share/target_detection/hook/cmake_prefix_path.dsv'
[0.915s] INFO:colcon.colcon_core.shell:Creating environment hook '/home/fourdds/ros2_ws/install/target_detection/share/target_detection/hook/cmake_prefix_path.sh'
[0.916s] Level 1:colcon.colcon_core.environment:checking '/home/fourdds/ros2_ws/install/target_detection/lib'
[0.917s] Level 1:colcon.colcon_core.environment:checking '/home/fourdds/ros2_ws/install/target_detection/bin'
[0.917s] Level 1:colcon.colcon_core.environment:checking '/home/fourdds/ros2_ws/install/target_detection/lib/pkgconfig/target_detection.pc'
[0.917s] Level 1:colcon.colcon_core.environment:checking '/home/fourdds/ros2_ws/install/target_detection/lib/python3.10/site-packages'
[0.918s] Level 1:colcon.colcon_core.environment:checking '/home/fourdds/ros2_ws/install/target_detection/bin'
[0.918s] INFO:colcon.colcon_core.shell:Creating package script '/home/fourdds/ros2_ws/install/target_detection/share/target_detection/package.ps1'
[0.919s] INFO:colcon.colcon_core.shell:Creating package descriptor '/home/fourdds/ros2_ws/install/target_detection/share/target_detection/package.dsv'
[0.920s] INFO:colcon.colcon_core.shell:Creating package script '/home/fourdds/ros2_ws/install/target_detection/share/target_detection/package.sh'
[0.921s] INFO:colcon.colcon_core.shell:Creating package script '/home/fourdds/ros2_ws/install/target_detection/share/target_detection/package.bash'
[0.922s] INFO:colcon.colcon_core.shell:Creating package script '/home/fourdds/ros2_ws/install/target_detection/share/target_detection/package.zsh'
[0.923s] Level 1:colcon.colcon_core.environment:create_file_with_runtime_dependencies(/home/fourdds/ros2_ws/install/target_detection/share/colcon-core/packages/target_detection)
[0.996s] DEBUG:colcon.colcon_core.event_handler.log_command:Invoked command in '/home/fourdds/ros2_ws/build/obstacle_avoidance' returned '0': AMENT_PREFIX_PATH=/home/fourdds/ros2_ws/install/parameters:${AMENT_PREFIX_PATH} CMAKE_PREFIX_PATH=/home/fourdds/ros2_ws/install/parameters:/opt/ros/humble LD_LIBRARY_PATH=/home/fourdds/ros2_ws/install/parameters/lib:${LD_LIBRARY_PATH} /usr/bin/cmake --build /home/fourdds/ros2_ws/build/obstacle_avoidance -- -j16 -l16
[1.038s] DEBUG:colcon.colcon_core.event_handler.log_command:Invoking command in '/home/fourdds/ros2_ws/build/obstacle_avoidance': AMENT_PREFIX_PATH=/home/fourdds/ros2_ws/install/parameters:${AMENT_PREFIX_PATH} CMAKE_PREFIX_PATH=/home/fourdds/ros2_ws/install/parameters:/opt/ros/humble LD_LIBRARY_PATH=/home/fourdds/ros2_ws/install/parameters/lib:${LD_LIBRARY_PATH} /usr/bin/cmake --install /home/fourdds/ros2_ws/build/obstacle_avoidance
[1.072s] Level 1:colcon.colcon_core.environment:create_environment_scripts_only(obstacle_avoidance)
[1.073s] Level 1:colcon.colcon_core.environment:checking '/home/fourdds/ros2_ws/install/obstacle_avoidance' for CMake module files
[1.074s] DEBUG:colcon.colcon_core.event_handler.log_command:Invoked command in '/home/fourdds/ros2_ws/build/obstacle_avoidance' returned '0': AMENT_PREFIX_PATH=/home/fourdds/ros2_ws/install/parameters:${AMENT_PREFIX_PATH} CMAKE_PREFIX_PATH=/home/fourdds/ros2_ws/install/parameters:/opt/ros/humble LD_LIBRARY_PATH=/home/fourdds/ros2_ws/install/parameters/lib:${LD_LIBRARY_PATH} /usr/bin/cmake --install /home/fourdds/ros2_ws/build/obstacle_avoidance
[1.075s] Level 1:colcon.colcon_core.environment:checking '/home/fourdds/ros2_ws/install/obstacle_avoidance' for CMake config files
[1.076s] Level 1:colcon.colcon_core.shell:create_environment_hook('obstacle_avoidance', 'cmake_prefix_path')
[1.076s] INFO:colcon.colcon_core.shell:Creating environment hook '/home/fourdds/ros2_ws/install/obstacle_avoidance/share/obstacle_avoidance/hook/cmake_prefix_path.ps1'
[1.078s] INFO:colcon.colcon_core.shell:Creating environment descriptor '/home/fourdds/ros2_ws/install/obstacle_avoidance/share/obstacle_avoidance/hook/cmake_prefix_path.dsv'
[1.079s] INFO:colcon.colcon_core.shell:Creating environment hook '/home/fourdds/ros2_ws/install/obstacle_avoidance/share/obstacle_avoidance/hook/cmake_prefix_path.sh'
[1.080s] Level 1:colcon.colcon_core.environment:checking '/home/fourdds/ros2_ws/install/obstacle_avoidance/lib'
[1.080s] Level 1:colcon.colcon_core.environment:checking '/home/fourdds/ros2_ws/install/obstacle_avoidance/bin'
[1.080s] Level 1:colcon.colcon_core.environment:checking '/home/fourdds/ros2_ws/install/obstacle_avoidance/lib/pkgconfig/obstacle_avoidance.pc'
[1.081s] Level 1:colcon.colcon_core.environment:checking '/home/fourdds/ros2_ws/install/obstacle_avoidance/lib/python3.10/site-packages'
[1.081s] Level 1:colcon.colcon_core.environment:checking '/home/fourdds/ros2_ws/install/obstacle_avoidance/bin'
[1.082s] INFO:colcon.colcon_core.shell:Creating package script '/home/fourdds/ros2_ws/install/obstacle_avoidance/share/obstacle_avoidance/package.ps1'
[1.083s] INFO:colcon.colcon_core.shell:Creating package descriptor '/home/fourdds/ros2_ws/install/obstacle_avoidance/share/obstacle_avoidance/package.dsv'
[1.084s] INFO:colcon.colcon_core.shell:Creating package script '/home/fourdds/ros2_ws/install/obstacle_avoidance/share/obstacle_avoidance/package.sh'
[1.085s] INFO:colcon.colcon_core.shell:Creating package script '/home/fourdds/ros2_ws/install/obstacle_avoidance/share/obstacle_avoidance/package.bash'
[1.086s] INFO:colcon.colcon_core.shell:Creating package script '/home/fourdds/ros2_ws/install/obstacle_avoidance/share/obstacle_avoidance/package.zsh'
[1.087s] Level 1:colcon.colcon_core.environment:create_file_with_runtime_dependencies(/home/fourdds/ros2_ws/install/obstacle_avoidance/share/colcon-core/packages/obstacle_avoidance)
[1.128s] Level 1:colcon.colcon_core.environment:create_environment_scripts_only(obstacle_avoidance)
[1.129s] Level 1:colcon.colcon_core.environment:checking '/home/fourdds/ros2_ws/install/obstacle_avoidance' for CMake module files
[1.129s] Level 1:colcon.colcon_core.environment:checking '/home/fourdds/ros2_ws/install/obstacle_avoidance' for CMake config files
[1.130s] Level 1:colcon.colcon_core.shell:create_environment_hook('obstacle_avoidance', 'cmake_prefix_path')
[1.130s] INFO:colcon.colcon_core.shell:Creating environment hook '/home/fourdds/ros2_ws/install/obstacle_avoidance/share/obstacle_avoidance/hook/cmake_prefix_path.ps1'
[1.131s] INFO:colcon.colcon_core.shell:Creating environment descriptor '/home/fourdds/ros2_ws/install/obstacle_avoidance/share/obstacle_avoidance/hook/cmake_prefix_path.dsv'
[1.132s] INFO:colcon.colcon_core.shell:Creating environment hook '/home/fourdds/ros2_ws/install/obstacle_avoidance/share/obstacle_avoidance/hook/cmake_prefix_path.sh'
[1.133s] Level 1:colcon.colcon_core.environment:checking '/home/fourdds/ros2_ws/install/obstacle_avoidance/lib'
[1.134s] Level 1:colcon.colcon_core.environment:checking '/home/fourdds/ros2_ws/install/obstacle_avoidance/bin'
[1.134s] Level 1:colcon.colcon_core.environment:checking '/home/fourdds/ros2_ws/install/obstacle_avoidance/lib/pkgconfig/obstacle_avoidance.pc'
[1.134s] Level 1:colcon.colcon_core.environment:checking '/home/fourdds/ros2_ws/install/obstacle_avoidance/lib/python3.10/site-packages'
[1.134s] Level 1:colcon.colcon_core.environment:checking '/home/fourdds/ros2_ws/install/obstacle_avoidance/bin'
[1.135s] INFO:colcon.colcon_core.shell:Creating package script '/home/fourdds/ros2_ws/install/obstacle_avoidance/share/obstacle_avoidance/package.ps1'
[1.136s] INFO:colcon.colcon_core.shell:Creating package descriptor '/home/fourdds/ros2_ws/install/obstacle_avoidance/share/obstacle_avoidance/package.dsv'
[1.137s] INFO:colcon.colcon_core.shell:Creating package script '/home/fourdds/ros2_ws/install/obstacle_avoidance/share/obstacle_avoidance/package.sh'
[1.138s] INFO:colcon.colcon_core.shell:Creating package script '/home/fourdds/ros2_ws/install/obstacle_avoidance/share/obstacle_avoidance/package.bash'
[1.139s] INFO:colcon.colcon_core.shell:Creating package script '/home/fourdds/ros2_ws/install/obstacle_avoidance/share/obstacle_avoidance/package.zsh'
[1.140s] Level 1:colcon.colcon_core.environment:create_file_with_runtime_dependencies(/home/fourdds/ros2_ws/install/obstacle_avoidance/share/colcon-core/packages/obstacle_avoidance)
[1.310s] DEBUG:colcon.colcon_core.event_handler.log_command:Invoked command in '/home/fourdds/ros2_ws/build/stigmergy' returned '1': CMAKE_PREFIX_PATH=/opt/ros/humble /usr/bin/cmake /home/fourdds/ros2_ws/src/stigmergy -DAMENT_CMAKE_SYMLINK_INSTALL=1 -DCMAKE_INSTALL_PREFIX=/home/fourdds/ros2_ws/install/stigmergy
[1.325s] Level 1:colcon.colcon_core.environment:create_environment_scripts_only(stigmergy)
[1.327s] Level 1:colcon.colcon_core.environment:checking '/home/fourdds/ros2_ws/install/stigmergy' for CMake module files
[1.327s] Level 1:colcon.colcon_core.environment:checking '/home/fourdds/ros2_ws/install/stigmergy' for CMake config files
[1.328s] Level 1:colcon.colcon_core.environment:checking '/home/fourdds/ros2_ws/install/stigmergy/bin'
[1.328s] Level 1:colcon.colcon_core.environment:checking '/home/fourdds/ros2_ws/install/stigmergy/lib/pkgconfig/stigmergy.pc'
[1.328s] Level 1:colcon.colcon_core.environment:checking '/home/fourdds/ros2_ws/install/stigmergy/lib/python3.10/site-packages'
[1.328s] Level 1:colcon.colcon_core.environment:checking '/home/fourdds/ros2_ws/install/stigmergy/bin'
[1.329s] INFO:colcon.colcon_core.shell:Creating package script '/home/fourdds/ros2_ws/install/stigmergy/share/stigmergy/package.ps1'
[1.330s] INFO:colcon.colcon_core.shell:Creating package descriptor '/home/fourdds/ros2_ws/install/stigmergy/share/stigmergy/package.dsv'
[1.330s] INFO:colcon.colcon_core.shell:Creating package script '/home/fourdds/ros2_ws/install/stigmergy/share/stigmergy/package.sh'
[1.331s] INFO:colcon.colcon_core.shell:Creating package script '/home/fourdds/ros2_ws/install/stigmergy/share/stigmergy/package.bash'
[1.331s] INFO:colcon.colcon_core.shell:Creating package script '/home/fourdds/ros2_ws/install/stigmergy/share/stigmergy/package.zsh'
[1.332s] Level 1:colcon.colcon_core.environment:create_file_with_runtime_dependencies(/home/fourdds/ros2_ws/install/stigmergy/share/colcon-core/packages/stigmergy)
[1.382s] DEBUG:colcon.colcon_core.event_handler.log_command:Invoked command in '/home/fourdds/ros2_ws/build/px4_msgs' returned '2': CMAKE_PREFIX_PATH=/opt/ros/humble /usr/bin/cmake --build /home/fourdds/ros2_ws/build/px4_msgs -- -j16 -l16
[1.403s] DEBUG:colcon.colcon_core.event_handler.log_command:Invoked command in '/home/fourdds/ros2_ws/build/fdds_messages' returned '2': CMAKE_PREFIX_PATH=/opt/ros/humble /usr/bin/cmake --build /home/fourdds/ros2_ws/build/fdds_messages -- -j16 -l16
[1.470s] DEBUG:colcon.colcon_core.event_handler.log_command:Invoked command in '/home/fourdds/ros2_ws/build/drone' returned '0': CMAKE_PREFIX_PATH=/opt/ros/humble /usr/bin/cmake /home/fourdds/ros2_ws/src/drone -DAMENT_CMAKE_SYMLINK_INSTALL=1 -DCMAKE_INSTALL_PREFIX=/home/fourdds/ros2_ws/install/drone
[1.475s] DEBUG:colcon.colcon_core.event_handler.log_command:Invoking command in '/home/fourdds/ros2_ws/build/drone': CMAKE_PREFIX_PATH=/opt/ros/humble /usr/bin/cmake --build /home/fourdds/ros2_ws/build/drone -- -j16 -l16
[1.506s] Level 1:colcon.colcon_core.environment:create_environment_scripts_only(fdds_messages)
[1.507s] Level 1:colcon.colcon_core.environment:checking '/home/fourdds/ros2_ws/install/fdds_messages' for CMake module files
[1.508s] Level 1:colcon.colcon_core.environment:checking '/home/fourdds/ros2_ws/install/fdds_messages' for CMake config files
[1.509s] Level 1:colcon.colcon_core.shell:create_environment_hook('fdds_messages', 'cmake_prefix_path')
[1.509s] INFO:colcon.colcon_core.shell:Creating environment hook '/home/fourdds/ros2_ws/install/fdds_messages/share/fdds_messages/hook/cmake_prefix_path.ps1'
[1.510s] INFO:colcon.colcon_core.shell:Creating environment descriptor '/home/fourdds/ros2_ws/install/fdds_messages/share/fdds_messages/hook/cmake_prefix_path.dsv'
[1.511s] INFO:colcon.colcon_core.shell:Creating environment hook '/home/fourdds/ros2_ws/install/fdds_messages/share/fdds_messages/hook/cmake_prefix_path.sh'
[1.511s] Level 1:colcon.colcon_core.environment:checking '/home/fourdds/ros2_ws/install/fdds_messages/lib'
[1.511s] Level 1:colcon.colcon_core.shell:create_environment_hook('fdds_messages', 'ld_library_path_lib')
[1.512s] INFO:colcon.colcon_core.shell:Creating environment hook '/home/fourdds/ros2_ws/install/fdds_messages/share/fdds_messages/hook/ld_library_path_lib.ps1'
[1.512s] INFO:colcon.colcon_core.shell:Creating environment descriptor '/home/fourdds/ros2_ws/install/fdds_messages/share/fdds_messages/hook/ld_library_path_lib.dsv'
[1.513s] INFO:colcon.colcon_core.shell:Creating environment hook '/home/fourdds/ros2_ws/install/fdds_messages/share/fdds_messages/hook/ld_library_path_lib.sh'
[1.513s] Level 1:colcon.colcon_core.environment:checking '/home/fourdds/ros2_ws/install/fdds_messages/bin'
[1.514s] Level 1:colcon.colcon_core.environment:checking '/home/fourdds/ros2_ws/install/fdds_messages/lib/pkgconfig/fdds_messages.pc'
[1.514s] Level 1:colcon.colcon_core.environment:checking '/home/fourdds/ros2_ws/install/fdds_messages/lib/python3.10/site-packages'
[1.514s] Level 1:colcon.colcon_core.environment:checking '/home/fourdds/ros2_ws/install/fdds_messages/bin'
[1.514s] INFO:colcon.colcon_core.shell:Creating package script '/home/fourdds/ros2_ws/install/fdds_messages/share/fdds_messages/package.ps1'
[1.516s] INFO:colcon.colcon_core.shell:Creating package descriptor '/home/fourdds/ros2_ws/install/fdds_messages/share/fdds_messages/package.dsv'
[1.517s] INFO:colcon.colcon_core.shell:Creating package script '/home/fourdds/ros2_ws/install/fdds_messages/share/fdds_messages/package.sh'
[1.517s] INFO:colcon.colcon_core.shell:Creating package script '/home/fourdds/ros2_ws/install/fdds_messages/share/fdds_messages/package.bash'
[1.518s] INFO:colcon.colcon_core.shell:Creating package script '/home/fourdds/ros2_ws/install/fdds_messages/share/fdds_messages/package.zsh'
[1.518s] Level 1:colcon.colcon_core.environment:create_file_with_runtime_dependencies(/home/fourdds/ros2_ws/install/fdds_messages/share/colcon-core/packages/fdds_messages)
[1.525s] DEBUG:colcon.colcon_core.event_handler.log_command:Invoking command in '/home/fourdds/ros2_ws/build/analysis': PYTHONPATH=/home/fourdds/ros2_ws/build/analysis/prefix_override:/usr/lib/python3/dist-packages/colcon_core/task/python/colcon_distutils_commands:/home/fourdds/ros2_ws/install/analysis/lib/python3.10/site-packages:${PYTHONPATH} /usr/bin/python3 -W ignore:setup.py install is deprecated setup.py develop --editable --build-directory /home/fourdds/ros2_ws/build/analysis/build --no-deps symlink_data
[2.141s] Level 1:colcon.colcon_core.shell:create_environment_hook('analysis', 'pythonpath_develop')
[2.141s] INFO:colcon.colcon_core.shell:Creating environment hook '/home/fourdds/ros2_ws/build/analysis/share/analysis/hook/pythonpath_develop.ps1'
[2.142s] DEBUG:colcon.colcon_core.event_handler.log_command:Invoked command in '/home/fourdds/ros2_ws/build/analysis' returned '0': PYTHONPATH=/home/fourdds/ros2_ws/build/analysis/prefix_override:/usr/lib/python3/dist-packages/colcon_core/task/python/colcon_distutils_commands:/home/fourdds/ros2_ws/install/analysis/lib/python3.10/site-packages:${PYTHONPATH} /usr/bin/python3 -W ignore:setup.py install is deprecated setup.py develop --editable --build-directory /home/fourdds/ros2_ws/build/analysis/build --no-deps symlink_data
[2.143s] INFO:colcon.colcon_core.shell:Creating environment descriptor '/home/fourdds/ros2_ws/build/analysis/share/analysis/hook/pythonpath_develop.dsv'
[2.144s] INFO:colcon.colcon_core.shell:Creating environment hook '/home/fourdds/ros2_ws/build/analysis/share/analysis/hook/pythonpath_develop.sh'
[2.145s] Level 1:colcon.colcon_core.environment:checking '/home/fourdds/ros2_ws/install/analysis' for CMake module files
[2.146s] Level 1:colcon.colcon_core.environment:checking '/home/fourdds/ros2_ws/install/analysis' for CMake config files
[2.147s] Level 1:colcon.colcon_core.environment:checking '/home/fourdds/ros2_ws/install/analysis/lib'
[2.147s] Level 1:colcon.colcon_core.environment:checking '/home/fourdds/ros2_ws/install/analysis/bin'
[2.147s] Level 1:colcon.colcon_core.environment:checking '/home/fourdds/ros2_ws/install/analysis/lib/pkgconfig/analysis.pc'
[2.148s] Level 1:colcon.colcon_core.environment:checking '/home/fourdds/ros2_ws/install/analysis/lib/python3.10/site-packages'
[2.148s] Level 1:colcon.colcon_core.shell:create_environment_hook('analysis', 'pythonpath')
[2.148s] INFO:colcon.colcon_core.shell:Creating environment hook '/home/fourdds/ros2_ws/install/analysis/share/analysis/hook/pythonpath.ps1'
[2.149s] INFO:colcon.colcon_core.shell:Creating environment descriptor '/home/fourdds/ros2_ws/install/analysis/share/analysis/hook/pythonpath.dsv'
[2.150s] INFO:colcon.colcon_core.shell:Creating environment hook '/home/fourdds/ros2_ws/install/analysis/share/analysis/hook/pythonpath.sh'
[2.151s] Level 1:colcon.colcon_core.environment:checking '/home/fourdds/ros2_ws/install/analysis/bin'
[2.152s] Level 1:colcon.colcon_core.environment:create_environment_scripts_only(analysis)
[2.152s] INFO:colcon.colcon_core.shell:Creating package script '/home/fourdds/ros2_ws/install/analysis/share/analysis/package.ps1'
[2.153s] INFO:colcon.colcon_core.shell:Creating package descriptor '/home/fourdds/ros2_ws/install/analysis/share/analysis/package.dsv'
[2.154s] INFO:colcon.colcon_core.shell:Creating package script '/home/fourdds/ros2_ws/install/analysis/share/analysis/package.sh'
[2.155s] INFO:colcon.colcon_core.shell:Creating package script '/home/fourdds/ros2_ws/install/analysis/share/analysis/package.bash'
[2.156s] INFO:colcon.colcon_core.shell:Creating package script '/home/fourdds/ros2_ws/install/analysis/share/analysis/package.zsh'
[2.157s] Level 1:colcon.colcon_core.environment:create_file_with_runtime_dependencies(/home/fourdds/ros2_ws/install/analysis/share/colcon-core/packages/analysis)
[7.845s] Level 1:colcon.colcon_core.environment:create_environment_scripts_only(px4_msgs)
[7.845s] Level 1:colcon.colcon_core.environment:checking '/home/fourdds/ros2_ws/install/px4_msgs' for CMake module files
[7.846s] Level 1:colcon.colcon_core.environment:checking '/home/fourdds/ros2_ws/install/px4_msgs' for CMake config files
[7.849s] Level 1:colcon.colcon_core.shell:create_environment_hook('px4_msgs', 'cmake_prefix_path')
[7.849s] INFO:colcon.colcon_core.shell:Creating environment hook '/home/fourdds/ros2_ws/install/px4_msgs/share/px4_msgs/hook/cmake_prefix_path.ps1'
[7.850s] INFO:colcon.colcon_core.shell:Creating environment descriptor '/home/fourdds/ros2_ws/install/px4_msgs/share/px4_msgs/hook/cmake_prefix_path.dsv'
[7.852s] INFO:colcon.colcon_core.shell:Creating environment hook '/home/fourdds/ros2_ws/install/px4_msgs/share/px4_msgs/hook/cmake_prefix_path.sh'
[7.853s] Level 1:colcon.colcon_core.environment:checking '/home/fourdds/ros2_ws/install/px4_msgs/lib'
[7.854s] Level 1:colcon.colcon_core.shell:create_environment_hook('px4_msgs', 'ld_library_path_lib')
[7.854s] INFO:colcon.colcon_core.shell:Creating environment hook '/home/fourdds/ros2_ws/install/px4_msgs/share/px4_msgs/hook/ld_library_path_lib.ps1'
[7.855s] INFO:colcon.colcon_core.shell:Creating environment descriptor '/home/fourdds/ros2_ws/install/px4_msgs/share/px4_msgs/hook/ld_library_path_lib.dsv'
[7.856s] INFO:colcon.colcon_core.shell:Creating environment hook '/home/fourdds/ros2_ws/install/px4_msgs/share/px4_msgs/hook/ld_library_path_lib.sh'
[7.858s] Level 1:colcon.colcon_core.environment:checking '/home/fourdds/ros2_ws/install/px4_msgs/bin'
[7.858s] Level 1:colcon.colcon_core.environment:checking '/home/fourdds/ros2_ws/install/px4_msgs/lib/pkgconfig/px4_msgs.pc'
[7.858s] Level 1:colcon.colcon_core.environment:checking '/home/fourdds/ros2_ws/install/px4_msgs/lib/python3.10/site-packages'
[7.859s] Level 1:colcon.colcon_core.environment:checking '/home/fourdds/ros2_ws/install/px4_msgs/bin'
[7.859s] INFO:colcon.colcon_core.shell:Creating package script '/home/fourdds/ros2_ws/install/px4_msgs/share/px4_msgs/package.ps1'
[7.861s] INFO:colcon.colcon_core.shell:Creating package descriptor '/home/fourdds/ros2_ws/install/px4_msgs/share/px4_msgs/package.dsv'
[7.862s] INFO:colcon.colcon_core.shell:Creating package script '/home/fourdds/ros2_ws/install/px4_msgs/share/px4_msgs/package.sh'
[7.863s] INFO:colcon.colcon_core.shell:Creating package script '/home/fourdds/ros2_ws/install/px4_msgs/share/px4_msgs/package.bash'
[7.865s] INFO:colcon.colcon_core.shell:Creating package script '/home/fourdds/ros2_ws/install/px4_msgs/share/px4_msgs/package.zsh'
[7.866s] Level 1:colcon.colcon_core.environment:create_file_with_runtime_dependencies(/home/fourdds/ros2_ws/install/px4_msgs/share/colcon-core/packages/px4_msgs)
[29.812s] DEBUG:colcon.colcon_core.event_handler.log_command:Invoked command in '/home/fourdds/ros2_ws/build/drone' returned '0': CMAKE_PREFIX_PATH=/opt/ros/humble /usr/bin/cmake --build /home/fourdds/ros2_ws/build/drone -- -j16 -l16
[29.846s] DEBUG:colcon.colcon_core.event_handler.log_command:Invoking command in '/home/fourdds/ros2_ws/build/drone': CMAKE_PREFIX_PATH=/opt/ros/humble /usr/bin/cmake --install /home/fourdds/ros2_ws/build/drone
[29.866s] Level 1:colcon.colcon_core.environment:create_environment_scripts_only(drone)
[29.867s] Level 1:colcon.colcon_core.environment:checking '/home/fourdds/ros2_ws/install/drone' for CMake module files
[29.868s] DEBUG:colcon.colcon_core.event_handler.log_command:Invoked command in '/home/fourdds/ros2_ws/build/drone' returned '0': CMAKE_PREFIX_PATH=/opt/ros/humble /usr/bin/cmake --install /home/fourdds/ros2_ws/build/drone
[29.868s] Level 1:colcon.colcon_core.environment:checking '/home/fourdds/ros2_ws/install/drone' for CMake config files
[29.869s] Level 1:colcon.colcon_core.shell:create_environment_hook('drone', 'cmake_prefix_path')
[29.869s] INFO:colcon.colcon_core.shell:Creating environment hook '/home/fourdds/ros2_ws/install/drone/share/drone/hook/cmake_prefix_path.ps1'
[29.870s] INFO:colcon.colcon_core.shell:Creating environment descriptor '/home/fourdds/ros2_ws/install/drone/share/drone/hook/cmake_prefix_path.dsv'
[29.870s] INFO:colcon.colcon_core.shell:Creating environment hook '/home/fourdds/ros2_ws/install/drone/share/drone/hook/cmake_prefix_path.sh'
[29.871s] Level 1:colcon.colcon_core.environment:checking '/home/fourdds/ros2_ws/install/drone/lib'
[29.871s] Level 1:colcon.colcon_core.environment:checking '/home/fourdds/ros2_ws/install/drone/bin'
[29.871s] Level 1:colcon.colcon_core.environment:checking '/home/fourdds/ros2_ws/install/drone/lib/pkgconfig/drone.pc'
[29.871s] Level 1:colcon.colcon_core.environment:checking '/home/fourdds/ros2_ws/install/drone/lib/python3.10/site-packages'
[29.872s] Level 1:colcon.colcon_core.environment:checking '/home/fourdds/ros2_ws/install/drone/bin'
[29.872s] INFO:colcon.colcon_core.shell:Creating package script '/home/fourdds/ros2_ws/install/drone/share/drone/package.ps1'
[29.873s] INFO:colcon.colcon_core.shell:Creating package descriptor '/home/fourdds/ros2_ws/install/drone/share/drone/package.dsv'
[29.873s] INFO:colcon.colcon_core.shell:Creating package script '/home/fourdds/ros2_ws/install/drone/share/drone/package.sh'
[29.874s] INFO:colcon.colcon_core.shell:Creating package script '/home/fourdds/ros2_ws/install/drone/share/drone/package.bash'
[29.875s] INFO:colcon.colcon_core.shell:Creating package script '/home/fourdds/ros2_ws/install/drone/share/drone/package.zsh'
[29.875s] Level 1:colcon.colcon_core.environment:create_file_with_runtime_dependencies(/home/fourdds/ros2_ws/install/drone/share/colcon-core/packages/drone)
[29.912s] Level 1:colcon.colcon_core.environment:create_environment_scripts_only(drone)
[29.912s] Level 1:colcon.colcon_core.environment:checking '/home/fourdds/ros2_ws/install/drone' for CMake module files
[29.913s] Level 1:colcon.colcon_core.environment:checking '/home/fourdds/ros2_ws/install/drone' for CMake config files
[29.913s] Level 1:colcon.colcon_core.shell:create_environment_hook('drone', 'cmake_prefix_path')
[29.913s] INFO:colcon.colcon_core.shell:Creating environment hook '/home/fourdds/ros2_ws/install/drone/share/drone/hook/cmake_prefix_path.ps1'
[29.914s] INFO:colcon.colcon_core.shell:Creating environment descriptor '/home/fourdds/ros2_ws/install/drone/share/drone/hook/cmake_prefix_path.dsv'
[29.914s] INFO:colcon.colcon_core.shell:Creating environment hook '/home/fourdds/ros2_ws/install/drone/share/drone/hook/cmake_prefix_path.sh'
[29.915s] Level 1:colcon.colcon_core.environment:checking '/home/fourdds/ros2_ws/install/drone/lib'
[29.915s] Level 1:colcon.colcon_core.environment:checking '/home/fourdds/ros2_ws/install/drone/bin'
[29.915s] Level 1:colcon.colcon_core.environment:checking '/home/fourdds/ros2_ws/install/drone/lib/pkgconfig/drone.pc'
[29.915s] Level 1:colcon.colcon_core.environment:checking '/home/fourdds/ros2_ws/install/drone/lib/python3.10/site-packages'
[29.916s] Level 1:colcon.colcon_core.environment:checking '/home/fourdds/ros2_ws/install/drone/bin'
[29.916s] INFO:colcon.colcon_core.shell:Creating package script '/home/fourdds/ros2_ws/install/drone/share/drone/package.ps1'
[29.916s] INFO:colcon.colcon_core.shell:Creating package descriptor '/home/fourdds/ros2_ws/install/drone/share/drone/package.dsv'
[29.917s] INFO:colcon.colcon_core.shell:Creating package script '/home/fourdds/ros2_ws/install/drone/share/drone/package.sh'
[29.917s] INFO:colcon.colcon_core.shell:Creating package script '/home/fourdds/ros2_ws/install/drone/share/drone/package.bash'
[29.918s] INFO:colcon.colcon_core.shell:Creating package script '/home/fourdds/ros2_ws/install/drone/share/drone/package.zsh'
[29.919s] Level 1:colcon.colcon_core.environment:create_file_with_runtime_dependencies(/home/fourdds/ros2_ws/install/drone/share/colcon-core/packages/drone)
[29.930s] DEBUG:colcon.colcon_parallel_executor.executor.parallel:closing loop
[29.930s] DEBUG:colcon.colcon_parallel_executor.executor.parallel:loop closed
[29.930s] DEBUG:colcon.colcon_parallel_executor.executor.parallel:run_until_complete finished with '1'
[29.931s] DEBUG:colcon.colcon_core.event_reactor:joining thread
[29.941s] INFO:colcon.colcon_core.plugin_system:Skipping extension 'colcon_notification.desktop_notification.notify_send': Could not find 'notify-send'
[29.941s] INFO:colcon.colcon_core.plugin_system:Skipping extension 'colcon_notification.desktop_notification.terminal_notifier': Not used on non-Darwin systems
[29.941s] INFO:colcon.colcon_core.plugin_system:Skipping extension 'colcon_notification.desktop_notification.win32': Not used on non-Windows systems
[29.941s] INFO:colcon.colcon_notification.desktop_notification:Sending desktop notification using 'notify2'
[29.943s] DEBUG:colcon.colcon_notification.desktop_notification.notify2:Failed to initialize notify2: org.freedesktop.DBus.Error.ServiceUnknown: The name org.freedesktop.Notifications was not provided by any .service files
[29.943s] DEBUG:colcon.colcon_core.event_reactor:joined thread
[29.943s] INFO:colcon.colcon_core.shell:Creating prefix script '/home/fourdds/ros2_ws/install/local_setup.ps1'
[29.944s] INFO:colcon.colcon_core.shell:Creating prefix util module '/home/fourdds/ros2_ws/install/_local_setup_util_ps1.py'
[29.945s] INFO:colcon.colcon_core.shell:Creating prefix chain script '/home/fourdds/ros2_ws/install/setup.ps1'
[29.947s] INFO:colcon.colcon_core.shell:Creating prefix script '/home/fourdds/ros2_ws/install/local_setup.sh'
[29.948s] INFO:colcon.colcon_core.shell:Creating prefix util module '/home/fourdds/ros2_ws/install/_local_setup_util_sh.py'
[29.948s] INFO:colcon.colcon_core.shell:Creating prefix chain script '/home/fourdds/ros2_ws/install/setup.sh'
[29.949s] INFO:colcon.colcon_core.shell:Creating prefix script '/home/fourdds/ros2_ws/install/local_setup.bash'
[29.950s] INFO:colcon.colcon_core.shell:Creating prefix chain script '/home/fourdds/ros2_ws/install/setup.bash'
[29.951s] INFO:colcon.colcon_core.shell:Creating prefix script '/home/fourdds/ros2_ws/install/local_setup.zsh'
[29.952s] INFO:colcon.colcon_core.shell:Creating prefix chain script '/home/fourdds/ros2_ws/install/setup.zsh'
