[0.135s] Invoking command in '/home/fourdds/ros2_ws/build/stigmergy': CMAKE_PREFIX_PATH=${CMAKE_PREFIX_PATH}:/home/fourdds/ros2_ws/install/analysis:/opt/ros/humble /usr/bin/cmake /home/fourdds/ros2_ws/src/stigmergy -DCMAKE_INSTALL_PREFIX=/home/fourdds/ros2_ws/install/stigmergy
[0.151s] -- Found ament_cmake: 1.3.10 (/opt/ros/humble/share/ament_cmake/cmake)
[0.232s] -- Found rclcpp: 16.0.10 (/opt/ros/humble/share/rclcpp/cmake)
[0.254s] -- Found rosidl_generator_c: 3.1.5 (/opt/ros/humble/share/rosidl_generator_c/cmake)
[0.255s] -- Found rosidl_adapter: 3.1.5 (/opt/ros/humble/share/rosidl_adapter/cmake)
[0.258s] -- Found rosidl_generator_cpp: 3.1.5 (/opt/ros/humble/share/rosidl_generator_cpp/cmake)
[0.266s] -- Using all available rosidl_typesupport_c: rosidl_typesupport_fastrtps_c;rosidl_typesupport_introspection_c
[0.274s] -- Using all available rosidl_typesupport_cpp: rosidl_typesupport_fastrtps_cpp;rosidl_typesupport_introspection_cpp
[0.306s] -- Found rmw_implementation_cmake: 6.1.2 (/opt/ros/humble/share/rmw_implementation_cmake/cmake)
[0.307s] -- Found rmw_fastrtps_cpp: 6.2.7 (/opt/ros/humble/share/rmw_fastrtps_cpp/cmake)
[0.377s] -- Using RMW implementation 'rmw_fastrtps_cpp' as default
[0.422s] -- Found eigen3_cmake_module: 0.1.1 (/opt/ros/humble/share/eigen3_cmake_module/cmake)
[0.423s] -- Found rosidl_default_generators: 1.2.0 (/opt/ros/humble/share/rosidl_default_generators/cmake)
[0.432s] [31mCMake Error at CMakeLists.txt:15 (find_package):
[0.432s]   By not providing "Findstigmergy.cmake" in CMAKE_MODULE_PATH this project
[0.432s]   has asked CMake to find a package configuration file provided by
[0.432s]   "stigmergy", but CMake did not find one.
[0.432s] 
[0.432s]   Could not find a package configuration file provided by "stigmergy" with
[0.432s]   any of the following names:
[0.432s] 
[0.432s]     stigmergyConfig.cmake
[0.432s]     stigmergy-config.cmake
[0.432s] 
[0.432s]   Add the installation prefix of "stigmergy" to CMAKE_PREFIX_PATH or set
[0.432s]   "stigmergy_DIR" to a directory containing one of the above files.  If
[0.433s]   "stigmergy" provides a separate development package or SDK, be sure it has
[0.433s]   been installed.
[0.433s] 
[0.433s] [0m
[0.433s] -- Configuring incomplete, errors occurred!
[0.433s] See also "/home/fourdds/ros2_ws/build/stigmergy/CMakeFiles/CMakeOutput.log".
[0.438s] Invoked command in '/home/fourdds/ros2_ws/build/stigmergy' returned '1': CMAKE_PREFIX_PATH=${CMAKE_PREFIX_PATH}:/home/fourdds/ros2_ws/install/analysis:/opt/ros/humble /usr/bin/cmake /home/fourdds/ros2_ws/src/stigmergy -DCMAKE_INSTALL_PREFIX=/home/fourdds/ros2_ws/install/stigmergy
