In file included from [01m[K/home/fourdds/ros2_ws/src/boids/src/options.hpp:4[m[K,
                 from [01m[K/home/fourdds/ros2_ws/src/boids/src/uav_node.hpp:18[m[K,
                 from [01m[K/home/fourdds/ros2_ws/src/boids/src/uav_node.cpp:1[m[K:
[01m[K/home/fourdds/ros2_ws/src/boids/src/yaml.hpp:68:16:[m[K [01;31m[Kerror: [m[Kredefinition of ‘[01m[Kstruct Yaml::impl::StringConverter<T>[m[K’
   68 |         struct [01;31m[KStringConverter[m[K
      |                [01;31m[K^~~~~~~~~~~~~~~[m[K
In file included from [01m[K/home/fourdds/ros2_ws/install/parameters/include/parameters/Parameters.hpp:3[m[K,
                 from [01m[K/home/fourdds/ros2_ws/install/obstacle_avoidance/include/obstacle_avoidance/ObstacleAvoidance.hpp:3[m[K,
                 from [01m[K/home/fourdds/ros2_ws/src/boids/src/uav_node.hpp:15[m[K,
                 from [01m[K/home/fourdds/ros2_ws/src/boids/src/uav_node.cpp:1[m[K:
[01m[K/home/fourdds/ros2_ws/install/parameters/include/parameters/yaml.hpp:68:16:[m[K [01;36m[Knote: [m[Kprevious definition of ‘[01m[Kstruct Yaml::impl::StringConverter<T>[m[K’
   68 |         struct [01;36m[KStringConverter[m[K
      |                [01;36m[K^~~~~~~~~~~~~~~[m[K
In file included from [01m[K/home/fourdds/ros2_ws/src/boids/src/options.hpp:4[m[K,
                 from [01m[K/home/fourdds/ros2_ws/src/boids/src/uav_node.hpp:18[m[K,
                 from [01m[K/home/fourdds/ros2_ws/src/boids/src/uav_node.cpp:1[m[K:
[01m[K/home/fourdds/ros2_ws/src/boids/src/yaml.hpp:93:16:[m[K [01;31m[Kerror: [m[Kredefinition of ‘[01m[Kstruct Yaml::impl::StringConverter<std::__cxx11::basic_string<char> >[m[K’
   93 |         struct [01;31m[KStringConverter<std::string>[m[K
      |                [01;31m[K^~~~~~~~~~~~~~~~~~~~~~~~~~~~[m[K
In file included from [01m[K/home/fourdds/ros2_ws/install/parameters/include/parameters/Parameters.hpp:3[m[K,
                 from [01m[K/home/fourdds/ros2_ws/install/obstacle_avoidance/include/obstacle_avoidance/ObstacleAvoidance.hpp:3[m[K,
                 from [01m[K/home/fourdds/ros2_ws/src/boids/src/uav_node.hpp:15[m[K,
                 from [01m[K/home/fourdds/ros2_ws/src/boids/src/uav_node.cpp:1[m[K:
[01m[K/home/fourdds/ros2_ws/install/parameters/include/parameters/yaml.hpp:93:16:[m[K [01;36m[Knote: [m[Kprevious definition of ‘[01m[Kstruct Yaml::impl::StringConverter<std::__cxx11::basic_string<char> >[m[K’
   93 |         struct [01;36m[KStringConverter<std::string>[m[K
      |                [01;36m[K^~~~~~~~~~~~~~~~~~~~~~~~~~~~[m[K
In file included from [01m[K/home/fourdds/ros2_ws/src/boids/src/options.hpp:4[m[K,
                 from [01m[K/home/fourdds/ros2_ws/src/boids/src/uav_node.hpp:18[m[K,
                 from [01m[K/home/fourdds/ros2_ws/src/boids/src/uav_node.cpp:1[m[K:
[01m[K/home/fourdds/ros2_ws/src/boids/src/yaml.hpp:111:16:[m[K [01;31m[Kerror: [m[Kredefinition of ‘[01m[Kstruct Yaml::impl::StringConverter<bool>[m[K’
  111 |         struct [01;31m[KStringConverter<bool>[m[K
      |                [01;31m[K^~~~~~~~~~~~~~~~~~~~~[m[K
In file included from [01m[K/home/fourdds/ros2_ws/install/parameters/include/parameters/Parameters.hpp:3[m[K,
                 from [01m[K/home/fourdds/ros2_ws/install/obstacle_avoidance/include/obstacle_avoidance/ObstacleAvoidance.hpp:3[m[K,
                 from [01m[K/home/fourdds/ros2_ws/src/boids/src/uav_node.hpp:15[m[K,
                 from [01m[K/home/fourdds/ros2_ws/src/boids/src/uav_node.cpp:1[m[K:
[01m[K/home/fourdds/ros2_ws/install/parameters/include/parameters/yaml.hpp:111:16:[m[K [01;36m[Knote: [m[Kprevious definition of ‘[01m[Kstruct Yaml::impl::StringConverter<bool>[m[K’
  111 |         struct [01;36m[KStringConverter<bool>[m[K
      |                [01;36m[K^~~~~~~~~~~~~~~~~~~~~[m[K
In file included from [01m[K/home/fourdds/ros2_ws/src/boids/src/options.hpp:4[m[K,
                 from [01m[K/home/fourdds/ros2_ws/src/boids/src/uav_node.hpp:18[m[K,
                 from [01m[K/home/fourdds/ros2_ws/src/boids/src/uav_node.cpp:1[m[K:
[01m[K/home/fourdds/ros2_ws/src/boids/src/yaml.hpp:143:11:[m[K [01;31m[Kerror: [m[Kredefinition of ‘[01m[Kclass Yaml::Exception[m[K’
  143 |     class [01;31m[KException[m[K : public std::runtime_error
      |           [01;31m[K^~~~~~~~~[m[K
In file included from [01m[K/home/fourdds/ros2_ws/install/parameters/include/parameters/Parameters.hpp:3[m[K,
                 from [01m[K/home/fourdds/ros2_ws/install/obstacle_avoidance/include/obstacle_avoidance/ObstacleAvoidance.hpp:3[m[K,
                 from [01m[K/home/fourdds/ros2_ws/src/boids/src/uav_node.hpp:15[m[K,
                 from [01m[K/home/fourdds/ros2_ws/src/boids/src/uav_node.cpp:1[m[K:
[01m[K/home/fourdds/ros2_ws/install/parameters/include/parameters/yaml.hpp:143:11:[m[K [01;36m[Knote: [m[Kprevious definition of ‘[01m[Kclass Yaml::Exception[m[K’
  143 |     class [01;36m[KException[m[K : public std::runtime_error
      |           [01;36m[K^~~~~~~~~[m[K
In file included from [01m[K/home/fourdds/ros2_ws/src/boids/src/options.hpp:4[m[K,
                 from [01m[K/home/fourdds/ros2_ws/src/boids/src/uav_node.hpp:18[m[K,
                 from [01m[K/home/fourdds/ros2_ws/src/boids/src/uav_node.cpp:1[m[K:
[01m[K/home/fourdds/ros2_ws/src/boids/src/yaml.hpp:193:11:[m[K [01;31m[Kerror: [m[Kredefinition of ‘[01m[Kclass Yaml::InternalException[m[K’
  193 |     class [01;31m[KInternalException[m[K : public Exception
      |           [01;31m[K^~~~~~~~~~~~~~~~~[m[K
In file included from [01m[K/home/fourdds/ros2_ws/install/parameters/include/parameters/Parameters.hpp:3[m[K,
                 from [01m[K/home/fourdds/ros2_ws/install/obstacle_avoidance/include/obstacle_avoidance/ObstacleAvoidance.hpp:3[m[K,
                 from [01m[K/home/fourdds/ros2_ws/src/boids/src/uav_node.hpp:15[m[K,
                 from [01m[K/home/fourdds/ros2_ws/src/boids/src/uav_node.cpp:1[m[K:
[01m[K/home/fourdds/ros2_ws/install/parameters/include/parameters/yaml.hpp:193:11:[m[K [01;36m[Knote: [m[Kprevious definition of ‘[01m[Kclass Yaml::InternalException[m[K’
  193 |     class [01;36m[KInternalException[m[K : public Exception
      |           [01;36m[K^~~~~~~~~~~~~~~~~[m[K
In file included from [01m[K/home/fourdds/ros2_ws/src/boids/src/options.hpp:4[m[K,
                 from [01m[K/home/fourdds/ros2_ws/src/boids/src/uav_node.hpp:18[m[K,
                 from [01m[K/home/fourdds/ros2_ws/src/boids/src/uav_node.cpp:1[m[K:
[01m[K/home/fourdds/ros2_ws/src/boids/src/yaml.hpp:215:11:[m[K [01;31m[Kerror: [m[Kredefinition of ‘[01m[Kclass Yaml::ParsingException[m[K’
  215 |     class [01;31m[KParsingException[m[K : public Exception
      |           [01;31m[K^~~~~~~~~~~~~~~~[m[K
In file included from [01m[K/home/fourdds/ros2_ws/install/parameters/include/parameters/Parameters.hpp:3[m[K,
                 from [01m[K/home/fourdds/ros2_ws/install/obstacle_avoidance/include/obstacle_avoidance/ObstacleAvoidance.hpp:3[m[K,
                 from [01m[K/home/fourdds/ros2_ws/src/boids/src/uav_node.hpp:15[m[K,
                 from [01m[K/home/fourdds/ros2_ws/src/boids/src/uav_node.cpp:1[m[K:
[01m[K/home/fourdds/ros2_ws/install/parameters/include/parameters/yaml.hpp:215:11:[m[K [01;36m[Knote: [m[Kprevious definition of ‘[01m[Kclass Yaml::ParsingException[m[K’
  215 |     class [01;36m[KParsingException[m[K : public Exception
      |           [01;36m[K^~~~~~~~~~~~~~~~[m[K
In file included from [01m[K/home/fourdds/ros2_ws/src/boids/src/options.hpp:4[m[K,
                 from [01m[K/home/fourdds/ros2_ws/src/boids/src/uav_node.hpp:18[m[K,
                 from [01m[K/home/fourdds/ros2_ws/src/boids/src/uav_node.cpp:1[m[K:
[01m[K/home/fourdds/ros2_ws/src/boids/src/yaml.hpp:237:11:[m[K [01;31m[Kerror: [m[Kredefinition of ‘[01m[Kclass Yaml::OperationException[m[K’
  237 |     class [01;31m[KOperationException[m[K : public Exception
      |           [01;31m[K^~~~~~~~~~~~~~~~~~[m[K
In file included from [01m[K/home/fourdds/ros2_ws/install/parameters/include/parameters/Parameters.hpp:3[m[K,
                 from [01m[K/home/fourdds/ros2_ws/install/obstacle_avoidance/include/obstacle_avoidance/ObstacleAvoidance.hpp:3[m[K,
                 from [01m[K/home/fourdds/ros2_ws/src/boids/src/uav_node.hpp:15[m[K,
                 from [01m[K/home/fourdds/ros2_ws/src/boids/src/uav_node.cpp:1[m[K:
[01m[K/home/fourdds/ros2_ws/install/parameters/include/parameters/yaml.hpp:237:11:[m[K [01;36m[Knote: [m[Kprevious definition of ‘[01m[Kclass Yaml::OperationException[m[K’
  237 |     class [01;36m[KOperationException[m[K : public Exception
      |           [01;36m[K^~~~~~~~~~~~~~~~~~[m[K
In file included from [01m[K/home/fourdds/ros2_ws/src/boids/src/options.hpp:4[m[K,
                 from [01m[K/home/fourdds/ros2_ws/src/boids/src/uav_node.hpp:18[m[K,
                 from [01m[K/home/fourdds/ros2_ws/src/boids/src/uav_node.cpp:1[m[K:
[01m[K/home/fourdds/ros2_ws/src/boids/src/yaml.hpp:257:11:[m[K [01;31m[Kerror: [m[Kredefinition of ‘[01m[Kclass Yaml::Iterator[m[K’
  257 |     class [01;31m[KIterator[m[K
      |           [01;31m[K^~~~~~~~[m[K
In file included from [01m[K/home/fourdds/ros2_ws/install/parameters/include/parameters/Parameters.hpp:3[m[K,
                 from [01m[K/home/fourdds/ros2_ws/install/obstacle_avoidance/include/obstacle_avoidance/ObstacleAvoidance.hpp:3[m[K,
                 from [01m[K/home/fourdds/ros2_ws/src/boids/src/uav_node.hpp:15[m[K,
                 from [01m[K/home/fourdds/ros2_ws/src/boids/src/uav_node.cpp:1[m[K:
[01m[K/home/fourdds/ros2_ws/install/parameters/include/parameters/yaml.hpp:257:11:[m[K [01;36m[Knote: [m[Kprevious definition of ‘[01m[Kclass Yaml::Iterator[m[K’
  257 |     class [01;36m[KIterator[m[K
      |           [01;36m[K^~~~~~~~[m[K
In file included from [01m[K/home/fourdds/ros2_ws/src/boids/src/options.hpp:4[m[K,
                 from [01m[K/home/fourdds/ros2_ws/src/boids/src/uav_node.hpp:18[m[K,
                 from [01m[K/home/fourdds/ros2_ws/src/boids/src/uav_node.cpp:1[m[K:
[01m[K/home/fourdds/ros2_ws/src/boids/src/yaml.hpp:338:11:[m[K [01;31m[Kerror: [m[Kredefinition of ‘[01m[Kclass Yaml::ConstIterator[m[K’
  338 |     class [01;31m[KConstIterator[m[K
      |           [01;31m[K^~~~~~~~~~~~~[m[K
In file included from [01m[K/home/fourdds/ros2_ws/install/parameters/include/parameters/Parameters.hpp:3[m[K,
                 from [01m[K/home/fourdds/ros2_ws/install/obstacle_avoidance/include/obstacle_avoidance/ObstacleAvoidance.hpp:3[m[K,
                 from [01m[K/home/fourdds/ros2_ws/src/boids/src/uav_node.hpp:15[m[K,
                 from [01m[K/home/fourdds/ros2_ws/src/boids/src/uav_node.cpp:1[m[K:
[01m[K/home/fourdds/ros2_ws/install/parameters/include/parameters/yaml.hpp:338:11:[m[K [01;36m[Knote: [m[Kprevious definition of ‘[01m[Kclass Yaml::ConstIterator[m[K’
  338 |     class [01;36m[KConstIterator[m[K
      |           [01;36m[K^~~~~~~~~~~~~[m[K
In file included from [01m[K/home/fourdds/ros2_ws/src/boids/src/options.hpp:4[m[K,
                 from [01m[K/home/fourdds/ros2_ws/src/boids/src/uav_node.hpp:18[m[K,
                 from [01m[K/home/fourdds/ros2_ws/src/boids/src/uav_node.cpp:1[m[K:
[01m[K/home/fourdds/ros2_ws/src/boids/src/yaml.hpp:419:11:[m[K [01;31m[Kerror: [m[Kredefinition of ‘[01m[Kclass Yaml::Node[m[K’
  419 |     class [01;31m[KNode[m[K
      |           [01;31m[K^~~~[m[K
In file included from [01m[K/home/fourdds/ros2_ws/install/parameters/include/parameters/Parameters.hpp:3[m[K,
                 from [01m[K/home/fourdds/ros2_ws/install/obstacle_avoidance/include/obstacle_avoidance/ObstacleAvoidance.hpp:3[m[K,
                 from [01m[K/home/fourdds/ros2_ws/src/boids/src/uav_node.hpp:15[m[K,
                 from [01m[K/home/fourdds/ros2_ws/src/boids/src/uav_node.cpp:1[m[K:
[01m[K/home/fourdds/ros2_ws/install/parameters/include/parameters/yaml.hpp:419:11:[m[K [01;36m[Knote: [m[Kprevious definition of ‘[01m[Kclass Yaml::Node[m[K’
  419 |     class [01;36m[KNode[m[K
      |           [01;36m[K^~~~[m[K
In file included from [01m[K/home/fourdds/ros2_ws/src/boids/src/options.hpp:4[m[K,
                 from [01m[K/home/fourdds/ros2_ws/src/boids/src/uav_node.hpp:18[m[K,
                 from [01m[K/home/fourdds/ros2_ws/src/boids/src/uav_node.cpp:1[m[K:
[01m[K/home/fourdds/ros2_ws/src/boids/src/yaml.hpp:613:12:[m[K [01;31m[Kerror: [m[Kredefinition of ‘[01m[Kstruct Yaml::SerializeConfig[m[K’
  613 |     struct [01;31m[KSerializeConfig[m[K
      |            [01;31m[K^~~~~~~~~~~~~~~[m[K
In file included from [01m[K/home/fourdds/ros2_ws/install/parameters/include/parameters/Parameters.hpp:3[m[K,
                 from [01m[K/home/fourdds/ros2_ws/install/obstacle_avoidance/include/obstacle_avoidance/ObstacleAvoidance.hpp:3[m[K,
                 from [01m[K/home/fourdds/ros2_ws/src/boids/src/uav_node.hpp:15[m[K,
                 from [01m[K/home/fourdds/ros2_ws/src/boids/src/uav_node.cpp:1[m[K:
[01m[K/home/fourdds/ros2_ws/install/parameters/include/parameters/yaml.hpp:613:12:[m[K [01;36m[Knote: [m[Kprevious definition of ‘[01m[Kstruct Yaml::SerializeConfig[m[K’
  613 |     struct [01;36m[KSerializeConfig[m[K
      |            [01;36m[K^~~~~~~~~~~~~~~[m[K
In file included from [01m[K/home/fourdds/ros2_ws/src/boids/src/options.hpp:4[m[K,
                 from [01m[K/home/fourdds/ros2_ws/src/boids/src/uav_node.hpp:18[m[K,
                 from [01m[K/home/fourdds/ros2_ws/src/boids/src/uav_node.cpp:1[m[K:
[01m[K/home/fourdds/ros2_ws/src/boids/src/yaml.hpp:652:10:[m[K [01;31m[Kerror: [m[Kdefault argument given for parameter 3 of ‘[01m[Kvoid Yaml::Serialize(const Yaml::Node&, const char*, const Yaml::SerializeConfig&)[m[K’
  652 |     void [01;31m[KSerialize[m[K(const Node & root, const char * filename, const SerializeConfig & config = {2, 64, false, false});
      |          [01;31m[K^~~~~~~~~[m[K
In file included from [01m[K/home/fourdds/ros2_ws/install/parameters/include/parameters/Parameters.hpp:3[m[K,
                 from [01m[K/home/fourdds/ros2_ws/install/obstacle_avoidance/include/obstacle_avoidance/ObstacleAvoidance.hpp:3[m[K,
                 from [01m[K/home/fourdds/ros2_ws/src/boids/src/uav_node.hpp:15[m[K,
                 from [01m[K/home/fourdds/ros2_ws/src/boids/src/uav_node.cpp:1[m[K:
[01m[K/home/fourdds/ros2_ws/install/parameters/include/parameters/yaml.hpp:652:10:[m[K [01;36m[Knote: [m[Kprevious specification in ‘[01m[Kvoid Yaml::Serialize(const Yaml::Node&, const char*, const Yaml::SerializeConfig&)[m[K’ here
  652 |     void [01;36m[KSerialize[m[K(const Node & root, const char * filename, const SerializeConfig & config = {2, 64, false, false});
      |          [01;36m[K^~~~~~~~~[m[K
In file included from [01m[K/home/fourdds/ros2_ws/src/boids/src/options.hpp:4[m[K,
                 from [01m[K/home/fourdds/ros2_ws/src/boids/src/uav_node.hpp:18[m[K,
                 from [01m[K/home/fourdds/ros2_ws/src/boids/src/uav_node.cpp:1[m[K:
[01m[K/home/fourdds/ros2_ws/src/boids/src/yaml.hpp:653:10:[m[K [01;31m[Kerror: [m[Kdefault argument given for parameter 3 of ‘[01m[Kvoid Yaml::Serialize(const Yaml::Node&, std::iostream&, const Yaml::SerializeConfig&)[m[K’
  653 |     void [01;31m[KSerialize[m[K(const Node & root, std::iostream & stream, const SerializeConfig & config = {2, 64, false, false});
      |          [01;31m[K^~~~~~~~~[m[K
In file included from [01m[K/home/fourdds/ros2_ws/install/parameters/include/parameters/Parameters.hpp:3[m[K,
                 from [01m[K/home/fourdds/ros2_ws/install/obstacle_avoidance/include/obstacle_avoidance/ObstacleAvoidance.hpp:3[m[K,
                 from [01m[K/home/fourdds/ros2_ws/src/boids/src/uav_node.hpp:15[m[K,
                 from [01m[K/home/fourdds/ros2_ws/src/boids/src/uav_node.cpp:1[m[K:
[01m[K/home/fourdds/ros2_ws/install/parameters/include/parameters/yaml.hpp:653:10:[m[K [01;36m[Knote: [m[Kprevious specification in ‘[01m[Kvoid Yaml::Serialize(const Yaml::Node&, std::iostream&, const Yaml::SerializeConfig&)[m[K’ here
  653 |     void [01;36m[KSerialize[m[K(const Node & root, std::iostream & stream, const SerializeConfig & config = {2, 64, false, false});
      |          [01;36m[K^~~~~~~~~[m[K
In file included from [01m[K/home/fourdds/ros2_ws/src/boids/src/options.hpp:4[m[K,
                 from [01m[K/home/fourdds/ros2_ws/src/boids/src/uav_node.hpp:18[m[K,
                 from [01m[K/home/fourdds/ros2_ws/src/boids/src/uav_node.cpp:1[m[K:
[01m[K/home/fourdds/ros2_ws/src/boids/src/yaml.hpp:654:10:[m[K [01;31m[Kerror: [m[Kdefault argument given for parameter 3 of ‘[01m[Kvoid Yaml::Serialize(const Yaml::Node&, std::string&, const Yaml::SerializeConfig&)[m[K’
  654 |     void [01;31m[KSerialize[m[K(const Node & root, std::string & string, const SerializeConfig & config = {2, 64, false, false});
      |          [01;31m[K^~~~~~~~~[m[K
In file included from [01m[K/home/fourdds/ros2_ws/install/parameters/include/parameters/Parameters.hpp:3[m[K,
                 from [01m[K/home/fourdds/ros2_ws/install/obstacle_avoidance/include/obstacle_avoidance/ObstacleAvoidance.hpp:3[m[K,
                 from [01m[K/home/fourdds/ros2_ws/src/boids/src/uav_node.hpp:15[m[K,
                 from [01m[K/home/fourdds/ros2_ws/src/boids/src/uav_node.cpp:1[m[K:
[01m[K/home/fourdds/ros2_ws/install/parameters/include/parameters/yaml.hpp:654:10:[m[K [01;36m[Knote: [m[Kprevious specification in ‘[01m[Kvoid Yaml::Serialize(const Yaml::Node&, std::string&, const Yaml::SerializeConfig&)[m[K’ here
  654 |     void [01;36m[KSerialize[m[K(const Node & root, std::string & string, const SerializeConfig & config = {2, 64, false, false});
      |          [01;36m[K^~~~~~~~~[m[K
In file included from [01m[K/home/fourdds/ros2_ws/src/boids/src/options.hpp:4[m[K,
                 from [01m[K/home/fourdds/ros2_ws/src/boids/src/uav_node.hpp:18[m[K,
                 from [01m[K/home/fourdds/ros2_ws/src/boids/src/main.cpp:1[m[K:
[01m[K/home/fourdds/ros2_ws/src/boids/src/yaml.hpp:68:16:[m[K [01;31m[Kerror: [m[Kredefinition of ‘[01m[Kstruct Yaml::impl::StringConverter<T>[m[K’
   68 |         struct [01;31m[KStringConverter[m[K
      |                [01;31m[K^~~~~~~~~~~~~~~[m[K
In file included from [01m[K/home/fourdds/ros2_ws/install/parameters/include/parameters/Parameters.hpp:3[m[K,
                 from [01m[K/home/fourdds/ros2_ws/install/obstacle_avoidance/include/obstacle_avoidance/ObstacleAvoidance.hpp:3[m[K,
                 from [01m[K/home/fourdds/ros2_ws/src/boids/src/uav_node.hpp:15[m[K,
                 from [01m[K/home/fourdds/ros2_ws/src/boids/src/main.cpp:1[m[K:
[01m[K/home/fourdds/ros2_ws/install/parameters/include/parameters/yaml.hpp:68:16:[m[K [01;36m[Knote: [m[Kprevious definition of ‘[01m[Kstruct Yaml::impl::StringConverter<T>[m[K’
   68 |         struct [01;36m[KStringConverter[m[K
      |                [01;36m[K^~~~~~~~~~~~~~~[m[K
In file included from [01m[K/home/fourdds/ros2_ws/src/boids/src/options.hpp:4[m[K,
                 from [01m[K/home/fourdds/ros2_ws/src/boids/src/uav_node.hpp:18[m[K,
                 from [01m[K/home/fourdds/ros2_ws/src/boids/src/main.cpp:1[m[K:
[01m[K/home/fourdds/ros2_ws/src/boids/src/yaml.hpp:93:16:[m[K [01;31m[Kerror: [m[Kredefinition of ‘[01m[Kstruct Yaml::impl::StringConverter<std::__cxx11::basic_string<char> >[m[K’
   93 |         struct [01;31m[KStringConverter<std::string>[m[K
      |                [01;31m[K^~~~~~~~~~~~~~~~~~~~~~~~~~~~[m[K
In file included from [01m[K/home/fourdds/ros2_ws/install/parameters/include/parameters/Parameters.hpp:3[m[K,
                 from [01m[K/home/fourdds/ros2_ws/install/obstacle_avoidance/include/obstacle_avoidance/ObstacleAvoidance.hpp:3[m[K,
                 from [01m[K/home/fourdds/ros2_ws/src/boids/src/uav_node.hpp:15[m[K,
                 from [01m[K/home/fourdds/ros2_ws/src/boids/src/main.cpp:1[m[K:
[01m[K/home/fourdds/ros2_ws/install/parameters/include/parameters/yaml.hpp:93:16:[m[K [01;36m[Knote: [m[Kprevious definition of ‘[01m[Kstruct Yaml::impl::StringConverter<std::__cxx11::basic_string<char> >[m[K’
   93 |         struct [01;36m[KStringConverter<std::string>[m[K
      |                [01;36m[K^~~~~~~~~~~~~~~~~~~~~~~~~~~~[m[K
In file included from [01m[K/home/fourdds/ros2_ws/src/boids/src/options.hpp:4[m[K,
                 from [01m[K/home/fourdds/ros2_ws/src/boids/src/uav_node.hpp:18[m[K,
                 from [01m[K/home/fourdds/ros2_ws/src/boids/src/main.cpp:1[m[K:
[01m[K/home/fourdds/ros2_ws/src/boids/src/yaml.hpp:111:16:[m[K [01;31m[Kerror: [m[Kredefinition of ‘[01m[Kstruct Yaml::impl::StringConverter<bool>[m[K’
  111 |         struct [01;31m[KStringConverter<bool>[m[K
      |                [01;31m[K^~~~~~~~~~~~~~~~~~~~~[m[K
In file included from [01m[K/home/fourdds/ros2_ws/install/parameters/include/parameters/Parameters.hpp:3[m[K,
                 from [01m[K/home/fourdds/ros2_ws/install/obstacle_avoidance/include/obstacle_avoidance/ObstacleAvoidance.hpp:3[m[K,
                 from [01m[K/home/fourdds/ros2_ws/src/boids/src/uav_node.hpp:15[m[K,
                 from [01m[K/home/fourdds/ros2_ws/src/boids/src/main.cpp:1[m[K:
[01m[K/home/fourdds/ros2_ws/install/parameters/include/parameters/yaml.hpp:111:16:[m[K [01;36m[Knote: [m[Kprevious definition of ‘[01m[Kstruct Yaml::impl::StringConverter<bool>[m[K’
  111 |         struct [01;36m[KStringConverter<bool>[m[K
      |                [01;36m[K^~~~~~~~~~~~~~~~~~~~~[m[K
In file included from [01m[K/home/fourdds/ros2_ws/src/boids/src/options.hpp:4[m[K,
                 from [01m[K/home/fourdds/ros2_ws/src/boids/src/uav_node.hpp:18[m[K,
                 from [01m[K/home/fourdds/ros2_ws/src/boids/src/main.cpp:1[m[K:
[01m[K/home/fourdds/ros2_ws/src/boids/src/yaml.hpp:143:11:[m[K [01;31m[Kerror: [m[Kredefinition of ‘[01m[Kclass Yaml::Exception[m[K’
  143 |     class [01;31m[KException[m[K : public std::runtime_error
      |           [01;31m[K^~~~~~~~~[m[K
In file included from [01m[K/home/fourdds/ros2_ws/install/parameters/include/parameters/Parameters.hpp:3[m[K,
                 from [01m[K/home/fourdds/ros2_ws/install/obstacle_avoidance/include/obstacle_avoidance/ObstacleAvoidance.hpp:3[m[K,
                 from [01m[K/home/fourdds/ros2_ws/src/boids/src/uav_node.hpp:15[m[K,
                 from [01m[K/home/fourdds/ros2_ws/src/boids/src/main.cpp:1[m[K:
[01m[K/home/fourdds/ros2_ws/install/parameters/include/parameters/yaml.hpp:143:11:[m[K [01;36m[Knote: [m[Kprevious definition of ‘[01m[Kclass Yaml::Exception[m[K’
  143 |     class [01;36m[KException[m[K : public std::runtime_error
      |           [01;36m[K^~~~~~~~~[m[K
In file included from [01m[K/home/fourdds/ros2_ws/src/boids/src/options.hpp:4[m[K,
                 from [01m[K/home/fourdds/ros2_ws/src/boids/src/uav_node.hpp:18[m[K,
                 from [01m[K/home/fourdds/ros2_ws/src/boids/src/main.cpp:1[m[K:
[01m[K/home/fourdds/ros2_ws/src/boids/src/yaml.hpp:193:11:[m[K [01;31m[Kerror: [m[Kredefinition of ‘[01m[Kclass Yaml::InternalException[m[K’
  193 |     class [01;31m[KInternalException[m[K : public Exception
      |           [01;31m[K^~~~~~~~~~~~~~~~~[m[K
In file included from [01m[K/home/fourdds/ros2_ws/install/parameters/include/parameters/Parameters.hpp:3[m[K,
                 from [01m[K/home/fourdds/ros2_ws/install/obstacle_avoidance/include/obstacle_avoidance/ObstacleAvoidance.hpp:3[m[K,
                 from [01m[K/home/fourdds/ros2_ws/src/boids/src/uav_node.hpp:15[m[K,
                 from [01m[K/home/fourdds/ros2_ws/src/boids/src/main.cpp:1[m[K:
[01m[K/home/fourdds/ros2_ws/install/parameters/include/parameters/yaml.hpp:193:11:[m[K [01;36m[Knote: [m[Kprevious definition of ‘[01m[Kclass Yaml::InternalException[m[K’
  193 |     class [01;36m[KInternalException[m[K : public Exception
      |           [01;36m[K^~~~~~~~~~~~~~~~~[m[K
In file included from [01m[K/home/fourdds/ros2_ws/src/boids/src/options.hpp:4[m[K,
                 from [01m[K/home/fourdds/ros2_ws/src/boids/src/uav_node.hpp:18[m[K,
                 from [01m[K/home/fourdds/ros2_ws/src/boids/src/main.cpp:1[m[K:
[01m[K/home/fourdds/ros2_ws/src/boids/src/yaml.hpp:215:11:[m[K [01;31m[Kerror: [m[Kredefinition of ‘[01m[Kclass Yaml::ParsingException[m[K’
  215 |     class [01;31m[KParsingException[m[K : public Exception
      |           [01;31m[K^~~~~~~~~~~~~~~~[m[K
In file included from [01m[K/home/fourdds/ros2_ws/install/parameters/include/parameters/Parameters.hpp:3[m[K,
                 from [01m[K/home/fourdds/ros2_ws/install/obstacle_avoidance/include/obstacle_avoidance/ObstacleAvoidance.hpp:3[m[K,
                 from [01m[K/home/fourdds/ros2_ws/src/boids/src/uav_node.hpp:15[m[K,
                 from [01m[K/home/fourdds/ros2_ws/src/boids/src/main.cpp:1[m[K:
[01m[K/home/fourdds/ros2_ws/install/parameters/include/parameters/yaml.hpp:215:11:[m[K [01;36m[Knote: [m[Kprevious definition of ‘[01m[Kclass Yaml::ParsingException[m[K’
  215 |     class [01;36m[KParsingException[m[K : public Exception
      |           [01;36m[K^~~~~~~~~~~~~~~~[m[K
In file included from [01m[K/home/fourdds/ros2_ws/src/boids/src/options.hpp:4[m[K,
                 from [01m[K/home/fourdds/ros2_ws/src/boids/src/uav_node.hpp:18[m[K,
                 from [01m[K/home/fourdds/ros2_ws/src/boids/src/main.cpp:1[m[K:
[01m[K/home/fourdds/ros2_ws/src/boids/src/yaml.hpp:237:11:[m[K [01;31m[Kerror: [m[Kredefinition of ‘[01m[Kclass Yaml::OperationException[m[K’
  237 |     class [01;31m[KOperationException[m[K : public Exception
      |           [01;31m[K^~~~~~~~~~~~~~~~~~[m[K
In file included from [01m[K/home/fourdds/ros2_ws/install/parameters/include/parameters/Parameters.hpp:3[m[K,
                 from [01m[K/home/fourdds/ros2_ws/install/obstacle_avoidance/include/obstacle_avoidance/ObstacleAvoidance.hpp:3[m[K,
                 from [01m[K/home/fourdds/ros2_ws/src/boids/src/uav_node.hpp:15[m[K,
                 from [01m[K/home/fourdds/ros2_ws/src/boids/src/main.cpp:1[m[K:
[01m[K/home/fourdds/ros2_ws/install/parameters/include/parameters/yaml.hpp:237:11:[m[K [01;36m[Knote: [m[Kprevious definition of ‘[01m[Kclass Yaml::OperationException[m[K’
  237 |     class [01;36m[KOperationException[m[K : public Exception
      |           [01;36m[K^~~~~~~~~~~~~~~~~~[m[K
In file included from [01m[K/home/fourdds/ros2_ws/src/boids/src/options.hpp:4[m[K,
                 from [01m[K/home/fourdds/ros2_ws/src/boids/src/uav_node.hpp:18[m[K,
                 from [01m[K/home/fourdds/ros2_ws/src/boids/src/main.cpp:1[m[K:
[01m[K/home/fourdds/ros2_ws/src/boids/src/yaml.hpp:257:11:[m[K [01;31m[Kerror: [m[Kredefinition of ‘[01m[Kclass Yaml::Iterator[m[K’
  257 |     class [01;31m[KIterator[m[K
      |           [01;31m[K^~~~~~~~[m[K
In file included from [01m[K/home/fourdds/ros2_ws/install/parameters/include/parameters/Parameters.hpp:3[m[K,
                 from [01m[K/home/fourdds/ros2_ws/install/obstacle_avoidance/include/obstacle_avoidance/ObstacleAvoidance.hpp:3[m[K,
                 from [01m[K/home/fourdds/ros2_ws/src/boids/src/uav_node.hpp:15[m[K,
                 from [01m[K/home/fourdds/ros2_ws/src/boids/src/main.cpp:1[m[K:
[01m[K/home/fourdds/ros2_ws/install/parameters/include/parameters/yaml.hpp:257:11:[m[K [01;36m[Knote: [m[Kprevious definition of ‘[01m[Kclass Yaml::Iterator[m[K’
  257 |     class [01;36m[KIterator[m[K
      |           [01;36m[K^~~~~~~~[m[K
In file included from [01m[K/home/fourdds/ros2_ws/src/boids/src/options.hpp:4[m[K,
                 from [01m[K/home/fourdds/ros2_ws/src/boids/src/uav_node.hpp:18[m[K,
                 from [01m[K/home/fourdds/ros2_ws/src/boids/src/main.cpp:1[m[K:
[01m[K/home/fourdds/ros2_ws/src/boids/src/yaml.hpp:338:11:[m[K [01;31m[Kerror: [m[Kredefinition of ‘[01m[Kclass Yaml::ConstIterator[m[K’
  338 |     class [01;31m[KConstIterator[m[K
      |           [01;31m[K^~~~~~~~~~~~~[m[K
In file included from [01m[K/home/fourdds/ros2_ws/install/parameters/include/parameters/Parameters.hpp:3[m[K,
                 from [01m[K/home/fourdds/ros2_ws/install/obstacle_avoidance/include/obstacle_avoidance/ObstacleAvoidance.hpp:3[m[K,
                 from [01m[K/home/fourdds/ros2_ws/src/boids/src/uav_node.hpp:15[m[K,
                 from [01m[K/home/fourdds/ros2_ws/src/boids/src/main.cpp:1[m[K:
[01m[K/home/fourdds/ros2_ws/install/parameters/include/parameters/yaml.hpp:338:11:[m[K [01;36m[Knote: [m[Kprevious definition of ‘[01m[Kclass Yaml::ConstIterator[m[K’
  338 |     class [01;36m[KConstIterator[m[K
      |           [01;36m[K^~~~~~~~~~~~~[m[K
In file included from [01m[K/home/fourdds/ros2_ws/src/boids/src/options.hpp:4[m[K,
                 from [01m[K/home/fourdds/ros2_ws/src/boids/src/uav_node.hpp:18[m[K,
                 from [01m[K/home/fourdds/ros2_ws/src/boids/src/main.cpp:1[m[K:
[01m[K/home/fourdds/ros2_ws/src/boids/src/yaml.hpp:419:11:[m[K [01;31m[Kerror: [m[Kredefinition of ‘[01m[Kclass Yaml::Node[m[K’
  419 |     class [01;31m[KNode[m[K
      |           [01;31m[K^~~~[m[K
In file included from [01m[K/home/fourdds/ros2_ws/install/parameters/include/parameters/Parameters.hpp:3[m[K,
                 from [01m[K/home/fourdds/ros2_ws/install/obstacle_avoidance/include/obstacle_avoidance/ObstacleAvoidance.hpp:3[m[K,
                 from [01m[K/home/fourdds/ros2_ws/src/boids/src/uav_node.hpp:15[m[K,
                 from [01m[K/home/fourdds/ros2_ws/src/boids/src/main.cpp:1[m[K:
[01m[K/home/fourdds/ros2_ws/install/parameters/include/parameters/yaml.hpp:419:11:[m[K [01;36m[Knote: [m[Kprevious definition of ‘[01m[Kclass Yaml::Node[m[K’
  419 |     class [01;36m[KNode[m[K
      |           [01;36m[K^~~~[m[K
In file included from [01m[K/home/fourdds/ros2_ws/src/boids/src/options.hpp:4[m[K,
                 from [01m[K/home/fourdds/ros2_ws/src/boids/src/uav_node.hpp:18[m[K,
                 from [01m[K/home/fourdds/ros2_ws/src/boids/src/main.cpp:1[m[K:
[01m[K/home/fourdds/ros2_ws/src/boids/src/yaml.hpp:613:12:[m[K [01;31m[Kerror: [m[Kredefinition of ‘[01m[Kstruct Yaml::SerializeConfig[m[K’
  613 |     struct [01;31m[KSerializeConfig[m[K
      |            [01;31m[K^~~~~~~~~~~~~~~[m[K
In file included from [01m[K/home/fourdds/ros2_ws/install/parameters/include/parameters/Parameters.hpp:3[m[K,
                 from [01m[K/home/fourdds/ros2_ws/install/obstacle_avoidance/include/obstacle_avoidance/ObstacleAvoidance.hpp:3[m[K,
                 from [01m[K/home/fourdds/ros2_ws/src/boids/src/uav_node.hpp:15[m[K,
                 from [01m[K/home/fourdds/ros2_ws/src/boids/src/main.cpp:1[m[K:
[01m[K/home/fourdds/ros2_ws/install/parameters/include/parameters/yaml.hpp:613:12:[m[K [01;36m[Knote: [m[Kprevious definition of ‘[01m[Kstruct Yaml::SerializeConfig[m[K’
  613 |     struct [01;36m[KSerializeConfig[m[K
      |            [01;36m[K^~~~~~~~~~~~~~~[m[K
In file included from [01m[K/home/fourdds/ros2_ws/src/boids/src/options.hpp:4[m[K,
                 from [01m[K/home/fourdds/ros2_ws/src/boids/src/uav_node.hpp:18[m[K,
                 from [01m[K/home/fourdds/ros2_ws/src/boids/src/main.cpp:1[m[K:
[01m[K/home/fourdds/ros2_ws/src/boids/src/yaml.hpp:652:10:[m[K [01;31m[Kerror: [m[Kdefault argument given for parameter 3 of ‘[01m[Kvoid Yaml::Serialize(const Yaml::Node&, const char*, const Yaml::SerializeConfig&)[m[K’
  652 |     void [01;31m[KSerialize[m[K(const Node & root, const char * filename, const SerializeConfig & config = {2, 64, false, false});
      |          [01;31m[K^~~~~~~~~[m[K
In file included from [01m[K/home/fourdds/ros2_ws/install/parameters/include/parameters/Parameters.hpp:3[m[K,
                 from [01m[K/home/fourdds/ros2_ws/install/obstacle_avoidance/include/obstacle_avoidance/ObstacleAvoidance.hpp:3[m[K,
                 from [01m[K/home/fourdds/ros2_ws/src/boids/src/uav_node.hpp:15[m[K,
                 from [01m[K/home/fourdds/ros2_ws/src/boids/src/main.cpp:1[m[K:
[01m[K/home/fourdds/ros2_ws/install/parameters/include/parameters/yaml.hpp:652:10:[m[K [01;36m[Knote: [m[Kprevious specification in ‘[01m[Kvoid Yaml::Serialize(const Yaml::Node&, const char*, const Yaml::SerializeConfig&)[m[K’ here
  652 |     void [01;36m[KSerialize[m[K(const Node & root, const char * filename, const SerializeConfig & config = {2, 64, false, false});
      |          [01;36m[K^~~~~~~~~[m[K
In file included from [01m[K/home/fourdds/ros2_ws/src/boids/src/options.hpp:4[m[K,
                 from [01m[K/home/fourdds/ros2_ws/src/boids/src/uav_node.hpp:18[m[K,
                 from [01m[K/home/fourdds/ros2_ws/src/boids/src/main.cpp:1[m[K:
[01m[K/home/fourdds/ros2_ws/src/boids/src/yaml.hpp:653:10:[m[K [01;31m[Kerror: [m[Kdefault argument given for parameter 3 of ‘[01m[Kvoid Yaml::Serialize(const Yaml::Node&, std::iostream&, const Yaml::SerializeConfig&)[m[K’
  653 |     void [01;31m[KSerialize[m[K(const Node & root, std::iostream & stream, const SerializeConfig & config = {2, 64, false, false});
      |          [01;31m[K^~~~~~~~~[m[K
In file included from [01m[K/home/fourdds/ros2_ws/install/parameters/include/parameters/Parameters.hpp:3[m[K,
                 from [01m[K/home/fourdds/ros2_ws/install/obstacle_avoidance/include/obstacle_avoidance/ObstacleAvoidance.hpp:3[m[K,
                 from [01m[K/home/fourdds/ros2_ws/src/boids/src/uav_node.hpp:15[m[K,
                 from [01m[K/home/fourdds/ros2_ws/src/boids/src/main.cpp:1[m[K:
[01m[K/home/fourdds/ros2_ws/install/parameters/include/parameters/yaml.hpp:653:10:[m[K [01;36m[Knote: [m[Kprevious specification in ‘[01m[Kvoid Yaml::Serialize(const Yaml::Node&, std::iostream&, const Yaml::SerializeConfig&)[m[K’ here
  653 |     void [01;36m[KSerialize[m[K(const Node & root, std::iostream & stream, const SerializeConfig & config = {2, 64, false, false});
      |          [01;36m[K^~~~~~~~~[m[K
In file included from [01m[K/home/fourdds/ros2_ws/src/boids/src/options.hpp:4[m[K,
                 from [01m[K/home/fourdds/ros2_ws/src/boids/src/uav_node.hpp:18[m[K,
                 from [01m[K/home/fourdds/ros2_ws/src/boids/src/main.cpp:1[m[K:
[01m[K/home/fourdds/ros2_ws/src/boids/src/yaml.hpp:654:10:[m[K [01;31m[Kerror: [m[Kdefault argument given for parameter 3 of ‘[01m[Kvoid Yaml::Serialize(const Yaml::Node&, std::string&, const Yaml::SerializeConfig&)[m[K’
  654 |     void [01;31m[KSerialize[m[K(const Node & root, std::string & string, const SerializeConfig & config = {2, 64, false, false});
      |          [01;31m[K^~~~~~~~~[m[K
In file included from [01m[K/home/fourdds/ros2_ws/install/parameters/include/parameters/Parameters.hpp:3[m[K,
                 from [01m[K/home/fourdds/ros2_ws/install/obstacle_avoidance/include/obstacle_avoidance/ObstacleAvoidance.hpp:3[m[K,
                 from [01m[K/home/fourdds/ros2_ws/src/boids/src/uav_node.hpp:15[m[K,
                 from [01m[K/home/fourdds/ros2_ws/src/boids/src/main.cpp:1[m[K:
[01m[K/home/fourdds/ros2_ws/install/parameters/include/parameters/yaml.hpp:654:10:[m[K [01;36m[Knote: [m[Kprevious specification in ‘[01m[Kvoid Yaml::Serialize(const Yaml::Node&, std::string&, const Yaml::SerializeConfig&)[m[K’ here
  654 |     void [01;36m[KSerialize[m[K(const Node & root, std::string & string, const SerializeConfig & config = {2, 64, false, false});
      |          [01;36m[K^~~~~~~~~[m[K
gmake[2]: *** [CMakeFiles/swarm_spawner.dir/build.make:104: CMakeFiles/swarm_spawner.dir/src/main.cpp.o] Error 1
gmake[2]: *** Waiting for unfinished jobs....
gmake[2]: *** [CMakeFiles/swarm_spawner.dir/build.make:76: CMakeFiles/swarm_spawner.dir/src/uav_node.cpp.o] Error 1
gmake[1]: *** [CMakeFiles/Makefile2:620: CMakeFiles/swarm_spawner.dir/all] Error 2
gmake: *** [Makefile:146: all] Error 2
