[  0%] Built target ament_cmake_python_symlink_px4_msgs
[  0%] Built target px4_msgs__cpp
[ 12%] Built target px4_msgs__rosidl_generator_c
[ 24%] Built target px4_msgs__rosidl_typesupport_cpp
[ 47%] Built target px4_msgs__rosidl_typesupport_introspection_cpp
[ 49%] Built target px4_msgs__rosidl_typesupport_fastrtps_cpp
[ 62%] Built target px4_msgs__rosidl_typesupport_c
[ 75%] Built target px4_msgs__rosidl_typesupport_introspection_c
[ 88%] Built target px4_msgs__rosidl_typesupport_fastrtps_c
[ 88%] Built target px4_msgs
running egg_info
writing px4_msgs.egg-info/PKG-INFO
writing dependency_links to px4_msgs.egg-info/dependency_links.txt
writing top-level names to px4_msgs.egg-info/top_level.txt
[ 88%] Built target px4_msgs__py
reading manifest file 'px4_msgs.egg-info/SOURCES.txt'
writing manifest file 'px4_msgs.egg-info/SOURCES.txt'
[ 88%] Built target ament_cmake_python_build_px4_msgs_egg
[100%] Built target px4_msgs__rosidl_generator_py
[100%] Built target px4_msgs__rosidl_typesupport_fastrtps_c__pyext
[100%] Built target px4_msgs__rosidl_typesupport_c__pyext
[100%] Built target px4_msgs__rosidl_typesupport_introspection_c__pyext
