[0.023s] Invoking command in '/home/fourdds/ros2_ws/build/drone': CMAKE_PREFIX_PATH=/opt/ros/humble /usr/bin/cmake --build /home/fourdds/ros2_ws/build/drone -- -j16 -l16
[0.088s] [35m[1mConsolidate compiler generated dependencies of target Drone[0m
[0.136s] [ 33%] [32mBuilding CXX object CMakeFiles/Drone.dir/src/Drone.cpp.o[0m
[29.202s] [ 66%] [32m[1mLinking CXX executable Drone[0m
[29.725s] [100%] Built target Drone
[29.738s] Invoked command in '/home/fourdds/ros2_ws/build/drone' returned '0': CMAKE_PREFIX_PATH=/opt/ros/humble /usr/bin/cmake --build /home/fourdds/ros2_ws/build/drone -- -j16 -l16
[29.782s] Invoking command in '/home/fourdds/ros2_ws/build/drone': CMAKE_PREFIX_PATH=/opt/ros/humble /usr/bin/cmake --install /home/fourdds/ros2_ws/build/drone
[29.787s] -- Install configuration: ""
[29.787s] -- Execute custom install script
[29.788s] -- Up-to-date symlink: /home/fourdds/ros2_ws/install/drone/lib/drone/Drone
[29.788s] -- Up-to-date symlink: /home/fourdds/ros2_ws/install/drone/share/ament_index/resource_index/package_run_dependencies/drone
[29.788s] -- Up-to-date symlink: /home/fourdds/ros2_ws/install/drone/share/ament_index/resource_index/parent_prefix_path/drone
[29.789s] -- Up-to-date symlink: /home/fourdds/ros2_ws/install/drone/share/drone/environment/ament_prefix_path.sh
[29.789s] -- Up-to-date symlink: /home/fourdds/ros2_ws/install/drone/share/drone/environment/ament_prefix_path.dsv
[29.789s] -- Up-to-date symlink: /home/fourdds/ros2_ws/install/drone/share/drone/environment/path.sh
[29.789s] -- Up-to-date symlink: /home/fourdds/ros2_ws/install/drone/share/drone/environment/path.dsv
[29.789s] -- Up-to-date symlink: /home/fourdds/ros2_ws/install/drone/share/drone/local_setup.bash
[29.789s] -- Up-to-date symlink: /home/fourdds/ros2_ws/install/drone/share/drone/local_setup.sh
[29.790s] -- Up-to-date symlink: /home/fourdds/ros2_ws/install/drone/share/drone/local_setup.zsh
[29.790s] -- Up-to-date symlink: /home/fourdds/ros2_ws/install/drone/share/drone/local_setup.dsv
[29.790s] -- Symlinking: /home/fourdds/ros2_ws/install/drone/share/drone/package.dsv
[29.797s] -- Up-to-date symlink: /home/fourdds/ros2_ws/install/drone/share/ament_index/resource_index/packages/drone
[29.798s] -- Up-to-date symlink: /home/fourdds/ros2_ws/install/drone/share/drone/cmake/droneConfig.cmake
[29.798s] -- Up-to-date symlink: /home/fourdds/ros2_ws/install/drone/share/drone/cmake/droneConfig-version.cmake
[29.798s] -- Up-to-date symlink: /home/fourdds/ros2_ws/install/drone/share/drone/package.xml
[29.801s] Invoked command in '/home/fourdds/ros2_ws/build/drone' returned '0': CMAKE_PREFIX_PATH=/opt/ros/humble /usr/bin/cmake --install /home/fourdds/ros2_ws/build/drone
