[0.014s] Invoking command in '/home/fourdds/ws/build/image_geometry': CMAKE_PREFIX_PATH=${CMAKE_PREFIX_PATH}:/home/fourdds/ros2_ws/install/analysis:/opt/ros/humble /usr/bin/cmake --build /home/fourdds/ws/build/image_geometry -- -j24 -l24
[0.059s] [  0%] Built target ament_cmake_python_symlink_image_geometry
[0.065s] [ 22%] Built target gtest_main
[0.066s] [ 44%] Built target gtest
[0.069s] [ 77%] Built target image_geometry
[0.084s] [100%] Built target image_geometry-utest
[0.181s] running egg_info
[0.188s] writing image_geometry.egg-info/PKG-INFO
[0.188s] writing dependency_links to image_geometry.egg-info/dependency_links.txt
[0.188s] writing top-level names to image_geometry.egg-info/top_level.txt
[0.207s] reading manifest file 'image_geometry.egg-info/SOURCES.txt'
[0.208s] writing manifest file 'image_geometry.egg-info/SOURCES.txt'
[0.226s] [100%] Built target ament_cmake_python_build_image_geometry_egg
[0.232s] Invoked command in '/home/fourdds/ws/build/image_geometry' returned '0': CMAKE_PREFIX_PATH=${CMAKE_PREFIX_PATH}:/home/fourdds/ros2_ws/install/analysis:/opt/ros/humble /usr/bin/cmake --build /home/fourdds/ws/build/image_geometry -- -j24 -l24
[0.248s] Invoking command in '/home/fourdds/ws/build/image_geometry': CMAKE_PREFIX_PATH=${CMAKE_PREFIX_PATH}:/home/fourdds/ros2_ws/install/analysis:/opt/ros/humble /usr/bin/cmake --install /home/fourdds/ws/build/image_geometry
[0.251s] -- Install configuration: ""
[0.251s] -- Execute custom install script
[0.252s] -- Up-to-date symlink: /home/fourdds/ws/install/image_geometry/share/image_geometry/environment/pythonpath.sh
[0.253s] -- Up-to-date symlink: /home/fourdds/ws/install/image_geometry/share/image_geometry/environment/pythonpath.dsv
[0.254s] -- Up-to-date symlink: /home/fourdds/ws/install/image_geometry/local/lib/python3.10/dist-packages/image_geometry-3.2.1-py3.10.egg-info/PKG-INFO
[0.254s] -- Up-to-date symlink: /home/fourdds/ws/install/image_geometry/local/lib/python3.10/dist-packages/image_geometry-3.2.1-py3.10.egg-info/SOURCES.txt
[0.254s] -- Up-to-date symlink: /home/fourdds/ws/install/image_geometry/local/lib/python3.10/dist-packages/image_geometry-3.2.1-py3.10.egg-info/dependency_links.txt
[0.254s] -- Up-to-date symlink: /home/fourdds/ws/install/image_geometry/local/lib/python3.10/dist-packages/image_geometry-3.2.1-py3.10.egg-info/top_level.txt
[0.255s] -- Up-to-date symlink: /home/fourdds/ws/install/image_geometry/local/lib/python3.10/dist-packages/image_geometry/__init__.py
[0.256s] -- Up-to-date symlink: /home/fourdds/ws/install/image_geometry/local/lib/python3.10/dist-packages/image_geometry/cameramodels.py
[0.256s] -- Up-to-date symlink: /home/fourdds/ws/install/image_geometry/include/image_geometry/image_geometry/pinhole_camera_model.h
[0.257s] -- Up-to-date symlink: /home/fourdds/ws/install/image_geometry/include/image_geometry/image_geometry/stereo_camera_model.h
[0.257s] -- Up-to-date symlink: /home/fourdds/ws/install/image_geometry/include/image_geometry/image_geometry/visibility_control.hpp
[0.258s] -- Up-to-date symlink: /home/fourdds/ws/install/image_geometry/share/ament_index/resource_index/package_run_dependencies/image_geometry
[0.258s] -- Up-to-date symlink: /home/fourdds/ws/install/image_geometry/share/ament_index/resource_index/parent_prefix_path/image_geometry
[0.258s] -- Up-to-date symlink: /home/fourdds/ws/install/image_geometry/share/image_geometry/environment/ament_prefix_path.sh
[0.258s] -- Up-to-date symlink: /home/fourdds/ws/install/image_geometry/share/image_geometry/environment/ament_prefix_path.dsv
[0.259s] -- Up-to-date symlink: /home/fourdds/ws/install/image_geometry/share/image_geometry/environment/path.sh
[0.259s] -- Up-to-date symlink: /home/fourdds/ws/install/image_geometry/share/image_geometry/environment/path.dsv
[0.259s] -- Up-to-date symlink: /home/fourdds/ws/install/image_geometry/share/image_geometry/local_setup.bash
[0.259s] -- Up-to-date symlink: /home/fourdds/ws/install/image_geometry/share/image_geometry/local_setup.sh
[0.259s] -- Up-to-date symlink: /home/fourdds/ws/install/image_geometry/share/image_geometry/local_setup.zsh
[0.259s] -- Up-to-date symlink: /home/fourdds/ws/install/image_geometry/share/image_geometry/local_setup.dsv
[0.259s] -- Symlinking: /home/fourdds/ws/install/image_geometry/share/image_geometry/package.dsv
[0.264s] -- Up-to-date symlink: /home/fourdds/ws/install/image_geometry/share/ament_index/resource_index/packages/image_geometry
[0.264s] -- Up-to-date symlink: /home/fourdds/ws/install/image_geometry/share/image_geometry/cmake/ament_cmake_export_targets-extras.cmake
[0.264s] -- Up-to-date symlink: /home/fourdds/ws/install/image_geometry/share/image_geometry/cmake/ament_cmake_export_dependencies-extras.cmake
[0.265s] -- Up-to-date symlink: /home/fourdds/ws/install/image_geometry/share/image_geometry/cmake/image_geometryConfig.cmake
[0.265s] -- Up-to-date symlink: /home/fourdds/ws/install/image_geometry/share/image_geometry/cmake/image_geometryConfig-version.cmake
[0.265s] -- Up-to-date symlink: /home/fourdds/ws/install/image_geometry/share/image_geometry/package.xml
[0.283s] Listing '/home/fourdds/ws/install/image_geometry/local/lib/python3.10/dist-packages/image_geometry'...
[0.286s] -- Up-to-date: /home/fourdds/ws/install/image_geometry/lib/libimage_geometry.so
[0.286s] -- Up-to-date: /home/fourdds/ws/install/image_geometry/share/image_geometry/cmake/export_image_geometryExport.cmake
[0.287s] -- Up-to-date: /home/fourdds/ws/install/image_geometry/share/image_geometry/cmake/export_image_geometryExport-noconfig.cmake
[0.293s] Invoked command in '/home/fourdds/ws/build/image_geometry' returned '0': CMAKE_PREFIX_PATH=${CMAKE_PREFIX_PATH}:/home/fourdds/ros2_ws/install/analysis:/opt/ros/humble /usr/bin/cmake --install /home/fourdds/ws/build/image_geometry
