[0.348s] Invoking command in '/home/fourdds/ros2_ws/analysis': PYTHONPATH=/home/fourdds/ros2_ws/build/analysis/prefix_override:/home/fourdds/ros2_ws/install/analysis/lib/python3.10/site-packages:${PYTHONPATH} /usr/bin/python3 -W ignore:setup.py install is deprecated setup.py egg_info --egg-base ../build/analysis build --build-base /home/fourdds/ros2_ws/build/analysis/build install --record /home/fourdds/ros2_ws/build/analysis/install.log --single-version-externally-managed install_data
[0.453s] running egg_info
[0.459s] writing ../build/analysis/analysis.egg-info/PKG-INFO
[0.466s] writing dependency_links to ../build/analysis/analysis.egg-info/dependency_links.txt
[0.466s] writing entry points to ../build/analysis/analysis.egg-info/entry_points.txt
[0.466s] writing requirements to ../build/analysis/analysis.egg-info/requires.txt
[0.466s] writing top-level names to ../build/analysis/analysis.egg-info/top_level.txt
[0.473s] reading manifest file '../build/analysis/analysis.egg-info/SOURCES.txt'
[0.473s] adding license file 'LICENSE'
[0.473s] writing manifest file '../build/analysis/analysis.egg-info/SOURCES.txt'
[0.473s] running build
[0.473s] running build_py
[0.473s] copying analysis/PathView.py -> /home/fourdds/ros2_ws/build/analysis/build/lib/analysis
[0.473s] copying analysis/__init__.py -> /home/fourdds/ros2_ws/build/analysis/build/lib/analysis
[0.474s] running install
[0.478s] running install_lib
[0.485s] copying /home/fourdds/ros2_ws/build/analysis/build/lib/analysis/PathView.py -> /home/fourdds/ros2_ws/install/analysis/lib/python3.10/site-packages/analysis
[0.485s] byte-compiling /home/fourdds/ros2_ws/install/analysis/lib/python3.10/site-packages/analysis/PathView.py to PathView.cpython-310.pyc
[0.486s] running install_data
[0.486s] copying resource/analysis -> /home/fourdds/ros2_ws/install/analysis/share/ament_index/resource_index/packages
[0.486s] copying package.xml -> /home/fourdds/ros2_ws/install/analysis/share/analysis
[0.486s] running install_egg_info
[0.492s] removing '/home/fourdds/ros2_ws/install/analysis/lib/python3.10/site-packages/analysis-0.0.0-py3.10.egg-info' (and everything under it)
[0.493s] Copying ../build/analysis/analysis.egg-info to /home/fourdds/ros2_ws/install/analysis/lib/python3.10/site-packages/analysis-0.0.0-py3.10.egg-info
[0.493s] running install_scripts
[0.558s] Installing PathView script to /home/fourdds/ros2_ws/install/analysis/lib/analysis
[0.558s] writing list of installed files to '/home/fourdds/ros2_ws/build/analysis/install.log'
[0.574s] Invoked command in '/home/fourdds/ros2_ws/analysis' returned '0': PYTHONPATH=/home/fourdds/ros2_ws/build/analysis/prefix_override:/home/fourdds/ros2_ws/install/analysis/lib/python3.10/site-packages:${PYTHONPATH} /usr/bin/python3 -W ignore:setup.py install is deprecated setup.py egg_info --egg-base ../build/analysis build --build-base /home/fourdds/ros2_ws/build/analysis/build install --record /home/fourdds/ros2_ws/build/analysis/install.log --single-version-externally-managed install_data
